
Reconcile Report: \\Svr\Z\sas\guiones\CAMBIOS SISTEMA CON TARIFARIO\grupos_tarifario.lis

Generated on Tue Jun 21  09:10:00 2011 by Server Generator 6.5.96.5.6


======                                  ========                        ================                          ==============
Object                                  Property                        Repository Value                          Database Value
======                                  ========                        ================                          ==============



------------------------------------------------------------------------------------------------------------------------------------
Object                                  Property                        Repository Value                          Database Value
------                                  --------                        ----------------                          --------------
Table GRUPOS_TARIFARIO                                                                                       * NOT IN DATABASE * ***
                                     Object Type                                                                                
                                Data Persistence                               Permanent                                        
                                         Cluster                                                                                
                                      Index Only                                      No                                        

                                          Cached                                                                                
                            Initial Transactions                                                                                
                                Max Transactions                                                                                
                                    Percent Free                                                                                
                                    Percent Used                                                                                
                                 Initial Extents                                                                                
                                     Next Extent                                                                                
                                     Min Extents                                                                                
                                     Max Extents                                                                                
                                Percent Increase                                                                                
                                       Freelists                                                                                
                                 Freelist Groups                                                                                
                                      Tablespace                                                                                
                                        Parallel                                      No                                        
                                         Comment                                                                                
Column CONVENIO                                                                                              * NOT IN DATABASE * ***
                                        Datatype                                VARCHAR2                                        
                                      Max Length                                      25                                        
                                           Scale                                                                                
                                       Mandatory                                     Yes                                        
                                   Default Value                                                                                
                                          Domain                                                                                
                                         Comment                                                                                
Column TIPO                                                                                                  * NOT IN DATABASE * ***
                                        Datatype                                VARCHAR2                                        
                                      Max Length                                     250                                        
                                           Scale                                                                                
                                       Mandatory                                     Yes                                        
                                   Default Value                                                                                
                                          Domain                          TIPO_TARIFARIO                                        
                                         Comment                                                                                
Column CODIGO                                                                                                * NOT IN DATABASE * ***
                                        Datatype                                VARCHAR2                                        
                                      Max Length                                     255                                        
                                           Scale                                                                                
                                       Mandatory                                     Yes                                        
                                   Default Value                                                                                
                                          Domain                                                                                
                                         Comment                                                                                
Column DESCRIPCION                                                                                           * NOT IN DATABASE * ***
                                        Datatype                                VARCHAR2                                        
                                      Max Length                                     255                                        
                                           Scale                                                                                
                                       Mandatory                                     Yes                                        
                                   Default Value                                                                                
                                          Domain                                                                                
                                         Comment                                                                                

Primary Key GRPTRF_PK                                                                                        * NOT IN DATABASE * ***
                                         Enabled                                     Yes                                        
                                        Deferred                                      No                                        
                                       Immediate                                      No                                        
                                 Exception Table                                                                                
                                      Key Column                                    TIPO                                        
                                      Key Column                                CONVENIO                                        
                                      Key Column                                  CODIGO                                        

Index GRPTRF_PK                                                                                              * NOT IN DATABASE * ***
                                          Unique                                     Yes                                        
                                          Global                                      No                                        
                                       Bitmapped                                      No                                        
                              Compute Statistics                                      No                                        
                                         Reverse                                      No                                        
                                          Nosort                                      No                                        



                            Initial Transactions                                                                                
                                Max Transactions                                                                                
                                    Percent Free                                                                                
                                    Percent Used                                                                                
                                 Initial Extents                                                                                
                                     Next Extent                                                                                
                                     Min Extents                                                                                
                                     Max Extents                                                                                
                                Percent Increase                                                                                
                                       Freelists                                                                                
                                 Freelist Groups                                                                                
                                      Tablespace                                                                                
                                        Parallel                                      No                                        

Foreign Key GRPTRF_CNV_FK                                                                                    * NOT IN DATABASE * ***
                                         Enabled                                     Yes                                        
                                        Deferred                                      No                                        
                                       Immediate                                      No                                        
                                  Cascade Delete                                RESTRICT                                        
                                  Cascade Update                                RESTRICT                                        
                                 Exception Table                                                                                
                                      Join Table                               CONVENIOS                                        
                                      Key Column                                CONVENIO                                        

                               Referenced Column                      CONVENIOS.CONVENIO                                        


                                    Snapshot Log                                      No                                      No



                                               -------------------------------------
                                               Table GRUPOS_TARIFARIO Differences: 1
                                               -------------------------------------


====================================================================================================================================
                                                        Total Differences: 1
====================================================================================================================================
