
Reconcile Report: \\Svr\Z\sas\guiones\CAMBIOS SISTEMA CON TARIFARIO\procedimientos_hospitalarios_tipo_tarifario.lis

Generated on Mon Jun 20  14:22:10 2011 by Server Generator 6.5.96.5.6


======                                  ========                        ================                          ==============
Object                                  Property                        Repository Value                          Database Value
======                                  ========                        ================                          ==============



------------------------------------------------------------------------------------------------------------------------------------
Object                                  Property                        Repository Value                          Database Value
------                                  --------                        ----------------                          --------------
Table CG_REF_CODES                                                                                                              
                                     Object Type                                                                                
                                Data Persistence                               Permanent                               Permanent
                                         Cluster                                                                                
                                      Index Only                                      No                                      No

                                          Cached                                                                        No Cache
                            Initial Transactions                                                                               1
                                Max Transactions                                                                             255
                                    Percent Free                                                                              10
                                    Percent Used                                                                                
                                 Initial Extents                                                                           81920
                                     Next Extent                                                                                
                                     Min Extents                                                                               1
                                     Max Extents                                                                              -1
                                Percent Increase                                                                                
                                       Freelists                                                                                
                                 Freelist Groups                                                                                
                                      Tablespace                                                                        TBDATOSP
                                        Parallel                                      No                                      No
                                         Comment                                                                                
Column RV_DOMAIN                                                                - same -                                - same -
                                        Datatype                                VARCHAR2                                VARCHAR2
                                      Max Length                                     100                                     100
                                           Scale                                                                                
                                       Mandatory                                     Yes                                     Yes
                                   Default Value                                                                                
                                          Domain                                                                                
                                         Comment                                                                                
Column RV_LOW_VALUE                                                             - same -                                - same -
                                        Datatype                                VARCHAR2                                VARCHAR2
                                      Max Length                                     240                                     240
                                           Scale                                                                                
                                       Mandatory                                     Yes                                     Yes
                                   Default Value                                                                                
                                          Domain                                                                                
                                         Comment                                                                                
Column RV_HIGH_VALUE                                                            - same -                                - same -
                                        Datatype                                VARCHAR2                                VARCHAR2
                                      Max Length                                     240                                     240
                                           Scale                                                                                
                                       Mandatory                                      No                                      No
                                   Default Value                                                                                
                                          Domain                                                                                
                                         Comment                                                                                
Column RV_ABBREVIATION                                                          - same -                                - same -
                                        Datatype                                VARCHAR2                                VARCHAR2
                                      Max Length                                     240                                     240
                                           Scale                                                                                
                                       Mandatory                                      No                                      No
                                   Default Value                                                                                
                                          Domain                                                                                
                                         Comment                                                                                
Column RV_MEANING                                                               - same -                                - same -
                                        Datatype                                VARCHAR2                                VARCHAR2
                                      Max Length                                     240                                     240
                                           Scale                                                                                
                                       Mandatory                                      No                                      No
                                   Default Value                                                                                
                                          Domain                                                                                
                                         Comment                                                                                
Column RV_TYPE                                                     * NOT IN REPOSITORY *                                         ***
                                        Datatype                                                                        VARCHAR2
                                      Max Length                                                                              10
                                           Scale                                                                                
                                       Mandatory                                                                              No
                                   Default Value                                                                                
                                          Domain                                                                                
                                         Comment                                                                                

Index X_CG_REF_CODES_1                                                          - same -                                - same -
                                          Unique                                      No                                      No
                                          Global                                      No                                      No
                                       Bitmapped                                      No                                      No
                              Compute Statistics                                      No                    * NOT DETERMINABLE *
                                  Index Reversed                                      No                                      No
                                          Nosort                                      No                    * NOT DETERMINABLE *



                            Initial Transactions                                                                               2
                                Max Transactions                                                                             255
                                    Percent Free                                                                              10
                                    Percent Used                                                                                
                                 Initial Extents                                                                           81920
                                     Next Extent                                                                                
                                     Min Extents                                                                               1
                                     Max Extents                                                                              -1
                                Percent Increase                                                                                
                                       Freelists                                                                                
                                 Freelist Groups                                                                                
                                      Tablespace                                                                        TBDATOSP
                                        Parallel                                      No                                      No

                                Index Entry Type                            COLUMN BASED                            COLUMN BASED
                                     Index Entry                               RV_DOMAIN                               RV_DOMAIN

                                Index Entry Type                            COLUMN BASED                            COLUMN BASED
                                     Index Entry                            RV_LOW_VALUE                            RV_LOW_VALUE
Unique Key CG_RF_CODES_UK                                          * NOT IN REPOSITORY *                                         ***
                                         Enabled                                                                             Yes
                                        Deferred                                                                              No
                                       Immediate                                                                              No
                                 Exception Table                                                            * NOT DETERMINABLE *
                                      Key Column                                                                       RV_DOMAIN
                                      Key Column                                                                    RV_LOW_VALUE
Index CG_RF_CODES_UK                                               * NOT IN REPOSITORY *                                         ***
                                          Unique                                                                             Yes
                                          Global                                                                              No
                                       Bitmapped                                                                              No
                              Compute Statistics                                                            * NOT DETERMINABLE *
                                         Reverse                                                                              No
                                          Nosort                                                            * NOT DETERMINABLE *



                            Initial Transactions                                                                                
                                Max Transactions                                                                                
                                    Percent Free                                                                                
                                    Percent Used                                                                                
                                 Initial Extents                                                                                
                                     Next Extent                                                                                
                                     Min Extents                                                                                
                                     Max Extents                                                                                
                                Percent Increase                                                                                
                                       Freelists                                                                                
                                 Freelist Groups                                                                                
                                      Tablespace                                                                                
                                        Parallel                                                                              No


                                    Snapshot Log                                      No                                      No



                                                 ---------------------------------
                                                 Table CG_REF_CODES Differences: 3
                                                 ---------------------------------
------------------------------------------------------------------------------------------------------------------------------------
Object                                  Property                        Repository Value                          Database Value
------                                  --------                        ----------------                          --------------
Table PROCEDIMIENTOS_HOSPITALARIOS                                                                                              
                                     Object Type                                                                                
                                Data Persistence                               Permanent                               Permanent
                                         Cluster                                                                                
                                      Index Only                                      No                                      No

                                          Cached                                                                           Cache
                            Initial Transactions                                                                               1
                                Max Transactions                                                                             255
                                    Percent Free                                                                              10
                                    Percent Used                                                                                
                                 Initial Extents                                                                          516096
                                     Next Extent                                                                                
                                     Min Extents                                                                               1
                                     Max Extents                                                                              -1
                                Percent Increase                                                                                
                                       Freelists                                                                                
                                 Freelist Groups                                                                                
                                      Tablespace                                                                        TBDATOSG
                                        Parallel                                      No                                      No
                                         Comment                                                                                
Column CODIGO                                                                   - same -                                - same -
                                        Datatype                                VARCHAR2                                VARCHAR2
                                      Max Length                                       6                                       6
                                           Scale                                                                                
                                       Mandatory                                     Yes                                     Yes
                                   Default Value                                                                                
                                          Domain                                                                                
                                         Comment El codigo del procedimiento hospital... El codigo del procedimiento hospital...
Column CODIGO_TARIFARIO                                                         - same -                                - same -
                                        Datatype                                VARCHAR2                                VARCHAR2
                                      Max Length                                      10                                      10
                                           Scale                                                                                
                                       Mandatory                                      No                                      No
                                   Default Value                                                                                
                                          Domain                                                                                
                                         Comment                                                                                
Column DESCRIPCION                                                              - same -                                - same -
                                        Datatype                                VARCHAR2                                VARCHAR2
                                      Max Length                                    2000                                    2000
                                           Scale                                                                                
                                       Mandatory                                     Yes                                     Yes
                                   Default Value                                                                                
                                          Domain                                                                                
                                         Comment Nombre descriptivo para el procedimi... Nombre descriptivo para el procedimi...
Column TIPO                                                                     - same -                                - same -
                                        Datatype                                VARCHAR2                                VARCHAR2
                                      Max Length                                       3                                       3
                                           Scale                                                                                
                                       Mandatory                                     Yes                                     Yes
                                   Default Value                                                                                
                                          Domain                                                                                
                                         Comment                   Tipo de Procedimiento                   Tipo de Procedimiento
Column AGRUPADOR                                                                - same -                                - same -
                                        Datatype                                VARCHAR2                                VARCHAR2
                                      Max Length                                       2                                       2
                                           Scale                                                                                
                                       Mandatory                                     Yes                                     Yes
                                   Default Value                                    'PG'                                    'PG'
                                          Domain                                                                                
                                         Comment         Agrupador de los procedimientos         Agrupador de los procedimientos
Column PUNTOS                                                              * DIFFERENT *                           * DIFFERENT *
                                        Datatype                                  NUMBER                                  NUMBER
                                      Max Length                                       9                                      10 ***
                                           Scale                                       6                                       6
                                       Mandatory                                     Yes                                     Yes
                                   Default Value                                       0                                       0
                                          Domain                                                                                
                                         Comment A cuantos puntos equivale este proce... A cuantos puntos equivale este proce...
Column TIEMPO_ESTIMADO                                                          - same -                                - same -
                                        Datatype                                  NUMBER                                  NUMBER
                                      Max Length                                       4                                       4
                                           Scale                                       0                                        
                                       Mandatory                                      No                                      No
                                   Default Value                                       0                                       0
                                          Domain                                                                                
                                         Comment El tiempo en minutos que demora el p... El tiempo en minutos que demora el p...
Column AGRCRG_CODIGO                                                            - same -                                - same -
                                        Datatype                                VARCHAR2                                VARCHAR2
                                      Max Length                                       3                                       3
                                           Scale                                                                                
                                       Mandatory                                      No                                      No
                                   Default Value                                                                                
                                          Domain                                                                                
                                         Comment       El codigo del agrupador de cargos       El codigo del agrupador de cargos
Column UVR                                                                      - same -                                - same -
                                        Datatype                                  NUMBER                                  NUMBER
                                      Max Length                                      21                                      21
                                           Scale                                       6                                       6
                                       Mandatory                                     Yes                                     Yes
                                   Default Value                                       0                                       0
                                          Domain                                  DINERO                                         ***
                                         Comment                                                                                
Column NIVEL                                                               * DIFFERENT *                           * DIFFERENT *
                                        Datatype                                  NUMBER                                  NUMBER
                                      Max Length                                       1                                         ***
                                           Scale                                                                                
                                       Mandatory                                      No                                      No
                                   Default Value                                       0                                       0
                                          Domain                                                                                
                                         Comment                                         Nivel que indica si se considera o n...
Column ESTADO_DE_DISPONIBILIDAD                                                 - same -                                - same -
                                        Datatype                                    CHAR                                    CHAR
                                      Max Length                                       1                                       1
                                           Scale                                                                                
                                       Mandatory                                      No                                      No
                                   Default Value                                     'D'                                     'D'
                                          Domain                ESTADO_DE_DISPONIBILIDAD                                         ***
                                         Comment                                                                                
Column CONVENIO                                                                 - same -                                - same -
                                        Datatype                                VARCHAR2                                VARCHAR2
                                      Max Length                                      25                                      25
                                           Scale                                                                                
                                       Mandatory                                      No                                      No
                                   Default Value                                                                                
                                          Domain                                                                                
                                         Comment                                                                                
Column TRF_TIPO                                                                                              * NOT IN DATABASE * ***
                                        Datatype                                VARCHAR2                                        
                                      Max Length                                     250                                        
                                           Scale                                                                                
                                       Mandatory                                      No                                        
                                   Default Value                                                                                
                                          Domain                          TIPO_TARIFARIO                                        
                                         Comment                                                                                

Index PRCHSP_AGRCRG_FK_I                                                        - same -                                - same -
                                          Unique                                      No                                      No
                                          Global                                      No                                      No
                                       Bitmapped                                      No                                      No
                              Compute Statistics                                      No                    * NOT DETERMINABLE *
                                  Index Reversed                                      No                                      No
                                          Nosort                                      No                    * NOT DETERMINABLE *



                            Initial Transactions                                                                               2
                                Max Transactions                                                                             255
                                    Percent Free                                                                               5
                                    Percent Used                                                                                
                                 Initial Extents                                                                          516096
                                     Next Extent                                                                                
                                     Min Extents                                                                               1
                                     Max Extents                                                                              -1
                                Percent Increase                                                                                
                                       Freelists                                                                                
                                 Freelist Groups                                                                                
                                      Tablespace                                                                      TBINDICESP
                                        Parallel                                      No                                      No

                                Index Entry Type                            COLUMN BASED                            COLUMN BASED
                                     Index Entry                           AGRCRG_CODIGO                           AGRCRG_CODIGO
Primary Key PRCHSP_PK                                                           - same -                                - same -
                                         Enabled                                     Yes                                     Yes
                                        Deferred                                      No                                      No
                                       Immediate                                      No                                      No
                                 Exception Table                                                            * NOT DETERMINABLE *
                                      Key Column                                  CODIGO                                  CODIGO

Index PRCHSP_PK                                                                                                                 
                                          Unique                                     Yes                                     Yes
                                          Global                                      No                                      No
                                       Bitmapped                                      No                                      No
                              Compute Statistics                                      No                    * NOT DETERMINABLE *
                                         Reverse                                      No                                      No
                                          Nosort                                      No                    * NOT DETERMINABLE *



                            Initial Transactions                                                                               2
                                Max Transactions                                                                             255
                                    Percent Free                                                                               5
                                    Percent Used                                                                                
                                 Initial Extents                                                                          204800
                                     Next Extent                                                                                
                                     Min Extents                                                                               1
                                     Max Extents                                                                              -1
                                Percent Increase                                                                                
                                       Freelists                                                                                
                                 Freelist Groups                                                                                
                                      Tablespace                                                                      TBINDICESP
                                        Parallel                                      No                                      No

Foreign Key PRCHSP_AGRCRG_FK                                                    - same -                                - same -
                                         Enabled                                     Yes                                     Yes
                                        Deferred                                      No                                      No
                                       Immediate                                      No                                      No
                                  Cascade Delete                                RESTRICT                                RESTRICT
                                  Cascade Update                                RESTRICT                                RESTRICT
                                 Exception Table                                                            * NOT DETERMINABLE *
                                      Join Table                   AGRUPADORES_DE_CARGOS                   AGRUPADORES_DE_CARGOS
                                      Key Column                           AGRCRG_CODIGO                           AGRCRG_CODIGO

                               Referenced Column            AGRUPADORES_DE_CARGOS.CODIGO            AGRUPADORES_DE_CARGOS.CODIGO


Check Constraint AVCON_1238878420_TIEMP_000                                     - same -                                - same -
                                         Enabled                                     Yes                                     Yes
                                      Expression      TIEMPO_ESTIMADO BETWEEN 0 AND 9999      TIEMPO_ESTIMADO BETWEEN 0 AND 9999
                                 Exception Table                                                            * NOT DETERMINABLE *
Check Constraint AVCON_1308597730_TRF_T_000                                                                  * NOT IN DATABASE * ***
                                         Enabled                                     Yes                                        
                                      Expression                       TRF_TIPO IN ('A')                                        
                                 Exception Table                                                                                
                                    Snapshot Log                                      No                                      No



                                         -------------------------------------------------
                                         Table PROCEDIMIENTOS_HOSPITALARIOS Differences: 6
                                         -------------------------------------------------


====================================================================================================================================
                                                        Total Differences: 9
====================================================================================================================================
