
Reconcile Report: \\Svr\Z\sas\guiones\CAMBIOS SISTEMA CON TARIFARIO\PROCEDIMIENTOS_REALIZADOS.lis

Generated on Tue Jun 28  09:37:56 2011 by Server Generator 6.5.96.5.6


======                                  ========                        ================                          ==============
Object                                  Property                        Repository Value                          Database Value
======                                  ========                        ================                          ==============



------------------------------------------------------------------------------------------------------------------------------------
Object                                  Property                        Repository Value                          Database Value
------                                  --------                        ----------------                          --------------
Table CG_REF_CODES                                                                                                              
                                     Object Type                                                                                
                                Data Persistence                               Permanent                               Permanent
                                         Cluster                                                                                
                                      Index Only                                      No                                      No

                                          Cached                                                                        No Cache
                            Initial Transactions                                                                               1
                                Max Transactions                                                                             255
                                    Percent Free                                                                              10
                                    Percent Used                                                                                
                                 Initial Extents                                                                           81920
                                     Next Extent                                                                                
                                     Min Extents                                                                               1
                                     Max Extents                                                                              -1
                                Percent Increase                                                                                
                                       Freelists                                                                                
                                 Freelist Groups                                                                                
                                      Tablespace                                                                        TBDATOSP
                                        Parallel                                      No                                      No
                                         Comment                                                                                
Column RV_DOMAIN                                                                - same -                                - same -
                                        Datatype                                VARCHAR2                                VARCHAR2
                                      Max Length                                     100                                     100
                                           Scale                                                                                
                                       Mandatory                                     Yes                                     Yes
                                   Default Value                                                                                
                                          Domain                                                                                
                                         Comment                                                                                
Column RV_LOW_VALUE                                                             - same -                                - same -
                                        Datatype                                VARCHAR2                                VARCHAR2
                                      Max Length                                     240                                     240
                                           Scale                                                                                
                                       Mandatory                                     Yes                                     Yes
                                   Default Value                                                                                
                                          Domain                                                                                
                                         Comment                                                                                
Column RV_HIGH_VALUE                                                            - same -                                - same -
                                        Datatype                                VARCHAR2                                VARCHAR2
                                      Max Length                                     240                                     240
                                           Scale                                                                                
                                       Mandatory                                      No                                      No
                                   Default Value                                                                                
                                          Domain                                                                                
                                         Comment                                                                                
Column RV_ABBREVIATION                                                          - same -                                - same -
                                        Datatype                                VARCHAR2                                VARCHAR2
                                      Max Length                                     240                                     240
                                           Scale                                                                                
                                       Mandatory                                      No                                      No
                                   Default Value                                                                                
                                          Domain                                                                                
                                         Comment                                                                                
Column RV_MEANING                                                               - same -                                - same -
                                        Datatype                                VARCHAR2                                VARCHAR2
                                      Max Length                                     240                                     240
                                           Scale                                                                                
                                       Mandatory                                      No                                      No
                                   Default Value                                                                                
                                          Domain                                                                                
                                         Comment                                                                                
Column RV_TYPE                                                     * NOT IN REPOSITORY *                                         ***
                                        Datatype                                                                        VARCHAR2
                                      Max Length                                                                              10
                                           Scale                                                                                
                                       Mandatory                                                                              No
                                   Default Value                                                                                
                                          Domain                                                                                
                                         Comment                                                                                

Index X_CG_REF_CODES_1                                                          - same -                                - same -
                                          Unique                                      No                                      No
                                          Global                                      No                                      No
                                       Bitmapped                                      No                                      No
                              Compute Statistics                                      No                    * NOT DETERMINABLE *
                                  Index Reversed                                      No                                      No
                                          Nosort                                      No                    * NOT DETERMINABLE *



                            Initial Transactions                                                                               2
                                Max Transactions                                                                             255
                                    Percent Free                                                                              10
                                    Percent Used                                                                                
                                 Initial Extents                                                                           81920
                                     Next Extent                                                                                
                                     Min Extents                                                                               1
                                     Max Extents                                                                              -1
                                Percent Increase                                                                                
                                       Freelists                                                                                
                                 Freelist Groups                                                                                
                                      Tablespace                                                                        TBDATOSP
                                        Parallel                                      No                                      No

                                Index Entry Type                            COLUMN BASED                            COLUMN BASED
                                     Index Entry                               RV_DOMAIN                               RV_DOMAIN

                                Index Entry Type                            COLUMN BASED                            COLUMN BASED
                                     Index Entry                            RV_LOW_VALUE                            RV_LOW_VALUE
Unique Key CG_RF_CODES_UK                                          * NOT IN REPOSITORY *                                         ***
                                         Enabled                                                                             Yes
                                        Deferred                                                                              No
                                       Immediate                                                                              No
                                 Exception Table                                                            * NOT DETERMINABLE *
                                      Key Column                                                                       RV_DOMAIN
                                      Key Column                                                                    RV_LOW_VALUE
Index CG_RF_CODES_UK                                               * NOT IN REPOSITORY *                                         ***
                                          Unique                                                                             Yes
                                          Global                                                                              No
                                       Bitmapped                                                                              No
                              Compute Statistics                                                            * NOT DETERMINABLE *
                                         Reverse                                                                              No
                                          Nosort                                                            * NOT DETERMINABLE *



                            Initial Transactions                                                                                
                                Max Transactions                                                                                
                                    Percent Free                                                                                
                                    Percent Used                                                                                
                                 Initial Extents                                                                                
                                     Next Extent                                                                                
                                     Min Extents                                                                                
                                     Max Extents                                                                                
                                Percent Increase                                                                                
                                       Freelists                                                                                
                                 Freelist Groups                                                                                
                                      Tablespace                                                                                
                                        Parallel                                                                              No


                                    Snapshot Log                                      No                                      No



                                                 ---------------------------------
                                                 Table CG_REF_CODES Differences: 3
                                                 ---------------------------------
------------------------------------------------------------------------------------------------------------------------------------
Object                                  Property                        Repository Value                          Database Value
------                                  --------                        ----------------                          --------------
Table PROCEDIMIENTOS_REALIZADOS                                                                                                 
                                     Object Type                                                                                
                                Data Persistence                               Permanent                               Permanent
                                         Cluster                                                                                
                                      Index Only                                      No                                      No

                                          Cached                                                                        No Cache
                            Initial Transactions                                                                               1
                                Max Transactions                                                                             255
                                    Percent Free                                                                              20
                                    Percent Used                                                                                
                                 Initial Extents                                                                        10485760
                                     Next Extent                                                                                
                                     Min Extents                                                                               1
                                     Max Extents                                                                              -1
                                Percent Increase                                                                                
                                       Freelists                                                                                
                                 Freelist Groups                                                                                
                                      Tablespace                                                                        TBDATOSG
                                        Parallel                                      No                                      No
                                         Comment                                                                                
Column NUMERO                                                                   - same -                                - same -
                                        Datatype                                  NUMBER                                  NUMBER
                                      Max Length                                       9                                       9
                                           Scale                                                                                
                                       Mandatory                                     Yes                                     Yes
                                   Default Value                                                                                
                                          Domain                                                                                
                                         Comment                                                                                
Column EPC_PRMATN_PCN_NUMERO_HC                                                 - same -                                - same -
                                        Datatype                                  NUMBER                                  NUMBER
                                      Max Length                                       6                                       6
                                           Scale                                       0                                        
                                       Mandatory                                     Yes                                     Yes
                                   Default Value                                                                                
                                          Domain                                                                                
                                         Comment                           Identificador                           Identificador
Column EPC_PRMATN_NUMERO                                                   * DIFFERENT *                           * DIFFERENT *
                                        Datatype                                  NUMBER                                  NUMBER
                                      Max Length                                      10                                       6 ***
                                           Scale                                                                                
                                       Mandatory                                      No                                      No
                                   Default Value                                                                                
                                          Domain                        SECUENCIA NUMERO                                         ***
                                         Comment Número secuencial de cualquier tipo,... Número secuencial de cualquier tipo,...
Column PRCHSP_CODIGO                                                            - same -                                - same -
                                        Datatype                                VARCHAR2                                VARCHAR2
                                      Max Length                                       6                                       6
                                           Scale                                                                                
                                       Mandatory                                     Yes                                     Yes
                                   Default Value                                                                                
                                          Domain                                                                                
                                         Comment El codigo del procedimiento hospital... El codigo del procedimiento hospital...
Column NUMERO_DE_VECES                                                          - same -                                - same -
                                        Datatype                                  NUMBER                                  NUMBER
                                      Max Length                                       3                                       3
                                           Scale                                                                                
                                       Mandatory                                     Yes                                     Yes
                                   Default Value                                       1                                       1
                                          Domain                                                                                
                                         Comment El número de veces que se hizo el pr... El número de veces que se hizo el pr...
Column PRTOPRSLC_NUMERO                                                         - same -                                - same -
                                        Datatype                                  NUMBER                                  NUMBER
                                      Max Length                                       9                                       9
                                           Scale                                                                                
                                       Mandatory                                      No                                      No
                                   Default Value                                                                                
                                          Domain                                                                                
                                         Comment           El numero de parte operatorio           El numero de parte operatorio
Column PRCMNR_NUMERO                                                            - same -                                - same -
                                        Datatype                                  NUMBER                                  NUMBER
                                      Max Length                                       9                                       9
                                           Scale                                                                                
                                       Mandatory                                      No                                      No
                                   Default Value                                                                                
                                          Domain                                                                                
                                         Comment                                                                                
Column INTCNS_NUMERO                                                            - same -                                - same -
                                        Datatype                                  NUMBER                                  NUMBER
                                      Max Length                                       9                                       9
                                           Scale                                                                                
                                       Mandatory                                      No                                      No
                                   Default Value                                                                                
                                          Domain                                                                                
                                         Comment                                                                                
Column DESCRIPCION_ADICIONAL                                                    - same -                                - same -
                                        Datatype                                VARCHAR2                                VARCHAR2
                                      Max Length                                     240                                     240
                                           Scale                                                                                
                                       Mandatory                                      No                                      No
                                   Default Value                                                                                
                                          Domain                                                                                
                                         Comment Descripción adicional del procedimie... Descripción adicional del procedimie...
Column VIA_DE_ACCESO                                                            - same -                                - same -
                                        Datatype                                VARCHAR2                                VARCHAR2
                                      Max Length                                       4                                       4
                                           Scale                                                                                
                                       Mandatory                                      No                                      No
                                   Default Value                                                                                
                                          Domain                           VIA DE ACCESO                                         ***
                                         Comment                                                                                
Column LATERALIDAD                                                              - same -                                - same -
                                        Datatype                                VARCHAR2                                VARCHAR2
                                      Max Length                                       1                                       1
                                           Scale                                                                                
                                       Mandatory                                     Yes                                     Yes
                                   Default Value                                     'U'                                     'U'
                                          Domain                                                                                
                                         Comment                                                                                
Column DURACION                                                                                              * NOT IN DATABASE * ***
                                        Datatype                                  NUMBER                                        
                                      Max Length                                       3                                        
                                           Scale                                                                                
                                       Mandatory                                     Yes                                        
                                   Default Value                                      15                                        
                                          Domain                                                                                
                                         Comment                                                                                

Index PRCRLZ_PRCHSP_FK_I                                                        - same -                                - same -
                                          Unique                                      No                                      No
                                          Global                                      No                                      No
                                       Bitmapped                                      No                                      No
                              Compute Statistics                                      No                    * NOT DETERMINABLE *
                                  Index Reversed                                      No                                      No
                                          Nosort                                      No                    * NOT DETERMINABLE *



                            Initial Transactions                                                                               2
                                Max Transactions                                                                             255
                                    Percent Free                                                                              10
                                    Percent Used                                                                                
                                 Initial Extents                                                                         1048576
                                     Next Extent                                                                                
                                     Min Extents                                                                               1
                                     Max Extents                                                                              -1
                                Percent Increase                                                                                
                                       Freelists                                                                                
                                 Freelist Groups                                                                                
                                      Tablespace                                                                      TBINDICESG
                                        Parallel                                      No                                      No

                                Index Entry Type                            COLUMN BASED                            COLUMN BASED
                                     Index Entry                           PRCHSP_CODIGO                           PRCHSP_CODIGO
Index PRCRLZ_PRTOPR_FK_I                                                        - same -                                - same -
                                          Unique                                      No                                      No
                                          Global                                      No                                      No
                                       Bitmapped                                      No                                      No
                              Compute Statistics                                      No                    * NOT DETERMINABLE *
                                  Index Reversed                                      No                                      No
                                          Nosort                                      No                    * NOT DETERMINABLE *



                            Initial Transactions                                                                               2
                                Max Transactions                                                                             255
                                    Percent Free                                                                              10
                                    Percent Used                                                                                
                                 Initial Extents                                                                         1048576
                                     Next Extent                                                                                
                                     Min Extents                                                                               1
                                     Max Extents                                                                              -1
                                Percent Increase                                                                                
                                       Freelists                                                                                
                                 Freelist Groups                                                                                
                                      Tablespace                                                                      TBINDICESG
                                        Parallel                                      No                                      No

                                Index Entry Type                            COLUMN BASED                            COLUMN BASED
                                     Index Entry                EPC_PRMATN_PCN_NUMERO_HC                EPC_PRMATN_PCN_NUMERO_HC

                                Index Entry Type                            COLUMN BASED                            COLUMN BASED
                                     Index Entry                        PRTOPRSLC_NUMERO                        PRTOPRSLC_NUMERO
Index PRCRLZ_PRCMNR_FK_I                                                        - same -                                - same -
                                          Unique                                      No                                      No
                                          Global                                      No                                      No
                                       Bitmapped                                      No                                      No
                              Compute Statistics                                      No                    * NOT DETERMINABLE *
                                  Index Reversed                                      No                                      No
                                          Nosort                                      No                    * NOT DETERMINABLE *



                            Initial Transactions                                                                               2
                                Max Transactions                                                                             255
                                    Percent Free                                                                              10
                                    Percent Used                                                                                
                                 Initial Extents                                                                         1048576
                                     Next Extent                                                                                
                                     Min Extents                                                                               1
                                     Max Extents                                                                              -1
                                Percent Increase                                                                                
                                       Freelists                                                                                
                                 Freelist Groups                                                                                
                                      Tablespace                                                                      TBINDICESP
                                        Parallel                                      No                                      No

                                Index Entry Type                            COLUMN BASED                            COLUMN BASED
                                     Index Entry                EPC_PRMATN_PCN_NUMERO_HC                EPC_PRMATN_PCN_NUMERO_HC

                                Index Entry Type                            COLUMN BASED                            COLUMN BASED
                                     Index Entry                           PRCMNR_NUMERO                           PRCMNR_NUMERO
Index PRCRLZ_PRMATN_FK_I                                                        - same -                                - same -
                                          Unique                                      No                                      No
                                          Global                                      No                                      No
                                       Bitmapped                                      No                                      No
                              Compute Statistics                                      No                    * NOT DETERMINABLE *
                                  Index Reversed                                      No                                      No
                                          Nosort                                      No                    * NOT DETERMINABLE *



                            Initial Transactions                                                                               2
                                Max Transactions                                                                             255
                                    Percent Free                                                                              10
                                    Percent Used                                                                                
                                 Initial Extents                                                                         1048576
                                     Next Extent                                                                                
                                     Min Extents                                                                               1
                                     Max Extents                                                                              -1
                                Percent Increase                                                                                
                                       Freelists                                                                                
                                 Freelist Groups                                                                                
                                      Tablespace                                                                      TBINDICESP
                                        Parallel                                      No                                      No

                                Index Entry Type                            COLUMN BASED                            COLUMN BASED
                                     Index Entry                       EPC_PRMATN_NUMERO                       EPC_PRMATN_NUMERO

                                Index Entry Type                            COLUMN BASED                            COLUMN BASED
                                     Index Entry                EPC_PRMATN_PCN_NUMERO_HC                EPC_PRMATN_PCN_NUMERO_HC
Primary Key PRCRLZ_PK                                                           - same -                                - same -
                                         Enabled                                     Yes                                     Yes
                                        Deferred                                      No                                      No
                                       Immediate                                      No                                      No
                                 Exception Table                                                            * NOT DETERMINABLE *
                                      Key Column                                  NUMERO                                  NUMERO

Index PRCRLZ_PK                                                                                                                 
                                          Unique                                     Yes                                     Yes
                                          Global                                      No                                      No
                                       Bitmapped                                      No                                      No
                              Compute Statistics                                      No                    * NOT DETERMINABLE *
                                         Reverse                                      No                                      No
                                          Nosort                                      No                    * NOT DETERMINABLE *



                            Initial Transactions                                                                               2
                                Max Transactions                                                                             255
                                    Percent Free                                                                              10
                                    Percent Used                                                                                
                                 Initial Extents                                                                         1048576
                                     Next Extent                                                                                
                                     Min Extents                                                                               1
                                     Max Extents                                                                              -1
                                Percent Increase                                                                                
                                       Freelists                                                                                
                                 Freelist Groups                                                                                
                                      Tablespace                                                                      TBINDICESP
                                        Parallel                                      No                                      No
Unique Key PRCRLZ_UK                                                       * DIFFERENT *                           * DIFFERENT *
                                         Enabled                                     Yes                                     Yes
                                        Deferred                                      No                                      No
                                       Immediate                                      No                                      No
                                 Exception Table                                                            * NOT DETERMINABLE *
                                      Key Column                EPC_PRMATN_PCN_NUMERO_HC                EPC_PRMATN_PCN_NUMERO_HC
                                      Key Column                       EPC_PRMATN_NUMERO                       EPC_PRMATN_NUMERO
                                      Key Column                           PRCHSP_CODIGO                           PRCHSP_CODIGO
                                      Key Column                         NUMERO_DE_VECES                         NUMERO_DE_VECES
                                      Key Column                        PRTOPRSLC_NUMERO                        PRTOPRSLC_NUMERO
                                      Key Column                           PRCMNR_NUMERO                                         ***
Index PRCRLZ_UK                                                                                                                 
                                          Unique                                     Yes                                     Yes
                                          Global                                      No                                      No
                                       Bitmapped                                      No                                      No
                              Compute Statistics                                      No                    * NOT DETERMINABLE *
                                         Reverse                                      No                                      No
                                          Nosort                                      No                    * NOT DETERMINABLE *



                            Initial Transactions                                                                               2
                                Max Transactions                                                                             255
                                    Percent Free                                                                              10
                                    Percent Used                                                                                
                                 Initial Extents                                                                           65536
                                     Next Extent                                                                                
                                     Min Extents                                                                               1
                                     Max Extents                                                                              -1
                                Percent Increase                                                                                
                                       Freelists                                                                                
                                 Freelist Groups                                                                                
                                      Tablespace                                                                        TBDATOSG
                                        Parallel                                      No                                      No
Index PRCRLZ_UK2                                                   * NOT IN REPOSITORY *                                         ***
                                          Unique                                                                             Yes
                                          Global                                                                              No
                                       Bitmapped                                                                              No
                              Compute Statistics                                                            * NOT DETERMINABLE *
                                         Reverse                                                                              No
                                          Nosort                                                            * NOT DETERMINABLE *



                            Initial Transactions                                                                                
                                Max Transactions                                                                                
                                    Percent Free                                                                                
                                    Percent Used                                                                                
                                 Initial Extents                                                                                
                                     Next Extent                                                                                
                                     Min Extents                                                                                
                                     Max Extents                                                                                
                                Percent Increase                                                                                
                                       Freelists                                                                                
                                 Freelist Groups                                                                                
                                      Tablespace                                                                                
                                        Parallel                                                                              No
Unique Key PRCRLZ_UK2                                              * NOT IN REPOSITORY *                                         ***
                                         Enabled                                                                              No
                                        Deferred                                                                              No
                                       Immediate                                                                              No
                                 Exception Table                                                            * NOT DETERMINABLE *
                                      Key Column                                                        EPC_PRMATN_PCN_NUMERO_HC
                                      Key Column                                                               EPC_PRMATN_NUMERO
                                      Key Column                                                                   PRCHSP_CODIGO
                                      Key Column                                                                 NUMERO_DE_VECES
                                      Key Column                                                                   PRCMNR_NUMERO
Index PRCRLZ_UK                                                                                                                 
                                          Unique                                     Yes                                     Yes
                                          Global                                      No                                      No
                                       Bitmapped                                      No                                      No
                              Compute Statistics                                      No                    * NOT DETERMINABLE *
                                         Reverse                                      No                                      No
                                          Nosort                                      No                    * NOT DETERMINABLE *



                            Initial Transactions                                                                               2
                                Max Transactions                                                                             255
                                    Percent Free                                                                              10
                                    Percent Used                                                                                
                                 Initial Extents                                                                           65536
                                     Next Extent                                                                                
                                     Min Extents                                                                               1
                                     Max Extents                                                                              -1
                                Percent Increase                                                                                
                                       Freelists                                                                                
                                 Freelist Groups                                                                                
                                      Tablespace                                                                        TBDATOSG
                                        Parallel                                      No                                      No
Index PRCRLZ_UK2                                                   * NOT IN REPOSITORY *                                         ***
                                          Unique                                                                             Yes
                                          Global                                                                              No
                                       Bitmapped                                                                              No
                              Compute Statistics                                                            * NOT DETERMINABLE *
                                         Reverse                                                                              No
                                          Nosort                                                            * NOT DETERMINABLE *



                            Initial Transactions                                                                                
                                Max Transactions                                                                                
                                    Percent Free                                                                                
                                    Percent Used                                                                                
                                 Initial Extents                                                                                
                                     Next Extent                                                                                
                                     Min Extents                                                                                
                                     Max Extents                                                                                
                                Percent Increase                                                                                
                                       Freelists                                                                                
                                 Freelist Groups                                                                                
                                      Tablespace                                                                                
                                        Parallel                                                                              No

Foreign Key PRCRLZ_PRTOPR_FK                                                                                                    
                                         Enabled                                     Yes                                      No ***
                                        Deferred                                      No                                      No
                                       Immediate                                      No                                      No
                                  Cascade Delete                                RESTRICT                                RESTRICT
                                  Cascade Update                                RESTRICT                                RESTRICT
                                 Exception Table                                                            * NOT DETERMINABLE *
                                      Join Table                      PARTES_OPERATORIOS                      PARTES_OPERATORIOS
                                      Key Column                EPC_PRMATN_PCN_NUMERO_HC                EPC_PRMATN_PCN_NUMERO_HC
                                      Key Column                        PRTOPRSLC_NUMERO                        PRTOPRSLC_NUMERO

                               Referenced Column PARTES_OPERATORIOS.PRTOPRSLC_PCN_NUM... PARTES_OPERATORIOS.PRTOPRSLC_PCN_NUM...
                               Referenced Column     PARTES_OPERATORIOS.PRTOPRSLC_NUMERO     PARTES_OPERATORIOS.PRTOPRSLC_NUMERO

Foreign Key PRCRLZ_PRCMNR_FK                                                                                                    
                                         Enabled                                     Yes                                      No ***
                                        Deferred                                      No                                      No
                                       Immediate                                      No                                      No
                                  Cascade Delete                                RESTRICT                                RESTRICT
                                  Cascade Update                                RESTRICT                                RESTRICT
                                 Exception Table                                                            * NOT DETERMINABLE *
                                      Join Table                  PROCEDIMIENTOS_MENORES                  PROCEDIMIENTOS_MENORES
                                      Key Column                EPC_PRMATN_PCN_NUMERO_HC                           PRCMNR_NUMERO ***
                                      Key Column                           PRCMNR_NUMERO                EPC_PRMATN_PCN_NUMERO_HC ***

                               Referenced Column    PROCEDIMIENTOS_MENORES.PCN_NUMERO_HC           PROCEDIMIENTOS_MENORES.NUMERO ***
                               Referenced Column           PROCEDIMIENTOS_MENORES.NUMERO    PROCEDIMIENTOS_MENORES.PCN_NUMERO_HC ***

Foreign Key PRCRLZ_PRCHSP_FK                                                    - same -                                - same -
                                         Enabled                                     Yes                                     Yes
                                        Deferred                                      No                                      No
                                       Immediate                                      No                                      No
                                  Cascade Delete                                RESTRICT                                RESTRICT
                                  Cascade Update                                RESTRICT                                RESTRICT
                                 Exception Table                                                            * NOT DETERMINABLE *
                                      Join Table            PROCEDIMIENTOS_HOSPITALARIOS            PROCEDIMIENTOS_HOSPITALARIOS
                                      Key Column                           PRCHSP_CODIGO                           PRCHSP_CODIGO

                               Referenced Column     PROCEDIMIENTOS_HOSPITALARIOS.CODIGO     PROCEDIMIENTOS_HOSPITALARIOS.CODIGO

Foreign Key PRCRLZ_INTCNS_FK                                                    - same -                                - same -
                                         Enabled                                     Yes                                     Yes
                                        Deferred                                      No                                      No
                                       Immediate                                      No                                      No
                                  Cascade Delete                                RESTRICT                                RESTRICT
                                  Cascade Update                                RESTRICT                                RESTRICT
                                 Exception Table                                                            * NOT DETERMINABLE *
                                      Join Table                          INTERCONSULTAS                          INTERCONSULTAS
                                      Key Column                EPC_PRMATN_PCN_NUMERO_HC                EPC_PRMATN_PCN_NUMERO_HC
                                      Key Column                           INTCNS_NUMERO                           INTCNS_NUMERO

                               Referenced Column            INTERCONSULTAS.PCN_NUMERO_HC            INTERCONSULTAS.PCN_NUMERO_HC
                               Referenced Column                   INTERCONSULTAS.NUMERO                   INTERCONSULTAS.NUMERO

Foreign Key PRCRLZ_PRMATN_FK                                                                                                    
                                         Enabled                                     Yes                                      No ***
                                        Deferred                                      No                                      No
                                       Immediate                                      No                                      No
                                  Cascade Delete                                RESTRICT                                RESTRICT
                                  Cascade Update                                RESTRICT                                RESTRICT
                                 Exception Table                                                            * NOT DETERMINABLE *
                                      Join Table               PERMANENCIAS_Y_ATENCIONES               PERMANENCIAS_Y_ATENCIONES
                                      Key Column                       EPC_PRMATN_NUMERO                       EPC_PRMATN_NUMERO
                                      Key Column                EPC_PRMATN_PCN_NUMERO_HC                EPC_PRMATN_PCN_NUMERO_HC

                               Referenced Column        PERMANENCIAS_Y_ATENCIONES.NUMERO        PERMANENCIAS_Y_ATENCIONES.NUMERO
                               Referenced Column PERMANENCIAS_Y_ATENCIONES.PCN_NUMERO_HC PERMANENCIAS_Y_ATENCIONES.PCN_NUMERO_HC


Check Constraint AVCON_1238872285_LATER_000                                     - same -                                - same -
                                         Enabled                                     Yes                                     Yes
                                      Expression               LATERALIDAD IN ('U', 'B')               LATERALIDAD IN ('U', 'B')
                                 Exception Table                                                            * NOT DETERMINABLE *
Trigger PRCRLZ                                                                  - same -                                - same -
                                         Enabled                                     Yes                                     Yes
                                    Execute Time                                   AFTER                                   AFTER
                                       On Delete                                     Yes                                     Yes
                                       On Insert                                      No                                      No
                                       On Update                                     Yes                                     Yes
                                           Level                                     ROW                                     ROW
                                       New Alias                                                                             NEW
                                       Old Alias                                                                             OLD
                                            When                                                                                
                                     PL/SQL Body                              DECLARE...                              DECLARE...
                                  Trigger Column                EPC_PRMATN_PCN_NUMERO_HC                             LATERALIDAD ***
                                  Trigger Column                   DESCRIPCION_ADICIONAL                           INTCNS_NUMERO ***
                                  Trigger Column                           PRCMNR_NUMERO                           PRCHSP_CODIGO ***
                                  Trigger Column                       EPC_PRMATN_NUMERO                           PRCMNR_NUMERO ***
                                  Trigger Column                           INTCNS_NUMERO                           VIA_DE_ACCESO ***
                                  Trigger Column                           PRCHSP_CODIGO                         NUMERO_DE_VECES ***
                                  Trigger Column                         NUMERO_DE_VECES                        PRTOPRSLC_NUMERO ***
                                  Trigger Column                             LATERALIDAD                       EPC_PRMATN_NUMERO ***
                                  Trigger Column                           VIA_DE_ACCESO                   DESCRIPCION_ADICIONAL ***
                                  Trigger Column                        PRTOPRSLC_NUMERO                EPC_PRMATN_PCN_NUMERO_HC ***
                                    Snapshot Log                                      No                                      No



                                          -----------------------------------------------
                                          Table PROCEDIMIENTOS_REALIZADOS Differences: 15
                                          -----------------------------------------------
------------------------------------------------------------------------------------------------------------------------------------
Object                                  Property                        Repository Value                          Database Value
------                                  --------                        ----------------                          --------------
Table PROCEDIMIENTOS_REALIZADOS_JN                                                                                              
                                     Object Type                                                                                
                                Data Persistence                               Permanent                               Permanent
                                         Cluster                                                                                
                                      Index Only                                      No                                      No

                                          Cached                                                                        No Cache
                            Initial Transactions                                                                               1
                                Max Transactions                                                                             255
                                    Percent Free                                      60                                      60
                                    Percent Used                                       5                                        
                                 Initial Extents                                                                           65536
                                     Next Extent                                                                                
                                     Min Extents                                                                               1
                                     Max Extents                                                                              -1
                                Percent Increase                                                                                
                                       Freelists                                                                                
                                 Freelist Groups                                                                                
                                      Tablespace                                                                        TBDATOSG
                                        Parallel                                      No                                      No
                                         Comment Created by Oracle Designer Server Ge... Created by Oracle Designer Server Ge...
Column JN_OPERATION                                                             - same -                                - same -
                                        Datatype                                    CHAR                                    CHAR
                                      Max Length                                       3                                       3
                                           Scale                                                                                
                                       Mandatory                                     Yes                                     Yes
                                   Default Value                                                                                
                                          Domain                                                                                
                                         Comment                                                                                
Column JN_ORACLE_USER                                                           - same -                                - same -
                                        Datatype                                VARCHAR2                                VARCHAR2
                                      Max Length                                      30                                      30
                                           Scale                                                                                
                                       Mandatory                                     Yes                                     Yes
                                   Default Value                                                                                
                                          Domain                                                                                
                                         Comment                                                                                
Column JN_DATETIME                                                              - same -                                - same -
                                        Datatype                                    DATE                                    DATE
                                      Max Length                                                                                
                                           Scale                                                                                
                                       Mandatory                                     Yes                                     Yes
                                   Default Value                                                                                
                                          Domain                                                                                
                                         Comment                                                                                
Column JN_NOTES                                                                 - same -                                - same -
                                        Datatype                                VARCHAR2                                VARCHAR2
                                      Max Length                                     240                                     240
                                           Scale                                                                                
                                       Mandatory                                      No                                      No
                                   Default Value                                                                                
                                          Domain                                                                                
                                         Comment                                                                                
Column JN_APPLN                                                                 - same -                                - same -
                                        Datatype                                VARCHAR2                                VARCHAR2
                                      Max Length                                      35                                      35
                                           Scale                                                                                
                                       Mandatory                                      No                                      No
                                   Default Value                                                                                
                                          Domain                                                                                
                                         Comment                                                                                
Column JN_SESSION                                                               - same -                                - same -
                                        Datatype                                  NUMBER                                  NUMBER
                                      Max Length                                      38                                      38
                                           Scale                                                                                
                                       Mandatory                                      No                                      No
                                   Default Value                                                                                
                                          Domain                                                                                
                                         Comment                                                                                
Column NUMERO                                                              * DIFFERENT *                           * DIFFERENT *
                                        Datatype                                  NUMBER                                  NUMBER
                                      Max Length                                       9                                       9
                                           Scale                                                                                
                                       Mandatory                                     Yes                                      No ***
                                   Default Value                                                                                
                                          Domain                                                                                
                                         Comment                                                                                
Column EPC_PRMATN_PCN_NUMERO_HC                                                 - same -                                - same -
                                        Datatype                                  NUMBER                                  NUMBER
                                      Max Length                                       6                                       6
                                           Scale                                       0                                        
                                       Mandatory                                      No                                      No
                                   Default Value                                                                                
                                          Domain                                                                                
                                         Comment                                                                                
Column EPC_PRMATN_NUMERO                                                   * DIFFERENT *                           * DIFFERENT *
                                        Datatype                                  NUMBER                                  NUMBER
                                      Max Length                                      10                                       6 ***
                                           Scale                                                                                
                                       Mandatory                                      No                                      No
                                   Default Value                                                                                
                                          Domain                                                                                
                                         Comment                                                                                
Column PRCHSP_CODIGO                                                            - same -                                - same -
                                        Datatype                                VARCHAR2                                VARCHAR2
                                      Max Length                                       6                                       6
                                           Scale                                                                                
                                       Mandatory                                      No                                      No
                                   Default Value                                                                                
                                          Domain                                                                                
                                         Comment                                                                                
Column NUMERO_DE_VECES                                                          - same -                                - same -
                                        Datatype                                  NUMBER                                  NUMBER
                                      Max Length                                       3                                       3
                                           Scale                                                                                
                                       Mandatory                                      No                                      No
                                   Default Value                                                                                
                                          Domain                                                                                
                                         Comment                                                                                
Column PRTOPRSLC_NUMERO                                                         - same -                                - same -
                                        Datatype                                  NUMBER                                  NUMBER
                                      Max Length                                       9                                       9
                                           Scale                                                                                
                                       Mandatory                                      No                                      No
                                   Default Value                                                                                
                                          Domain                                                                                
                                         Comment                                                                                
Column PRCMNR_NUMERO                                                            - same -                                - same -
                                        Datatype                                  NUMBER                                  NUMBER
                                      Max Length                                       9                                       9
                                           Scale                                                                                
                                       Mandatory                                      No                                      No
                                   Default Value                                                                                
                                          Domain                                                                                
                                         Comment                                                                                
Column INTCNS_NUMERO                                                            - same -                                - same -
                                        Datatype                                  NUMBER                                  NUMBER
                                      Max Length                                       9                                       9
                                           Scale                                                                                
                                       Mandatory                                      No                                      No
                                   Default Value                                                                                
                                          Domain                                                                                
                                         Comment                                                                                
Column DESCRIPCION_ADICIONAL                                                    - same -                                - same -
                                        Datatype                                VARCHAR2                                VARCHAR2
                                      Max Length                                     240                                     240
                                           Scale                                                                                
                                       Mandatory                                      No                                      No
                                   Default Value                                                                                
                                          Domain                                                                                
                                         Comment                                                                                
Column VIA_DE_ACCESO                                                            - same -                                - same -
                                        Datatype                                VARCHAR2                                VARCHAR2
                                      Max Length                                       4                                       4
                                           Scale                                                                                
                                       Mandatory                                      No                                      No
                                   Default Value                                                                                
                                          Domain                                                                                
                                         Comment                                                                                
Column LATERALIDAD                                                              - same -                                - same -
                                        Datatype                                VARCHAR2                                VARCHAR2
                                      Max Length                                       1                                       1
                                           Scale                                                                                
                                       Mandatory                                      No                                      No
                                   Default Value                                                                                
                                          Domain                                                                                
                                         Comment                                                                                
Column DURACION                                                                                              * NOT IN DATABASE * ***
                                        Datatype                                  NUMBER                                        
                                      Max Length                                       3                                        
                                           Scale                                                                                
                                       Mandatory                                      No                                        
                                   Default Value                                                                                
                                          Domain                                                                                
                                         Comment                                                                                



                                    Snapshot Log                                      No                                      No



                                         -------------------------------------------------
                                         Table PROCEDIMIENTOS_REALIZADOS_JN Differences: 3
                                         -------------------------------------------------
------------------------------------------------------------------------------------------------------------------------------------
Object                                  Property                        Repository Value                          Database Value
------                                  --------                        ----------------                          --------------
Sequence PRCRLZ_SEQ                                                             - same -                                - same -
                                           Start                                                                            5000
                                       Increment                                                                               1
                                         Minimum                                                                               1
                                         Maximum                                                     999999999999999999999999999
                                           Cycle                                      No                                      No
                                      Sort Order                                      No                                      No
                                      Cache Size                                                                              20
                                         Comment                                                                                
                                                 ----------------------------------
                                                 Sequence PRCRLZ_SEQ Differences: 0
                                                 ----------------------------------


====================================================================================================================================
                                                       Total Differences: 31
====================================================================================================================================
