
Starting report ACTFJORPTASGDPR [Thu Mar 24 12:10:23 2005] ...
End report ACTFJORPTASGDPR [Thu Mar 24 12:11:10 2005].

Starting report ACTFJORPTASGDPR [Thu Mar 24 12:11:15 2005] ...
End report ACTFJORPTASGDPR [Thu Mar 24 12:12:34 2005].

Starting report ACTFJORPTASGDPR [Thu Mar 24 12:43:14 2005] ...
End report ACTFJORPTASGDPR [Thu Mar 24 12:46:07 2005].

Starting report ACTFJORPTASGDPR [Thu Mar 24 12:47:48 2005] ...
End report ACTFJORPTASGDPR [Thu Mar 24 12:48:30 2005].

Starting report ACTFJORPTASGRNG [Fri Apr 15 14:53:45 2005] ...
REP-0110: Unable to open file 'ACTFJORPTASGRNG'.
REP-1070: Error while opening or saving a document.
REP-0110: Unable to open file 'ACTFJORPTASGRNG'.
End report ACTFJORPTASGRNG [Fri Apr 15 14:53:45 2005].

Starting report ACTFJORPTASGRNG [Fri Apr 15 14:54:12 2005] ...
REP-0110: Unable to open file 'ACTFJORPTASGRNG'.
REP-1070: Error while opening or saving a document.
REP-0110: Unable to open file 'ACTFJORPTASGRNG'.
End report ACTFJORPTASGRNG [Fri Apr 15 14:54:12 2005].

Starting report ACTFJORPTASGRNG [Fri Apr 15 14:54:40 2005] ...
End report ACTFJORPTASGRNG [Fri Apr 15 14:55:25 2005].

Starting report ACTFJORPTING [Fri Apr 15 14:59:23 2005] ...
End report ACTFJORPTING [Fri Apr 15 14:59:31 2005].

Starting report ACTFJORPTASGDPR [Wed Apr 20 09:12:54 2005] ...
REP-0110: Unable to open file 'ACTFJORPTASGDPR'.
REP-1070: Error while opening or saving a document.
REP-0110: Unable to open file 'ACTFJORPTASGDPR'.
End report ACTFJORPTASGDPR [Wed Apr 20 09:12:54 2005].

Starting report ACTFJORPTASGDPR [Wed Apr 20 09:13:42 2005] ...
End report ACTFJORPTASGDPR [Wed Apr 20 09:15:48 2005].

Starting report ACTFJORPTASGDPR [Wed Apr 20 09:23:58 2005] ...
End report ACTFJORPTASGDPR [Wed Apr 20 09:24:38 2005].

Starting report ACTFJORPTASGDPR [Wed Apr 20 09:30:31 2005] ...
End report ACTFJORPTASGDPR [Wed Apr 20 09:42:08 2005].

Starting report ACTFJORPTING [Fri Apr 22 12:22:51 2005] ...
REP-0110: Unable to open file 'ACTFJORPTING'.
REP-1070: Error while opening or saving a document.
REP-0110: Unable to open file 'ACTFJORPTING'.
End report ACTFJORPTING [Fri Apr 22 12:22:51 2005].

Starting report ACTFJORPTASGUSU [Fri May 13 15:06:58 2005] ...
End report ACTFJORPTASGUSU [Fri May 13 15:12:51 2005].

Starting report ACTFJORPTASGDPR [Tue May 17 08:58:10 2005] ...
End report ACTFJORPTASGDPR [Tue May 17 09:10:02 2005].

Starting report ACTFJORPTASGUSU [Thu May 19 12:52:11 2005] ...
REP-0110: Unable to open file 'ACTFJORPTASGUSU'.
REP-1070: Error while opening or saving a document.
REP-0110: Unable to open file 'ACTFJORPTASGUSU'.
End report ACTFJORPTASGUSU [Thu May 19 12:52:11 2005].

Starting report ACTFJORPTASGUSU [Thu May 19 12:53:14 2005] ...
REP-0110: Unable to open file 'ACTFJORPTASGUSU'.
REP-1070: Error while opening or saving a document.
REP-0110: Unable to open file 'ACTFJORPTASGUSU'.
End report ACTFJORPTASGUSU [Thu May 19 12:53:15 2005].

Starting report ACTFJORPTASGUSU [Thu May 19 12:53:52 2005] ...
End report ACTFJORPTASGUSU [Thu May 19 12:54:08 2005].

Starting report ACTFJORPTASGDPR [Thu May 19 12:54:57 2005] ...
End report ACTFJORPTASGDPR [Thu May 19 12:55:06 2005].

Starting report ACTFJORPTASGDPR [Thu May 19 12:55:47 2005] ...
End report ACTFJORPTASGDPR [Thu May 19 12:57:04 2005].

Starting report ACTFJORPTASGDPR [Thu Jun 02 08:23:26 2005] ...
REP-0110: Unable to open file 'ACTFJORPTASGDPR'.
REP-1070: Error while opening or saving a document.
REP-0110: Unable to open file 'ACTFJORPTASGDPR'.
End report ACTFJORPTASGDPR [Thu Jun 02 08:23:26 2005].

Starting report ACTFJORPTASGDPR [Thu Jun 02 08:24:28 2005] ...
REP-0110: Unable to open file 'ACTFJORPTASGDPR'.
REP-1070: Error while opening or saving a document.
REP-0110: Unable to open file 'ACTFJORPTASGDPR'.
End report ACTFJORPTASGDPR [Thu Jun 02 08:24:28 2005].

Starting report ACTFJORPTASGDPR [Thu Jun 02 08:24:33 2005] ...
REP-0110: Unable to open file 'ACTFJORPTASGDPR'.
REP-1070: Error while opening or saving a document.
REP-0110: Unable to open file 'ACTFJORPTASGDPR'.
End report ACTFJORPTASGDPR [Thu Jun 02 08:24:33 2005].

Starting report ACTFJORPTASGDPR [Thu Jun 02 08:26:00 2005] ...
End report ACTFJORPTASGDPR [Thu Jun 02 09:54:03 2005].

Starting report ACTFJORPTASGDPR [Fri Jun 03 10:56:47 2005] ...
REP-0110: Unable to open file 'ACTFJORPTASGDPR'.
REP-1070: Error while opening or saving a document.
REP-0110: Unable to open file 'ACTFJORPTASGDPR'.
End report ACTFJORPTASGDPR [Fri Jun 03 10:56:47 2005].

Starting report ACTFJORPTASGDPR [Fri Jun 03 10:57:10 2005] ...
End report ACTFJORPTASGDPR [Fri Jun 03 10:57:47 2005].

Starting report ACTFJORPTASGDPR [Fri Jun 03 11:00:46 2005] ...
End report ACTFJORPTASGDPR [Fri Jun 03 11:01:32 2005].

Starting report ACTFJORPTASGDPR [Fri Jun 03 11:01:49 2005] ...
End report ACTFJORPTASGDPR [Fri Jun 03 11:03:05 2005].

Starting report ACTFJORPTASGDPR [Fri Jun 03 11:03:41 2005] ...
End report ACTFJORPTASGDPR [Fri Jun 03 11:04:03 2005].

Starting report ACTFJORPTASGDPR [Fri Jun 03 11:08:49 2005] ...
End report ACTFJORPTASGDPR [Fri Jun 03 11:09:03 2005].

Starting report ACTFJORPTASGDPR [Fri Jun 03 11:09:08 2005] ...
End report ACTFJORPTASGDPR [Fri Jun 03 11:09:18 2005].

Starting report ACTFJORPTASGRNG [Tue Aug 09 09:53:33 2005] ...
REP-0110: Unable to open file 'ACTFJORPTASGRNG'.
REP-1070: Error while opening or saving a document.
REP-0110: Unable to open file 'ACTFJORPTASGRNG'.
End report ACTFJORPTASGRNG [Tue Aug 09 09:53:33 2005].

Starting report ACTFJORPTING [Tue Aug 09 09:54:14 2005] ...
End report ACTFJORPTING [Tue Aug 09 09:54:17 2005].

Starting report ACTFJORPTING [Tue Aug 09 09:54:24 2005] ...
End report ACTFJORPTING [Tue Aug 09 09:54:43 2005].

Starting report ACTFJORPTING [Tue Aug 09 09:54:55 2005] ...
End report ACTFJORPTING [Tue Aug 09 09:55:09 2005].

Starting report ACTFJORPTASGRNG [Tue Aug 09 09:55:18 2005] ...
End report ACTFJORPTASGRNG [Tue Aug 09 09:57:23 2005].

Starting report CNTRVSSLDR [Tue Aug 09 10:33:47 2005] ...
REP-0110: Unable to open file 'CNTRVSSLDR'.
REP-1070: Error while opening or saving a document.
REP-0110: Unable to open file 'CNTRVSSLDR'.
End report CNTRVSSLDR [Tue Aug 09 10:33:47 2005].

Starting report ACTFJORPTACFTOT [Tue Aug 16 10:10:49 2005] ...
REP-0110: Unable to open file 'ACTFJORPTACFTOT'.
REP-1070: Error while opening or saving a document.
REP-0110: Unable to open file 'ACTFJORPTACFTOT'.
End report ACTFJORPTACFTOT [Tue Aug 16 10:10:50 2005].

Starting report ACTFJORPTACFTOT [Tue Aug 16 10:13:05 2005] ...
REP-0110: Unable to open file 'ACTFJORPTACFTOT'.
REP-1070: Error while opening or saving a document.
REP-0110: Unable to open file 'ACTFJORPTACFTOT'.
End report ACTFJORPTACFTOT [Tue Aug 16 10:13:06 2005].

Starting report ACTFJORPTACFTOT [Fri Aug 19 08:40:53 2005] ...
REP-0110: Unable to open file 'ACTFJORPTACFTOT'.
REP-1070: Error while opening or saving a document.
REP-0110: Unable to open file 'ACTFJORPTACFTOT'.
End report ACTFJORPTACFTOT [Fri Aug 19 08:40:54 2005].

Starting report ACTFJORPTACFTOT [Fri Aug 19 08:48:38 2005] ...
End report ACTFJORPTACFTOT [Fri Aug 19 08:56:07 2005].

Starting report ACTFJORPTASGUSU [Mon Sep 05 15:52:28 2005] ...
REP-0110: Unable to open file 'ACTFJORPTASGUSU'.
REP-1070: Error while opening or saving a document.
REP-0110: Unable to open file 'ACTFJORPTASGUSU'.
End report ACTFJORPTASGUSU [Mon Sep 05 15:52:29 2005].

Starting report ACTFJORPTDPR [Tue Sep 06 08:37:06 2005] ...
REP-0110: Unable to open file 'ACTFJORPTDPR'.
REP-1070: Error while opening or saving a document.
REP-0110: Unable to open file 'ACTFJORPTDPR'.
End report ACTFJORPTDPR [Tue Sep 06 08:37:06 2005].

Starting report ACTFJORPTDPR [Tue Sep 06 08:40:17 2005] ...
REP-0110: Unable to open file 'ACTFJORPTDPR'.
REP-1070: Error while opening or saving a document.
REP-0110: Unable to open file 'ACTFJORPTDPR'.
End report ACTFJORPTDPR [Tue Sep 06 08:40:18 2005].

Starting report ACTFJORPTDPR [Tue Sep 06 08:53:09 2005] ...
REP-0110: Unable to open file 'ACTFJORPTDPR'.
REP-1070: Error while opening or saving a document.
REP-0110: Unable to open file 'ACTFJORPTDPR'.
End report ACTFJORPTDPR [Tue Sep 06 08:53:09 2005].

Starting report ACTFJORPTDSP [Tue Sep 06 15:20:01 2005] ...
REP-0110: Unable to open file 'ACTFJORPTDSP'.
REP-1070: Error while opening or saving a document.
REP-0110: Unable to open file 'ACTFJORPTDSP'.
End report ACTFJORPTDSP [Tue Sep 06 15:20:01 2005].

Starting report ACTFJORPTDSP [Thu Sep 08 10:23:51 2005] ...
REP-0110: Unable to open file 'ACTFJORPTDSP'.
REP-1070: Error while opening or saving a document.
REP-0110: Unable to open file 'ACTFJORPTDSP'.
End report ACTFJORPTDSP [Thu Sep 08 10:23:51 2005].

Starting report ACTFJORPTASGUSU [Thu Sep 08 10:24:20 2005] ...
REP-0110: Unable to open file 'ACTFJORPTASGUSU'.
REP-1070: Error while opening or saving a document.
REP-0110: Unable to open file 'ACTFJORPTASGUSU'.
End report ACTFJORPTASGUSU [Thu Sep 08 10:24:20 2005].

Starting report ACTFJORPTDSP [Thu Sep 08 10:26:12 2005] ...
REP-0110: Unable to open file 'ACTFJORPTDSP'.
REP-1070: Error while opening or saving a document.
REP-0110: Unable to open file 'ACTFJORPTDSP'.
End report ACTFJORPTDSP [Thu Sep 08 10:26:12 2005].

Starting report ACTFJORPTDSP [Thu Sep 08 10:26:36 2005] ...
REP-0110: Unable to open file 'ACTFJORPTDSP'.
REP-1070: Error while opening or saving a document.
REP-0110: Unable to open file 'ACTFJORPTDSP'.
End report ACTFJORPTDSP [Thu Sep 08 10:26:36 2005].

Starting report ACTFJORPTDSP [Thu Sep 08 10:29:03 2005] ...
End report ACTFJORPTDSP [Thu Sep 08 10:29:23 2005].

Starting report ACTFJORPTASGUSU [Thu Sep 08 10:30:15 2005] ...
End report ACTFJORPTASGUSU [Thu Sep 08 10:31:44 2005].

Starting report ACTFJORPTASGUSU [Thu Sep 08 10:31:54 2005] ...
End report ACTFJORPTASGUSU [Thu Sep 08 10:31:57 2005].

Starting report ACTFJORPTASGUSU [Thu Sep 08 10:32:41 2005] ...
End report ACTFJORPTASGUSU [Thu Sep 08 10:33:40 2005].

Starting report ACTFJORPTACFCERO [Mon Sep 12 10:52:20 2005] ...
REP-0110: Unable to open file 'ACTFJORPTACFCERO'.
REP-1070: Error while opening or saving a document.
REP-0110: Unable to open file 'ACTFJORPTACFCERO'.
End report ACTFJORPTACFCERO [Mon Sep 12 10:52:21 2005].

Starting report ACTFJORPTASGDPR [Mon Nov 07 10:45:40 2005] ...
REP-0110: Unable to open file 'ACTFJORPTASGDPR'.
REP-1070: Error while opening or saving a document.
REP-0110: Unable to open file 'ACTFJORPTASGDPR'.
End report ACTFJORPTASGDPR [Mon Nov 07 10:45:41 2005].

Starting report ACTFJORPTASGDPR [Mon Nov 07 10:46:03 2005] ...
REP-0110: Unable to open file 'ACTFJORPTASGDPR'.
REP-1070: Error while opening or saving a document.
REP-0110: Unable to open file 'ACTFJORPTASGDPR'.
End report ACTFJORPTASGDPR [Mon Nov 07 10:46:04 2005].

Starting report ACTFJORPTASGDPR [Mon Nov 07 10:46:08 2005] ...
REP-0110: Unable to open file 'ACTFJORPTASGDPR'.
REP-1070: Error while opening or saving a document.
REP-0110: Unable to open file 'ACTFJORPTASGDPR'.
End report ACTFJORPTASGDPR [Mon Nov 07 10:46:09 2005].

Starting report ACTFJORPTASGDPR [Mon Nov 07 10:46:43 2005] ...
End report ACTFJORPTASGDPR [Mon Nov 07 10:46:51 2005].

Starting report ACTFJORPTASGDPR [Mon Nov 07 10:46:58 2005] ...
End report ACTFJORPTASGDPR [Mon Nov 07 11:47:39 2005].

Starting report ACTFJORPTDPR [Wed Nov 09 11:19:18 2005] ...
REP-0110: Unable to open file 'ACTFJORPTDPR'.
REP-1070: Error while opening or saving a document.
REP-0110: Unable to open file 'ACTFJORPTDPR'.
End report ACTFJORPTDPR [Wed Nov 09 11:19:19 2005].

Starting report ACFRPTCNTASGSMN [Thu Dec 08 09:42:45 2005] ...
REP-0110: Unable to open file 'ACFRPTCNTASGSMN'.
REP-1070: Error while opening or saving a document.
REP-0110: Unable to open file 'ACFRPTCNTASGSMN'.
End report ACFRPTCNTASGSMN [Thu Dec 08 09:42:45 2005].

Starting report ACFRPTCNTASGSMN [Thu Dec 08 09:43:09 2005] ...
REP-0110: Unable to open file 'ACFRPTCNTASGSMN'.
REP-1070: Error while opening or saving a document.
REP-0110: Unable to open file 'ACFRPTCNTASGSMN'.
End report ACFRPTCNTASGSMN [Thu Dec 08 09:43:10 2005].

Starting report ACFRPTCNTASGSMN [Thu Dec 08 09:43:14 2005] ...
End report ACFRPTCNTASGSMN [Thu Dec 08 09:50:09 2005].

Starting report ACTFJORPTACFYDPR [Thu Dec 08 11:21:39 2005] ...
End report ACTFJORPTACFYDPR [Thu Dec 08 11:23:13 2005].

Starting report ACTFJORPTDPRANL [Fri Jan 27 10:45:16 2006] ...
REP-0110: Unable to open file 'ACTFJORPTDPRANL'.
REP-1070: Error while opening or saving a document.
REP-0110: Unable to open file 'ACTFJORPTDPRANL'.
End report ACTFJORPTDPRANL [Fri Jan 27 10:45:17 2006].

Starting report ACTFJORPTDPRANL [Fri Jan 27 10:45:38 2006] ...
End report ACTFJORPTDPRANL [Fri Jan 27 10:46:31 2006].

Starting report ACTFJORPTACFYDPR [Fri Jan 27 10:47:16 2006] ...
End report ACTFJORPTACFYDPR [Fri Jan 27 10:48:07 2006].

Starting report ACTFJORPTDPRANL [Fri Jan 27 10:48:21 2006] ...
End report ACTFJORPTDPRANL [Fri Jan 27 10:51:16 2006].

Starting report ACTFJORPTDPRANL [Fri Jan 27 10:52:12 2006] ...
End report ACTFJORPTDPRANL [Fri Jan 27 10:52:30 2006].

Starting report ACTFJORPTDPRANL [Fri Jan 27 10:52:34 2006] ...
End report ACTFJORPTDPRANL [Fri Jan 27 10:59:45 2006].

Starting report ACTFJORPTDPRANL [Fri Jan 27 10:59:49 2006] ...
End report ACTFJORPTDPRANL [Fri Jan 27 11:06:39 2006].

Starting report ACTFJORPTDPRANL [Fri Jan 27 11:07:49 2006] ...
End report ACTFJORPTDPRANL [Fri Jan 27 11:14:39 2006].

Starting report ACTFJORPTDPRANL [Fri Jan 27 11:27:21 2006] ...
End report ACTFJORPTDPRANL [Fri Jan 27 11:31:42 2006].

Starting report ACFRPTCNTASGSMN [Fri Jan 27 12:53:18 2006] ...
End report ACFRPTCNTASGSMN [Fri Jan 27 12:56:33 2006].

Starting report ACFRPTCNTASGSMN [Fri Jan 27 12:56:41 2006] ...
End report ACFRPTCNTASGSMN [Fri Jan 27 12:59:18 2006].

Starting report ACTFJORPTACFYDPR [Fri Jan 27 12:59:53 2006] ...
End report ACTFJORPTACFYDPR [Fri Jan 27 13:01:09 2006].

Starting report ACTFJORPTACFTOT [Fri Jan 27 13:01:28 2006] ...
End report ACTFJORPTACFTOT [Fri Jan 27 13:02:29 2006].

Starting report ACTFJORPTACFCERO [Fri Jan 27 13:02:39 2006] ...
End report ACTFJORPTACFCERO [Fri Jan 27 13:03:42 2006].

Starting report ACTFJORPTACFTOT [Fri Jan 27 13:05:11 2006] ...
End report ACTFJORPTACFTOT [Fri Jan 27 13:05:36 2006].

Starting report ACTFJORPTACFYDPR [Fri Jan 27 13:05:56 2006] ...
End report ACTFJORPTACFYDPR [Fri Jan 27 13:08:30 2006].

Starting report ACTFJORPTACFYDPR [Fri Jan 27 13:08:39 2006] ...
End report ACTFJORPTACFYDPR [Fri Jan 27 13:08:48 2006].

Starting report ACTFJORPTACFYDPR [Fri Jan 27 13:08:51 2006] ...
End report ACTFJORPTACFYDPR [Fri Jan 27 13:09:07 2006].

Starting report ACTFJORPTACFYDPR [Fri Jan 27 13:09:16 2006] ...
End report ACTFJORPTACFYDPR [Fri Jan 27 13:09:50 2006].

Starting report ACTFJORPTACFYDPR [Fri Jan 27 13:10:02 2006] ...
End report ACTFJORPTACFYDPR [Fri Jan 27 13:10:19 2006].

Starting report ACTFJORPTACFYDPR [Fri Jan 27 13:12:02 2006] ...
End report ACTFJORPTACFYDPR [Fri Jan 27 13:12:12 2006].

Starting report ACTFJORPTACFYDPR [Fri Jan 27 13:12:22 2006] ...
End report ACTFJORPTACFYDPR [Fri Jan 27 13:12:40 2006].

Starting report ACTFJORPTACFYDPR [Fri Jan 27 13:13:11 2006] ...
End report ACTFJORPTACFYDPR [Fri Jan 27 13:13:35 2006].

Starting report ACTFJORPTACFYDPR [Fri Jan 27 13:13:46 2006] ...
End report ACTFJORPTACFYDPR [Fri Jan 27 13:14:29 2006].

Starting report ACTFJORPTACFYDPR [Fri Jan 27 13:14:32 2006] ...
End report ACTFJORPTACFYDPR [Fri Jan 27 13:14:43 2006].

Starting report ACTFJORPTACFYDPR [Fri Jan 27 13:14:49 2006] ...
End report ACTFJORPTACFYDPR [Fri Jan 27 13:15:06 2006].

Starting report ACTFJORPTACFYDPR [Fri Jan 27 13:15:12 2006] ...
End report ACTFJORPTACFYDPR [Fri Jan 27 13:15:55 2006].

Starting report ACTFJORPTACFYDPR [Fri Jan 27 13:15:58 2006] ...
End report ACTFJORPTACFYDPR [Fri Jan 27 13:16:23 2006].

Starting report ACTFJORPTDPRANL [Fri Jan 27 13:16:39 2006] ...
End report ACTFJORPTDPRANL [Fri Jan 27 13:17:00 2006].

Starting report ACTFJORPTDPRANL [Fri Jan 27 13:17:32 2006] ...
End report ACTFJORPTDPRANL [Fri Jan 27 13:17:35 2006].

Starting report ACTFJORPTACFTOT [Fri Jan 27 13:17:52 2006] ...
End report ACTFJORPTACFTOT [Fri Jan 27 13:19:14 2006].

Starting report ACTFJORPTACFTOT [Fri Jan 27 13:19:50 2006] ...
End report ACTFJORPTACFTOT [Fri Jan 27 13:25:06 2006].

Starting report ACTFJORPTACFYDPR [Fri Jan 27 13:25:34 2006] ...
End report ACTFJORPTACFYDPR [Fri Jan 27 13:27:58 2006].

Starting report ACTFJORPTRGL [Wed Feb 08 09:40:01 2006] ...
REP-0110: Unable to open file 'ACTFJORPTRGL'.
REP-1070: Error while opening or saving a document.
REP-0110: Unable to open file 'ACTFJORPTRGL'.
End report ACTFJORPTRGL [Wed Feb 08 09:40:01 2006].

Starting report ACTFJORPTRGL [Wed Feb 08 09:40:24 2006] ...
REP-0110: Unable to open file 'ACTFJORPTRGL'.
REP-1070: Error while opening or saving a document.
REP-0110: Unable to open file 'ACTFJORPTRGL'.
End report ACTFJORPTRGL [Wed Feb 08 09:40:25 2006].

Starting report ACTFJORPTRGL [Wed Feb 08 09:40:29 2006] ...
End report ACTFJORPTRGL [Wed Feb 08 09:41:00 2006].

Starting report ACTFJORPTRGL [Wed Feb 08 09:41:08 2006] ...
End report ACTFJORPTRGL [Wed Feb 08 09:41:33 2006].

Starting report ACTFJORPTEGR [Mon Mar 06 15:10:54 2006] ...
REP-0110: Unable to open file 'ACTFJORPTEGR'.
REP-1070: Error while opening or saving a document.
REP-0110: Unable to open file 'ACTFJORPTEGR'.
End report ACTFJORPTEGR [Mon Mar 06 15:10:54 2006].

Starting report ACTFJORPTEGR [Mon Mar 06 15:11:24 2006] ...
End report ACTFJORPTEGR [Mon Mar 06 15:11:40 2006].

Starting report actfjorptdsp [Mon Jul 17 11:13:34 2006] ...
REP-0110: Unable to open file 'actfjorptdsp'.
REP-1070: Error while opening or saving a document.
REP-0110: Unable to open file 'actfjorptdsp'.
End report actfjorptdsp [Mon Jul 17 11:13:34 2006].

Starting report actfjorptdsp [Mon Jul 17 11:15:20 2006] ...
End report actfjorptdsp [Mon Jul 17 11:17:18 2006].

Starting report actfjorptasgusu [Mon Jul 17 11:19:54 2006] ...
End report actfjorptasgusu [Mon Jul 17 11:20:06 2006].

Starting report actfjorptasgusufch [Mon Jul 17 11:20:11 2006] ...
End report actfjorptasgusufch [Mon Jul 17 11:20:29 2006].

Starting report actfjorptasgdpr [Mon Jul 17 11:25:22 2006] ...
End report actfjorptasgdpr [Mon Jul 17 11:25:47 2006].

Starting report actfjorptdsp [Mon Jul 17 11:27:29 2006] ...
REP-0099: Report is aborted upon user request.
REP-0098: Report not run - user cancelled in the parameter form.
End report actfjorptdsp [Mon Jul 17 11:28:00 2006].

Starting report actfjorptdsp [Thu Jul 20 12:38:35 2006] ...
REP-0110: Unable to open file 'actfjorptdsp'.
REP-1070: Error while opening or saving a document.
REP-0110: Unable to open file 'actfjorptdsp'.
End report actfjorptdsp [Thu Jul 20 12:38:35 2006].

Starting report actfjorptasgusu [Thu Jul 20 12:39:08 2006] ...
REP-0110: Unable to open file 'actfjorptasgusu'.
REP-1070: Error while opening or saving a document.
REP-0110: Unable to open file 'actfjorptasgusu'.
End report actfjorptasgusu [Thu Jul 20 12:39:09 2006].

Starting report actfjorptasgusufch [Thu Jul 20 12:39:14 2006] ...
REP-0110: Unable to open file 'actfjorptasgusufch'.
REP-1070: Error while opening or saving a document.
REP-0110: Unable to open file 'actfjorptasgusufch'.
End report actfjorptasgusufch [Thu Jul 20 12:39:14 2006].

Starting report actfjorptdsp [Thu Jul 20 12:42:26 2006] ...
REP-0110: Unable to open file 'actfjorptdsp'.
REP-1070: Error while opening or saving a document.
REP-0110: Unable to open file 'actfjorptdsp'.
End report actfjorptdsp [Thu Jul 20 12:42:27 2006].

Starting report actfjorptdprdtl [Thu Jul 20 12:43:05 2006] ...
REP-0110: Unable to open file 'actfjorptdprdtl'.
REP-1070: Error while opening or saving a document.
REP-0110: Unable to open file 'actfjorptdprdtl'.
End report actfjorptdprdtl [Thu Jul 20 12:43:05 2006].

Starting report ACTFJORPTDSP [Thu Jul 20 12:44:00 2006] ...
REP-0110: Unable to open file 'ACTFJORPTDSP'.
REP-1070: Error while opening or saving a document.
REP-0110: Unable to open file 'ACTFJORPTDSP'.
End report ACTFJORPTDSP [Thu Jul 20 12:44:01 2006].

Starting report ACTFJORPTDSP [Thu Jul 20 12:44:13 2006] ...
REP-0110: Unable to open file 'ACTFJORPTDSP'.
REP-1070: Error while opening or saving a document.
REP-0110: Unable to open file 'ACTFJORPTDSP'.
End report ACTFJORPTDSP [Thu Jul 20 12:44:13 2006].

Starting report ACTFJORPTASGUSU [Thu Jul 20 12:44:49 2006] ...
REP-0110: Unable to open file 'ACTFJORPTASGUSU'.
REP-1070: Error while opening or saving a document.
REP-0110: Unable to open file 'ACTFJORPTASGUSU'.
End report ACTFJORPTASGUSU [Thu Jul 20 12:44:49 2006].

Starting report ACTFJORPTDPR [Mon Nov 06 09:22:15 2006] ...
End report ACTFJORPTDPR [Mon Nov 06 09:39:20 2006].

Starting report ACTFJORPTDSP [Mon Nov 06 10:01:37 2006] ...
End report ACTFJORPTDSP [Mon Nov 06 10:08:27 2006].

Starting report ACTFJORPTASGUSU [Mon Nov 06 11:05:02 2006] ...
End report ACTFJORPTASGUSU [Mon Nov 06 11:05:23 2006].

Starting report ACTFJORPTEST [Mon Nov 06 15:08:17 2006] ...
End report ACTFJORPTEST [Mon Nov 06 15:08:31 2006].

Starting report ACTFJORPTEST [Mon Nov 06 15:08:36 2006] ...
End report ACTFJORPTEST [Mon Nov 06 15:08:39 2006].

Starting report ACTFJORPTEST [Mon Nov 06 15:08:43 2006] ...
End report ACTFJORPTEST [Mon Nov 06 15:08:49 2006].

Starting report ACFRPTCNTASGSMN [Tue Nov 07 12:56:43 2006] ...
End report ACFRPTCNTASGSMN [Tue Nov 07 12:56:46 2006].

Starting report ACTFJORPTDSP [Thu Nov 16 08:59:48 2006] ...
End report ACTFJORPTDSP [Thu Nov 16 09:00:07 2006].

Starting report ACTFJORPTACFTOT [Thu Nov 16 09:00:17 2006] ...
End report ACTFJORPTACFTOT [Thu Nov 16 09:00:34 2006].

Starting report ACTFJORPTASGRNG [Tue Dec 05 13:37:18 2006] ...
End report ACTFJORPTASGRNG [Tue Dec 05 13:37:48 2006].

Starting report ACTFJORPTASGRNG [Mon Dec 11 09:44:31 2006] ...
End report ACTFJORPTASGRNG [Mon Dec 11 09:44:46 2006].

Starting report ACTFJORPTASGRNG [Mon Dec 11 09:47:00 2006] ...
End report ACTFJORPTASGRNG [Mon Dec 11 09:47:07 2006].

Starting report ACTFJORPTASGRNG [Mon Dec 11 09:47:36 2006] ...
End report ACTFJORPTASGRNG [Mon Dec 11 09:50:48 2006].

Starting report ACTFJORPTASGRNG [Mon Dec 11 10:23:39 2006] ...
End report ACTFJORPTASGRNG [Mon Dec 11 10:23:52 2006].

Starting report ACTFJORPTEGR [Mon Dec 11 10:24:26 2006] ...
REP-0099: Report is aborted upon user request.
REP-0098: Report not run - user cancelled in the parameter form.
End report ACTFJORPTEGR [Mon Dec 11 10:24:30 2006].

Starting report ACTFJORPTEGR [Mon Dec 11 10:24:36 2006] ...
End report ACTFJORPTEGR [Mon Dec 11 10:25:07 2006].

Starting report ACTFJORPTEGR [Mon Dec 11 10:32:09 2006] ...
End report ACTFJORPTEGR [Mon Dec 11 10:32:20 2006].

Starting report ACTFJORPTRGL [Mon Dec 11 10:32:57 2006] ...
End report ACTFJORPTRGL [Mon Dec 11 10:33:14 2006].

Starting report ACTFJORPTRGL [Mon Dec 11 11:05:30 2006] ...
End report ACTFJORPTRGL [Mon Dec 11 11:05:43 2006].

Starting report ACTFJORPTRGL [Mon Dec 11 11:05:51 2006] ...
REP-0099: Report is aborted upon user request.
REP-0098: Report not run - user cancelled in the parameter form.
End report ACTFJORPTRGL [Mon Dec 11 11:05:55 2006].

Starting report ACTFJORPTRGL [Mon Dec 11 11:06:49 2006] ...
End report ACTFJORPTRGL [Mon Dec 11 11:07:02 2006].

Starting report ACTFJORPTRGL [Mon Dec 11 11:07:09 2006] ...
REP-0099: Report is aborted upon user request.
REP-0098: Report not run - user cancelled in the parameter form.
End report ACTFJORPTRGL [Mon Dec 11 11:07:13 2006].

Starting report ACTFJORPTRGL [Mon Dec 11 11:07:22 2006] ...
End report ACTFJORPTRGL [Mon Dec 11 11:07:29 2006].

Starting report ACTFJORPTASGRNG [Wed Dec 13 09:04:04 2006] ...
End report ACTFJORPTASGRNG [Wed Dec 13 09:07:51 2006].

Starting report ACTFJORPTASGDPR [Tue Jan 02 11:31:43 2007] ...
End report ACTFJORPTASGDPR [Tue Jan 02 11:40:38 2007].

Starting report ACTFJORPTEGRPRD [Fri Mar 09 10:23:12 2007] ...
REP-0110: Unable to open file 'ACTFJORPTEGRPRD'.
REP-1070: Error while opening or saving a document.
REP-0110: Unable to open file 'ACTFJORPTEGRPRD'.
End report ACTFJORPTEGRPRD [Fri Mar 09 10:23:13 2007].

Starting report ACTFJORPTEGR [Fri Mar 09 10:24:31 2007] ...
REP-0110: Unable to open file 'ACTFJORPTEGR'.
REP-1070: Error while opening or saving a document.
REP-0110: Unable to open file 'ACTFJORPTEGR'.
End report ACTFJORPTEGR [Fri Mar 09 10:24:32 2007].

Starting report ACTFJORPTDPR [Thu Mar 29 17:53:39 2007] ...
End report ACTFJORPTDPR [Thu Mar 29 17:55:18 2007].

Starting report ACTFJORPTACFTOT [Thu Apr 19 14:32:57 2007] ...
End report ACTFJORPTACFTOT [Thu Apr 19 14:41:04 2007].

Starting report ACTFJORPTACFYDPR [Mon Apr 23 10:07:13 2007] ...
End report ACTFJORPTACFYDPR [Mon Apr 23 10:09:10 2007].

Starting report ACTFJORPTACFYDPR [Thu May 03 08:07:22 2007] ...
End report ACTFJORPTACFYDPR [Thu May 03 08:10:51 2007].

Starting report ACTFJORPTACFTOT [Tue Aug 28 12:25:45 2007] ...
End report ACTFJORPTACFTOT [Tue Aug 28 12:26:13 2007].

Starting report ACTFJORPTING [Mon Oct 08 12:30:40 2007] ...
End report ACTFJORPTING [Mon Oct 08 12:31:10 2007].

Starting report ACTFJORPTASGRNG [Mon Oct 08 12:31:20 2007] ...
End report ACTFJORPTASGRNG [Mon Oct 08 12:31:40 2007].

Starting report ACTFJORPTEGR [Mon Oct 08 12:31:54 2007] ...
End report ACTFJORPTEGR [Mon Oct 08 12:32:09 2007].

Starting report ACTFJORPTRGL [Mon Oct 08 12:32:21 2007] ...
End report ACTFJORPTRGL [Mon Oct 08 12:32:37 2007].

Starting report ACTFJORPTDPR [Mon Oct 08 12:32:48 2007] ...
End report ACTFJORPTDPR [Mon Oct 08 12:33:08 2007].

Starting report ACTFJORPTACFGNR [Mon Oct 08 12:34:02 2007] ...
REP-0110: Unable to open file 'ACTFJORPTACFGNR'.
REP-1070: Error while opening or saving a document.
REP-0110: Unable to open file 'ACTFJORPTACFGNR'.
End report ACTFJORPTACFGNR [Mon Oct 08 12:34:04 2007].

Starting report ACTFJORPTACFYDPR [Tue Jun 10 12:25:52 2008] ...
End report ACTFJORPTACFYDPR [Tue Jun 10 17:14:45 2008].

Starting report ACTFJORPTDSP [Mon Jun 16 09:31:17 2008] ...
REP-0509: Invalid number.
End report ACTFJORPTDSP [Mon Jun 16 09:31:44 2008].

Starting report ACTFJORPTDSP [Mon Jun 16 09:31:58 2008] ...
End report ACTFJORPTDSP [Mon Jun 16 09:32:29 2008].

Starting report ACTFJORPTACFYDPR [Mon Jun 16 09:33:21 2008] ...
End report ACTFJORPTACFYDPR [Mon Jun 16 11:19:49 2008].
