Compiling package specification CG$CEXHJSEVL_GLOBALS... 
   No compilation errors.

Compiling procedure CGDV$POPULATE_DYNAMIC_LISTS... 
   No compilation errors.

Compiling procedure CGIM$LOAD... 
   No compilation errors.

Compiling procedure CGFK$QRY_ANTPRS_ANTPRS_ENF_FK... 
   No compilation errors.

Compiling procedure CGSF$CLR_ANTPRS_ANTPRS_ENF_FK... 
   No compilation errors.

Compiling procedure CGFK$QRY_ANTPRS_ANTPRS_TPOANTP... 
   No compilation errors.

Compiling procedure CGSF$CLR_ANTPRS_ANTPRS_TPOANTP... 
   No compilation errors.

Compiling procedure CGUV$CHK_ANTPRS_PK... 
   No compilation errors.

Compiling procedure CGFK$QRY_ANTFML_ANTFML_ENF_FK... 
   No compilation errors.

Compiling procedure CGSF$CLR_ANTFML_ANTFML_ENF_FK... 
   No compilation errors.

Compiling procedure CGFK$QRY_ANTFML_ANTFML_TPOANTF... 
   No compilation errors.

Compiling procedure CGSF$CLR_ANTFML_ANTFML_TPOANTF... 
   No compilation errors.

Compiling procedure CGUV$CHK_ANTFML_PK... 
   No compilation errors.

Compiling procedure CGUV$CHK_ANTGNCOBS_PK... 
   No compilation errors.

Compiling procedure CGUV$CHK_HBT_PK... 
   No compilation errors.

Compiling procedure CGFK$QRY_ALR_ALR_TPOALR_FK... 
   No compilation errors.

Compiling procedure CGSF$CLR_ALR_ALR_TPOALR_FK... 
   No compilation errors.

Compiling procedure CGUV$CHK_ALR_PK... 
   No compilation errors.

Compiling procedure CGUI$GET_NEXT_EXPPRV_SEQ... 
   No compilation errors.

Compiling procedure CGUI$GET_NEXT_HOJEVL_SEQ... 
   No compilation errors.

Compiling procedure CGSF$CLR_HJSEVL_HJAEVL_PRS_FK... 
   No compilation errors.

Compiling procedure CGFK$QRY_HJSEVL_HJAEVL_PRS_FK... 
   No compilation errors.

Compiling procedure CGUV$CHK_SGNVTL_PK... 
   No compilation errors.

Compiling procedure CGUV$CHK_RVSSTM_PK... 
   No compilation errors.

Compiling procedure CGUV$CHK_EXPFSC_PK... 
   No compilation errors.

Compiling procedure CGUV$CHK_PRB_PK... 
   No compilation errors.

Compiling procedure CGSP$DERIVE_PRB_NUMERO... 
   No compilation errors.

Compiling function CGTE$CHECK_CONSTRAINT_VIO... 
   No compilation errors.

Compiling procedure CGTE$PCN_ERRORS... 
   No compilation errors.

Compiling procedure CGTE$HST_ERRORS... 
   No compilation errors.

Compiling procedure CGTE$ANTPRS_ERRORS... 
   No compilation errors.

Compiling procedure CGTE$ANTFML_ERRORS... 
   No compilation errors.

Compiling procedure CGTE$ANTGNCOBS_ERRORS... 
   No compilation errors.

Compiling procedure CGTE$HBT_ERRORS... 
   No compilation errors.

Compiling procedure CGTE$ALR_ERRORS... 
   No compilation errors.

Compiling procedure CGTE$EXPPRV_ERRORS... 
   No compilation errors.

Compiling procedure CGTE$IMG_ERRORS... 
   No compilation errors.

Compiling procedure CGTE$HJSEVL_ERRORS... 
   No compilation errors.

Compiling procedure CGTE$SGNVTL_ERRORS... 
   No compilation errors.

Compiling procedure CGTE$TRN_ERRORS... 
   No compilation errors.

Compiling procedure CGTE$RVSSTM_ERRORS... 
   No compilation errors.

Compiling procedure CGTE$EXPFSC_ERRORS... 
   No compilation errors.

Compiling procedure CGTE$PRB_ERRORS... 
   No compilation errors.

Compiling procedure CGNV$AI_HJSEVL_SGNVTL... 
   No compilation errors.

Compiling procedure CGLY$DISPLAY_CANVASES... 
   No compilation errors.

Compiling procedure CGLY$GET_RELATED_CANVASES... 
   No compilation errors.

Compiling procedure CGLY$CANVAS_MANAGEMENT... 
   No compilation errors.

Compiling procedure CGNV$PREV_ITEM... 
   No compilation errors.

Compiling procedure CGBS$TOGGLE... 
   No compilation errors.

Compiling PRE-COMMIT trigger on form...
   No compilation errors.

Compiling QMS$CUSTOM_HELP trigger on form...
   No compilation errors.

Compiling POST-FORM trigger on form...
   No compilation errors.

Compiling CALENDAR_WROTE_DATE trigger on form...
   No compilation errors.

Compiling KEY-EXIT trigger on form...
   No compilation errors.

Compiling POST-FORMS-COMMIT trigger on form...
   No compilation errors.

Compiling KEY-CLRFRM trigger on form...
   No compilation errors.

Compiling KEY-HELP trigger on form...
   No compilation errors.

Compiling KEY-MENU trigger on form...
   No compilation errors.

Compiling ON-ERROR trigger on form...
   No compilation errors.

Compiling ON-MESSAGE trigger on form...
   No compilation errors.

Compiling PRE-FORM trigger on form...
   No compilation errors.

Compiling QUERY_FIND trigger on form...
   No compilation errors.

Compiling QMS$MENU_ITEM trigger on form...
   No compilation errors.

Compiling WHEN-NEW-BLOCK-INSTANCE trigger on form...
   No compilation errors.

Compiling WHEN-NEW-FORM-INSTANCE trigger on form...
   No compilation errors.

Compiling WHEN-WINDOW-CLOSED trigger on form...
   No compilation errors.

Compiling WHEN-WINDOW-ACTIVATED trigger on form...
   No compilation errors.

Compiling WHEN-WINDOW-RESIZED trigger on form...
   No compilation errors.

Compiling WHEN-TAB-PAGE-CHANGED trigger on form...
   No compilation errors.

Compiling KEY-PREV-ITEM trigger on form...
   No compilation errors.

Compiling POST-TEXT-ITEM trigger on form...
   No compilation errors.

Compiling WHEN-FORM-NAVIGATE trigger on form...
   No compilation errors.

Compiling ON-CLEAR-DETAILS trigger on form...
   No compilation errors.

Compiling ON-POPULATE-DETAILS trigger on form...
   No compilation errors.

Compiling KEY-ENTQRY trigger on form...
   No compilation errors.

Compiling KEY-EXEQRY trigger on form...
   No compilation errors.

Compiling KEY-CQUERY trigger on form...
   No compilation errors.

Compiling KEY-CLRBLK trigger on form...
   No compilation errors.

Compiling KEY-CLRREC trigger on form...
   No compilation errors.

Compiling KEY-NXTKEY trigger on form...
   No compilation errors.

Compiling WHEN-TREE-NODE-EXPANDED trigger on CG$NAVIGATOR_ITEM item in CG$NAVIGATOR_BLOCK data block...
   No compilation errors.

Compiling WHEN-TREE-NODE-SELECTED trigger on CG$NAVIGATOR_ITEM item in CG$NAVIGATOR_BLOCK data block...
   No compilation errors.

Compiling KEY-CLRREC trigger on QMS$TRANS_ERRORS data block...
   No compilation errors.

Compiling KEY-CREREC trigger on QMS$TRANS_ERRORS data block...
   No compilation errors.

Compiling KEY-DOWN trigger on QMS$TRANS_ERRORS data block...
   No compilation errors.

Compiling KEY-NXTREC trigger on QMS$TRANS_ERRORS data block...
   No compilation errors.

Compiling KEY-SCRDOWN trigger on QMS$TRANS_ERRORS data block...
   No compilation errors.

Compiling KEY-UP trigger on QMS$TRANS_ERRORS data block...
   No compilation errors.

Compiling KEY-PRVREC trigger on QMS$TRANS_ERRORS data block...
   No compilation errors.

Compiling KEY-SCRUP trigger on QMS$TRANS_ERRORS data block...
   No compilation errors.

Compiling ON-ERROR trigger on QMS$TRANS_ERRORS data block...
   No compilation errors.

Compiling PRE-BLOCK trigger on QMS$TRANS_ERRORS data block...
   No compilation errors.

Compiling WHEN-NEW-BLOCK-INSTANCE trigger on QMS$TRANS_ERRORS data block...
   No compilation errors.

Compiling ON-LOCK trigger on QMS$TRANS_ERRORS data block...
   No compilation errors.

Compiling WHEN-VALIDATE-RECORD trigger on QMS$TRANS_ERRORS data block...
   No compilation errors.

Compiling WHEN-BUTTON-PRESSED trigger on QMS$TRANS_ERRORS data block...
   No compilation errors.

Compiling WHEN-LIST-ACTIVATED trigger on QMS$TRANS_ERRORS data block...
   No compilation errors.

Compiling WHEN-NEW-ITEM-INSTANCE trigger on OK_BUTTON item in QMS$TRANS_ERRORS data block...
   No compilation errors.

Compiling WHEN-BUTTON-PRESSED trigger on OK_BUTTON item in QMS$TRANS_ERRORS data block...
   No compilation errors.

Compiling WHEN-LIST-CHANGED trigger on MESSAGES item in QMS$TRANS_ERRORS data block...
   No compilation errors.

Compiling WHEN-NEW-ITEM-INSTANCE trigger on HELP_BUTTON item in QMS$TRANS_ERRORS data block...
   No compilation errors.

Compiling WHEN-BUTTON-PRESSED trigger on HELP_BUTTON item in QMS$TRANS_ERRORS data block...
   No compilation errors.

Compiling WHEN-NEW-ITEM-INSTANCE trigger on OK_BUTTON_MODAL item in QMS$TRANS_ERRORS data block...
   No compilation errors.

Compiling WHEN-BUTTON-PRESSED trigger on OK_BUTTON_MODAL item in QMS$TRANS_ERRORS data block...
   No compilation errors.

Compiling WHEN-LIST-CHANGED trigger on MESSAGES_MODAL item in QMS$TRANS_ERRORS data block...
   No compilation errors.

Compiling WHEN-NEW-ITEM-INSTANCE trigger on HELP_BUTTON_MODAL item in QMS$TRANS_ERRORS data block...
   No compilation errors.

Compiling WHEN-BUTTON-PRESSED trigger on HELP_BUTTON_MODAL item in QMS$TRANS_ERRORS data block...
   No compilation errors.

Compiling WHEN-NEW-ITEM-INSTANCE trigger on RETURN_TO_BLOCK item in QMS$TRANS_ERRORS data block...
   No compilation errors.

Compiling WHEN-RADIO-CHANGED trigger on CALENDAR data block...
   No compilation errors.

Compiling KEY-OTHERS trigger on CALENDAR data block...
   No compilation errors.

Compiling KEY-NEXT-ITEM trigger on CALENDAR data block...
   No compilation errors.

Compiling KEY-PREV-ITEM trigger on CALENDAR data block...
   No compilation errors.

Compiling KEY-ENTER trigger on CALENDAR data block...
   No compilation errors.

Compiling WHEN-BUTTON-PRESSED trigger on CALENDAR data block...
   No compilation errors.

Compiling WHEN-LIST-CHANGED trigger on CALENDAR data block...
   No compilation errors.

Compiling WHEN-MOUSE-CLICK trigger on CALENDAR data block...
   No compilation errors.

Compiling KEY-DOWN trigger on CALENDAR data block...
   No compilation errors.

Compiling KEY-UP trigger on CALENDAR data block...
   No compilation errors.

Compiling KEY-NXTREC trigger on CALENDAR data block...
   No compilation errors.

Compiling KEY-PRVREC trigger on CALENDAR data block...
   No compilation errors.

Compiling WHEN-MOUSE-DOUBLECLICK trigger on CALENDAR data block...
   No compilation errors.

Compiling WHEN-NEW-ITEM-INSTANCE trigger on HOUR item in CALENDAR data block...
   No compilation errors.

Compiling WHEN-NEW-ITEM-INSTANCE trigger on MINUTE item in CALENDAR data block...
   No compilation errors.

Compiling WHEN-NEW-ITEM-INSTANCE trigger on OK item in CALENDAR data block...
   No compilation errors.

Compiling WHEN-BUTTON-PRESSED trigger on OK item in CALENDAR data block...
   No compilation errors.

Compiling WHEN-NEW-ITEM-INSTANCE trigger on CANCEL item in CALENDAR data block...
   No compilation errors.

Compiling WHEN-BUTTON-PRESSED trigger on CANCEL item in CALENDAR data block...
   No compilation errors.

Compiling WHEN-MOUSE-CLICK trigger on PREV_MONTH item in CALENDAR data block...
   No compilation errors.

Compiling WHEN-MOUSE-CLICK trigger on NEXT_MONTH item in CALENDAR data block...
   No compilation errors.

Compiling WHEN-MOUSE-CLICK trigger on NEXT_YEAR item in CALENDAR data block...
   No compilation errors.

Compiling WHEN-MOUSE-CLICK trigger on PREV_YEAR item in CALENDAR data block...
   No compilation errors.

Compiling WHEN-NEW-ITEM-INSTANCE trigger on AM_PM item in CALENDAR data block...
   No compilation errors.

Compiling WHEN-BUTTON-PRESSED trigger on QMS$TOOLBAR data block...
   No compilation errors.

Compiling WHEN-LIST-CHANGED trigger on ORDER_BY item in QMS$TOOLBAR data block...
   No compilation errors.

Compiling ON-LOCK trigger on PCN data block...
   No compilation errors.

Compiling POST-INSERT trigger on PCN data block...
   No compilation errors.

Compiling POST-QUERY trigger on PCN data block...
   No compilation errors.

Compiling PRE-BLOCK trigger on PCN data block...
   No compilation errors.

Compiling PRE-QUERY trigger on PCN data block...
   No compilation errors.

Compiling WHEN-DATABASE-RECORD trigger on PCN data block...
   No compilation errors.

Compiling WHEN-NEW-BLOCK-INSTANCE trigger on PCN data block...
   No compilation errors.

Compiling WHEN-NEW-RECORD-INSTANCE trigger on PCN data block...
   No compilation errors.

Compiling WHEN-REMOVE-RECORD trigger on PCN data block...
   No compilation errors.

Compiling POST-SELECT trigger on PCN data block...
   No compilation errors.

Compiling ON-ERROR trigger on PCN data block...
   No compilation errors.

Compiling WHEN-NEW-ITEM-INSTANCE trigger on NUMERO_HC item in PCN data block...
   No compilation errors.

Compiling WHEN-NEW-ITEM-INSTANCE trigger on APELLIDO_PATERNO item in PCN data block...
   No compilation errors.

Compiling WHEN-NEW-ITEM-INSTANCE trigger on APELLIDO_MATERNO item in PCN data block...
   No compilation errors.

Compiling WHEN-NEW-ITEM-INSTANCE trigger on PRIMER_NOMBRE item in PCN data block...
   No compilation errors.

Compiling WHEN-NEW-ITEM-INSTANCE trigger on SEGUNDO_NOMBRE item in PCN data block...
   No compilation errors.

Compiling ON-LOCK trigger on HST data block...
   No compilation errors.

Compiling POST-INSERT trigger on HST data block...
   No compilation errors.

Compiling POST-QUERY trigger on HST data block...
   No compilation errors.

Compiling PRE-BLOCK trigger on HST data block...
   No compilation errors.

Compiling PRE-QUERY trigger on HST data block...
   No compilation errors.

Compiling WHEN-DATABASE-RECORD trigger on HST data block...
   No compilation errors.

Compiling WHEN-NEW-BLOCK-INSTANCE trigger on HST data block...
   No compilation errors.

Compiling WHEN-NEW-RECORD-INSTANCE trigger on HST data block...
   No compilation errors.

Compiling WHEN-REMOVE-RECORD trigger on HST data block...
   No compilation errors.

Compiling POST-SELECT trigger on HST data block...
   No compilation errors.

Compiling ON-ERROR trigger on HST data block...
   No compilation errors.

Compiling WHEN-NEW-ITEM-INSTANCE trigger on FECHA item in HST data block...
   No compilation errors.

Compiling KEY-LISTVAL trigger on FECHA item in HST data block...
   No compilation errors.

Compiling WHEN-NEW-ITEM-INSTANCE trigger on TIPO item in HST data block...
   No compilation errors.

Compiling WHEN-NEW-ITEM-INSTANCE trigger on TIPO1 item in HST data block...
   No compilation errors.

Compiling WHEN-NEW-ITEM-INSTANCE trigger on DESCRIPCION item in HST data block...
   No compilation errors.

Compiling WHEN-NEW-ITEM-INSTANCE trigger on SECUENCIA2 item in HST data block...
   No compilation errors.

Compiling WHEN-NEW-ITEM-INSTANCE trigger on NUMERO_HC item in HST data block...
   No compilation errors.

Compiling ON-LOCK trigger on ANTPRS data block...
   No compilation errors.

Compiling POST-INSERT trigger on ANTPRS data block...
   No compilation errors.

Compiling POST-QUERY trigger on ANTPRS data block...
   No compilation errors.

Compiling PRE-BLOCK trigger on ANTPRS data block...
   No compilation errors.

Compiling PRE-QUERY trigger on ANTPRS data block...
   No compilation errors.

Compiling WHEN-DATABASE-RECORD trigger on ANTPRS data block...
   No compilation errors.

Compiling WHEN-NEW-BLOCK-INSTANCE trigger on ANTPRS data block...
   No compilation errors.

Compiling WHEN-NEW-RECORD-INSTANCE trigger on ANTPRS data block...
   No compilation errors.

Compiling WHEN-REMOVE-RECORD trigger on ANTPRS data block...
   No compilation errors.

Compiling POST-SELECT trigger on ANTPRS data block...
   No compilation errors.

Compiling ON-ERROR trigger on ANTPRS data block...
   No compilation errors.

Compiling WHEN-NEW-ITEM-INSTANCE trigger on L_TPOANTPRS_DESCRIPCION item in ANTPRS data block...
   No compilation errors.

Compiling WHEN-VALIDATE-ITEM trigger on L_TPOANTPRS_DESCRIPCION item in ANTPRS data block...
   No compilation errors.

Compiling WHEN-NEW-ITEM-INSTANCE trigger on L_ENF_ENFERMEDAD item in ANTPRS data block...
   No compilation errors.

Compiling WHEN-NEW-ITEM-INSTANCE trigger on PCN_NUMERO_HC2 item in ANTPRS data block...
   No compilation errors.

Compiling WHEN-NEW-ITEM-INSTANCE trigger on EDAD item in ANTPRS data block...
   No compilation errors.

Compiling WHEN-NEW-ITEM-INSTANCE trigger on CONDICION item in ANTPRS data block...
   No compilation errors.

Compiling WHEN-NEW-ITEM-INSTANCE trigger on OBSERVACIONES item in ANTPRS data block...
   No compilation errors.

Compiling WHEN-NEW-ITEM-INSTANCE trigger on TPOANTPRS_ID2 item in ANTPRS data block...
   No compilation errors.

Compiling WHEN-NEW-ITEM-INSTANCE trigger on ENF_CODIGO2 item in ANTPRS data block...
   No compilation errors.

Compiling ON-LOCK trigger on ANTFML data block...
   No compilation errors.

Compiling POST-INSERT trigger on ANTFML data block...
   No compilation errors.

Compiling POST-QUERY trigger on ANTFML data block...
   No compilation errors.

Compiling PRE-BLOCK trigger on ANTFML data block...
   No compilation errors.

Compiling PRE-QUERY trigger on ANTFML data block...
   No compilation errors.

Compiling WHEN-DATABASE-RECORD trigger on ANTFML data block...
   No compilation errors.

Compiling WHEN-NEW-BLOCK-INSTANCE trigger on ANTFML data block...
   No compilation errors.

Compiling WHEN-NEW-RECORD-INSTANCE trigger on ANTFML data block...
   No compilation errors.

Compiling WHEN-REMOVE-RECORD trigger on ANTFML data block...
   No compilation errors.

Compiling POST-SELECT trigger on ANTFML data block...
   No compilation errors.

Compiling ON-ERROR trigger on ANTFML data block...
   No compilation errors.

Compiling WHEN-NEW-ITEM-INSTANCE trigger on L_TPOANTFML_DESCRIPCION item in ANTFML data block...
   No compilation errors.

Compiling WHEN-VALIDATE-ITEM trigger on L_TPOANTFML_DESCRIPCION item in ANTFML data block...
   No compilation errors.

Compiling WHEN-NEW-ITEM-INSTANCE trigger on EDAD item in ANTFML data block...
   No compilation errors.

Compiling WHEN-NEW-ITEM-INSTANCE trigger on PARENTEZCO item in ANTFML data block...
   No compilation errors.

Compiling WHEN-NEW-ITEM-INSTANCE trigger on L_ENF_ENFERMEDAD item in ANTFML data block...
   No compilation errors.

Compiling WHEN-NEW-ITEM-INSTANCE trigger on ESTADO item in ANTFML data block...
   No compilation errors.

Compiling WHEN-NEW-ITEM-INSTANCE trigger on OBSERVACIONES item in ANTFML data block...
   No compilation errors.

Compiling WHEN-NEW-ITEM-INSTANCE trigger on PCN_NUMERO_HC item in ANTFML data block...
   No compilation errors.

Compiling WHEN-NEW-ITEM-INSTANCE trigger on TPOANTFML_ID item in ANTFML data block...
   No compilation errors.

Compiling WHEN-NEW-ITEM-INSTANCE trigger on ENF_CODIGO item in ANTFML data block...
   No compilation errors.

Compiling ON-LOCK trigger on ANTGNCOBS data block...
   No compilation errors.

Compiling POST-INSERT trigger on ANTGNCOBS data block...
   No compilation errors.

Compiling POST-QUERY trigger on ANTGNCOBS data block...
   No compilation errors.

Compiling PRE-BLOCK trigger on ANTGNCOBS data block...
   No compilation errors.

Compiling PRE-QUERY trigger on ANTGNCOBS data block...
   No compilation errors.

Compiling WHEN-DATABASE-RECORD trigger on ANTGNCOBS data block...
   No compilation errors.

Compiling WHEN-NEW-BLOCK-INSTANCE trigger on ANTGNCOBS data block...
   No compilation errors.

Compiling WHEN-NEW-RECORD-INSTANCE trigger on ANTGNCOBS data block...
   No compilation errors.

Compiling WHEN-REMOVE-RECORD trigger on ANTGNCOBS data block...
   No compilation errors.

Compiling POST-SELECT trigger on ANTGNCOBS data block...
   No compilation errors.

Compiling ON-ERROR trigger on ANTGNCOBS data block...
   No compilation errors.

Compiling WHEN-NEW-ITEM-INSTANCE trigger on MENARQUIA item in ANTGNCOBS data block...
   No compilation errors.

Compiling WHEN-NEW-ITEM-INSTANCE trigger on CICLOS_MENSTRUALES item in ANTGNCOBS data block...
   No compilation errors.

Compiling WHEN-NEW-ITEM-INSTANCE trigger on MENOPAUSIA item in ANTGNCOBS data block...
   No compilation errors.

Compiling WHEN-NEW-ITEM-INSTANCE trigger on VSA item in ANTGNCOBS data block...
   No compilation errors.

Compiling WHEN-NEW-ITEM-INSTANCE trigger on FUM item in ANTGNCOBS data block...
   No compilation errors.

Compiling KEY-LISTVAL trigger on FUM item in ANTGNCOBS data block...
   No compilation errors.

Compiling WHEN-NEW-ITEM-INSTANCE trigger on GESTACIONES item in ANTGNCOBS data block...
   No compilation errors.

Compiling WHEN-NEW-ITEM-INSTANCE trigger on PARTOS item in ANTGNCOBS data block...
   No compilation errors.

Compiling WHEN-NEW-ITEM-INSTANCE trigger on ABORTOS item in ANTGNCOBS data block...
   No compilation errors.

Compiling WHEN-NEW-ITEM-INSTANCE trigger on CESAREAS item in ANTGNCOBS data block...
   No compilation errors.

Compiling WHEN-NEW-ITEM-INSTANCE trigger on HIJOS_VIVOS item in ANTGNCOBS data block...
   No compilation errors.

Compiling WHEN-NEW-ITEM-INSTANCE trigger on FUP item in ANTGNCOBS data block...
   No compilation errors.

Compiling KEY-LISTVAL trigger on FUP item in ANTGNCOBS data block...
   No compilation errors.

Compiling WHEN-NEW-ITEM-INSTANCE trigger on METODO_DE_REGULACION item in ANTGNCOBS data block...
   No compilation errors.

Compiling WHEN-NEW-ITEM-INSTANCE trigger on TRH item in ANTGNCOBS data block...
   No compilation errors.

Compiling WHEN-NEW-ITEM-INSTANCE trigger on FUC item in ANTGNCOBS data block...
   No compilation errors.

Compiling KEY-LISTVAL trigger on FUC item in ANTGNCOBS data block...
   No compilation errors.

Compiling WHEN-NEW-ITEM-INSTANCE trigger on MAMOGRAFIA item in ANTGNCOBS data block...
   No compilation errors.

Compiling WHEN-NEW-ITEM-INSTANCE trigger on OBSERVACIONES item in ANTGNCOBS data block...
   No compilation errors.

Compiling WHEN-NEW-ITEM-INSTANCE trigger on PCN_NUMERO_HC item in ANTGNCOBS data block...
   No compilation errors.

Compiling ON-LOCK trigger on HBT data block...
   No compilation errors.

Compiling POST-INSERT trigger on HBT data block...
   No compilation errors.

Compiling POST-QUERY trigger on HBT data block...
   No compilation errors.

Compiling PRE-BLOCK trigger on HBT data block...
   No compilation errors.

Compiling PRE-QUERY trigger on HBT data block...
   No compilation errors.

Compiling WHEN-DATABASE-RECORD trigger on HBT data block...
   No compilation errors.

Compiling WHEN-NEW-BLOCK-INSTANCE trigger on HBT data block...
   No compilation errors.

Compiling WHEN-NEW-RECORD-INSTANCE trigger on HBT data block...
   No compilation errors.

Compiling WHEN-REMOVE-RECORD trigger on HBT data block...
   No compilation errors.

Compiling POST-SELECT trigger on HBT data block...
   No compilation errors.

Compiling ON-ERROR trigger on HBT data block...
   No compilation errors.

Compiling WHEN-NEW-ITEM-INSTANCE trigger on PCN_NUMERO_HC item in HBT data block...
   No compilation errors.

Compiling WHEN-NEW-ITEM-INSTANCE trigger on TABACO item in HBT data block...
   No compilation errors.

Compiling WHEN-NEW-ITEM-INSTANCE trigger on DROGAS item in HBT data block...
   No compilation errors.

Compiling WHEN-NEW-ITEM-INSTANCE trigger on VIAJES item in HBT data block...
   No compilation errors.

Compiling WHEN-NEW-ITEM-INSTANCE trigger on VIOLENCIA_DOMESTICA item in HBT data block...
   No compilation errors.

Compiling WHEN-NEW-ITEM-INSTANCE trigger on ALCOHOL item in HBT data block...
   No compilation errors.

Compiling WHEN-NEW-ITEM-INSTANCE trigger on TRANSFUCIONES item in HBT data block...
   No compilation errors.

Compiling WHEN-NEW-ITEM-INSTANCE trigger on FACTORES_PARA_HIV item in HBT data block...
   No compilation errors.

Compiling WHEN-NEW-ITEM-INSTANCE trigger on SEGURIDAD_HOGAR item in HBT data block...
   No compilation errors.

Compiling ON-LOCK trigger on ALR data block...
   No compilation errors.

Compiling POST-INSERT trigger on ALR data block...
   No compilation errors.

Compiling POST-QUERY trigger on ALR data block...
   No compilation errors.

Compiling PRE-BLOCK trigger on ALR data block...
   No compilation errors.

Compiling PRE-QUERY trigger on ALR data block...
   No compilation errors.

Compiling WHEN-DATABASE-RECORD trigger on ALR data block...
   No compilation errors.

Compiling WHEN-NEW-BLOCK-INSTANCE trigger on ALR data block...
   No compilation errors.

Compiling WHEN-NEW-RECORD-INSTANCE trigger on ALR data block...
   No compilation errors.

Compiling WHEN-REMOVE-RECORD trigger on ALR data block...
   No compilation errors.

Compiling POST-SELECT trigger on ALR data block...
   No compilation errors.

Compiling ON-ERROR trigger on ALR data block...
   No compilation errors.

Compiling WHEN-NEW-ITEM-INSTANCE trigger on DESCRIPCION item in ALR data block...
   No compilation errors.

Compiling WHEN-NEW-ITEM-INSTANCE trigger on PCN_NUMERO_HC item in ALR data block...
   No compilation errors.

Compiling WHEN-NEW-ITEM-INSTANCE trigger on L_TPOALR_DESCRIPCION item in ALR data block...
   No compilation errors.

Compiling WHEN-VALIDATE-ITEM trigger on L_TPOALR_DESCRIPCION item in ALR data block...
   No compilation errors.

Compiling WHEN-NEW-ITEM-INSTANCE trigger on L_ENF_ENFERMEDAD item in ALR data block...
   No compilation errors.

Compiling WHEN-NEW-ITEM-INSTANCE trigger on L_TPOALR_ENF_CODIGO2 item in ALR data block...
   No compilation errors.

Compiling WHEN-NEW-ITEM-INSTANCE trigger on L_ENF_CODIGO2 item in ALR data block...
   No compilation errors.

Compiling WHEN-NEW-ITEM-INSTANCE trigger on TPOALR_ID item in ALR data block...
   No compilation errors.

Compiling ON-LOCK trigger on EXPPRV data block...
   No compilation errors.

Compiling POST-INSERT trigger on EXPPRV data block...
   No compilation errors.

Compiling POST-QUERY trigger on EXPPRV data block...
   No compilation errors.

Compiling PRE-BLOCK trigger on EXPPRV data block...
   No compilation errors.

Compiling PRE-QUERY trigger on EXPPRV data block...
   No compilation errors.

Compiling WHEN-DATABASE-RECORD trigger on EXPPRV data block...
   No compilation errors.

Compiling WHEN-NEW-BLOCK-INSTANCE trigger on EXPPRV data block...
   No compilation errors.

Compiling WHEN-NEW-RECORD-INSTANCE trigger on EXPPRV data block...
   No compilation errors.

Compiling WHEN-REMOVE-RECORD trigger on EXPPRV data block...
   No compilation errors.

Compiling POST-SELECT trigger on EXPPRV data block...
   No compilation errors.

Compiling PRE-INSERT trigger on EXPPRV data block...
   No compilation errors.

Compiling KEY-DUPREC trigger on EXPPRV data block...
   No compilation errors.

Compiling ON-ERROR trigger on EXPPRV data block...
   No compilation errors.

Compiling WHEN-NEW-ITEM-INSTANCE trigger on ID item in EXPPRV data block...
   No compilation errors.

Compiling WHEN-NEW-ITEM-INSTANCE trigger on FECHA item in EXPPRV data block...
   No compilation errors.

Compiling KEY-LISTVAL trigger on FECHA item in EXPPRV data block...
   No compilation errors.

Compiling WHEN-NEW-ITEM-INSTANCE trigger on PCN_NUMERO_HC item in EXPPRV data block...
   No compilation errors.

Compiling WHEN-NEW-ITEM-INSTANCE trigger on INFORMACION_PREVIA item in EXPPRV data block...
   No compilation errors.

Compiling WHEN-NEW-ITEM-INSTANCE trigger on IMAGEN item in EXPPRV data block...
   No compilation errors.

Compiling WHEN-IMAGE-PRESSED trigger on IMAGEN item in EXPPRV data block...
   No compilation errors.

Compiling WHEN-IMAGE-ACTIVATED trigger on IMAGEN item in EXPPRV data block...
   No compilation errors.

Compiling WHEN-MOUSE-DOUBLECLICK trigger on IMAGEN item in EXPPRV data block...
   No compilation errors.

Compiling WHEN-NEW-ITEM-INSTANCE trigger on CTR_IMAGEN item in EXPPRV data block...
   No compilation errors.

Compiling WHEN-VALIDATE-ITEM trigger on CTR_IMAGEN item in EXPPRV data block...
   No compilation errors.

Compiling ON-LOCK trigger on IMG data block...
   No compilation errors.

Compiling POST-INSERT trigger on IMG data block...
   No compilation errors.

Compiling POST-QUERY trigger on IMG data block...
   No compilation errors.

Compiling PRE-BLOCK trigger on IMG data block...
   No compilation errors.

Compiling PRE-QUERY trigger on IMG data block...
   No compilation errors.

Compiling WHEN-DATABASE-RECORD trigger on IMG data block...
   No compilation errors.

Compiling WHEN-NEW-BLOCK-INSTANCE trigger on IMG data block...
   No compilation errors.

Compiling WHEN-NEW-RECORD-INSTANCE trigger on IMG data block...
   No compilation errors.

Compiling WHEN-REMOVE-RECORD trigger on IMG data block...
   No compilation errors.

Compiling POST-SELECT trigger on IMG data block...
   No compilation errors.

Compiling ON-ERROR trigger on IMG data block...
   No compilation errors.

Compiling WHEN-NEW-ITEM-INSTANCE trigger on EXPPRV_IMAGEN item in IMG data block...
   No compilation errors.

Compiling WHEN-NEW-ITEM-INSTANCE trigger on BTN_CERRAR item in IMG data block...
   No compilation errors.

Compiling WHEN-BUTTON-PRESSED trigger on BTN_CERRAR item in IMG data block...
   No compilation errors.

Compiling WHEN-NEW-ITEM-INSTANCE trigger on EXPPRV_ID2 item in IMG data block...
   No compilation errors.

Compiling WHEN-NEW-ITEM-INSTANCE trigger on EXPPRV_PCN_NUMERO_HC2 item in IMG data block...
   No compilation errors.

Compiling ON-LOCK trigger on HJSEVL data block...
   No compilation errors.

Compiling POST-INSERT trigger on HJSEVL data block...
   No compilation errors.

Compiling POST-QUERY trigger on HJSEVL data block...
   No compilation errors.

Compiling PRE-BLOCK trigger on HJSEVL data block...
   No compilation errors.

Compiling PRE-QUERY trigger on HJSEVL data block...
   No compilation errors.

Compiling WHEN-DATABASE-RECORD trigger on HJSEVL data block...
   No compilation errors.

Compiling WHEN-NEW-BLOCK-INSTANCE trigger on HJSEVL data block...
   No compilation errors.

Compiling WHEN-NEW-RECORD-INSTANCE trigger on HJSEVL data block...
   No compilation errors.

Compiling WHEN-REMOVE-RECORD trigger on HJSEVL data block...
   No compilation errors.

Compiling POST-SELECT trigger on HJSEVL data block...
   No compilation errors.

Compiling PRE-INSERT trigger on HJSEVL data block...
   No compilation errors.

Compiling KEY-DUPREC trigger on HJSEVL data block...
   No compilation errors.

Compiling ON-ERROR trigger on HJSEVL data block...
   No compilation errors.

Compiling WHEN-NEW-ITEM-INSTANCE trigger on PCN_NUMERO_HC item in HJSEVL data block...
   No compilation errors.

Compiling WHEN-NEW-ITEM-INSTANCE trigger on FECHA item in HJSEVL data block...
   No compilation errors.

Compiling KEY-LISTVAL trigger on FECHA item in HJSEVL data block...
   No compilation errors.

Compiling WHEN-NEW-ITEM-INSTANCE trigger on PRS_CODIGO item in HJSEVL data block...
   No compilation errors.

Compiling WHEN-NEW-ITEM-INSTANCE trigger on L_PRS_APELLIDOS item in HJSEVL data block...
   No compilation errors.

Compiling WHEN-NEW-ITEM-INSTANCE trigger on L_PRS_NOMBRES item in HJSEVL data block...
   No compilation errors.

Compiling WHEN-NEW-ITEM-INSTANCE trigger on SERVICIO_CEX item in HJSEVL data block...
   No compilation errors.

Compiling WHEN-NEW-ITEM-INSTANCE trigger on MOTIVO item in HJSEVL data block...
   No compilation errors.

Compiling WHEN-NEW-ITEM-INSTANCE trigger on DESCRIPCION item in HJSEVL data block...
   No compilation errors.

Compiling WHEN-NEW-ITEM-INSTANCE trigger on RESULTADO_EXAMEN_FISICO item in HJSEVL data block...
   No compilation errors.

Compiling WHEN-NEW-ITEM-INSTANCE trigger on NUMERO item in HJSEVL data block...
   No compilation errors.

Compiling KEY-CLRREC trigger on CGNV$HJSEVL_1 data block...
   No compilation errors.

Compiling KEY-CREREC trigger on CGNV$HJSEVL_1 data block...
   No compilation errors.

Compiling KEY-DOWN trigger on CGNV$HJSEVL_1 data block...
   No compilation errors.

Compiling KEY-NXTREC trigger on CGNV$HJSEVL_1 data block...
   No compilation errors.

Compiling KEY-SCRDOWN trigger on CGNV$HJSEVL_1 data block...
   No compilation errors.

Compiling KEY-UP trigger on CGNV$HJSEVL_1 data block...
   No compilation errors.

Compiling KEY-PRVREC trigger on CGNV$HJSEVL_1 data block...
   No compilation errors.

Compiling KEY-SCRUP trigger on CGNV$HJSEVL_1 data block...
   No compilation errors.

Compiling ON-ERROR trigger on CGNV$HJSEVL_1 data block...
   No compilation errors.

Compiling PRE-BLOCK trigger on CGNV$HJSEVL_1 data block...
   No compilation errors.

Compiling WHEN-NEW-BLOCK-INSTANCE trigger on CGNV$HJSEVL_1 data block...
   No compilation errors.

Compiling WHEN-NEW-ITEM-INSTANCE trigger on HJSEVL_SGNVTL item in CGNV$HJSEVL_1 data block...
   No compilation errors.

Compiling WHEN-BUTTON-PRESSED trigger on HJSEVL_SGNVTL item in CGNV$HJSEVL_1 data block...
   No compilation errors.

Compiling ON-LOCK trigger on SGNVTL data block...
   No compilation errors.

Compiling POST-INSERT trigger on SGNVTL data block...
   No compilation errors.

Compiling POST-QUERY trigger on SGNVTL data block...
   No compilation errors.

Compiling PRE-BLOCK trigger on SGNVTL data block...
   No compilation errors.

Compiling PRE-QUERY trigger on SGNVTL data block...
   No compilation errors.

Compiling WHEN-DATABASE-RECORD trigger on SGNVTL data block...
   No compilation errors.

Compiling WHEN-NEW-BLOCK-INSTANCE trigger on SGNVTL data block...
   No compilation errors.

Compiling WHEN-NEW-RECORD-INSTANCE trigger on SGNVTL data block...
   No compilation errors.

Compiling WHEN-REMOVE-RECORD trigger on SGNVTL data block...
   No compilation errors.

Compiling POST-SELECT trigger on SGNVTL data block...
   No compilation errors.

Compiling ON-ERROR trigger on SGNVTL data block...
   No compilation errors.

Compiling WHEN-NEW-ITEM-INSTANCE trigger on FECHA item in SGNVTL data block...
   No compilation errors.

Compiling KEY-LISTVAL trigger on FECHA item in SGNVTL data block...
   No compilation errors.

Compiling WHEN-NEW-ITEM-INSTANCE trigger on PRESION_ARTERIAL item in SGNVTL data block...
   No compilation errors.

Compiling WHEN-NEW-ITEM-INSTANCE trigger on PULSO item in SGNVTL data block...
   No compilation errors.

Compiling WHEN-NEW-ITEM-INSTANCE trigger on TEMPERATURA_BUCAL item in SGNVTL data block...
   No compilation errors.

Compiling WHEN-NEW-ITEM-INSTANCE trigger on TEMPERATURA_AXILAR item in SGNVTL data block...
   No compilation errors.

Compiling WHEN-NEW-ITEM-INSTANCE trigger on PESO item in SGNVTL data block...
   No compilation errors.

Compiling WHEN-NEW-ITEM-INSTANCE trigger on TALLA item in SGNVTL data block...
   No compilation errors.

Compiling WHEN-NEW-ITEM-INSTANCE trigger on PERIMETRO_CEFALICO item in SGNVTL data block...
   No compilation errors.

Compiling WHEN-NEW-ITEM-INSTANCE trigger on IMC item in SGNVTL data block...
   No compilation errors.

Compiling WHEN-NEW-ITEM-INSTANCE trigger on CINTURA_ABDOMINAL item in SGNVTL data block...
   No compilation errors.

Compiling WHEN-NEW-ITEM-INSTANCE trigger on OBSERVACIONES item in SGNVTL data block...
   No compilation errors.

Compiling WHEN-NEW-ITEM-INSTANCE trigger on HJAEVL_NUMERO item in SGNVTL data block...
   No compilation errors.

Compiling ON-LOCK trigger on TRN data block...
   No compilation errors.

Compiling POST-INSERT trigger on TRN data block...
   No compilation errors.

Compiling POST-QUERY trigger on TRN data block...
   No compilation errors.

Compiling PRE-BLOCK trigger on TRN data block...
   No compilation errors.

Compiling PRE-QUERY trigger on TRN data block...
   No compilation errors.

Compiling WHEN-DATABASE-RECORD trigger on TRN data block...
   No compilation errors.

Compiling WHEN-NEW-BLOCK-INSTANCE trigger on TRN data block...
   No compilation errors.

Compiling WHEN-NEW-RECORD-INSTANCE trigger on TRN data block...
   No compilation errors.

Compiling WHEN-REMOVE-RECORD trigger on TRN data block...
   No compilation errors.

Compiling POST-SELECT trigger on TRN data block...
   No compilation errors.

Compiling ON-ERROR trigger on TRN data block...
   No compilation errors.

Compiling WHEN-MOUSE-CLICK trigger on TRN data block...
   No compilation errors.

Compiling KEY-UP trigger on TRN data block...
   No compilation errors.

Compiling KEY-DOWN trigger on TRN data block...
   No compilation errors.

Compiling WHEN-NEW-ITEM-INSTANCE trigger on FECHA item in TRN data block...
   No compilation errors.

Compiling KEY-LISTVAL trigger on FECHA item in TRN data block...
   No compilation errors.

Compiling WHEN-NEW-ITEM-INSTANCE trigger on NUMERO item in TRN data block...
   No compilation errors.

Compiling WHEN-NEW-ITEM-INSTANCE trigger on NUMERO_ID2 item in TRN data block...
   No compilation errors.

Compiling WHEN-NEW-ITEM-INSTANCE trigger on PCN_NUMERO_HC2 item in TRN data block...
   No compilation errors.

Compiling WHEN-NEW-ITEM-INSTANCE trigger on TIPO item in TRN data block...
   No compilation errors.

Compiling WHEN-NEW-ITEM-INSTANCE trigger on MOTIVO item in TRN data block...
   No compilation errors.

Compiling WHEN-NEW-ITEM-INSTANCE trigger on FECHA_CREACION item in TRN data block...
   No compilation errors.

Compiling KEY-LISTVAL trigger on FECHA_CREACION item in TRN data block...
   No compilation errors.

Compiling ON-LOCK trigger on RVSSTM data block...
   No compilation errors.

Compiling POST-INSERT trigger on RVSSTM data block...
   No compilation errors.

Compiling POST-QUERY trigger on RVSSTM data block...
   No compilation errors.

Compiling PRE-BLOCK trigger on RVSSTM data block...
   No compilation errors.

Compiling PRE-QUERY trigger on RVSSTM data block...
   No compilation errors.

Compiling WHEN-DATABASE-RECORD trigger on RVSSTM data block...
   No compilation errors.

Compiling WHEN-NEW-BLOCK-INSTANCE trigger on RVSSTM data block...
   No compilation errors.

Compiling WHEN-NEW-RECORD-INSTANCE trigger on RVSSTM data block...
   No compilation errors.

Compiling WHEN-REMOVE-RECORD trigger on RVSSTM data block...
   No compilation errors.

Compiling POST-SELECT trigger on RVSSTM data block...
   No compilation errors.

Compiling ON-ERROR trigger on RVSSTM data block...
   No compilation errors.

Compiling WHEN-NEW-ITEM-INSTANCE trigger on TIPO item in RVSSTM data block...
   No compilation errors.

Compiling WHEN-VALIDATE-ITEM trigger on TIPO item in RVSSTM data block...
   No compilation errors.

Compiling WHEN-NEW-ITEM-INSTANCE trigger on PATOLOGIA item in RVSSTM data block...
   No compilation errors.

Compiling WHEN-NEW-ITEM-INSTANCE trigger on DESCRIPCION item in RVSSTM data block...
   No compilation errors.

Compiling WHEN-NEW-ITEM-INSTANCE trigger on TRN_CE_NUMERO_ID item in RVSSTM data block...
   No compilation errors.

Compiling ON-LOCK trigger on EXPFSC data block...
   No compilation errors.

Compiling POST-INSERT trigger on EXPFSC data block...
   No compilation errors.

Compiling POST-QUERY trigger on EXPFSC data block...
   No compilation errors.

Compiling PRE-BLOCK trigger on EXPFSC data block...
   No compilation errors.

Compiling PRE-QUERY trigger on EXPFSC data block...
   No compilation errors.

Compiling WHEN-DATABASE-RECORD trigger on EXPFSC data block...
   No compilation errors.

Compiling WHEN-NEW-BLOCK-INSTANCE trigger on EXPFSC data block...
   No compilation errors.

Compiling WHEN-NEW-RECORD-INSTANCE trigger on EXPFSC data block...
   No compilation errors.

Compiling WHEN-REMOVE-RECORD trigger on EXPFSC data block...
   No compilation errors.

Compiling POST-SELECT trigger on EXPFSC data block...
   No compilation errors.

Compiling ON-ERROR trigger on EXPFSC data block...
   No compilation errors.

Compiling WHEN-NEW-ITEM-INSTANCE trigger on TIPO item in EXPFSC data block...
   No compilation errors.

Compiling WHEN-VALIDATE-ITEM trigger on TIPO item in EXPFSC data block...
   No compilation errors.

Compiling WHEN-NEW-ITEM-INSTANCE trigger on ESTADO item in EXPFSC data block...
   No compilation errors.

Compiling WHEN-NEW-ITEM-INSTANCE trigger on DESCRIPCION item in EXPFSC data block...
   No compilation errors.

Compiling WHEN-NEW-ITEM-INSTANCE trigger on TRN_CE_NUMERO_ID item in EXPFSC data block...
   No compilation errors.

Compiling ON-LOCK trigger on PRB data block...
   No compilation errors.

Compiling POST-INSERT trigger on PRB data block...
   No compilation errors.

Compiling POST-QUERY trigger on PRB data block...
   No compilation errors.

Compiling PRE-BLOCK trigger on PRB data block...
   No compilation errors.

Compiling PRE-QUERY trigger on PRB data block...
   No compilation errors.

Compiling WHEN-DATABASE-RECORD trigger on PRB data block...
   No compilation errors.

Compiling WHEN-NEW-BLOCK-INSTANCE trigger on PRB data block...
   No compilation errors.

Compiling WHEN-NEW-RECORD-INSTANCE trigger on PRB data block...
   No compilation errors.

Compiling WHEN-REMOVE-RECORD trigger on PRB data block...
   No compilation errors.

Compiling POST-SELECT trigger on PRB data block...
   No compilation errors.

Compiling PRE-INSERT trigger on PRB data block...
   No compilation errors.

Compiling ON-ERROR trigger on PRB data block...
   No compilation errors.

Compiling WHEN-NEW-ITEM-INSTANCE trigger on NUMERO item in PRB data block...
   No compilation errors.

Compiling WHEN-NEW-ITEM-INSTANCE trigger on DESCRIPCION item in PRB data block...
   No compilation errors.

Compiling WHEN-NEW-ITEM-INSTANCE trigger on FECHA_DE_APARICION item in PRB data block...
   No compilation errors.

Compiling KEY-LISTVAL trigger on FECHA_DE_APARICION item in PRB data block...
   No compilation errors.

Compiling WHEN-NEW-ITEM-INSTANCE trigger on FECHA_DE_REGISTRO item in PRB data block...
   No compilation errors.

Compiling KEY-LISTVAL trigger on FECHA_DE_REGISTRO item in PRB data block...
   No compilation errors.

Compiling WHEN-NEW-ITEM-INSTANCE trigger on ESTADO item in PRB data block...
   No compilation errors.

Compiling WHEN-NEW-ITEM-INSTANCE trigger on FECHA_DE_RESOLUCION item in PRB data block...
   No compilation errors.

Compiling KEY-LISTVAL trigger on FECHA_DE_RESOLUCION item in PRB data block...
   No compilation errors.

Compiling WHEN-NEW-ITEM-INSTANCE trigger on TRN_CE_NUMERO_ID item in PRB data block...
   No compilation errors.

Compiling KEY-CLRREC trigger on CG$CTRL data block...
   No compilation errors.

Compiling KEY-CREREC trigger on CG$CTRL data block...
   No compilation errors.

Compiling KEY-DOWN trigger on CG$CTRL data block...
   No compilation errors.

Compiling KEY-NXTREC trigger on CG$CTRL data block...
   No compilation errors.

Compiling KEY-SCRDOWN trigger on CG$CTRL data block...
   No compilation errors.

Compiling KEY-UP trigger on CG$CTRL data block...
   No compilation errors.

Compiling KEY-PRVREC trigger on CG$CTRL data block...
   No compilation errors.

Compiling KEY-SCRUP trigger on CG$CTRL data block...
   No compilation errors.

Compiling ON-ERROR trigger on CG$CTRL data block...
   No compilation errors.

Compiling PRE-BLOCK trigger on CG$CTRL data block...
   No compilation errors.

Compiling WHEN-NEW-BLOCK-INSTANCE trigger on CG$CTRL data block...
   No compilation errors.

Compiling WHEN-NEW-ITEM-INSTANCE trigger on CG$CG$NAVIGATOR_ITEM_LAST_NODE item in CG$CTRL data block...
   No compilation errors.

Compiling WHEN-NEW-ITEM-INSTANCE trigger on CG$PAGE_1_LIST item in CG$CTRL data block...
   No compilation errors.

Compiling WHEN-NEW-ITEM-INSTANCE trigger on CG$PAGE_2_LIST item in CG$CTRL data block...
   No compilation errors.

Compiling WHEN-NEW-ITEM-INSTANCE trigger on CG$PAGE_3_LIST item in CG$CTRL data block...
   No compilation errors.

Compiling WHEN-NEW-ITEM-INSTANCE trigger on CG$PAGE_4_LIST item in CG$CTRL data block...
   No compilation errors.

Compiling WHEN-NEW-ITEM-INSTANCE trigger on CG$PAGE_5_LIST item in CG$CTRL data block...
   No compilation errors.

Compiling WHEN-NEW-ITEM-INSTANCE trigger on CG$PAGE_6_LIST item in CG$CTRL data block...
   No compilation errors.

Compiling WHEN-NEW-ITEM-INSTANCE trigger on CG$PAGE_7_LIST item in CG$CTRL data block...
   No compilation errors.

Compiling WHEN-NEW-ITEM-INSTANCE trigger on CG$PAGE_8_LIST item in CG$CTRL data block...
   No compilation errors.

Compiling WHEN-NEW-ITEM-INSTANCE trigger on CG$PAGE_9_LIST item in CG$CTRL data block...
   No compilation errors.

Compiling WHEN-NEW-ITEM-INSTANCE trigger on CG$PAGE_10_LIST item in CG$CTRL data block...
   No compilation errors.

Compiling WHEN-NEW-ITEM-INSTANCE trigger on CG$PAGE_11_LIST item in CG$CTRL data block...
   No compilation errors.

Compiling WHEN-NEW-ITEM-INSTANCE trigger on CG$PAGE_12_LIST item in CG$CTRL data block...
   No compilation errors.

Compiling WHEN-NEW-ITEM-INSTANCE trigger on CG$WINDOWCG$NAVIGATOR_WINDOW_P item in CG$CTRL data block...
   No compilation errors.

Compiling WHEN-NEW-ITEM-INSTANCE trigger on CG$WINDOWPCN_PAGE item in CG$CTRL data block...
   No compilation errors.

Compiling WHEN-NEW-ITEM-INSTANCE trigger on CG$WINDOWANTPRS_PAGE item in CG$CTRL data block...
   No compilation errors.

Compiling WHEN-NEW-ITEM-INSTANCE trigger on CG$WINDOWANTFML_PAGE item in CG$CTRL data block...
   No compilation errors.

Compiling WHEN-NEW-ITEM-INSTANCE trigger on CG$WINDOWANTGNCOBS_PAGE item in CG$CTRL data block...
   No compilation errors.

Compiling WHEN-NEW-ITEM-INSTANCE trigger on CG$WINDOWHBT_PAGE item in CG$CTRL data block...
   No compilation errors.

Compiling WHEN-NEW-ITEM-INSTANCE trigger on CG$WINDOWALR_PAGE item in CG$CTRL data block...
   No compilation errors.

Compiling WHEN-NEW-ITEM-INSTANCE trigger on CG$WINDOWEXPPRV_PAGE item in CG$CTRL data block...
   No compilation errors.

Compiling WHEN-NEW-ITEM-INSTANCE trigger on CG$WINDOWIMAGEN_PAGE item in CG$CTRL data block...
   No compilation errors.

Compiling WHEN-NEW-ITEM-INSTANCE trigger on CG$WINDOWHJSEVL_PAGE item in CG$CTRL data block...
   No compilation errors.

Compiling WHEN-NEW-ITEM-INSTANCE trigger on CG$WINDOWSGNVTL_PAGE item in CG$CTRL data block...
   No compilation errors.

Compiling WHEN-NEW-ITEM-INSTANCE trigger on CG$WINDOWTRN_PAGE item in CG$CTRL data block...
   No compilation errors.

Compiling WHEN-NEW-ITEM-INSTANCE trigger on CG$WINDOWTRN_DETALLE_PAGE item in CG$CTRL data block...
   No compilation errors.

Compiling WHEN-NEW-ITEM-INSTANCE trigger on CG$WINDOWQMS$TRANS_ERRORS_PAGE item in CG$CTRL data block...
   No compilation errors.

Compiling WHEN-NEW-ITEM-INSTANCE trigger on CG$WINDOWQMS$TRANS_ERRORS_MODA item in CG$CTRL data block...
   No compilation errors.

Compiling WHEN-NEW-ITEM-INSTANCE trigger on CG$WINDOWCALENDAR_PAGE item in CG$CTRL data block...
   No compilation errors.

Compiling WHEN-NEW-ITEM-INSTANCE trigger on CG$WINDOWQMS$HIDDEN_ITEMS_PAGE item in CG$CTRL data block...
   No compilation errors.

Compiling WHEN-NEW-ITEM-INSTANCE trigger on CG$LAST_CANVAS item in CG$CTRL data block...
   No compilation errors.


Created form file D:\sas\bin\aud\frm\cexhjsevl.fmx
