

***********************************************************************
Fatal OSN connect error 12154, connecting to:
 SOMEDICAÇ

  VERSION INFORMATION:
	TNS for 32-bit Windows: Version 2.3.4.0.0 - Production
  Time: 23-ENE-06 15:04:23
  Tracing not turned on.


***********************************************************************
Fatal OSN connect error 12154, connecting to:
 solca

  VERSION INFORMATION:
	TNS for 32-bit Windows: Version 2.3.4.0.0 - Production
  Time: 23-ENE-06 15:04:23
  Tracing not turned on.


***********************************************************************
Fatal OSN connect error 12154, connecting to:
 solca

  VERSION INFORMATION:
	TNS for 32-bit Windows: Version 2.3.4.0.0 - Production
  Time: 23-ENE-06 15:04:23
  Tracing not turned on.


***********************************************************************
Fatal OSN connect error 12154, connecting to:
 solca

  VERSION INFORMATION:
	TNS for 32-bit Windows: Version 2.3.4.0.0 - Production
  Time: 23-ENE-06 15:04:23
  Tracing not turned on.


***********************************************************************
Fatal OSN connect error 12154, connecting to:
 somedicaç

  VERSION INFORMATION:
	TNS for 32-bit Windows: Version 2.3.4.0.0 - Production
  Time: 30-ENE-06 08:34:11
  Tracing not turned on.


***********************************************************************
Fatal OSN connect error 12154, connecting to:
 solca

  VERSION INFORMATION:
	TNS for 32-bit Windows: Version 2.3.4.0.0 - Production
  Time: 30-ENE-06 08:34:11
  Tracing not turned on.


***********************************************************************
Fatal OSN connect error 12154, connecting to:
 solca

  VERSION INFORMATION:
	TNS for 32-bit Windows: Version 2.3.4.0.0 - Production
  Time: 30-ENE-06 08:34:12
  Tracing not turned on.


***********************************************************************
Fatal OSN connect error 12154, connecting to:
 solca

  VERSION INFORMATION:
	TNS for 32-bit Windows: Version 2.3.4.0.0 - Production
  Time: 30-ENE-06 08:34:12
  Tracing not turned on.
