
Reconcile Report: \\Svr\Z\sas\guiones\CAMBIOS SISTEMA CON TARIFARIO\ICSC\detalles_planilla_prefact.lis

Generated on Wed Nov 02  08:50:13 2011 by Server Generator 6.5.96.5.6


======                                  ========                        ================                          ==============
Object                                  Property                        Repository Value                          Database Value
======                                  ========                        ================                          ==============



------------------------------------------------------------------------------------------------------------------------------------
Object                                  Property                        Repository Value                          Database Value
------                                  --------                        ----------------                          --------------
Table CG_REF_CODES                                                                                                              
                                     Object Type                                                                                
                                Data Persistence                               Permanent                               Permanent
                                         Cluster                                                                                
                                      Index Only                                      No                                      No

                                          Cached                                                                        No Cache
                            Initial Transactions                                                                               1
                                Max Transactions                                                                             255
                                    Percent Free                                                                              10
                                    Percent Used                                                                                
                                 Initial Extents                                                                           81920
                                     Next Extent                                                                                
                                     Min Extents                                                                               1
                                     Max Extents                                                                              -1
                                Percent Increase                                                                                
                                       Freelists                                                                                
                                 Freelist Groups                                                                                
                                      Tablespace                                                                        TBDATOSP
                                        Parallel                                      No                                      No
                                         Comment                                                                                
Column RV_DOMAIN                                                                - same -                                - same -
                                        Datatype                                VARCHAR2                                VARCHAR2
                                      Max Length                                     100                                     100
                                           Scale                                                                                
                                       Mandatory                                     Yes                                     Yes
                                   Default Value                                                                                
                                          Domain                                                                                
                                         Comment                                                                                
Column RV_LOW_VALUE                                                             - same -                                - same -
                                        Datatype                                VARCHAR2                                VARCHAR2
                                      Max Length                                     240                                     240
                                           Scale                                                                                
                                       Mandatory                                     Yes                                     Yes
                                   Default Value                                                                                
                                          Domain                                                                                
                                         Comment                                                                                
Column RV_HIGH_VALUE                                                            - same -                                - same -
                                        Datatype                                VARCHAR2                                VARCHAR2
                                      Max Length                                     240                                     240
                                           Scale                                                                                
                                       Mandatory                                      No                                      No
                                   Default Value                                                                                
                                          Domain                                                                                
                                         Comment                                                                                
Column RV_ABBREVIATION                                                          - same -                                - same -
                                        Datatype                                VARCHAR2                                VARCHAR2
                                      Max Length                                     240                                     240
                                           Scale                                                                                
                                       Mandatory                                      No                                      No
                                   Default Value                                                                                
                                          Domain                                                                                
                                         Comment                                                                                
Column RV_MEANING                                                               - same -                                - same -
                                        Datatype                                VARCHAR2                                VARCHAR2
                                      Max Length                                     240                                     240
                                           Scale                                                                                
                                       Mandatory                                      No                                      No
                                   Default Value                                                                                
                                          Domain                                                                                
                                         Comment                                                                                
Column RV_TYPE                                                     * NOT IN REPOSITORY *                                         ***
                                        Datatype                                                                        VARCHAR2
                                      Max Length                                                                              10
                                           Scale                                                                                
                                       Mandatory                                                                              No
                                   Default Value                                                                                
                                          Domain                                                                                
                                         Comment                                                                                

Index X_CG_REF_CODES_1                                                          - same -                                - same -
                                          Unique                                      No                                      No
                                          Global                                      No                                      No
                                       Bitmapped                                      No                                      No
                              Compute Statistics                                      No                    * NOT DETERMINABLE *
                                  Index Reversed                                      No                                      No
                                          Nosort                                      No                    * NOT DETERMINABLE *



                            Initial Transactions                                                                               2
                                Max Transactions                                                                             255
                                    Percent Free                                                                              10
                                    Percent Used                                                                                
                                 Initial Extents                                                                           81920
                                     Next Extent                                                                                
                                     Min Extents                                                                               1
                                     Max Extents                                                                              -1
                                Percent Increase                                                                                
                                       Freelists                                                                                
                                 Freelist Groups                                                                                
                                      Tablespace                                                                        TBDATOSP
                                        Parallel                                      No                                      No

                                Index Entry Type                            COLUMN BASED                            COLUMN BASED
                                     Index Entry                               RV_DOMAIN                               RV_DOMAIN

                                Index Entry Type                            COLUMN BASED                            COLUMN BASED
                                     Index Entry                            RV_LOW_VALUE                            RV_LOW_VALUE
Unique Key CG_RF_CODES_UK                                          * NOT IN REPOSITORY *                                         ***
                                         Enabled                                                                             Yes
                                        Deferred                                                                              No
                                       Immediate                                                                              No
                                 Exception Table                                                            * NOT DETERMINABLE *
                                      Key Column                                                                       RV_DOMAIN
                                      Key Column                                                                    RV_LOW_VALUE
Index CG_RF_CODES_UK                                               * NOT IN REPOSITORY *                                         ***
                                          Unique                                                                             Yes
                                          Global                                                                              No
                                       Bitmapped                                                                              No
                              Compute Statistics                                                            * NOT DETERMINABLE *
                                         Reverse                                                                              No
                                          Nosort                                                            * NOT DETERMINABLE *



                            Initial Transactions                                                                                
                                Max Transactions                                                                                
                                    Percent Free                                                                                
                                    Percent Used                                                                                
                                 Initial Extents                                                                                
                                     Next Extent                                                                                
                                     Min Extents                                                                                
                                     Max Extents                                                                                
                                Percent Increase                                                                                
                                       Freelists                                                                                
                                 Freelist Groups                                                                                
                                      Tablespace                                                                                
                                        Parallel                                                                              No


                                    Snapshot Log                                      No                                      No



                                                 ---------------------------------
                                                 Table CG_REF_CODES Differences: 3
                                                 ---------------------------------
------------------------------------------------------------------------------------------------------------------------------------
Object                                  Property                        Repository Value                          Database Value
------                                  --------                        ----------------                          --------------
Table DETALLES_PLANILLA_PREFACT                                                                                                 
                                     Object Type                                                                                
                                Data Persistence                               Permanent                               Permanent
                                         Cluster                                                                                
                                      Index Only                                      No                                      No

                                          Cached                                                                        No Cache
                            Initial Transactions                                                                               1
                                Max Transactions                                                                             255
                                    Percent Free                                                                              10
                                    Percent Used                                                                                
                                 Initial Extents                                                                           65536
                                     Next Extent                                                                                
                                     Min Extents                                                                               1
                                     Max Extents                                                                              -1
                                Percent Increase                                                                                
                                       Freelists                                                                                
                                 Freelist Groups                                                                                
                                      Tablespace                                                                        TBDATOSG
                                        Parallel                                      No                                      No
                                         Comment                                                                                
Column CNTS_DOCUMENTO                                                           - same -                                - same -
                                        Datatype                                VARCHAR2                                VARCHAR2
                                      Max Length                                       1                                       1
                                           Scale                                                                                
                                       Mandatory                                     Yes                                     Yes
                                   Default Value                                                                                
                                          Domain                          TIPO_DOCUMENTO                                         ***
                                         Comment                                                                                
Column CNTS_DETALLE                                                             - same -                                - same -
                                        Datatype                                  NUMBER                                  NUMBER
                                      Max Length                                       3                                       3
                                           Scale                                                                                
                                       Mandatory                                     Yes                                     Yes
                                   Default Value                                                                                
                                          Domain                                                                                
                                         Comment                                                                                
Column CNTS_NUMERO                                                              - same -                                - same -
                                        Datatype                                  NUMBER                                  NUMBER
                                      Max Length                                      10                                      10
                                           Scale                                                                                
                                       Mandatory                                     Yes                                     Yes
                                   Default Value                                                                                
                                          Domain                   SECUENCIA FACTURACION                                         ***
                                         Comment                                                                                
Column PCN_NUMERO_HC                                                            - same -                                - same -
                                        Datatype                                  NUMBER                                  NUMBER
                                      Max Length                                       7                                       7
                                           Scale                                       0                                        
                                       Mandatory                                     Yes                                     Yes
                                   Default Value                                                                                
                                          Domain                                                                                
                                         Comment                                                                                
Column PLA_NUMERO_PLANILLA                                                      - same -                                - same -
                                        Datatype                                  NUMBER                                  NUMBER
                                      Max Length                                       9                                       9
                                           Scale                                                                                
                                       Mandatory                                     Yes                                     Yes
                                   Default Value                                                                                
                                          Domain                                                                                
                                         Comment                                                                                
Column PLA_PROMOCION                                                       * DIFFERENT *                           * DIFFERENT *
                                        Datatype                                VARCHAR2                                VARCHAR2
                                      Max Length                                       2                                       2
                                           Scale                                                                                
                                       Mandatory                                     Yes                                      No ***
                                   Default Value                                                                                
                                          Domain                                                                                
                                         Comment                                                                                

Index DTL_PNL                                                                   - same -                                - same -
                                          Unique                                      No                                      No
                                          Global                                      No                                      No
                                       Bitmapped                                      No                                      No
                              Compute Statistics                                      No                    * NOT DETERMINABLE *
                                  Index Reversed                                      No                                      No
                                          Nosort                                      No                    * NOT DETERMINABLE *



                            Initial Transactions                                                                               2
                                Max Transactions                                                                             255
                                    Percent Free                                                                              10
                                    Percent Used                                                                                
                                 Initial Extents                                                                           65536
                                     Next Extent                                                                                
                                     Min Extents                                                                               1
                                     Max Extents                                                                              -1
                                Percent Increase                                                                                
                                       Freelists                                                                                
                                 Freelist Groups                                                                                
                                      Tablespace                                                                      TBINDICESG
                                        Parallel                                      No                                      No

                                Index Entry Type                            COLUMN BASED                            COLUMN BASED
                                     Index Entry                     PLA_NUMERO_PLANILLA                     PLA_NUMERO_PLANILLA
Index CNT_PLN                                                                   - same -                                - same -
                                          Unique                                     Yes                                     Yes
                                          Global                                      No                                      No
                                       Bitmapped                                      No                                      No
                              Compute Statistics                                      No                    * NOT DETERMINABLE *
                                  Index Reversed                                      No                                      No
                                          Nosort                                      No                    * NOT DETERMINABLE *



                            Initial Transactions                                                                               2
                                Max Transactions                                                                             255
                                    Percent Free                                                                              10
                                    Percent Used                                                                                
                                 Initial Extents                                                                           65536
                                     Next Extent                                                                                
                                     Min Extents                                                                               1
                                     Max Extents                                                                              -1
                                Percent Increase                                                                                
                                       Freelists                                                                                
                                 Freelist Groups                                                                                
                                      Tablespace                                                                      TBINDICESG
                                        Parallel                                      No                                      No

                                Index Entry Type                            COLUMN BASED                            COLUMN BASED
                                     Index Entry                          CNTS_DOCUMENTO                          CNTS_DOCUMENTO

                                Index Entry Type                            COLUMN BASED                            COLUMN BASED
                                     Index Entry                            CNTS_DETALLE                            CNTS_DETALLE

                                Index Entry Type                            COLUMN BASED                            COLUMN BASED
                                     Index Entry                             CNTS_NUMERO                             CNTS_NUMERO
Index DTL_PCN                                                                                                * NOT IN DATABASE * ***
                                          Unique                                      No                                        
                                          Global                                      No                                        
                                       Bitmapped                                      No                                        
                              Compute Statistics                                      No                                        
                                  Index Reversed                                      No                                        
                                          Nosort                                      No                                        



                            Initial Transactions                                                                                
                                Max Transactions                                                                                
                                    Percent Free                                                                                
                                    Percent Used                                                                                
                                 Initial Extents                                                                                
                                     Next Extent                                                                                
                                     Min Extents                                                                                
                                     Max Extents                                                                                
                                Percent Increase                                                                                
                                       Freelists                                                                                
                                 Freelist Groups                                                                                
                                      Tablespace                                                                                
                                        Parallel                                      No                                        

                                Index Entry Type                            COLUMN BASED                            COLUMN BASED
                                     Index Entry                           PCN_NUMERO_HC                           PCN_NUMERO_HC
Primary Key DPT_PK                                                              - same -                                - same -
                                         Enabled                                     Yes                                     Yes
                                        Deferred                                      No                                      No
                                       Immediate                                      No                                      No
                                 Exception Table                                                            * NOT DETERMINABLE *
                                      Key Column                          CNTS_DOCUMENTO                          CNTS_DOCUMENTO
                                      Key Column                            CNTS_DETALLE                            CNTS_DETALLE
                                      Key Column                             CNTS_NUMERO                             CNTS_NUMERO
                                      Key Column                     PLA_NUMERO_PLANILLA                     PLA_NUMERO_PLANILLA

Index DPT_PK                                                                                                                    
                                          Unique                                     Yes                                     Yes
                                          Global                                      No                                      No
                                       Bitmapped                                      No                                      No
                              Compute Statistics                                      No                    * NOT DETERMINABLE *
                                         Reverse                                      No                                      No
                                          Nosort                                      No                    * NOT DETERMINABLE *



                            Initial Transactions                                                                               2
                                Max Transactions                                                                             255
                                    Percent Free                                                                              10
                                    Percent Used                                                                                
                                 Initial Extents                                                                           65536
                                     Next Extent                                                                                
                                     Min Extents                                                                               1
                                     Max Extents                                                                              -1
                                Percent Increase                                                                                
                                       Freelists                                                                                
                                 Freelist Groups                                                                                
                                      Tablespace                                                                      TBINDICESG
                                        Parallel                                      No                                      No

Foreign Key DPT_PLA_FK                                                          - same -                                - same -
                                         Enabled                                     Yes                                     Yes
                                        Deferred                                      No                                      No
                                       Immediate                                      No                                      No
                                  Cascade Delete                                RESTRICT                                RESTRICT
                                  Cascade Update                                RESTRICT                                RESTRICT
                                 Exception Table                                                            * NOT DETERMINABLE *
                                      Join Table                                PLANILLA                                PLANILLA
                                      Key Column                     PLA_NUMERO_PLANILLA                     PLA_NUMERO_PLANILLA

                               Referenced Column                PLANILLA.NUMERO_PLANILLA                PLANILLA.NUMERO_PLANILLA

Foreign Key DPT_PCN_FK                                                          - same -                                - same -
                                         Enabled                                     Yes                                     Yes
                                        Deferred                                      No                                      No
                                       Immediate                                      No                                      No
                                  Cascade Delete                                RESTRICT                                RESTRICT
                                  Cascade Update                                RESTRICT                                RESTRICT
                                 Exception Table                                                            * NOT DETERMINABLE *
                                      Join Table                               PACIENTES                               PACIENTES
                                      Key Column                           PCN_NUMERO_HC                           PCN_NUMERO_HC

                               Referenced Column                     PACIENTES.NUMERO_HC                     PACIENTES.NUMERO_HC

Foreign Key DPT_CNTS_FK                                                         - same -                                - same -
                                         Enabled                                     Yes                                     Yes
                                        Deferred                                      No                                      No
                                       Immediate                                      No                                      No
                                  Cascade Delete                                RESTRICT                                RESTRICT
                                  Cascade Update                                RESTRICT                                RESTRICT
                                 Exception Table                                                            * NOT DETERMINABLE *
                                      Join Table                                 CUENTAS                                 CUENTAS
                                      Key Column                          CNTS_DOCUMENTO                          CNTS_DOCUMENTO
                                      Key Column                            CNTS_DETALLE                             CNTS_NUMERO ***
                                      Key Column                             CNTS_NUMERO                            CNTS_DETALLE ***

                               Referenced Column                       CUENTAS.DOCUMENTO                       CUENTAS.DOCUMENTO
                               Referenced Column                         CUENTAS.DETALLE                          CUENTAS.NUMERO ***
                               Referenced Column                          CUENTAS.NUMERO                         CUENTAS.DETALLE ***


Trigger PLABRRCNT                                                                                            * NOT IN DATABASE * ***
                                         Enabled                                     Yes                                        
                                    Execute Time                                  BEFORE                                        
                                       On Delete                                     Yes                                        
                                       On Insert                                      No                                        
                                       On Update                                      No                                        
                                           Level                                     ROW                                        
                                       New Alias                                                                                
                                       Old Alias                                                                                
                                            When                                                                                
                                     PL/SQL Body -- trigger que anula una cuenta en e...                                        
Trigger PLACPRCTNS                                                                                           * NOT IN DATABASE * ***
                                         Enabled                                      No                                        
                                    Execute Time                                   AFTER                                        
                                       On Delete                                      No                                        
                                       On Insert                                     Yes                                        
                                       On Update                                      No                                        
                                           Level                                     ROW                                        
                                       New Alias                                                                                
                                       Old Alias                                                                                
                                            When                                                                                
                                     PL/SQL Body -- trigger que anula una cuenta en e...                                        
Trigger DTLPLNPRFLLNJN                                                     * DIFFERENT *                           * DIFFERENT *
                                         Enabled                                     Yes                                     Yes
                                    Execute Time                                   AFTER                                   AFTER
                                       On Delete                                     Yes                                     Yes
                                       On Insert                                      No                                      No
                                       On Update                                      No                                     Yes ***
                                           Level                                     ROW                                     ROW
                                       New Alias                                                                             NEW
                                       Old Alias                                                                             OLD
                                            When                                                                                
                                     PL/SQL Body                              DECLARE...                              DECLARE... ***
                                    Snapshot Log                                      No                                      No



                                           ----------------------------------------------
                                           Table DETALLES_PLANILLA_PREFACT Differences: 8
                                           ----------------------------------------------
------------------------------------------------------------------------------------------------------------------------------------
Object                                  Property                        Repository Value                          Database Value
------                                  --------                        ----------------                          --------------
Table DETALLES_PLANILLA_PREFACT_JN                                         * DIFFERENT *                           * DIFFERENT *
                                     Object Type                                                                                
                                Data Persistence                               Permanent                               Permanent
                                         Cluster                                                                                
                                      Index Only                                      No                                      No

                                          Cached                                                                        No Cache
                            Initial Transactions                                                                               1
                                Max Transactions                                                                             255
                                    Percent Free                                      60                                      60
                                    Percent Used                                       5                                        
                                 Initial Extents                                                                           65536
                                     Next Extent                                                                                
                                     Min Extents                                                                               1
                                     Max Extents                                                                              -1
                                Percent Increase                                                                                
                                       Freelists                                                                                
                                 Freelist Groups                                                                                
                                      Tablespace                                                                        TBDATOSG
                                        Parallel                                      No                                      No
                                         Comment Created by Oracle Designer Server Ge...                                         ***
Column JN_OPERATION                                                             - same -                                - same -
                                        Datatype                                    CHAR                                    CHAR
                                      Max Length                                       3                                       3
                                           Scale                                                                                
                                       Mandatory                                     Yes                                     Yes
                                   Default Value                                                                                
                                          Domain                                                                                
                                         Comment                                                                                
Column JN_ORACLE_USER                                                           - same -                                - same -
                                        Datatype                                VARCHAR2                                VARCHAR2
                                      Max Length                                      30                                      30
                                           Scale                                                                                
                                       Mandatory                                     Yes                                     Yes
                                   Default Value                                                                                
                                          Domain                                                                                
                                         Comment                                                                                
Column JN_DATETIME                                                              - same -                                - same -
                                        Datatype                                    DATE                                    DATE
                                      Max Length                                                                                
                                           Scale                                                                                
                                       Mandatory                                     Yes                                     Yes
                                   Default Value                                                                                
                                          Domain                                                                                
                                         Comment                                                                                
Column JN_NOTES                                                                 - same -                                - same -
                                        Datatype                                VARCHAR2                                VARCHAR2
                                      Max Length                                     240                                     240
                                           Scale                                                                                
                                       Mandatory                                      No                                      No
                                   Default Value                                                                                
                                          Domain                                                                                
                                         Comment                                                                                
Column JN_APPLN                                                                 - same -                                - same -
                                        Datatype                                VARCHAR2                                VARCHAR2
                                      Max Length                                      35                                      35
                                           Scale                                                                                
                                       Mandatory                                      No                                      No
                                   Default Value                                                                                
                                          Domain                                                                                
                                         Comment                                                                                
Column JN_SESSION                                                               - same -                                - same -
                                        Datatype                                  NUMBER                                  NUMBER
                                      Max Length                                      38                                      38
                                           Scale                                                                                
                                       Mandatory                                      No                                      No
                                   Default Value                                                                                
                                          Domain                                                                                
                                         Comment                                                                                
Column CNTS_DOCUMENTO                                                           - same -                                - same -
                                        Datatype                                VARCHAR2                                VARCHAR2
                                      Max Length                                       1                                       1
                                           Scale                                                                                
                                       Mandatory                                     Yes                                     Yes
                                   Default Value                                                                                
                                          Domain                                                                                
                                         Comment                                                                                
Column CNTS_DETALLE                                                             - same -                                - same -
                                        Datatype                                  NUMBER                                  NUMBER
                                      Max Length                                       3                                       3
                                           Scale                                                                                
                                       Mandatory                                     Yes                                     Yes
                                   Default Value                                                                                
                                          Domain                                                                                
                                         Comment                                                                                
Column CNTS_NUMERO                                                              - same -                                - same -
                                        Datatype                                  NUMBER                                  NUMBER
                                      Max Length                                      10                                      10
                                           Scale                                                                                
                                       Mandatory                                     Yes                                     Yes
                                   Default Value                                                                                
                                          Domain                                                                                
                                         Comment                                                                                
Column PCN_NUMERO_HC                                                            - same -                                - same -
                                        Datatype                                  NUMBER                                  NUMBER
                                      Max Length                                       7                                       7
                                           Scale                                       0                                        
                                       Mandatory                                      No                                      No
                                   Default Value                                                                                
                                          Domain                                                                                
                                         Comment                                                                                
Column PLA_NUMERO_PLANILLA                                                      - same -                                - same -
                                        Datatype                                  NUMBER                                  NUMBER
                                      Max Length                                       9                                       9
                                           Scale                                                                                
                                       Mandatory                                     Yes                                     Yes
                                   Default Value                                                                                
                                          Domain                                                                                
                                         Comment                                                                                
Column PLA_PROMOCION                                                                                         * NOT IN DATABASE * ***
                                        Datatype                                VARCHAR2                                        
                                      Max Length                                       2                                        
                                           Scale                                                                                
                                       Mandatory                                      No                                        
                                   Default Value                                                                                
                                          Domain                                                                                
                                         Comment                                                                                



                                    Snapshot Log                                      No                                      No



                                         -------------------------------------------------
                                         Table DETALLES_PLANILLA_PREFACT_JN Differences: 2
                                         -------------------------------------------------


====================================================================================================================================
                                                       Total Differences: 17
====================================================================================================================================
