Compiling package specification CG$CNTROLCNTASC_GLOBALS... 
   No compilation errors.

Compiling procedure CGDV$POPULATE_DYNAMIC_LISTS... 
   No compilation errors.

Compiling procedure CGUI$GET_NEXT_CNTASC_SEQ... 
   No compilation errors.

Compiling procedure CGSF$CLR_CNTASCDBT_CNTASC_PLNC... 
   No compilation errors.

Compiling procedure CGFK$QRY_CNTASCDBT_CNTASC_PLNC... 
   No compilation errors.

Compiling procedure CGFK$QRY_CNTASCDBT_CNTASC_AGRP... 
   No compilation errors.

Compiling procedure CGSF$CLR_CNTASCDBT_CNTASC_AGRP... 
   No compilation errors.

Compiling procedure CGUV$CHK_CNTASC_CLAVE_UK... 
   No compilation errors.

Compiling procedure CGSF$CLR_CNTASCACR_CNTASC_PLNC... 
   No compilation errors.

Compiling procedure CGFK$QRY_CNTASCACR_CNTASC_PLNC... 
   No compilation errors.

Compiling procedure CGSF$CLR_CNTASCPRS_CNTASC_PLNC... 
   No compilation errors.

Compiling procedure CGFK$QRY_CNTASCPRS_CNTASC_PLNC... 
   No compilation errors.

Compiling procedure CGSF$CLR_CNTCST_CNTCST_PLNCNTC... 
   No compilation errors.

Compiling procedure CGFK$QRY_CNTCST_CNTCST_PLNCNTC... 
   No compilation errors.

Compiling procedure CGUV$CHK_CNTCST_PK... 
   No compilation errors.

Compiling procedure CGSF$CLR_EMPCNTCST_EMPCNTCST_E... 
   No compilation errors.

Compiling procedure CGFK$LKP_EMPCNTCST_EMPCNTCST_E... 
   No compilation errors.

Compiling procedure CGFK$QRY_EMPCNTCST_EMPCNTCST_E... 
   No compilation errors.

Compiling procedure CGUV$CHK_EMPCNTCST_PK... 
   No compilation errors.

Compiling procedure CGSF$CLR_PRMINT_PRMINT_PLNCNT_... 
   No compilation errors.

Compiling procedure CGFK$QRY_PRMINT_PRMINT_PLNCNT_... 
   No compilation errors.

Compiling procedure CGUV$CHK_PRMINT_PK... 
   No compilation errors.

Compiling procedure CGRI$CHK_CENTROS_DE_COSTOS... 
   No compilation errors.

Compiling function CGTE$CHECK_CONSTRAINT_VIO... 
   No compilation errors.

Compiling procedure CGTE$PRMROL_ERRORS... 
   No compilation errors.

Compiling procedure CGTE$CNTASCDBT_ERRORS... 
   No compilation errors.

Compiling procedure CGTE$CNTASCACR_ERRORS... 
   No compilation errors.

Compiling procedure CGTE$CNTASCPRS_ERRORS... 
   No compilation errors.

Compiling procedure CGTE$CNTCST_ERRORS... 
   No compilation errors.

Compiling procedure CGTE$EMPCNTCST_ERRORS... 
   No compilation errors.

Compiling procedure CGTE$PRMINT_ERRORS... 
   No compilation errors.

Compiling procedure CGLY$DISPLAY_CANVASES... 
   No compilation errors.

Compiling procedure CGLY$GET_RELATED_CANVASES... 
   No compilation errors.

Compiling procedure CGLY$CANVAS_MANAGEMENT... 
   No compilation errors.

Compiling procedure CGBS$TOGGLE... 
   No compilation errors.

Compiling procedure CUENTAS_ASOCIADAS_PARÁMETROS... 
   No compilation errors.

Compiling PRE-COMMIT trigger on form...
   No compilation errors.

Compiling QMS$CUSTOM_HELP trigger on form...
   No compilation errors.

Compiling POST-FORM trigger on form...
   No compilation errors.

Compiling CALENDAR_WROTE_DATE trigger on form...
   No compilation errors.

Compiling KEY-EXIT trigger on form...
   No compilation errors.

Compiling POST-FORMS-COMMIT trigger on form...
   No compilation errors.

Compiling KEY-CLRFRM trigger on form...
   No compilation errors.

Compiling KEY-HELP trigger on form...
   No compilation errors.

Compiling KEY-MENU trigger on form...
   No compilation errors.

Compiling ON-ERROR trigger on form...
   No compilation errors.

Compiling ON-MESSAGE trigger on form...
   No compilation errors.

Compiling PRE-FORM trigger on form...
   No compilation errors.

Compiling QUERY_FIND trigger on form...
   No compilation errors.

Compiling QMS$MENU_ITEM trigger on form...
   No compilation errors.

Compiling WHEN-NEW-BLOCK-INSTANCE trigger on form...
   No compilation errors.

Compiling WHEN-NEW-FORM-INSTANCE trigger on form...
   No compilation errors.

Compiling WHEN-WINDOW-CLOSED trigger on form...
   No compilation errors.

Compiling WHEN-WINDOW-ACTIVATED trigger on form...
   No compilation errors.

Compiling WHEN-WINDOW-RESIZED trigger on form...
   No compilation errors.

Compiling POST-TEXT-ITEM trigger on form...
   No compilation errors.

Compiling WHEN-FORM-NAVIGATE trigger on form...
   No compilation errors.

Compiling ON-CLEAR-DETAILS trigger on form...
   No compilation errors.

Compiling ON-POPULATE-DETAILS trigger on form...
   No compilation errors.

Compiling KEY-ENTQRY trigger on form...
   No compilation errors.

Compiling KEY-EXEQRY trigger on form...
   No compilation errors.

Compiling KEY-CQUERY trigger on form...
   No compilation errors.

Compiling KEY-CLRBLK trigger on form...
   No compilation errors.

Compiling KEY-CLRREC trigger on form...
   No compilation errors.

Compiling KEY-NXTKEY trigger on form...
   No compilation errors.

Compiling KEY-CLRREC trigger on QMS$TRANS_ERRORS data block...
   No compilation errors.

Compiling KEY-CREREC trigger on QMS$TRANS_ERRORS data block...
   No compilation errors.

Compiling KEY-DOWN trigger on QMS$TRANS_ERRORS data block...
   No compilation errors.

Compiling KEY-NXTREC trigger on QMS$TRANS_ERRORS data block...
   No compilation errors.

Compiling KEY-SCRDOWN trigger on QMS$TRANS_ERRORS data block...
   No compilation errors.

Compiling KEY-UP trigger on QMS$TRANS_ERRORS data block...
   No compilation errors.

Compiling KEY-PRVREC trigger on QMS$TRANS_ERRORS data block...
   No compilation errors.

Compiling KEY-SCRUP trigger on QMS$TRANS_ERRORS data block...
   No compilation errors.

Compiling ON-ERROR trigger on QMS$TRANS_ERRORS data block...
   No compilation errors.

Compiling PRE-BLOCK trigger on QMS$TRANS_ERRORS data block...
   No compilation errors.

Compiling WHEN-NEW-BLOCK-INSTANCE trigger on QMS$TRANS_ERRORS data block...
   No compilation errors.

Compiling ON-LOCK trigger on QMS$TRANS_ERRORS data block...
   No compilation errors.

Compiling WHEN-VALIDATE-RECORD trigger on QMS$TRANS_ERRORS data block...
   No compilation errors.

Compiling WHEN-BUTTON-PRESSED trigger on QMS$TRANS_ERRORS data block...
   No compilation errors.

Compiling WHEN-LIST-ACTIVATED trigger on QMS$TRANS_ERRORS data block...
   No compilation errors.

Compiling WHEN-NEW-ITEM-INSTANCE trigger on OK_BUTTON item in QMS$TRANS_ERRORS data block...
   No compilation errors.

Compiling WHEN-BUTTON-PRESSED trigger on OK_BUTTON item in QMS$TRANS_ERRORS data block...
   No compilation errors.

Compiling KEY-PREV-ITEM trigger on OK_BUTTON item in QMS$TRANS_ERRORS data block...
   No compilation errors.

Compiling WHEN-LIST-CHANGED trigger on MESSAGES item in QMS$TRANS_ERRORS data block...
   No compilation errors.

Compiling WHEN-NEW-ITEM-INSTANCE trigger on HELP_BUTTON item in QMS$TRANS_ERRORS data block...
   No compilation errors.

Compiling WHEN-BUTTON-PRESSED trigger on HELP_BUTTON item in QMS$TRANS_ERRORS data block...
   No compilation errors.

Compiling KEY-NEXT-ITEM trigger on HELP_BUTTON item in QMS$TRANS_ERRORS data block...
   No compilation errors.

Compiling WHEN-NEW-ITEM-INSTANCE trigger on OK_BUTTON_MODAL item in QMS$TRANS_ERRORS data block...
   No compilation errors.

Compiling WHEN-BUTTON-PRESSED trigger on OK_BUTTON_MODAL item in QMS$TRANS_ERRORS data block...
   No compilation errors.

Compiling KEY-PREV-ITEM trigger on OK_BUTTON_MODAL item in QMS$TRANS_ERRORS data block...
   No compilation errors.

Compiling WHEN-LIST-CHANGED trigger on MESSAGES_MODAL item in QMS$TRANS_ERRORS data block...
   No compilation errors.

Compiling WHEN-NEW-ITEM-INSTANCE trigger on HELP_BUTTON_MODAL item in QMS$TRANS_ERRORS data block...
   No compilation errors.

Compiling WHEN-BUTTON-PRESSED trigger on HELP_BUTTON_MODAL item in QMS$TRANS_ERRORS data block...
   No compilation errors.

Compiling KEY-NEXT-ITEM trigger on HELP_BUTTON_MODAL item in QMS$TRANS_ERRORS data block...
   No compilation errors.

Compiling WHEN-NEW-ITEM-INSTANCE trigger on RETURN_TO_BLOCK item in QMS$TRANS_ERRORS data block...
   No compilation errors.

Compiling WHEN-RADIO-CHANGED trigger on CALENDAR data block...
   No compilation errors.

Compiling KEY-OTHERS trigger on CALENDAR data block...
   No compilation errors.

Compiling KEY-NEXT-ITEM trigger on CALENDAR data block...
   No compilation errors.

Compiling KEY-PREV-ITEM trigger on CALENDAR data block...
   No compilation errors.

Compiling KEY-ENTER trigger on CALENDAR data block...
   No compilation errors.

Compiling WHEN-BUTTON-PRESSED trigger on CALENDAR data block...
   No compilation errors.

Compiling WHEN-LIST-CHANGED trigger on CALENDAR data block...
   No compilation errors.

Compiling WHEN-MOUSE-CLICK trigger on CALENDAR data block...
   No compilation errors.

Compiling KEY-DOWN trigger on CALENDAR data block...
   No compilation errors.

Compiling KEY-UP trigger on CALENDAR data block...
   No compilation errors.

Compiling KEY-NXTREC trigger on CALENDAR data block...
   No compilation errors.

Compiling KEY-PRVREC trigger on CALENDAR data block...
   No compilation errors.

Compiling WHEN-MOUSE-DOUBLECLICK trigger on CALENDAR data block...
   No compilation errors.

Compiling WHEN-NEW-ITEM-INSTANCE trigger on HOUR item in CALENDAR data block...
   No compilation errors.

Compiling WHEN-NEW-ITEM-INSTANCE trigger on MINUTE item in CALENDAR data block...
   No compilation errors.

Compiling WHEN-NEW-ITEM-INSTANCE trigger on OK item in CALENDAR data block...
   No compilation errors.

Compiling WHEN-BUTTON-PRESSED trigger on OK item in CALENDAR data block...
   No compilation errors.

Compiling KEY-PREV-ITEM trigger on OK item in CALENDAR data block...
   No compilation errors.

Compiling WHEN-NEW-ITEM-INSTANCE trigger on CANCEL item in CALENDAR data block...
   No compilation errors.

Compiling WHEN-BUTTON-PRESSED trigger on CANCEL item in CALENDAR data block...
   No compilation errors.

Compiling KEY-NEXT-ITEM trigger on MONTH_AND_YEAR item in CALENDAR data block...
   No compilation errors.

Compiling WHEN-MOUSE-CLICK trigger on PREV_MONTH item in CALENDAR data block...
   No compilation errors.

Compiling WHEN-MOUSE-CLICK trigger on NEXT_MONTH item in CALENDAR data block...
   No compilation errors.

Compiling WHEN-MOUSE-CLICK trigger on NEXT_YEAR item in CALENDAR data block...
   No compilation errors.

Compiling WHEN-MOUSE-CLICK trigger on PREV_YEAR item in CALENDAR data block...
   No compilation errors.

Compiling WHEN-NEW-ITEM-INSTANCE trigger on AM_PM item in CALENDAR data block...
   No compilation errors.

Compiling WHEN-BUTTON-PRESSED trigger on QMS$TOOLBAR data block...
   No compilation errors.

Compiling WHEN-LIST-CHANGED trigger on ORDER_BY item in QMS$TOOLBAR data block...
   No compilation errors.

Compiling ON-LOCK trigger on PRMROL data block...
   No compilation errors.

Compiling POST-INSERT trigger on PRMROL data block...
   No compilation errors.

Compiling POST-QUERY trigger on PRMROL data block...
   No compilation errors.

Compiling PRE-BLOCK trigger on PRMROL data block...
   No compilation errors.

Compiling PRE-QUERY trigger on PRMROL data block...
   No compilation errors.

Compiling WHEN-DATABASE-RECORD trigger on PRMROL data block...
   No compilation errors.

Compiling WHEN-NEW-BLOCK-INSTANCE trigger on PRMROL data block...
   No compilation errors.

Compiling WHEN-NEW-RECORD-INSTANCE trigger on PRMROL data block...
   No compilation errors.

Compiling WHEN-REMOVE-RECORD trigger on PRMROL data block...
   No compilation errors.

Compiling POST-SELECT trigger on PRMROL data block...
   No compilation errors.

Compiling ON-ERROR trigger on PRMROL data block...
   No compilation errors.

Compiling WHEN-NEW-ITEM-INSTANCE trigger on REC_ACTUAL item in PRMROL data block...
   No compilation errors.

Compiling WHEN-NEW-ITEM-INSTANCE trigger on EMP_CODIGO item in PRMROL data block...
   No compilation errors.

Compiling WHEN-NEW-ITEM-INSTANCE trigger on CODIGO item in PRMROL data block...
   No compilation errors.

Compiling WHEN-NEW-ITEM-INSTANCE trigger on NOMBRE item in PRMROL data block...
   No compilation errors.

Compiling WHEN-NEW-ITEM-INSTANCE trigger on TIPO item in PRMROL data block...
   No compilation errors.

Compiling WHEN-NEW-ITEM-INSTANCE trigger on TIPO_MOVIMIENTO item in PRMROL data block...
   No compilation errors.

Compiling WHEN-NEW-ITEM-INSTANCE trigger on PROVISION item in PRMROL data block...
   No compilation errors.

Compiling WHEN-NEW-ITEM-INSTANCE trigger on PROPIETARIO item in PRMROL data block...
   No compilation errors.

Compiling WHEN-NEW-ITEM-INSTANCE trigger on TIPO_CONTABILIZACION item in PRMROL data block...
   No compilation errors.

Compiling ON-LOCK trigger on CNTASCDBT data block...
   No compilation errors.

Compiling POST-INSERT trigger on CNTASCDBT data block...
   No compilation errors.

Compiling POST-QUERY trigger on CNTASCDBT data block...
   No compilation errors.

Compiling PRE-BLOCK trigger on CNTASCDBT data block...
   No compilation errors.

Compiling PRE-QUERY trigger on CNTASCDBT data block...
   No compilation errors.

Compiling WHEN-DATABASE-RECORD trigger on CNTASCDBT data block...
   No compilation errors.

Compiling WHEN-NEW-BLOCK-INSTANCE trigger on CNTASCDBT data block...
   No compilation errors.

Compiling WHEN-NEW-RECORD-INSTANCE trigger on CNTASCDBT data block...
   No compilation errors.

Compiling WHEN-REMOVE-RECORD trigger on CNTASCDBT data block...
   No compilation errors.

Compiling POST-SELECT trigger on CNTASCDBT data block...
   No compilation errors.

Compiling PRE-INSERT trigger on CNTASCDBT data block...
   No compilation errors.

Compiling KEY-DUPREC trigger on CNTASCDBT data block...
   No compilation errors.

Compiling ON-ERROR trigger on CNTASCDBT data block...
   No compilation errors.

Compiling WHEN-NEW-ITEM-INSTANCE trigger on REC_ACTUAL item in CNTASCDBT data block...
   No compilation errors.

Compiling WHEN-NEW-ITEM-INSTANCE trigger on AGRPCNT_DESCRIPCION item in CNTASCDBT data block...
   No compilation errors.

Compiling WHEN-VALIDATE-ITEM trigger on AGRPCNT_DESCRIPCION item in CNTASCDBT data block...
   No compilation errors.

Compiling KEY-PREV-ITEM trigger on AGRPCNT_DESCRIPCION item in CNTASCDBT data block...
   No compilation errors.

Compiling WHEN-NEW-ITEM-INSTANCE trigger on CUENTA_CONTABLE_MAYOR item in CNTASCDBT data block...
   No compilation errors.

Compiling WHEN-NEW-ITEM-INSTANCE trigger on EMP_CODIGO item in CNTASCDBT data block...
   No compilation errors.

Compiling WHEN-NEW-ITEM-INSTANCE trigger on AGRCNT_TIPO item in CNTASCDBT data block...
   No compilation errors.

Compiling WHEN-NEW-ITEM-INSTANCE trigger on AGRCNT_CODIGO item in CNTASCDBT data block...
   No compilation errors.

Compiling WHEN-NEW-ITEM-INSTANCE trigger on CNTASC_ID item in CNTASCDBT data block...
   No compilation errors.

Compiling WHEN-NEW-ITEM-INSTANCE trigger on TIPO_DE_CUENTA item in CNTASCDBT data block...
   No compilation errors.

Compiling WHEN-NEW-ITEM-INSTANCE trigger on CLAVE_RELACIONADA item in CNTASCDBT data block...
   No compilation errors.

Compiling WHEN-NEW-ITEM-INSTANCE trigger on TIPO_DE_ASOCIACION item in CNTASCDBT data block...
   No compilation errors.

Compiling WHEN-NEW-ITEM-INSTANCE trigger on CUENTA item in CNTASCDBT data block...
   No compilation errors.

Compiling WHEN-VALIDATE-ITEM trigger on CUENTA item in CNTASCDBT data block...
   No compilation errors.

Compiling KEY-NEXT-ITEM trigger on CUENTA item in CNTASCDBT data block...
   No compilation errors.

Compiling WHEN-NEW-ITEM-INSTANCE trigger on PLNCNTCMP_NOMBRE item in CNTASCDBT data block...
   No compilation errors.

Compiling ON-LOCK trigger on CNTASCACR data block...
   No compilation errors.

Compiling POST-INSERT trigger on CNTASCACR data block...
   No compilation errors.

Compiling POST-QUERY trigger on CNTASCACR data block...
   No compilation errors.

Compiling PRE-BLOCK trigger on CNTASCACR data block...
   No compilation errors.

Compiling PRE-QUERY trigger on CNTASCACR data block...
   No compilation errors.

Compiling WHEN-DATABASE-RECORD trigger on CNTASCACR data block...
   No compilation errors.

Compiling WHEN-NEW-BLOCK-INSTANCE trigger on CNTASCACR data block...
   No compilation errors.

Compiling WHEN-NEW-RECORD-INSTANCE trigger on CNTASCACR data block...
   No compilation errors.

Compiling WHEN-REMOVE-RECORD trigger on CNTASCACR data block...
   No compilation errors.

Compiling POST-SELECT trigger on CNTASCACR data block...
   No compilation errors.

Compiling PRE-INSERT trigger on CNTASCACR data block...
   No compilation errors.

Compiling KEY-DUPREC trigger on CNTASCACR data block...
   No compilation errors.

Compiling ON-ERROR trigger on CNTASCACR data block...
   No compilation errors.

Compiling WHEN-NEW-ITEM-INSTANCE trigger on REC_ACTUAL item in CNTASCACR data block...
   No compilation errors.

Compiling WHEN-NEW-ITEM-INSTANCE trigger on CNTASC_ID item in CNTASCACR data block...
   No compilation errors.

Compiling WHEN-NEW-ITEM-INSTANCE trigger on TIPO_DE_CUENTA item in CNTASCACR data block...
   No compilation errors.

Compiling WHEN-NEW-ITEM-INSTANCE trigger on TIPO_DE_ASOCIACION item in CNTASCACR data block...
   No compilation errors.

Compiling WHEN-NEW-ITEM-INSTANCE trigger on CLAVE_RELACIONADA item in CNTASCACR data block...
   No compilation errors.

Compiling WHEN-NEW-ITEM-INSTANCE trigger on CUENTA item in CNTASCACR data block...
   No compilation errors.

Compiling WHEN-VALIDATE-ITEM trigger on CUENTA item in CNTASCACR data block...
   No compilation errors.

Compiling KEY-PREV-ITEM trigger on CUENTA item in CNTASCACR data block...
   No compilation errors.

Compiling KEY-NEXT-ITEM trigger on CUENTA item in CNTASCACR data block...
   No compilation errors.

Compiling WHEN-NEW-ITEM-INSTANCE trigger on EMP_CODIGO item in CNTASCACR data block...
   No compilation errors.

Compiling WHEN-NEW-ITEM-INSTANCE trigger on L_PLNCNTCMP_NOMBRE item in CNTASCACR data block...
   No compilation errors.

Compiling ON-LOCK trigger on CNTASCPRS data block...
   No compilation errors.

Compiling POST-INSERT trigger on CNTASCPRS data block...
   No compilation errors.

Compiling POST-QUERY trigger on CNTASCPRS data block...
   No compilation errors.

Compiling PRE-BLOCK trigger on CNTASCPRS data block...
   No compilation errors.

Compiling PRE-QUERY trigger on CNTASCPRS data block...
   No compilation errors.

Compiling WHEN-DATABASE-RECORD trigger on CNTASCPRS data block...
   No compilation errors.

Compiling WHEN-NEW-BLOCK-INSTANCE trigger on CNTASCPRS data block...
   No compilation errors.

Compiling WHEN-NEW-RECORD-INSTANCE trigger on CNTASCPRS data block...
   No compilation errors.

Compiling WHEN-REMOVE-RECORD trigger on CNTASCPRS data block...
   No compilation errors.

Compiling POST-SELECT trigger on CNTASCPRS data block...
   No compilation errors.

Compiling PRE-INSERT trigger on CNTASCPRS data block...
   No compilation errors.

Compiling KEY-DUPREC trigger on CNTASCPRS data block...
   No compilation errors.

Compiling ON-ERROR trigger on CNTASCPRS data block...
   No compilation errors.

Compiling WHEN-NEW-ITEM-INSTANCE trigger on REC_ACTUAL item in CNTASCPRS data block...
   No compilation errors.

Compiling WHEN-NEW-ITEM-INSTANCE trigger on CNTASC_ID item in CNTASCPRS data block...
   No compilation errors.

Compiling WHEN-NEW-ITEM-INSTANCE trigger on TIPO_DE_CUENTA item in CNTASCPRS data block...
   No compilation errors.

Compiling WHEN-NEW-ITEM-INSTANCE trigger on TIPO_DE_ASOCIACION item in CNTASCPRS data block...
   No compilation errors.

Compiling WHEN-NEW-ITEM-INSTANCE trigger on CLAVE_RELACIONADA item in CNTASCPRS data block...
   No compilation errors.

Compiling WHEN-NEW-ITEM-INSTANCE trigger on CUENTA item in CNTASCPRS data block...
   No compilation errors.

Compiling WHEN-VALIDATE-ITEM trigger on CUENTA item in CNTASCPRS data block...
   No compilation errors.

Compiling KEY-PREV-ITEM trigger on CUENTA item in CNTASCPRS data block...
   No compilation errors.

Compiling KEY-NEXT-ITEM trigger on CUENTA item in CNTASCPRS data block...
   No compilation errors.

Compiling WHEN-NEW-ITEM-INSTANCE trigger on EMP_CODIGO item in CNTASCPRS data block...
   No compilation errors.

Compiling WHEN-NEW-ITEM-INSTANCE trigger on L_PLNCNTCMP_NOMBRE item in CNTASCPRS data block...
   No compilation errors.

Compiling ON-LOCK trigger on CNTCST data block...
   No compilation errors.

Compiling POST-INSERT trigger on CNTCST data block...
   No compilation errors.

Compiling POST-QUERY trigger on CNTCST data block...
   No compilation errors.

Compiling PRE-BLOCK trigger on CNTCST data block...
   No compilation errors.

Compiling PRE-QUERY trigger on CNTCST data block...
   No compilation errors.

Compiling WHEN-DATABASE-RECORD trigger on CNTCST data block...
   No compilation errors.

Compiling WHEN-NEW-BLOCK-INSTANCE trigger on CNTCST data block...
   No compilation errors.

Compiling WHEN-NEW-RECORD-INSTANCE trigger on CNTCST data block...
   No compilation errors.

Compiling WHEN-REMOVE-RECORD trigger on CNTCST data block...
   No compilation errors.

Compiling POST-SELECT trigger on CNTCST data block...
   No compilation errors.

Compiling KEY-DELREC trigger on CNTCST data block...
   No compilation errors.

Compiling ON-ERROR trigger on CNTCST data block...
   No compilation errors.

Compiling WHEN-NEW-ITEM-INSTANCE trigger on REC_ACTUAL item in CNTCST data block...
   No compilation errors.

Compiling WHEN-NEW-ITEM-INSTANCE trigger on CUENTA_DE_DIARIO item in CNTCST data block...
   No compilation errors.

Compiling WHEN-NEW-ITEM-INSTANCE trigger on EMP_CODIGO item in CNTCST data block...
   No compilation errors.

Compiling WHEN-NEW-ITEM-INSTANCE trigger on TIPO item in CNTCST data block...
   No compilation errors.

Compiling WHEN-VALIDATE-ITEM trigger on TIPO item in CNTCST data block...
   No compilation errors.

Compiling KEY-PREV-ITEM trigger on TIPO item in CNTCST data block...
   No compilation errors.

Compiling WHEN-NEW-ITEM-INSTANCE trigger on AGRUPADOR item in CNTCST data block...
   No compilation errors.

Compiling WHEN-VALIDATE-ITEM trigger on AGRUPADOR item in CNTCST data block...
   No compilation errors.

Compiling WHEN-NEW-ITEM-INSTANCE trigger on DESCRIPCION item in CNTCST data block...
   No compilation errors.

Compiling WHEN-NEW-ITEM-INSTANCE trigger on CUENTA_CONTABLE_MAYOR item in CNTCST data block...
   No compilation errors.

Compiling KEY-NEXT-ITEM trigger on CUENTA_CONTABLE_MAYOR item in CNTCST data block...
   No compilation errors.

Compiling WHEN-NEW-ITEM-INSTANCE trigger on NOMBRE item in CNTCST data block...
   No compilation errors.

Compiling WHEN-NEW-ITEM-INSTANCE trigger on CONTRACUENTA_CONTABLE_MAYOR item in CNTCST data block...
   No compilation errors.

Compiling ON-LOCK trigger on EMPCNTCST data block...
   No compilation errors.

Compiling POST-INSERT trigger on EMPCNTCST data block...
   No compilation errors.

Compiling POST-QUERY trigger on EMPCNTCST data block...
   No compilation errors.

Compiling PRE-BLOCK trigger on EMPCNTCST data block...
   No compilation errors.

Compiling PRE-QUERY trigger on EMPCNTCST data block...
   No compilation errors.

Compiling WHEN-DATABASE-RECORD trigger on EMPCNTCST data block...
   No compilation errors.

Compiling WHEN-NEW-BLOCK-INSTANCE trigger on EMPCNTCST data block...
   No compilation errors.

Compiling WHEN-NEW-RECORD-INSTANCE trigger on EMPCNTCST data block...
   No compilation errors.

Compiling WHEN-REMOVE-RECORD trigger on EMPCNTCST data block...
   No compilation errors.

Compiling POST-SELECT trigger on EMPCNTCST data block...
   No compilation errors.

Compiling PRE-UPDATE trigger on EMPCNTCST data block...
   No compilation errors.

Compiling PRE-INSERT trigger on EMPCNTCST data block...
   No compilation errors.

Compiling ON-ERROR trigger on EMPCNTCST data block...
   No compilation errors.

Compiling WHEN-NEW-ITEM-INSTANCE trigger on REC_ACTUAL item in EMPCNTCST data block...
   No compilation errors.

Compiling WHEN-NEW-ITEM-INSTANCE trigger on EMPROL_CODIGO item in EMPCNTCST data block...
   No compilation errors.

Compiling WHEN-NEW-ITEM-INSTANCE trigger on EMPROL_EMP_CODIGO item in EMPCNTCST data block...
   No compilation errors.

Compiling WHEN-NEW-ITEM-INSTANCE trigger on EMPROL_APELLIDOS item in EMPCNTCST data block...
   No compilation errors.

Compiling KEY-PREV-ITEM trigger on EMPROL_APELLIDOS item in EMPCNTCST data block...
   No compilation errors.

Compiling WHEN-VALIDATE-ITEM trigger on EMPROL_APELLIDOS item in EMPCNTCST data block...
   No compilation errors.

Compiling WHEN-NEW-ITEM-INSTANCE trigger on CNTCST_TIPO item in EMPCNTCST data block...
   No compilation errors.

Compiling WHEN-NEW-ITEM-INSTANCE trigger on EMPROL_NOMBRES item in EMPCNTCST data block...
   No compilation errors.

Compiling WHEN-VALIDATE-ITEM trigger on EMPROL_NOMBRES item in EMPCNTCST data block...
   No compilation errors.

Compiling WHEN-NEW-ITEM-INSTANCE trigger on EMPROL_TERCERIZADORA item in EMPCNTCST data block...
   No compilation errors.

Compiling WHEN-NEW-ITEM-INSTANCE trigger on PORCENTAJE item in EMPCNTCST data block...
   No compilation errors.

Compiling WHEN-NEW-ITEM-INSTANCE trigger on CNTCST_EMP_CODIGO item in EMPCNTCST data block...
   No compilation errors.

Compiling WHEN-NEW-ITEM-INSTANCE trigger on CNTCST_AGRUPADOR item in EMPCNTCST data block...
   No compilation errors.

Compiling WHEN-NEW-ITEM-INSTANCE trigger on FECHA item in EMPCNTCST data block...
   No compilation errors.

Compiling KEY-LISTVAL trigger on FECHA item in EMPCNTCST data block...
   No compilation errors.

Compiling WHEN-NEW-ITEM-INSTANCE trigger on ESTADO_DE_DISPONIBILIDAD item in EMPCNTCST data block...
   No compilation errors.

Compiling KEY-NEXT-ITEM trigger on ESTADO_DE_DISPONIBILIDAD item in EMPCNTCST data block...
   No compilation errors.

Compiling WHEN-NEW-ITEM-INSTANCE trigger on TERCERIZADORA item in EMPCNTCST data block...
   No compilation errors.

Compiling ON-LOCK trigger on PRMINT data block...
   No compilation errors.

Compiling POST-INSERT trigger on PRMINT data block...
   No compilation errors.

Compiling POST-QUERY trigger on PRMINT data block...
   No compilation errors.

Compiling PRE-BLOCK trigger on PRMINT data block...
   No compilation errors.

Compiling PRE-QUERY trigger on PRMINT data block...
   No compilation errors.

Compiling WHEN-DATABASE-RECORD trigger on PRMINT data block...
   No compilation errors.

Compiling WHEN-NEW-BLOCK-INSTANCE trigger on PRMINT data block...
   No compilation errors.

Compiling WHEN-NEW-RECORD-INSTANCE trigger on PRMINT data block...
   No compilation errors.

Compiling WHEN-REMOVE-RECORD trigger on PRMINT data block...
   No compilation errors.

Compiling POST-SELECT trigger on PRMINT data block...
   No compilation errors.

Compiling ON-ERROR trigger on PRMINT data block...
   No compilation errors.

Compiling WHEN-NEW-ITEM-INSTANCE trigger on EMP_CODIGO item in PRMINT data block...
   No compilation errors.

Compiling WHEN-NEW-ITEM-INSTANCE trigger on PARAMETRO item in PRMINT data block...
   No compilation errors.

Compiling WHEN-VALIDATE-ITEM trigger on PARAMETRO item in PRMINT data block...
   No compilation errors.

Compiling KEY-PREV-ITEM trigger on PARAMETRO item in PRMINT data block...
   No compilation errors.

Compiling WHEN-NEW-ITEM-INSTANCE trigger on TIPO item in PRMINT data block...
   No compilation errors.

Compiling WHEN-NEW-ITEM-INSTANCE trigger on CUENTA_CONTABLE item in PRMINT data block...
   No compilation errors.

Compiling KEY-NEXT-ITEM trigger on CUENTA_CONTABLE item in PRMINT data block...
   No compilation errors.

Compiling WHEN-NEW-ITEM-INSTANCE trigger on L_PLNCNT_EMP_CODIGO item in PRMINT data block...
   No compilation errors.

Compiling WHEN-NEW-ITEM-INSTANCE trigger on L_PLNCNT_NOMBRE item in PRMINT data block...
   No compilation errors.

Compiling KEY-CLRREC trigger on CG$CTRL data block...
   No compilation errors.

Compiling KEY-CREREC trigger on CG$CTRL data block...
   No compilation errors.

Compiling KEY-DOWN trigger on CG$CTRL data block...
   No compilation errors.

Compiling KEY-NXTREC trigger on CG$CTRL data block...
   No compilation errors.

Compiling KEY-SCRDOWN trigger on CG$CTRL data block...
   No compilation errors.

Compiling KEY-UP trigger on CG$CTRL data block...
   No compilation errors.

Compiling KEY-PRVREC trigger on CG$CTRL data block...
   No compilation errors.

Compiling KEY-SCRUP trigger on CG$CTRL data block...
   No compilation errors.

Compiling ON-ERROR trigger on CG$CTRL data block...
   No compilation errors.

Compiling PRE-BLOCK trigger on CG$CTRL data block...
   No compilation errors.

Compiling WHEN-NEW-BLOCK-INSTANCE trigger on CG$CTRL data block...
   No compilation errors.

Compiling WHEN-NEW-ITEM-INSTANCE trigger on CG$PAGE_1_LIST item in CG$CTRL data block...
   No compilation errors.

Compiling WHEN-NEW-ITEM-INSTANCE trigger on CG$WINDOWQMS$TRANS_ERRORS_PAGE item in CG$CTRL data block...
   No compilation errors.

Compiling WHEN-NEW-ITEM-INSTANCE trigger on CG$WINDOWASOCIACION_DE_CUENTAS item in CG$CTRL data block...
   No compilation errors.

Compiling WHEN-NEW-ITEM-INSTANCE trigger on CG$WINDOWQMS$TRANS_ERRORS_MODA item in CG$CTRL data block...
   No compilation errors.

Compiling WHEN-NEW-ITEM-INSTANCE trigger on CG$WINDOWCALENDAR_PAGE item in CG$CTRL data block...
   No compilation errors.

Compiling WHEN-NEW-ITEM-INSTANCE trigger on CG$WINDOWQMS$HIDDEN_ITEMS_PAGE item in CG$CTRL data block...
   No compilation errors.

Compiling WHEN-NEW-ITEM-INSTANCE trigger on CG$LAST_CANVAS item in CG$CTRL data block...
   No compilation errors.


Created form file M:\sas\bin\RDP\frm\cntrolcntasc.fmx
