Compiling package specification CG$ROLADMFCHEMP_GLOBALS... 
   No compilation errors.

Compiling procedure CGDV$POPULATE_DYNAMIC_LISTS... 
   No compilation errors.

Compiling procedure CGIM$LOAD... 
   No compilation errors.

Compiling procedure CGUV$CHK_OCPEMP_PK... 
   No compilation errors.

Compiling procedure CGSF$CLR_CRG_CRGEMP_OCPEMP_FK... 
   No compilation errors.

Compiling procedure CGFK$QRY_CRG_CRGEMP_OCPEMP_FK... 
   No compilation errors.

Compiling procedure CGUV$CHK_CRGEMP_PK... 
   No compilation errors.

Compiling procedure CGUV$CHK_PRFEMP_PK... 
   No compilation errors.

Compiling procedure CGSF$CLR_PRMPRF_PRMPRF_PRMROL_... 
   No compilation errors.

Compiling procedure CGFK$QRY_PRMPRF_PRMPRF_PRMROL_... 
   No compilation errors.

Compiling procedure CGUV$CHK_PRMPRF_PK... 
   No compilation errors.

Compiling procedure CGUI$GET_NEXT_EMPROL_SEQ... 
   No compilation errors.

Compiling procedure CGFK$QRY_EMPROL_EMPROL_CRGEMP_... 
   No compilation errors.

Compiling procedure CGSF$CLR_EMPROL_EMPROL_CRGEMP_... 
   No compilation errors.

Compiling procedure CGFK$QRY_EMPROL_EMPROL_PRFEMP_... 
   No compilation errors.

Compiling procedure CGSF$CLR_EMPROL_EMPROL_PRFEMP_... 
   No compilation errors.

Compiling procedure CGSF$CLR_EMPROL_EMPROL_DPR_FK... 
   No compilation errors.

Compiling procedure CGFK$QRY_EMPROL_EMPROL_DPR_FK... 
   No compilation errors.

Compiling procedure CGFK$CHK_EMPROL_EMPROL_PRFEMP_... 
   No compilation errors.

Compiling procedure CGSF$CLR_EMPROL_EMPROL_PRQ_FK... 
   No compilation errors.

Compiling procedure CGFK$QRY_EMPROL_EMPROL_PRQ_FK... 
   No compilation errors.

Compiling procedure CGUV$CHK_EMPROL_UK... 
   No compilation errors.

Compiling procedure CGUV$CHK_EMPROL_CEDULA_UK... 
   No compilation errors.

Compiling procedure CGUV$CHK_HSTEMP_PK... 
   No compilation errors.

Compiling procedure CGSP$DERIVE_HSTEMP_CODIGO... 
   No compilation errors.

Compiling procedure CGUV$CHK_CRGFRM_PK... 
   No compilation errors.

Compiling procedure CGSP$DERIVE_CRGFMR_NUMERO... 
   No compilation errors.

Compiling procedure CGUI$GET_NEXT_INGSAL_SEQ... 
   No compilation errors.

Compiling procedure CGUV$CHK_INGSLDEMP_UK2... 
   No compilation errors.

Compiling procedure CGUV$CHK_INGSLDEMP_UK... 
   No compilation errors.

Compiling procedure CGSF$CLR_PRMROLEMP_PRMROLEMP_P... 
   No compilation errors.

Compiling procedure CGFK$QRY_PRMROLEMP_PRMROLEMP_P... 
   No compilation errors.

Compiling procedure CGUV$CHK_PRMROLEMP_PK... 
   No compilation errors.

Compiling procedure CGRI$CHK_OCUPACIONES_EMPLEADOS... 
   No compilation errors.

Compiling procedure CGRI$CHK_CARGOS_EMPLEADOS... 
   No compilation errors.

Compiling function CGTE$CHECK_CONSTRAINT_VIO... 
   No compilation errors.

Compiling procedure CGTE$OCPEMP_ERRORS... 
   No compilation errors.

Compiling procedure CGTE$CRG_ERRORS... 
   No compilation errors.

Compiling procedure CGTE$PRFEMP_ERRORS... 
   No compilation errors.

Compiling procedure CGTE$PRMPRF_ERRORS... 
   No compilation errors.

Compiling procedure CGTE$EMPROL_ERRORS... 
   No compilation errors.

Compiling procedure CGTE$HSTEMP_ERRORS... 
   No compilation errors.

Compiling procedure CGTE$CRGFMR_ERRORS... 
   No compilation errors.

Compiling procedure CGTE$INGSLD_ERRORS... 
   No compilation errors.

Compiling procedure CGTE$PRMROLEMP_ERRORS... 
   No compilation errors.

Compiling procedure CGLY$DISPLAY_CANVASES... 
   No compilation errors.

Compiling procedure CGLY$GET_RELATED_CANVASES... 
   No compilation errors.

Compiling procedure CGLY$CANVAS_MANAGEMENT... 
   No compilation errors.

Compiling procedure CGBS$TOGGLE... 
   No compilation errors.

Compiling procedure FIJAR_REPORTE... 
   No compilation errors.

Compiling procedure GENERA_PARAMETROS_EMPLEADO... 
   No compilation errors.

Compiling procedure INSERTA_NUEVO_PERFIL... 
   No compilation errors.

Compiling procedure VALIDA_MODIFICACION_PARAMETROS... 
   No compilation errors.

Compiling function OBTIENE_EDAD... 
   No compilation errors.

Compiling PRE-COMMIT trigger on form...
   No compilation errors.

Compiling QMS$CUSTOM_HELP trigger on form...
   No compilation errors.

Compiling POST-FORM trigger on form...
   No compilation errors.

Compiling CALENDAR_WROTE_DATE trigger on form...
   No compilation errors.

Compiling KEY-EXIT trigger on form...
   No compilation errors.

Compiling POST-FORMS-COMMIT trigger on form...
   No compilation errors.

Compiling KEY-CLRFRM trigger on form...
   No compilation errors.

Compiling KEY-HELP trigger on form...
   No compilation errors.

Compiling KEY-MENU trigger on form...
   No compilation errors.

Compiling ON-ERROR trigger on form...
   No compilation errors.

Compiling ON-MESSAGE trigger on form...
   No compilation errors.

Compiling PRE-FORM trigger on form...
   No compilation errors.

Compiling QUERY_FIND trigger on form...
   No compilation errors.

Compiling QMS$MENU_ITEM trigger on form...
   No compilation errors.

Compiling WHEN-NEW-BLOCK-INSTANCE trigger on form...
   No compilation errors.

Compiling WHEN-NEW-FORM-INSTANCE trigger on form...
   No compilation errors.

Compiling WHEN-WINDOW-CLOSED trigger on form...
   No compilation errors.

Compiling WHEN-WINDOW-ACTIVATED trigger on form...
   No compilation errors.

Compiling WHEN-WINDOW-RESIZED trigger on form...
   No compilation errors.

Compiling WHEN-TAB-PAGE-CHANGED trigger on form...
   No compilation errors.

Compiling POST-TEXT-ITEM trigger on form...
   No compilation errors.

Compiling WHEN-FORM-NAVIGATE trigger on form...
   No compilation errors.

Compiling ON-CLEAR-DETAILS trigger on form...
   No compilation errors.

Compiling ON-POPULATE-DETAILS trigger on form...
   No compilation errors.

Compiling KEY-ENTQRY trigger on form...
   No compilation errors.

Compiling KEY-EXEQRY trigger on form...
   No compilation errors.

Compiling KEY-CQUERY trigger on form...
   No compilation errors.

Compiling KEY-CLRBLK trigger on form...
   No compilation errors.

Compiling KEY-CLRREC trigger on form...
   No compilation errors.

Compiling KEY-NXTKEY trigger on form...
   No compilation errors.

Compiling KEY-CLRREC trigger on QMS$TRANS_ERRORS data block...
   No compilation errors.

Compiling KEY-CREREC trigger on QMS$TRANS_ERRORS data block...
   No compilation errors.

Compiling KEY-DOWN trigger on QMS$TRANS_ERRORS data block...
   No compilation errors.

Compiling KEY-NXTREC trigger on QMS$TRANS_ERRORS data block...
   No compilation errors.

Compiling KEY-SCRDOWN trigger on QMS$TRANS_ERRORS data block...
   No compilation errors.

Compiling KEY-UP trigger on QMS$TRANS_ERRORS data block...
   No compilation errors.

Compiling KEY-PRVREC trigger on QMS$TRANS_ERRORS data block...
   No compilation errors.

Compiling KEY-SCRUP trigger on QMS$TRANS_ERRORS data block...
   No compilation errors.

Compiling ON-ERROR trigger on QMS$TRANS_ERRORS data block...
   No compilation errors.

Compiling PRE-BLOCK trigger on QMS$TRANS_ERRORS data block...
   No compilation errors.

Compiling WHEN-NEW-BLOCK-INSTANCE trigger on QMS$TRANS_ERRORS data block...
   No compilation errors.

Compiling ON-LOCK trigger on QMS$TRANS_ERRORS data block...
   No compilation errors.

Compiling WHEN-VALIDATE-RECORD trigger on QMS$TRANS_ERRORS data block...
   No compilation errors.

Compiling WHEN-BUTTON-PRESSED trigger on QMS$TRANS_ERRORS data block...
   No compilation errors.

Compiling WHEN-LIST-ACTIVATED trigger on QMS$TRANS_ERRORS data block...
   No compilation errors.

Compiling WHEN-NEW-ITEM-INSTANCE trigger on OK_BUTTON item in QMS$TRANS_ERRORS data block...
   No compilation errors.

Compiling WHEN-BUTTON-PRESSED trigger on OK_BUTTON item in QMS$TRANS_ERRORS data block...
   No compilation errors.

Compiling KEY-PREV-ITEM trigger on OK_BUTTON item in QMS$TRANS_ERRORS data block...
   No compilation errors.

Compiling WHEN-LIST-CHANGED trigger on MESSAGES item in QMS$TRANS_ERRORS data block...
   No compilation errors.

Compiling WHEN-NEW-ITEM-INSTANCE trigger on HELP_BUTTON item in QMS$TRANS_ERRORS data block...
   No compilation errors.

Compiling WHEN-BUTTON-PRESSED trigger on HELP_BUTTON item in QMS$TRANS_ERRORS data block...
   No compilation errors.

Compiling KEY-NEXT-ITEM trigger on HELP_BUTTON item in QMS$TRANS_ERRORS data block...
   No compilation errors.

Compiling WHEN-NEW-ITEM-INSTANCE trigger on OK_BUTTON_MODAL item in QMS$TRANS_ERRORS data block...
   No compilation errors.

Compiling WHEN-BUTTON-PRESSED trigger on OK_BUTTON_MODAL item in QMS$TRANS_ERRORS data block...
   No compilation errors.

Compiling KEY-PREV-ITEM trigger on OK_BUTTON_MODAL item in QMS$TRANS_ERRORS data block...
   No compilation errors.

Compiling WHEN-LIST-CHANGED trigger on MESSAGES_MODAL item in QMS$TRANS_ERRORS data block...
   No compilation errors.

Compiling WHEN-NEW-ITEM-INSTANCE trigger on HELP_BUTTON_MODAL item in QMS$TRANS_ERRORS data block...
   No compilation errors.

Compiling WHEN-BUTTON-PRESSED trigger on HELP_BUTTON_MODAL item in QMS$TRANS_ERRORS data block...
   No compilation errors.

Compiling KEY-NEXT-ITEM trigger on HELP_BUTTON_MODAL item in QMS$TRANS_ERRORS data block...
   No compilation errors.

Compiling WHEN-NEW-ITEM-INSTANCE trigger on RETURN_TO_BLOCK item in QMS$TRANS_ERRORS data block...
   No compilation errors.

Compiling WHEN-RADIO-CHANGED trigger on CALENDAR data block...
   No compilation errors.

Compiling KEY-OTHERS trigger on CALENDAR data block...
   No compilation errors.

Compiling KEY-NEXT-ITEM trigger on CALENDAR data block...
   No compilation errors.

Compiling KEY-PREV-ITEM trigger on CALENDAR data block...
   No compilation errors.

Compiling KEY-ENTER trigger on CALENDAR data block...
   No compilation errors.

Compiling WHEN-BUTTON-PRESSED trigger on CALENDAR data block...
   No compilation errors.

Compiling WHEN-LIST-CHANGED trigger on CALENDAR data block...
   No compilation errors.

Compiling WHEN-MOUSE-CLICK trigger on CALENDAR data block...
   No compilation errors.

Compiling KEY-DOWN trigger on CALENDAR data block...
   No compilation errors.

Compiling KEY-UP trigger on CALENDAR data block...
   No compilation errors.

Compiling KEY-NXTREC trigger on CALENDAR data block...
   No compilation errors.

Compiling KEY-PRVREC trigger on CALENDAR data block...
   No compilation errors.

Compiling WHEN-MOUSE-DOUBLECLICK trigger on CALENDAR data block...
   No compilation errors.

Compiling WHEN-NEW-ITEM-INSTANCE trigger on HOUR item in CALENDAR data block...
   No compilation errors.

Compiling WHEN-NEW-ITEM-INSTANCE trigger on MINUTE item in CALENDAR data block...
   No compilation errors.

Compiling WHEN-NEW-ITEM-INSTANCE trigger on OK item in CALENDAR data block...
   No compilation errors.

Compiling WHEN-BUTTON-PRESSED trigger on OK item in CALENDAR data block...
   No compilation errors.

Compiling KEY-PREV-ITEM trigger on OK item in CALENDAR data block...
   No compilation errors.

Compiling WHEN-NEW-ITEM-INSTANCE trigger on CANCEL item in CALENDAR data block...
   No compilation errors.

Compiling WHEN-BUTTON-PRESSED trigger on CANCEL item in CALENDAR data block...
   No compilation errors.

Compiling KEY-NEXT-ITEM trigger on MONTH_AND_YEAR item in CALENDAR data block...
   No compilation errors.

Compiling WHEN-MOUSE-CLICK trigger on PREV_MONTH item in CALENDAR data block...
   No compilation errors.

Compiling WHEN-MOUSE-CLICK trigger on NEXT_MONTH item in CALENDAR data block...
   No compilation errors.

Compiling WHEN-MOUSE-CLICK trigger on NEXT_YEAR item in CALENDAR data block...
   No compilation errors.

Compiling WHEN-MOUSE-CLICK trigger on PREV_YEAR item in CALENDAR data block...
   No compilation errors.

Compiling WHEN-NEW-ITEM-INSTANCE trigger on AM_PM item in CALENDAR data block...
   No compilation errors.

Compiling WHEN-BUTTON-PRESSED trigger on QMS$TOOLBAR data block...
   No compilation errors.

Compiling WHEN-LIST-CHANGED trigger on ORDER_BY item in QMS$TOOLBAR data block...
   No compilation errors.

Compiling ON-LOCK trigger on OCPEMP data block...
   No compilation errors.

Compiling POST-INSERT trigger on OCPEMP data block...
   No compilation errors.

Compiling POST-QUERY trigger on OCPEMP data block...
   No compilation errors.

Compiling PRE-BLOCK trigger on OCPEMP data block...
   No compilation errors.

Compiling PRE-QUERY trigger on OCPEMP data block...
   No compilation errors.

Compiling WHEN-DATABASE-RECORD trigger on OCPEMP data block...
   No compilation errors.

Compiling WHEN-NEW-BLOCK-INSTANCE trigger on OCPEMP data block...
   No compilation errors.

Compiling WHEN-NEW-RECORD-INSTANCE trigger on OCPEMP data block...
   No compilation errors.

Compiling WHEN-REMOVE-RECORD trigger on OCPEMP data block...
   No compilation errors.

Compiling POST-SELECT trigger on OCPEMP data block...
   No compilation errors.

Compiling KEY-DELREC trigger on OCPEMP data block...
   No compilation errors.

Compiling ON-ERROR trigger on OCPEMP data block...
   No compilation errors.

Compiling WHEN-NEW-ITEM-INSTANCE trigger on REC_ACTUAL item in OCPEMP data block...
   No compilation errors.

Compiling WHEN-NEW-ITEM-INSTANCE trigger on CODIGO item in OCPEMP data block...
   No compilation errors.

Compiling WHEN-VALIDATE-ITEM trigger on CODIGO item in OCPEMP data block...
   No compilation errors.

Compiling KEY-PREV-ITEM trigger on CODIGO item in OCPEMP data block...
   No compilation errors.

Compiling WHEN-NEW-ITEM-INSTANCE trigger on DESCRIPCION item in OCPEMP data block...
   No compilation errors.

Compiling WHEN-NEW-ITEM-INSTANCE trigger on CODIGO_IESS item in OCPEMP data block...
   No compilation errors.

Compiling WHEN-NEW-ITEM-INSTANCE trigger on ESTADO_DE_DISPONIBILIDAD item in OCPEMP data block...
   No compilation errors.

Compiling KEY-NEXT-ITEM trigger on ESTADO_DE_DISPONIBILIDAD item in OCPEMP data block...
   No compilation errors.

Compiling ON-LOCK trigger on CRG data block...
   No compilation errors.

Compiling POST-INSERT trigger on CRG data block...
   No compilation errors.

Compiling POST-QUERY trigger on CRG data block...
   No compilation errors.

Compiling PRE-BLOCK trigger on CRG data block...
   No compilation errors.

Compiling PRE-QUERY trigger on CRG data block...
   No compilation errors.

Compiling WHEN-DATABASE-RECORD trigger on CRG data block...
   No compilation errors.

Compiling WHEN-NEW-BLOCK-INSTANCE trigger on CRG data block...
   No compilation errors.

Compiling WHEN-NEW-RECORD-INSTANCE trigger on CRG data block...
   No compilation errors.

Compiling WHEN-REMOVE-RECORD trigger on CRG data block...
   No compilation errors.

Compiling POST-SELECT trigger on CRG data block...
   No compilation errors.

Compiling KEY-DELREC trigger on CRG data block...
   No compilation errors.

Compiling ON-ERROR trigger on CRG data block...
   No compilation errors.

Compiling WHEN-NEW-ITEM-INSTANCE trigger on REC_ACTUAL item in CRG data block...
   No compilation errors.

Compiling WHEN-NEW-ITEM-INSTANCE trigger on EMP_CODIGO item in CRG data block...
   No compilation errors.

Compiling WHEN-NEW-ITEM-INSTANCE trigger on CODIGO item in CRG data block...
   No compilation errors.

Compiling WHEN-VALIDATE-ITEM trigger on CODIGO item in CRG data block...
   No compilation errors.

Compiling KEY-PREV-ITEM trigger on CODIGO item in CRG data block...
   No compilation errors.

Compiling WHEN-NEW-ITEM-INSTANCE trigger on DESCRIPCION item in CRG data block...
   No compilation errors.

Compiling WHEN-NEW-ITEM-INSTANCE trigger on OCPEMP_CODIGO item in CRG data block...
   No compilation errors.

Compiling WHEN-NEW-ITEM-INSTANCE trigger on DESCRIPCION2 item in CRG data block...
   No compilation errors.

Compiling WHEN-VALIDATE-ITEM trigger on DESCRIPCION2 item in CRG data block...
   No compilation errors.

Compiling WHEN-NEW-ITEM-INSTANCE trigger on GRADO item in CRG data block...
   No compilation errors.

Compiling WHEN-NEW-ITEM-INSTANCE trigger on GRADO_RESPONSABILIDAD item in CRG data block...
   No compilation errors.

Compiling WHEN-NEW-ITEM-INSTANCE trigger on ESTADO_DE_DISPONIBILIDAD item in CRG data block...
   No compilation errors.

Compiling KEY-NEXT-ITEM trigger on ESTADO_DE_DISPONIBILIDAD item in CRG data block...
   No compilation errors.

Compiling ON-LOCK trigger on PRFEMP data block...
   No compilation errors.

Compiling POST-INSERT trigger on PRFEMP data block...
   No compilation errors.

Compiling POST-QUERY trigger on PRFEMP data block...
   No compilation errors.

Compiling PRE-BLOCK trigger on PRFEMP data block...
   No compilation errors.

Compiling PRE-QUERY trigger on PRFEMP data block...
   No compilation errors.

Compiling WHEN-DATABASE-RECORD trigger on PRFEMP data block...
   No compilation errors.

Compiling WHEN-NEW-BLOCK-INSTANCE trigger on PRFEMP data block...
   No compilation errors.

Compiling WHEN-NEW-RECORD-INSTANCE trigger on PRFEMP data block...
   No compilation errors.

Compiling WHEN-REMOVE-RECORD trigger on PRFEMP data block...
   No compilation errors.

Compiling POST-SELECT trigger on PRFEMP data block...
   No compilation errors.

Compiling ON-ERROR trigger on PRFEMP data block...
   No compilation errors.

Compiling PRE-RECORD trigger on PRFEMP data block...
   No compilation errors.

Compiling WHEN-NEW-ITEM-INSTANCE trigger on REC_ACTUAL item in PRFEMP data block...
   No compilation errors.

Compiling WHEN-NEW-ITEM-INSTANCE trigger on CODIGO item in PRFEMP data block...
   No compilation errors.

Compiling WHEN-VALIDATE-ITEM trigger on CODIGO item in PRFEMP data block...
   No compilation errors.

Compiling KEY-PREV-ITEM trigger on CODIGO item in PRFEMP data block...
   No compilation errors.

Compiling WHEN-NEW-ITEM-INSTANCE trigger on DESCRIPCION item in PRFEMP data block...
   No compilation errors.

Compiling WHEN-NEW-ITEM-INSTANCE trigger on ESTADO_DE_DISPONIBILIDAD item in PRFEMP data block...
   No compilation errors.

Compiling KEY-NEXT-ITEM trigger on ESTADO_DE_DISPONIBILIDAD item in PRFEMP data block...
   No compilation errors.

Compiling WHEN-LIST-CHANGED trigger on ESTADO_DE_DISPONIBILIDAD item in PRFEMP data block...
   No compilation errors.

Compiling WHEN-NEW-ITEM-INSTANCE trigger on EMP_CODIGO item in PRFEMP data block...
   No compilation errors.

Compiling ON-LOCK trigger on PRMPRF data block...
   No compilation errors.

Compiling POST-INSERT trigger on PRMPRF data block...
   No compilation errors.

Compiling POST-QUERY trigger on PRMPRF data block...
   No compilation errors.

Compiling PRE-BLOCK trigger on PRMPRF data block...
   No compilation errors.

Compiling PRE-QUERY trigger on PRMPRF data block...
   No compilation errors.

Compiling WHEN-DATABASE-RECORD trigger on PRMPRF data block...
   No compilation errors.

Compiling WHEN-NEW-BLOCK-INSTANCE trigger on PRMPRF data block...
   No compilation errors.

Compiling WHEN-NEW-RECORD-INSTANCE trigger on PRMPRF data block...
   No compilation errors.

Compiling WHEN-REMOVE-RECORD trigger on PRMPRF data block...
   No compilation errors.

Compiling POST-SELECT trigger on PRMPRF data block...
   No compilation errors.

Compiling ON-ERROR trigger on PRMPRF data block...
   No compilation errors.

Compiling PRE-RECORD trigger on PRMPRF data block...
   No compilation errors.

Compiling PRE-INSERT trigger on PRMPRF data block...
   No compilation errors.

Compiling POST-UPDATE trigger on PRMPRF data block...
   No compilation errors.

Compiling WHEN-NEW-ITEM-INSTANCE trigger on DISPONIBILIDAD item in PRMPRF data block...
   No compilation errors.

Compiling WHEN-NEW-ITEM-INSTANCE trigger on REC_ACTUAL item in PRMPRF data block...
   No compilation errors.

Compiling WHEN-NEW-ITEM-INSTANCE trigger on PRFEMP_EMP_CODIGO item in PRMPRF data block...
   No compilation errors.

Compiling WHEN-NEW-ITEM-INSTANCE trigger on NOMBRE item in PRMPRF data block...
   No compilation errors.

Compiling WHEN-VALIDATE-ITEM trigger on NOMBRE item in PRMPRF data block...
   No compilation errors.

Compiling KEY-PREV-ITEM trigger on NOMBRE item in PRMPRF data block...
   No compilation errors.

Compiling WHEN-NEW-ITEM-INSTANCE trigger on PRFEMP_CODIGO item in PRMPRF data block...
   No compilation errors.

Compiling WHEN-NEW-ITEM-INSTANCE trigger on PRMROL_VALOR item in PRMPRF data block...
   No compilation errors.

Compiling WHEN-NEW-ITEM-INSTANCE trigger on PRMROL_EMP_CODIGO item in PRMPRF data block...
   No compilation errors.

Compiling WHEN-NEW-ITEM-INSTANCE trigger on PRMROL_LIMITE_INFERIOR item in PRMPRF data block...
   No compilation errors.

Compiling WHEN-NEW-ITEM-INSTANCE trigger on PRMROL_CODIGO item in PRMPRF data block...
   No compilation errors.

Compiling WHEN-NEW-ITEM-INSTANCE trigger on PRMROL_LIMITE_SUPERIOR item in PRMPRF data block...
   No compilation errors.

Compiling WHEN-NEW-ITEM-INSTANCE trigger on VALOR item in PRMPRF data block...
   No compilation errors.

Compiling WHEN-VALIDATE-ITEM trigger on VALOR item in PRMPRF data block...
   No compilation errors.

Compiling WHEN-NEW-ITEM-INSTANCE trigger on ESTADO_DE_DISPONIBILIDAD item in PRMPRF data block...
   No compilation errors.

Compiling KEY-NEXT-ITEM trigger on ESTADO_DE_DISPONIBILIDAD item in PRMPRF data block...
   No compilation errors.

Compiling ON-LOCK trigger on EMPROL data block...
   No compilation errors.

Compiling POST-INSERT trigger on EMPROL data block...
   No compilation errors.

Compiling POST-QUERY trigger on EMPROL data block...
   No compilation errors.

Compiling PRE-BLOCK trigger on EMPROL data block...
   No compilation errors.

Compiling PRE-QUERY trigger on EMPROL data block...
   No compilation errors.

Compiling WHEN-DATABASE-RECORD trigger on EMPROL data block...
   No compilation errors.

Compiling WHEN-NEW-BLOCK-INSTANCE trigger on EMPROL data block...
   No compilation errors.

Compiling WHEN-NEW-RECORD-INSTANCE trigger on EMPROL data block...
   No compilation errors.

Compiling WHEN-REMOVE-RECORD trigger on EMPROL data block...
   No compilation errors.

Compiling POST-SELECT trigger on EMPROL data block...
   No compilation errors.

Compiling WHEN-CREATE-RECORD trigger on EMPROL data block...
   No compilation errors.

Compiling PRE-INSERT trigger on EMPROL data block...
   No compilation errors.

Compiling KEY-DUPREC trigger on EMPROL data block...
   No compilation errors.

Compiling PRE-UPDATE trigger on EMPROL data block...
   No compilation errors.

Compiling ON-ERROR trigger on EMPROL data block...
   No compilation errors.

Compiling PRE-RECORD trigger on EMPROL data block...
   No compilation errors.

Compiling POST-UPDATE trigger on EMPROL data block...
   No compilation errors.

Compiling WHEN-NEW-ITEM-INSTANCE trigger on EMP_CODIGO item in EMPROL data block...
   No compilation errors.

Compiling WHEN-NEW-ITEM-INSTANCE trigger on FOTOGRAFIA item in EMPROL data block...
   No compilation errors.

Compiling WHEN-IMAGE-PRESSED trigger on FOTOGRAFIA item in EMPROL data block...
   No compilation errors.

Compiling WHEN-IMAGE-ACTIVATED trigger on FOTOGRAFIA item in EMPROL data block...
   No compilation errors.

Compiling WHEN-NEW-ITEM-INSTANCE trigger on CTR_FOTOGRAFIA item in EMPROL data block...
   No compilation errors.

Compiling WHEN-VALIDATE-ITEM trigger on CTR_FOTOGRAFIA item in EMPROL data block...
   No compilation errors.

Compiling KEY-PREV-ITEM trigger on CTR_FOTOGRAFIA item in EMPROL data block...
   No compilation errors.

Compiling WHEN-NEW-ITEM-INSTANCE trigger on CODIGO item in EMPROL data block...
   No compilation errors.

Compiling WHEN-NEW-ITEM-INSTANCE trigger on APELLIDOS item in EMPROL data block...
   No compilation errors.

Compiling WHEN-NEW-ITEM-INSTANCE trigger on NOMBRES item in EMPROL data block...
   No compilation errors.

Compiling WHEN-NEW-ITEM-INSTANCE trigger on CEDULA item in EMPROL data block...
   No compilation errors.

Compiling WHEN-VALIDATE-ITEM trigger on CEDULA item in EMPROL data block...
   No compilation errors.

Compiling WHEN-NEW-ITEM-INSTANCE trigger on FECHA_DE_NACIMIENTO item in EMPROL data block...
   No compilation errors.

Compiling KEY-LISTVAL trigger on FECHA_DE_NACIMIENTO item in EMPROL data block...
   No compilation errors.

Compiling WHEN-NEW-ITEM-INSTANCE trigger on SEXO item in EMPROL data block...
   No compilation errors.

Compiling WHEN-NEW-ITEM-INSTANCE trigger on ESTADO_CIVIL item in EMPROL data block...
   No compilation errors.

Compiling WHEN-NEW-ITEM-INSTANCE trigger on CARNET_IESS item in EMPROL data block...
   No compilation errors.

Compiling WHEN-NEW-ITEM-INSTANCE trigger on PRQ_CNT_PRV_CODIGO item in EMPROL data block...
   No compilation errors.

Compiling WHEN-NEW-ITEM-INSTANCE trigger on PRQ_CNT_CODIGO item in EMPROL data block...
   No compilation errors.

Compiling WHEN-NEW-ITEM-INSTANCE trigger on PRQ_CODIGO item in EMPROL data block...
   No compilation errors.

Compiling WHEN-NEW-ITEM-INSTANCE trigger on PRV_PROVINCIA item in EMPROL data block...
   No compilation errors.

Compiling WHEN-NEW-ITEM-INSTANCE trigger on CNT_CANTON item in EMPROL data block...
   No compilation errors.

Compiling WHEN-NEW-ITEM-INSTANCE trigger on PRQ_PARROQUIA item in EMPROL data block...
   No compilation errors.

Compiling WHEN-NEW-ITEM-INSTANCE trigger on TELEFONO item in EMPROL data block...
   No compilation errors.

Compiling WHEN-NEW-ITEM-INSTANCE trigger on CNT_PRV_CODIGO item in EMPROL data block...
   No compilation errors.

Compiling WHEN-NEW-ITEM-INSTANCE trigger on CNT_CODIGO item in EMPROL data block...
   No compilation errors.

Compiling WHEN-NEW-ITEM-INSTANCE trigger on PRV_CODIGO item in EMPROL data block...
   No compilation errors.

Compiling WHEN-NEW-ITEM-INSTANCE trigger on DIRECCION item in EMPROL data block...
   No compilation errors.

Compiling WHEN-NEW-ITEM-INSTANCE trigger on FECHA_ING_PUBLICA item in EMPROL data block...
   No compilation errors.

Compiling KEY-LISTVAL trigger on FECHA_ING_PUBLICA item in EMPROL data block...
   No compilation errors.

Compiling WHEN-NEW-ITEM-INSTANCE trigger on FECHA_DE_INGRESO item in EMPROL data block...
   No compilation errors.

Compiling KEY-LISTVAL trigger on FECHA_DE_INGRESO item in EMPROL data block...
   No compilation errors.

Compiling WHEN-NEW-ITEM-INSTANCE trigger on PRFEMP_CODIGO item in EMPROL data block...
   No compilation errors.

Compiling WHEN-VALIDATE-ITEM trigger on PRFEMP_CODIGO item in EMPROL data block...
   No compilation errors.

Compiling WHEN-NEW-ITEM-INSTANCE trigger on DESCRIPCION item in EMPROL data block...
   No compilation errors.

Compiling WHEN-VALIDATE-ITEM trigger on DESCRIPCION item in EMPROL data block...
   No compilation errors.

Compiling WHEN-NEW-ITEM-INSTANCE trigger on CRGEMP_CODIGO item in EMPROL data block...
   No compilation errors.

Compiling WHEN-NEW-ITEM-INSTANCE trigger on DESCRIPCION2 item in EMPROL data block...
   No compilation errors.

Compiling WHEN-NEW-ITEM-INSTANCE trigger on CRGEMP_GRADO item in EMPROL data block...
   No compilation errors.

Compiling WHEN-NEW-ITEM-INSTANCE trigger on CRGEMP_GRADO_RESPONSABILIDAD item in EMPROL data block...
   No compilation errors.

Compiling WHEN-NEW-ITEM-INSTANCE trigger on PERFIL item in EMPROL data block...
   No compilation errors.

Compiling WHEN-NEW-ITEM-INSTANCE trigger on DPR_CODIGO item in EMPROL data block...
   No compilation errors.

Compiling WHEN-NEW-ITEM-INSTANCE trigger on DPR_ARA_CODIGO item in EMPROL data block...
   No compilation errors.

Compiling WHEN-NEW-ITEM-INSTANCE trigger on NOMBRE item in EMPROL data block...
   No compilation errors.

Compiling WHEN-VALIDATE-ITEM trigger on NOMBRE item in EMPROL data block...
   No compilation errors.

Compiling WHEN-NEW-ITEM-INSTANCE trigger on TERCERIZADORA item in EMPROL data block...
   No compilation errors.

Compiling WHEN-NEW-ITEM-INSTANCE trigger on CLASIFICACION item in EMPROL data block...
   No compilation errors.

Compiling WHEN-NEW-ITEM-INSTANCE trigger on CODIGO_CONTROL item in EMPROL data block...
   No compilation errors.

Compiling WHEN-NEW-ITEM-INSTANCE trigger on OBSERVACIONES item in EMPROL data block...
   No compilation errors.

Compiling WHEN-NEW-ITEM-INSTANCE trigger on PER_ID item in EMPROL data block...
   No compilation errors.

Compiling WHEN-VALIDATE-ITEM trigger on PER_ID item in EMPROL data block...
   No compilation errors.

Compiling WHEN-NEW-ITEM-INSTANCE trigger on CUENTA_BANCARIA item in EMPROL data block...
   No compilation errors.

Compiling WHEN-NEW-ITEM-INSTANCE trigger on CUENTA_PAGO item in EMPROL data block...
   No compilation errors.

Compiling WHEN-NEW-ITEM-INSTANCE trigger on ESTADO_DE_DISPONIBILIDAD item in EMPROL data block...
   No compilation errors.

Compiling WHEN-NEW-ITEM-INSTANCE trigger on ESTADO_LABORAL item in EMPROL data block...
   No compilation errors.

Compiling WHEN-NEW-ITEM-INSTANCE trigger on DEUDA_FACTURA item in EMPROL data block...
   No compilation errors.

Compiling WHEN-NEW-ITEM-INSTANCE trigger on DEUDA_EMPLEADO item in EMPROL data block...
   No compilation errors.

Compiling WHEN-BUTTON-PRESSED trigger on DEUDA_EMPLEADO item in EMPROL data block...
   No compilation errors.

Compiling WHEN-NEW-ITEM-INSTANCE trigger on FECHA_DE_SALIDA item in EMPROL data block...
   No compilation errors.

Compiling KEY-LISTVAL trigger on FECHA_DE_SALIDA item in EMPROL data block...
   No compilation errors.

Compiling WHEN-NEW-ITEM-INSTANCE trigger on TIPO_EMPLEADO item in EMPROL data block...
   No compilation errors.

Compiling WHEN-NEW-ITEM-INSTANCE trigger on BTN_INGSAL item in EMPROL data block...
   No compilation errors.

Compiling WHEN-BUTTON-PRESSED trigger on BTN_INGSAL item in EMPROL data block...
   No compilation errors.

Compiling WHEN-NEW-ITEM-INSTANCE trigger on BTN_PARAMETROS item in EMPROL data block...
   No compilation errors.

Compiling WHEN-BUTTON-PRESSED trigger on BTN_PARAMETROS item in EMPROL data block...
   No compilation errors.

Compiling KEY-NEXT-ITEM trigger on BTN_PARAMETROS item in EMPROL data block...
   No compilation errors.

Compiling WHEN-NEW-ITEM-INSTANCE trigger on PRFEMP_EMP_CODIGO item in EMPROL data block...
   No compilation errors.

Compiling WHEN-NEW-ITEM-INSTANCE trigger on CRGEMP_EMP_CODIGO item in EMPROL data block...
   No compilation errors.

Compiling ON-LOCK trigger on HSTEMP data block...
   No compilation errors.

Compiling POST-INSERT trigger on HSTEMP data block...
   No compilation errors.

Compiling POST-QUERY trigger on HSTEMP data block...
   No compilation errors.

Compiling PRE-BLOCK trigger on HSTEMP data block...
   No compilation errors.

Compiling PRE-QUERY trigger on HSTEMP data block...
   No compilation errors.

Compiling WHEN-DATABASE-RECORD trigger on HSTEMP data block...
   No compilation errors.

Compiling WHEN-NEW-BLOCK-INSTANCE trigger on HSTEMP data block...
   No compilation errors.

Compiling WHEN-NEW-RECORD-INSTANCE trigger on HSTEMP data block...
   No compilation errors.

Compiling WHEN-REMOVE-RECORD trigger on HSTEMP data block...
   No compilation errors.

Compiling POST-SELECT trigger on HSTEMP data block...
   No compilation errors.

Compiling PRE-INSERT trigger on HSTEMP data block...
   No compilation errors.

Compiling ON-ERROR trigger on HSTEMP data block...
   No compilation errors.

Compiling WHEN-NEW-ITEM-INSTANCE trigger on REC_ACTUAL item in HSTEMP data block...
   No compilation errors.

Compiling WHEN-NEW-ITEM-INSTANCE trigger on CODIGO item in HSTEMP data block...
   No compilation errors.

Compiling WHEN-NEW-ITEM-INSTANCE trigger on TIPO_ATRIBUTO item in HSTEMP data block...
   No compilation errors.

Compiling KEY-PREV-ITEM trigger on TIPO_ATRIBUTO item in HSTEMP data block...
   No compilation errors.

Compiling WHEN-NEW-ITEM-INSTANCE trigger on NOMBRE item in HSTEMP data block...
   No compilation errors.

Compiling WHEN-NEW-ITEM-INSTANCE trigger on DESCRIPCION item in HSTEMP data block...
   No compilation errors.

Compiling KEY-NEXT-ITEM trigger on DESCRIPCION item in HSTEMP data block...
   No compilation errors.

Compiling WHEN-NEW-ITEM-INSTANCE trigger on EMPROL_EMP_CODIGO item in HSTEMP data block...
   No compilation errors.

Compiling WHEN-NEW-ITEM-INSTANCE trigger on EMPROL_CODIGO item in HSTEMP data block...
   No compilation errors.

Compiling ON-LOCK trigger on CRGFMR data block...
   No compilation errors.

Compiling POST-INSERT trigger on CRGFMR data block...
   No compilation errors.

Compiling POST-QUERY trigger on CRGFMR data block...
   No compilation errors.

Compiling PRE-BLOCK trigger on CRGFMR data block...
   No compilation errors.

Compiling PRE-QUERY trigger on CRGFMR data block...
   No compilation errors.

Compiling WHEN-DATABASE-RECORD trigger on CRGFMR data block...
   No compilation errors.

Compiling WHEN-NEW-BLOCK-INSTANCE trigger on CRGFMR data block...
   No compilation errors.

Compiling WHEN-NEW-RECORD-INSTANCE trigger on CRGFMR data block...
   No compilation errors.

Compiling WHEN-REMOVE-RECORD trigger on CRGFMR data block...
   No compilation errors.

Compiling POST-SELECT trigger on CRGFMR data block...
   No compilation errors.

Compiling PRE-INSERT trigger on CRGFMR data block...
   No compilation errors.

Compiling ON-ERROR trigger on CRGFMR data block...
   No compilation errors.

Compiling WHEN-NEW-ITEM-INSTANCE trigger on REC_ACTUAL item in CRGFMR data block...
   No compilation errors.

Compiling WHEN-NEW-ITEM-INSTANCE trigger on EMPROL_EMP_CODIGO item in CRGFMR data block...
   No compilation errors.

Compiling WHEN-NEW-ITEM-INSTANCE trigger on EMPROL_CODIGO item in CRGFMR data block...
   No compilation errors.

Compiling WHEN-NEW-ITEM-INSTANCE trigger on NUMERO item in CRGFMR data block...
   No compilation errors.

Compiling WHEN-NEW-ITEM-INSTANCE trigger on NOMBRE item in CRGFMR data block...
   No compilation errors.

Compiling KEY-PREV-ITEM trigger on NOMBRE item in CRGFMR data block...
   No compilation errors.

Compiling WHEN-NEW-ITEM-INSTANCE trigger on SEXO item in CRGFMR data block...
   No compilation errors.

Compiling WHEN-NEW-ITEM-INSTANCE trigger on FECHA_NACIMIENTO item in CRGFMR data block...
   No compilation errors.

Compiling KEY-LISTVAL trigger on FECHA_NACIMIENTO item in CRGFMR data block...
   No compilation errors.

Compiling WHEN-NEW-ITEM-INSTANCE trigger on EDAD item in CRGFMR data block...
   No compilation errors.

Compiling FORMULA-CALCULATION trigger on EDAD item in CRGFMR data block...
   No compilation errors.

Compiling WHEN-NEW-ITEM-INSTANCE trigger on ESTADO_DE_DISPONIBILIDAD item in CRGFMR data block...
   No compilation errors.

Compiling KEY-NEXT-ITEM trigger on ESTADO_DE_DISPONIBILIDAD item in CRGFMR data block...
   No compilation errors.

Compiling ON-LOCK trigger on INGSLD data block...
   No compilation errors.

Compiling POST-INSERT trigger on INGSLD data block...
   No compilation errors.

Compiling POST-QUERY trigger on INGSLD data block...
   No compilation errors.

Compiling PRE-BLOCK trigger on INGSLD data block...
   No compilation errors.

Compiling PRE-QUERY trigger on INGSLD data block...
   No compilation errors.

Compiling WHEN-DATABASE-RECORD trigger on INGSLD data block...
   No compilation errors.

Compiling WHEN-NEW-BLOCK-INSTANCE trigger on INGSLD data block...
   No compilation errors.

Compiling WHEN-NEW-RECORD-INSTANCE trigger on INGSLD data block...
   No compilation errors.

Compiling WHEN-REMOVE-RECORD trigger on INGSLD data block...
   No compilation errors.

Compiling POST-SELECT trigger on INGSLD data block...
   No compilation errors.

Compiling PRE-INSERT trigger on INGSLD data block...
   No compilation errors.

Compiling KEY-DUPREC trigger on INGSLD data block...
   No compilation errors.

Compiling ON-ERROR trigger on INGSLD data block...
   No compilation errors.

Compiling WHEN-NEW-ITEM-INSTANCE trigger on REC_ACTUAL item in INGSLD data block...
   No compilation errors.

Compiling WHEN-NEW-ITEM-INSTANCE trigger on EMPROL_EMP_CODIGO item in INGSLD data block...
   No compilation errors.

Compiling WHEN-NEW-ITEM-INSTANCE trigger on EMPROL_CODIGO item in INGSLD data block...
   No compilation errors.

Compiling WHEN-NEW-ITEM-INSTANCE trigger on ID item in INGSLD data block...
   No compilation errors.

Compiling WHEN-NEW-ITEM-INSTANCE trigger on FECHA_INGRESO item in INGSLD data block...
   No compilation errors.

Compiling KEY-LISTVAL trigger on FECHA_INGRESO item in INGSLD data block...
   No compilation errors.

Compiling WHEN-VALIDATE-ITEM trigger on FECHA_INGRESO item in INGSLD data block...
   No compilation errors.

Compiling KEY-PREV-ITEM trigger on FECHA_INGRESO item in INGSLD data block...
   No compilation errors.

Compiling WHEN-NEW-ITEM-INSTANCE trigger on FECHA_SALIDA item in INGSLD data block...
   No compilation errors.

Compiling KEY-LISTVAL trigger on FECHA_SALIDA item in INGSLD data block...
   No compilation errors.

Compiling WHEN-VALIDATE-ITEM trigger on FECHA_SALIDA item in INGSLD data block...
   No compilation errors.

Compiling WHEN-NEW-ITEM-INSTANCE trigger on OBSERVACIONES item in INGSLD data block...
   No compilation errors.

Compiling WHEN-NEW-ITEM-INSTANCE trigger on BTN_SALIR item in INGSLD data block...
   No compilation errors.

Compiling WHEN-BUTTON-PRESSED trigger on BTN_SALIR item in INGSLD data block...
   No compilation errors.

Compiling KEY-NEXT-ITEM trigger on BTN_SALIR item in INGSLD data block...
   No compilation errors.

Compiling ON-LOCK trigger on PRMROLEMP data block...
   No compilation errors.

Compiling POST-INSERT trigger on PRMROLEMP data block...
   No compilation errors.

Compiling POST-QUERY trigger on PRMROLEMP data block...
   No compilation errors.

Compiling PRE-BLOCK trigger on PRMROLEMP data block...
   No compilation errors.

Compiling PRE-QUERY trigger on PRMROLEMP data block...
   No compilation errors.

Compiling WHEN-DATABASE-RECORD trigger on PRMROLEMP data block...
   No compilation errors.

Compiling WHEN-NEW-BLOCK-INSTANCE trigger on PRMROLEMP data block...
   No compilation errors.

Compiling WHEN-NEW-RECORD-INSTANCE trigger on PRMROLEMP data block...
   No compilation errors.

Compiling WHEN-REMOVE-RECORD trigger on PRMROLEMP data block...
   No compilation errors.

Compiling POST-SELECT trigger on PRMROLEMP data block...
   No compilation errors.

Compiling ON-ERROR trigger on PRMROLEMP data block...
   No compilation errors.

Compiling PRE-RECORD trigger on PRMROLEMP data block...
   No compilation errors.

Compiling WHEN-NEW-ITEM-INSTANCE trigger on REC_ACTUAL item in PRMROLEMP data block...
   No compilation errors.

Compiling WHEN-NEW-ITEM-INSTANCE trigger on PRMROL_CODIGO item in PRMROLEMP data block...
   No compilation errors.

Compiling WHEN-NEW-ITEM-INSTANCE trigger on NOMBRE item in PRMROLEMP data block...
   No compilation errors.

Compiling WHEN-VALIDATE-ITEM trigger on NOMBRE item in PRMROLEMP data block...
   No compilation errors.

Compiling KEY-PREV-ITEM trigger on NOMBRE item in PRMROLEMP data block...
   No compilation errors.

Compiling WHEN-NEW-ITEM-INSTANCE trigger on EMPROL_CODIGO item in PRMROLEMP data block...
   No compilation errors.

Compiling WHEN-NEW-ITEM-INSTANCE trigger on PRMROL_VALOR item in PRMROLEMP data block...
   No compilation errors.

Compiling WHEN-NEW-ITEM-INSTANCE trigger on EMPROL_EMP_CODIGO item in PRMROLEMP data block...
   No compilation errors.

Compiling WHEN-NEW-ITEM-INSTANCE trigger on PRMROL_SECUENCIA_DESPLIEGUE item in PRMROLEMP data block...
   No compilation errors.

Compiling WHEN-NEW-ITEM-INSTANCE trigger on PRMROL_EMP_CODIGO item in PRMROLEMP data block...
   No compilation errors.

Compiling WHEN-NEW-ITEM-INSTANCE trigger on PRMROL_MODIFICABLE_EN_ROL item in PRMROLEMP data block...
   No compilation errors.

Compiling WHEN-NEW-ITEM-INSTANCE trigger on PRMROL_LIMITE_INFERIOR item in PRMROLEMP data block...
   No compilation errors.

Compiling WHEN-NEW-ITEM-INSTANCE trigger on VALOR item in PRMROLEMP data block...
   No compilation errors.

Compiling WHEN-VALIDATE-ITEM trigger on VALOR item in PRMROLEMP data block...
   No compilation errors.

Compiling WHEN-NEW-ITEM-INSTANCE trigger on PRMROL_LIMITE_SUPERIOR item in PRMROLEMP data block...
   No compilation errors.

Compiling WHEN-NEW-ITEM-INSTANCE trigger on SECUENCIA_DESPLIEGUE item in PRMROLEMP data block...
   No compilation errors.

Compiling WHEN-NEW-ITEM-INSTANCE trigger on ESTADO_DE_DISPONIBILIDAD item in PRMROLEMP data block...
   No compilation errors.

Compiling WHEN-NEW-ITEM-INSTANCE trigger on BTN_GRABA item in PRMROLEMP data block...
   No compilation errors.

Compiling WHEN-BUTTON-PRESSED trigger on BTN_GRABA item in PRMROLEMP data block...
   No compilation errors.

Compiling WHEN-NEW-ITEM-INSTANCE trigger on BTN_CANCELA item in PRMROLEMP data block...
   No compilation errors.

Compiling WHEN-BUTTON-PRESSED trigger on BTN_CANCELA item in PRMROLEMP data block...
   No compilation errors.

Compiling WHEN-NEW-ITEM-INSTANCE trigger on BTN_INSERTA item in PRMROLEMP data block...
   No compilation errors.

Compiling WHEN-BUTTON-PRESSED trigger on BTN_INSERTA item in PRMROLEMP data block...
   No compilation errors.

Compiling WHEN-NEW-ITEM-INSTANCE trigger on BTN_BORRA item in PRMROLEMP data block...
   No compilation errors.

Compiling WHEN-BUTTON-PRESSED trigger on BTN_BORRA item in PRMROLEMP data block...
   No compilation errors.

Compiling WHEN-NEW-ITEM-INSTANCE trigger on BTN_TODOS item in PRMROLEMP data block...
   No compilation errors.

Compiling WHEN-BUTTON-PRESSED trigger on BTN_TODOS item in PRMROLEMP data block...
   No compilation errors.

Compiling WHEN-NEW-ITEM-INSTANCE trigger on BTN_FIJOS item in PRMROLEMP data block...
   No compilation errors.

Compiling WHEN-BUTTON-PRESSED trigger on BTN_FIJOS item in PRMROLEMP data block...
   No compilation errors.

Compiling KEY-NEXT-ITEM trigger on BTN_FIJOS item in PRMROLEMP data block...
   No compilation errors.

Compiling KEY-CLRREC trigger on CG$CTRL data block...
   No compilation errors.

Compiling KEY-CREREC trigger on CG$CTRL data block...
   No compilation errors.

Compiling KEY-DOWN trigger on CG$CTRL data block...
   No compilation errors.

Compiling KEY-NXTREC trigger on CG$CTRL data block...
   No compilation errors.

Compiling KEY-SCRDOWN trigger on CG$CTRL data block...
   No compilation errors.

Compiling KEY-UP trigger on CG$CTRL data block...
   No compilation errors.

Compiling KEY-PRVREC trigger on CG$CTRL data block...
   No compilation errors.

Compiling KEY-SCRUP trigger on CG$CTRL data block...
   No compilation errors.

Compiling ON-ERROR trigger on CG$CTRL data block...
   No compilation errors.

Compiling PRE-BLOCK trigger on CG$CTRL data block...
   No compilation errors.

Compiling WHEN-NEW-BLOCK-INSTANCE trigger on CG$CTRL data block...
   No compilation errors.

Compiling WHEN-NEW-ITEM-INSTANCE trigger on CG$PAGE_1_LIST item in CG$CTRL data block...
   No compilation errors.

Compiling WHEN-NEW-ITEM-INSTANCE trigger on CG$PAGE_2_LIST item in CG$CTRL data block...
   No compilation errors.

Compiling WHEN-NEW-ITEM-INSTANCE trigger on CG$PAGE_3_LIST item in CG$CTRL data block...
   No compilation errors.

Compiling WHEN-NEW-ITEM-INSTANCE trigger on CG$WINDOWQMS$TRANS_ERRORS_PAGE item in CG$CTRL data block...
   No compilation errors.

Compiling WHEN-NEW-ITEM-INSTANCE trigger on CG$WINDOWREGISTRAR_FICHA_EMPLE item in CG$CTRL data block...
   No compilation errors.

Compiling WHEN-NEW-ITEM-INSTANCE trigger on CG$WINDOWINGRESOS_SALIDAS_EMPL item in CG$CTRL data block...
   No compilation errors.

Compiling WHEN-NEW-ITEM-INSTANCE trigger on CG$WINDOWPARAMETROS_PAGE item in CG$CTRL data block...
   No compilation errors.

Compiling WHEN-NEW-ITEM-INSTANCE trigger on CG$WINDOWQMS$TRANS_ERRORS_MODA item in CG$CTRL data block...
   No compilation errors.

Compiling WHEN-NEW-ITEM-INSTANCE trigger on CG$WINDOWCALENDAR_PAGE item in CG$CTRL data block...
   No compilation errors.

Compiling WHEN-NEW-ITEM-INSTANCE trigger on CG$WINDOWQMS$HIDDEN_ITEMS_PAGE item in CG$CTRL data block...
   No compilation errors.

Compiling WHEN-NEW-ITEM-INSTANCE trigger on CG$LAST_CANVAS item in CG$CTRL data block...
   No compilation errors.


Created form file M:\sas\bin\RDP\frm\roladmfchemp.fmx
