Compiling package specification CG$ROLLQDHBR_GLOBALS... 
   No compilation errors.

Compiling procedure CGSF$CLR_PRMESP_PRMESP_PRMROL_... 
   No compilation errors.

Compiling procedure CGFK$QRY_PRMESP_PRMESP_PRMROL_... 
   No compilation errors.

Compiling procedure CGUI$GET_NEXT_LQD_SEQ... 
   No compilation errors.

Compiling procedure CGFK$QRY_LQD_LQD_EMPROL_FK... 
   No compilation errors.

Compiling procedure CGSF$CLR_LQD_LQD_EMPROL_FK... 
   No compilation errors.

Compiling procedure CGSF$CLR_LQD_LQD_PRS_FK... 
   No compilation errors.

Compiling procedure CGFK$QRY_LQD_LQD_PRS_FK... 
   No compilation errors.

Compiling procedure CGFK$QRY_DTLLQD_DTLLQD_PRMROL_... 
   No compilation errors.

Compiling procedure CGSF$CLR_DTLLQD_DTLLQD_PRMROL_... 
   No compilation errors.

Compiling procedure CGUV$CHK_DTLLQD_PK... 
   No compilation errors.

Compiling function CGTE$CHECK_CONSTRAINT_VIO... 
   No compilation errors.

Compiling procedure CGTE$PRMESP_ERRORS... 
   No compilation errors.

Compiling procedure CGTE$LQD_ERRORS... 
   No compilation errors.

Compiling procedure CGTE$DTLLQD_ERRORS... 
   No compilation errors.

Compiling procedure CGBS$TOGGLE... 
   No compilation errors.

Compiling procedure ANULAR_LIQUIDACION... 
   No compilation errors.

Compiling procedure FIJAR_REPORTE... 
   No compilation errors.

Compiling procedure GENERAR_DETALLE_LIQUIDACION... 
   No compilation errors.

Compiling function CALCULA_TOTAL_PAGO... 
   No compilation errors.

Compiling PRE-COMMIT trigger on form...
   No compilation errors.

Compiling QMS$CUSTOM_HELP trigger on form...
   No compilation errors.

Compiling POST-FORM trigger on form...
   No compilation errors.

Compiling CALENDAR_WROTE_DATE trigger on form...
   No compilation errors.

Compiling KEY-EXIT trigger on form...
   No compilation errors.

Compiling POST-FORMS-COMMIT trigger on form...
   No compilation errors.

Compiling KEY-CLRFRM trigger on form...
   No compilation errors.

Compiling KEY-HELP trigger on form...
   No compilation errors.

Compiling KEY-MENU trigger on form...
   No compilation errors.

Compiling ON-ERROR trigger on form...
   No compilation errors.

Compiling ON-MESSAGE trigger on form...
   No compilation errors.

Compiling PRE-FORM trigger on form...
   No compilation errors.

Compiling QUERY_FIND trigger on form...
   No compilation errors.

Compiling QMS$MENU_ITEM trigger on form...
   No compilation errors.

Compiling WHEN-NEW-BLOCK-INSTANCE trigger on form...
   No compilation errors.

Compiling WHEN-NEW-FORM-INSTANCE trigger on form...
   No compilation errors.

Compiling WHEN-WINDOW-CLOSED trigger on form...
   No compilation errors.

Compiling WHEN-WINDOW-ACTIVATED trigger on form...
   No compilation errors.

Compiling WHEN-WINDOW-RESIZED trigger on form...
   No compilation errors.

Compiling POST-TEXT-ITEM trigger on form...
   No compilation errors.

Compiling WHEN-FORM-NAVIGATE trigger on form...
   No compilation errors.

Compiling ON-CLEAR-DETAILS trigger on form...
   No compilation errors.

Compiling ON-POPULATE-DETAILS trigger on form...
   No compilation errors.

Compiling KEY-ENTQRY trigger on form...
   No compilation errors.

Compiling KEY-EXEQRY trigger on form...
   No compilation errors.

Compiling KEY-CQUERY trigger on form...
   No compilation errors.

Compiling KEY-CLRBLK trigger on form...
   No compilation errors.

Compiling KEY-CLRREC trigger on form...
   No compilation errors.

Compiling KEY-NXTKEY trigger on form...
   No compilation errors.

Compiling KEY-CLRREC trigger on QMS$TRANS_ERRORS data block...
   No compilation errors.

Compiling KEY-CREREC trigger on QMS$TRANS_ERRORS data block...
   No compilation errors.

Compiling KEY-DOWN trigger on QMS$TRANS_ERRORS data block...
   No compilation errors.

Compiling KEY-NXTREC trigger on QMS$TRANS_ERRORS data block...
   No compilation errors.

Compiling KEY-SCRDOWN trigger on QMS$TRANS_ERRORS data block...
   No compilation errors.

Compiling KEY-UP trigger on QMS$TRANS_ERRORS data block...
   No compilation errors.

Compiling KEY-PRVREC trigger on QMS$TRANS_ERRORS data block...
   No compilation errors.

Compiling KEY-SCRUP trigger on QMS$TRANS_ERRORS data block...
   No compilation errors.

Compiling ON-ERROR trigger on QMS$TRANS_ERRORS data block...
   No compilation errors.

Compiling PRE-BLOCK trigger on QMS$TRANS_ERRORS data block...
   No compilation errors.

Compiling WHEN-NEW-BLOCK-INSTANCE trigger on QMS$TRANS_ERRORS data block...
   No compilation errors.

Compiling ON-LOCK trigger on QMS$TRANS_ERRORS data block...
   No compilation errors.

Compiling WHEN-VALIDATE-RECORD trigger on QMS$TRANS_ERRORS data block...
   No compilation errors.

Compiling WHEN-BUTTON-PRESSED trigger on QMS$TRANS_ERRORS data block...
   No compilation errors.

Compiling WHEN-LIST-ACTIVATED trigger on QMS$TRANS_ERRORS data block...
   No compilation errors.

Compiling WHEN-NEW-ITEM-INSTANCE trigger on OK_BUTTON item in QMS$TRANS_ERRORS data block...
   No compilation errors.

Compiling WHEN-BUTTON-PRESSED trigger on OK_BUTTON item in QMS$TRANS_ERRORS data block...
   No compilation errors.

Compiling KEY-PREV-ITEM trigger on OK_BUTTON item in QMS$TRANS_ERRORS data block...
   No compilation errors.

Compiling WHEN-LIST-CHANGED trigger on MESSAGES item in QMS$TRANS_ERRORS data block...
   No compilation errors.

Compiling WHEN-NEW-ITEM-INSTANCE trigger on HELP_BUTTON item in QMS$TRANS_ERRORS data block...
   No compilation errors.

Compiling WHEN-BUTTON-PRESSED trigger on HELP_BUTTON item in QMS$TRANS_ERRORS data block...
   No compilation errors.

Compiling KEY-NEXT-ITEM trigger on HELP_BUTTON item in QMS$TRANS_ERRORS data block...
   No compilation errors.

Compiling WHEN-NEW-ITEM-INSTANCE trigger on OK_BUTTON_MODAL item in QMS$TRANS_ERRORS data block...
   No compilation errors.

Compiling WHEN-BUTTON-PRESSED trigger on OK_BUTTON_MODAL item in QMS$TRANS_ERRORS data block...
   No compilation errors.

Compiling KEY-PREV-ITEM trigger on OK_BUTTON_MODAL item in QMS$TRANS_ERRORS data block...
   No compilation errors.

Compiling WHEN-LIST-CHANGED trigger on MESSAGES_MODAL item in QMS$TRANS_ERRORS data block...
   No compilation errors.

Compiling WHEN-NEW-ITEM-INSTANCE trigger on HELP_BUTTON_MODAL item in QMS$TRANS_ERRORS data block...
   No compilation errors.

Compiling WHEN-BUTTON-PRESSED trigger on HELP_BUTTON_MODAL item in QMS$TRANS_ERRORS data block...
   No compilation errors.

Compiling KEY-NEXT-ITEM trigger on HELP_BUTTON_MODAL item in QMS$TRANS_ERRORS data block...
   No compilation errors.

Compiling WHEN-NEW-ITEM-INSTANCE trigger on RETURN_TO_BLOCK item in QMS$TRANS_ERRORS data block...
   No compilation errors.

Compiling WHEN-RADIO-CHANGED trigger on CALENDAR data block...
   No compilation errors.

Compiling KEY-OTHERS trigger on CALENDAR data block...
   No compilation errors.

Compiling KEY-NEXT-ITEM trigger on CALENDAR data block...
   No compilation errors.

Compiling KEY-PREV-ITEM trigger on CALENDAR data block...
   No compilation errors.

Compiling KEY-ENTER trigger on CALENDAR data block...
   No compilation errors.

Compiling WHEN-BUTTON-PRESSED trigger on CALENDAR data block...
   No compilation errors.

Compiling WHEN-LIST-CHANGED trigger on CALENDAR data block...
   No compilation errors.

Compiling WHEN-MOUSE-CLICK trigger on CALENDAR data block...
   No compilation errors.

Compiling KEY-DOWN trigger on CALENDAR data block...
   No compilation errors.

Compiling KEY-UP trigger on CALENDAR data block...
   No compilation errors.

Compiling KEY-NXTREC trigger on CALENDAR data block...
   No compilation errors.

Compiling KEY-PRVREC trigger on CALENDAR data block...
   No compilation errors.

Compiling WHEN-MOUSE-DOUBLECLICK trigger on CALENDAR data block...
   No compilation errors.

Compiling WHEN-NEW-ITEM-INSTANCE trigger on HOUR item in CALENDAR data block...
   No compilation errors.

Compiling WHEN-NEW-ITEM-INSTANCE trigger on MINUTE item in CALENDAR data block...
   No compilation errors.

Compiling WHEN-NEW-ITEM-INSTANCE trigger on OK item in CALENDAR data block...
   No compilation errors.

Compiling WHEN-BUTTON-PRESSED trigger on OK item in CALENDAR data block...
   No compilation errors.

Compiling KEY-PREV-ITEM trigger on OK item in CALENDAR data block...
   No compilation errors.

Compiling WHEN-NEW-ITEM-INSTANCE trigger on CANCEL item in CALENDAR data block...
   No compilation errors.

Compiling WHEN-BUTTON-PRESSED trigger on CANCEL item in CALENDAR data block...
   No compilation errors.

Compiling KEY-NEXT-ITEM trigger on MONTH_AND_YEAR item in CALENDAR data block...
   No compilation errors.

Compiling WHEN-MOUSE-CLICK trigger on PREV_MONTH item in CALENDAR data block...
   No compilation errors.

Compiling WHEN-MOUSE-CLICK trigger on NEXT_MONTH item in CALENDAR data block...
   No compilation errors.

Compiling WHEN-MOUSE-CLICK trigger on NEXT_YEAR item in CALENDAR data block...
   No compilation errors.

Compiling WHEN-MOUSE-CLICK trigger on PREV_YEAR item in CALENDAR data block...
   No compilation errors.

Compiling WHEN-NEW-ITEM-INSTANCE trigger on AM_PM item in CALENDAR data block...
   No compilation errors.

Compiling WHEN-BUTTON-PRESSED trigger on QMS$TOOLBAR data block...
   No compilation errors.

Compiling WHEN-LIST-CHANGED trigger on ORDER_BY item in QMS$TOOLBAR data block...
   No compilation errors.

Compiling ON-LOCK trigger on PRMESP data block...
   No compilation errors.

Compiling POST-INSERT trigger on PRMESP data block...
   No compilation errors.

Compiling POST-QUERY trigger on PRMESP data block...
   No compilation errors.

Compiling PRE-BLOCK trigger on PRMESP data block...
   No compilation errors.

Compiling PRE-QUERY trigger on PRMESP data block...
   No compilation errors.

Compiling WHEN-DATABASE-RECORD trigger on PRMESP data block...
   No compilation errors.

Compiling WHEN-NEW-BLOCK-INSTANCE trigger on PRMESP data block...
   No compilation errors.

Compiling WHEN-NEW-RECORD-INSTANCE trigger on PRMESP data block...
   No compilation errors.

Compiling WHEN-REMOVE-RECORD trigger on PRMESP data block...
   No compilation errors.

Compiling POST-SELECT trigger on PRMESP data block...
   No compilation errors.

Compiling ON-ERROR trigger on PRMESP data block...
   No compilation errors.

Compiling WHEN-NEW-ITEM-INSTANCE trigger on PRMROL_CODIGO item in PRMESP data block...
   No compilation errors.

Compiling WHEN-NEW-ITEM-INSTANCE trigger on PRMROL_EMP_CODIGO item in PRMESP data block...
   No compilation errors.

Compiling WHEN-NEW-ITEM-INSTANCE trigger on NOMBRE item in PRMESP data block...
   No compilation errors.

Compiling ON-LOCK trigger on LQD data block...
   No compilation errors.

Compiling POST-INSERT trigger on LQD data block...
   No compilation errors.

Compiling POST-QUERY trigger on LQD data block...
   No compilation errors.

Compiling PRE-BLOCK trigger on LQD data block...
   No compilation errors.

Compiling PRE-QUERY trigger on LQD data block...
   No compilation errors.

Compiling WHEN-DATABASE-RECORD trigger on LQD data block...
   No compilation errors.

Compiling WHEN-NEW-BLOCK-INSTANCE trigger on LQD data block...
   No compilation errors.

Compiling WHEN-NEW-RECORD-INSTANCE trigger on LQD data block...
   No compilation errors.

Compiling WHEN-REMOVE-RECORD trigger on LQD data block...
   No compilation errors.

Compiling POST-SELECT trigger on LQD data block...
   No compilation errors.

Compiling PRE-INSERT trigger on LQD data block...
   No compilation errors.

Compiling KEY-DUPREC trigger on LQD data block...
   No compilation errors.

Compiling ON-ERROR trigger on LQD data block...
   No compilation errors.

Compiling PRE-RECORD trigger on LQD data block...
   No compilation errors.

Compiling KEY-COMMIT trigger on LQD data block...
   No compilation errors.

Compiling WHEN-NEW-ITEM-INSTANCE trigger on REC_ACTUAL item in LQD data block...
   No compilation errors.

Compiling WHEN-NEW-ITEM-INSTANCE trigger on PRMESP_PRMROL_CODIGO item in LQD data block...
   No compilation errors.

Compiling WHEN-NEW-ITEM-INSTANCE trigger on NUMERO item in LQD data block...
   No compilation errors.

Compiling WHEN-NEW-ITEM-INSTANCE trigger on FECHA item in LQD data block...
   No compilation errors.

Compiling KEY-LISTVAL trigger on FECHA item in LQD data block...
   No compilation errors.

Compiling KEY-PREV-ITEM trigger on FECHA item in LQD data block...
   No compilation errors.

Compiling WHEN-NEW-ITEM-INSTANCE trigger on EMPROL_CODIGO item in LQD data block...
   No compilation errors.

Compiling WHEN-NEW-ITEM-INSTANCE trigger on EMPROL_APELLIDOS item in LQD data block...
   No compilation errors.

Compiling POST-CHANGE trigger on EMPROL_APELLIDOS item in LQD data block...
   No compilation errors.

Compiling WHEN-NEW-ITEM-INSTANCE trigger on EMP_NOMBRE item in LQD data block...
   No compilation errors.

Compiling WHEN-NEW-ITEM-INSTANCE trigger on NUMERO_HC item in LQD data block...
   No compilation errors.

Compiling WHEN-NEW-ITEM-INSTANCE trigger on DEUDA_EMPLEADO item in LQD data block...
   No compilation errors.

Compiling WHEN-NEW-ITEM-INSTANCE trigger on DEUDA_FACTURA item in LQD data block...
   No compilation errors.

Compiling WHEN-NEW-ITEM-INSTANCE trigger on EMPROL_PER_ID item in LQD data block...
   No compilation errors.

Compiling WHEN-NEW-ITEM-INSTANCE trigger on PRS_CODIGO item in LQD data block...
   No compilation errors.

Compiling WHEN-NEW-ITEM-INSTANCE trigger on PRS_APELLIDOS item in LQD data block...
   No compilation errors.

Compiling POST-CHANGE trigger on PRS_APELLIDOS item in LQD data block...
   No compilation errors.

Compiling WHEN-NEW-ITEM-INSTANCE trigger on PRS_NOMBRE item in LQD data block...
   No compilation errors.

Compiling WHEN-NEW-ITEM-INSTANCE trigger on PRS_NOMBRES item in LQD data block...
   No compilation errors.

Compiling WHEN-NEW-ITEM-INSTANCE trigger on OBSERVACIONES item in LQD data block...
   No compilation errors.

Compiling WHEN-NEW-ITEM-INSTANCE trigger on EMPROL_NOMBRES item in LQD data block...
   No compilation errors.

Compiling WHEN-NEW-ITEM-INSTANCE trigger on FECHA_SALIDA item in LQD data block...
   No compilation errors.

Compiling KEY-LISTVAL trigger on FECHA_SALIDA item in LQD data block...
   No compilation errors.

Compiling WHEN-NEW-ITEM-INSTANCE trigger on BTN_LIQUIDAR item in LQD data block...
   No compilation errors.

Compiling WHEN-BUTTON-PRESSED trigger on BTN_LIQUIDAR item in LQD data block...
   No compilation errors.

Compiling WHEN-NEW-ITEM-INSTANCE trigger on BTN_ANULAR item in LQD data block...
   No compilation errors.

Compiling WHEN-BUTTON-PRESSED trigger on BTN_ANULAR item in LQD data block...
   No compilation errors.

Compiling KEY-NEXT-ITEM trigger on BTN_ANULAR item in LQD data block...
   No compilation errors.

Compiling WHEN-NEW-ITEM-INSTANCE trigger on ESTADO item in LQD data block...
   No compilation errors.

Compiling WHEN-NEW-ITEM-INSTANCE trigger on PRMESP_PRMROL_EMP_CODIGO item in LQD data block...
   No compilation errors.

Compiling WHEN-NEW-ITEM-INSTANCE trigger on EMPROL_EMP_CODIGO item in LQD data block...
   No compilation errors.

Compiling ON-LOCK trigger on DTLLQD data block...
   No compilation errors.

Compiling POST-INSERT trigger on DTLLQD data block...
   No compilation errors.

Compiling POST-QUERY trigger on DTLLQD data block...
   No compilation errors.

Compiling PRE-BLOCK trigger on DTLLQD data block...
   No compilation errors.

Compiling PRE-QUERY trigger on DTLLQD data block...
   No compilation errors.

Compiling WHEN-DATABASE-RECORD trigger on DTLLQD data block...
   No compilation errors.

Compiling WHEN-NEW-BLOCK-INSTANCE trigger on DTLLQD data block...
   No compilation errors.

Compiling WHEN-NEW-RECORD-INSTANCE trigger on DTLLQD data block...
   No compilation errors.

Compiling WHEN-REMOVE-RECORD trigger on DTLLQD data block...
   No compilation errors.

Compiling POST-SELECT trigger on DTLLQD data block...
   No compilation errors.

Compiling ON-ERROR trigger on DTLLQD data block...
   No compilation errors.

Compiling PRE-INSERT trigger on DTLLQD data block...
   No compilation errors.

Compiling WHEN-NEW-ITEM-INSTANCE trigger on REC_ACTUAL item in DTLLQD data block...
   No compilation errors.

Compiling WHEN-NEW-ITEM-INSTANCE trigger on PRMROL_CODIGO item in DTLLQD data block...
   No compilation errors.

Compiling WHEN-NEW-ITEM-INSTANCE trigger on LQD_NUMERO item in DTLLQD data block...
   No compilation errors.

Compiling WHEN-NEW-ITEM-INSTANCE trigger on PRMROL_NOMBRE item in DTLLQD data block...
   No compilation errors.

Compiling WHEN-VALIDATE-ITEM trigger on PRMROL_NOMBRE item in DTLLQD data block...
   No compilation errors.

Compiling KEY-PREV-ITEM trigger on PRMROL_NOMBRE item in DTLLQD data block...
   No compilation errors.

Compiling WHEN-NEW-ITEM-INSTANCE trigger on PRMROL_EMP_CODIGO item in DTLLQD data block...
   No compilation errors.

Compiling WHEN-NEW-ITEM-INSTANCE trigger on FECHA item in DTLLQD data block...
   No compilation errors.

Compiling KEY-LISTVAL trigger on FECHA item in DTLLQD data block...
   No compilation errors.

Compiling WHEN-NEW-ITEM-INSTANCE trigger on DEBE item in DTLLQD data block...
   No compilation errors.

Compiling WHEN-NEW-ITEM-INSTANCE trigger on HABER item in DTLLQD data block...
   No compilation errors.

Compiling KEY-NEXT-ITEM trigger on HABER item in DTLLQD data block...
   No compilation errors.

Compiling WHEN-NEW-ITEM-INSTANCE trigger on TOTAL_PAGO item in DTLLQD data block...
   No compilation errors.

Compiling FORMULA-CALCULATION trigger on TOTAL_PAGO item in DTLLQD data block...
   No compilation errors.

Compiling WHEN-NEW-ITEM-INSTANCE trigger on TOTAL_DEBE item in DTLLQD data block...
   No compilation errors.

Compiling WHEN-NEW-ITEM-INSTANCE trigger on TOTAL_HABER item in DTLLQD data block...
   No compilation errors.

Compiling KEY-CLRREC trigger on CG$CTRL data block...
   No compilation errors.

Compiling KEY-CREREC trigger on CG$CTRL data block...
   No compilation errors.

Compiling KEY-DOWN trigger on CG$CTRL data block...
   No compilation errors.

Compiling KEY-NXTREC trigger on CG$CTRL data block...
   No compilation errors.

Compiling KEY-SCRDOWN trigger on CG$CTRL data block...
   No compilation errors.

Compiling KEY-UP trigger on CG$CTRL data block...
   No compilation errors.

Compiling KEY-PRVREC trigger on CG$CTRL data block...
   No compilation errors.

Compiling KEY-SCRUP trigger on CG$CTRL data block...
   No compilation errors.

Compiling ON-ERROR trigger on CG$CTRL data block...
   No compilation errors.

Compiling PRE-BLOCK trigger on CG$CTRL data block...
   No compilation errors.

Compiling WHEN-NEW-BLOCK-INSTANCE trigger on CG$CTRL data block...
   No compilation errors.


Created form file M:\sas\bin\RDP\frm\rollqdhbr.fmx
