Compiling package specification CG$ROLPRSROLIND_GLOBALS... 
   No compilation errors.

Compiling procedure CGDV$POPULATE_DYNAMIC_LISTS... 
   No compilation errors.

Compiling procedure CGFK$QRY_EMPROL_EMPROL_DPR_FK... 
   No compilation errors.

Compiling procedure CGSF$CLR_EMPROL_EMPROL_DPR_FK... 
   No compilation errors.

Compiling procedure CGFK$QRY_EMPROL_EMPROL_CRGEMP_... 
   No compilation errors.

Compiling procedure CGSF$CLR_EMPROL_EMPROL_CRGEMP_... 
   No compilation errors.

Compiling function CGTE$CHECK_CONSTRAINT_VIO... 
   No compilation errors.

Compiling procedure CGTE$ROLPAG_ERRORS... 
   No compilation errors.

Compiling procedure CGTE$EMPROL_ERRORS... 
   No compilation errors.

Compiling procedure CGTE$PRMMVM_ERRORS... 
   No compilation errors.

Compiling procedure CGBS$TOGGLE... 
   No compilation errors.

Compiling procedure FIJAR_REPORTE... 
   No compilation errors.

Compiling procedure GENERAR_ARCHIVOS... 
   No compilation errors.

Compiling procedure GENERAR_ARCHIVOS_REPORTE... 
   No compilation errors.

Compiling procedure RECUPERA_DETALLE... 
   No compilation errors.

Compiling function CALCULA_TOTAL_PAGO... 
   No compilation errors.

Compiling PRE-COMMIT trigger on form...
   No compilation errors.

Compiling QMS$CUSTOM_HELP trigger on form...
   No compilation errors.

Compiling POST-FORM trigger on form...
   No compilation errors.

Compiling CALENDAR_WROTE_DATE trigger on form...
   No compilation errors.

Compiling KEY-EXIT trigger on form...
   No compilation errors.

Compiling POST-FORMS-COMMIT trigger on form...
   No compilation errors.

Compiling KEY-CLRFRM trigger on form...
   No compilation errors.

Compiling KEY-HELP trigger on form...
   No compilation errors.

Compiling KEY-MENU trigger on form...
   No compilation errors.

Compiling ON-ERROR trigger on form...
   No compilation errors.

Compiling ON-MESSAGE trigger on form...
   No compilation errors.

Compiling PRE-FORM trigger on form...
   No compilation errors.

Compiling QUERY_FIND trigger on form...
   No compilation errors.

Compiling QMS$MENU_ITEM trigger on form...
   No compilation errors.

Compiling WHEN-NEW-BLOCK-INSTANCE trigger on form...
   No compilation errors.

Compiling WHEN-NEW-FORM-INSTANCE trigger on form...
   No compilation errors.

Compiling WHEN-WINDOW-CLOSED trigger on form...
   No compilation errors.

Compiling WHEN-WINDOW-ACTIVATED trigger on form...
   No compilation errors.

Compiling WHEN-WINDOW-RESIZED trigger on form...
   No compilation errors.

Compiling POST-TEXT-ITEM trigger on form...
   No compilation errors.

Compiling WHEN-FORM-NAVIGATE trigger on form...
   No compilation errors.

Compiling ON-CLEAR-DETAILS trigger on form...
   No compilation errors.

Compiling ON-POPULATE-DETAILS trigger on form...
   No compilation errors.

Compiling KEY-ENTQRY trigger on form...
   No compilation errors.

Compiling KEY-EXEQRY trigger on form...
   No compilation errors.

Compiling KEY-CQUERY trigger on form...
   No compilation errors.

Compiling KEY-CLRBLK trigger on form...
   No compilation errors.

Compiling KEY-CLRREC trigger on form...
   No compilation errors.

Compiling KEY-NXTKEY trigger on form...
   No compilation errors.

Compiling KEY-CLRREC trigger on QMS$TRANS_ERRORS data block...
   No compilation errors.

Compiling KEY-CREREC trigger on QMS$TRANS_ERRORS data block...
   No compilation errors.

Compiling KEY-DOWN trigger on QMS$TRANS_ERRORS data block...
   No compilation errors.

Compiling KEY-NXTREC trigger on QMS$TRANS_ERRORS data block...
   No compilation errors.

Compiling KEY-SCRDOWN trigger on QMS$TRANS_ERRORS data block...
   No compilation errors.

Compiling KEY-UP trigger on QMS$TRANS_ERRORS data block...
   No compilation errors.

Compiling KEY-PRVREC trigger on QMS$TRANS_ERRORS data block...
   No compilation errors.

Compiling KEY-SCRUP trigger on QMS$TRANS_ERRORS data block...
   No compilation errors.

Compiling ON-ERROR trigger on QMS$TRANS_ERRORS data block...
   No compilation errors.

Compiling PRE-BLOCK trigger on QMS$TRANS_ERRORS data block...
   No compilation errors.

Compiling WHEN-NEW-BLOCK-INSTANCE trigger on QMS$TRANS_ERRORS data block...
   No compilation errors.

Compiling ON-LOCK trigger on QMS$TRANS_ERRORS data block...
   No compilation errors.

Compiling WHEN-VALIDATE-RECORD trigger on QMS$TRANS_ERRORS data block...
   No compilation errors.

Compiling WHEN-BUTTON-PRESSED trigger on QMS$TRANS_ERRORS data block...
   No compilation errors.

Compiling WHEN-LIST-ACTIVATED trigger on QMS$TRANS_ERRORS data block...
   No compilation errors.

Compiling WHEN-NEW-ITEM-INSTANCE trigger on OK_BUTTON item in QMS$TRANS_ERRORS data block...
   No compilation errors.

Compiling WHEN-BUTTON-PRESSED trigger on OK_BUTTON item in QMS$TRANS_ERRORS data block...
   No compilation errors.

Compiling KEY-PREV-ITEM trigger on OK_BUTTON item in QMS$TRANS_ERRORS data block...
   No compilation errors.

Compiling WHEN-LIST-CHANGED trigger on MESSAGES item in QMS$TRANS_ERRORS data block...
   No compilation errors.

Compiling WHEN-NEW-ITEM-INSTANCE trigger on HELP_BUTTON item in QMS$TRANS_ERRORS data block...
   No compilation errors.

Compiling WHEN-BUTTON-PRESSED trigger on HELP_BUTTON item in QMS$TRANS_ERRORS data block...
   No compilation errors.

Compiling KEY-NEXT-ITEM trigger on HELP_BUTTON item in QMS$TRANS_ERRORS data block...
   No compilation errors.

Compiling WHEN-NEW-ITEM-INSTANCE trigger on OK_BUTTON_MODAL item in QMS$TRANS_ERRORS data block...
   No compilation errors.

Compiling WHEN-BUTTON-PRESSED trigger on OK_BUTTON_MODAL item in QMS$TRANS_ERRORS data block...
   No compilation errors.

Compiling KEY-PREV-ITEM trigger on OK_BUTTON_MODAL item in QMS$TRANS_ERRORS data block...
   No compilation errors.

Compiling WHEN-LIST-CHANGED trigger on MESSAGES_MODAL item in QMS$TRANS_ERRORS data block...
   No compilation errors.

Compiling WHEN-NEW-ITEM-INSTANCE trigger on HELP_BUTTON_MODAL item in QMS$TRANS_ERRORS data block...
   No compilation errors.

Compiling WHEN-BUTTON-PRESSED trigger on HELP_BUTTON_MODAL item in QMS$TRANS_ERRORS data block...
   No compilation errors.

Compiling KEY-NEXT-ITEM trigger on HELP_BUTTON_MODAL item in QMS$TRANS_ERRORS data block...
   No compilation errors.

Compiling WHEN-NEW-ITEM-INSTANCE trigger on RETURN_TO_BLOCK item in QMS$TRANS_ERRORS data block...
   No compilation errors.

Compiling WHEN-RADIO-CHANGED trigger on CALENDAR data block...
   No compilation errors.

Compiling KEY-OTHERS trigger on CALENDAR data block...
   No compilation errors.

Compiling KEY-NEXT-ITEM trigger on CALENDAR data block...
   No compilation errors.

Compiling KEY-PREV-ITEM trigger on CALENDAR data block...
   No compilation errors.

Compiling KEY-ENTER trigger on CALENDAR data block...
   No compilation errors.

Compiling WHEN-BUTTON-PRESSED trigger on CALENDAR data block...
   No compilation errors.

Compiling WHEN-LIST-CHANGED trigger on CALENDAR data block...
   No compilation errors.

Compiling WHEN-MOUSE-CLICK trigger on CALENDAR data block...
   No compilation errors.

Compiling KEY-DOWN trigger on CALENDAR data block...
   No compilation errors.

Compiling KEY-UP trigger on CALENDAR data block...
   No compilation errors.

Compiling KEY-NXTREC trigger on CALENDAR data block...
   No compilation errors.

Compiling KEY-PRVREC trigger on CALENDAR data block...
   No compilation errors.

Compiling WHEN-MOUSE-DOUBLECLICK trigger on CALENDAR data block...
   No compilation errors.

Compiling WHEN-NEW-ITEM-INSTANCE trigger on HOUR item in CALENDAR data block...
   No compilation errors.

Compiling WHEN-NEW-ITEM-INSTANCE trigger on MINUTE item in CALENDAR data block...
   No compilation errors.

Compiling WHEN-NEW-ITEM-INSTANCE trigger on OK item in CALENDAR data block...
   No compilation errors.

Compiling WHEN-BUTTON-PRESSED trigger on OK item in CALENDAR data block...
   No compilation errors.

Compiling KEY-PREV-ITEM trigger on OK item in CALENDAR data block...
   No compilation errors.

Compiling WHEN-NEW-ITEM-INSTANCE trigger on CANCEL item in CALENDAR data block...
   No compilation errors.

Compiling WHEN-BUTTON-PRESSED trigger on CANCEL item in CALENDAR data block...
   No compilation errors.

Compiling KEY-NEXT-ITEM trigger on MONTH_AND_YEAR item in CALENDAR data block...
   No compilation errors.

Compiling WHEN-MOUSE-CLICK trigger on PREV_MONTH item in CALENDAR data block...
   No compilation errors.

Compiling WHEN-MOUSE-CLICK trigger on NEXT_MONTH item in CALENDAR data block...
   No compilation errors.

Compiling WHEN-MOUSE-CLICK trigger on NEXT_YEAR item in CALENDAR data block...
   No compilation errors.

Compiling WHEN-MOUSE-CLICK trigger on PREV_YEAR item in CALENDAR data block...
   No compilation errors.

Compiling WHEN-NEW-ITEM-INSTANCE trigger on AM_PM item in CALENDAR data block...
   No compilation errors.

Compiling WHEN-BUTTON-PRESSED trigger on QMS$TOOLBAR data block...
   No compilation errors.

Compiling WHEN-LIST-CHANGED trigger on ORDER_BY item in QMS$TOOLBAR data block...
   No compilation errors.

Compiling ON-LOCK trigger on ROLPAG data block...
   No compilation errors.

Compiling POST-INSERT trigger on ROLPAG data block...
   No compilation errors.

Compiling POST-QUERY trigger on ROLPAG data block...
   No compilation errors.

Compiling PRE-BLOCK trigger on ROLPAG data block...
   No compilation errors.

Compiling PRE-QUERY trigger on ROLPAG data block...
   No compilation errors.

Compiling WHEN-DATABASE-RECORD trigger on ROLPAG data block...
   No compilation errors.

Compiling WHEN-NEW-BLOCK-INSTANCE trigger on ROLPAG data block...
   No compilation errors.

Compiling WHEN-NEW-RECORD-INSTANCE trigger on ROLPAG data block...
   No compilation errors.

Compiling WHEN-REMOVE-RECORD trigger on ROLPAG data block...
   No compilation errors.

Compiling POST-SELECT trigger on ROLPAG data block...
   No compilation errors.

Compiling ON-ERROR trigger on ROLPAG data block...
   No compilation errors.

Compiling WHEN-NEW-ITEM-INSTANCE trigger on REC_ACTUAL item in ROLPAG data block...
   No compilation errors.

Compiling KEY-PREV-ITEM trigger on REC_ACTUAL item in ROLPAG data block...
   No compilation errors.

Compiling WHEN-NEW-ITEM-INSTANCE trigger on EMP_CODIGO item in ROLPAG data block...
   No compilation errors.

Compiling WHEN-NEW-ITEM-INSTANCE trigger on NUMERO item in ROLPAG data block...
   No compilation errors.

Compiling WHEN-NEW-ITEM-INSTANCE trigger on FECHA_REGISTRO item in ROLPAG data block...
   No compilation errors.

Compiling KEY-LISTVAL trigger on FECHA_REGISTRO item in ROLPAG data block...
   No compilation errors.

Compiling WHEN-NEW-ITEM-INSTANCE trigger on ANO item in ROLPAG data block...
   No compilation errors.

Compiling WHEN-NEW-ITEM-INSTANCE trigger on MES item in ROLPAG data block...
   No compilation errors.

Compiling WHEN-NEW-ITEM-INSTANCE trigger on SEMANA item in ROLPAG data block...
   No compilation errors.

Compiling WHEN-NEW-ITEM-INSTANCE trigger on TIPO item in ROLPAG data block...
   No compilation errors.

Compiling WHEN-NEW-ITEM-INSTANCE trigger on DESTINO item in ROLPAG data block...
   No compilation errors.

Compiling WHEN-NEW-ITEM-INSTANCE trigger on BTN_GENERAR item in ROLPAG data block...
   No compilation errors.

Compiling WHEN-BUTTON-PRESSED trigger on BTN_GENERAR item in ROLPAG data block...
   No compilation errors.

Compiling KEY-NEXT-ITEM trigger on BTN_GENERAR item in ROLPAG data block...
   No compilation errors.

Compiling ON-LOCK trigger on EMPROL data block...
   No compilation errors.

Compiling POST-INSERT trigger on EMPROL data block...
   No compilation errors.

Compiling POST-QUERY trigger on EMPROL data block...
   No compilation errors.

Compiling PRE-BLOCK trigger on EMPROL data block...
   No compilation errors.

Compiling PRE-QUERY trigger on EMPROL data block...
   No compilation errors.

Compiling WHEN-DATABASE-RECORD trigger on EMPROL data block...
   No compilation errors.

Compiling WHEN-NEW-BLOCK-INSTANCE trigger on EMPROL data block...
   No compilation errors.

Compiling WHEN-NEW-RECORD-INSTANCE trigger on EMPROL data block...
   No compilation errors.

Compiling WHEN-REMOVE-RECORD trigger on EMPROL data block...
   No compilation errors.

Compiling POST-SELECT trigger on EMPROL data block...
   No compilation errors.

Compiling ON-ERROR trigger on EMPROL data block...
   No compilation errors.

Compiling WHEN-NEW-ITEM-INSTANCE trigger on REC_ACTUAL item in EMPROL data block...
   No compilation errors.

Compiling KEY-PREV-ITEM trigger on REC_ACTUAL item in EMPROL data block...
   No compilation errors.

Compiling WHEN-NEW-ITEM-INSTANCE trigger on CODIGO item in EMPROL data block...
   No compilation errors.

Compiling WHEN-NEW-ITEM-INSTANCE trigger on CEDULA item in EMPROL data block...
   No compilation errors.

Compiling WHEN-NEW-ITEM-INSTANCE trigger on APELLIDOS item in EMPROL data block...
   No compilation errors.

Compiling WHEN-NEW-ITEM-INSTANCE trigger on NOMBRES item in EMPROL data block...
   No compilation errors.

Compiling KEY-NEXT-ITEM trigger on NOMBRES item in EMPROL data block...
   No compilation errors.

Compiling WHEN-NEW-ITEM-INSTANCE trigger on CRGEMP_CODIGO item in EMPROL data block...
   No compilation errors.

Compiling WHEN-NEW-ITEM-INSTANCE trigger on L_CRGEMP_DESCRIPCION item in EMPROL data block...
   No compilation errors.

Compiling WHEN-NEW-ITEM-INSTANCE trigger on EMP_CODIGO item in EMPROL data block...
   No compilation errors.

Compiling WHEN-NEW-ITEM-INSTANCE trigger on DPR_CODIGO item in EMPROL data block...
   No compilation errors.

Compiling WHEN-NEW-ITEM-INSTANCE trigger on DPR_NOMBRE item in EMPROL data block...
   No compilation errors.

Compiling WHEN-NEW-ITEM-INSTANCE trigger on CRGEMP_EMP_CODIGO item in EMPROL data block...
   No compilation errors.

Compiling WHEN-NEW-ITEM-INSTANCE trigger on DPR_ARA_CODIGO2 item in EMPROL data block...
   No compilation errors.

Compiling ON-LOCK trigger on PRMMVM data block...
   No compilation errors.

Compiling POST-INSERT trigger on PRMMVM data block...
   No compilation errors.

Compiling POST-QUERY trigger on PRMMVM data block...
   No compilation errors.

Compiling PRE-BLOCK trigger on PRMMVM data block...
   No compilation errors.

Compiling PRE-QUERY trigger on PRMMVM data block...
   No compilation errors.

Compiling WHEN-DATABASE-RECORD trigger on PRMMVM data block...
   No compilation errors.

Compiling WHEN-NEW-BLOCK-INSTANCE trigger on PRMMVM data block...
   No compilation errors.

Compiling WHEN-NEW-RECORD-INSTANCE trigger on PRMMVM data block...
   No compilation errors.

Compiling WHEN-REMOVE-RECORD trigger on PRMMVM data block...
   No compilation errors.

Compiling POST-SELECT trigger on PRMMVM data block...
   No compilation errors.

Compiling ON-ERROR trigger on PRMMVM data block...
   No compilation errors.

Compiling WHEN-NEW-ITEM-INSTANCE trigger on EMPROL_EMP_CODIGO item in PRMMVM data block...
   No compilation errors.

Compiling WHEN-NEW-ITEM-INSTANCE trigger on EMPROL_CODIGO item in PRMMVM data block...
   No compilation errors.

Compiling WHEN-NEW-ITEM-INSTANCE trigger on REC_ACTUAL item in PRMMVM data block...
   No compilation errors.

Compiling KEY-PREV-ITEM trigger on REC_ACTUAL item in PRMMVM data block...
   No compilation errors.

Compiling WHEN-NEW-ITEM-INSTANCE trigger on ROLPGS_NUMERO item in PRMMVM data block...
   No compilation errors.

Compiling WHEN-NEW-ITEM-INSTANCE trigger on CODIGO item in PRMMVM data block...
   No compilation errors.

Compiling WHEN-NEW-ITEM-INSTANCE trigger on NOMBRE item in PRMMVM data block...
   No compilation errors.

Compiling WHEN-NEW-ITEM-INSTANCE trigger on FECHA item in PRMMVM data block...
   No compilation errors.

Compiling KEY-LISTVAL trigger on FECHA item in PRMMVM data block...
   No compilation errors.

Compiling WHEN-NEW-ITEM-INSTANCE trigger on DEBE item in PRMMVM data block...
   No compilation errors.

Compiling WHEN-NEW-ITEM-INSTANCE trigger on HABER item in PRMMVM data block...
   No compilation errors.

Compiling WHEN-NEW-ITEM-INSTANCE trigger on IMPRIMIR_CERO item in PRMMVM data block...
   No compilation errors.

Compiling WHEN-NEW-ITEM-INSTANCE trigger on SECUENCIA_EN_ROL item in PRMMVM data block...
   No compilation errors.

Compiling WHEN-NEW-ITEM-INSTANCE trigger on SECUENCIA_DESPLIEGUE item in PRMMVM data block...
   No compilation errors.

Compiling WHEN-NEW-ITEM-INSTANCE trigger on TOTAL_DEBE item in PRMMVM data block...
   No compilation errors.

Compiling WHEN-NEW-ITEM-INSTANCE trigger on TOTAL_HABER item in PRMMVM data block...
   No compilation errors.

Compiling WHEN-NEW-ITEM-INSTANCE trigger on TOTAL_PAGO item in PRMMVM data block...
   No compilation errors.

Compiling KEY-NEXT-ITEM trigger on TOTAL_PAGO item in PRMMVM data block...
   No compilation errors.

Compiling FORMULA-CALCULATION trigger on TOTAL_PAGO item in PRMMVM data block...
   No compilation errors.

Compiling KEY-CLRREC trigger on CG$CTRL data block...
   No compilation errors.

Compiling KEY-CREREC trigger on CG$CTRL data block...
   No compilation errors.

Compiling KEY-DOWN trigger on CG$CTRL data block...
   No compilation errors.

Compiling KEY-NXTREC trigger on CG$CTRL data block...
   No compilation errors.

Compiling KEY-SCRDOWN trigger on CG$CTRL data block...
   No compilation errors.

Compiling KEY-UP trigger on CG$CTRL data block...
   No compilation errors.

Compiling KEY-PRVREC trigger on CG$CTRL data block...
   No compilation errors.

Compiling KEY-SCRUP trigger on CG$CTRL data block...
   No compilation errors.

Compiling ON-ERROR trigger on CG$CTRL data block...
   No compilation errors.

Compiling PRE-BLOCK trigger on CG$CTRL data block...
   No compilation errors.

Compiling WHEN-NEW-BLOCK-INSTANCE trigger on CG$CTRL data block...
   No compilation errors.


Created form file M:\sas\bin\RDP\frm\rolprsrolind.fmx
