Compiling package specification CG$TRNSLCTRN_GLOBALS... 
   No compilation errors.

Compiling procedure CGSF$CLR_TRNMEDTRT_HRRSMNMDC_P... 
   No compilation errors.

Compiling procedure CGFK$QRY_TRNMEDTRT_HRRSMNMDC_P... 
   No compilation errors.

Compiling procedure CGUI$GET_NEXT_TRNCE_SEQ... 
   No compilation errors.

Compiling procedure CGFK$CHK_TRNDTLTRN_TRN_CE_PRS_... 
   No compilation errors.

Compiling procedure CGFK$LKP_TRNDTLTRN_TRN_CE_PCN_... 
   No compilation errors.

Compiling procedure CGSF$CLR_TRNDTLTRN_TRN_CE_PCN_... 
   No compilation errors.

Compiling procedure CGFK$CHK_TRNDTLTRN_TRN_CE_PCN_... 
   No compilation errors.

Compiling procedure CGFK$QRY_TRNDTLTRN_TRN_CE_PCN_... 
   No compilation errors.

Compiling procedure CGUV$CHK_TRN_CE_UK... 
   No compilation errors.

Compiling function CGTE$CHECK_CONSTRAINT_VIO... 
   No compilation errors.

Compiling procedure CGTE$TRNMEDTRT_ERRORS... 
   No compilation errors.

Compiling procedure CGTE$TRNDTLTRN_ERRORS... 
   No compilation errors.

Compiling procedure CGLY$DISPLAY_CANVASES... 
   No compilation errors.

Compiling procedure CGLY$GET_RELATED_CANVASES... 
   No compilation errors.

Compiling procedure CGLY$CANVAS_MANAGEMENT... 
   No compilation errors.

Compiling PRE-COMMIT trigger on form...
   No compilation errors.

Compiling QMS$CUSTOM_HELP trigger on form...
   No compilation errors.

Compiling POST-FORM trigger on form...
   No compilation errors.

Compiling CALENDAR_WROTE_DATE trigger on form...
   No compilation errors.

Compiling KEY-EXIT trigger on form...
   No compilation errors.

Compiling POST-FORMS-COMMIT trigger on form...
   No compilation errors.

Compiling KEY-CLRFRM trigger on form...
   No compilation errors.

Compiling KEY-HELP trigger on form...
   No compilation errors.

Compiling KEY-MENU trigger on form...
   No compilation errors.

Compiling ON-ERROR trigger on form...
   No compilation errors.

Compiling ON-MESSAGE trigger on form...
   No compilation errors.

Compiling PRE-FORM trigger on form...
   No compilation errors.

Compiling QUERY_FIND trigger on form...
   No compilation errors.

Compiling QMS$MENU_ITEM trigger on form...
   No compilation errors.

Compiling WHEN-NEW-BLOCK-INSTANCE trigger on form...
   No compilation errors.

Compiling WHEN-NEW-FORM-INSTANCE trigger on form...
   No compilation errors.

Compiling WHEN-WINDOW-CLOSED trigger on form...
   No compilation errors.

Compiling WHEN-WINDOW-ACTIVATED trigger on form...
   No compilation errors.

Compiling WHEN-WINDOW-RESIZED trigger on form...
   No compilation errors.

Compiling POST-TEXT-ITEM trigger on form...
   No compilation errors.

Compiling WHEN-FORM-NAVIGATE trigger on form...
   No compilation errors.

Compiling KEY-CLRREC trigger on QMS$TRANS_ERRORS data block...
   No compilation errors.

Compiling KEY-CREREC trigger on QMS$TRANS_ERRORS data block...
   No compilation errors.

Compiling KEY-DOWN trigger on QMS$TRANS_ERRORS data block...
   No compilation errors.

Compiling KEY-NXTREC trigger on QMS$TRANS_ERRORS data block...
   No compilation errors.

Compiling KEY-SCRDOWN trigger on QMS$TRANS_ERRORS data block...
   No compilation errors.

Compiling KEY-UP trigger on QMS$TRANS_ERRORS data block...
   No compilation errors.

Compiling KEY-PRVREC trigger on QMS$TRANS_ERRORS data block...
   No compilation errors.

Compiling KEY-SCRUP trigger on QMS$TRANS_ERRORS data block...
   No compilation errors.

Compiling ON-ERROR trigger on QMS$TRANS_ERRORS data block...
   No compilation errors.

Compiling PRE-BLOCK trigger on QMS$TRANS_ERRORS data block...
   No compilation errors.

Compiling WHEN-NEW-BLOCK-INSTANCE trigger on QMS$TRANS_ERRORS data block...
   No compilation errors.

Compiling ON-LOCK trigger on QMS$TRANS_ERRORS data block...
   No compilation errors.

Compiling WHEN-VALIDATE-RECORD trigger on QMS$TRANS_ERRORS data block...
   No compilation errors.

Compiling WHEN-BUTTON-PRESSED trigger on QMS$TRANS_ERRORS data block...
   No compilation errors.

Compiling WHEN-LIST-ACTIVATED trigger on QMS$TRANS_ERRORS data block...
   No compilation errors.

Compiling WHEN-NEW-ITEM-INSTANCE trigger on OK_BUTTON item in QMS$TRANS_ERRORS data block...
   No compilation errors.

Compiling WHEN-BUTTON-PRESSED trigger on OK_BUTTON item in QMS$TRANS_ERRORS data block...
   No compilation errors.

Compiling KEY-PREV-ITEM trigger on OK_BUTTON item in QMS$TRANS_ERRORS data block...
   No compilation errors.

Compiling WHEN-LIST-CHANGED trigger on MESSAGES item in QMS$TRANS_ERRORS data block...
   No compilation errors.

Compiling WHEN-NEW-ITEM-INSTANCE trigger on HELP_BUTTON item in QMS$TRANS_ERRORS data block...
   No compilation errors.

Compiling WHEN-BUTTON-PRESSED trigger on HELP_BUTTON item in QMS$TRANS_ERRORS data block...
   No compilation errors.

Compiling KEY-NEXT-ITEM trigger on HELP_BUTTON item in QMS$TRANS_ERRORS data block...
   No compilation errors.

Compiling WHEN-NEW-ITEM-INSTANCE trigger on OK_BUTTON_MODAL item in QMS$TRANS_ERRORS data block...
   No compilation errors.

Compiling WHEN-BUTTON-PRESSED trigger on OK_BUTTON_MODAL item in QMS$TRANS_ERRORS data block...
   No compilation errors.

Compiling KEY-PREV-ITEM trigger on OK_BUTTON_MODAL item in QMS$TRANS_ERRORS data block...
   No compilation errors.

Compiling WHEN-LIST-CHANGED trigger on MESSAGES_MODAL item in QMS$TRANS_ERRORS data block...
   No compilation errors.

Compiling WHEN-NEW-ITEM-INSTANCE trigger on HELP_BUTTON_MODAL item in QMS$TRANS_ERRORS data block...
   No compilation errors.

Compiling WHEN-BUTTON-PRESSED trigger on HELP_BUTTON_MODAL item in QMS$TRANS_ERRORS data block...
   No compilation errors.

Compiling KEY-NEXT-ITEM trigger on HELP_BUTTON_MODAL item in QMS$TRANS_ERRORS data block...
   No compilation errors.

Compiling WHEN-NEW-ITEM-INSTANCE trigger on RETURN_TO_BLOCK item in QMS$TRANS_ERRORS data block...
   No compilation errors.

Compiling WHEN-RADIO-CHANGED trigger on CALENDAR data block...
   No compilation errors.

Compiling KEY-OTHERS trigger on CALENDAR data block...
   No compilation errors.

Compiling KEY-NEXT-ITEM trigger on CALENDAR data block...
   No compilation errors.

Compiling KEY-PREV-ITEM trigger on CALENDAR data block...
   No compilation errors.

Compiling KEY-ENTER trigger on CALENDAR data block...
   No compilation errors.

Compiling WHEN-BUTTON-PRESSED trigger on CALENDAR data block...
   No compilation errors.

Compiling WHEN-LIST-CHANGED trigger on CALENDAR data block...
   No compilation errors.

Compiling WHEN-MOUSE-CLICK trigger on CALENDAR data block...
   No compilation errors.

Compiling KEY-DOWN trigger on CALENDAR data block...
   No compilation errors.

Compiling KEY-UP trigger on CALENDAR data block...
   No compilation errors.

Compiling KEY-NXTREC trigger on CALENDAR data block...
   No compilation errors.

Compiling KEY-PRVREC trigger on CALENDAR data block...
   No compilation errors.

Compiling WHEN-MOUSE-DOUBLECLICK trigger on CALENDAR data block...
   No compilation errors.

Compiling WHEN-NEW-ITEM-INSTANCE trigger on HOUR item in CALENDAR data block...
   No compilation errors.

Compiling WHEN-NEW-ITEM-INSTANCE trigger on MINUTE item in CALENDAR data block...
   No compilation errors.

Compiling WHEN-NEW-ITEM-INSTANCE trigger on OK item in CALENDAR data block...
   No compilation errors.

Compiling WHEN-BUTTON-PRESSED trigger on OK item in CALENDAR data block...
   No compilation errors.

Compiling KEY-PREV-ITEM trigger on OK item in CALENDAR data block...
   No compilation errors.

Compiling WHEN-NEW-ITEM-INSTANCE trigger on CANCEL item in CALENDAR data block...
   No compilation errors.

Compiling WHEN-BUTTON-PRESSED trigger on CANCEL item in CALENDAR data block...
   No compilation errors.

Compiling KEY-NEXT-ITEM trigger on MONTH_AND_YEAR item in CALENDAR data block...
   No compilation errors.

Compiling WHEN-MOUSE-CLICK trigger on PREV_MONTH item in CALENDAR data block...
   No compilation errors.

Compiling WHEN-MOUSE-CLICK trigger on NEXT_MONTH item in CALENDAR data block...
   No compilation errors.

Compiling WHEN-MOUSE-CLICK trigger on NEXT_YEAR item in CALENDAR data block...
   No compilation errors.

Compiling WHEN-MOUSE-CLICK trigger on PREV_YEAR item in CALENDAR data block...
   No compilation errors.

Compiling WHEN-NEW-ITEM-INSTANCE trigger on AM_PM item in CALENDAR data block...
   No compilation errors.

Compiling WHEN-BUTTON-PRESSED trigger on QMS$TOOLBAR data block...
   No compilation errors.

Compiling WHEN-LIST-CHANGED trigger on ORDER_BY item in QMS$TOOLBAR data block...
   No compilation errors.

Compiling ON-LOCK trigger on TRNMEDTRT data block...
   No compilation errors.

Compiling POST-INSERT trigger on TRNMEDTRT data block...
   No compilation errors.

Compiling POST-QUERY trigger on TRNMEDTRT data block...
   No compilation errors.

Compiling PRE-BLOCK trigger on TRNMEDTRT data block...
   No compilation errors.

Compiling PRE-QUERY trigger on TRNMEDTRT data block...
   No compilation errors.

Compiling WHEN-DATABASE-RECORD trigger on TRNMEDTRT data block...
   No compilation errors.

Compiling WHEN-NEW-BLOCK-INSTANCE trigger on TRNMEDTRT data block...
   No compilation errors.

Compiling WHEN-NEW-RECORD-INSTANCE trigger on TRNMEDTRT data block...
   No compilation errors.

Compiling WHEN-REMOVE-RECORD trigger on TRNMEDTRT data block...
   No compilation errors.

Compiling POST-SELECT trigger on TRNMEDTRT data block...
   No compilation errors.

Compiling ON-ERROR trigger on TRNMEDTRT data block...
   No compilation errors.

Compiling WHEN-NEW-ITEM-INSTANCE trigger on PRS_CODIGO item in TRNMEDTRT data block...
   No compilation errors.

Compiling WHEN-NEW-ITEM-INSTANCE trigger on L_PRS_APELLIDOS item in TRNMEDTRT data block...
   No compilation errors.

Compiling WHEN-NEW-ITEM-INSTANCE trigger on L_PRS_NOMBRES item in TRNMEDTRT data block...
   No compilation errors.

Compiling WHEN-NEW-ITEM-INSTANCE trigger on HORA_INICIO item in TRNMEDTRT data block...
   No compilation errors.

Compiling WHEN-NEW-ITEM-INSTANCE trigger on HORA_FIN item in TRNMEDTRT data block...
   No compilation errors.

Compiling WHEN-NEW-ITEM-INSTANCE trigger on VALOR_CONSULTA item in TRNMEDTRT data block...
   No compilation errors.

Compiling KEY-PREV-ITEM trigger on VALOR_CONSULTA item in TRNMEDTRT data block...
   No compilation errors.

Compiling KEY-NEXT-ITEM trigger on VALOR_CONSULTA item in TRNMEDTRT data block...
   No compilation errors.

Compiling WHEN-NEW-ITEM-INSTANCE trigger on TURNOS_POSIBLES item in TRNMEDTRT data block...
   No compilation errors.

Compiling WHEN-NEW-ITEM-INSTANCE trigger on HRRSMNMDC_ID item in TRNMEDTRT data block...
   No compilation errors.

Compiling KEY-CLRREC trigger on TRNFCHTRN data block...
   No compilation errors.

Compiling KEY-CREREC trigger on TRNFCHTRN data block...
   No compilation errors.

Compiling KEY-DOWN trigger on TRNFCHTRN data block...
   No compilation errors.

Compiling KEY-NXTREC trigger on TRNFCHTRN data block...
   No compilation errors.

Compiling KEY-SCRDOWN trigger on TRNFCHTRN data block...
   No compilation errors.

Compiling KEY-UP trigger on TRNFCHTRN data block...
   No compilation errors.

Compiling KEY-PRVREC trigger on TRNFCHTRN data block...
   No compilation errors.

Compiling KEY-SCRUP trigger on TRNFCHTRN data block...
   No compilation errors.

Compiling ON-ERROR trigger on TRNFCHTRN data block...
   No compilation errors.

Compiling PRE-BLOCK trigger on TRNFCHTRN data block...
   No compilation errors.

Compiling WHEN-NEW-BLOCK-INSTANCE trigger on TRNFCHTRN data block...
   No compilation errors.

Compiling WHEN-NEW-ITEM-INSTANCE trigger on FECHA_TURNO item in TRNFCHTRN data block...
   No compilation errors.

Compiling KEY-LISTVAL trigger on FECHA_TURNO item in TRNFCHTRN data block...
   No compilation errors.

Compiling KEY-PREV-ITEM trigger on FECHA_TURNO item in TRNFCHTRN data block...
   No compilation errors.

Compiling KEY-NEXT-ITEM trigger on FECHA_TURNO item in TRNFCHTRN data block...
   No compilation errors.

Compiling ON-LOCK trigger on TRNDTLTRN data block...
   No compilation errors.

Compiling POST-INSERT trigger on TRNDTLTRN data block...
   No compilation errors.

Compiling POST-QUERY trigger on TRNDTLTRN data block...
   No compilation errors.

Compiling PRE-BLOCK trigger on TRNDTLTRN data block...
   No compilation errors.

Compiling PRE-QUERY trigger on TRNDTLTRN data block...
   No compilation errors.

Compiling WHEN-DATABASE-RECORD trigger on TRNDTLTRN data block...
   No compilation errors.

Compiling WHEN-NEW-BLOCK-INSTANCE trigger on TRNDTLTRN data block...
   No compilation errors.

Compiling WHEN-NEW-RECORD-INSTANCE trigger on TRNDTLTRN data block...
   No compilation errors.

Compiling WHEN-REMOVE-RECORD trigger on TRNDTLTRN data block...
   No compilation errors.

Compiling POST-SELECT trigger on TRNDTLTRN data block...
   No compilation errors.

Compiling PRE-INSERT trigger on TRNDTLTRN data block...
   No compilation errors.

Compiling KEY-DUPREC trigger on TRNDTLTRN data block...
   No compilation errors.

Compiling PRE-UPDATE trigger on TRNDTLTRN data block...
   No compilation errors.

Compiling ON-ERROR trigger on TRNDTLTRN data block...
   No compilation errors.

Compiling WHEN-VALIDATE-RECORD trigger on TRNDTLTRN data block...
   No compilation errors.

Compiling WHEN-NEW-ITEM-INSTANCE trigger on TRNDTLTRN data block...
   No compilation errors.

Compiling POST-CHANGE trigger on TRNDTLTRN data block...
   No compilation errors.

Compiling WHEN-NEW-ITEM-INSTANCE trigger on FECHA item in TRNDTLTRN data block...
   No compilation errors.

Compiling KEY-LISTVAL trigger on FECHA item in TRNDTLTRN data block...
   No compilation errors.

Compiling WHEN-NEW-ITEM-INSTANCE trigger on DIA item in TRNDTLTRN data block...
   No compilation errors.

Compiling FORMULA-CALCULATION trigger on DIA item in TRNDTLTRN data block...
   No compilation errors.

Compiling WHEN-NEW-ITEM-INSTANCE trigger on NUMERO item in TRNDTLTRN data block...
   No compilation errors.

Compiling WHEN-VALIDATE-ITEM trigger on NUMERO item in TRNDTLTRN data block...
   No compilation errors.

Compiling KEY-PREV-ITEM trigger on NUMERO item in TRNDTLTRN data block...
   No compilation errors.

Compiling WHEN-NEW-ITEM-INSTANCE trigger on HORA item in TRNDTLTRN data block...
   No compilation errors.

Compiling KEY-LISTVAL trigger on HORA item in TRNDTLTRN data block...
   No compilation errors.

Compiling WHEN-NEW-ITEM-INSTANCE trigger on PCN_NUMERO_HC item in TRNDTLTRN data block...
   No compilation errors.

Compiling WHEN-VALIDATE-ITEM trigger on PCN_NUMERO_HC item in TRNDTLTRN data block...
   No compilation errors.

Compiling WHEN-NEW-ITEM-INSTANCE trigger on ESTADO item in TRNDTLTRN data block...
   No compilation errors.

Compiling WHEN-NEW-ITEM-INSTANCE trigger on L_PCN_APELLIDO_PATERNO item in TRNDTLTRN data block...
   No compilation errors.

Compiling WHEN-VALIDATE-ITEM trigger on L_PCN_APELLIDO_PATERNO item in TRNDTLTRN data block...
   No compilation errors.

Compiling WHEN-NEW-ITEM-INSTANCE trigger on L_PCN_APELLIDO_MATERNO item in TRNDTLTRN data block...
   No compilation errors.

Compiling WHEN-VALIDATE-ITEM trigger on L_PCN_APELLIDO_MATERNO item in TRNDTLTRN data block...
   No compilation errors.

Compiling WHEN-NEW-ITEM-INSTANCE trigger on L_PCN_PRIMER_NOMBRE item in TRNDTLTRN data block...
   No compilation errors.

Compiling WHEN-VALIDATE-ITEM trigger on L_PCN_PRIMER_NOMBRE item in TRNDTLTRN data block...
   No compilation errors.

Compiling WHEN-NEW-ITEM-INSTANCE trigger on L_PCN_SEGUNDO_NOMBRE item in TRNDTLTRN data block...
   No compilation errors.

Compiling WHEN-VALIDATE-ITEM trigger on L_PCN_SEGUNDO_NOMBRE item in TRNDTLTRN data block...
   No compilation errors.

Compiling WHEN-NEW-ITEM-INSTANCE trigger on MOTIVO item in TRNDTLTRN data block...
   No compilation errors.

Compiling WHEN-NEW-ITEM-INSTANCE trigger on FECHA_CREACION item in TRNDTLTRN data block...
   No compilation errors.

Compiling KEY-LISTVAL trigger on FECHA_CREACION item in TRNDTLTRN data block...
   No compilation errors.

Compiling WHEN-NEW-ITEM-INSTANCE trigger on FECHA_ATENCION item in TRNDTLTRN data block...
   No compilation errors.

Compiling KEY-LISTVAL trigger on FECHA_ATENCION item in TRNDTLTRN data block...
   No compilation errors.

Compiling WHEN-NEW-ITEM-INSTANCE trigger on DESCUENTO item in TRNDTLTRN data block...
   No compilation errors.

Compiling WHEN-NEW-ITEM-INSTANCE trigger on MOTIVO_DESCUENTO item in TRNDTLTRN data block...
   No compilation errors.

Compiling WHEN-NEW-ITEM-INSTANCE trigger on PRS_CODIGO item in TRNDTLTRN data block...
   No compilation errors.

Compiling WHEN-VALIDATE-ITEM trigger on PRS_CODIGO item in TRNDTLTRN data block...
   No compilation errors.

Compiling KEY-NEXT-ITEM trigger on PRS_CODIGO item in TRNDTLTRN data block...
   No compilation errors.

Compiling WHEN-NEW-ITEM-INSTANCE trigger on TIPO item in TRNDTLTRN data block...
   No compilation errors.

Compiling WHEN-NEW-ITEM-INSTANCE trigger on NUMERO_ID item in TRNDTLTRN data block...
   No compilation errors.

Compiling KEY-CLRREC trigger on CG$CTRL data block...
   No compilation errors.

Compiling KEY-CREREC trigger on CG$CTRL data block...
   No compilation errors.

Compiling KEY-DOWN trigger on CG$CTRL data block...
   No compilation errors.

Compiling KEY-NXTREC trigger on CG$CTRL data block...
   No compilation errors.

Compiling KEY-SCRDOWN trigger on CG$CTRL data block...
   No compilation errors.

Compiling KEY-UP trigger on CG$CTRL data block...
   No compilation errors.

Compiling KEY-PRVREC trigger on CG$CTRL data block...
   No compilation errors.

Compiling KEY-SCRUP trigger on CG$CTRL data block...
   No compilation errors.

Compiling ON-ERROR trigger on CG$CTRL data block...
   No compilation errors.

Compiling PRE-BLOCK trigger on CG$CTRL data block...
   No compilation errors.

Compiling WHEN-NEW-BLOCK-INSTANCE trigger on CG$CTRL data block...
   No compilation errors.

Compiling WHEN-NEW-ITEM-INSTANCE trigger on CG$PAGE_1_LIST item in CG$CTRL data block...
   No compilation errors.

Compiling WHEN-NEW-ITEM-INSTANCE trigger on CG$WINDOWQMS$TRANS_ERRORS_PAGE item in CG$CTRL data block...
   No compilation errors.

Compiling WHEN-NEW-ITEM-INSTANCE trigger on CG$WINDOWTRNDTLTRN_PAGE item in CG$CTRL data block...
   No compilation errors.

Compiling WHEN-NEW-ITEM-INSTANCE trigger on CG$WINDOWQMS$TRANS_ERRORS_MODA item in CG$CTRL data block...
   No compilation errors.

Compiling WHEN-NEW-ITEM-INSTANCE trigger on CG$WINDOWCALENDAR_PAGE item in CG$CTRL data block...
   No compilation errors.

Compiling WHEN-NEW-ITEM-INSTANCE trigger on CG$WINDOWQMS$HIDDEN_ITEMS_PAGE item in CG$CTRL data block...
   No compilation errors.

Compiling WHEN-NEW-ITEM-INSTANCE trigger on CG$LAST_CANVAS item in CG$CTRL data block...
   No compilation errors.


Created form file M:\sas\bin\RDP\frm\trnslctrn.fmx
