Compiling package specification CG$HSPPRSMEC_GLOBALS... 
   No compilation errors.

Compiling procedure CGDV$POPULATE_DYNAMIC_LISTS... 
   No compilation errors.

Compiling procedure CGFK$QRY_PRM_PRSMDC_PRMATN_FK... 
   No compilation errors.

Compiling procedure CGSF$CLR_PRM_PRSMDC_PRMATN_FK... 
   No compilation errors.

Compiling procedure CGSF$CLR_PRM_PRSMDC_DPR_FK... 
   No compilation errors.

Compiling procedure CGFK$CHK_PRM_PRSMDC_DPR_FK... 
   No compilation errors.

Compiling procedure CGFK$QRY_PRM_PRSMDC_DPR_FK... 
   No compilation errors.

Compiling procedure CGFK$QRY_PRM_PRSMDC_PRS_FK... 
   No compilation errors.

Compiling procedure CGFK$CHK_PRM_PRSMDC_PRMATN_FK... 
   No compilation errors.

Compiling procedure CGUV$CHK_PRSMDC_PK... 
   No compilation errors.

Compiling procedure CGUI$GET_NEXT_DTLPRM_SEQ... 
   No compilation errors.

Compiling procedure CGSF$CLR_DTLPRM_DTLPRS_DPR_FK... 
   No compilation errors.

Compiling procedure CGFK$QRY_DTLPRM_DTLPRS_DPR_FK... 
   No compilation errors.

Compiling procedure CGSF$CLR_DTLPRM_DTLPRS_PRS_FK... 
   No compilation errors.

Compiling procedure CGFK$QRY_DTLPRM_DTLPRS_PRS_FK... 
   No compilation errors.

Compiling procedure CGFK$QRY_DTLPRM_DTLPRS_MEA_FK... 
   No compilation errors.

Compiling procedure CGFK$CHK_DTLPRM_DTLPRS_ITM_FK... 
   No compilation errors.

Compiling function CGTE$CHECK_CONSTRAINT_VIO... 
   No compilation errors.

Compiling procedure CGTE$PCN_ERRORS... 
   No compilation errors.

Compiling procedure CGTE$PRM_ERRORS... 
   No compilation errors.

Compiling procedure CGTE$DTLPRM_ERRORS... 
   No compilation errors.

Compiling procedure CGLY$DISPLAY_CANVASES... 
   No compilation errors.

Compiling procedure CGLY$GET_RELATED_CANVASES... 
   No compilation errors.

Compiling procedure CGLY$CANVAS_MANAGEMENT... 
   No compilation errors.

Compiling procedure CGBS$TOGGLE... 
   No compilation errors.

Compiling procedure DERIVAR_NUMERO_PRES... 
   No compilation errors.

Compiling procedure DERIVAR_PACIENTES... 
   No compilation errors.

Compiling procedure FIJAR_REPORTE... 
   No compilation errors.

Compiling procedure INCREMENTA_NUMERO_DESCARGO... 
   No compilation errors.

Compiling function VALIDA_PRESCRIPCION_DURACION... 
   No compilation errors.

Compiling PRE-COMMIT trigger on form...
   No compilation errors.

Compiling QMS$CUSTOM_HELP trigger on form...
   No compilation errors.

Compiling POST-FORM trigger on form...
   No compilation errors.

Compiling CALENDAR_WROTE_DATE trigger on form...
   No compilation errors.

Compiling KEY-EXIT trigger on form...
   No compilation errors.

Compiling POST-FORMS-COMMIT trigger on form...
   No compilation errors.

Compiling KEY-CLRFRM trigger on form...
   No compilation errors.

Compiling KEY-HELP trigger on form...
   No compilation errors.

Compiling KEY-MENU trigger on form...
   No compilation errors.

Compiling ON-ERROR trigger on form...
   No compilation errors.

Compiling ON-MESSAGE trigger on form...
   No compilation errors.

Compiling PRE-FORM trigger on form...
   No compilation errors.

Compiling QUERY_FIND trigger on form...
   No compilation errors.

Compiling QMS$MENU_ITEM trigger on form...
   No compilation errors.

Compiling WHEN-NEW-BLOCK-INSTANCE trigger on form...
   No compilation errors.

Compiling WHEN-NEW-FORM-INSTANCE trigger on form...
   No compilation errors.

Compiling WHEN-WINDOW-CLOSED trigger on form...
   No compilation errors.

Compiling WHEN-WINDOW-ACTIVATED trigger on form...
   No compilation errors.

Compiling WHEN-WINDOW-RESIZED trigger on form...
   No compilation errors.

Compiling POST-TEXT-ITEM trigger on form...
   No compilation errors.

Compiling WHEN-FORM-NAVIGATE trigger on form...
   No compilation errors.

Compiling ON-CLEAR-DETAILS trigger on form...
   No compilation errors.

Compiling ON-POPULATE-DETAILS trigger on form...
   No compilation errors.

Compiling KEY-ENTQRY trigger on form...
   No compilation errors.

Compiling KEY-EXEQRY trigger on form...
   No compilation errors.

Compiling KEY-CQUERY trigger on form...
   No compilation errors.

Compiling KEY-CLRBLK trigger on form...
   No compilation errors.

Compiling KEY-CLRREC trigger on form...
   No compilation errors.

Compiling KEY-NXTKEY trigger on form...
   No compilation errors.

Compiling KEY-CLRREC trigger on QMS$TRANS_ERRORS data block...
   No compilation errors.

Compiling KEY-CREREC trigger on QMS$TRANS_ERRORS data block...
   No compilation errors.

Compiling KEY-DOWN trigger on QMS$TRANS_ERRORS data block...
   No compilation errors.

Compiling KEY-NXTREC trigger on QMS$TRANS_ERRORS data block...
   No compilation errors.

Compiling KEY-SCRDOWN trigger on QMS$TRANS_ERRORS data block...
   No compilation errors.

Compiling KEY-UP trigger on QMS$TRANS_ERRORS data block...
   No compilation errors.

Compiling KEY-PRVREC trigger on QMS$TRANS_ERRORS data block...
   No compilation errors.

Compiling KEY-SCRUP trigger on QMS$TRANS_ERRORS data block...
   No compilation errors.

Compiling ON-ERROR trigger on QMS$TRANS_ERRORS data block...
   No compilation errors.

Compiling PRE-BLOCK trigger on QMS$TRANS_ERRORS data block...
   No compilation errors.

Compiling WHEN-NEW-BLOCK-INSTANCE trigger on QMS$TRANS_ERRORS data block...
   No compilation errors.

Compiling ON-LOCK trigger on QMS$TRANS_ERRORS data block...
   No compilation errors.

Compiling WHEN-VALIDATE-RECORD trigger on QMS$TRANS_ERRORS data block...
   No compilation errors.

Compiling WHEN-BUTTON-PRESSED trigger on QMS$TRANS_ERRORS data block...
   No compilation errors.

Compiling WHEN-LIST-ACTIVATED trigger on QMS$TRANS_ERRORS data block...
   No compilation errors.

Compiling WHEN-NEW-ITEM-INSTANCE trigger on OK_BUTTON item in QMS$TRANS_ERRORS data block...
   No compilation errors.

Compiling WHEN-BUTTON-PRESSED trigger on OK_BUTTON item in QMS$TRANS_ERRORS data block...
   No compilation errors.

Compiling KEY-PREV-ITEM trigger on OK_BUTTON item in QMS$TRANS_ERRORS data block...
   No compilation errors.

Compiling WHEN-LIST-CHANGED trigger on MESSAGES item in QMS$TRANS_ERRORS data block...
   No compilation errors.

Compiling WHEN-NEW-ITEM-INSTANCE trigger on HELP_BUTTON item in QMS$TRANS_ERRORS data block...
   No compilation errors.

Compiling WHEN-BUTTON-PRESSED trigger on HELP_BUTTON item in QMS$TRANS_ERRORS data block...
   No compilation errors.

Compiling KEY-NEXT-ITEM trigger on HELP_BUTTON item in QMS$TRANS_ERRORS data block...
   No compilation errors.

Compiling WHEN-NEW-ITEM-INSTANCE trigger on OK_BUTTON_MODAL item in QMS$TRANS_ERRORS data block...
   No compilation errors.

Compiling WHEN-BUTTON-PRESSED trigger on OK_BUTTON_MODAL item in QMS$TRANS_ERRORS data block...
   No compilation errors.

Compiling KEY-PREV-ITEM trigger on OK_BUTTON_MODAL item in QMS$TRANS_ERRORS data block...
   No compilation errors.

Compiling WHEN-LIST-CHANGED trigger on MESSAGES_MODAL item in QMS$TRANS_ERRORS data block...
   No compilation errors.

Compiling WHEN-NEW-ITEM-INSTANCE trigger on HELP_BUTTON_MODAL item in QMS$TRANS_ERRORS data block...
   No compilation errors.

Compiling WHEN-BUTTON-PRESSED trigger on HELP_BUTTON_MODAL item in QMS$TRANS_ERRORS data block...
   No compilation errors.

Compiling KEY-NEXT-ITEM trigger on HELP_BUTTON_MODAL item in QMS$TRANS_ERRORS data block...
   No compilation errors.

Compiling WHEN-NEW-ITEM-INSTANCE trigger on RETURN_TO_BLOCK item in QMS$TRANS_ERRORS data block...
   No compilation errors.

Compiling WHEN-RADIO-CHANGED trigger on CALENDAR data block...
   No compilation errors.

Compiling KEY-OTHERS trigger on CALENDAR data block...
   No compilation errors.

Compiling KEY-NEXT-ITEM trigger on CALENDAR data block...
   No compilation errors.

Compiling KEY-PREV-ITEM trigger on CALENDAR data block...
   No compilation errors.

Compiling KEY-ENTER trigger on CALENDAR data block...
   No compilation errors.

Compiling WHEN-BUTTON-PRESSED trigger on CALENDAR data block...
   No compilation errors.

Compiling WHEN-LIST-CHANGED trigger on CALENDAR data block...
   No compilation errors.

Compiling WHEN-MOUSE-CLICK trigger on CALENDAR data block...
   No compilation errors.

Compiling KEY-DOWN trigger on CALENDAR data block...
   No compilation errors.

Compiling KEY-UP trigger on CALENDAR data block...
   No compilation errors.

Compiling KEY-NXTREC trigger on CALENDAR data block...
   No compilation errors.

Compiling KEY-PRVREC trigger on CALENDAR data block...
   No compilation errors.

Compiling WHEN-MOUSE-DOUBLECLICK trigger on CALENDAR data block...
   No compilation errors.

Compiling WHEN-NEW-ITEM-INSTANCE trigger on HOUR item in CALENDAR data block...
   No compilation errors.

Compiling WHEN-NEW-ITEM-INSTANCE trigger on MINUTE item in CALENDAR data block...
   No compilation errors.

Compiling WHEN-NEW-ITEM-INSTANCE trigger on OK item in CALENDAR data block...
   No compilation errors.

Compiling WHEN-BUTTON-PRESSED trigger on OK item in CALENDAR data block...
   No compilation errors.

Compiling KEY-PREV-ITEM trigger on OK item in CALENDAR data block...
   No compilation errors.

Compiling WHEN-NEW-ITEM-INSTANCE trigger on CANCEL item in CALENDAR data block...
   No compilation errors.

Compiling WHEN-BUTTON-PRESSED trigger on CANCEL item in CALENDAR data block...
   No compilation errors.

Compiling KEY-NEXT-ITEM trigger on MONTH_AND_YEAR item in CALENDAR data block...
   No compilation errors.

Compiling WHEN-MOUSE-CLICK trigger on PREV_MONTH item in CALENDAR data block...
   No compilation errors.

Compiling WHEN-MOUSE-CLICK trigger on NEXT_MONTH item in CALENDAR data block...
   No compilation errors.

Compiling WHEN-MOUSE-CLICK trigger on NEXT_YEAR item in CALENDAR data block...
   No compilation errors.

Compiling WHEN-MOUSE-CLICK trigger on PREV_YEAR item in CALENDAR data block...
   No compilation errors.

Compiling WHEN-NEW-ITEM-INSTANCE trigger on AM_PM item in CALENDAR data block...
   No compilation errors.

Compiling WHEN-BUTTON-PRESSED trigger on QMS$TOOLBAR data block...
   No compilation errors.

Compiling WHEN-LIST-CHANGED trigger on ORDER_BY item in QMS$TOOLBAR data block...
   No compilation errors.

Compiling ON-LOCK trigger on PCN data block...
   No compilation errors.

Compiling POST-INSERT trigger on PCN data block...
   No compilation errors.

Compiling POST-QUERY trigger on PCN data block...
   No compilation errors.

Compiling PRE-BLOCK trigger on PCN data block...
   No compilation errors.

Compiling PRE-QUERY trigger on PCN data block...
   No compilation errors.

Compiling WHEN-DATABASE-RECORD trigger on PCN data block...
   No compilation errors.

Compiling WHEN-NEW-BLOCK-INSTANCE trigger on PCN data block...
   No compilation errors.

Compiling WHEN-NEW-RECORD-INSTANCE trigger on PCN data block...
   No compilation errors.

Compiling WHEN-REMOVE-RECORD trigger on PCN data block...
   No compilation errors.

Compiling POST-SELECT trigger on PCN data block...
   No compilation errors.

Compiling ON-ERROR trigger on PCN data block...
   No compilation errors.

Compiling WHEN-NEW-ITEM-INSTANCE trigger on ACTUAL item in PCN data block...
   No compilation errors.

Compiling KEY-PREV-ITEM trigger on ACTUAL item in PCN data block...
   No compilation errors.

Compiling WHEN-NEW-ITEM-INSTANCE trigger on NUMERO_HC item in PCN data block...
   No compilation errors.

Compiling WHEN-NEW-ITEM-INSTANCE trigger on APELLIDO_PATERNO item in PCN data block...
   No compilation errors.

Compiling WHEN-NEW-ITEM-INSTANCE trigger on PRIMER_NOMBRE item in PCN data block...
   No compilation errors.

Compiling WHEN-NEW-ITEM-INSTANCE trigger on APELLIDO_MATERNO item in PCN data block...
   No compilation errors.

Compiling WHEN-NEW-ITEM-INSTANCE trigger on SEGUNDO_NOMBRE item in PCN data block...
   No compilation errors.

Compiling WHEN-NEW-ITEM-INSTANCE trigger on CEDULA item in PCN data block...
   No compilation errors.

Compiling WHEN-NEW-ITEM-INSTANCE trigger on EDAD item in PCN data block...
   No compilation errors.

Compiling WHEN-NEW-ITEM-INSTANCE trigger on INTERNACION item in PCN data block...
   No compilation errors.

Compiling WHEN-NEW-ITEM-INSTANCE trigger on CAMA item in PCN data block...
   No compilation errors.

Compiling WHEN-NEW-ITEM-INSTANCE trigger on FECHA_INGRESO item in PCN data block...
   No compilation errors.

Compiling KEY-LISTVAL trigger on FECHA_INGRESO item in PCN data block...
   No compilation errors.

Compiling WHEN-NEW-ITEM-INSTANCE trigger on FECHA_EGRESO item in PCN data block...
   No compilation errors.

Compiling KEY-LISTVAL trigger on FECHA_EGRESO item in PCN data block...
   No compilation errors.

Compiling KEY-NEXT-ITEM trigger on FECHA_EGRESO item in PCN data block...
   No compilation errors.

Compiling ON-LOCK trigger on PRM data block...
   No compilation errors.

Compiling POST-INSERT trigger on PRM data block...
   No compilation errors.

Compiling POST-QUERY trigger on PRM data block...
   No compilation errors.

Compiling PRE-BLOCK trigger on PRM data block...
   No compilation errors.

Compiling PRE-QUERY trigger on PRM data block...
   No compilation errors.

Compiling WHEN-DATABASE-RECORD trigger on PRM data block...
   No compilation errors.

Compiling WHEN-NEW-BLOCK-INSTANCE trigger on PRM data block...
   No compilation errors.

Compiling WHEN-NEW-RECORD-INSTANCE trigger on PRM data block...
   No compilation errors.

Compiling WHEN-REMOVE-RECORD trigger on PRM data block...
   No compilation errors.

Compiling POST-SELECT trigger on PRM data block...
   No compilation errors.

Compiling PRE-UPDATE trigger on PRM data block...
   No compilation errors.

Compiling PRE-INSERT trigger on PRM data block...
   No compilation errors.

Compiling ON-ERROR trigger on PRM data block...
   No compilation errors.

Compiling WHEN-CREATE-RECORD trigger on PRM data block...
   No compilation errors.

Compiling WHEN-NEW-ITEM-INSTANCE trigger on FECHA item in PRM data block...
   No compilation errors.

Compiling KEY-LISTVAL trigger on FECHA item in PRM data block...
   No compilation errors.

Compiling WHEN-NEW-ITEM-INSTANCE trigger on CUMPLIMIENTO item in PRM data block...
   No compilation errors.

Compiling KEY-PREV-ITEM trigger on CUMPLIMIENTO item in PRM data block...
   No compilation errors.

Compiling WHEN-VALIDATE-ITEM trigger on CUMPLIMIENTO item in PRM data block...
   No compilation errors.

Compiling WHEN-NEW-ITEM-INSTANCE trigger on SERVICIO item in PRM data block...
   No compilation errors.

Compiling WHEN-NEW-ITEM-INSTANCE trigger on PRMANT_NUMERO item in PRM data block...
   No compilation errors.

Compiling WHEN-VALIDATE-ITEM trigger on PRMANT_NUMERO item in PRM data block...
   No compilation errors.

Compiling WHEN-NEW-ITEM-INSTANCE trigger on PRM_FECHA_INGRESO item in PRM data block...
   No compilation errors.

Compiling KEY-LISTVAL trigger on PRM_FECHA_INGRESO item in PRM data block...
   No compilation errors.

Compiling WHEN-NEW-ITEM-INSTANCE trigger on PRM_FECHA_ALTA item in PRM data block...
   No compilation errors.

Compiling KEY-LISTVAL trigger on PRM_FECHA_ALTA item in PRM data block...
   No compilation errors.

Compiling WHEN-NEW-ITEM-INSTANCE trigger on PRM_DIAS item in PRM data block...
   No compilation errors.

Compiling WHEN-NEW-ITEM-INSTANCE trigger on PRS_CODIGO item in PRM data block...
   No compilation errors.

Compiling WHEN-NEW-ITEM-INSTANCE trigger on L_PRS_NOMBRES item in PRM data block...
   No compilation errors.

Compiling WHEN-NEW-ITEM-INSTANCE trigger on L_PRS_APELLIDOS item in PRM data block...
   No compilation errors.

Compiling WHEN-NEW-ITEM-INSTANCE trigger on DPR_ARA_CODIGO item in PRM data block...
   No compilation errors.

Compiling WHEN-VALIDATE-ITEM trigger on DPR_ARA_CODIGO item in PRM data block...
   No compilation errors.

Compiling WHEN-NEW-ITEM-INSTANCE trigger on DPR_CODIGO item in PRM data block...
   No compilation errors.

Compiling WHEN-VALIDATE-ITEM trigger on DPR_CODIGO item in PRM data block...
   No compilation errors.

Compiling WHEN-NEW-ITEM-INSTANCE trigger on L_DPR_NOMBRE item in PRM data block...
   No compilation errors.

Compiling WHEN-NEW-ITEM-INSTANCE trigger on COPIAR item in PRM data block...
   No compilation errors.

Compiling WHEN-BUTTON-PRESSED trigger on COPIAR item in PRM data block...
   No compilation errors.

Compiling WHEN-NEW-ITEM-INSTANCE trigger on PCN_NUMERO_HC item in PRM data block...
   No compilation errors.

Compiling WHEN-NEW-ITEM-INSTANCE trigger on DESCARGOS item in PRM data block...
   No compilation errors.

Compiling WHEN-BUTTON-PRESSED trigger on DESCARGOS item in PRM data block...
   No compilation errors.

Compiling KEY-NEXT-ITEM trigger on DESCARGOS item in PRM data block...
   No compilation errors.

Compiling ON-LOCK trigger on DTLPRM data block...
   No compilation errors.

Compiling POST-INSERT trigger on DTLPRM data block...
   No compilation errors.

Compiling POST-QUERY trigger on DTLPRM data block...
   No compilation errors.

Compiling PRE-BLOCK trigger on DTLPRM data block...
   No compilation errors.

Compiling PRE-QUERY trigger on DTLPRM data block...
   No compilation errors.

Compiling WHEN-DATABASE-RECORD trigger on DTLPRM data block...
   No compilation errors.

Compiling WHEN-NEW-BLOCK-INSTANCE trigger on DTLPRM data block...
   No compilation errors.

Compiling WHEN-NEW-RECORD-INSTANCE trigger on DTLPRM data block...
   No compilation errors.

Compiling WHEN-REMOVE-RECORD trigger on DTLPRM data block...
   No compilation errors.

Compiling POST-SELECT trigger on DTLPRM data block...
   No compilation errors.

Compiling PRE-INSERT trigger on DTLPRM data block...
   No compilation errors.

Compiling KEY-DUPREC trigger on DTLPRM data block...
   No compilation errors.

Compiling PRE-UPDATE trigger on DTLPRM data block...
   No compilation errors.

Compiling ON-ERROR trigger on DTLPRM data block...
   No compilation errors.

Compiling WHEN-VALIDATE-RECORD trigger on DTLPRM data block...
   No compilation errors.

Compiling WHEN-CREATE-RECORD trigger on DTLPRM data block...
   No compilation errors.

Compiling WHEN-NEW-ITEM-INSTANCE trigger on NUMERO item in DTLPRM data block...
   No compilation errors.

Compiling WHEN-NEW-ITEM-INSTANCE trigger on CONTADOR_LINEAS item in DTLPRM data block...
   No compilation errors.

Compiling WHEN-NEW-ITEM-INSTANCE trigger on DESCRIPCION item in DTLPRM data block...
   No compilation errors.

Compiling KEY-PREV-ITEM trigger on DESCRIPCION item in DTLPRM data block...
   No compilation errors.

Compiling WHEN-NEW-ITEM-INSTANCE trigger on MEDICAMENTO item in DTLPRM data block...
   No compilation errors.

Compiling WHEN-NEW-ITEM-INSTANCE trigger on ITM_TIPO item in DTLPRM data block...
   No compilation errors.

Compiling WHEN-VALIDATE-ITEM trigger on ITM_TIPO item in DTLPRM data block...
   No compilation errors.

Compiling WHEN-NEW-ITEM-INSTANCE trigger on ITM_SBS_SCC_CODIGO item in DTLPRM data block...
   No compilation errors.

Compiling WHEN-VALIDATE-ITEM trigger on ITM_SBS_SCC_CODIGO item in DTLPRM data block...
   No compilation errors.

Compiling WHEN-NEW-ITEM-INSTANCE trigger on ITM_SBS_CODIGO item in DTLPRM data block...
   No compilation errors.

Compiling WHEN-VALIDATE-ITEM trigger on ITM_SBS_CODIGO item in DTLPRM data block...
   No compilation errors.

Compiling WHEN-NEW-ITEM-INSTANCE trigger on ITM_CODIGO item in DTLPRM data block...
   No compilation errors.

Compiling WHEN-VALIDATE-ITEM trigger on ITM_CODIGO item in DTLPRM data block...
   No compilation errors.

Compiling WHEN-NEW-ITEM-INSTANCE trigger on PRSMDC_PCN_NUMERO_HC item in DTLPRM data block...
   No compilation errors.

Compiling WHEN-NEW-ITEM-INSTANCE trigger on GEN_NOMBRE item in DTLPRM data block...
   No compilation errors.

Compiling WHEN-NEW-ITEM-INSTANCE trigger on EN_DTP_ITM_DESCRIPCION item in DTLPRM data block...
   No compilation errors.

Compiling WHEN-NEW-ITEM-INSTANCE trigger on EN_DTP_ITM_UNIDAD item in DTLPRM data block...
   No compilation errors.

Compiling WHEN-NEW-ITEM-INSTANCE trigger on DOSIS_FARMACOLOGICA item in DTLPRM data block...
   No compilation errors.

Compiling WHEN-NEW-ITEM-INSTANCE trigger on UNIDAD_DOSIS_P item in DTLPRM data block...
   No compilation errors.

Compiling WHEN-NEW-ITEM-INSTANCE trigger on CANTIDAD item in DTLPRM data block...
   No compilation errors.

Compiling WHEN-NEW-ITEM-INSTANCE trigger on VIA item in DTLPRM data block...
   No compilation errors.

Compiling WHEN-NEW-ITEM-INSTANCE trigger on FRECUENCIA item in DTLPRM data block...
   No compilation errors.

Compiling WHEN-VALIDATE-ITEM trigger on FRECUENCIA item in DTLPRM data block...
   No compilation errors.

Compiling WHEN-NEW-ITEM-INSTANCE trigger on UNIDAD_FRECUENCIA_P item in DTLPRM data block...
   No compilation errors.

Compiling WHEN-VALIDATE-ITEM trigger on UNIDAD_FRECUENCIA_P item in DTLPRM data block...
   No compilation errors.

Compiling WHEN-NEW-ITEM-INSTANCE trigger on DURACION item in DTLPRM data block...
   No compilation errors.

Compiling WHEN-VALIDATE-ITEM trigger on DURACION item in DTLPRM data block...
   No compilation errors.

Compiling WHEN-NEW-ITEM-INSTANCE trigger on UNIDAD_DURACION_P item in DTLPRM data block...
   No compilation errors.

Compiling WHEN-VALIDATE-ITEM trigger on UNIDAD_DURACION_P item in DTLPRM data block...
   No compilation errors.

Compiling WHEN-NEW-ITEM-INSTANCE trigger on DOSIS_ADMINISTRADA item in DTLPRM data block...
   No compilation errors.

Compiling WHEN-NEW-ITEM-INSTANCE trigger on ESTADO item in DTLPRM data block...
   No compilation errors.

Compiling WHEN-NEW-ITEM-INSTANCE trigger on PRE_FORMA item in DTLPRM data block...
   No compilation errors.

Compiling WHEN-NEW-ITEM-INSTANCE trigger on DSCBTC_NUMERO item in DTLPRM data block...
   No compilation errors.

Compiling WHEN-NEW-ITEM-INSTANCE trigger on CODGEN_POS item in DTLPRM data block...
   No compilation errors.

Compiling WHEN-NEW-ITEM-INSTANCE trigger on CODPRE_POS item in DTLPRM data block...
   No compilation errors.

Compiling WHEN-NEW-ITEM-INSTANCE trigger on PRS_CODIGO item in DTLPRM data block...
   No compilation errors.

Compiling WHEN-NEW-ITEM-INSTANCE trigger on PRSMDC_FECHA item in DTLPRM data block...
   No compilation errors.

Compiling KEY-LISTVAL trigger on PRSMDC_FECHA item in DTLPRM data block...
   No compilation errors.

Compiling WHEN-NEW-ITEM-INSTANCE trigger on L_PRS_NOMBRES item in DTLPRM data block...
   No compilation errors.

Compiling WHEN-NEW-ITEM-INSTANCE trigger on L_PRS_APELLIDOS item in DTLPRM data block...
   No compilation errors.

Compiling WHEN-NEW-ITEM-INSTANCE trigger on DPR_ARA_CODIGO_DP item in DTLPRM data block...
   No compilation errors.

Compiling WHEN-NEW-ITEM-INSTANCE trigger on DPR_CODIGO_DP item in DTLPRM data block...
   No compilation errors.

Compiling WHEN-NEW-ITEM-INSTANCE trigger on PRSMDC_DPR_ARA_CODIGO item in DTLPRM data block...
   No compilation errors.

Compiling WHEN-NEW-ITEM-INSTANCE trigger on DEP_NOMBRE item in DTLPRM data block...
   No compilation errors.

Compiling WHEN-NEW-ITEM-INSTANCE trigger on PRSMDC_DPR_CODIGO item in DTLPRM data block...
   No compilation errors.

Compiling WHEN-NEW-ITEM-INSTANCE trigger on FECHA_PRESCRIPCION item in DTLPRM data block...
   No compilation errors.

Compiling KEY-LISTVAL trigger on FECHA_PRESCRIPCION item in DTLPRM data block...
   No compilation errors.

Compiling WHEN-NEW-ITEM-INSTANCE trigger on IDENTIFICADOR item in DTLPRM data block...
   No compilation errors.

Compiling WHEN-NEW-ITEM-INSTANCE trigger on STOCK_COMPROMETIDO item in DTLPRM data block...
   No compilation errors.

Compiling WHEN-NEW-ITEM-INSTANCE trigger on SOLICITADO item in DTLPRM data block...
   No compilation errors.

Compiling WHEN-NEW-ITEM-INSTANCE trigger on CGJN$JOURNAL_NOTE item in DTLPRM data block...
   No compilation errors.

Compiling KEY-NEXT-ITEM trigger on CGJN$JOURNAL_NOTE item in DTLPRM data block...
   No compilation errors.

Compiling KEY-CLRREC trigger on CG$CTRL data block...
   No compilation errors.

Compiling KEY-CREREC trigger on CG$CTRL data block...
   No compilation errors.

Compiling KEY-DOWN trigger on CG$CTRL data block...
   No compilation errors.

Compiling KEY-NXTREC trigger on CG$CTRL data block...
   No compilation errors.

Compiling KEY-SCRDOWN trigger on CG$CTRL data block...
   No compilation errors.

Compiling KEY-UP trigger on CG$CTRL data block...
   No compilation errors.

Compiling KEY-PRVREC trigger on CG$CTRL data block...
   No compilation errors.

Compiling KEY-SCRUP trigger on CG$CTRL data block...
   No compilation errors.

Compiling ON-ERROR trigger on CG$CTRL data block...
   No compilation errors.

Compiling PRE-BLOCK trigger on CG$CTRL data block...
   No compilation errors.

Compiling WHEN-NEW-BLOCK-INSTANCE trigger on CG$CTRL data block...
   No compilation errors.

Compiling WHEN-NEW-ITEM-INSTANCE trigger on CG$PAGE_1_LIST item in CG$CTRL data block...
   No compilation errors.

Compiling WHEN-NEW-ITEM-INSTANCE trigger on CG$WINDOWQMS$TRANS_ERRORS_PAGE item in CG$CTRL data block...
   No compilation errors.

Compiling WHEN-NEW-ITEM-INSTANCE trigger on CG$WINDOWPRESCRIPCION_PAGE item in CG$CTRL data block...
   No compilation errors.

Compiling WHEN-NEW-ITEM-INSTANCE trigger on CG$WINDOWQMS$TRANS_ERRORS_MODA item in CG$CTRL data block...
   No compilation errors.

Compiling WHEN-NEW-ITEM-INSTANCE trigger on CG$WINDOWCALENDAR_PAGE item in CG$CTRL data block...
   No compilation errors.

Compiling WHEN-NEW-ITEM-INSTANCE trigger on CG$WINDOWQMS$HIDDEN_ITEMS_PAGE item in CG$CTRL data block...
   No compilation errors.

Compiling WHEN-NEW-ITEM-INSTANCE trigger on CG$LAST_CANVAS item in CG$CTRL data block...
   No compilation errors.


Created form file m:\sas\bin\adm\frm\hspprsmec.fmx
