
Starting report SRIRPTCMPIVA0 [Fri Apr 15 12:35:00 2005] ...
REP-0110: Unable to open file 'SRIRPTCMPIVA0'.
REP-1070: Error while opening or saving a document.
REP-0110: Unable to open file 'SRIRPTCMPIVA0'.
End report SRIRPTCMPIVA0 [Fri Apr 15 12:35:00 2005].

Starting report SRIRPTCMPIVA0 [Fri Apr 15 12:35:41 2005] ...
End report SRIRPTCMPIVA0 [Fri Apr 15 12:36:11 2005].

Starting report SRIRPTCMPIVA12 [Fri Apr 15 12:36:25 2005] ...
End report SRIRPTCMPIVA12 [Fri Apr 15 12:36:33 2005].

Starting report SRIRPTCMPDSG [Fri Apr 15 14:15:35 2005] ...
End report SRIRPTCMPDSG [Fri Apr 15 14:15:51 2005].

Starting report SRIRPTCMPDSG [Fri Apr 15 14:44:38 2005] ...
REP-0110: Unable to open file 'SRIRPTCMPDSG'.
REP-1070: Error while opening or saving a document.
REP-0110: Unable to open file 'SRIRPTCMPDSG'.
End report SRIRPTCMPDSG [Fri Apr 15 14:44:38 2005].

Starting report SRIRPTCMPDSG [Fri Apr 15 14:45:13 2005] ...
REP-0110: Unable to open file 'SRIRPTCMPDSG'.
REP-1070: Error while opening or saving a document.
REP-0110: Unable to open file 'SRIRPTCMPDSG'.
End report SRIRPTCMPDSG [Fri Apr 15 14:45:13 2005].

Starting report SRIRPTCMPDSG [Fri Apr 15 14:45:19 2005] ...
End report SRIRPTCMPDSG [Fri Apr 15 14:45:32 2005].

Starting report SRIRPTCMPDSG [Fri Apr 15 14:45:39 2005] ...
End report SRIRPTCMPDSG [Fri Apr 15 14:45:58 2005].

Starting report SRIRPTCMPDSG [Fri Apr 15 14:46:06 2005] ...
End report SRIRPTCMPDSG [Fri Apr 15 14:47:59 2005].

Starting report SRIRPTCMPDSG [Fri Apr 15 14:48:02 2005] ...
End report SRIRPTCMPDSG [Fri Apr 15 14:48:14 2005].

Starting report SRIRPTCMPDSG [Fri Apr 15 14:48:18 2005] ...
End report SRIRPTCMPDSG [Fri Apr 15 14:48:39 2005].

Starting report SRIRPTREOCMNS [Thu May 05 10:00:17 2005] ...
End report SRIRPTREOCMNS [Thu May 05 10:00:37 2005].

Starting report SRIRPTCMPDSG [Mon May 09 08:58:34 2005] ...
End report SRIRPTCMPDSG [Mon May 09 09:01:26 2005].

Starting report SRIRPTCMPIVA12 [Mon May 23 09:27:12 2005] ...
End report SRIRPTCMPIVA12 [Mon May 23 09:28:42 2005].

Starting report CNTRVSSLDR [Mon May 23 09:37:21 2005] ...
End report CNTRVSSLDR [Mon May 23 09:40:40 2005].

Starting report SRIRPTCMPIVA12 [Thu Jun 16 11:55:08 2005] ...
End report SRIRPTCMPIVA12 [Thu Jun 16 11:55:19 2005].

Starting report SRIRPTCMPIVA12 [Thu Jul 14 11:20:58 2005] ...
REP-0110: Unable to open file 'SRIRPTCMPIVA12'.
REP-1070: Error while opening or saving a document.
REP-0110: Unable to open file 'SRIRPTCMPIVA12'.
End report SRIRPTCMPIVA12 [Thu Jul 14 11:20:58 2005].

Starting report SRIRPTCMPIVA12 [Thu Jul 14 11:21:25 2005] ...
End report SRIRPTCMPIVA12 [Thu Jul 14 11:23:00 2005].

Starting report SRIRPTCMPIVA12 [Fri Dec 16 09:14:24 2005] ...
End report SRIRPTCMPIVA12 [Fri Dec 16 09:15:46 2005].

Starting report SRIRPTCMPDSG [Fri Dec 16 09:24:57 2005] ...
End report SRIRPTCMPDSG [Fri Dec 16 09:27:37 2005].

Starting report SRIRPTCMPDSG [Fri Dec 16 09:28:18 2005] ...
End report SRIRPTCMPDSG [Fri Dec 16 09:29:46 2005].

Starting report SRIRPTREOCMNS [Mon Feb 20 09:39:34 2006] ...
REP-0110: Unable to open file 'SRIRPTREOCMNS'.
REP-1070: Error while opening or saving a document.
REP-0110: Unable to open file 'SRIRPTREOCMNS'.
End report SRIRPTREOCMNS [Mon Feb 20 09:39:34 2006].

Starting report SRIRPTCMPDSG [Mon Mar 13 08:58:28 2006] ...
REP-0110: Unable to open file 'SRIRPTCMPDSG'.
REP-1070: Error while opening or saving a document.
REP-0110: Unable to open file 'SRIRPTCMPDSG'.
End report SRIRPTCMPDSG [Mon Mar 13 08:58:28 2006].

Starting report SRIRPTCMPDSG [Mon Mar 13 08:59:20 2006] ...
End report SRIRPTCMPDSG [Mon Mar 13 09:01:39 2006].

Starting report SRIRPTREOCMNS [Tue Mar 14 12:44:14 2006] ...
End report SRIRPTREOCMNS [Tue Mar 14 12:44:36 2006].

Starting report SRIRPTREOCMNS [Tue Mar 14 12:48:10 2006] ...
End report SRIRPTREOCMNS [Tue Mar 14 12:49:26 2006].

Starting report SRIRPTREOCMNS [Tue Mar 14 12:53:38 2006] ...
End report SRIRPTREOCMNS [Tue Mar 14 12:54:23 2006].

Starting report SRIRPTCMPDSG [Tue Mar 14 12:54:34 2006] ...
End report SRIRPTCMPDSG [Tue Mar 14 12:54:36 2006].

Starting report SRIRPTCMPDSG [Tue Mar 14 12:54:43 2006] ...
End report SRIRPTCMPDSG [Tue Mar 14 12:59:39 2006].

Starting report SRIRPTREOCMNS [Tue Mar 14 12:59:57 2006] ...
End report SRIRPTREOCMNS [Tue Mar 14 13:04:40 2006].

Starting report SRIRPTREOCMNS [Wed Mar 15 11:12:05 2006] ...
End report SRIRPTREOCMNS [Wed Mar 15 11:18:50 2006].

Starting report SRIRPTCMPIVA12 [Wed Mar 15 12:06:09 2006] ...
End report SRIRPTCMPIVA12 [Wed Mar 15 12:06:43 2006].

Starting report SRIRPTCMPIVA0 [Wed Mar 15 12:06:54 2006] ...
End report SRIRPTCMPIVA0 [Wed Mar 15 12:07:56 2006].

Starting report SRIRPTCMPDSG [Thu Mar 16 09:10:35 2006] ...
End report SRIRPTCMPDSG [Thu Mar 16 09:41:51 2006].

Starting report SRIRPTCMPDSG [Thu Mar 16 10:20:15 2006] ...
End report SRIRPTCMPDSG [Thu Mar 16 10:23:35 2006].

Starting report SRIRPTCMPDSG [Thu Mar 16 10:24:23 2006] ...
End report SRIRPTCMPDSG [Thu Mar 16 10:39:14 2006].

Starting report SRIRPTREOCMNS [Thu Mar 16 11:34:14 2006] ...
End report SRIRPTREOCMNS [Thu Mar 16 11:34:23 2006].

Starting report SRIRPTREOCMNS [Thu Mar 16 11:35:31 2006] ...
End report SRIRPTREOCMNS [Thu Mar 16 12:36:41 2006].

Starting report SRIRPTREOCMNS [Thu Mar 16 12:37:01 2006] ...
End report SRIRPTREOCMNS [Thu Mar 16 12:37:44 2006].

Starting report srirptreocmns [Mon Apr 17 10:11:24 2006] ...
REP-0099: Report is aborted upon user request.
REP-0098: Report not run - user cancelled in the parameter form.
End report srirptreocmns [Mon Apr 17 10:11:43 2006].

Starting report srirptreocmns [Mon Apr 17 10:11:52 2006] ...
REP-0099: Report is aborted upon user request.
REP-0098: Report not run - user cancelled in the parameter form.
End report srirptreocmns [Mon Apr 17 10:11:56 2006].

Starting report rolrptsri [Mon Apr 17 10:11:58 2006] ...
REP-0110: Unable to open file 'rolrptsri'.
REP-1070: Error while opening or saving a document.
REP-0110: Unable to open file 'rolrptsri'.
End report rolrptsri [Mon Apr 17 10:11:58 2006].

Starting report srirptreocmns [Mon Apr 17 10:12:05 2006] ...
REP-0099: Report is aborted upon user request.
REP-0098: Report not run - user cancelled in the parameter form.
End report srirptreocmns [Mon Apr 17 10:12:08 2006].

Starting report srirptcmpdsg [Mon Apr 17 10:12:10 2006] ...
REP-0099: Report is aborted upon user request.
REP-0098: Report not run - user cancelled in the parameter form.
End report srirptcmpdsg [Mon Apr 17 10:12:18 2006].

Starting report SRIRPTATXML [Tue Jul 04 12:11:00 2006] ...
End report SRIRPTATXML [Tue Jul 04 12:11:02 2006].

Starting report SRIRPTATXML [Tue Jul 04 12:18:07 2006] ...
End report SRIRPTATXML [Tue Jul 04 12:18:08 2006].

Starting report SRIRPTATXML [Tue Jul 04 12:36:29 2006] ...
End report SRIRPTATXML [Tue Jul 04 12:36:30 2006].

Starting report SRIRPTATXML [Tue Jul 04 12:38:41 2006] ...
End report SRIRPTATXML [Tue Jul 04 12:38:42 2006].

Starting report SRIRPTATXML [Thu Jul 27 09:31:51 2006] ...
End report SRIRPTATXML [Thu Jul 27 09:31:56 2006].

Starting report SRIRPTCMPDSG [Thu Aug 24 14:42:37 2006] ...
End report SRIRPTCMPDSG [Thu Aug 24 14:42:47 2006].

Starting report SRIRPTCMPDSG [Thu Aug 24 15:01:40 2006] ...
End report SRIRPTCMPDSG [Thu Aug 24 15:01:47 2006].

Starting report SRIRPTCMPDSG [Thu Aug 24 15:35:20 2006] ...
End report SRIRPTCMPDSG [Thu Aug 24 15:35:37 2006].

Starting report SRIRPTCMPDSG [Thu Aug 24 15:35:51 2006] ...
End report SRIRPTCMPDSG [Thu Aug 24 15:35:57 2006].

Starting report SRIRPTVNTSRI [Tue Sep 19 12:44:59 2006] ...
End report SRIRPTVNTSRI [Tue Sep 19 12:45:10 2006].

Starting report SRIRPTVNTSRI [Tue Sep 19 12:45:13 2006] ...
REP-0099: Report is aborted upon user request.
REP-0098: Report not run - user cancelled in the parameter form.
End report SRIRPTVNTSRI [Tue Sep 19 12:48:09 2006].

Starting report SRIRPTVNTSRI [Tue Sep 19 12:48:13 2006] ...
End report SRIRPTVNTSRI [Tue Sep 19 12:48:17 2006].

Starting report SRIRPTVNTSRI [Tue Sep 19 12:48:57 2006] ...
End report SRIRPTVNTSRI [Tue Sep 19 12:51:14 2006].

Starting report SRIRPTCMPIVA12 [Tue Sep 19 14:16:45 2006] ...
End report SRIRPTCMPIVA12 [Tue Sep 19 14:16:57 2006].

Starting report SRIRPTCMPDSG [Tue Sep 19 14:17:10 2006] ...
End report SRIRPTCMPDSG [Tue Sep 19 14:18:34 2006].

Starting report SRIRPTCMPDSG [Tue Sep 19 14:18:40 2006] ...
End report SRIRPTCMPDSG [Tue Sep 19 14:18:43 2006].

Starting report SRIRPTCMPDSG [Tue Sep 19 14:29:47 2006] ...
End report SRIRPTCMPDSG [Tue Sep 19 14:30:01 2006].

Starting report SRIRPTCMPIVA12 [Wed Sep 20 15:39:35 2006] ...
End report SRIRPTCMPIVA12 [Wed Sep 20 15:39:56 2006].

Starting report SRIRPTVNTSRI [Mon Oct 16 10:44:13 2006] ...
End report SRIRPTVNTSRI [Mon Oct 16 11:00:53 2006].

Starting report SRIRPTCMPDSG [Mon Oct 16 11:03:50 2006] ...
End report SRIRPTCMPDSG [Mon Oct 16 11:04:40 2006].

Starting report SRIRPTCMPDSG [Mon Oct 16 11:12:26 2006] ...
End report SRIRPTCMPDSG [Mon Oct 16 11:12:57 2006].

Starting report SRIRPTATXML [Mon Oct 16 11:13:40 2006] ...
End report SRIRPTATXML [Mon Oct 16 11:13:46 2006].

Starting report SRIRPTATXML [Mon Oct 23 11:31:07 2006] ...
End report SRIRPTATXML [Mon Oct 23 11:31:13 2006].

Starting report SRIRPTCMPSRI [Tue Oct 24 11:16:09 2006] ...
REP-0099: Report is aborted upon user request.
REP-0098: Report not run - user cancelled in the parameter form.
End report SRIRPTCMPSRI [Tue Oct 24 11:16:37 2006].

Starting report SRIRPTVNTSRI [Tue Oct 24 11:22:42 2006] ...
REP-0099: Report is aborted upon user request.
REP-0098: Report not run - user cancelled in the parameter form.
End report SRIRPTVNTSRI [Tue Oct 24 11:22:48 2006].

Starting report SRIRPTCMPSRI [Tue Oct 24 11:59:42 2006] ...
REP-0099: Report is aborted upon user request.
REP-0098: Report not run - user cancelled in the parameter form.
End report SRIRPTCMPSRI [Tue Oct 24 11:59:49 2006].

Starting report SRIRPTCMPSRI [Tue Oct 24 12:02:18 2006] ...
End report SRIRPTCMPSRI [Tue Oct 24 12:02:25 2006].

Starting report SRIRPTCMPSRI [Tue Oct 24 12:02:28 2006] ...
End report SRIRPTCMPSRI [Tue Oct 24 12:02:40 2006].

Starting report SRIRPTCMPSRI [Tue Oct 24 12:03:30 2006] ...
End report SRIRPTCMPSRI [Tue Oct 24 12:03:35 2006].

Starting report SRIRPTCMPSRI [Tue Oct 24 12:03:37 2006] ...
End report SRIRPTCMPSRI [Tue Oct 24 12:03:42 2006].

Starting report SRIRPTCMPSRI [Tue Oct 24 12:03:43 2006] ...
End report SRIRPTCMPSRI [Tue Oct 24 12:03:52 2006].

Starting report SRIRPTCMPDSG [Tue Dec 05 10:31:08 2006] ...
End report SRIRPTCMPDSG [Tue Dec 05 10:38:05 2006].

Starting report SRIRPTREOCMNS [Tue Dec 05 12:23:29 2006] ...
REP-1203: Field 'F_BASE_IMPONIBLE2' references invalid column.
End report SRIRPTREOCMNS [Tue Dec 05 12:23:53 2006].

Starting report SRIRPTREOCMNS [Tue Dec 05 12:24:42 2006] ...
End report SRIRPTREOCMNS [Tue Dec 05 12:24:59 2006].

Starting report SRIRPTREOCMNS [Tue Dec 05 12:25:03 2006] ...
End report SRIRPTREOCMNS [Tue Dec 05 12:25:34 2006].

Starting report SRIRPTREOCMNS [Tue Dec 05 12:26:56 2006] ...
End report SRIRPTREOCMNS [Tue Dec 05 12:27:12 2006].

Starting report SRIRPTREOCMNS [Tue Dec 05 12:27:14 2006] ...
End report SRIRPTREOCMNS [Tue Dec 05 12:27:30 2006].

Starting report ACTFJORPTING [Tue Dec 05 13:29:22 2006] ...
End report ACTFJORPTING [Tue Dec 05 13:29:26 2006].

Starting report ACTFJORPTING [Tue Dec 05 13:32:23 2006] ...
End report ACTFJORPTING [Tue Dec 05 13:32:40 2006].

Starting report ACTFJORPTING [Tue Dec 05 13:32:46 2006] ...
End report ACTFJORPTING [Tue Dec 05 13:32:51 2006].

Starting report SRIRPTCMPIVA12 [Wed Dec 20 13:08:24 2006] ...
End report SRIRPTCMPIVA12 [Wed Dec 20 13:10:26 2006].

Starting report SRIRPTVNTSRI [Wed Dec 20 13:11:01 2006] ...
End report SRIRPTVNTSRI [Wed Dec 20 13:11:09 2006].

Starting report SRIRPTVNTSRI [Wed Dec 20 13:11:12 2006] ...
End report SRIRPTVNTSRI [Wed Dec 20 13:11:27 2006].

Starting report SRIRPTVNTSRI [Wed Dec 20 13:11:35 2006] ...
End report SRIRPTVNTSRI [Wed Dec 20 13:11:47 2006].
