Compiling package specification CG$SRIADMRNT1_GLOBALS... 
   No compilation errors.

Compiling procedure CGDV$POPULATE_DYNAMIC_LISTS... 
   No compilation errors.

Compiling procedure CGSF$CLR_IMPRNT_RTNFNTSRI_EMP_... 
   No compilation errors.

Compiling procedure CGFK$QRY_IMPRNT_RTNFNTSRI_EMP_... 
   No compilation errors.

Compiling procedure CGUV$CHK_RTNFNTSRI_PK... 
   No compilation errors.

Compiling procedure CGUV$CHK_RTNRLCDPN_PK... 
   No compilation errors.

Compiling procedure CGRI$CHK_RETENCIONES_FUENTE_SR... 
   No compilation errors.

Compiling function CGTE$CHECK_CONSTRAINT_VIO... 
   No compilation errors.

Compiling procedure CGTE$IMPRNT_ERRORS... 
   No compilation errors.

Compiling procedure CGTE$RNTRLCDPN_ERRORS... 
   No compilation errors.

Compiling procedure CGLY$DISPLAY_CANVASES... 
   No compilation errors.

Compiling procedure CGLY$GET_RELATED_CANVASES... 
   No compilation errors.

Compiling procedure CGLY$CANVAS_MANAGEMENT... 
   No compilation errors.

Compiling procedure CGBS$TOGGLE... 
   No compilation errors.

Compiling procedure CONFORMAR_LISTAS_DINAMICAS... 
   No compilation errors.

Compiling PRE-COMMIT trigger on form...
   No compilation errors.

Compiling QMS$CUSTOM_HELP trigger on form...
   No compilation errors.

Compiling POST-FORM trigger on form...
   No compilation errors.

Compiling CALENDAR_WROTE_DATE trigger on form...
   No compilation errors.

Compiling KEY-EXIT trigger on form...
   No compilation errors.

Compiling POST-FORMS-COMMIT trigger on form...
   No compilation errors.

Compiling KEY-CLRFRM trigger on form...
   No compilation errors.

Compiling KEY-HELP trigger on form...
   No compilation errors.

Compiling KEY-MENU trigger on form...
   No compilation errors.

Compiling ON-ERROR trigger on form...
   No compilation errors.

Compiling ON-MESSAGE trigger on form...
   No compilation errors.

Compiling PRE-FORM trigger on form...
   No compilation errors.

Compiling QUERY_FIND trigger on form...
   No compilation errors.

Compiling QMS$MENU_ITEM trigger on form...
   No compilation errors.

Compiling WHEN-NEW-BLOCK-INSTANCE trigger on form...
   No compilation errors.

Compiling WHEN-NEW-FORM-INSTANCE trigger on form...
   No compilation errors.

Compiling WHEN-WINDOW-CLOSED trigger on form...
   No compilation errors.

Compiling WHEN-WINDOW-ACTIVATED trigger on form...
   No compilation errors.

Compiling WHEN-WINDOW-RESIZED trigger on form...
   No compilation errors.

Compiling POST-TEXT-ITEM trigger on form...
   No compilation errors.

Compiling WHEN-FORM-NAVIGATE trigger on form...
   No compilation errors.

Compiling ON-CLEAR-DETAILS trigger on form...
   No compilation errors.

Compiling ON-POPULATE-DETAILS trigger on form...
   No compilation errors.

Compiling KEY-ENTQRY trigger on form...
   No compilation errors.

Compiling KEY-EXEQRY trigger on form...
   No compilation errors.

Compiling KEY-CQUERY trigger on form...
   No compilation errors.

Compiling KEY-CLRBLK trigger on form...
   No compilation errors.

Compiling KEY-CLRREC trigger on form...
   No compilation errors.

Compiling KEY-NXTKEY trigger on form...
   No compilation errors.

Compiling KEY-CLRREC trigger on QMS$TRANS_ERRORS data block...
   No compilation errors.

Compiling KEY-CREREC trigger on QMS$TRANS_ERRORS data block...
   No compilation errors.

Compiling KEY-DOWN trigger on QMS$TRANS_ERRORS data block...
   No compilation errors.

Compiling KEY-NXTREC trigger on QMS$TRANS_ERRORS data block...
   No compilation errors.

Compiling KEY-SCRDOWN trigger on QMS$TRANS_ERRORS data block...
   No compilation errors.

Compiling KEY-UP trigger on QMS$TRANS_ERRORS data block...
   No compilation errors.

Compiling KEY-PRVREC trigger on QMS$TRANS_ERRORS data block...
   No compilation errors.

Compiling KEY-SCRUP trigger on QMS$TRANS_ERRORS data block...
   No compilation errors.

Compiling ON-ERROR trigger on QMS$TRANS_ERRORS data block...
   No compilation errors.

Compiling PRE-BLOCK trigger on QMS$TRANS_ERRORS data block...
   No compilation errors.

Compiling WHEN-NEW-BLOCK-INSTANCE trigger on QMS$TRANS_ERRORS data block...
   No compilation errors.

Compiling ON-LOCK trigger on QMS$TRANS_ERRORS data block...
   No compilation errors.

Compiling WHEN-VALIDATE-RECORD trigger on QMS$TRANS_ERRORS data block...
   No compilation errors.

Compiling WHEN-BUTTON-PRESSED trigger on QMS$TRANS_ERRORS data block...
   No compilation errors.

Compiling WHEN-LIST-ACTIVATED trigger on QMS$TRANS_ERRORS data block...
   No compilation errors.

Compiling WHEN-NEW-ITEM-INSTANCE trigger on OK_BUTTON item in QMS$TRANS_ERRORS data block...
   No compilation errors.

Compiling WHEN-BUTTON-PRESSED trigger on OK_BUTTON item in QMS$TRANS_ERRORS data block...
   No compilation errors.

Compiling KEY-PREV-ITEM trigger on OK_BUTTON item in QMS$TRANS_ERRORS data block...
   No compilation errors.

Compiling WHEN-LIST-CHANGED trigger on MESSAGES item in QMS$TRANS_ERRORS data block...
   No compilation errors.

Compiling WHEN-NEW-ITEM-INSTANCE trigger on HELP_BUTTON item in QMS$TRANS_ERRORS data block...
   No compilation errors.

Compiling WHEN-BUTTON-PRESSED trigger on HELP_BUTTON item in QMS$TRANS_ERRORS data block...
   No compilation errors.

Compiling KEY-NEXT-ITEM trigger on HELP_BUTTON item in QMS$TRANS_ERRORS data block...
   No compilation errors.

Compiling WHEN-NEW-ITEM-INSTANCE trigger on OK_BUTTON_MODAL item in QMS$TRANS_ERRORS data block...
   No compilation errors.

Compiling WHEN-BUTTON-PRESSED trigger on OK_BUTTON_MODAL item in QMS$TRANS_ERRORS data block...
   No compilation errors.

Compiling KEY-PREV-ITEM trigger on OK_BUTTON_MODAL item in QMS$TRANS_ERRORS data block...
   No compilation errors.

Compiling WHEN-LIST-CHANGED trigger on MESSAGES_MODAL item in QMS$TRANS_ERRORS data block...
   No compilation errors.

Compiling WHEN-NEW-ITEM-INSTANCE trigger on HELP_BUTTON_MODAL item in QMS$TRANS_ERRORS data block...
   No compilation errors.

Compiling WHEN-BUTTON-PRESSED trigger on HELP_BUTTON_MODAL item in QMS$TRANS_ERRORS data block...
   No compilation errors.

Compiling KEY-NEXT-ITEM trigger on HELP_BUTTON_MODAL item in QMS$TRANS_ERRORS data block...
   No compilation errors.

Compiling WHEN-NEW-ITEM-INSTANCE trigger on RETURN_TO_BLOCK item in QMS$TRANS_ERRORS data block...
   No compilation errors.

Compiling WHEN-RADIO-CHANGED trigger on CALENDAR data block...
   No compilation errors.

Compiling KEY-OTHERS trigger on CALENDAR data block...
   No compilation errors.

Compiling KEY-NEXT-ITEM trigger on CALENDAR data block...
   No compilation errors.

Compiling KEY-PREV-ITEM trigger on CALENDAR data block...
   No compilation errors.

Compiling KEY-ENTER trigger on CALENDAR data block...
   No compilation errors.

Compiling WHEN-BUTTON-PRESSED trigger on CALENDAR data block...
   No compilation errors.

Compiling WHEN-LIST-CHANGED trigger on CALENDAR data block...
   No compilation errors.

Compiling WHEN-MOUSE-CLICK trigger on CALENDAR data block...
   No compilation errors.

Compiling KEY-DOWN trigger on CALENDAR data block...
   No compilation errors.

Compiling KEY-UP trigger on CALENDAR data block...
   No compilation errors.

Compiling KEY-NXTREC trigger on CALENDAR data block...
   No compilation errors.

Compiling KEY-PRVREC trigger on CALENDAR data block...
   No compilation errors.

Compiling WHEN-MOUSE-DOUBLECLICK trigger on CALENDAR data block...
   No compilation errors.

Compiling WHEN-NEW-ITEM-INSTANCE trigger on HOUR item in CALENDAR data block...
   No compilation errors.

Compiling WHEN-NEW-ITEM-INSTANCE trigger on MINUTE item in CALENDAR data block...
   No compilation errors.

Compiling WHEN-NEW-ITEM-INSTANCE trigger on OK item in CALENDAR data block...
   No compilation errors.

Compiling WHEN-BUTTON-PRESSED trigger on OK item in CALENDAR data block...
   No compilation errors.

Compiling KEY-PREV-ITEM trigger on OK item in CALENDAR data block...
   No compilation errors.

Compiling WHEN-NEW-ITEM-INSTANCE trigger on CANCEL item in CALENDAR data block...
   No compilation errors.

Compiling WHEN-BUTTON-PRESSED trigger on CANCEL item in CALENDAR data block...
   No compilation errors.

Compiling KEY-NEXT-ITEM trigger on MONTH_AND_YEAR item in CALENDAR data block...
   No compilation errors.

Compiling WHEN-MOUSE-CLICK trigger on PREV_MONTH item in CALENDAR data block...
   No compilation errors.

Compiling WHEN-MOUSE-CLICK trigger on NEXT_MONTH item in CALENDAR data block...
   No compilation errors.

Compiling WHEN-MOUSE-CLICK trigger on NEXT_YEAR item in CALENDAR data block...
   No compilation errors.

Compiling WHEN-MOUSE-CLICK trigger on PREV_YEAR item in CALENDAR data block...
   No compilation errors.

Compiling WHEN-NEW-ITEM-INSTANCE trigger on AM_PM item in CALENDAR data block...
   No compilation errors.

Compiling WHEN-BUTTON-PRESSED trigger on QMS$TOOLBAR data block...
   No compilation errors.

Compiling WHEN-LIST-CHANGED trigger on ORDER_BY item in QMS$TOOLBAR data block...
   No compilation errors.

Compiling ON-LOCK trigger on IMPRNT data block...
   No compilation errors.

Compiling POST-INSERT trigger on IMPRNT data block...
   No compilation errors.

Compiling POST-QUERY trigger on IMPRNT data block...
   No compilation errors.

Compiling PRE-BLOCK trigger on IMPRNT data block...
   No compilation errors.

Compiling PRE-QUERY trigger on IMPRNT data block...
   No compilation errors.

Compiling WHEN-DATABASE-RECORD trigger on IMPRNT data block...
   No compilation errors.

Compiling WHEN-NEW-BLOCK-INSTANCE trigger on IMPRNT data block...
   No compilation errors.

Compiling WHEN-NEW-RECORD-INSTANCE trigger on IMPRNT data block...
   No compilation errors.

Compiling WHEN-REMOVE-RECORD trigger on IMPRNT data block...
   No compilation errors.

Compiling POST-SELECT trigger on IMPRNT data block...
   No compilation errors.

Compiling KEY-DELREC trigger on IMPRNT data block...
   No compilation errors.

Compiling ON-ERROR trigger on IMPRNT data block...
   No compilation errors.

Compiling KEY-COMMIT trigger on IMPRNT data block...
   No compilation errors.

Compiling WHEN-NEW-ITEM-INSTANCE trigger on REC_ACTUAL item in IMPRNT data block...
   No compilation errors.

Compiling WHEN-NEW-ITEM-INSTANCE trigger on L_EMP_RUC item in IMPRNT data block...
   No compilation errors.

Compiling WHEN-NEW-ITEM-INSTANCE trigger on EMP_CODIGO item in IMPRNT data block...
   No compilation errors.

Compiling WHEN-VALIDATE-ITEM trigger on EMP_CODIGO item in IMPRNT data block...
   No compilation errors.

Compiling KEY-PREV-ITEM trigger on EMP_CODIGO item in IMPRNT data block...
   No compilation errors.

Compiling WHEN-NEW-ITEM-INSTANCE trigger on ANIO item in IMPRNT data block...
   No compilation errors.

Compiling WHEN-VALIDATE-ITEM trigger on ANIO item in IMPRNT data block...
   No compilation errors.

Compiling WHEN-NEW-ITEM-INSTANCE trigger on L_EMP_NOMBRE_LEGAL item in IMPRNT data block...
   No compilation errors.

Compiling WHEN-NEW-ITEM-INSTANCE trigger on L_EMP_TELEFONO item in IMPRNT data block...
   No compilation errors.

Compiling WHEN-NEW-ITEM-INSTANCE trigger on L_EMP_FAX item in IMPRNT data block...
   No compilation errors.

Compiling WHEN-NEW-ITEM-INSTANCE trigger on L_EMP_EMAIL item in IMPRNT data block...
   No compilation errors.

Compiling WHEN-NEW-ITEM-INSTANCE trigger on L_EMP_DIRECCION item in IMPRNT data block...
   No compilation errors.

Compiling WHEN-NEW-ITEM-INSTANCE trigger on OBSERVACIONES item in IMPRNT data block...
   No compilation errors.

Compiling WHEN-NEW-ITEM-INSTANCE trigger on ESTADO_CIERRE item in IMPRNT data block...
   No compilation errors.

Compiling KEY-NEXT-ITEM trigger on ESTADO_CIERRE item in IMPRNT data block...
   No compilation errors.

Compiling WHEN-LIST-CHANGED trigger on ESTADO_CIERRE item in IMPRNT data block...
   No compilation errors.

Compiling WHEN-NEW-ITEM-INSTANCE trigger on TIPO item in IMPRNT data block...
   No compilation errors.

Compiling ON-LOCK trigger on RNTRLCDPN data block...
   No compilation errors.

Compiling POST-INSERT trigger on RNTRLCDPN data block...
   No compilation errors.

Compiling POST-QUERY trigger on RNTRLCDPN data block...
   No compilation errors.

Compiling PRE-BLOCK trigger on RNTRLCDPN data block...
   No compilation errors.

Compiling PRE-QUERY trigger on RNTRLCDPN data block...
   No compilation errors.

Compiling WHEN-DATABASE-RECORD trigger on RNTRLCDPN data block...
   No compilation errors.

Compiling WHEN-NEW-BLOCK-INSTANCE trigger on RNTRLCDPN data block...
   No compilation errors.

Compiling WHEN-NEW-RECORD-INSTANCE trigger on RNTRLCDPN data block...
   No compilation errors.

Compiling WHEN-REMOVE-RECORD trigger on RNTRLCDPN data block...
   No compilation errors.

Compiling POST-SELECT trigger on RNTRLCDPN data block...
   No compilation errors.

Compiling ON-ERROR trigger on RNTRLCDPN data block...
   No compilation errors.

Compiling PRE-INSERT trigger on RNTRLCDPN data block...
   No compilation errors.

Compiling WHEN-NEW-ITEM-INSTANCE trigger on REC_ACTUAL item in RNTRLCDPN data block...
   No compilation errors.

Compiling WHEN-NEW-ITEM-INSTANCE trigger on IDENTIFICACION_EMP item in RNTRLCDPN data block...
   No compilation errors.

Compiling WHEN-VALIDATE-ITEM trigger on IDENTIFICACION_EMP item in RNTRLCDPN data block...
   No compilation errors.

Compiling KEY-PREV-ITEM trigger on IDENTIFICACION_EMP item in RNTRLCDPN data block...
   No compilation errors.

Compiling WHEN-NEW-ITEM-INSTANCE trigger on TIPO_IDENTIFICACION item in RNTRLCDPN data block...
   No compilation errors.

Compiling WHEN-NEW-ITEM-INSTANCE trigger on EMPLEADO item in RNTRLCDPN data block...
   No compilation errors.

Compiling WHEN-NEW-ITEM-INSTANCE trigger on RTNFNT_EMP_CODIGO item in RNTRLCDPN data block...
   No compilation errors.

Compiling WHEN-NEW-ITEM-INSTANCE trigger on RTNFNT_ANIO item in RNTRLCDPN data block...
   No compilation errors.

Compiling WHEN-NEW-ITEM-INSTANCE trigger on RTNFNT_TIPO item in RNTRLCDPN data block...
   No compilation errors.

Compiling WHEN-NEW-ITEM-INSTANCE trigger on DIRECCION_CALLE item in RNTRLCDPN data block...
   No compilation errors.

Compiling WHEN-NEW-ITEM-INSTANCE trigger on DIRECCION_NUMERO item in RNTRLCDPN data block...
   No compilation errors.

Compiling WHEN-NEW-ITEM-INSTANCE trigger on CIUDAD item in RNTRLCDPN data block...
   No compilation errors.

Compiling WHEN-NEW-ITEM-INSTANCE trigger on PROVINCIA item in RNTRLCDPN data block...
   No compilation errors.

Compiling WHEN-NEW-ITEM-INSTANCE trigger on TELEFONO item in RNTRLCDPN data block...
   No compilation errors.

Compiling WHEN-NEW-ITEM-INSTANCE trigger on SISTEMA_SALARIO_NETO item in RNTRLCDPN data block...
   No compilation errors.

Compiling WHEN-NEW-ITEM-INSTANCE trigger on INGRESOS_LIQUIDOS item in RNTRLCDPN data block...
   No compilation errors.

Compiling WHEN-NEW-ITEM-INSTANCE trigger on APORTE_IESS item in RNTRLCDPN data block...
   No compilation errors.

Compiling WHEN-NEW-ITEM-INSTANCE trigger on BASE_IMPONIBLE item in RNTRLCDPN data block...
   No compilation errors.

Compiling WHEN-NEW-ITEM-INSTANCE trigger on VALOR_RETENCION item in RNTRLCDPN data block...
   No compilation errors.

Compiling WHEN-NEW-ITEM-INSTANCE trigger on NUMERO_RETENCIONES item in RNTRLCDPN data block...
   No compilation errors.

Compiling KEY-NEXT-ITEM trigger on NUMERO_RETENCIONES item in RNTRLCDPN data block...
   No compilation errors.

Compiling WHEN-NEW-ITEM-INSTANCE trigger on USUARIO item in RNTRLCDPN data block...
   No compilation errors.

Compiling WHEN-NEW-ITEM-INSTANCE trigger on SISTEMA_GENERA item in RNTRLCDPN data block...
   No compilation errors.

Compiling KEY-CLRREC trigger on CG$CTRL data block...
   No compilation errors.

Compiling KEY-CREREC trigger on CG$CTRL data block...
   No compilation errors.

Compiling KEY-DOWN trigger on CG$CTRL data block...
   No compilation errors.

Compiling KEY-NXTREC trigger on CG$CTRL data block...
   No compilation errors.

Compiling KEY-SCRDOWN trigger on CG$CTRL data block...
   No compilation errors.

Compiling KEY-UP trigger on CG$CTRL data block...
   No compilation errors.

Compiling KEY-PRVREC trigger on CG$CTRL data block...
   No compilation errors.

Compiling KEY-SCRUP trigger on CG$CTRL data block...
   No compilation errors.

Compiling ON-ERROR trigger on CG$CTRL data block...
   No compilation errors.

Compiling PRE-BLOCK trigger on CG$CTRL data block...
   No compilation errors.

Compiling WHEN-NEW-BLOCK-INSTANCE trigger on CG$CTRL data block...
   No compilation errors.

Compiling WHEN-NEW-ITEM-INSTANCE trigger on CG$PAGE_1_LIST item in CG$CTRL data block...
   No compilation errors.

Compiling WHEN-NEW-ITEM-INSTANCE trigger on CG$WINDOWQMS$TRANS_ERRORS_PAGE item in CG$CTRL data block...
   No compilation errors.

Compiling WHEN-NEW-ITEM-INSTANCE trigger on CG$WINDOWRELACION_DEPENDENCIA_ item in CG$CTRL data block...
   No compilation errors.

Compiling WHEN-NEW-ITEM-INSTANCE trigger on CG$WINDOWQMS$TRANS_ERRORS_MODA item in CG$CTRL data block...
   No compilation errors.

Compiling WHEN-NEW-ITEM-INSTANCE trigger on CG$WINDOWCALENDAR_PAGE item in CG$CTRL data block...
   No compilation errors.

Compiling WHEN-NEW-ITEM-INSTANCE trigger on CG$WINDOWQMS$HIDDEN_ITEMS_PAGE item in CG$CTRL data block...
   No compilation errors.

Compiling WHEN-NEW-ITEM-INSTANCE trigger on CG$LAST_CANVAS item in CG$CTRL data block...
   No compilation errors.


Created form file M:\sas\bin\sri\frm\sriadmrnt1.fmx
