Compiling package specification CG$SRIADMIMP_GLOBALS... 
   No compilation errors.

Compiling procedure CGDV$POPULATE_DYNAMIC_LISTS... 
   No compilation errors.

Compiling procedure CGSF$CLR_IVA_IVA_EMP_FK... 
   No compilation errors.

Compiling procedure CGFK$QRY_IVA_IVA_EMP_FK... 
   No compilation errors.

Compiling procedure CGUV$CHK_IVA_PK... 
   No compilation errors.

Compiling procedure CGUI$GET_NEXT_IMPSRI_SEQ... 
   No compilation errors.

Compiling procedure CGSF$CLR_RTNIMPSRI_RTNIMPSRI_T... 
   No compilation errors.

Compiling procedure CGFK$CHK_RTNIMPSRI_RTNIMPSRI_T... 
   No compilation errors.

Compiling procedure CGFK$QRY_RTNIMPSRI_RTNIMPSRI_T... 
   No compilation errors.

Compiling procedure CGUV$CHK_DTLCMPAFC_PK... 
   No compilation errors.

Compiling procedure CGRI$CHK_IMPORTACIONES_NC_ND_S... 
   No compilation errors.

Compiling function CGTE$CHECK_CONSTRAINT_VIO... 
   No compilation errors.

Compiling procedure CGTE$IVA_ERRORS... 
   No compilation errors.

Compiling procedure CGTE$IMPSRI_ERRORS... 
   No compilation errors.

Compiling procedure CGTE$RTNIMPSRI_ERRORS... 
   No compilation errors.

Compiling procedure CGLY$DISPLAY_CANVASES... 
   No compilation errors.

Compiling procedure CGLY$GET_RELATED_CANVASES... 
   No compilation errors.

Compiling procedure CGLY$CANVAS_MANAGEMENT... 
   No compilation errors.

Compiling procedure CGBS$TOGGLE... 
   No compilation errors.

Compiling procedure CONFORMAR_LISTAS_DINAMICAS... 
   No compilation errors.

Compiling PRE-COMMIT trigger on form...
   No compilation errors.

Compiling QMS$CUSTOM_HELP trigger on form...
   No compilation errors.

Compiling POST-FORM trigger on form...
   No compilation errors.

Compiling CALENDAR_WROTE_DATE trigger on form...
   No compilation errors.

Compiling KEY-EXIT trigger on form...
   No compilation errors.

Compiling POST-FORMS-COMMIT trigger on form...
   No compilation errors.

Compiling KEY-CLRFRM trigger on form...
   No compilation errors.

Compiling KEY-HELP trigger on form...
   No compilation errors.

Compiling KEY-MENU trigger on form...
   No compilation errors.

Compiling ON-ERROR trigger on form...
   No compilation errors.

Compiling ON-MESSAGE trigger on form...
   No compilation errors.

Compiling PRE-FORM trigger on form...
   No compilation errors.

Compiling QUERY_FIND trigger on form...
   No compilation errors.

Compiling QMS$MENU_ITEM trigger on form...
   No compilation errors.

Compiling WHEN-NEW-BLOCK-INSTANCE trigger on form...
   No compilation errors.

Compiling WHEN-NEW-FORM-INSTANCE trigger on form...
   No compilation errors.

Compiling WHEN-WINDOW-CLOSED trigger on form...
   No compilation errors.

Compiling WHEN-WINDOW-ACTIVATED trigger on form...
   No compilation errors.

Compiling WHEN-WINDOW-RESIZED trigger on form...
   No compilation errors.

Compiling POST-TEXT-ITEM trigger on form...
   No compilation errors.

Compiling WHEN-FORM-NAVIGATE trigger on form...
   No compilation errors.

Compiling ON-CLEAR-DETAILS trigger on form...
   No compilation errors.

Compiling ON-POPULATE-DETAILS trigger on form...
   No compilation errors.

Compiling KEY-ENTQRY trigger on form...
   No compilation errors.

Compiling KEY-EXEQRY trigger on form...
   No compilation errors.

Compiling KEY-CQUERY trigger on form...
   No compilation errors.

Compiling KEY-CLRBLK trigger on form...
   No compilation errors.

Compiling KEY-CLRREC trigger on form...
   No compilation errors.

Compiling KEY-NXTKEY trigger on form...
   No compilation errors.

Compiling KEY-CLRREC trigger on QMS$TRANS_ERRORS data block...
   No compilation errors.

Compiling KEY-CREREC trigger on QMS$TRANS_ERRORS data block...
   No compilation errors.

Compiling KEY-DOWN trigger on QMS$TRANS_ERRORS data block...
   No compilation errors.

Compiling KEY-NXTREC trigger on QMS$TRANS_ERRORS data block...
   No compilation errors.

Compiling KEY-SCRDOWN trigger on QMS$TRANS_ERRORS data block...
   No compilation errors.

Compiling KEY-UP trigger on QMS$TRANS_ERRORS data block...
   No compilation errors.

Compiling KEY-PRVREC trigger on QMS$TRANS_ERRORS data block...
   No compilation errors.

Compiling KEY-SCRUP trigger on QMS$TRANS_ERRORS data block...
   No compilation errors.

Compiling ON-ERROR trigger on QMS$TRANS_ERRORS data block...
   No compilation errors.

Compiling PRE-BLOCK trigger on QMS$TRANS_ERRORS data block...
   No compilation errors.

Compiling WHEN-NEW-BLOCK-INSTANCE trigger on QMS$TRANS_ERRORS data block...
   No compilation errors.

Compiling ON-LOCK trigger on QMS$TRANS_ERRORS data block...
   No compilation errors.

Compiling WHEN-VALIDATE-RECORD trigger on QMS$TRANS_ERRORS data block...
   No compilation errors.

Compiling WHEN-BUTTON-PRESSED trigger on QMS$TRANS_ERRORS data block...
   No compilation errors.

Compiling WHEN-LIST-ACTIVATED trigger on QMS$TRANS_ERRORS data block...
   No compilation errors.

Compiling WHEN-NEW-ITEM-INSTANCE trigger on OK_BUTTON item in QMS$TRANS_ERRORS data block...
   No compilation errors.

Compiling WHEN-BUTTON-PRESSED trigger on OK_BUTTON item in QMS$TRANS_ERRORS data block...
   No compilation errors.

Compiling KEY-PREV-ITEM trigger on OK_BUTTON item in QMS$TRANS_ERRORS data block...
   No compilation errors.

Compiling WHEN-LIST-CHANGED trigger on MESSAGES item in QMS$TRANS_ERRORS data block...
   No compilation errors.

Compiling WHEN-NEW-ITEM-INSTANCE trigger on HELP_BUTTON item in QMS$TRANS_ERRORS data block...
   No compilation errors.

Compiling WHEN-BUTTON-PRESSED trigger on HELP_BUTTON item in QMS$TRANS_ERRORS data block...
   No compilation errors.

Compiling KEY-NEXT-ITEM trigger on HELP_BUTTON item in QMS$TRANS_ERRORS data block...
   No compilation errors.

Compiling WHEN-NEW-ITEM-INSTANCE trigger on OK_BUTTON_MODAL item in QMS$TRANS_ERRORS data block...
   No compilation errors.

Compiling WHEN-BUTTON-PRESSED trigger on OK_BUTTON_MODAL item in QMS$TRANS_ERRORS data block...
   No compilation errors.

Compiling KEY-PREV-ITEM trigger on OK_BUTTON_MODAL item in QMS$TRANS_ERRORS data block...
   No compilation errors.

Compiling WHEN-LIST-CHANGED trigger on MESSAGES_MODAL item in QMS$TRANS_ERRORS data block...
   No compilation errors.

Compiling WHEN-NEW-ITEM-INSTANCE trigger on HELP_BUTTON_MODAL item in QMS$TRANS_ERRORS data block...
   No compilation errors.

Compiling WHEN-BUTTON-PRESSED trigger on HELP_BUTTON_MODAL item in QMS$TRANS_ERRORS data block...
   No compilation errors.

Compiling KEY-NEXT-ITEM trigger on HELP_BUTTON_MODAL item in QMS$TRANS_ERRORS data block...
   No compilation errors.

Compiling WHEN-NEW-ITEM-INSTANCE trigger on RETURN_TO_BLOCK item in QMS$TRANS_ERRORS data block...
   No compilation errors.

Compiling WHEN-RADIO-CHANGED trigger on CALENDAR data block...
   No compilation errors.

Compiling KEY-OTHERS trigger on CALENDAR data block...
   No compilation errors.

Compiling KEY-NEXT-ITEM trigger on CALENDAR data block...
   No compilation errors.

Compiling KEY-PREV-ITEM trigger on CALENDAR data block...
   No compilation errors.

Compiling KEY-ENTER trigger on CALENDAR data block...
   No compilation errors.

Compiling WHEN-BUTTON-PRESSED trigger on CALENDAR data block...
   No compilation errors.

Compiling WHEN-LIST-CHANGED trigger on CALENDAR data block...
   No compilation errors.

Compiling WHEN-MOUSE-CLICK trigger on CALENDAR data block...
   No compilation errors.

Compiling KEY-DOWN trigger on CALENDAR data block...
   No compilation errors.

Compiling KEY-UP trigger on CALENDAR data block...
   No compilation errors.

Compiling KEY-NXTREC trigger on CALENDAR data block...
   No compilation errors.

Compiling KEY-PRVREC trigger on CALENDAR data block...
   No compilation errors.

Compiling WHEN-MOUSE-DOUBLECLICK trigger on CALENDAR data block...
   No compilation errors.

Compiling WHEN-NEW-ITEM-INSTANCE trigger on HOUR item in CALENDAR data block...
   No compilation errors.

Compiling WHEN-NEW-ITEM-INSTANCE trigger on MINUTE item in CALENDAR data block...
   No compilation errors.

Compiling WHEN-NEW-ITEM-INSTANCE trigger on OK item in CALENDAR data block...
   No compilation errors.

Compiling WHEN-BUTTON-PRESSED trigger on OK item in CALENDAR data block...
   No compilation errors.

Compiling KEY-PREV-ITEM trigger on OK item in CALENDAR data block...
   No compilation errors.

Compiling WHEN-NEW-ITEM-INSTANCE trigger on CANCEL item in CALENDAR data block...
   No compilation errors.

Compiling WHEN-BUTTON-PRESSED trigger on CANCEL item in CALENDAR data block...
   No compilation errors.

Compiling KEY-NEXT-ITEM trigger on MONTH_AND_YEAR item in CALENDAR data block...
   No compilation errors.

Compiling WHEN-MOUSE-CLICK trigger on PREV_MONTH item in CALENDAR data block...
   No compilation errors.

Compiling WHEN-MOUSE-CLICK trigger on NEXT_MONTH item in CALENDAR data block...
   No compilation errors.

Compiling WHEN-MOUSE-CLICK trigger on NEXT_YEAR item in CALENDAR data block...
   No compilation errors.

Compiling WHEN-MOUSE-CLICK trigger on PREV_YEAR item in CALENDAR data block...
   No compilation errors.

Compiling WHEN-NEW-ITEM-INSTANCE trigger on AM_PM item in CALENDAR data block...
   No compilation errors.

Compiling WHEN-BUTTON-PRESSED trigger on QMS$TOOLBAR data block...
   No compilation errors.

Compiling WHEN-LIST-CHANGED trigger on ORDER_BY item in QMS$TOOLBAR data block...
   No compilation errors.

Compiling ON-LOCK trigger on IVA data block...
   No compilation errors.

Compiling POST-INSERT trigger on IVA data block...
   No compilation errors.

Compiling POST-QUERY trigger on IVA data block...
   No compilation errors.

Compiling PRE-BLOCK trigger on IVA data block...
   No compilation errors.

Compiling PRE-QUERY trigger on IVA data block...
   No compilation errors.

Compiling WHEN-DATABASE-RECORD trigger on IVA data block...
   No compilation errors.

Compiling WHEN-NEW-BLOCK-INSTANCE trigger on IVA data block...
   No compilation errors.

Compiling WHEN-NEW-RECORD-INSTANCE trigger on IVA data block...
   No compilation errors.

Compiling WHEN-REMOVE-RECORD trigger on IVA data block...
   No compilation errors.

Compiling POST-SELECT trigger on IVA data block...
   No compilation errors.

Compiling ON-ERROR trigger on IVA data block...
   No compilation errors.

Compiling WHEN-NEW-ITEM-INSTANCE trigger on REC_ACTUAL item in IVA data block...
   No compilation errors.

Compiling WHEN-NEW-ITEM-INSTANCE trigger on EMP_CODIGO item in IVA data block...
   No compilation errors.

Compiling WHEN-VALIDATE-ITEM trigger on EMP_CODIGO item in IVA data block...
   No compilation errors.

Compiling KEY-PREV-ITEM trigger on EMP_CODIGO item in IVA data block...
   No compilation errors.

Compiling WHEN-NEW-ITEM-INSTANCE trigger on RUC item in IVA data block...
   No compilation errors.

Compiling WHEN-NEW-ITEM-INSTANCE trigger on ANIO item in IVA data block...
   No compilation errors.

Compiling WHEN-VALIDATE-ITEM trigger on ANIO item in IVA data block...
   No compilation errors.

Compiling WHEN-NEW-ITEM-INSTANCE trigger on MES item in IVA data block...
   No compilation errors.

Compiling WHEN-VALIDATE-ITEM trigger on MES item in IVA data block...
   No compilation errors.

Compiling WHEN-NEW-ITEM-INSTANCE trigger on PERIODO item in IVA data block...
   No compilation errors.

Compiling WHEN-NEW-ITEM-INSTANCE trigger on NOMBRE_LEGAL item in IVA data block...
   No compilation errors.

Compiling WHEN-NEW-ITEM-INSTANCE trigger on TELEFONO item in IVA data block...
   No compilation errors.

Compiling WHEN-NEW-ITEM-INSTANCE trigger on FAX item in IVA data block...
   No compilation errors.

Compiling WHEN-NEW-ITEM-INSTANCE trigger on EMAIL item in IVA data block...
   No compilation errors.

Compiling WHEN-NEW-ITEM-INSTANCE trigger on OBSERVACIONES item in IVA data block...
   No compilation errors.

Compiling KEY-NEXT-ITEM trigger on OBSERVACIONES item in IVA data block...
   No compilation errors.

Compiling ON-LOCK trigger on IMPSRI data block...
   No compilation errors.

Compiling POST-INSERT trigger on IMPSRI data block...
   No compilation errors.

Compiling POST-QUERY trigger on IMPSRI data block...
   No compilation errors.

Compiling PRE-BLOCK trigger on IMPSRI data block...
   No compilation errors.

Compiling PRE-QUERY trigger on IMPSRI data block...
   No compilation errors.

Compiling WHEN-DATABASE-RECORD trigger on IMPSRI data block...
   No compilation errors.

Compiling WHEN-NEW-BLOCK-INSTANCE trigger on IMPSRI data block...
   No compilation errors.

Compiling WHEN-NEW-RECORD-INSTANCE trigger on IMPSRI data block...
   No compilation errors.

Compiling WHEN-REMOVE-RECORD trigger on IMPSRI data block...
   No compilation errors.

Compiling POST-SELECT trigger on IMPSRI data block...
   No compilation errors.

Compiling PRE-INSERT trigger on IMPSRI data block...
   No compilation errors.

Compiling KEY-DUPREC trigger on IMPSRI data block...
   No compilation errors.

Compiling KEY-DELREC trigger on IMPSRI data block...
   No compilation errors.

Compiling ON-ERROR trigger on IMPSRI data block...
   No compilation errors.

Compiling WHEN-NEW-ITEM-INSTANCE trigger on REC_ACTUAL item in IMPSRI data block...
   No compilation errors.

Compiling WHEN-NEW-ITEM-INSTANCE trigger on IMPSRI_EMP_CODIGO item in IMPSRI data block...
   No compilation errors.

Compiling WHEN-NEW-ITEM-INSTANCE trigger on IMPSRI_PERIODO item in IMPSRI data block...
   No compilation errors.

Compiling WHEN-NEW-ITEM-INSTANCE trigger on FECHA_COMPROBANTE item in IMPSRI data block...
   No compilation errors.

Compiling KEY-LISTVAL trigger on FECHA_COMPROBANTE item in IMPSRI data block...
   No compilation errors.

Compiling KEY-PREV-ITEM trigger on FECHA_COMPROBANTE item in IMPSRI data block...
   No compilation errors.

Compiling WHEN-NEW-ITEM-INSTANCE trigger on CODIGO_TIPO_COMPROBANTE item in IMPSRI data block...
   No compilation errors.

Compiling WHEN-VALIDATE-ITEM trigger on CODIGO_TIPO_COMPROBANTE item in IMPSRI data block...
   No compilation errors.

Compiling WHEN-NEW-ITEM-INSTANCE trigger on TIPO2 item in IMPSRI data block...
   No compilation errors.

Compiling WHEN-NEW-ITEM-INSTANCE trigger on NUMERO_REFRENDO_DA2 item in IMPSRI data block...
   No compilation errors.

Compiling WHEN-NEW-ITEM-INSTANCE trigger on NUMERO_REFRENDO_A2 item in IMPSRI data block...
   No compilation errors.

Compiling WHEN-NEW-ITEM-INSTANCE trigger on NUMERO_REFRENDO_R2 item in IMPSRI data block...
   No compilation errors.

Compiling WHEN-NEW-ITEM-INSTANCE trigger on NUMERO_REFRENDO_C2 item in IMPSRI data block...
   No compilation errors.

Compiling WHEN-NEW-ITEM-INSTANCE trigger on NUMERO_REFRENDO_V2 item in IMPSRI data block...
   No compilation errors.

Compiling WHEN-NEW-ITEM-INSTANCE trigger on IDENTIFICACION_PRV2 item in IMPSRI data block...
   No compilation errors.

Compiling WHEN-VALIDATE-ITEM trigger on IDENTIFICACION_PRV2 item in IMPSRI data block...
   No compilation errors.

Compiling WHEN-NEW-ITEM-INSTANCE trigger on RAZON_SOCIAL2 item in IMPSRI data block...
   No compilation errors.

Compiling WHEN-NEW-ITEM-INSTANCE trigger on TIPO_PROVEEDOR2 item in IMPSRI data block...
   No compilation errors.

Compiling WHEN-NEW-ITEM-INSTANCE trigger on MONTO_CIF item in IMPSRI data block...
   No compilation errors.

Compiling WHEN-NEW-ITEM-INSTANCE trigger on BASE_IMPONIBLE_CERO2 item in IMPSRI data block...
   No compilation errors.

Compiling WHEN-NEW-ITEM-INSTANCE trigger on ID_CREDITO_GASTO item in IMPSRI data block...
   No compilation errors.

Compiling WHEN-NEW-ITEM-INSTANCE trigger on BASE_IMPONIBLE_IVA2 item in IMPSRI data block...
   No compilation errors.

Compiling WHEN-NEW-ITEM-INSTANCE trigger on CODIGO_TARIFA_IVA2 item in IMPSRI data block...
   No compilation errors.

Compiling WHEN-NEW-ITEM-INSTANCE trigger on MONTO_IVA item in IMPSRI data block...
   No compilation errors.

Compiling WHEN-NEW-ITEM-INSTANCE trigger on BASE_IMPONIBLE_ICE2 item in IMPSRI data block...
   No compilation errors.

Compiling WHEN-NEW-ITEM-INSTANCE trigger on CODIGO_TARIFA_ICE item in IMPSRI data block...
   No compilation errors.

Compiling WHEN-NEW-ITEM-INSTANCE trigger on MONTO_ICE item in IMPSRI data block...
   No compilation errors.

Compiling KEY-NEXT-ITEM trigger on MONTO_ICE item in IMPSRI data block...
   No compilation errors.

Compiling WHEN-NEW-ITEM-INSTANCE trigger on USUARIO item in IMPSRI data block...
   No compilation errors.

Compiling WHEN-NEW-ITEM-INSTANCE trigger on SISTEMA_GENERA item in IMPSRI data block...
   No compilation errors.

Compiling WHEN-NEW-ITEM-INSTANCE trigger on NUMERO item in IMPSRI data block...
   No compilation errors.

Compiling ON-LOCK trigger on RTNIMPSRI data block...
   No compilation errors.

Compiling POST-INSERT trigger on RTNIMPSRI data block...
   No compilation errors.

Compiling POST-QUERY trigger on RTNIMPSRI data block...
   No compilation errors.

Compiling PRE-BLOCK trigger on RTNIMPSRI data block...
   No compilation errors.

Compiling PRE-QUERY trigger on RTNIMPSRI data block...
   No compilation errors.

Compiling WHEN-DATABASE-RECORD trigger on RTNIMPSRI data block...
   No compilation errors.

Compiling WHEN-NEW-BLOCK-INSTANCE trigger on RTNIMPSRI data block...
   No compilation errors.

Compiling WHEN-NEW-RECORD-INSTANCE trigger on RTNIMPSRI data block...
   No compilation errors.

Compiling WHEN-REMOVE-RECORD trigger on RTNIMPSRI data block...
   No compilation errors.

Compiling POST-SELECT trigger on RTNIMPSRI data block...
   No compilation errors.

Compiling ON-ERROR trigger on RTNIMPSRI data block...
   No compilation errors.

Compiling PRE-INSERT trigger on RTNIMPSRI data block...
   No compilation errors.

Compiling WHEN-NEW-ITEM-INSTANCE trigger on BASE_IMPONIBLE_RF item in RTNIMPSRI data block...
   No compilation errors.

Compiling KEY-PREV-ITEM trigger on BASE_IMPONIBLE_RF item in RTNIMPSRI data block...
   No compilation errors.

Compiling WHEN-NEW-ITEM-INSTANCE trigger on DESCRIPCION item in RTNIMPSRI data block...
   No compilation errors.

Compiling WHEN-VALIDATE-ITEM trigger on DESCRIPCION item in RTNIMPSRI data block...
   No compilation errors.

Compiling WHEN-NEW-ITEM-INSTANCE trigger on IMPSRI_NUMERO item in RTNIMPSRI data block...
   No compilation errors.

Compiling WHEN-NEW-ITEM-INSTANCE trigger on CODIGO_RF item in RTNIMPSRI data block...
   No compilation errors.

Compiling WHEN-VALIDATE-ITEM trigger on CODIGO_RF item in RTNIMPSRI data block...
   No compilation errors.

Compiling WHEN-NEW-ITEM-INSTANCE trigger on IMPSRI_IVA_PERIODO item in RTNIMPSRI data block...
   No compilation errors.

Compiling WHEN-NEW-ITEM-INSTANCE trigger on IMPSRI_IVA_EMP_CODIGO item in RTNIMPSRI data block...
   No compilation errors.

Compiling WHEN-NEW-ITEM-INSTANCE trigger on PORCENTAJE item in RTNIMPSRI data block...
   No compilation errors.

Compiling WHEN-NEW-ITEM-INSTANCE trigger on PORCENTAJE_RF item in RTNIMPSRI data block...
   No compilation errors.

Compiling WHEN-NEW-ITEM-INSTANCE trigger on VALOR_RETENIDO_RF item in RTNIMPSRI data block...
   No compilation errors.

Compiling KEY-NEXT-ITEM trigger on VALOR_RETENIDO_RF item in RTNIMPSRI data block...
   No compilation errors.

Compiling KEY-CLRREC trigger on CG$CTRL data block...
   No compilation errors.

Compiling KEY-CREREC trigger on CG$CTRL data block...
   No compilation errors.

Compiling KEY-DOWN trigger on CG$CTRL data block...
   No compilation errors.

Compiling KEY-NXTREC trigger on CG$CTRL data block...
   No compilation errors.

Compiling KEY-SCRDOWN trigger on CG$CTRL data block...
   No compilation errors.

Compiling KEY-UP trigger on CG$CTRL data block...
   No compilation errors.

Compiling KEY-PRVREC trigger on CG$CTRL data block...
   No compilation errors.

Compiling KEY-SCRUP trigger on CG$CTRL data block...
   No compilation errors.

Compiling ON-ERROR trigger on CG$CTRL data block...
   No compilation errors.

Compiling PRE-BLOCK trigger on CG$CTRL data block...
   No compilation errors.

Compiling WHEN-NEW-BLOCK-INSTANCE trigger on CG$CTRL data block...
   No compilation errors.

Compiling WHEN-NEW-ITEM-INSTANCE trigger on CG$PAGE_1_LIST item in CG$CTRL data block...
   No compilation errors.

Compiling WHEN-NEW-ITEM-INSTANCE trigger on CG$WINDOWQMS$TRANS_ERRORS_PAGE item in CG$CTRL data block...
   No compilation errors.

Compiling WHEN-NEW-ITEM-INSTANCE trigger on CG$WINDOWIMPORTACIONES_NC_ND_P item in CG$CTRL data block...
   No compilation errors.

Compiling WHEN-NEW-ITEM-INSTANCE trigger on CG$WINDOWQMS$TRANS_ERRORS_MODA item in CG$CTRL data block...
   No compilation errors.

Compiling WHEN-NEW-ITEM-INSTANCE trigger on CG$WINDOWCALENDAR_PAGE item in CG$CTRL data block...
   No compilation errors.

Compiling WHEN-NEW-ITEM-INSTANCE trigger on CG$WINDOWQMS$HIDDEN_ITEMS_PAGE item in CG$CTRL data block...
   No compilation errors.

Compiling WHEN-NEW-ITEM-INSTANCE trigger on CG$LAST_CANVAS item in CG$CTRL data block...
   No compilation errors.


Created form file M:\sas\bin\sri\frm\sriadmimp.fmx
