
SQL*Loader: Release 9.2.0.1.0 - Production on Mar Jul 18 15:42:36 2006

Copyright (c) 1982, 2002, Oracle Corporation.  All rights reserved.

Control File:   F:\rina\solcaq\grupos.ctl
Data File:      F:\RINA\SOLCAQ\grupos.txt
  Bad File:     F:\RINA\SOLCAQ\grupos.bad
  Discard File:  none specified
 
 (Allow all discards)

Number to load: ALL
Number to skip: 0
Errors allowed: 50
Bind array:     64 rows, maximum of 256000 bytes
Continuation:    none specified
Path used:      Conventional

Table GRUPOS_ACTIVOS_FIJOS, loaded from every logical record.
Insert option in effect for this table: APPEND

   Column Name                  Position   Len  Term Encl Datatype
------------------------------ ---------- ----- ---- ---- ---------------------
EMP_CODIGO                          FIRST     *  WHT      CHARACTER            
CODIGO                               NEXT     *  WHT      CHARACTER            
DESCRIPCION                          NEXT     *  WHT      CHARACTER            
ESTADO_DE_DISPONIBILIDAD             NEXT     *  WHT      CHARACTER            


Table GRUPOS_ACTIVOS_FIJOS:
  13 Rows successfully loaded.
  0 Rows not loaded due to data errors.
  0 Rows not loaded because all WHEN clauses were failed.
  0 Rows not loaded because all fields were null.


Space allocated for bind array:                  66048 bytes(64 rows)
Read   buffer bytes: 1048576

Total logical records skipped:          0
Total logical records read:            13
Total logical records rejected:         0
Total logical records discarded:        0

Run began on Mar Jul 18 15:42:36 2006
Run ended on Mar Jul 18 15:42:37 2006

Elapsed time was:     00:00:00.94
CPU time was:         00:00:00.01
