Compiling package specification CG$BNCCNCCTA_GLOBALS... 
   No compilation errors.

Compiling procedure CGDV$POPULATE_DYNAMIC_LISTS... 
   No compilation errors.

Compiling procedure CGFK$QRY_CNTBNC_CNTBNC_ENTFNC_... 
   No compilation errors.

Compiling procedure CGSF$CLR_CNTBNC_CNTBNC_ENTFNC_... 
   No compilation errors.

Compiling procedure CGRI$SERVER_VIO_CNC... 
   No compilation errors.

Compiling procedure CGRI$DEL_CONCILIACIONES_BANCAR... 
   No compilation errors.

Compiling procedure CGRI$WRN_CONCILIACIONES_BANCAR... 
   No compilation errors.

Compiling function CGTE$CHECK_CONSTRAINT_VIO... 
   No compilation errors.

Compiling procedure CGTE$CNTBNC_ERRORS... 
   No compilation errors.

Compiling procedure CGTE$CNC_ERRORS... 
   No compilation errors.

Compiling procedure CGTE$DTLCNC_ERRORS... 
   No compilation errors.

Compiling procedure CGTE$LBRCNC_ERRORS... 
   No compilation errors.

Compiling procedure CGTE$LBRNOCNC_ERRORS... 
   No compilation errors.

Compiling procedure CGBS$TOGGLE... 
   No compilation errors.

Compiling procedure CALCULAR_SALDOS... 
   No compilation errors.

Compiling procedure FIJAR_REPORTE... 
   No compilation errors.

Compiling POST-FORM trigger on form...
   No compilation errors.

Compiling CALENDAR_WROTE_DATE trigger on form...
   No compilation errors.

Compiling KEY-EXIT trigger on form...
   No compilation errors.

Compiling POST-FORMS-COMMIT trigger on form...
   No compilation errors.

Compiling KEY-CLRFRM trigger on form...
   No compilation errors.

Compiling KEY-HELP trigger on form...
   No compilation errors.

Compiling KEY-MENU trigger on form...
   No compilation errors.

Compiling ON-ERROR trigger on form...
   No compilation errors.

Compiling ON-MESSAGE trigger on form...
   No compilation errors.

Compiling PRE-FORM trigger on form...
   No compilation errors.

Compiling QUERY_FIND trigger on form...
   No compilation errors.

Compiling QMS$MENU_ITEM trigger on form...
   No compilation errors.

Compiling WHEN-NEW-BLOCK-INSTANCE trigger on form...
   No compilation errors.

Compiling WHEN-NEW-FORM-INSTANCE trigger on form...
   No compilation errors.

Compiling WHEN-WINDOW-CLOSED trigger on form...
   No compilation errors.

Compiling WHEN-WINDOW-ACTIVATED trigger on form...
   No compilation errors.

Compiling WHEN-WINDOW-RESIZED trigger on form...
   No compilation errors.

Compiling POST-TEXT-ITEM trigger on form...
   No compilation errors.

Compiling WHEN-FORM-NAVIGATE trigger on form...
   No compilation errors.

Compiling ON-CLEAR-DETAILS trigger on form...
   No compilation errors.

Compiling ON-POPULATE-DETAILS trigger on form...
   No compilation errors.

Compiling KEY-ENTQRY trigger on form...
   No compilation errors.

Compiling KEY-EXEQRY trigger on form...
   No compilation errors.

Compiling KEY-CQUERY trigger on form...
   No compilation errors.

Compiling KEY-CLRBLK trigger on form...
   No compilation errors.

Compiling KEY-CLRREC trigger on form...
   No compilation errors.

Compiling KEY-NXTKEY trigger on form...
   No compilation errors.

Compiling KEY-COMMIT trigger on form...
   No compilation errors.

Compiling WHEN-RADIO-CHANGED trigger on CALENDAR data block...
   No compilation errors.

Compiling KEY-OTHERS trigger on CALENDAR data block...
   No compilation errors.

Compiling KEY-NEXT-ITEM trigger on CALENDAR data block...
   No compilation errors.

Compiling KEY-PREV-ITEM trigger on CALENDAR data block...
   No compilation errors.

Compiling KEY-ENTER trigger on CALENDAR data block...
   No compilation errors.

Compiling WHEN-BUTTON-PRESSED trigger on CALENDAR data block...
   No compilation errors.

Compiling WHEN-LIST-CHANGED trigger on CALENDAR data block...
   No compilation errors.

Compiling WHEN-MOUSE-CLICK trigger on CALENDAR data block...
   No compilation errors.

Compiling KEY-DOWN trigger on CALENDAR data block...
   No compilation errors.

Compiling KEY-UP trigger on CALENDAR data block...
   No compilation errors.

Compiling KEY-NXTREC trigger on CALENDAR data block...
   No compilation errors.

Compiling KEY-PRVREC trigger on CALENDAR data block...
   No compilation errors.

Compiling WHEN-MOUSE-DOUBLECLICK trigger on CALENDAR data block...
   No compilation errors.

Compiling WHEN-NEW-ITEM-INSTANCE trigger on HOUR item in CALENDAR data block...
   No compilation errors.

Compiling WHEN-NEW-ITEM-INSTANCE trigger on MINUTE item in CALENDAR data block...
   No compilation errors.

Compiling WHEN-NEW-ITEM-INSTANCE trigger on OK item in CALENDAR data block...
   No compilation errors.

Compiling WHEN-BUTTON-PRESSED trigger on OK item in CALENDAR data block...
   No compilation errors.

Compiling KEY-PREV-ITEM trigger on OK item in CALENDAR data block...
   No compilation errors.

Compiling WHEN-NEW-ITEM-INSTANCE trigger on CANCEL item in CALENDAR data block...
   No compilation errors.

Compiling WHEN-BUTTON-PRESSED trigger on CANCEL item in CALENDAR data block...
   No compilation errors.

Compiling KEY-NEXT-ITEM trigger on MONTH_AND_YEAR item in CALENDAR data block...
   No compilation errors.

Compiling WHEN-MOUSE-CLICK trigger on PREV_MONTH item in CALENDAR data block...
   No compilation errors.

Compiling WHEN-MOUSE-CLICK trigger on NEXT_MONTH item in CALENDAR data block...
   No compilation errors.

Compiling WHEN-MOUSE-CLICK trigger on NEXT_YEAR item in CALENDAR data block...
   No compilation errors.

Compiling WHEN-MOUSE-CLICK trigger on PREV_YEAR item in CALENDAR data block...
   No compilation errors.

Compiling WHEN-NEW-ITEM-INSTANCE trigger on AM_PM item in CALENDAR data block...
   No compilation errors.

Compiling WHEN-BUTTON-PRESSED trigger on QMS$TOOLBAR data block...
   No compilation errors.

Compiling WHEN-LIST-CHANGED trigger on ORDER_BY item in QMS$TOOLBAR data block...
   No compilation errors.

Compiling ON-LOCK trigger on CNTBNC data block...
   No compilation errors.

Compiling POST-INSERT trigger on CNTBNC data block...
   No compilation errors.

Compiling POST-QUERY trigger on CNTBNC data block...
   No compilation errors.

Compiling PRE-BLOCK trigger on CNTBNC data block...
   No compilation errors.

Compiling PRE-QUERY trigger on CNTBNC data block...
   No compilation errors.

Compiling WHEN-DATABASE-RECORD trigger on CNTBNC data block...
   No compilation errors.

Compiling WHEN-NEW-BLOCK-INSTANCE trigger on CNTBNC data block...
   No compilation errors.

Compiling WHEN-NEW-RECORD-INSTANCE trigger on CNTBNC data block...
   No compilation errors.

Compiling WHEN-REMOVE-RECORD trigger on CNTBNC data block...
   No compilation errors.

Compiling POST-SELECT trigger on CNTBNC data block...
   No compilation errors.

Compiling ON-ERROR trigger on CNTBNC data block...
   No compilation errors.

Compiling WHEN-NEW-ITEM-INSTANCE trigger on NOMBRE item in CNTBNC data block...
   No compilation errors.

Compiling KEY-PREV-ITEM trigger on NOMBRE item in CNTBNC data block...
   No compilation errors.

Compiling WHEN-NEW-ITEM-INSTANCE trigger on EMP_CODIGO item in CNTBNC data block...
   No compilation errors.

Compiling WHEN-NEW-ITEM-INSTANCE trigger on TIPO item in CNTBNC data block...
   No compilation errors.

Compiling WHEN-NEW-ITEM-INSTANCE trigger on NUMERO item in CNTBNC data block...
   No compilation errors.

Compiling WHEN-NEW-ITEM-INSTANCE trigger on PROPIETARIO item in CNTBNC data block...
   No compilation errors.

Compiling WHEN-NEW-ITEM-INSTANCE trigger on MONEDA item in CNTBNC data block...
   No compilation errors.

Compiling WHEN-NEW-ITEM-INSTANCE trigger on CLASE_TARJETA item in CNTBNC data block...
   No compilation errors.

Compiling KEY-NEXT-ITEM trigger on CLASE_TARJETA item in CNTBNC data block...
   No compilation errors.

Compiling WHEN-NEW-ITEM-INSTANCE trigger on ENTFNC_CODIGO item in CNTBNC data block...
   No compilation errors.

Compiling WHEN-NEW-ITEM-INSTANCE trigger on DIA_DE_CIERRE item in CNTBNC data block...
   No compilation errors.

Compiling ON-LOCK trigger on CNC data block...
   No compilation errors.

Compiling POST-INSERT trigger on CNC data block...
   No compilation errors.

Compiling POST-QUERY trigger on CNC data block...
   No compilation errors.

Compiling PRE-BLOCK trigger on CNC data block...
   No compilation errors.

Compiling PRE-QUERY trigger on CNC data block...
   No compilation errors.

Compiling WHEN-DATABASE-RECORD trigger on CNC data block...
   No compilation errors.

Compiling WHEN-NEW-BLOCK-INSTANCE trigger on CNC data block...
   No compilation errors.

Compiling WHEN-NEW-RECORD-INSTANCE trigger on CNC data block...
   No compilation errors.

Compiling WHEN-REMOVE-RECORD trigger on CNC data block...
   No compilation errors.

Compiling POST-SELECT trigger on CNC data block...
   No compilation errors.

Compiling PRE-DELETE trigger on CNC data block...
   No compilation errors.

Compiling KEY-DELREC trigger on CNC data block...
   No compilation errors.

Compiling ON-ERROR trigger on CNC data block...
   No compilation errors.

Compiling PRE-UPDATE trigger on CNC data block...
   No compilation errors.

Compiling PRE-INSERT trigger on CNC data block...
   No compilation errors.

Compiling WHEN-NEW-ITEM-INSTANCE trigger on REC_ACTUAL item in CNC data block...
   No compilation errors.

Compiling KEY-PREV-ITEM trigger on REC_ACTUAL item in CNC data block...
   No compilation errors.

Compiling WHEN-NEW-ITEM-INSTANCE trigger on FECHA item in CNC data block...
   No compilation errors.

Compiling KEY-LISTVAL trigger on FECHA item in CNC data block...
   No compilation errors.

Compiling WHEN-NEW-ITEM-INSTANCE trigger on CNTBNC_EMP_CODIGO item in CNC data block...
   No compilation errors.

Compiling WHEN-NEW-ITEM-INSTANCE trigger on CNTBNC_TIPO item in CNC data block...
   No compilation errors.

Compiling WHEN-NEW-ITEM-INSTANCE trigger on CNTBNC_NUMERO item in CNC data block...
   No compilation errors.

Compiling WHEN-NEW-ITEM-INSTANCE trigger on NUMERO item in CNC data block...
   No compilation errors.

Compiling WHEN-NEW-ITEM-INSTANCE trigger on FECHA_INICIAL item in CNC data block...
   No compilation errors.

Compiling KEY-LISTVAL trigger on FECHA_INICIAL item in CNC data block...
   No compilation errors.

Compiling WHEN-NEW-ITEM-INSTANCE trigger on FECHA_FINAL item in CNC data block...
   No compilation errors.

Compiling KEY-LISTVAL trigger on FECHA_FINAL item in CNC data block...
   No compilation errors.

Compiling WHEN-NEW-ITEM-INSTANCE trigger on SALDO_INICIAL item in CNC data block...
   No compilation errors.

Compiling WHEN-NEW-ITEM-INSTANCE trigger on DEBE_EMP item in CNC data block...
   No compilation errors.

Compiling WHEN-NEW-ITEM-INSTANCE trigger on HABER_EMP item in CNC data block...
   No compilation errors.

Compiling WHEN-NEW-ITEM-INSTANCE trigger on SALDO_EMP item in CNC data block...
   No compilation errors.

Compiling WHEN-NEW-ITEM-INSTANCE trigger on SALDO_FINANCIERA item in CNC data block...
   No compilation errors.

Compiling WHEN-VALIDATE-ITEM trigger on SALDO_FINANCIERA item in CNC data block...
   No compilation errors.

Compiling WHEN-NEW-ITEM-INSTANCE trigger on DEBE_NOCNC item in CNC data block...
   No compilation errors.

Compiling WHEN-NEW-ITEM-INSTANCE trigger on HABER_NOCNC item in CNC data block...
   No compilation errors.

Compiling WHEN-NEW-ITEM-INSTANCE trigger on SALDO_FNC item in CNC data block...
   No compilation errors.

Compiling WHEN-NEW-ITEM-INSTANCE trigger on DIFERENCIA item in CNC data block...
   No compilation errors.

Compiling WHEN-NEW-ITEM-INSTANCE trigger on ESTADO item in CNC data block...
   No compilation errors.

Compiling WHEN-NEW-ITEM-INSTANCE trigger on USUARIO item in CNC data block...
   No compilation errors.

Compiling WHEN-NEW-ITEM-INSTANCE trigger on OBSERVACIONES item in CNC data block...
   No compilation errors.

Compiling KEY-NEXT-ITEM trigger on OBSERVACIONES item in CNC data block...
   No compilation errors.

Compiling WHEN-NEW-ITEM-INSTANCE trigger on CGRI$USER_WARNED_ON_DELETE item in CNC data block...
   No compilation errors.

Compiling KEY-CLRREC trigger on BOTONES data block...
   No compilation errors.

Compiling KEY-CREREC trigger on BOTONES data block...
   No compilation errors.

Compiling KEY-DOWN trigger on BOTONES data block...
   No compilation errors.

Compiling KEY-NXTREC trigger on BOTONES data block...
   No compilation errors.

Compiling KEY-SCRDOWN trigger on BOTONES data block...
   No compilation errors.

Compiling KEY-UP trigger on BOTONES data block...
   No compilation errors.

Compiling KEY-PRVREC trigger on BOTONES data block...
   No compilation errors.

Compiling KEY-SCRUP trigger on BOTONES data block...
   No compilation errors.

Compiling ON-ERROR trigger on BOTONES data block...
   No compilation errors.

Compiling PRE-BLOCK trigger on BOTONES data block...
   No compilation errors.

Compiling WHEN-NEW-BLOCK-INSTANCE trigger on BOTONES data block...
   No compilation errors.

Compiling WHEN-NEW-ITEM-INSTANCE trigger on BTN_DETALLE item in BOTONES data block...
   No compilation errors.

Compiling WHEN-BUTTON-PRESSED trigger on BTN_DETALLE item in BOTONES data block...
   No compilation errors.

Compiling KEY-PREV-ITEM trigger on BTN_DETALLE item in BOTONES data block...
   No compilation errors.

Compiling WHEN-NEW-ITEM-INSTANCE trigger on BTN_CONCILIADOS item in BOTONES data block...
   No compilation errors.

Compiling WHEN-BUTTON-PRESSED trigger on BTN_CONCILIADOS item in BOTONES data block...
   No compilation errors.

Compiling WHEN-NEW-ITEM-INSTANCE trigger on BNT_NOCONCILIADOS item in BOTONES data block...
   No compilation errors.

Compiling WHEN-BUTTON-PRESSED trigger on BNT_NOCONCILIADOS item in BOTONES data block...
   No compilation errors.

Compiling KEY-NEXT-ITEM trigger on BNT_NOCONCILIADOS item in BOTONES data block...
   No compilation errors.

Compiling ON-LOCK trigger on DTLCNC data block...
   No compilation errors.

Compiling POST-INSERT trigger on DTLCNC data block...
   No compilation errors.

Compiling POST-QUERY trigger on DTLCNC data block...
   No compilation errors.

Compiling PRE-BLOCK trigger on DTLCNC data block...
   No compilation errors.

Compiling PRE-QUERY trigger on DTLCNC data block...
   No compilation errors.

Compiling WHEN-DATABASE-RECORD trigger on DTLCNC data block...
   No compilation errors.

Compiling WHEN-NEW-BLOCK-INSTANCE trigger on DTLCNC data block...
   No compilation errors.

Compiling WHEN-NEW-RECORD-INSTANCE trigger on DTLCNC data block...
   No compilation errors.

Compiling WHEN-REMOVE-RECORD trigger on DTLCNC data block...
   No compilation errors.

Compiling POST-SELECT trigger on DTLCNC data block...
   No compilation errors.

Compiling ON-ERROR trigger on DTLCNC data block...
   No compilation errors.

Compiling WHEN-NEW-ITEM-INSTANCE trigger on REC_ACTUAL item in DTLCNC data block...
   No compilation errors.

Compiling KEY-PREV-ITEM trigger on REC_ACTUAL item in DTLCNC data block...
   No compilation errors.

Compiling WHEN-NEW-ITEM-INSTANCE trigger on CNCBNC_NUMERO item in DTLCNC data block...
   No compilation errors.

Compiling WHEN-NEW-ITEM-INSTANCE trigger on NUMERO item in DTLCNC data block...
   No compilation errors.

Compiling WHEN-NEW-ITEM-INSTANCE trigger on TIPO_MOVIMIENTO item in DTLCNC data block...
   No compilation errors.

Compiling WHEN-NEW-ITEM-INSTANCE trigger on DESCRIPCION item in DTLCNC data block...
   No compilation errors.

Compiling WHEN-NEW-ITEM-INSTANCE trigger on DEBE item in DTLCNC data block...
   No compilation errors.

Compiling WHEN-NEW-ITEM-INSTANCE trigger on HABER item in DTLCNC data block...
   No compilation errors.

Compiling WHEN-NEW-ITEM-INSTANCE trigger on TOT_DEBE item in DTLCNC data block...
   No compilation errors.

Compiling WHEN-NEW-ITEM-INSTANCE trigger on TOT_HABER item in DTLCNC data block...
   No compilation errors.

Compiling WHEN-NEW-ITEM-INSTANCE trigger on BTN_CANCELAR item in DTLCNC data block...
   No compilation errors.

Compiling WHEN-BUTTON-PRESSED trigger on BTN_CANCELAR item in DTLCNC data block...
   No compilation errors.

Compiling WHEN-NEW-ITEM-INSTANCE trigger on BTN_IMPRIMIR item in DTLCNC data block...
   No compilation errors.

Compiling WHEN-BUTTON-PRESSED trigger on BTN_IMPRIMIR item in DTLCNC data block...
   No compilation errors.

Compiling KEY-NEXT-ITEM trigger on BTN_IMPRIMIR item in DTLCNC data block...
   No compilation errors.

Compiling ON-LOCK trigger on LBRCNC data block...
   No compilation errors.

Compiling POST-INSERT trigger on LBRCNC data block...
   No compilation errors.

Compiling POST-QUERY trigger on LBRCNC data block...
   No compilation errors.

Compiling PRE-BLOCK trigger on LBRCNC data block...
   No compilation errors.

Compiling PRE-QUERY trigger on LBRCNC data block...
   No compilation errors.

Compiling WHEN-DATABASE-RECORD trigger on LBRCNC data block...
   No compilation errors.

Compiling WHEN-NEW-BLOCK-INSTANCE trigger on LBRCNC data block...
   No compilation errors.

Compiling WHEN-NEW-RECORD-INSTANCE trigger on LBRCNC data block...
   No compilation errors.

Compiling WHEN-REMOVE-RECORD trigger on LBRCNC data block...
   No compilation errors.

Compiling POST-SELECT trigger on LBRCNC data block...
   No compilation errors.

Compiling ON-ERROR trigger on LBRCNC data block...
   No compilation errors.

Compiling WHEN-NEW-ITEM-INSTANCE trigger on REC_ACTUAL item in LBRCNC data block...
   No compilation errors.

Compiling KEY-PREV-ITEM trigger on REC_ACTUAL item in LBRCNC data block...
   No compilation errors.

Compiling WHEN-NEW-ITEM-INSTANCE trigger on CNTBNC_EMP_CODIGO item in LBRCNC data block...
   No compilation errors.

Compiling WHEN-NEW-ITEM-INSTANCE trigger on CNTBNC_TIPO item in LBRCNC data block...
   No compilation errors.

Compiling WHEN-NEW-ITEM-INSTANCE trigger on CNTBNC_NUMERO item in LBRCNC data block...
   No compilation errors.

Compiling WHEN-NEW-ITEM-INSTANCE trigger on TPOMVM_CODIGO item in LBRCNC data block...
   No compilation errors.

Compiling WHEN-NEW-ITEM-INSTANCE trigger on FECHA item in LBRCNC data block...
   No compilation errors.

Compiling KEY-LISTVAL trigger on FECHA item in LBRCNC data block...
   No compilation errors.

Compiling WHEN-NEW-ITEM-INSTANCE trigger on DESCRIPCION item in LBRCNC data block...
   No compilation errors.

Compiling WHEN-NEW-ITEM-INSTANCE trigger on NUMERO_DOCUMENTO item in LBRCNC data block...
   No compilation errors.

Compiling WHEN-NEW-ITEM-INSTANCE trigger on DEBE item in LBRCNC data block...
   No compilation errors.

Compiling WHEN-NEW-ITEM-INSTANCE trigger on HABER item in LBRCNC data block...
   No compilation errors.

Compiling WHEN-NEW-ITEM-INSTANCE trigger on TOT_DEBECNC item in LBRCNC data block...
   No compilation errors.

Compiling WHEN-NEW-ITEM-INSTANCE trigger on TOT_HABERCNC item in LBRCNC data block...
   No compilation errors.

Compiling WHEN-NEW-ITEM-INSTANCE trigger on BTN_CANCELAR item in LBRCNC data block...
   No compilation errors.

Compiling WHEN-BUTTON-PRESSED trigger on BTN_CANCELAR item in LBRCNC data block...
   No compilation errors.

Compiling WHEN-NEW-ITEM-INSTANCE trigger on BTN_IMPRIMIR item in LBRCNC data block...
   No compilation errors.

Compiling WHEN-BUTTON-PRESSED trigger on BTN_IMPRIMIR item in LBRCNC data block...
   No compilation errors.

Compiling KEY-NEXT-ITEM trigger on BTN_IMPRIMIR item in LBRCNC data block...
   No compilation errors.

Compiling ON-LOCK trigger on LBRNOCNC data block...
   No compilation errors.

Compiling POST-INSERT trigger on LBRNOCNC data block...
   No compilation errors.

Compiling POST-QUERY trigger on LBRNOCNC data block...
   No compilation errors.

Compiling PRE-BLOCK trigger on LBRNOCNC data block...
   No compilation errors.

Compiling PRE-QUERY trigger on LBRNOCNC data block...
   No compilation errors.

Compiling WHEN-DATABASE-RECORD trigger on LBRNOCNC data block...
   No compilation errors.

Compiling WHEN-NEW-BLOCK-INSTANCE trigger on LBRNOCNC data block...
   No compilation errors.

Compiling WHEN-NEW-RECORD-INSTANCE trigger on LBRNOCNC data block...
   No compilation errors.

Compiling WHEN-REMOVE-RECORD trigger on LBRNOCNC data block...
   No compilation errors.

Compiling POST-SELECT trigger on LBRNOCNC data block...
   No compilation errors.

Compiling ON-ERROR trigger on LBRNOCNC data block...
   No compilation errors.

Compiling WHEN-NEW-ITEM-INSTANCE trigger on REC_ACTUAL item in LBRNOCNC data block...
   No compilation errors.

Compiling KEY-PREV-ITEM trigger on REC_ACTUAL item in LBRNOCNC data block...
   No compilation errors.

Compiling WHEN-NEW-ITEM-INSTANCE trigger on CNTBNC_EMP_CODIGO item in LBRNOCNC data block...
   No compilation errors.

Compiling WHEN-NEW-ITEM-INSTANCE trigger on CNTBNC_TIPO item in LBRNOCNC data block...
   No compilation errors.

Compiling WHEN-NEW-ITEM-INSTANCE trigger on CNTBNC_NUMERO item in LBRNOCNC data block...
   No compilation errors.

Compiling WHEN-NEW-ITEM-INSTANCE trigger on TPOMVM_CODIGO item in LBRNOCNC data block...
   No compilation errors.

Compiling WHEN-NEW-ITEM-INSTANCE trigger on NUMERO item in LBRNOCNC data block...
   No compilation errors.

Compiling WHEN-NEW-ITEM-INSTANCE trigger on FECHA item in LBRNOCNC data block...
   No compilation errors.

Compiling KEY-LISTVAL trigger on FECHA item in LBRNOCNC data block...
   No compilation errors.

Compiling WHEN-NEW-ITEM-INSTANCE trigger on DESCRIPCION item in LBRNOCNC data block...
   No compilation errors.

Compiling WHEN-NEW-ITEM-INSTANCE trigger on NUMERO_DOCUMENTO item in LBRNOCNC data block...
   No compilation errors.

Compiling WHEN-NEW-ITEM-INSTANCE trigger on DEBE item in LBRNOCNC data block...
   No compilation errors.

Compiling WHEN-NEW-ITEM-INSTANCE trigger on HABER item in LBRNOCNC data block...
   No compilation errors.

Compiling WHEN-NEW-ITEM-INSTANCE trigger on ESTADO item in LBRNOCNC data block...
   No compilation errors.

Compiling WHEN-NEW-ITEM-INSTANCE trigger on TOT_DEBENOCNC item in LBRNOCNC data block...
   No compilation errors.

Compiling WHEN-NEW-ITEM-INSTANCE trigger on TOT_HABERNOCNC item in LBRNOCNC data block...
   No compilation errors.

Compiling WHEN-NEW-ITEM-INSTANCE trigger on BNT_CANCELAR item in LBRNOCNC data block...
   No compilation errors.

Compiling WHEN-BUTTON-PRESSED trigger on BNT_CANCELAR item in LBRNOCNC data block...
   No compilation errors.

Compiling WHEN-NEW-ITEM-INSTANCE trigger on BTN_IMPRIMIR item in LBRNOCNC data block...
   No compilation errors.

Compiling WHEN-BUTTON-PRESSED trigger on BTN_IMPRIMIR item in LBRNOCNC data block...
   No compilation errors.

Compiling KEY-NEXT-ITEM trigger on BTN_IMPRIMIR item in LBRNOCNC data block...
   No compilation errors.

Compiling KEY-CLRREC trigger on CG$CTRL data block...
   No compilation errors.

Compiling KEY-CREREC trigger on CG$CTRL data block...
   No compilation errors.

Compiling KEY-DOWN trigger on CG$CTRL data block...
   No compilation errors.

Compiling KEY-NXTREC trigger on CG$CTRL data block...
   No compilation errors.

Compiling KEY-SCRDOWN trigger on CG$CTRL data block...
   No compilation errors.

Compiling KEY-UP trigger on CG$CTRL data block...
   No compilation errors.

Compiling KEY-PRVREC trigger on CG$CTRL data block...
   No compilation errors.

Compiling KEY-SCRUP trigger on CG$CTRL data block...
   No compilation errors.

Compiling ON-ERROR trigger on CG$CTRL data block...
   No compilation errors.

Compiling PRE-BLOCK trigger on CG$CTRL data block...
   No compilation errors.

Compiling WHEN-NEW-BLOCK-INSTANCE trigger on CG$CTRL data block...
   No compilation errors.


Created form file M:\sas\bin\bnc\frm\bnccnccta.fmx
