Compiling package specification CG$CJAMDCCNTPLNABN_GLOBALS... 
   No compilation errors.

Compiling procedure CG$WHEN_NEW_FORM_INSTANCE... 
   No compilation errors.

Compiling procedure CGFK$QRY_PGS_CM_PGS_CM_PCN_PLN... 
   No compilation errors.

Compiling procedure CGFK$QRY_PGS_CM_PGS_CM_MDOPGO_... 
   No compilation errors.

Compiling function CGTE$CHECK_CONSTRAINT_VIO... 
   No compilation errors.

Compiling procedure CGNV$AI_ANLCNTPGO... 
   No compilation errors.

Compiling procedure CGNV$PREV_ITEM... 
   No compilation errors.

Compiling procedure FIJAR_REPORTE... 
   No compilation errors.

Compiling function DEVOLVER_VALOR_MARCADO... 
   No compilation errors.

Compiling POST-FORM trigger on form...
   No compilation errors.

Compiling CALENDAR_WROTE_DATE trigger on form...
   No compilation errors.

Compiling KEY-EXIT trigger on form...
   No compilation errors.

Compiling POST-FORMS-COMMIT trigger on form...
   No compilation errors.

Compiling KEY-CLRFRM trigger on form...
   No compilation errors.

Compiling KEY-HELP trigger on form...
   No compilation errors.

Compiling KEY-MENU trigger on form...
   No compilation errors.

Compiling ON-ERROR trigger on form...
   No compilation errors.

Compiling ON-MESSAGE trigger on form...
   No compilation errors.

Compiling PRE-FORM trigger on form...
   No compilation errors.

Compiling QUERY_FIND trigger on form...
   No compilation errors.

Compiling QMS$MENU_ITEM trigger on form...
   No compilation errors.

Compiling WHEN-NEW-BLOCK-INSTANCE trigger on form...
   No compilation errors.

Compiling WHEN-NEW-FORM-INSTANCE trigger on form...
   No compilation errors.

Compiling WHEN-WINDOW-CLOSED trigger on form...
   No compilation errors.

Compiling WHEN-WINDOW-ACTIVATED trigger on form...
   No compilation errors.

Compiling WHEN-WINDOW-RESIZED trigger on form...
   No compilation errors.

Compiling KEY-PREV-ITEM trigger on form...
   No compilation errors.

Compiling POST-BLOCK trigger on form...
   No compilation errors.

Compiling WHEN-RADIO-CHANGED trigger on CALENDAR data block...
   No compilation errors.

Compiling KEY-OTHERS trigger on CALENDAR data block...
   No compilation errors.

Compiling KEY-NEXT-ITEM trigger on CALENDAR data block...
   No compilation errors.

Compiling KEY-PREV-ITEM trigger on CALENDAR data block...
   No compilation errors.

Compiling KEY-ENTER trigger on CALENDAR data block...
   No compilation errors.

Compiling WHEN-BUTTON-PRESSED trigger on CALENDAR data block...
   No compilation errors.

Compiling WHEN-LIST-CHANGED trigger on CALENDAR data block...
   No compilation errors.

Compiling WHEN-MOUSE-CLICK trigger on CALENDAR data block...
   No compilation errors.

Compiling KEY-DOWN trigger on CALENDAR data block...
   No compilation errors.

Compiling KEY-UP trigger on CALENDAR data block...
   No compilation errors.

Compiling KEY-NXTREC trigger on CALENDAR data block...
   No compilation errors.

Compiling KEY-PRVREC trigger on CALENDAR data block...
   No compilation errors.

Compiling WHEN-MOUSE-DOUBLECLICK trigger on CALENDAR data block...
   No compilation errors.

Compiling WHEN-NEW-ITEM-INSTANCE trigger on HOUR item in CALENDAR data block...
   No compilation errors.

Compiling WHEN-NEW-ITEM-INSTANCE trigger on MINUTE item in CALENDAR data block...
   No compilation errors.

Compiling WHEN-NEW-ITEM-INSTANCE trigger on OK item in CALENDAR data block...
   No compilation errors.

Compiling WHEN-BUTTON-PRESSED trigger on OK item in CALENDAR data block...
   No compilation errors.

Compiling WHEN-NEW-ITEM-INSTANCE trigger on CANCEL item in CALENDAR data block...
   No compilation errors.

Compiling WHEN-BUTTON-PRESSED trigger on CANCEL item in CALENDAR data block...
   No compilation errors.

Compiling WHEN-MOUSE-CLICK trigger on PREV_MONTH item in CALENDAR data block...
   No compilation errors.

Compiling WHEN-MOUSE-CLICK trigger on NEXT_MONTH item in CALENDAR data block...
   No compilation errors.

Compiling WHEN-MOUSE-CLICK trigger on NEXT_YEAR item in CALENDAR data block...
   No compilation errors.

Compiling WHEN-MOUSE-CLICK trigger on PREV_YEAR item in CALENDAR data block...
   No compilation errors.

Compiling WHEN-NEW-ITEM-INSTANCE trigger on AM_PM item in CALENDAR data block...
   No compilation errors.

Compiling WHEN-BUTTON-PRESSED trigger on QMS$TOOLBAR data block...
   No compilation errors.

Compiling WHEN-LIST-CHANGED trigger on ORDER_BY item in QMS$TOOLBAR data block...
   No compilation errors.

Compiling KEY-CLRREC trigger on PRD data block...
   No compilation errors.

Compiling KEY-CREREC trigger on PRD data block...
   No compilation errors.

Compiling KEY-DOWN trigger on PRD data block...
   No compilation errors.

Compiling KEY-NXTREC trigger on PRD data block...
   No compilation errors.

Compiling KEY-SCRDOWN trigger on PRD data block...
   No compilation errors.

Compiling KEY-UP trigger on PRD data block...
   No compilation errors.

Compiling KEY-PRVREC trigger on PRD data block...
   No compilation errors.

Compiling KEY-SCRUP trigger on PRD data block...
   No compilation errors.

Compiling ON-ERROR trigger on PRD data block...
   No compilation errors.

Compiling PRE-BLOCK trigger on PRD data block...
   No compilation errors.

Compiling WHEN-NEW-BLOCK-INSTANCE trigger on PRD data block...
   No compilation errors.

Compiling KEY-HELP trigger on PRD data block...
   No compilation errors.

Compiling WHEN-CREATE-RECORD trigger on PRD data block...
   No compilation errors.

Compiling WHEN-NEW-ITEM-INSTANCE trigger on FECHA_HOY item in PRD data block...
   No compilation errors.

Compiling KEY-LISTVAL trigger on FECHA_HOY item in PRD data block...
   No compilation errors.

Compiling WHEN-NEW-ITEM-INSTANCE trigger on FECHA_INICIAL item in PRD data block...
   No compilation errors.

Compiling KEY-LISTVAL trigger on FECHA_INICIAL item in PRD data block...
   No compilation errors.

Compiling WHEN-NEW-ITEM-INSTANCE trigger on FECHA_FINAL item in PRD data block...
   No compilation errors.

Compiling KEY-LISTVAL trigger on FECHA_FINAL item in PRD data block...
   No compilation errors.

Compiling WHEN-NEW-ITEM-INSTANCE trigger on BTN_CONSULTAR item in PRD data block...
   No compilation errors.

Compiling WHEN-BUTTON-PRESSED trigger on BTN_CONSULTAR item in PRD data block...
   No compilation errors.

Compiling ON-LOCK trigger on PGS_CM data block...
   No compilation errors.

Compiling POST-INSERT trigger on PGS_CM data block...
   No compilation errors.

Compiling POST-QUERY trigger on PGS_CM data block...
   No compilation errors.

Compiling PRE-BLOCK trigger on PGS_CM data block...
   No compilation errors.

Compiling PRE-QUERY trigger on PGS_CM data block...
   No compilation errors.

Compiling WHEN-DATABASE-RECORD trigger on PGS_CM data block...
   No compilation errors.

Compiling WHEN-NEW-BLOCK-INSTANCE trigger on PGS_CM data block...
   No compilation errors.

Compiling WHEN-NEW-RECORD-INSTANCE trigger on PGS_CM data block...
   No compilation errors.

Compiling WHEN-REMOVE-RECORD trigger on PGS_CM data block...
   No compilation errors.

Compiling POST-SELECT trigger on PGS_CM data block...
   No compilation errors.

Compiling ON-ERROR trigger on PGS_CM data block...
   No compilation errors.

Compiling KEY-HELP trigger on PGS_CM data block...
   No compilation errors.

Compiling PRE-UPDATE trigger on PGS_CM data block...
   No compilation errors.

Compiling WHEN-NEW-ITEM-INSTANCE trigger on CRI item in PGS_CM data block...
   No compilation errors.

Compiling WHEN-NEW-ITEM-INSTANCE trigger on PLNHNRMDC_NUMERO item in PGS_CM data block...
   No compilation errors.

Compiling KEY-HELP trigger on PLNHNRMDC_NUMERO item in PGS_CM data block...
   No compilation errors.

Compiling WHEN-NEW-ITEM-INSTANCE trigger on DESCRIPCION item in PGS_CM data block...
   No compilation errors.

Compiling KEY-HELP trigger on DESCRIPCION item in PGS_CM data block...
   No compilation errors.

Compiling WHEN-NEW-ITEM-INSTANCE trigger on VALOR item in PGS_CM data block...
   No compilation errors.

Compiling KEY-HELP trigger on VALOR item in PGS_CM data block...
   No compilation errors.

Compiling WHEN-NEW-ITEM-INSTANCE trigger on ESTADO item in PGS_CM data block...
   No compilation errors.

Compiling KEY-HELP trigger on ESTADO item in PGS_CM data block...
   No compilation errors.

Compiling WHEN-NEW-ITEM-INSTANCE trigger on PLN_PRMATN_PCN_NUMERO_HC item in PGS_CM data block...
   No compilation errors.

Compiling KEY-HELP trigger on PLN_PRMATN_PCN_NUMERO_HC item in PGS_CM data block...
   No compilation errors.

Compiling WHEN-NEW-ITEM-INSTANCE trigger on MARCADO item in PGS_CM data block...
   No compilation errors.

Compiling WHEN-CHECKBOX-CHANGED trigger on MARCADO item in PGS_CM data block...
   No compilation errors.

Compiling WHEN-NEW-ITEM-INSTANCE trigger on VALOR_MARCADO item in PGS_CM data block...
   No compilation errors.

Compiling FORMULA-CALCULATION trigger on VALOR_MARCADO item in PGS_CM data block...
   No compilation errors.

Compiling WHEN-NEW-ITEM-INSTANCE trigger on SUMA_VALOR_MARCADO item in PGS_CM data block...
   No compilation errors.

Compiling WHEN-NEW-ITEM-INSTANCE trigger on PRM_PCN_APELLIDO_PATERNO item in PGS_CM data block...
   No compilation errors.

Compiling KEY-HELP trigger on PRM_PCN_APELLIDO_PATERNO item in PGS_CM data block...
   No compilation errors.

Compiling WHEN-NEW-ITEM-INSTANCE trigger on PRM_PCN_APELLIDO_MATERNO item in PGS_CM data block...
   No compilation errors.

Compiling KEY-HELP trigger on PRM_PCN_APELLIDO_MATERNO item in PGS_CM data block...
   No compilation errors.

Compiling WHEN-NEW-ITEM-INSTANCE trigger on PRM_PCN_PRIMER_NOMBRE item in PGS_CM data block...
   No compilation errors.

Compiling KEY-HELP trigger on PRM_PCN_PRIMER_NOMBRE item in PGS_CM data block...
   No compilation errors.

Compiling WHEN-NEW-ITEM-INSTANCE trigger on PRM_PCN_SEGUNDO_NOMBRE item in PGS_CM data block...
   No compilation errors.

Compiling KEY-HELP trigger on PRM_PCN_SEGUNDO_NOMBRE item in PGS_CM data block...
   No compilation errors.

Compiling WHEN-NEW-ITEM-INSTANCE trigger on PLN_FECHA item in PGS_CM data block...
   No compilation errors.

Compiling KEY-LISTVAL trigger on PLN_FECHA item in PGS_CM data block...
   No compilation errors.

Compiling KEY-HELP trigger on PLN_FECHA item in PGS_CM data block...
   No compilation errors.

Compiling WHEN-NEW-ITEM-INSTANCE trigger on FECHA item in PGS_CM data block...
   No compilation errors.

Compiling KEY-LISTVAL trigger on FECHA item in PGS_CM data block...
   No compilation errors.

Compiling KEY-HELP trigger on FECHA item in PGS_CM data block...
   No compilation errors.

Compiling WHEN-NEW-ITEM-INSTANCE trigger on PLN_TOTAL item in PGS_CM data block...
   No compilation errors.

Compiling KEY-HELP trigger on PLN_TOTAL item in PGS_CM data block...
   No compilation errors.

Compiling WHEN-NEW-ITEM-INSTANCE trigger on PLN_SALDO item in PGS_CM data block...
   No compilation errors.

Compiling KEY-HELP trigger on PLN_SALDO item in PGS_CM data block...
   No compilation errors.

Compiling WHEN-NEW-ITEM-INSTANCE trigger on PLN_ESTADO item in PGS_CM data block...
   No compilation errors.

Compiling KEY-HELP trigger on PLN_ESTADO item in PGS_CM data block...
   No compilation errors.

Compiling WHEN-NEW-ITEM-INSTANCE trigger on PLN_EMERGENCIA item in PGS_CM data block...
   No compilation errors.

Compiling KEY-HELP trigger on PLN_EMERGENCIA item in PGS_CM data block...
   No compilation errors.

Compiling WHEN-NEW-ITEM-INSTANCE trigger on PLN_ABIERTA item in PGS_CM data block...
   No compilation errors.

Compiling KEY-HELP trigger on PLN_ABIERTA item in PGS_CM data block...
   No compilation errors.

Compiling WHEN-NEW-ITEM-INSTANCE trigger on PLN_PRMATN_NUMERO item in PGS_CM data block...
   No compilation errors.

Compiling KEY-HELP trigger on PLN_PRMATN_NUMERO item in PGS_CM data block...
   No compilation errors.

Compiling WHEN-NEW-ITEM-INSTANCE trigger on PRM_PRMATN_FECHA_INGRESO item in PGS_CM data block...
   No compilation errors.

Compiling KEY-LISTVAL trigger on PRM_PRMATN_FECHA_INGRESO item in PGS_CM data block...
   No compilation errors.

Compiling KEY-HELP trigger on PRM_PRMATN_FECHA_INGRESO item in PGS_CM data block...
   No compilation errors.

Compiling WHEN-NEW-ITEM-INSTANCE trigger on PRM_PRMATN_FECHA_ALTA item in PGS_CM data block...
   No compilation errors.

Compiling KEY-LISTVAL trigger on PRM_PRMATN_FECHA_ALTA item in PGS_CM data block...
   No compilation errors.

Compiling KEY-HELP trigger on PRM_PRMATN_FECHA_ALTA item in PGS_CM data block...
   No compilation errors.

Compiling WHEN-NEW-ITEM-INSTANCE trigger on FORMA_PAGO item in PGS_CM data block...
   No compilation errors.

Compiling KEY-HELP trigger on FORMA_PAGO item in PGS_CM data block...
   No compilation errors.

Compiling WHEN-NEW-ITEM-INSTANCE trigger on FECHA_CONTABILIZACION item in PGS_CM data block...
   No compilation errors.

Compiling KEY-LISTVAL trigger on FECHA_CONTABILIZACION item in PGS_CM data block...
   No compilation errors.

Compiling KEY-HELP trigger on FECHA_CONTABILIZACION item in PGS_CM data block...
   No compilation errors.

Compiling WHEN-NEW-ITEM-INSTANCE trigger on OBSERVACION item in PGS_CM data block...
   No compilation errors.

Compiling KEY-HELP trigger on OBSERVACION item in PGS_CM data block...
   No compilation errors.

Compiling WHEN-NEW-ITEM-INSTANCE trigger on NUMERO item in PGS_CM data block...
   No compilation errors.

Compiling KEY-HELP trigger on NUMERO item in PGS_CM data block...
   No compilation errors.

Compiling WHEN-NEW-ITEM-INSTANCE trigger on PCN_PLN_PLNHNRMDC_CJA_CODIGO item in PGS_CM data block...
   No compilation errors.

Compiling KEY-HELP trigger on PCN_PLN_PLNHNRMDC_CJA_CODIGO item in PGS_CM data block...
   No compilation errors.

Compiling WHEN-NEW-ITEM-INSTANCE trigger on MDOPGO_NUMERO item in PGS_CM data block...
   No compilation errors.

Compiling KEY-HELP trigger on MDOPGO_NUMERO item in PGS_CM data block...
   No compilation errors.

Compiling WHEN-NEW-ITEM-INSTANCE trigger on CONTABILIZADO item in PGS_CM data block...
   No compilation errors.

Compiling KEY-HELP trigger on CONTABILIZADO item in PGS_CM data block...
   No compilation errors.

Compiling KEY-CLRREC trigger on PIE data block...
   No compilation errors.

Compiling KEY-CREREC trigger on PIE data block...
   No compilation errors.

Compiling KEY-DOWN trigger on PIE data block...
   No compilation errors.

Compiling KEY-NXTREC trigger on PIE data block...
   No compilation errors.

Compiling KEY-SCRDOWN trigger on PIE data block...
   No compilation errors.

Compiling KEY-UP trigger on PIE data block...
   No compilation errors.

Compiling KEY-PRVREC trigger on PIE data block...
   No compilation errors.

Compiling KEY-SCRUP trigger on PIE data block...
   No compilation errors.

Compiling ON-ERROR trigger on PIE data block...
   No compilation errors.

Compiling PRE-BLOCK trigger on PIE data block...
   No compilation errors.

Compiling WHEN-NEW-BLOCK-INSTANCE trigger on PIE data block...
   No compilation errors.

Compiling KEY-HELP trigger on PIE data block...
   No compilation errors.

Compiling WHEN-NEW-ITEM-INSTANCE trigger on TOTAL item in PIE data block...
   No compilation errors.

Compiling KEY-CLRREC trigger on BTN data block...
   No compilation errors.

Compiling KEY-CREREC trigger on BTN data block...
   No compilation errors.

Compiling KEY-DOWN trigger on BTN data block...
   No compilation errors.

Compiling KEY-NXTREC trigger on BTN data block...
   No compilation errors.

Compiling KEY-SCRDOWN trigger on BTN data block...
   No compilation errors.

Compiling KEY-UP trigger on BTN data block...
   No compilation errors.

Compiling KEY-PRVREC trigger on BTN data block...
   No compilation errors.

Compiling KEY-SCRUP trigger on BTN data block...
   No compilation errors.

Compiling ON-ERROR trigger on BTN data block...
   No compilation errors.

Compiling PRE-BLOCK trigger on BTN data block...
   No compilation errors.

Compiling WHEN-NEW-BLOCK-INSTANCE trigger on BTN data block...
   No compilation errors.

Compiling KEY-HELP trigger on BTN data block...
   No compilation errors.

Compiling WHEN-NEW-ITEM-INSTANCE trigger on SLC_TODOS item in BTN data block...
   No compilation errors.

Compiling WHEN-BUTTON-PRESSED trigger on SLC_TODOS item in BTN data block...
   No compilation errors.

Compiling WHEN-NEW-ITEM-INSTANCE trigger on SLC_NINGUNO item in BTN data block...
   No compilation errors.

Compiling WHEN-BUTTON-PRESSED trigger on SLC_NINGUNO item in BTN data block...
   No compilation errors.

Compiling WHEN-NEW-ITEM-INSTANCE trigger on CONTABILIZAR item in BTN data block...
   No compilation errors.

Compiling WHEN-BUTTON-PRESSED trigger on CONTABILIZAR item in BTN data block...
   No compilation errors.

Compiling WHEN-NEW-ITEM-INSTANCE trigger on ANL_CONTABILIZACION item in BTN data block...
   No compilation errors.

Compiling WHEN-BUTTON-PRESSED trigger on ANL_CONTABILIZACION item in BTN data block...
   No compilation errors.

Compiling KEY-CLRREC trigger on CGNV$WINDOW_1 data block...
   No compilation errors.

Compiling KEY-CREREC trigger on CGNV$WINDOW_1 data block...
   No compilation errors.

Compiling KEY-DOWN trigger on CGNV$WINDOW_1 data block...
   No compilation errors.

Compiling KEY-NXTREC trigger on CGNV$WINDOW_1 data block...
   No compilation errors.

Compiling KEY-SCRDOWN trigger on CGNV$WINDOW_1 data block...
   No compilation errors.

Compiling KEY-UP trigger on CGNV$WINDOW_1 data block...
   No compilation errors.

Compiling KEY-PRVREC trigger on CGNV$WINDOW_1 data block...
   No compilation errors.

Compiling KEY-SCRUP trigger on CGNV$WINDOW_1 data block...
   No compilation errors.

Compiling ON-ERROR trigger on CGNV$WINDOW_1 data block...
   No compilation errors.

Compiling PRE-BLOCK trigger on CGNV$WINDOW_1 data block...
   No compilation errors.

Compiling WHEN-NEW-BLOCK-INSTANCE trigger on CGNV$WINDOW_1 data block...
   No compilation errors.

Compiling WHEN-NEW-ITEM-INSTANCE trigger on ANLCNTPGO item in CGNV$WINDOW_1 data block...
   No compilation errors.

Compiling WHEN-BUTTON-PRESSED trigger on ANLCNTPGO item in CGNV$WINDOW_1 data block...
   No compilation errors.

Compiling KEY-CLRREC trigger on CG$CTRL data block...
   No compilation errors.

Compiling KEY-CREREC trigger on CG$CTRL data block...
   No compilation errors.

Compiling KEY-DOWN trigger on CG$CTRL data block...
   No compilation errors.

Compiling KEY-NXTREC trigger on CG$CTRL data block...
   No compilation errors.

Compiling KEY-SCRDOWN trigger on CG$CTRL data block...
   No compilation errors.

Compiling KEY-UP trigger on CG$CTRL data block...
   No compilation errors.

Compiling KEY-PRVREC trigger on CG$CTRL data block...
   No compilation errors.

Compiling KEY-SCRUP trigger on CG$CTRL data block...
   No compilation errors.

Compiling ON-ERROR trigger on CG$CTRL data block...
   No compilation errors.

Compiling PRE-BLOCK trigger on CG$CTRL data block...
   No compilation errors.

Compiling WHEN-NEW-BLOCK-INSTANCE trigger on CG$CTRL data block...
   No compilation errors.

Compiling WHEN-NEW-ITEM-INSTANCE trigger on CG$PAGE_1_LIST item in CG$CTRL data block...
   No compilation errors.

Compiling WHEN-NEW-ITEM-INSTANCE trigger on CG$PAGE_2_LIST item in CG$CTRL data block...
   No compilation errors.

Compiling WHEN-NEW-ITEM-INSTANCE trigger on CG$WINDOWCALENDAR_PAGE item in CG$CTRL data block...
   No compilation errors.

Compiling WHEN-NEW-ITEM-INSTANCE trigger on CG$WINDOWWND_CNTPLNABN_PAGE item in CG$CTRL data block...
   No compilation errors.

Compiling WHEN-NEW-ITEM-INSTANCE trigger on CG$WINDOWWINDOW_PAGE item in CG$CTRL data block...
   No compilation errors.

Compiling WHEN-NEW-ITEM-INSTANCE trigger on CG$WINDOWQMS$HIDDEN_ITEMS_PAGE item in CG$CTRL data block...
   No compilation errors.

Compiling WHEN-NEW-ITEM-INSTANCE trigger on CG$LAST_CANVAS item in CG$CTRL data block...
   No compilation errors.


Created form file g:\sas\bin\bnc\frm\cjamdccntplnabn.fmx
