Compiling procedure CG$WHEN_NEW_FORM_INSTANCE... 
   No compilation errors.

Compiling procedure CGFK$CHK_LBR_LBR_TPOMVM_FK... 
   No compilation errors.

Compiling procedure CGFK$CHK_LBR_LBR_CNTBNC_FK... 
   No compilation errors.

Compiling procedure CGUV$CHK_LBR_PK... 
   No compilation errors.

Compiling procedure CGSP$DERIVE_LBR_NUMERO... 
   No compilation errors.

Compiling function CGTE$CHECK_CONSTRAINT_VIO... 
   No compilation errors.

Compiling procedure CGNV$PREV_ITEM... 
   No compilation errors.

Compiling procedure CGBS$TOGGLE... 
   No compilation errors.

Compiling procedure HABILITAR_CAMPOS... 
   No compilation errors.

Compiling POST-FORM trigger on form...
   No compilation errors.

Compiling CALENDAR_WROTE_DATE trigger on form...
   No compilation errors.

Compiling KEY-EXIT trigger on form...
   No compilation errors.

Compiling POST-FORMS-COMMIT trigger on form...
   No compilation errors.

Compiling KEY-CLRFRM trigger on form...
   No compilation errors.

Compiling KEY-HELP trigger on form...
   No compilation errors.

Compiling KEY-MENU trigger on form...
   No compilation errors.

Compiling ON-ERROR trigger on form...
   No compilation errors.

Compiling ON-MESSAGE trigger on form...
   No compilation errors.

Compiling PRE-FORM trigger on form...
   No compilation errors.

Compiling QUERY_FIND trigger on form...
   No compilation errors.

Compiling QMS$MENU_ITEM trigger on form...
   No compilation errors.

Compiling WHEN-NEW-BLOCK-INSTANCE trigger on form...
   No compilation errors.

Compiling WHEN-NEW-FORM-INSTANCE trigger on form...
   No compilation errors.

Compiling WHEN-WINDOW-CLOSED trigger on form...
   No compilation errors.

Compiling WHEN-WINDOW-ACTIVATED trigger on form...
   No compilation errors.

Compiling WHEN-WINDOW-RESIZED trigger on form...
   No compilation errors.

Compiling KEY-PREV-ITEM trigger on form...
   No compilation errors.

Compiling POST-BLOCK trigger on form...
   No compilation errors.

Compiling ON-CLEAR-DETAILS trigger on form...
   No compilation errors.

Compiling ON-POPULATE-DETAILS trigger on form...
   No compilation errors.

Compiling KEY-ENTQRY trigger on form...
   No compilation errors.

Compiling KEY-EXEQRY trigger on form...
   No compilation errors.

Compiling KEY-CQUERY trigger on form...
   No compilation errors.

Compiling KEY-CLRBLK trigger on form...
   No compilation errors.

Compiling KEY-CLRREC trigger on form...
   No compilation errors.

Compiling KEY-NXTKEY trigger on form...
   No compilation errors.

Compiling WHEN-RADIO-CHANGED trigger on CALENDAR data block...
   No compilation errors.

Compiling KEY-OTHERS trigger on CALENDAR data block...
   No compilation errors.

Compiling KEY-NEXT-ITEM trigger on CALENDAR data block...
   No compilation errors.

Compiling KEY-PREV-ITEM trigger on CALENDAR data block...
   No compilation errors.

Compiling KEY-ENTER trigger on CALENDAR data block...
   No compilation errors.

Compiling WHEN-BUTTON-PRESSED trigger on CALENDAR data block...
   No compilation errors.

Compiling WHEN-LIST-CHANGED trigger on CALENDAR data block...
   No compilation errors.

Compiling WHEN-MOUSE-CLICK trigger on CALENDAR data block...
   No compilation errors.

Compiling KEY-DOWN trigger on CALENDAR data block...
   No compilation errors.

Compiling KEY-UP trigger on CALENDAR data block...
   No compilation errors.

Compiling KEY-NXTREC trigger on CALENDAR data block...
   No compilation errors.

Compiling KEY-PRVREC trigger on CALENDAR data block...
   No compilation errors.

Compiling WHEN-MOUSE-DOUBLECLICK trigger on CALENDAR data block...
   No compilation errors.

Compiling WHEN-NEW-ITEM-INSTANCE trigger on HOUR item in CALENDAR data block...
   No compilation errors.

Compiling WHEN-NEW-ITEM-INSTANCE trigger on MINUTE item in CALENDAR data block...
   No compilation errors.

Compiling WHEN-NEW-ITEM-INSTANCE trigger on OK item in CALENDAR data block...
   No compilation errors.

Compiling WHEN-BUTTON-PRESSED trigger on OK item in CALENDAR data block...
   No compilation errors.

Compiling WHEN-NEW-ITEM-INSTANCE trigger on CANCEL item in CALENDAR data block...
   No compilation errors.

Compiling WHEN-BUTTON-PRESSED trigger on CANCEL item in CALENDAR data block...
   No compilation errors.

Compiling WHEN-MOUSE-CLICK trigger on PREV_MONTH item in CALENDAR data block...
   No compilation errors.

Compiling WHEN-MOUSE-CLICK trigger on NEXT_MONTH item in CALENDAR data block...
   No compilation errors.

Compiling WHEN-MOUSE-CLICK trigger on NEXT_YEAR item in CALENDAR data block...
   No compilation errors.

Compiling WHEN-MOUSE-CLICK trigger on PREV_YEAR item in CALENDAR data block...
   No compilation errors.

Compiling WHEN-NEW-ITEM-INSTANCE trigger on AM_PM item in CALENDAR data block...
   No compilation errors.

Compiling WHEN-BUTTON-PRESSED trigger on QMS$TOOLBAR data block...
   No compilation errors.

Compiling WHEN-LIST-CHANGED trigger on ORDER_BY item in QMS$TOOLBAR data block...
   No compilation errors.

Compiling ON-LOCK trigger on CNTBNC data block...
   No compilation errors.

Compiling POST-INSERT trigger on CNTBNC data block...
   No compilation errors.

Compiling POST-QUERY trigger on CNTBNC data block...
   No compilation errors.

Compiling PRE-BLOCK trigger on CNTBNC data block...
   No compilation errors.

Compiling PRE-QUERY trigger on CNTBNC data block...
   No compilation errors.

Compiling WHEN-DATABASE-RECORD trigger on CNTBNC data block...
   No compilation errors.

Compiling WHEN-NEW-BLOCK-INSTANCE trigger on CNTBNC data block...
   No compilation errors.

Compiling WHEN-NEW-RECORD-INSTANCE trigger on CNTBNC data block...
   No compilation errors.

Compiling WHEN-REMOVE-RECORD trigger on CNTBNC data block...
   No compilation errors.

Compiling POST-SELECT trigger on CNTBNC data block...
   No compilation errors.

Compiling ON-ERROR trigger on CNTBNC data block...
   No compilation errors.

Compiling KEY-HELP trigger on CNTBNC data block...
   No compilation errors.

Compiling WHEN-NEW-ITEM-INSTANCE trigger on EMP_CODIGO item in CNTBNC data block...
   No compilation errors.

Compiling KEY-HELP trigger on EMP_CODIGO item in CNTBNC data block...
   No compilation errors.

Compiling WHEN-NEW-ITEM-INSTANCE trigger on TIPO item in CNTBNC data block...
   No compilation errors.

Compiling KEY-HELP trigger on TIPO item in CNTBNC data block...
   No compilation errors.

Compiling WHEN-NEW-ITEM-INSTANCE trigger on NUMERO item in CNTBNC data block...
   No compilation errors.

Compiling KEY-HELP trigger on NUMERO item in CNTBNC data block...
   No compilation errors.

Compiling WHEN-NEW-ITEM-INSTANCE trigger on PROPIETARIO item in CNTBNC data block...
   No compilation errors.

Compiling KEY-HELP trigger on PROPIETARIO item in CNTBNC data block...
   No compilation errors.

Compiling WHEN-NEW-ITEM-INSTANCE trigger on SALDO_INICIAL item in CNTBNC data block...
   No compilation errors.

Compiling KEY-HELP trigger on SALDO_INICIAL item in CNTBNC data block...
   No compilation errors.

Compiling WHEN-NEW-ITEM-INSTANCE trigger on CLASE_TARJETA item in CNTBNC data block...
   No compilation errors.

Compiling KEY-HELP trigger on CLASE_TARJETA item in CNTBNC data block...
   No compilation errors.

Compiling ON-LOCK trigger on LBR data block...
   No compilation errors.

Compiling POST-INSERT trigger on LBR data block...
   No compilation errors.

Compiling POST-QUERY trigger on LBR data block...
   No compilation errors.

Compiling PRE-BLOCK trigger on LBR data block...
   No compilation errors.

Compiling PRE-QUERY trigger on LBR data block...
   No compilation errors.

Compiling WHEN-DATABASE-RECORD trigger on LBR data block...
   No compilation errors.

Compiling WHEN-NEW-BLOCK-INSTANCE trigger on LBR data block...
   No compilation errors.

Compiling WHEN-NEW-RECORD-INSTANCE trigger on LBR data block...
   No compilation errors.

Compiling WHEN-REMOVE-RECORD trigger on LBR data block...
   No compilation errors.

Compiling POST-SELECT trigger on LBR data block...
   No compilation errors.

Compiling PRE-INSERT trigger on LBR data block...
   No compilation errors.

Compiling ON-ERROR trigger on LBR data block...
   No compilation errors.

Compiling KEY-HELP trigger on LBR data block...
   No compilation errors.

Compiling WHEN-NEW-ITEM-INSTANCE trigger on REC_ACTUAL item in LBR data block...
   No compilation errors.

Compiling WHEN-NEW-ITEM-INSTANCE trigger on CNTBNC_EMP_CODIGO item in LBR data block...
   No compilation errors.

Compiling KEY-HELP trigger on CNTBNC_EMP_CODIGO item in LBR data block...
   No compilation errors.

Compiling WHEN-NEW-ITEM-INSTANCE trigger on CNTBNC_NUMERO item in LBR data block...
   No compilation errors.

Compiling KEY-HELP trigger on CNTBNC_NUMERO item in LBR data block...
   No compilation errors.

Compiling WHEN-NEW-ITEM-INSTANCE trigger on CNTBNC_TIPO item in LBR data block...
   No compilation errors.

Compiling KEY-HELP trigger on CNTBNC_TIPO item in LBR data block...
   No compilation errors.

Compiling WHEN-NEW-ITEM-INSTANCE trigger on NUMERO item in LBR data block...
   No compilation errors.

Compiling KEY-HELP trigger on NUMERO item in LBR data block...
   No compilation errors.

Compiling WHEN-NEW-ITEM-INSTANCE trigger on TPOMVM_CODIGO item in LBR data block...
   No compilation errors.

Compiling WHEN-VALIDATE-ITEM trigger on TPOMVM_CODIGO item in LBR data block...
   No compilation errors.

Compiling KEY-HELP trigger on TPOMVM_CODIGO item in LBR data block...
   No compilation errors.

Compiling WHEN-LIST-CHANGED trigger on TPOMVM_CODIGO item in LBR data block...
   No compilation errors.

Compiling WHEN-NEW-ITEM-INSTANCE trigger on FECHA item in LBR data block...
   No compilation errors.

Compiling KEY-LISTVAL trigger on FECHA item in LBR data block...
   No compilation errors.

Compiling KEY-HELP trigger on FECHA item in LBR data block...
   No compilation errors.

Compiling WHEN-NEW-ITEM-INSTANCE trigger on DESCRIPCION item in LBR data block...
   No compilation errors.

Compiling KEY-HELP trigger on DESCRIPCION item in LBR data block...
   No compilation errors.

Compiling WHEN-NEW-ITEM-INSTANCE trigger on NUMERO_DOCUMENTO item in LBR data block...
   No compilation errors.

Compiling KEY-HELP trigger on NUMERO_DOCUMENTO item in LBR data block...
   No compilation errors.

Compiling WHEN-NEW-ITEM-INSTANCE trigger on DEBE item in LBR data block...
   No compilation errors.

Compiling KEY-HELP trigger on DEBE item in LBR data block...
   No compilation errors.

Compiling WHEN-NEW-ITEM-INSTANCE trigger on HABER item in LBR data block...
   No compilation errors.

Compiling KEY-HELP trigger on HABER item in LBR data block...
   No compilation errors.

Compiling WHEN-NEW-ITEM-INSTANCE trigger on ESTADO item in LBR data block...
   No compilation errors.

Compiling KEY-HELP trigger on ESTADO item in LBR data block...
   No compilation errors.

Compiling WHEN-LIST-CHANGED trigger on ESTADO item in LBR data block...
   No compilation errors.

Compiling WHEN-NEW-ITEM-INSTANCE trigger on OBSERVACIONES item in LBR data block...
   No compilation errors.

Compiling KEY-HELP trigger on OBSERVACIONES item in LBR data block...
   No compilation errors.

Compiling WHEN-NEW-ITEM-INSTANCE trigger on USUARIO_CREA item in LBR data block...
   No compilation errors.

Compiling KEY-HELP trigger on USUARIO_CREA item in LBR data block...
   No compilation errors.

Compiling WHEN-NEW-ITEM-INSTANCE trigger on CMP_TIPO item in LBR data block...
   No compilation errors.

Compiling KEY-HELP trigger on CMP_TIPO item in LBR data block...
   No compilation errors.

Compiling WHEN-NEW-ITEM-INSTANCE trigger on CMP_FECHA item in LBR data block...
   No compilation errors.

Compiling KEY-LISTVAL trigger on CMP_FECHA item in LBR data block...
   No compilation errors.

Compiling WHEN-NEW-ITEM-INSTANCE trigger on CMP_CLAVE item in LBR data block...
   No compilation errors.

Compiling KEY-HELP trigger on CMP_CLAVE item in LBR data block...
   No compilation errors.

Compiling WHEN-NEW-ITEM-INSTANCE trigger on BTN_CONTABILIZAR item in LBR data block...
   No compilation errors.

Compiling WHEN-BUTTON-PRESSED trigger on BTN_CONTABILIZAR item in LBR data block...
   No compilation errors.

Compiling WHEN-NEW-ITEM-INSTANCE trigger on BTN_COMPROBANTE item in LBR data block...
   No compilation errors.

Compiling WHEN-BUTTON-PRESSED trigger on BTN_COMPROBANTE item in LBR data block...
   No compilation errors.

Compiling WHEN-NEW-ITEM-INSTANCE trigger on ESTADO_CONTABILIZA item in LBR data block...
   No compilation errors.

Compiling KEY-HELP trigger on ESTADO_CONTABILIZA item in LBR data block...
   No compilation errors.

Compiling WHEN-NEW-ITEM-INSTANCE trigger on FECHA_CONCILIACION item in LBR data block...
   No compilation errors.

Compiling KEY-LISTVAL trigger on FECHA_CONCILIACION item in LBR data block...
   No compilation errors.

Compiling KEY-HELP trigger on FECHA_CONCILIACION item in LBR data block...
   No compilation errors.

Compiling WHEN-NEW-ITEM-INSTANCE trigger on USUARIO_CONCILIA item in LBR data block...
   No compilation errors.

Compiling KEY-HELP trigger on USUARIO_CONCILIA item in LBR data block...
   No compilation errors.

Compiling KEY-CLRREC trigger on CG$CTRL data block...
   No compilation errors.

Compiling KEY-CREREC trigger on CG$CTRL data block...
   No compilation errors.

Compiling KEY-DOWN trigger on CG$CTRL data block...
   No compilation errors.

Compiling KEY-NXTREC trigger on CG$CTRL data block...
   No compilation errors.

Compiling KEY-SCRDOWN trigger on CG$CTRL data block...
   No compilation errors.

Compiling KEY-UP trigger on CG$CTRL data block...
   No compilation errors.

Compiling KEY-PRVREC trigger on CG$CTRL data block...
   No compilation errors.

Compiling KEY-SCRUP trigger on CG$CTRL data block...
   No compilation errors.

Compiling ON-ERROR trigger on CG$CTRL data block...
   No compilation errors.

Compiling PRE-BLOCK trigger on CG$CTRL data block...
   No compilation errors.

Compiling WHEN-NEW-BLOCK-INSTANCE trigger on CG$CTRL data block...
   No compilation errors.


Created form file C:\sAS\bIN\bnc\FRM\cntinglbr.fmx
