
SQL*Loader: Release 9.2.0.1.0 - Production on Mié Nov 8 09:28:10 2006

Copyright (c) 1982, 2002, Oracle Corporation.  All rights reserved.

Control File:   CNTPRV.CTL
Data File:      cntPRV.txt
  Bad File:     cntPRV.bad
  Discard File:  none specified
 
 (Allow all discards)

Number to load: ALL
Number to skip: 0
Errors allowed: 50
Bind array:     64 rows, maximum of 256000 bytes
Continuation:    none specified
Path used:      Conventional

Table CUENTAS_A_SUBIR, loaded from every logical record.
Insert option in effect for this table: INSERT

   Column Name                  Position   Len  Term Encl Datatype
------------------------------ ---------- ----- ---- ---- ---------------------
CUENTA                              FIRST     *   }       CHARACTER            
DESCRIPCION                          NEXT     *   }       CHARACTER            
CODIGO                               NEXT     *   }       CHARACTER            
TIPO                                 NEXT     *   }       CHARACTER            


Table CUENTAS_A_SUBIR:
  543 Rows successfully loaded.
  0 Rows not loaded due to data errors.
  0 Rows not loaded because all WHEN clauses were failed.
  0 Rows not loaded because all fields were null.


Space allocated for bind array:                  66048 bytes(64 rows)
Read   buffer bytes: 1048576

Total logical records skipped:          0
Total logical records read:           543
Total logical records rejected:         0
Total logical records discarded:        0

Run began on Mié Nov 08 09:28:10 2006
Run ended on Mié Nov 08 09:28:11 2006

Elapsed time was:     00:00:01.17
CPU time was:         00:00:00.03
