
SQL*Loader: Release 9.2.0.1.0 - Production on Wed Jun 13 20:33:59 2007

Copyright (c) 1982, 2002, Oracle Corporation.  All rights reserved.

Control File:   RDP.CTL
Data File:      ARREGLO.txt
  Bad File:     ARREGLO.bad
  Discard File:  none specified
 
 (Allow all discards)

Number to load: ALL
Number to skip: 0
Errors allowed: 50
Bind array:     64 rows, maximum of 256000 bytes
Continuation:    none specified
Path used:      Conventional

Table CORRECCION_RDP, loaded from every logical record.
Insert option in effect for this table: INSERT

   Column Name                  Position   Len  Term Encl Datatype
------------------------------ ---------- ----- ---- ---- ---------------------
CODIGO                              FIRST     *   }       CHARACTER            
VALOR                                NEXT     *   }       CHARACTER            


Table CORRECCION_RDP:
  499 Rows successfully loaded.
  0 Rows not loaded due to data errors.
  0 Rows not loaded because all WHEN clauses were failed.
  0 Rows not loaded because all fields were null.


Space allocated for bind array:                  33024 bytes(64 rows)
Read   buffer bytes: 1048576

Total logical records skipped:          0
Total logical records read:           499
Total logical records rejected:         0
Total logical records discarded:        0

Run began on Wed Jun 13 20:33:59 2007
Run ended on Wed Jun 13 20:33:59 2007

Elapsed time was:     00:00:00.13
CPU time was:         00:00:00.06
