

***********************************************************************
Fatal OSN connect error 12154, connecting to:
 CSMC

  VERSION INFORMATION:
	TNS for 32-bit Windows: Version 2.3.4.0.0 - Production
  Time: 01-SEP-06 16:03:29
  Tracing not turned on.


***********************************************************************
Fatal OSN connect error 12154, connecting to:
 CSMC

  VERSION INFORMATION:
	TNS for 32-bit Windows: Version 2.3.4.0.0 - Production
  Time: 01-SEP-06 16:03:33
  Tracing not turned on.


***********************************************************************
Fatal NI connect error 12560, connecting to:
 (DESCRIPTION=(ADDRESS=(PROTOCOL=BEQ)(PROGRAM=oracle)(ARGV0=oracleRepQuito)(ARGS='(DESCRIPTION=(LOCAL=YES)(ADDRESS=(PROTOCOL=beq)))'))(CONNECT_DATA=(SID=RepQuito)(CID=(PROGRAM=C:\ORAENT\bin\SQLLDR.EXE)(HOST=HP_CPQ2)(USER=xxx))))

  VERSION INFORMATION:
	TNS for 32-bit Windows: Version 9.2.0.1.0 - Production
	Oracle Bequeath NT Protocol Adapter for 32-bit Windows: Version 9.2.0.1.0 - Production
  Time: 13-JUN-2007 19:03:39
  Tracing not turned on.
  Tns error struct:
    nr err code: 0
    ns main err code: 12560
    TNS-12560: TNS:protocol adapter error
    ns secondary err code: 0
    nt main err code: 530
    TNS-00530: Protocol adapter error
    nt secondary err code: 2
    nt OS err code: 0
