Compiling package specification CG$BNCINGLBR_GLOBALS... 
   No compilation errors.

Compiling procedure CGDV$POPULATE_DYNAMIC_LISTS... 
   No compilation errors.

Compiling procedure CGFK$QRY_CNTBNC_CNTBNC_ENTFNC_... 
   No compilation errors.

Compiling procedure CGSF$CLR_CNTBNC_CNTBNC_ENTFNC_... 
   No compilation errors.

Compiling procedure CGUI$GET_NEXT_LBR_SEQ... 
   No compilation errors.

Compiling procedure CGFK$QRY_LBR_LBR_TPOCMPEMP_FK... 
   No compilation errors.

Compiling procedure CGFK$CHK_LBR_LBR_TPOMVM_FK... 
   No compilation errors.

Compiling procedure CGFK$QRY_LBR_LBR_TPOMVM_FK... 
   No compilation errors.

Compiling procedure CGSF$CLR_LBR_LBR_TPOMVM_FK... 
   No compilation errors.

Compiling procedure CGUV$CHK_LBR_UK... 
   No compilation errors.

Compiling function CGTE$CHECK_CONSTRAINT_VIO... 
   No compilation errors.

Compiling procedure CGTE$CNTBNC_ERRORS... 
   No compilation errors.

Compiling procedure CGTE$LBR_ERRORS... 
   No compilation errors.

Compiling procedure CGNV$AI_BTN_VER_COMPROBANTE... 
   No compilation errors.

Compiling procedure CGLY$DISPLAY_CANVASES... 
   No compilation errors.

Compiling procedure CGLY$GET_RELATED_CANVASES... 
   No compilation errors.

Compiling procedure CGLY$CANVAS_MANAGEMENT... 
   No compilation errors.

Compiling procedure CGBS$TOGGLE... 
   No compilation errors.

Compiling procedure CONFORMAR_LISTA... 
   No compilation errors.

Compiling procedure FIJA_VENTANA_TIPO... 
   No compilation errors.

Compiling procedure FIJAR_HABILITACIONES_CNT... 
   No compilation errors.

Compiling procedure HABILITAR_CAMPOS... 
   No compilation errors.

Compiling POST-FORM trigger on form...
   No compilation errors.

Compiling CALENDAR_WROTE_DATE trigger on form...
   No compilation errors.

Compiling KEY-EXIT trigger on form...
   No compilation errors.

Compiling POST-FORMS-COMMIT trigger on form...
   No compilation errors.

Compiling KEY-CLRFRM trigger on form...
   No compilation errors.

Compiling KEY-HELP trigger on form...
   No compilation errors.

Compiling KEY-MENU trigger on form...
   No compilation errors.

Compiling ON-ERROR trigger on form...
   No compilation errors.

Compiling ON-MESSAGE trigger on form...
   No compilation errors.

Compiling PRE-FORM trigger on form...
   No compilation errors.

Compiling QUERY_FIND trigger on form...
   No compilation errors.

Compiling QMS$MENU_ITEM trigger on form...
   No compilation errors.

Compiling WHEN-NEW-BLOCK-INSTANCE trigger on form...
   No compilation errors.

Compiling WHEN-NEW-FORM-INSTANCE trigger on form...
   No compilation errors.

Compiling WHEN-WINDOW-CLOSED trigger on form...
   No compilation errors.

Compiling WHEN-WINDOW-ACTIVATED trigger on form...
   No compilation errors.

Compiling WHEN-WINDOW-RESIZED trigger on form...
   No compilation errors.

Compiling POST-TEXT-ITEM trigger on form...
   No compilation errors.

Compiling WHEN-FORM-NAVIGATE trigger on form...
   No compilation errors.

Compiling ON-CLEAR-DETAILS trigger on form...
   No compilation errors.

Compiling ON-POPULATE-DETAILS trigger on form...
   No compilation errors.

Compiling KEY-ENTQRY trigger on form...
   No compilation errors.

Compiling KEY-EXEQRY trigger on form...
   No compilation errors.

Compiling KEY-CQUERY trigger on form...
   No compilation errors.

Compiling KEY-CLRBLK trigger on form...
   No compilation errors.

Compiling KEY-CLRREC trigger on form...
   No compilation errors.

Compiling KEY-NXTKEY trigger on form...
   No compilation errors.

Compiling WHEN-RADIO-CHANGED trigger on CALENDAR data block...
   No compilation errors.

Compiling KEY-OTHERS trigger on CALENDAR data block...
   No compilation errors.

Compiling KEY-NEXT-ITEM trigger on CALENDAR data block...
   No compilation errors.

Compiling KEY-PREV-ITEM trigger on CALENDAR data block...
   No compilation errors.

Compiling KEY-ENTER trigger on CALENDAR data block...
   No compilation errors.

Compiling WHEN-BUTTON-PRESSED trigger on CALENDAR data block...
   No compilation errors.

Compiling WHEN-LIST-CHANGED trigger on CALENDAR data block...
   No compilation errors.

Compiling WHEN-MOUSE-CLICK trigger on CALENDAR data block...
   No compilation errors.

Compiling KEY-DOWN trigger on CALENDAR data block...
   No compilation errors.

Compiling KEY-UP trigger on CALENDAR data block...
   No compilation errors.

Compiling KEY-NXTREC trigger on CALENDAR data block...
   No compilation errors.

Compiling KEY-PRVREC trigger on CALENDAR data block...
   No compilation errors.

Compiling WHEN-MOUSE-DOUBLECLICK trigger on CALENDAR data block...
   No compilation errors.

Compiling WHEN-NEW-ITEM-INSTANCE trigger on HOUR item in CALENDAR data block...
   No compilation errors.

Compiling WHEN-NEW-ITEM-INSTANCE trigger on MINUTE item in CALENDAR data block...
   No compilation errors.

Compiling WHEN-NEW-ITEM-INSTANCE trigger on OK item in CALENDAR data block...
   No compilation errors.

Compiling WHEN-BUTTON-PRESSED trigger on OK item in CALENDAR data block...
   No compilation errors.

Compiling KEY-PREV-ITEM trigger on OK item in CALENDAR data block...
   No compilation errors.

Compiling WHEN-NEW-ITEM-INSTANCE trigger on CANCEL item in CALENDAR data block...
   No compilation errors.

Compiling WHEN-BUTTON-PRESSED trigger on CANCEL item in CALENDAR data block...
   No compilation errors.

Compiling KEY-NEXT-ITEM trigger on MONTH_AND_YEAR item in CALENDAR data block...
   No compilation errors.

Compiling WHEN-MOUSE-CLICK trigger on PREV_MONTH item in CALENDAR data block...
   No compilation errors.

Compiling WHEN-MOUSE-CLICK trigger on NEXT_MONTH item in CALENDAR data block...
   No compilation errors.

Compiling WHEN-MOUSE-CLICK trigger on NEXT_YEAR item in CALENDAR data block...
   No compilation errors.

Compiling WHEN-MOUSE-CLICK trigger on PREV_YEAR item in CALENDAR data block...
   No compilation errors.

Compiling WHEN-NEW-ITEM-INSTANCE trigger on AM_PM item in CALENDAR data block...
   No compilation errors.

Compiling WHEN-BUTTON-PRESSED trigger on QMS$TOOLBAR data block...
   No compilation errors.

Compiling WHEN-LIST-CHANGED trigger on ORDER_BY item in QMS$TOOLBAR data block...
   No compilation errors.

Compiling ON-LOCK trigger on CNTBNC data block...
   No compilation errors.

Compiling POST-INSERT trigger on CNTBNC data block...
   No compilation errors.

Compiling POST-QUERY trigger on CNTBNC data block...
   No compilation errors.

Compiling PRE-BLOCK trigger on CNTBNC data block...
   No compilation errors.

Compiling PRE-QUERY trigger on CNTBNC data block...
   No compilation errors.

Compiling WHEN-DATABASE-RECORD trigger on CNTBNC data block...
   No compilation errors.

Compiling WHEN-NEW-BLOCK-INSTANCE trigger on CNTBNC data block...
   No compilation errors.

Compiling WHEN-NEW-RECORD-INSTANCE trigger on CNTBNC data block...
   No compilation errors.

Compiling WHEN-REMOVE-RECORD trigger on CNTBNC data block...
   No compilation errors.

Compiling POST-SELECT trigger on CNTBNC data block...
   No compilation errors.

Compiling ON-ERROR trigger on CNTBNC data block...
   No compilation errors.

Compiling WHEN-NEW-ITEM-INSTANCE trigger on NOMBRE item in CNTBNC data block...
   No compilation errors.

Compiling KEY-PREV-ITEM trigger on NOMBRE item in CNTBNC data block...
   No compilation errors.

Compiling WHEN-NEW-ITEM-INSTANCE trigger on EMP_CODIGO item in CNTBNC data block...
   No compilation errors.

Compiling WHEN-NEW-ITEM-INSTANCE trigger on TIPO item in CNTBNC data block...
   No compilation errors.

Compiling WHEN-NEW-ITEM-INSTANCE trigger on NUMERO item in CNTBNC data block...
   No compilation errors.

Compiling WHEN-NEW-ITEM-INSTANCE trigger on PROPIETARIO item in CNTBNC data block...
   No compilation errors.

Compiling WHEN-NEW-ITEM-INSTANCE trigger on MONEDA item in CNTBNC data block...
   No compilation errors.

Compiling WHEN-NEW-ITEM-INSTANCE trigger on CLASE_TARJETA item in CNTBNC data block...
   No compilation errors.

Compiling KEY-NEXT-ITEM trigger on CLASE_TARJETA item in CNTBNC data block...
   No compilation errors.

Compiling WHEN-NEW-ITEM-INSTANCE trigger on ENTFNC_CODIGO item in CNTBNC data block...
   No compilation errors.

Compiling WHEN-NEW-ITEM-INSTANCE trigger on FECHA_APERTURA item in CNTBNC data block...
   No compilation errors.

Compiling KEY-LISTVAL trigger on FECHA_APERTURA item in CNTBNC data block...
   No compilation errors.

Compiling WHEN-NEW-ITEM-INSTANCE trigger on REPORTE item in CNTBNC data block...
   No compilation errors.

Compiling ON-LOCK trigger on LBR data block...
   No compilation errors.

Compiling POST-INSERT trigger on LBR data block...
   No compilation errors.

Compiling POST-QUERY trigger on LBR data block...
   No compilation errors.

Compiling PRE-BLOCK trigger on LBR data block...
   No compilation errors.

Compiling PRE-QUERY trigger on LBR data block...
   No compilation errors.

Compiling WHEN-DATABASE-RECORD trigger on LBR data block...
   No compilation errors.

Compiling WHEN-NEW-BLOCK-INSTANCE trigger on LBR data block...
   No compilation errors.

Compiling WHEN-NEW-RECORD-INSTANCE trigger on LBR data block...
   No compilation errors.

Compiling WHEN-REMOVE-RECORD trigger on LBR data block...
   No compilation errors.

Compiling POST-SELECT trigger on LBR data block...
   No compilation errors.

Compiling PRE-INSERT trigger on LBR data block...
   No compilation errors.

Compiling KEY-DUPREC trigger on LBR data block...
   No compilation errors.

Compiling ON-ERROR trigger on LBR data block...
   No compilation errors.

Compiling PRE-UPDATE trigger on LBR data block...
   No compilation errors.

Compiling POST-UPDATE trigger on LBR data block...
   No compilation errors.

Compiling WHEN-NEW-ITEM-INSTANCE trigger on LBR_IND item in LBR data block...
   No compilation errors.

Compiling WHEN-NEW-ITEM-INSTANCE trigger on OPERACION item in LBR data block...
   No compilation errors.

Compiling WHEN-NEW-ITEM-INSTANCE trigger on REC_ACTUAL item in LBR data block...
   No compilation errors.

Compiling WHEN-NEW-ITEM-INSTANCE trigger on APLICABLE item in LBR data block...
   No compilation errors.

Compiling WHEN-NEW-ITEM-INSTANCE trigger on CNTBNC_EMP_CODIGO item in LBR data block...
   No compilation errors.

Compiling WHEN-NEW-ITEM-INSTANCE trigger on L_TPOCMP_NOMBRE item in LBR data block...
   No compilation errors.

Compiling WHEN-NEW-ITEM-INSTANCE trigger on CNTBNC_NUMERO item in LBR data block...
   No compilation errors.

Compiling WHEN-NEW-ITEM-INSTANCE trigger on CONTABILIZACION item in LBR data block...
   No compilation errors.

Compiling WHEN-NEW-ITEM-INSTANCE trigger on L_TPOCMP_CODIGO item in LBR data block...
   No compilation errors.

Compiling WHEN-NEW-ITEM-INSTANCE trigger on CNTBNC_TIPO item in LBR data block...
   No compilation errors.

Compiling WHEN-NEW-ITEM-INSTANCE trigger on INGRESA_REFERENCIA item in LBR data block...
   No compilation errors.

Compiling WHEN-NEW-ITEM-INSTANCE trigger on ESTADO_DE_DISPONIBILIDAD item in LBR data block...
   No compilation errors.

Compiling WHEN-NEW-ITEM-INSTANCE trigger on NUMERO item in LBR data block...
   No compilation errors.

Compiling WHEN-NEW-ITEM-INSTANCE trigger on TPOMVM_CODIGO item in LBR data block...
   No compilation errors.

Compiling WHEN-VALIDATE-ITEM trigger on TPOMVM_CODIGO item in LBR data block...
   No compilation errors.

Compiling KEY-PREV-ITEM trigger on TPOMVM_CODIGO item in LBR data block...
   No compilation errors.

Compiling WHEN-LIST-CHANGED trigger on TPOMVM_CODIGO item in LBR data block...
   No compilation errors.

Compiling WHEN-LIST-ACTIVATED trigger on TPOMVM_CODIGO item in LBR data block...
   No compilation errors.

Compiling WHEN-NEW-ITEM-INSTANCE trigger on FECHA item in LBR data block...
   No compilation errors.

Compiling KEY-LISTVAL trigger on FECHA item in LBR data block...
   No compilation errors.

Compiling WHEN-VALIDATE-ITEM trigger on FECHA item in LBR data block...
   No compilation errors.

Compiling WHEN-NEW-ITEM-INSTANCE trigger on DESCRIPCION item in LBR data block...
   No compilation errors.

Compiling WHEN-VALIDATE-ITEM trigger on DESCRIPCION item in LBR data block...
   No compilation errors.

Compiling WHEN-NEW-ITEM-INSTANCE trigger on NUMERO_DOCUMENTO item in LBR data block...
   No compilation errors.

Compiling WHEN-VALIDATE-ITEM trigger on NUMERO_DOCUMENTO item in LBR data block...
   No compilation errors.

Compiling WHEN-NEW-ITEM-INSTANCE trigger on DEBE item in LBR data block...
   No compilation errors.

Compiling WHEN-VALIDATE-ITEM trigger on DEBE item in LBR data block...
   No compilation errors.

Compiling WHEN-NEW-ITEM-INSTANCE trigger on HABER item in LBR data block...
   No compilation errors.

Compiling WHEN-VALIDATE-ITEM trigger on HABER item in LBR data block...
   No compilation errors.

Compiling WHEN-NEW-ITEM-INSTANCE trigger on ESTADO item in LBR data block...
   No compilation errors.

Compiling WHEN-VALIDATE-ITEM trigger on ESTADO item in LBR data block...
   No compilation errors.

Compiling WHEN-LIST-CHANGED trigger on ESTADO item in LBR data block...
   No compilation errors.

Compiling WHEN-NEW-ITEM-INSTANCE trigger on TOTAL_DEBE item in LBR data block...
   No compilation errors.

Compiling WHEN-NEW-ITEM-INSTANCE trigger on TOTAL_HABER item in LBR data block...
   No compilation errors.

Compiling WHEN-NEW-ITEM-INSTANCE trigger on FECHA_REAL item in LBR data block...
   No compilation errors.

Compiling KEY-LISTVAL trigger on FECHA_REAL item in LBR data block...
   No compilation errors.

Compiling WHEN-NEW-ITEM-INSTANCE trigger on OBSERVACIONES item in LBR data block...
   No compilation errors.

Compiling WHEN-NEW-ITEM-INSTANCE trigger on USUARIO_CREA item in LBR data block...
   No compilation errors.

Compiling WHEN-NEW-ITEM-INSTANCE trigger on CMP_TIPO item in LBR data block...
   No compilation errors.

Compiling WHEN-VALIDATE-ITEM trigger on CMP_TIPO item in LBR data block...
   No compilation errors.

Compiling WHEN-NEW-ITEM-INSTANCE trigger on CMP_CLAVE item in LBR data block...
   No compilation errors.

Compiling WHEN-VALIDATE-ITEM trigger on CMP_CLAVE item in LBR data block...
   No compilation errors.

Compiling WHEN-NEW-ITEM-INSTANCE trigger on CMP_FECHA item in LBR data block...
   No compilation errors.

Compiling KEY-LISTVAL trigger on CMP_FECHA item in LBR data block...
   No compilation errors.

Compiling WHEN-VALIDATE-ITEM trigger on CMP_FECHA item in LBR data block...
   No compilation errors.

Compiling WHEN-NEW-ITEM-INSTANCE trigger on BTN_CONTABILIZAR item in LBR data block...
   No compilation errors.

Compiling WHEN-BUTTON-PRESSED trigger on BTN_CONTABILIZAR item in LBR data block...
   No compilation errors.

Compiling WHEN-NEW-ITEM-INSTANCE trigger on BTN_COMPROBANTE item in LBR data block...
   No compilation errors.

Compiling WHEN-BUTTON-PRESSED trigger on BTN_COMPROBANTE item in LBR data block...
   No compilation errors.

Compiling WHEN-NEW-ITEM-INSTANCE trigger on BTN_IMPRIMIR item in LBR data block...
   No compilation errors.

Compiling WHEN-BUTTON-PRESSED trigger on BTN_IMPRIMIR item in LBR data block...
   No compilation errors.

Compiling KEY-NEXT-ITEM trigger on BTN_IMPRIMIR item in LBR data block...
   No compilation errors.

Compiling WHEN-NEW-ITEM-INSTANCE trigger on ESTADO_CONTABILIZA item in LBR data block...
   No compilation errors.

Compiling WHEN-NEW-ITEM-INSTANCE trigger on FECHA_CONCILIACION item in LBR data block...
   No compilation errors.

Compiling KEY-LISTVAL trigger on FECHA_CONCILIACION item in LBR data block...
   No compilation errors.

Compiling WHEN-NEW-ITEM-INSTANCE trigger on USUARIO_CONCILIA item in LBR data block...
   No compilation errors.

Compiling KEY-CLRREC trigger on TIPOMOV data block...
   No compilation errors.

Compiling KEY-CREREC trigger on TIPOMOV data block...
   No compilation errors.

Compiling KEY-DOWN trigger on TIPOMOV data block...
   No compilation errors.

Compiling KEY-NXTREC trigger on TIPOMOV data block...
   No compilation errors.

Compiling KEY-SCRDOWN trigger on TIPOMOV data block...
   No compilation errors.

Compiling KEY-UP trigger on TIPOMOV data block...
   No compilation errors.

Compiling KEY-PRVREC trigger on TIPOMOV data block...
   No compilation errors.

Compiling KEY-SCRUP trigger on TIPOMOV data block...
   No compilation errors.

Compiling ON-ERROR trigger on TIPOMOV data block...
   No compilation errors.

Compiling PRE-BLOCK trigger on TIPOMOV data block...
   No compilation errors.

Compiling WHEN-NEW-BLOCK-INSTANCE trigger on TIPOMOV data block...
   No compilation errors.

Compiling WHEN-NEW-ITEM-INSTANCE trigger on MOV_TIPO item in TIPOMOV data block...
   No compilation errors.

Compiling KEY-PREV-ITEM trigger on MOV_TIPO item in TIPOMOV data block...
   No compilation errors.

Compiling KEY-NEXT-ITEM trigger on MOV_TIPO item in TIPOMOV data block...
   No compilation errors.

Compiling WHEN-VALIDATE-ITEM trigger on MOV_TIPO item in TIPOMOV data block...
   No compilation errors.

Compiling WHEN-LIST-CHANGED trigger on MOV_TIPO item in TIPOMOV data block...
   No compilation errors.

Compiling KEY-CLRREC trigger on CGNV$WINDOW_1 data block...
   No compilation errors.

Compiling KEY-CREREC trigger on CGNV$WINDOW_1 data block...
   No compilation errors.

Compiling KEY-DOWN trigger on CGNV$WINDOW_1 data block...
   No compilation errors.

Compiling KEY-NXTREC trigger on CGNV$WINDOW_1 data block...
   No compilation errors.

Compiling KEY-SCRDOWN trigger on CGNV$WINDOW_1 data block...
   No compilation errors.

Compiling KEY-UP trigger on CGNV$WINDOW_1 data block...
   No compilation errors.

Compiling KEY-PRVREC trigger on CGNV$WINDOW_1 data block...
   No compilation errors.

Compiling KEY-SCRUP trigger on CGNV$WINDOW_1 data block...
   No compilation errors.

Compiling ON-ERROR trigger on CGNV$WINDOW_1 data block...
   No compilation errors.

Compiling PRE-BLOCK trigger on CGNV$WINDOW_1 data block...
   No compilation errors.

Compiling WHEN-NEW-BLOCK-INSTANCE trigger on CGNV$WINDOW_1 data block...
   No compilation errors.

Compiling WHEN-NEW-ITEM-INSTANCE trigger on BTN_VER_COMPROBANTE item in CGNV$WINDOW_1 data block...
   No compilation errors.

Compiling WHEN-BUTTON-PRESSED trigger on BTN_VER_COMPROBANTE item in CGNV$WINDOW_1 data block...
   No compilation errors.

Compiling KEY-CLRREC trigger on CG$CTRL data block...
   No compilation errors.

Compiling KEY-CREREC trigger on CG$CTRL data block...
   No compilation errors.

Compiling KEY-DOWN trigger on CG$CTRL data block...
   No compilation errors.

Compiling KEY-NXTREC trigger on CG$CTRL data block...
   No compilation errors.

Compiling KEY-SCRDOWN trigger on CG$CTRL data block...
   No compilation errors.

Compiling KEY-UP trigger on CG$CTRL data block...
   No compilation errors.

Compiling KEY-PRVREC trigger on CG$CTRL data block...
   No compilation errors.

Compiling KEY-SCRUP trigger on CG$CTRL data block...
   No compilation errors.

Compiling ON-ERROR trigger on CG$CTRL data block...
   No compilation errors.

Compiling PRE-BLOCK trigger on CG$CTRL data block...
   No compilation errors.

Compiling WHEN-NEW-BLOCK-INSTANCE trigger on CG$CTRL data block...
   No compilation errors.

Compiling WHEN-NEW-ITEM-INSTANCE trigger on CG$PAGE_1_LIST item in CG$CTRL data block...
   No compilation errors.

Compiling WHEN-NEW-ITEM-INSTANCE trigger on CG$PAGE_2_LIST item in CG$CTRL data block...
   No compilation errors.

Compiling WHEN-NEW-ITEM-INSTANCE trigger on CG$WINDOWCALENDAR_PAGE item in CG$CTRL data block...
   No compilation errors.

Compiling WHEN-NEW-ITEM-INSTANCE trigger on CG$WINDOWLIBROS_PAGE item in CG$CTRL data block...
   No compilation errors.

Compiling WHEN-NEW-ITEM-INSTANCE trigger on CG$WINDOWWINDOW_PAGE item in CG$CTRL data block...
   No compilation errors.

Compiling WHEN-NEW-ITEM-INSTANCE trigger on CG$WINDOWQMS$HIDDEN_ITEMS_PAGE item in CG$CTRL data block...
   No compilation errors.

Compiling WHEN-NEW-ITEM-INSTANCE trigger on CG$LAST_CANVAS item in CG$CTRL data block...
   No compilation errors.


Created form file M:\sas\bin\bnc\frm\bncinglbr.fmx
