Compiling procedure CG$WHEN_NEW_FORM_INSTANCE... 
   No compilation errors.

Compiling procedure CGFK$QRY_DPR_DPR_ARA_FK... 
   No compilation errors.

Compiling procedure CGFK$QRY_HRRMDC_HRRMDC_PRS_FK... 
   No compilation errors.

Compiling procedure CGFK$CHK_HRRMDC_HRRMDC_PRS_FK... 
   No compilation errors.

Compiling procedure CGSF$CLRLU_HRRMDC_HRRMDC_PRS_F... 
   No compilation errors.

Compiling procedure CGFK$CHK_HRRMDC_HRRMDC_DPR_FK... 
   No compilation errors.

Compiling procedure CGUV$CHK_HRRMDC_PK... 
   No compilation errors.

Compiling procedure CGSP$DERIVE_HRRMDC_NUMERO... 
   No compilation errors.

Compiling procedure CGUV$CHK_DIAFST_PK... 
   No compilation errors.

Compiling procedure CGUV$CHK_DIALBR_PK... 
   No compilation errors.

Compiling function CGTE$CHECK_CONSTRAINT_VIO... 
   No compilation errors.

Compiling procedure CGNV$PREV_ITEM... 
   No compilation errors.

Compiling procedure CGBS$TOGGLE... 
   No compilation errors.

Compiling POST-FORM trigger on form...
   No compilation errors.

Compiling CALENDAR_WROTE_DATE trigger on form...
   No compilation errors.

Compiling KEY-EXIT trigger on form...
   No compilation errors.

Compiling POST-FORMS-COMMIT trigger on form...
   No compilation errors.

Compiling KEY-CLRFRM trigger on form...
   No compilation errors.

Compiling KEY-HELP trigger on form...
   No compilation errors.

Compiling KEY-MENU trigger on form...
   No compilation errors.

Compiling ON-ERROR trigger on form...
   No compilation errors.

Compiling ON-MESSAGE trigger on form...
   No compilation errors.

Compiling PRE-FORM trigger on form...
   No compilation errors.

Compiling QUERY_FIND trigger on form...
   No compilation errors.

Compiling QMS$MENU_ITEM trigger on form...
   No compilation errors.

Compiling WHEN-NEW-BLOCK-INSTANCE trigger on form...
   No compilation errors.

Compiling WHEN-NEW-FORM-INSTANCE trigger on form...
   No compilation errors.

Compiling WHEN-WINDOW-CLOSED trigger on form...
   No compilation errors.

Compiling WHEN-WINDOW-ACTIVATED trigger on form...
   No compilation errors.

Compiling WHEN-WINDOW-RESIZED trigger on form...
   No compilation errors.

Compiling KEY-PREV-ITEM trigger on form...
   No compilation errors.

Compiling POST-BLOCK trigger on form...
   No compilation errors.

Compiling ON-CLEAR-DETAILS trigger on form...
   No compilation errors.

Compiling ON-POPULATE-DETAILS trigger on form...
   No compilation errors.

Compiling KEY-ENTQRY trigger on form...
   No compilation errors.

Compiling KEY-EXEQRY trigger on form...
   No compilation errors.

Compiling KEY-CQUERY trigger on form...
   No compilation errors.

Compiling KEY-CLRBLK trigger on form...
   No compilation errors.

Compiling KEY-CLRREC trigger on form...
   No compilation errors.

Compiling KEY-NXTKEY trigger on form...
   No compilation errors.

Compiling WHEN-TAB-PAGE-CHANGED trigger on form...
   No compilation errors.

Compiling WHEN-RADIO-CHANGED trigger on CALENDAR data block...
   No compilation errors.

Compiling KEY-OTHERS trigger on CALENDAR data block...
   No compilation errors.

Compiling KEY-NEXT-ITEM trigger on CALENDAR data block...
   No compilation errors.

Compiling KEY-PREV-ITEM trigger on CALENDAR data block...
   No compilation errors.

Compiling KEY-ENTER trigger on CALENDAR data block...
   No compilation errors.

Compiling WHEN-BUTTON-PRESSED trigger on CALENDAR data block...
   No compilation errors.

Compiling WHEN-LIST-CHANGED trigger on CALENDAR data block...
   No compilation errors.

Compiling WHEN-MOUSE-CLICK trigger on CALENDAR data block...
   No compilation errors.

Compiling KEY-DOWN trigger on CALENDAR data block...
   No compilation errors.

Compiling KEY-UP trigger on CALENDAR data block...
   No compilation errors.

Compiling KEY-NXTREC trigger on CALENDAR data block...
   No compilation errors.

Compiling KEY-PRVREC trigger on CALENDAR data block...
   No compilation errors.

Compiling WHEN-MOUSE-DOUBLECLICK trigger on CALENDAR data block...
   No compilation errors.

Compiling WHEN-NEW-ITEM-INSTANCE trigger on HOUR item in CALENDAR data block...
   No compilation errors.

Compiling WHEN-NEW-ITEM-INSTANCE trigger on MINUTE item in CALENDAR data block...
   No compilation errors.

Compiling WHEN-NEW-ITEM-INSTANCE trigger on OK item in CALENDAR data block...
   No compilation errors.

Compiling WHEN-BUTTON-PRESSED trigger on OK item in CALENDAR data block...
   No compilation errors.

Compiling WHEN-NEW-ITEM-INSTANCE trigger on CANCEL item in CALENDAR data block...
   No compilation errors.

Compiling WHEN-BUTTON-PRESSED trigger on CANCEL item in CALENDAR data block...
   No compilation errors.

Compiling WHEN-MOUSE-CLICK trigger on PREV_MONTH item in CALENDAR data block...
   No compilation errors.

Compiling WHEN-MOUSE-CLICK trigger on NEXT_MONTH item in CALENDAR data block...
   No compilation errors.

Compiling WHEN-MOUSE-CLICK trigger on NEXT_YEAR item in CALENDAR data block...
   No compilation errors.

Compiling WHEN-MOUSE-CLICK trigger on PREV_YEAR item in CALENDAR data block...
   No compilation errors.

Compiling WHEN-NEW-ITEM-INSTANCE trigger on AM_PM item in CALENDAR data block...
   No compilation errors.

Compiling WHEN-BUTTON-PRESSED trigger on QMS$TOOLBAR data block...
   No compilation errors.

Compiling WHEN-LIST-CHANGED trigger on ORDER_BY item in QMS$TOOLBAR data block...
   No compilation errors.

Compiling ON-LOCK trigger on DPR data block...
   No compilation errors.

Compiling POST-INSERT trigger on DPR data block...
   No compilation errors.

Compiling POST-QUERY trigger on DPR data block...
   No compilation errors.

Compiling PRE-BLOCK trigger on DPR data block...
   No compilation errors.

Compiling PRE-QUERY trigger on DPR data block...
   No compilation errors.

Compiling WHEN-DATABASE-RECORD trigger on DPR data block...
   No compilation errors.

Compiling WHEN-NEW-BLOCK-INSTANCE trigger on DPR data block...
   No compilation errors.

Compiling WHEN-NEW-RECORD-INSTANCE trigger on DPR data block...
   No compilation errors.

Compiling WHEN-REMOVE-RECORD trigger on DPR data block...
   No compilation errors.

Compiling POST-SELECT trigger on DPR data block...
   No compilation errors.

Compiling ON-ERROR trigger on DPR data block...
   No compilation errors.

Compiling KEY-HELP trigger on DPR data block...
   No compilation errors.

Compiling WHEN-NEW-ITEM-INSTANCE trigger on REC_ACTUAL item in DPR data block...
   No compilation errors.

Compiling WHEN-NEW-ITEM-INSTANCE trigger on ARA_CODIGO item in DPR data block...
   No compilation errors.

Compiling KEY-HELP trigger on ARA_CODIGO item in DPR data block...
   No compilation errors.

Compiling WHEN-NEW-ITEM-INSTANCE trigger on NOMBRE2 item in DPR data block...
   No compilation errors.

Compiling KEY-HELP trigger on NOMBRE2 item in DPR data block...
   No compilation errors.

Compiling WHEN-NEW-ITEM-INSTANCE trigger on CODIGO item in DPR data block...
   No compilation errors.

Compiling KEY-HELP trigger on CODIGO item in DPR data block...
   No compilation errors.

Compiling WHEN-NEW-ITEM-INSTANCE trigger on NOMBRE item in DPR data block...
   No compilation errors.

Compiling KEY-HELP trigger on NOMBRE item in DPR data block...
   No compilation errors.

Compiling ON-LOCK trigger on HRRMDC data block...
   No compilation errors.

Compiling POST-INSERT trigger on HRRMDC data block...
   No compilation errors.

Compiling POST-QUERY trigger on HRRMDC data block...
   No compilation errors.

Compiling PRE-BLOCK trigger on HRRMDC data block...
   No compilation errors.

Compiling PRE-QUERY trigger on HRRMDC data block...
   No compilation errors.

Compiling WHEN-DATABASE-RECORD trigger on HRRMDC data block...
   No compilation errors.

Compiling WHEN-NEW-BLOCK-INSTANCE trigger on HRRMDC data block...
   No compilation errors.

Compiling WHEN-NEW-RECORD-INSTANCE trigger on HRRMDC data block...
   No compilation errors.

Compiling WHEN-REMOVE-RECORD trigger on HRRMDC data block...
   No compilation errors.

Compiling POST-SELECT trigger on HRRMDC data block...
   No compilation errors.

Compiling PRE-INSERT trigger on HRRMDC data block...
   No compilation errors.

Compiling ON-ERROR trigger on HRRMDC data block...
   No compilation errors.

Compiling KEY-HELP trigger on HRRMDC data block...
   No compilation errors.

Compiling WHEN-NEW-ITEM-INSTANCE trigger on REC_ACTUAL item in HRRMDC data block...
   No compilation errors.

Compiling WHEN-NEW-ITEM-INSTANCE trigger on PRS_CODIGO item in HRRMDC data block...
   No compilation errors.

Compiling WHEN-VALIDATE-ITEM trigger on PRS_CODIGO item in HRRMDC data block...
   No compilation errors.

Compiling KEY-HELP trigger on PRS_CODIGO item in HRRMDC data block...
   No compilation errors.

Compiling WHEN-NEW-ITEM-INSTANCE trigger on APELLIDOS item in HRRMDC data block...
   No compilation errors.

Compiling KEY-HELP trigger on APELLIDOS item in HRRMDC data block...
   No compilation errors.

Compiling WHEN-NEW-ITEM-INSTANCE trigger on NOMBRES item in HRRMDC data block...
   No compilation errors.

Compiling KEY-HELP trigger on NOMBRES item in HRRMDC data block...
   No compilation errors.

Compiling WHEN-NEW-ITEM-INSTANCE trigger on NUMERO item in HRRMDC data block...
   No compilation errors.

Compiling KEY-HELP trigger on NUMERO item in HRRMDC data block...
   No compilation errors.

Compiling WHEN-NEW-ITEM-INSTANCE trigger on DIA item in HRRMDC data block...
   No compilation errors.

Compiling KEY-HELP trigger on DIA item in HRRMDC data block...
   No compilation errors.

Compiling WHEN-NEW-ITEM-INSTANCE trigger on HORA_INICIAL item in HRRMDC data block...
   No compilation errors.

Compiling KEY-HELP trigger on HORA_INICIAL item in HRRMDC data block...
   No compilation errors.

Compiling WHEN-NEW-ITEM-INSTANCE trigger on HORA_FINAL item in HRRMDC data block...
   No compilation errors.

Compiling KEY-HELP trigger on HORA_FINAL item in HRRMDC data block...
   No compilation errors.

Compiling WHEN-NEW-ITEM-INSTANCE trigger on TURNOS_POSIBLES item in HRRMDC data block...
   No compilation errors.

Compiling KEY-HELP trigger on TURNOS_POSIBLES item in HRRMDC data block...
   No compilation errors.

Compiling WHEN-VALIDATE-ITEM trigger on TURNOS_POSIBLES item in HRRMDC data block...
   No compilation errors.

Compiling WHEN-NEW-ITEM-INSTANCE trigger on DISPONIBILIDAD item in HRRMDC data block...
   No compilation errors.

Compiling KEY-HELP trigger on DISPONIBILIDAD item in HRRMDC data block...
   No compilation errors.

Compiling WHEN-NEW-ITEM-INSTANCE trigger on TIEMPO item in HRRMDC data block...
   No compilation errors.

Compiling KEY-HELP trigger on TIEMPO item in HRRMDC data block...
   No compilation errors.

Compiling WHEN-NEW-ITEM-INSTANCE trigger on DPR_CODIGO item in HRRMDC data block...
   No compilation errors.

Compiling KEY-HELP trigger on DPR_CODIGO item in HRRMDC data block...
   No compilation errors.

Compiling WHEN-NEW-ITEM-INSTANCE trigger on DPR_ARA_CODIGO item in HRRMDC data block...
   No compilation errors.

Compiling KEY-HELP trigger on DPR_ARA_CODIGO item in HRRMDC data block...
   No compilation errors.

Compiling ON-LOCK trigger on DIAFST data block...
   No compilation errors.

Compiling POST-INSERT trigger on DIAFST data block...
   No compilation errors.

Compiling POST-QUERY trigger on DIAFST data block...
   No compilation errors.

Compiling PRE-BLOCK trigger on DIAFST data block...
   No compilation errors.

Compiling PRE-QUERY trigger on DIAFST data block...
   No compilation errors.

Compiling WHEN-DATABASE-RECORD trigger on DIAFST data block...
   No compilation errors.

Compiling WHEN-NEW-BLOCK-INSTANCE trigger on DIAFST data block...
   No compilation errors.

Compiling WHEN-NEW-RECORD-INSTANCE trigger on DIAFST data block...
   No compilation errors.

Compiling WHEN-REMOVE-RECORD trigger on DIAFST data block...
   No compilation errors.

Compiling POST-SELECT trigger on DIAFST data block...
   No compilation errors.

Compiling ON-ERROR trigger on DIAFST data block...
   No compilation errors.

Compiling KEY-HELP trigger on DIAFST data block...
   No compilation errors.

Compiling WHEN-NEW-ITEM-INSTANCE trigger on REC_ACTUAL item in DIAFST data block...
   No compilation errors.

Compiling WHEN-NEW-ITEM-INSTANCE trigger on FECHA item in DIAFST data block...
   No compilation errors.

Compiling KEY-LISTVAL trigger on FECHA item in DIAFST data block...
   No compilation errors.

Compiling WHEN-VALIDATE-ITEM trigger on FECHA item in DIAFST data block...
   No compilation errors.

Compiling KEY-HELP trigger on FECHA item in DIAFST data block...
   No compilation errors.

Compiling WHEN-NEW-ITEM-INSTANCE trigger on DES_FECHA item in DIAFST data block...
   No compilation errors.

Compiling FORMULA-CALCULATION trigger on DES_FECHA item in DIAFST data block...
   No compilation errors.

Compiling WHEN-NEW-ITEM-INSTANCE trigger on MOTIVO item in DIAFST data block...
   No compilation errors.

Compiling KEY-HELP trigger on MOTIVO item in DIAFST data block...
   No compilation errors.

Compiling ON-LOCK trigger on DIALBR data block...
   No compilation errors.

Compiling POST-INSERT trigger on DIALBR data block...
   No compilation errors.

Compiling POST-QUERY trigger on DIALBR data block...
   No compilation errors.

Compiling PRE-BLOCK trigger on DIALBR data block...
   No compilation errors.

Compiling PRE-QUERY trigger on DIALBR data block...
   No compilation errors.

Compiling WHEN-DATABASE-RECORD trigger on DIALBR data block...
   No compilation errors.

Compiling WHEN-NEW-BLOCK-INSTANCE trigger on DIALBR data block...
   No compilation errors.

Compiling WHEN-NEW-RECORD-INSTANCE trigger on DIALBR data block...
   No compilation errors.

Compiling WHEN-REMOVE-RECORD trigger on DIALBR data block...
   No compilation errors.

Compiling POST-SELECT trigger on DIALBR data block...
   No compilation errors.

Compiling ON-ERROR trigger on DIALBR data block...
   No compilation errors.

Compiling KEY-HELP trigger on DIALBR data block...
   No compilation errors.

Compiling WHEN-NEW-ITEM-INSTANCE trigger on REC_ACTUAL item in DIALBR data block...
   No compilation errors.

Compiling WHEN-NEW-ITEM-INSTANCE trigger on FECHA item in DIALBR data block...
   No compilation errors.

Compiling KEY-LISTVAL trigger on FECHA item in DIALBR data block...
   No compilation errors.

Compiling WHEN-VALIDATE-ITEM trigger on FECHA item in DIALBR data block...
   No compilation errors.

Compiling KEY-HELP trigger on FECHA item in DIALBR data block...
   No compilation errors.

Compiling WHEN-NEW-ITEM-INSTANCE trigger on DES_FECHA item in DIALBR data block...
   No compilation errors.

Compiling FORMULA-CALCULATION trigger on DES_FECHA item in DIALBR data block...
   No compilation errors.

Compiling WHEN-NEW-ITEM-INSTANCE trigger on MOTIVO item in DIALBR data block...
   No compilation errors.

Compiling KEY-HELP trigger on MOTIVO item in DIALBR data block...
   No compilation errors.

Compiling KEY-CLRREC trigger on CG$CTRL data block...
   No compilation errors.

Compiling KEY-CREREC trigger on CG$CTRL data block...
   No compilation errors.

Compiling KEY-DOWN trigger on CG$CTRL data block...
   No compilation errors.

Compiling KEY-NXTREC trigger on CG$CTRL data block...
   No compilation errors.

Compiling KEY-SCRDOWN trigger on CG$CTRL data block...
   No compilation errors.

Compiling KEY-UP trigger on CG$CTRL data block...
   No compilation errors.

Compiling KEY-PRVREC trigger on CG$CTRL data block...
   No compilation errors.

Compiling KEY-SCRUP trigger on CG$CTRL data block...
   No compilation errors.

Compiling ON-ERROR trigger on CG$CTRL data block...
   No compilation errors.

Compiling PRE-BLOCK trigger on CG$CTRL data block...
   No compilation errors.

Compiling WHEN-NEW-BLOCK-INSTANCE trigger on CG$CTRL data block...
   No compilation errors.

Compiling WHEN-NEW-ITEM-INSTANCE trigger on CG$PAGE_1_LIST item in CG$CTRL data block...
   No compilation errors.

Compiling WHEN-NEW-ITEM-INSTANCE trigger on CG$WINDOWCALENDAR_PAGE item in CG$CTRL data block...
   No compilation errors.

Compiling WHEN-NEW-ITEM-INSTANCE trigger on CG$WINDOWHORARIOS_PAGE item in CG$CTRL data block...
   No compilation errors.

Compiling WHEN-NEW-ITEM-INSTANCE trigger on CG$WINDOWQMS$HIDDEN_ITEMS_PAGE item in CG$CTRL data block...
   No compilation errors.

Compiling WHEN-NEW-ITEM-INSTANCE trigger on CG$LAST_CANVAS item in CG$CTRL data block...
   No compilation errors.


Created form file y:\sas\bin\cex\frm\cexgnrcln.fmx
