Compiling package specification CG$CNTGNRMVMBNC_GLOBALS... 
   No compilation errors.

Compiling procedure CG$WHEN_NEW_FORM_INSTANCE... 
   No compilation errors.

Compiling procedure CGFK$QRY_CNTBNC_CNTBNC_ENTFNC_... 
   No compilation errors.

Compiling procedure CGUI$GET_NEXT_MVMBNCCNT_SEQ... 
   No compilation errors.

Compiling procedure CGFK$CHK_MVMBNCCNT_MVMBNCCNT_C... 
   No compilation errors.

Compiling procedure CGUI$GET_NEXT_DTLCNTMVM_SEQ... 
   No compilation errors.

Compiling procedure CGFK$QRY_DTLMVMBNC_DTLMVMBNC_T... 
   No compilation errors.

Compiling procedure CGFK$CHK_DTLMVMBNC_DTLMVMBNC_T... 
   No compilation errors.

Compiling procedure CGSF$CLRLU_DTLMVMBNC_DTLMVMBNC... 
   No compilation errors.

Compiling procedure CGFK$CHK_DTLMVMBNC_DTLMVMBNC_M... 
   No compilation errors.

Compiling procedure CGRI$CHK_MOVIMIENTOS_BANCOS_CN... 
   No compilation errors.

Compiling function CGTE$CHECK_CONSTRAINT_VIO... 
   No compilation errors.

Compiling procedure CGNV$AI_BTN_VER_COMPROBANTE... 
   No compilation errors.

Compiling procedure CGNV$PREV_ITEM... 
   No compilation errors.

Compiling procedure CGBS$TOGGLE... 
   No compilation errors.

Compiling procedure HABILITAR_DESHABILITAR_DTLL... 
   No compilation errors.

Compiling procedure HABILITACIONES_CABECERA... 
   No compilation errors.

Compiling procedure FIJAR_DATOS... 
   No compilation errors.

Compiling POST-FORM trigger on form...
   No compilation errors.

Compiling CALENDAR_WROTE_DATE trigger on form...
   No compilation errors.

Compiling KEY-EXIT trigger on form...
   No compilation errors.

Compiling POST-FORMS-COMMIT trigger on form...
   No compilation errors.

Compiling KEY-CLRFRM trigger on form...
   No compilation errors.

Compiling KEY-HELP trigger on form...
   No compilation errors.

Compiling KEY-MENU trigger on form...
   No compilation errors.

Compiling ON-ERROR trigger on form...
   No compilation errors.

Compiling ON-MESSAGE trigger on form...
   No compilation errors.

Compiling PRE-FORM trigger on form...
   No compilation errors.

Compiling QUERY_FIND trigger on form...
   No compilation errors.

Compiling QMS$MENU_ITEM trigger on form...
   No compilation errors.

Compiling WHEN-NEW-BLOCK-INSTANCE trigger on form...
   No compilation errors.

Compiling WHEN-NEW-FORM-INSTANCE trigger on form...
   No compilation errors.

Compiling WHEN-WINDOW-CLOSED trigger on form...
   No compilation errors.

Compiling WHEN-WINDOW-ACTIVATED trigger on form...
   No compilation errors.

Compiling WHEN-WINDOW-RESIZED trigger on form...
   No compilation errors.

Compiling KEY-PREV-ITEM trigger on form...
   No compilation errors.

Compiling POST-BLOCK trigger on form...
   No compilation errors.

Compiling ON-CLEAR-DETAILS trigger on form...
   No compilation errors.

Compiling ON-POPULATE-DETAILS trigger on form...
   No compilation errors.

Compiling KEY-ENTQRY trigger on form...
   No compilation errors.

Compiling KEY-EXEQRY trigger on form...
   No compilation errors.

Compiling KEY-CQUERY trigger on form...
   No compilation errors.

Compiling KEY-CLRBLK trigger on form...
   No compilation errors.

Compiling KEY-CLRREC trigger on form...
   No compilation errors.

Compiling KEY-NXTKEY trigger on form...
   No compilation errors.

Compiling PRE-COMMIT trigger on form...
   No compilation errors.

Compiling WHEN-RADIO-CHANGED trigger on CALENDAR data block...
   No compilation errors.

Compiling KEY-OTHERS trigger on CALENDAR data block...
   No compilation errors.

Compiling KEY-NEXT-ITEM trigger on CALENDAR data block...
   No compilation errors.

Compiling KEY-PREV-ITEM trigger on CALENDAR data block...
   No compilation errors.

Compiling KEY-ENTER trigger on CALENDAR data block...
   No compilation errors.

Compiling WHEN-BUTTON-PRESSED trigger on CALENDAR data block...
   No compilation errors.

Compiling WHEN-LIST-CHANGED trigger on CALENDAR data block...
   No compilation errors.

Compiling WHEN-MOUSE-CLICK trigger on CALENDAR data block...
   No compilation errors.

Compiling KEY-DOWN trigger on CALENDAR data block...
   No compilation errors.

Compiling KEY-UP trigger on CALENDAR data block...
   No compilation errors.

Compiling KEY-NXTREC trigger on CALENDAR data block...
   No compilation errors.

Compiling KEY-PRVREC trigger on CALENDAR data block...
   No compilation errors.

Compiling WHEN-MOUSE-DOUBLECLICK trigger on CALENDAR data block...
   No compilation errors.

Compiling WHEN-NEW-ITEM-INSTANCE trigger on HOUR item in CALENDAR data block...
   No compilation errors.

Compiling WHEN-NEW-ITEM-INSTANCE trigger on MINUTE item in CALENDAR data block...
   No compilation errors.

Compiling WHEN-NEW-ITEM-INSTANCE trigger on OK item in CALENDAR data block...
   No compilation errors.

Compiling WHEN-BUTTON-PRESSED trigger on OK item in CALENDAR data block...
   No compilation errors.

Compiling WHEN-NEW-ITEM-INSTANCE trigger on CANCEL item in CALENDAR data block...
   No compilation errors.

Compiling WHEN-BUTTON-PRESSED trigger on CANCEL item in CALENDAR data block...
   No compilation errors.

Compiling WHEN-MOUSE-CLICK trigger on PREV_MONTH item in CALENDAR data block...
   No compilation errors.

Compiling WHEN-MOUSE-CLICK trigger on NEXT_MONTH item in CALENDAR data block...
   No compilation errors.

Compiling WHEN-MOUSE-CLICK trigger on NEXT_YEAR item in CALENDAR data block...
   No compilation errors.

Compiling WHEN-MOUSE-CLICK trigger on PREV_YEAR item in CALENDAR data block...
   No compilation errors.

Compiling WHEN-NEW-ITEM-INSTANCE trigger on AM_PM item in CALENDAR data block...
   No compilation errors.

Compiling WHEN-BUTTON-PRESSED trigger on QMS$TOOLBAR data block...
   No compilation errors.

Compiling WHEN-LIST-CHANGED trigger on ORDER_BY item in QMS$TOOLBAR data block...
   No compilation errors.

Compiling ON-LOCK trigger on CNTBNC data block...
   No compilation errors.

Compiling POST-INSERT trigger on CNTBNC data block...
   No compilation errors.

Compiling POST-QUERY trigger on CNTBNC data block...
   No compilation errors.

Compiling PRE-BLOCK trigger on CNTBNC data block...
   No compilation errors.

Compiling PRE-QUERY trigger on CNTBNC data block...
   No compilation errors.

Compiling WHEN-DATABASE-RECORD trigger on CNTBNC data block...
   No compilation errors.

Compiling WHEN-NEW-BLOCK-INSTANCE trigger on CNTBNC data block...
   No compilation errors.

Compiling WHEN-NEW-RECORD-INSTANCE trigger on CNTBNC data block...
   No compilation errors.

Compiling WHEN-REMOVE-RECORD trigger on CNTBNC data block...
   No compilation errors.

Compiling POST-SELECT trigger on CNTBNC data block...
   No compilation errors.

Compiling ON-ERROR trigger on CNTBNC data block...
   No compilation errors.

Compiling KEY-HELP trigger on CNTBNC data block...
   No compilation errors.

Compiling WHEN-NEW-ITEM-INSTANCE trigger on L_ENTFNC_NOMBRE item in CNTBNC data block...
   No compilation errors.

Compiling KEY-HELP trigger on L_ENTFNC_NOMBRE item in CNTBNC data block...
   No compilation errors.

Compiling WHEN-NEW-ITEM-INSTANCE trigger on TIPO item in CNTBNC data block...
   No compilation errors.

Compiling KEY-HELP trigger on TIPO item in CNTBNC data block...
   No compilation errors.

Compiling WHEN-NEW-ITEM-INSTANCE trigger on NUMERO item in CNTBNC data block...
   No compilation errors.

Compiling KEY-HELP trigger on NUMERO item in CNTBNC data block...
   No compilation errors.

Compiling WHEN-NEW-ITEM-INSTANCE trigger on ENTFNC_CODIGO item in CNTBNC data block...
   No compilation errors.

Compiling KEY-HELP trigger on ENTFNC_CODIGO item in CNTBNC data block...
   No compilation errors.

Compiling WHEN-NEW-ITEM-INSTANCE trigger on EMP_CODIGO item in CNTBNC data block...
   No compilation errors.

Compiling KEY-HELP trigger on EMP_CODIGO item in CNTBNC data block...
   No compilation errors.

Compiling ON-LOCK trigger on MVMBNCCNT data block...
   No compilation errors.

Compiling POST-INSERT trigger on MVMBNCCNT data block...
   No compilation errors.

Compiling POST-QUERY trigger on MVMBNCCNT data block...
   No compilation errors.

Compiling PRE-BLOCK trigger on MVMBNCCNT data block...
   No compilation errors.

Compiling PRE-QUERY trigger on MVMBNCCNT data block...
   No compilation errors.

Compiling WHEN-DATABASE-RECORD trigger on MVMBNCCNT data block...
   No compilation errors.

Compiling WHEN-NEW-BLOCK-INSTANCE trigger on MVMBNCCNT data block...
   No compilation errors.

Compiling WHEN-NEW-RECORD-INSTANCE trigger on MVMBNCCNT data block...
   No compilation errors.

Compiling WHEN-REMOVE-RECORD trigger on MVMBNCCNT data block...
   No compilation errors.

Compiling POST-SELECT trigger on MVMBNCCNT data block...
   No compilation errors.

Compiling PRE-INSERT trigger on MVMBNCCNT data block...
   No compilation errors.

Compiling KEY-DUPREC trigger on MVMBNCCNT data block...
   No compilation errors.

Compiling KEY-DELREC trigger on MVMBNCCNT data block...
   No compilation errors.

Compiling ON-ERROR trigger on MVMBNCCNT data block...
   No compilation errors.

Compiling KEY-HELP trigger on MVMBNCCNT data block...
   No compilation errors.

Compiling POST-UPDATE trigger on MVMBNCCNT data block...
   No compilation errors.

Compiling WHEN-CREATE-RECORD trigger on MVMBNCCNT data block...
   No compilation errors.

Compiling WHEN-NEW-ITEM-INSTANCE trigger on REG_ACT item in MVMBNCCNT data block...
   No compilation errors.

Compiling WHEN-NEW-ITEM-INSTANCE trigger on CNTBNC_EMP_CODIGO item in MVMBNCCNT data block...
   No compilation errors.

Compiling KEY-HELP trigger on CNTBNC_EMP_CODIGO item in MVMBNCCNT data block...
   No compilation errors.

Compiling WHEN-NEW-ITEM-INSTANCE trigger on CNTBNC_TIPO item in MVMBNCCNT data block...
   No compilation errors.

Compiling KEY-HELP trigger on CNTBNC_TIPO item in MVMBNCCNT data block...
   No compilation errors.

Compiling WHEN-NEW-ITEM-INSTANCE trigger on CNTBNC_NUMERO item in MVMBNCCNT data block...
   No compilation errors.

Compiling KEY-HELP trigger on CNTBNC_NUMERO item in MVMBNCCNT data block...
   No compilation errors.

Compiling WHEN-NEW-ITEM-INSTANCE trigger on MVMBNCCNT_IND item in MVMBNCCNT data block...
   No compilation errors.

Compiling WHEN-NEW-ITEM-INSTANCE trigger on MVMBNCCNT_ID item in MVMBNCCNT data block...
   No compilation errors.

Compiling KEY-HELP trigger on MVMBNCCNT_ID item in MVMBNCCNT data block...
   No compilation errors.

Compiling WHEN-NEW-ITEM-INSTANCE trigger on FECHA_DESDE item in MVMBNCCNT data block...
   No compilation errors.

Compiling KEY-LISTVAL trigger on FECHA_DESDE item in MVMBNCCNT data block...
   No compilation errors.

Compiling KEY-HELP trigger on FECHA_DESDE item in MVMBNCCNT data block...
   No compilation errors.

Compiling WHEN-VALIDATE-ITEM trigger on FECHA_DESDE item in MVMBNCCNT data block...
   No compilation errors.

Compiling WHEN-NEW-ITEM-INSTANCE trigger on FECHA_HASTA item in MVMBNCCNT data block...
   No compilation errors.

Compiling KEY-LISTVAL trigger on FECHA_HASTA item in MVMBNCCNT data block...
   No compilation errors.

Compiling KEY-HELP trigger on FECHA_HASTA item in MVMBNCCNT data block...
   No compilation errors.

Compiling WHEN-VALIDATE-ITEM trigger on FECHA_HASTA item in MVMBNCCNT data block...
   No compilation errors.

Compiling WHEN-NEW-ITEM-INSTANCE trigger on USUARIO item in MVMBNCCNT data block...
   No compilation errors.

Compiling KEY-HELP trigger on USUARIO item in MVMBNCCNT data block...
   No compilation errors.

Compiling WHEN-NEW-ITEM-INSTANCE trigger on ESTADO_CREACION item in MVMBNCCNT data block...
   No compilation errors.

Compiling KEY-HELP trigger on ESTADO_CREACION item in MVMBNCCNT data block...
   No compilation errors.

Compiling WHEN-NEW-ITEM-INSTANCE trigger on BTN_VERIFICAR item in MVMBNCCNT data block...
   No compilation errors.

Compiling WHEN-BUTTON-PRESSED trigger on BTN_VERIFICAR item in MVMBNCCNT data block...
   No compilation errors.

Compiling WHEN-NEW-ITEM-INSTANCE trigger on EXCEPCION item in MVMBNCCNT data block...
   No compilation errors.

Compiling WHEN-NEW-ITEM-INSTANCE trigger on BTN_CREAR item in MVMBNCCNT data block...
   No compilation errors.

Compiling WHEN-BUTTON-PRESSED trigger on BTN_CREAR item in MVMBNCCNT data block...
   No compilation errors.

Compiling ON-LOCK trigger on DTLMVMBNC data block...
   No compilation errors.

Compiling POST-INSERT trigger on DTLMVMBNC data block...
   No compilation errors.

Compiling POST-QUERY trigger on DTLMVMBNC data block...
   No compilation errors.

Compiling PRE-BLOCK trigger on DTLMVMBNC data block...
   No compilation errors.

Compiling PRE-QUERY trigger on DTLMVMBNC data block...
   No compilation errors.

Compiling WHEN-DATABASE-RECORD trigger on DTLMVMBNC data block...
   No compilation errors.

Compiling WHEN-NEW-BLOCK-INSTANCE trigger on DTLMVMBNC data block...
   No compilation errors.

Compiling WHEN-NEW-RECORD-INSTANCE trigger on DTLMVMBNC data block...
   No compilation errors.

Compiling WHEN-REMOVE-RECORD trigger on DTLMVMBNC data block...
   No compilation errors.

Compiling POST-SELECT trigger on DTLMVMBNC data block...
   No compilation errors.

Compiling PRE-INSERT trigger on DTLMVMBNC data block...
   No compilation errors.

Compiling KEY-DUPREC trigger on DTLMVMBNC data block...
   No compilation errors.

Compiling PRE-UPDATE trigger on DTLMVMBNC data block...
   No compilation errors.

Compiling ON-ERROR trigger on DTLMVMBNC data block...
   No compilation errors.

Compiling KEY-HELP trigger on DTLMVMBNC data block...
   No compilation errors.

Compiling WHEN-NEW-ITEM-INSTANCE trigger on CONTABILIZACION item in DTLMVMBNC data block...
   No compilation errors.

Compiling KEY-HELP trigger on CONTABILIZACION item in DTLMVMBNC data block...
   No compilation errors.

Compiling WHEN-NEW-ITEM-INSTANCE trigger on MVMBNCCNT_MVMBNCCNT_ID item in DTLMVMBNC data block...
   No compilation errors.

Compiling KEY-HELP trigger on MVMBNCCNT_MVMBNCCNT_ID item in DTLMVMBNC data block...
   No compilation errors.

Compiling WHEN-NEW-ITEM-INSTANCE trigger on DTLMVMBNC_ID item in DTLMVMBNC data block...
   No compilation errors.

Compiling KEY-HELP trigger on DTLMVMBNC_ID item in DTLMVMBNC data block...
   No compilation errors.

Compiling WHEN-NEW-ITEM-INSTANCE trigger on REC_ACTUAL item in DTLMVMBNC data block...
   No compilation errors.

Compiling WHEN-NEW-ITEM-INSTANCE trigger on MVM_MVM_ID item in DTLMVMBNC data block...
   No compilation errors.

Compiling KEY-HELP trigger on MVM_MVM_ID item in DTLMVMBNC data block...
   No compilation errors.

Compiling WHEN-NEW-ITEM-INSTANCE trigger on FECHA item in DTLMVMBNC data block...
   No compilation errors.

Compiling KEY-LISTVAL trigger on FECHA item in DTLMVMBNC data block...
   No compilation errors.

Compiling KEY-HELP trigger on FECHA item in DTLMVMBNC data block...
   No compilation errors.

Compiling WHEN-NEW-ITEM-INSTANCE trigger on DESCRIPCION item in DTLMVMBNC data block...
   No compilation errors.

Compiling KEY-HELP trigger on DESCRIPCION item in DTLMVMBNC data block...
   No compilation errors.

Compiling WHEN-NEW-ITEM-INSTANCE trigger on ASOCIACION item in DTLMVMBNC data block...
   No compilation errors.

Compiling KEY-HELP trigger on ASOCIACION item in DTLMVMBNC data block...
   No compilation errors.

Compiling WHEN-NEW-ITEM-INSTANCE trigger on DEBE item in DTLMVMBNC data block...
   No compilation errors.

Compiling KEY-HELP trigger on DEBE item in DTLMVMBNC data block...
   No compilation errors.

Compiling WHEN-NEW-ITEM-INSTANCE trigger on HABER item in DTLMVMBNC data block...
   No compilation errors.

Compiling KEY-HELP trigger on HABER item in DTLMVMBNC data block...
   No compilation errors.

Compiling WHEN-NEW-ITEM-INSTANCE trigger on TPOMVM_CODIGO item in DTLMVMBNC data block...
   No compilation errors.

Compiling WHEN-VALIDATE-ITEM trigger on TPOMVM_CODIGO item in DTLMVMBNC data block...
   No compilation errors.

Compiling KEY-HELP trigger on TPOMVM_CODIGO item in DTLMVMBNC data block...
   No compilation errors.

Compiling WHEN-NEW-ITEM-INSTANCE trigger on BTN_COMPROBANTE item in DTLMVMBNC data block...
   No compilation errors.

Compiling WHEN-BUTTON-PRESSED trigger on BTN_COMPROBANTE item in DTLMVMBNC data block...
   No compilation errors.

Compiling WHEN-NEW-ITEM-INSTANCE trigger on ESTADO_GENERA item in DTLMVMBNC data block...
   No compilation errors.

Compiling KEY-HELP trigger on ESTADO_GENERA item in DTLMVMBNC data block...
   No compilation errors.

Compiling WHEN-NEW-ITEM-INSTANCE trigger on CMP_TIPO item in DTLMVMBNC data block...
   No compilation errors.

Compiling KEY-HELP trigger on CMP_TIPO item in DTLMVMBNC data block...
   No compilation errors.

Compiling WHEN-NEW-ITEM-INSTANCE trigger on CMP_CLAVE item in DTLMVMBNC data block...
   No compilation errors.

Compiling KEY-HELP trigger on CMP_CLAVE item in DTLMVMBNC data block...
   No compilation errors.

Compiling WHEN-NEW-ITEM-INSTANCE trigger on CMP_FECHA item in DTLMVMBNC data block...
   No compilation errors.

Compiling KEY-LISTVAL trigger on CMP_FECHA item in DTLMVMBNC data block...
   No compilation errors.

Compiling KEY-HELP trigger on CMP_FECHA item in DTLMVMBNC data block...
   No compilation errors.

Compiling WHEN-NEW-ITEM-INSTANCE trigger on TOTAL_DEBE item in DTLMVMBNC data block...
   No compilation errors.

Compiling WHEN-NEW-ITEM-INSTANCE trigger on TOTAL_HABER item in DTLMVMBNC data block...
   No compilation errors.

Compiling KEY-CLRREC trigger on CGNV$WINDOW_1 data block...
   No compilation errors.

Compiling KEY-CREREC trigger on CGNV$WINDOW_1 data block...
   No compilation errors.

Compiling KEY-DOWN trigger on CGNV$WINDOW_1 data block...
   No compilation errors.

Compiling KEY-NXTREC trigger on CGNV$WINDOW_1 data block...
   No compilation errors.

Compiling KEY-SCRDOWN trigger on CGNV$WINDOW_1 data block...
   No compilation errors.

Compiling KEY-UP trigger on CGNV$WINDOW_1 data block...
   No compilation errors.

Compiling KEY-PRVREC trigger on CGNV$WINDOW_1 data block...
   No compilation errors.

Compiling KEY-SCRUP trigger on CGNV$WINDOW_1 data block...
   No compilation errors.

Compiling ON-ERROR trigger on CGNV$WINDOW_1 data block...
   No compilation errors.

Compiling PRE-BLOCK trigger on CGNV$WINDOW_1 data block...
   No compilation errors.

Compiling WHEN-NEW-BLOCK-INSTANCE trigger on CGNV$WINDOW_1 data block...
   No compilation errors.

Compiling WHEN-NEW-ITEM-INSTANCE trigger on BTN_VER_COMPROBANTE item in CGNV$WINDOW_1 data block...
   No compilation errors.

Compiling WHEN-BUTTON-PRESSED trigger on BTN_VER_COMPROBANTE item in CGNV$WINDOW_1 data block...
   No compilation errors.

Compiling KEY-CLRREC trigger on CG$CTRL data block...
   No compilation errors.

Compiling KEY-CREREC trigger on CG$CTRL data block...
   No compilation errors.

Compiling KEY-DOWN trigger on CG$CTRL data block...
   No compilation errors.

Compiling KEY-NXTREC trigger on CG$CTRL data block...
   No compilation errors.

Compiling KEY-SCRDOWN trigger on CG$CTRL data block...
   No compilation errors.

Compiling KEY-UP trigger on CG$CTRL data block...
   No compilation errors.

Compiling KEY-PRVREC trigger on CG$CTRL data block...
   No compilation errors.

Compiling KEY-SCRUP trigger on CG$CTRL data block...
   No compilation errors.

Compiling ON-ERROR trigger on CG$CTRL data block...
   No compilation errors.

Compiling PRE-BLOCK trigger on CG$CTRL data block...
   No compilation errors.

Compiling WHEN-NEW-BLOCK-INSTANCE trigger on CG$CTRL data block...
   No compilation errors.

FRM-30188: No initial value given, and other values are not allowed (item DTLMVMBNC.TPOMVM_CODIGO).
List TPOMVM_CODIGO
Block: DTLMVMBNC

Created form file y:\SAS\BIN\BNC\frm\cntgnrmvmbnc.fmx
