
Arrancando el informe BNCRPTMVM [Mon Apr 18 15:26:04 2005] ...
REP-0110: No se puede abrir el fichero 'BNCRPTMVM'.
REP-1070: Error al abrir o salvar un documento.
REP-0110: No se puede abrir el fichero 'BNCRPTMVM'.
Fin del informe BNCRPTMVM [Mon Apr 18 15:26:05 2005].

Arrancando el informe BNCRPTMVM [Mon Apr 18 15:26:36 2005] ...
Fin del informe BNCRPTMVM [Mon Apr 18 15:27:05 2005].

Starting report BNCRPTMVM [Mon Apr 18 16:05:59 2005] ...
REP-0110: Unable to open file 'BNCRPTMVM'.
REP-1070: Error while opening or saving a document.
REP-0110: Unable to open file 'BNCRPTMVM'.
End report BNCRPTMVM [Mon Apr 18 16:05:59 2005].

Starting report BNCRPTMVM [Mon Apr 18 16:06:24 2005] ...
End report BNCRPTMVM [Mon Apr 18 16:07:06 2005].

Starting report BNCRPTMVM [Mon Apr 18 16:07:15 2005] ...
End report BNCRPTMVM [Mon Apr 18 16:07:41 2005].

Starting report BNCRPTMVMCNC [Mon Apr 18 16:14:17 2005] ...
End report BNCRPTMVMCNC [Mon Apr 18 16:14:28 2005].

Starting report BNCRPTMVMCNC [Mon Apr 18 16:14:30 2005] ...
End report BNCRPTMVMCNC [Mon Apr 18 16:15:24 2005].

Starting report BNCRPTMVMCNC [Mon Apr 18 16:16:32 2005] ...
End report BNCRPTMVMCNC [Mon Apr 18 16:17:09 2005].

Starting report BNCRPTMVMCNC [Mon Apr 18 16:19:13 2005] ...
End report BNCRPTMVMCNC [Mon Apr 18 16:20:11 2005].

Starting report BNCRPTMVMCNC [Mon Apr 18 16:20:15 2005] ...
End report BNCRPTMVMCNC [Mon Apr 18 16:20:24 2005].

Starting report BNCRPTCNC [Mon Apr 18 16:20:40 2005] ...
End report BNCRPTCNC [Mon Apr 18 16:21:00 2005].

Starting report BNCRPTCNC [Mon Apr 18 16:21:03 2005] ...
End report BNCRPTCNC [Mon Apr 18 16:22:39 2005].

Starting report BNCRPTCNC [Mon Apr 18 16:22:45 2005] ...
End report BNCRPTCNC [Mon Apr 18 16:23:04 2005].

Starting report BNCRPTDTLCNC [Mon Apr 18 16:23:25 2005] ...
End report BNCRPTDTLCNC [Mon Apr 18 16:23:52 2005].

Starting report BNCRPTDTLCNC [Mon Apr 18 16:23:55 2005] ...
End report BNCRPTDTLCNC [Mon Apr 18 16:24:14 2005].

Starting report BNCRPTDTLCNC [Mon Apr 18 16:26:09 2005] ...
End report BNCRPTDTLCNC [Mon Apr 18 16:26:35 2005].

Starting report BNCRPTMVMCNC [Mon Apr 18 16:26:53 2005] ...
End report BNCRPTMVMCNC [Mon Apr 18 16:27:00 2005].

Starting report BNCRPTMVMCNC [Mon Apr 18 16:27:06 2005] ...
End report BNCRPTMVMCNC [Mon Apr 18 16:27:19 2005].

Starting report BNCRPTMVM [Mon Apr 18 16:27:50 2005] ...
End report BNCRPTMVM [Mon Apr 18 16:28:14 2005].

Starting report BNCRPTMVM [Mon Apr 18 16:30:48 2005] ...
End report BNCRPTMVM [Mon Apr 18 16:31:18 2005].

Starting report BNCRPTMVMTPO [Mon Apr 18 16:32:00 2005] ...
End report BNCRPTMVMTPO [Mon Apr 18 16:33:26 2005].

Starting report BNCRPTMVMTPO [Mon Apr 18 16:37:28 2005] ...
End report BNCRPTMVMTPO [Mon Apr 18 16:37:34 2005].

Starting report BNCRPTMVMTPO [Mon Apr 18 16:38:37 2005] ...
End report BNCRPTMVMTPO [Mon Apr 18 16:38:39 2005].

Starting report BNCRPTMVMTPO [Mon Apr 18 16:38:42 2005] ...
End report BNCRPTMVMTPO [Mon Apr 18 16:39:10 2005].

Starting report BNCRPTMVMTPO [Mon Apr 18 16:40:37 2005] ...
End report BNCRPTMVMTPO [Mon Apr 18 16:40:39 2005].

Starting report BNCRPTMVMTPO [Mon Apr 18 16:56:02 2005] ...
End report BNCRPTMVMTPO [Mon Apr 18 16:56:19 2005].

Starting report BNCRPTMVMTPO [Mon Apr 18 16:57:29 2005] ...
End report BNCRPTMVMTPO [Mon Apr 18 16:58:06 2005].

Starting report BNCRPTMVMTPO [Mon Apr 18 16:58:52 2005] ...
End report BNCRPTMVMTPO [Mon Apr 18 16:59:50 2005].

Starting report BNCRPTMVMTPO [Mon Apr 18 17:00:49 2005] ...
End report BNCRPTMVMTPO [Mon Apr 18 17:01:34 2005].

Starting report BNCRPTMVMTPO [Mon Apr 18 17:01:40 2005] ...
End report BNCRPTMVMTPO [Mon Apr 18 17:01:54 2005].

Starting report BNCRPTMVMTPO [Mon Apr 18 17:02:51 2005] ...
End report BNCRPTMVMTPO [Mon Apr 18 17:03:39 2005].

Starting report BNCRPTMVMTPO [Mon Apr 18 17:04:05 2005] ...
End report BNCRPTMVMTPO [Mon Apr 18 17:04:20 2005].

Starting report BNCRPTMVM [Tue Apr 26 15:02:50 2005] ...
REP-0110: Unable to open file 'BNCRPTMVM'.
REP-1070: Error while opening or saving a document.
REP-0110: Unable to open file 'BNCRPTMVM'.
End report BNCRPTMVM [Tue Apr 26 15:02:51 2005].

Starting report BNCRPTMVM [Tue Apr 26 15:03:19 2005] ...
End report BNCRPTMVM [Tue Apr 26 15:04:41 2005].

Starting report BNCRPTCNC [Tue Apr 26 15:10:57 2005] ...
End report BNCRPTCNC [Tue Apr 26 15:11:00 2005].

Starting report BNCRPTCNC [Tue Apr 26 15:11:02 2005] ...
End report BNCRPTCNC [Tue Apr 26 15:11:20 2005].

Starting report BNCRPTMVM [Tue Apr 26 15:21:37 2005] ...
REP-0110: Unable to open file 'BNCRPTMVM'.
REP-1070: Error while opening or saving a document.
REP-0110: Unable to open file 'BNCRPTMVM'.
End report BNCRPTMVM [Tue Apr 26 15:21:37 2005].

Starting report BNCRPTMVM [Tue Apr 26 15:22:20 2005] ...
End report BNCRPTMVM [Tue Apr 26 15:22:25 2005].

Starting report BNCRPTMVM [Tue Apr 26 15:22:35 2005] ...
End report BNCRPTMVM [Tue Apr 26 15:23:02 2005].

Starting report BNCRPTMVM [Thu Apr 28 09:00:51 2005] ...
REP-0110: Unable to open file 'BNCRPTMVM'.
REP-1070: Error while opening or saving a document.
REP-0110: Unable to open file 'BNCRPTMVM'.
End report BNCRPTMVM [Thu Apr 28 09:00:51 2005].

Starting report BNCRPTMVM [Thu Apr 28 09:01:09 2005] ...
End report BNCRPTMVM [Thu Apr 28 09:01:39 2005].

Starting report BNCRPTMVM [Thu Apr 28 09:02:29 2005] ...
End report BNCRPTMVM [Thu Apr 28 09:02:54 2005].

Starting report BNCRPTMVM [Thu Apr 28 11:46:18 2005] ...
REP-0110: Unable to open file 'BNCRPTMVM'.
REP-1070: Error while opening or saving a document.
REP-0110: Unable to open file 'BNCRPTMVM'.
End report BNCRPTMVM [Thu Apr 28 11:46:18 2005].

Starting report BNCRPTMVM [Thu Apr 28 11:46:36 2005] ...
REP-0110: Unable to open file 'BNCRPTMVM'.
REP-1070: Error while opening or saving a document.
REP-0110: Unable to open file 'BNCRPTMVM'.
End report BNCRPTMVM [Thu Apr 28 11:46:37 2005].

Starting report BNCRPTMVM [Thu Apr 28 11:46:45 2005] ...
End report BNCRPTMVM [Thu Apr 28 12:05:43 2005].

Starting report BNCRPTMVM [Thu Apr 28 12:05:52 2005] ...
End report BNCRPTMVM [Thu Apr 28 12:06:25 2005].

Starting report BNCRPTMVM [Thu Apr 28 12:07:49 2005] ...
End report BNCRPTMVM [Thu Apr 28 12:09:05 2005].

Starting report BNCRPTMVM [Thu Apr 28 12:09:10 2005] ...
End report BNCRPTMVM [Thu Apr 28 12:09:38 2005].

Starting report BNCRPTMVM [Fri Dec 09 17:05:20 2005] ...
End report BNCRPTMVM [Fri Dec 09 17:05:56 2005].

Starting report bncrptmvm [Tue Apr 18 10:52:41 2006] ...
REP-0110: Unable to open file 'bncrptmvm'.
REP-1070: Error while opening or saving a document.
REP-0110: Unable to open file 'bncrptmvm'.
End report bncrptmvm [Tue Apr 18 10:52:41 2006].
