
Reconcile Report: Y:\sas\guiones\cambios_solca_quito\empleados_personal.lis

Generated on Tue Jul 25  12:19:11 2006 by Server Generator 6.5.96.5.6


======                                  ========                        ================                          ==============
Object                                  Property                        Repository Value                          Database Value
======                                  ========                        ================                          ==============



------------------------------------------------------------------------------------------------------------------------------------
Object                                  Property                        Repository Value                          Database Value
------                                  --------                        ----------------                          --------------
View EMPLEADOS_PERSONAL                                                                                      * NOT IN DATABASE * ***
                                     Object Type                                                                                
                               PL/SQL Definition                 SELECT 1 DPR_CODIGO,...                                        

                                         Comment                                                                                
Column CRG_CODIGO                                                                                            * NOT IN DATABASE * ***
                                                                                                                                
Column PARROQUIA                                                                                             * NOT IN DATABASE * ***
                                                                                                                                
Column CANTON                                                                                                * NOT IN DATABASE * ***
                                                                                                                                
Column PROVINCIA                                                                                             * NOT IN DATABASE * ***
                                                                                                                                
Column NOMBRES                                                                                               * NOT IN DATABASE * ***
                                                                                                                                
Column APELLIDOS                                                                                             * NOT IN DATABASE * ***
                                                                                                                                
Column CEDULA                                                                                                * NOT IN DATABASE * ***
                                                                                                                                
Column FECHA_NACIMIENTO                                                                                      * NOT IN DATABASE * ***
                                                                                                                                
Column ESTADO_CIVIL                                                                                          * NOT IN DATABASE * ***
                                                                                                                                
Column SEXO                                                                                                  * NOT IN DATABASE * ***
                                                                                                                                
Column FECHA_INGRESO                                                                                         * NOT IN DATABASE * ***
                                                                                                                                
Column TIPO                                                                                                  * NOT IN DATABASE * ***
                                                                                                                                
Column DPR_CODIGO                                                                                            * NOT IN DATABASE * ***
                                                                                                                                
Column DPR_DESCRIPCION                                                                                       * NOT IN DATABASE * ***
                                                                                                                                
Column DIRECCION                                                                                             * NOT IN DATABASE * ***
                                                                                                                                
Column TELEFONO                                                                                              * NOT IN DATABASE * ***
                                                                                                                                
Column CARNET_SEGURO                                                                                         * NOT IN DATABASE * ***
                                                                                                                                
Column OBSERVACIONES                                                                                         * NOT IN DATABASE * ***
                                                                                                                                
Column FECHA_SALIDA                                                                                          * NOT IN DATABASE * ***
                                                                                                                                
                                               --------------------------------------
                                               View EMPLEADOS_PERSONAL Differences: 1
                                               --------------------------------------


====================================================================================================================================
                                                        Total Differences: 1
====================================================================================================================================
