Compiling function CGTE$CHECK_CONSTRAINT_VIO... 
   No compilation errors.

Compiling procedure CGTE$FCT_ERRORS... 
   No compilation errors.

Compiling procedure CGLY$DISPLAY_CANVASES... 
   No compilation errors.

Compiling procedure CGLY$GET_RELATED_CANVASES... 
   No compilation errors.

Compiling procedure CGLY$CANVAS_MANAGEMENT... 
   No compilation errors.

Compiling PRE-COMMIT trigger on form...
   No compilation errors.

Compiling QMS$CUSTOM_HELP trigger on form...
   No compilation errors.

Compiling POST-FORM trigger on form...
   No compilation errors.

Compiling CALENDAR_WROTE_DATE trigger on form...
   No compilation errors.

Compiling KEY-EXIT trigger on form...
   No compilation errors.

Compiling POST-FORMS-COMMIT trigger on form...
   No compilation errors.

Compiling KEY-CLRFRM trigger on form...
   No compilation errors.

Compiling KEY-HELP trigger on form...
   No compilation errors.

Compiling KEY-MENU trigger on form...
   No compilation errors.

Compiling ON-ERROR trigger on form...
   No compilation errors.

Compiling ON-MESSAGE trigger on form...
   No compilation errors.

Compiling PRE-FORM trigger on form...
   No compilation errors.

Compiling QUERY_FIND trigger on form...
   No compilation errors.

Compiling QMS$MENU_ITEM trigger on form...
   No compilation errors.

Compiling WHEN-NEW-BLOCK-INSTANCE trigger on form...
   No compilation errors.

Compiling WHEN-NEW-FORM-INSTANCE trigger on form...
   No compilation errors.

Compiling WHEN-WINDOW-CLOSED trigger on form...
   No compilation errors.

Compiling WHEN-WINDOW-ACTIVATED trigger on form...
   No compilation errors.

Compiling WHEN-WINDOW-RESIZED trigger on form...
   No compilation errors.

Compiling POST-TEXT-ITEM trigger on form...
   No compilation errors.

Compiling WHEN-FORM-NAVIGATE trigger on form...
   No compilation errors.

Compiling KEY-CLRREC trigger on QMS$TRANS_ERRORS data block...
   No compilation errors.

Compiling KEY-CREREC trigger on QMS$TRANS_ERRORS data block...
   No compilation errors.

Compiling KEY-DOWN trigger on QMS$TRANS_ERRORS data block...
   No compilation errors.

Compiling KEY-NXTREC trigger on QMS$TRANS_ERRORS data block...
   No compilation errors.

Compiling KEY-SCRDOWN trigger on QMS$TRANS_ERRORS data block...
   No compilation errors.

Compiling KEY-UP trigger on QMS$TRANS_ERRORS data block...
   No compilation errors.

Compiling KEY-PRVREC trigger on QMS$TRANS_ERRORS data block...
   No compilation errors.

Compiling KEY-SCRUP trigger on QMS$TRANS_ERRORS data block...
   No compilation errors.

Compiling ON-ERROR trigger on QMS$TRANS_ERRORS data block...
   No compilation errors.

Compiling PRE-BLOCK trigger on QMS$TRANS_ERRORS data block...
   No compilation errors.

Compiling WHEN-NEW-BLOCK-INSTANCE trigger on QMS$TRANS_ERRORS data block...
   No compilation errors.

Compiling ON-LOCK trigger on QMS$TRANS_ERRORS data block...
   No compilation errors.

Compiling WHEN-VALIDATE-RECORD trigger on QMS$TRANS_ERRORS data block...
   No compilation errors.

Compiling WHEN-BUTTON-PRESSED trigger on QMS$TRANS_ERRORS data block...
   No compilation errors.

Compiling WHEN-LIST-ACTIVATED trigger on QMS$TRANS_ERRORS data block...
   No compilation errors.

Compiling WHEN-NEW-ITEM-INSTANCE trigger on OK_BUTTON item in QMS$TRANS_ERRORS data block...
   No compilation errors.

Compiling WHEN-BUTTON-PRESSED trigger on OK_BUTTON item in QMS$TRANS_ERRORS data block...
   No compilation errors.

Compiling KEY-PREV-ITEM trigger on OK_BUTTON item in QMS$TRANS_ERRORS data block...
   No compilation errors.

Compiling WHEN-LIST-CHANGED trigger on MESSAGES item in QMS$TRANS_ERRORS data block...
   No compilation errors.

Compiling WHEN-NEW-ITEM-INSTANCE trigger on HELP_BUTTON item in QMS$TRANS_ERRORS data block...
   No compilation errors.

Compiling WHEN-BUTTON-PRESSED trigger on HELP_BUTTON item in QMS$TRANS_ERRORS data block...
   No compilation errors.

Compiling KEY-NEXT-ITEM trigger on HELP_BUTTON item in QMS$TRANS_ERRORS data block...
   No compilation errors.

Compiling WHEN-NEW-ITEM-INSTANCE trigger on OK_BUTTON_MODAL item in QMS$TRANS_ERRORS data block...
   No compilation errors.

Compiling WHEN-BUTTON-PRESSED trigger on OK_BUTTON_MODAL item in QMS$TRANS_ERRORS data block...
   No compilation errors.

Compiling KEY-PREV-ITEM trigger on OK_BUTTON_MODAL item in QMS$TRANS_ERRORS data block...
   No compilation errors.

Compiling WHEN-LIST-CHANGED trigger on MESSAGES_MODAL item in QMS$TRANS_ERRORS data block...
   No compilation errors.

Compiling WHEN-NEW-ITEM-INSTANCE trigger on HELP_BUTTON_MODAL item in QMS$TRANS_ERRORS data block...
   No compilation errors.

Compiling WHEN-BUTTON-PRESSED trigger on HELP_BUTTON_MODAL item in QMS$TRANS_ERRORS data block...
   No compilation errors.

Compiling KEY-NEXT-ITEM trigger on HELP_BUTTON_MODAL item in QMS$TRANS_ERRORS data block...
   No compilation errors.

Compiling WHEN-NEW-ITEM-INSTANCE trigger on RETURN_TO_BLOCK item in QMS$TRANS_ERRORS data block...
   No compilation errors.

Compiling WHEN-RADIO-CHANGED trigger on CALENDAR data block...
   No compilation errors.

Compiling KEY-OTHERS trigger on CALENDAR data block...
   No compilation errors.

Compiling KEY-NEXT-ITEM trigger on CALENDAR data block...
   No compilation errors.

Compiling KEY-PREV-ITEM trigger on CALENDAR data block...
   No compilation errors.

Compiling KEY-ENTER trigger on CALENDAR data block...
   No compilation errors.

Compiling WHEN-BUTTON-PRESSED trigger on CALENDAR data block...
   No compilation errors.

Compiling WHEN-LIST-CHANGED trigger on CALENDAR data block...
   No compilation errors.

Compiling WHEN-MOUSE-CLICK trigger on CALENDAR data block...
   No compilation errors.

Compiling KEY-DOWN trigger on CALENDAR data block...
   No compilation errors.

Compiling KEY-UP trigger on CALENDAR data block...
   No compilation errors.

Compiling KEY-NXTREC trigger on CALENDAR data block...
   No compilation errors.

Compiling KEY-PRVREC trigger on CALENDAR data block...
   No compilation errors.

Compiling WHEN-MOUSE-DOUBLECLICK trigger on CALENDAR data block...
   No compilation errors.

Compiling WHEN-NEW-ITEM-INSTANCE trigger on HOUR item in CALENDAR data block...
   No compilation errors.

Compiling WHEN-NEW-ITEM-INSTANCE trigger on MINUTE item in CALENDAR data block...
   No compilation errors.

Compiling WHEN-NEW-ITEM-INSTANCE trigger on OK item in CALENDAR data block...
   No compilation errors.

Compiling WHEN-BUTTON-PRESSED trigger on OK item in CALENDAR data block...
   No compilation errors.

Compiling KEY-PREV-ITEM trigger on OK item in CALENDAR data block...
   No compilation errors.

Compiling WHEN-NEW-ITEM-INSTANCE trigger on CANCEL item in CALENDAR data block...
   No compilation errors.

Compiling WHEN-BUTTON-PRESSED trigger on CANCEL item in CALENDAR data block...
   No compilation errors.

Compiling KEY-NEXT-ITEM trigger on MONTH_AND_YEAR item in CALENDAR data block...
   No compilation errors.

Compiling WHEN-MOUSE-CLICK trigger on PREV_MONTH item in CALENDAR data block...
   No compilation errors.

Compiling WHEN-MOUSE-CLICK trigger on NEXT_MONTH item in CALENDAR data block...
   No compilation errors.

Compiling WHEN-MOUSE-CLICK trigger on NEXT_YEAR item in CALENDAR data block...
   No compilation errors.

Compiling WHEN-MOUSE-CLICK trigger on PREV_YEAR item in CALENDAR data block...
   No compilation errors.

Compiling WHEN-NEW-ITEM-INSTANCE trigger on AM_PM item in CALENDAR data block...
   No compilation errors.

Compiling WHEN-BUTTON-PRESSED trigger on QMS$TOOLBAR data block...
   No compilation errors.

Compiling WHEN-LIST-CHANGED trigger on ORDER_BY item in QMS$TOOLBAR data block...
   No compilation errors.

Compiling ON-LOCK trigger on FCT data block...
   No compilation errors.

Compiling POST-INSERT trigger on FCT data block...
   No compilation errors.

Compiling POST-QUERY trigger on FCT data block...
   No compilation errors.

Compiling PRE-BLOCK trigger on FCT data block...
   No compilation errors.

Compiling PRE-QUERY trigger on FCT data block...
   No compilation errors.

Compiling WHEN-DATABASE-RECORD trigger on FCT data block...
   No compilation errors.

Compiling WHEN-NEW-BLOCK-INSTANCE trigger on FCT data block...
   No compilation errors.

Compiling WHEN-NEW-RECORD-INSTANCE trigger on FCT data block...
   No compilation errors.

Compiling WHEN-REMOVE-RECORD trigger on FCT data block...
   No compilation errors.

Compiling POST-SELECT trigger on FCT data block...
   No compilation errors.

Compiling ON-ERROR trigger on FCT data block...
   No compilation errors.

Compiling WHEN-NEW-ITEM-INSTANCE trigger on CRA item in FCT data block...
   No compilation errors.

Compiling KEY-PREV-ITEM trigger on CRA item in FCT data block...
   No compilation errors.

Compiling WHEN-NEW-ITEM-INSTANCE trigger on JN_OPERATION item in FCT data block...
   No compilation errors.

Compiling WHEN-NEW-ITEM-INSTANCE trigger on JN_ORACLE_USER item in FCT data block...
   No compilation errors.

Compiling WHEN-NEW-ITEM-INSTANCE trigger on JN_DATETIME item in FCT data block...
   No compilation errors.

Compiling KEY-LISTVAL trigger on JN_DATETIME item in FCT data block...
   No compilation errors.

Compiling WHEN-NEW-ITEM-INSTANCE trigger on JN_NOTES item in FCT data block...
   No compilation errors.

Compiling WHEN-NEW-ITEM-INSTANCE trigger on JN_APPLN item in FCT data block...
   No compilation errors.

Compiling WHEN-NEW-ITEM-INSTANCE trigger on JN_SESSION item in FCT data block...
   No compilation errors.

Compiling WHEN-NEW-ITEM-INSTANCE trigger on NUMERO item in FCT data block...
   No compilation errors.

Compiling WHEN-NEW-ITEM-INSTANCE trigger on CAJA item in FCT data block...
   No compilation errors.

Compiling WHEN-NEW-ITEM-INSTANCE trigger on PCN_NUMERO_HC item in FCT data block...
   No compilation errors.

Compiling WHEN-NEW-ITEM-INSTANCE trigger on CLNPGA_CODIGO item in FCT data block...
   No compilation errors.

Compiling WHEN-NEW-ITEM-INSTANCE trigger on CLNPGA_TIPO_CODIGO item in FCT data block...
   No compilation errors.

Compiling WHEN-NEW-ITEM-INSTANCE trigger on PRS_CODIGO item in FCT data block...
   No compilation errors.

Compiling WHEN-NEW-ITEM-INSTANCE trigger on FECHA item in FCT data block...
   No compilation errors.

Compiling KEY-LISTVAL trigger on FECHA item in FCT data block...
   No compilation errors.

Compiling WHEN-NEW-ITEM-INSTANCE trigger on MONEDA_DE_TRABAJO item in FCT data block...
   No compilation errors.

Compiling WHEN-NEW-ITEM-INSTANCE trigger on TOTAL item in FCT data block...
   No compilation errors.

Compiling WHEN-NEW-ITEM-INSTANCE trigger on IVA item in FCT data block...
   No compilation errors.

Compiling WHEN-NEW-ITEM-INSTANCE trigger on ESTADO item in FCT data block...
   No compilation errors.

Compiling WHEN-NEW-ITEM-INSTANCE trigger on DESCUENTO_PROMOCIONES item in FCT data block...
   No compilation errors.

Compiling WHEN-NEW-ITEM-INSTANCE trigger on DESCUENTO_OTORGADO item in FCT data block...
   No compilation errors.

Compiling WHEN-NEW-ITEM-INSTANCE trigger on CONTABILIZADO item in FCT data block...
   No compilation errors.

Compiling WHEN-NEW-ITEM-INSTANCE trigger on ENTREGADA_CONTABILIDAD item in FCT data block...
   No compilation errors.

Compiling WHEN-NEW-ITEM-INSTANCE trigger on PRS_CODIGO_MODIFICADO_POR item in FCT data block...
   No compilation errors.

Compiling WHEN-NEW-ITEM-INSTANCE trigger on CTACBR_NUMERO item in FCT data block...
   No compilation errors.

Compiling WHEN-NEW-ITEM-INSTANCE trigger on TOTALE item in FCT data block...
   No compilation errors.

Compiling WHEN-NEW-ITEM-INSTANCE trigger on IVAE item in FCT data block...
   No compilation errors.

Compiling WHEN-NEW-ITEM-INSTANCE trigger on OBSERVACION item in FCT data block...
   No compilation errors.

Compiling WHEN-NEW-ITEM-INSTANCE trigger on DESCUENTO_PROMOCIONES_E item in FCT data block...
   No compilation errors.

Compiling WHEN-NEW-ITEM-INSTANCE trigger on DESCUENTO_OTORGADO_E item in FCT data block...
   No compilation errors.

Compiling WHEN-NEW-ITEM-INSTANCE trigger on PRMATN_NUMERO item in FCT data block...
   No compilation errors.

Compiling WHEN-NEW-ITEM-INSTANCE trigger on NUMERO_IMPRESION item in FCT data block...
   No compilation errors.

Compiling KEY-NEXT-ITEM trigger on NUMERO_IMPRESION item in FCT data block...
   No compilation errors.

Compiling WHEN-NEW-ITEM-INSTANCE trigger on FECHA_ENTREGA item in FCT data block...
   No compilation errors.

Compiling KEY-LISTVAL trigger on FECHA_ENTREGA item in FCT data block...
   No compilation errors.

Compiling WHEN-NEW-ITEM-INSTANCE trigger on ENTREGADA_POR item in FCT data block...
   No compilation errors.

Compiling KEY-CLRREC trigger on CBC data block...
   No compilation errors.

Compiling KEY-CREREC trigger on CBC data block...
   No compilation errors.

Compiling KEY-DOWN trigger on CBC data block...
   No compilation errors.

Compiling KEY-NXTREC trigger on CBC data block...
   No compilation errors.

Compiling KEY-SCRDOWN trigger on CBC data block...
   No compilation errors.

Compiling KEY-UP trigger on CBC data block...
   No compilation errors.

Compiling KEY-PRVREC trigger on CBC data block...
   No compilation errors.

Compiling KEY-SCRUP trigger on CBC data block...
   No compilation errors.

Compiling ON-ERROR trigger on CBC data block...
   No compilation errors.

Compiling PRE-BLOCK trigger on CBC data block...
   No compilation errors.

Compiling WHEN-NEW-BLOCK-INSTANCE trigger on CBC data block...
   No compilation errors.

Compiling WHEN-NEW-ITEM-INSTANCE trigger on FECHA_INGRESO item in CBC data block...
   No compilation errors.

Compiling KEY-LISTVAL trigger on FECHA_INGRESO item in CBC data block...
   No compilation errors.

Compiling WHEN-NEW-ITEM-INSTANCE trigger on BTN_GENERAR item in CBC data block...
   No compilation errors.

Compiling WHEN-BUTTON-PRESSED trigger on BTN_GENERAR item in CBC data block...
   No compilation errors.

Compiling KEY-PREV-ITEM trigger on BTN_GENERAR item in CBC data block...
   No compilation errors.

Compiling KEY-NEXT-ITEM trigger on BTN_GENERAR item in CBC data block...
   No compilation errors.

Compiling KEY-CLRREC trigger on PRM data block...
   No compilation errors.

Compiling KEY-CREREC trigger on PRM data block...
   No compilation errors.

Compiling KEY-DOWN trigger on PRM data block...
   No compilation errors.

Compiling KEY-NXTREC trigger on PRM data block...
   No compilation errors.

Compiling KEY-SCRDOWN trigger on PRM data block...
   No compilation errors.

Compiling KEY-UP trigger on PRM data block...
   No compilation errors.

Compiling KEY-PRVREC trigger on PRM data block...
   No compilation errors.

Compiling KEY-SCRUP trigger on PRM data block...
   No compilation errors.

Compiling ON-ERROR trigger on PRM data block...
   No compilation errors.

Compiling PRE-BLOCK trigger on PRM data block...
   No compilation errors.

Compiling WHEN-NEW-BLOCK-INSTANCE trigger on PRM data block...
   No compilation errors.

Compiling WHEN-NEW-ITEM-INSTANCE trigger on ARCHIVO item in PRM data block...
   No compilation errors.

Compiling KEY-PREV-ITEM trigger on ARCHIVO item in PRM data block...
   No compilation errors.

Compiling WHEN-NEW-ITEM-INSTANCE trigger on USUARIO item in PRM data block...
   No compilation errors.

Compiling WHEN-NEW-ITEM-INSTANCE trigger on FECHA_INICIAL item in PRM data block...
   No compilation errors.

Compiling KEY-LISTVAL trigger on FECHA_INICIAL item in PRM data block...
   No compilation errors.

Compiling WHEN-NEW-ITEM-INSTANCE trigger on FECHA_FIN item in PRM data block...
   No compilation errors.

Compiling KEY-LISTVAL trigger on FECHA_FIN item in PRM data block...
   No compilation errors.

Compiling WHEN-NEW-ITEM-INSTANCE trigger on BTN_GENERAR item in PRM data block...
   No compilation errors.

Compiling WHEN-BUTTON-PRESSED trigger on BTN_GENERAR item in PRM data block...
   No compilation errors.

Compiling WHEN-NEW-ITEM-INSTANCE trigger on BTN_SALIR item in PRM data block...
   No compilation errors.

Compiling WHEN-BUTTON-PRESSED trigger on BTN_SALIR item in PRM data block...
   No compilation errors.

Compiling KEY-NEXT-ITEM trigger on BTN_SALIR item in PRM data block...
   No compilation errors.

Compiling KEY-CLRREC trigger on CG$CTRL data block...
   No compilation errors.

Compiling KEY-CREREC trigger on CG$CTRL data block...
   No compilation errors.

Compiling KEY-DOWN trigger on CG$CTRL data block...
   No compilation errors.

Compiling KEY-NXTREC trigger on CG$CTRL data block...
   No compilation errors.

Compiling KEY-SCRDOWN trigger on CG$CTRL data block...
   No compilation errors.

Compiling KEY-UP trigger on CG$CTRL data block...
   No compilation errors.

Compiling KEY-PRVREC trigger on CG$CTRL data block...
   No compilation errors.

Compiling KEY-SCRUP trigger on CG$CTRL data block...
   No compilation errors.

Compiling ON-ERROR trigger on CG$CTRL data block...
   No compilation errors.

Compiling PRE-BLOCK trigger on CG$CTRL data block...
   No compilation errors.

Compiling WHEN-NEW-BLOCK-INSTANCE trigger on CG$CTRL data block...
   No compilation errors.

Compiling WHEN-NEW-ITEM-INSTANCE trigger on CG$PAGE_1_LIST item in CG$CTRL data block...
   No compilation errors.

Compiling WHEN-NEW-ITEM-INSTANCE trigger on CG$PAGE_2_LIST item in CG$CTRL data block...
   No compilation errors.

Compiling WHEN-NEW-ITEM-INSTANCE trigger on CG$WINDOWQMS$TRANS_ERRORS_PAGE item in CG$CTRL data block...
   No compilation errors.

Compiling WHEN-NEW-ITEM-INSTANCE trigger on CG$WINDOWFACTURACION_PAGE item in CG$CTRL data block...
   No compilation errors.

Compiling WHEN-NEW-ITEM-INSTANCE trigger on CG$WINDOWPARAMETROS_PAGE item in CG$CTRL data block...
   No compilation errors.

Compiling WHEN-NEW-ITEM-INSTANCE trigger on CG$WINDOWQMS$TRANS_ERRORS_MODA item in CG$CTRL data block...
   No compilation errors.

Compiling WHEN-NEW-ITEM-INSTANCE trigger on CG$WINDOWCALENDAR_PAGE item in CG$CTRL data block...
   No compilation errors.

Compiling WHEN-NEW-ITEM-INSTANCE trigger on CG$WINDOWQMS$HIDDEN_ITEMS_PAGE item in CG$CTRL data block...
   No compilation errors.

Compiling WHEN-NEW-ITEM-INSTANCE trigger on CG$LAST_CANVAS item in CG$CTRL data block...
   No compilation errors.


Created form file D:\sas\bin\aud\frm\audsrirvsfct.fmx
