

***********************************************************************
Fatal OSN connect error 12154, connecting to:
 SOEMDICAL

  VERSION INFORMATION:
	TNS for 32-bit Windows: Version 2.3.4.0.0 - Production
  Time: 20-JUN-06 15:13:47
  Tracing not turned on.


***********************************************************************
Fatal OSN connect error 12203, connecting to:
 (DESCRIPTION=(CONNECT_DATA=(SID=DESI)(CID=(PROGRAM=PLUS33W.EXE)(HOST=PORTATIL)(USER=folmedo)))(ADDRESS_LIST=(ADDRESS=(PROTOCOL=ipc)(KEY=DESI.world))(ADDRESS=(COMMUNITY=tcp.world)(PROTOCOL=TCP)(Host=192.1.1.10)(Port=1521))))

  VERSION INFORMATION:
	TNS for 32-bit Windows: Version 2.3.4.0.0 - Production
	Windows NT TCP/IP NT Protocol Adapter for 32-bit Windows: Version 2.3.4.0.0 - Production
  Time: 20-JUN-06 15:13:47
  Tracing not turned on.
  Tns error struct:
    nr err code: 12203
    TNS-12203: TNS:unable to connect to destination
    ns main err code: 12560
    TNS-12560: TNS:protocol adapter error
    ns secondary err code: 0
    nt main err code: 538
    TNS-00538: Message 538 not found;  product=NETWORK; facility=TNS

    nt secondary err code: 65
    nt OS err code: 0


***********************************************************************
Fatal OSN connect error 12203, connecting to:
 (DESCRIPTION=(CONNECT_DATA=(SID=DESI)(CID=(PROGRAM=PLUS33W.EXE)(HOST=PORTATIL)(USER=folmedo)))(ADDRESS_LIST=(ADDRESS=(PROTOCOL=ipc)(KEY=DESI.world))(ADDRESS=(COMMUNITY=tcp.world)(PROTOCOL=TCP)(Host=192.1.1.10)(Port=1521))))

  VERSION INFORMATION:
	TNS for 32-bit Windows: Version 2.3.4.0.0 - Production
	Windows NT TCP/IP NT Protocol Adapter for 32-bit Windows: Version 2.3.4.0.0 - Production
  Time: 20-JUN-06 15:13:47
  Tracing not turned on.
  Tns error struct:
    nr err code: 12203
    TNS-12203: TNS:unable to connect to destination
    ns main err code: 12560
    TNS-12560: TNS:protocol adapter error
    ns secondary err code: 0
    nt main err code: 538
    TNS-00538: Message 538 not found;  product=NETWORK; facility=TNS

    nt secondary err code: 65
    nt OS err code: 0
