
Starting report AUDSRIRPTUSRR [Thu Jan 26 09:16:22 2006] ...
REP-0110: Unable to open file 'AUDSRIRPTUSRR'.
REP-1070: Error while opening or saving a document.
REP-0110: Unable to open file 'AUDSRIRPTUSRR'.
End report AUDSRIRPTUSRR [Thu Jan 26 09:16:22 2006].

Starting report AUDSRIRPTUSRR [Thu Jan 26 09:18:34 2006] ...
REP-0110: Unable to open file 'AUDSRIRPTUSRR'.
REP-1070: Error while opening or saving a document.
REP-0110: Unable to open file 'AUDSRIRPTUSRR'.
End report AUDSRIRPTUSRR [Thu Jan 26 09:18:35 2006].

Starting report AUDSRIRPTUSRR [Thu Jan 26 09:18:42 2006] ...
REP-0110: Unable to open file 'AUDSRIRPTUSRR'.
REP-1070: Error while opening or saving a document.
REP-0110: Unable to open file 'AUDSRIRPTUSRR'.
End report AUDSRIRPTUSRR [Thu Jan 26 09:18:42 2006].

Starting report AUDSRIRPTUSRR [Thu Jan 26 09:18:48 2006] ...
REP-0110: Unable to open file 'AUDSRIRPTUSRR'.
REP-1070: Error while opening or saving a document.
REP-0110: Unable to open file 'AUDSRIRPTUSRR'.
End report AUDSRIRPTUSRR [Thu Jan 26 09:18:48 2006].

Starting report AUDSRIRPTUSRR [Thu Jan 26 09:19:51 2006] ...
REP-0110: Unable to open file 'AUDSRIRPTUSRR'.
REP-1070: Error while opening or saving a document.
REP-0110: Unable to open file 'AUDSRIRPTUSRR'.
End report AUDSRIRPTUSRR [Thu Jan 26 09:19:51 2006].

Starting report AUDSRIRPTUSRR [Thu Jan 26 09:21:40 2006] ...
REP-0110: Unable to open file 'AUDSRIRPTUSRR'.
REP-1070: Error while opening or saving a document.
REP-0110: Unable to open file 'AUDSRIRPTUSRR'.
End report AUDSRIRPTUSRR [Thu Jan 26 09:21:40 2006].

Starting report AUDSRIRPTUSRR [Thu Jan 26 09:24:32 2006] ...
REP-0110: Unable to open file 'AUDSRIRPTUSRR'.
REP-1070: Error while opening or saving a document.
REP-0110: Unable to open file 'AUDSRIRPTUSRR'.
End report AUDSRIRPTUSRR [Thu Jan 26 09:24:32 2006].

Starting report AUDSRIRPTUSRR [Thu Jan 26 09:33:13 2006] ...
REP-0110: Unable to open file 'AUDSRIRPTUSRR'.
REP-1070: Error while opening or saving a document.
REP-0110: Unable to open file 'AUDSRIRPTUSRR'.
End report AUDSRIRPTUSRR [Thu Jan 26 09:33:14 2006].

Starting report AUDSRIRPTUSRR [Thu Jan 26 09:33:58 2006] ...
REP-0110: Unable to open file 'AUDSRIRPTUSRR'.
REP-1070: Error while opening or saving a document.
REP-0110: Unable to open file 'AUDSRIRPTUSRR'.
End report AUDSRIRPTUSRR [Thu Jan 26 09:33:59 2006].

Starting report AUDSRIRPTUSRR [Thu Jan 26 09:34:38 2006] ...
REP-0110: Unable to open file 'AUDSRIRPTUSRR'.
REP-1070: Error while opening or saving a document.
REP-0110: Unable to open file 'AUDSRIRPTUSRR'.
End report AUDSRIRPTUSRR [Thu Jan 26 09:34:38 2006].

Starting report AUDSRIRPTUSRR [Thu Jan 26 09:35:03 2006] ...
REP-0110: Unable to open file 'AUDSRIRPTUSRR'.
REP-1070: Error while opening or saving a document.
REP-0110: Unable to open file 'AUDSRIRPTUSRR'.
End report AUDSRIRPTUSRR [Thu Jan 26 09:35:04 2006].

Starting report AUDSRIRPTUSRR [Thu Jan 26 09:35:19 2006] ...
REP-0110: Unable to open file 'AUDSRIRPTUSRR'.
REP-1070: Error while opening or saving a document.
REP-0110: Unable to open file 'AUDSRIRPTUSRR'.
End report AUDSRIRPTUSRR [Thu Jan 26 09:35:20 2006].
REP-0118: Unable to create a temporary file.


Starting report AUDSRIRPTUSRR [Thu Jan 26 09:56:36 2006] ...
REP-0118: Unable to create a temporary file.

End report AUDSRIRPTUSRR [Thu Jan 26 09:56:40 2006].

Starting report AUDSRIRPTUSRR [Thu Jan 26 09:56:54 2006] ...
End report AUDSRIRPTUSRR [Thu Jan 26 09:57:02 2006].

Starting report AUDSRIRPTUSRR [Thu Jan 26 09:57:09 2006] ...
End report AUDSRIRPTUSRR [Thu Jan 26 09:57:19 2006].

Starting report AUDSRIRPTCNTAUDR [Thu Jan 26 10:03:58 2006] ...
End report AUDSRIRPTCNTAUDR [Thu Jan 26 10:04:11 2006].

Starting report AUDSRIRPTCNTAUDR [Thu Jan 26 10:19:46 2006] ...
End report AUDSRIRPTCNTAUDR [Thu Jan 26 10:20:05 2006].

Starting report AUDSRIRPTFCTR [Thu Jan 26 10:20:18 2006] ...
REP-0110: Unable to open file 'AUDSRIRPTFCTR'.
REP-1070: Error while opening or saving a document.
REP-0110: Unable to open file 'AUDSRIRPTFCTR'.
End report AUDSRIRPTFCTR [Thu Jan 26 10:20:19 2006].

Starting report AUDSRIRPTFCTR [Thu Jan 26 10:21:53 2006] ...
End report AUDSRIRPTFCTR [Thu Jan 26 10:22:11 2006].

Starting report AUDSRIRPTUSRR [Thu Jan 26 10:22:22 2006] ...
End report AUDSRIRPTUSRR [Thu Jan 26 10:26:39 2006].

Starting report AUDSRIRPTCNTAUDR [Thu Jan 26 10:39:05 2006] ...
End report AUDSRIRPTCNTAUDR [Thu Jan 26 10:39:21 2006].

Starting report AUDSRIRPTFCTR [Thu Jan 26 10:40:43 2006] ...
End report AUDSRIRPTFCTR [Thu Jan 26 12:48:33 2006].

Starting report AUDSRIRPTFCTR [Thu Jan 26 14:32:30 2006] ...
End report AUDSRIRPTFCTR [Thu Jan 26 14:44:19 2006].

Starting report AUDSRIRPTFCTR [Thu Jan 26 14:44:26 2006] ...
End report AUDSRIRPTFCTR [Thu Jan 26 16:10:58 2006].

Starting report AUDSRIRPTCNTAUDR [Thu Jan 26 16:15:57 2006] ...
End report AUDSRIRPTCNTAUDR [Thu Jan 26 16:16:03 2006].

Starting report AUDSRIRPTCNTAUDR [Thu Jan 26 16:16:08 2006] ...
End report AUDSRIRPTCNTAUDR [Thu Jan 26 16:16:10 2006].

Starting report AUDSRIRPTCNTAUDR [Thu Jan 26 16:16:15 2006] ...
End report AUDSRIRPTCNTAUDR [Thu Jan 26 16:16:19 2006].

Starting report AUDSRIRPTFCTR [Fri Jan 27 08:13:19 2006] ...
End report AUDSRIRPTFCTR [Fri Jan 27 08:13:27 2006].

Starting report AUDSRIRPTCNTAUDR [Fri Jan 27 08:56:15 2006] ...
End report AUDSRIRPTCNTAUDR [Fri Jan 27 08:56:47 2006].

Starting report AUDSRIRPTCNTAUDR [Fri Jan 27 08:56:58 2006] ...
End report AUDSRIRPTCNTAUDR [Fri Jan 27 08:57:11 2006].

Starting report AUDSRIRPTFCTR [Fri Jan 27 08:57:38 2006] ...
End report AUDSRIRPTFCTR [Fri Jan 27 08:57:52 2006].

Starting report AUDSRIRPTUSRR [Fri Jan 27 08:58:01 2006] ...
End report AUDSRIRPTUSRR [Fri Jan 27 09:02:49 2006].

Starting report AUDSRIRPTCJSR [Mon Jan 30 12:18:53 2006] ...
End report AUDSRIRPTCJSR [Mon Jan 30 12:19:00 2006].

Starting report AUDSRIRPTCJSR [Mon Jan 30 12:25:03 2006] ...
End report AUDSRIRPTCJSR [Mon Jan 30 12:25:10 2006].

Starting report AUDSRIRPTUSRR [Mon Jan 30 12:25:24 2006] ...
End report AUDSRIRPTUSRR [Mon Jan 30 12:25:29 2006].

Starting report AUDSRIRPTCJSR [Wed Feb 01 09:28:18 2006] ...
ORA-00942: table or view does not exist
CG_REF_CODES CG,  ==> CAJAS_JN CAJAS_JN
End report AUDSRIRPTCJSR [Wed Feb 01 09:29:04 2006].

Starting report AUDSRIRPTCJSR [Wed Feb 01 09:29:56 2006] ...
End report AUDSRIRPTCJSR [Wed Feb 01 09:29:59 2006].

Starting report AUDSRIRPTCJSR [Wed Feb 01 09:30:04 2006] ...
End report AUDSRIRPTCJSR [Wed Feb 01 09:31:31 2006].

Starting report AUDSRIRPTUSRR [Wed Feb 01 09:33:43 2006] ...
End report AUDSRIRPTUSRR [Wed Feb 01 09:33:48 2006].

Starting report CNGLSTGRLINSR [Thu Feb 02 09:08:28 2006] ...
REP-0110: Unable to open file 'CNGLSTGRLINSR'.
REP-1070: Error while opening or saving a document.
REP-0110: Unable to open file 'CNGLSTGRLINSR'.
End report CNGLSTGRLINSR [Thu Feb 02 09:08:28 2006].

Starting report CNGLSTGRLINSR [Thu Feb 02 10:22:30 2006] ...
REP-0110: Unable to open file 'CNGLSTGRLINSR'.
REP-1070: Error while opening or saving a document.
REP-0110: Unable to open file 'CNGLSTGRLINSR'.
End report CNGLSTGRLINSR [Thu Feb 02 10:22:30 2006].

Starting report CNGLSTGRLINSR [Thu Feb 02 10:24:17 2006] ...
REP-0110: Unable to open file 'CNGLSTGRLINSR'.
REP-1070: Error while opening or saving a document.
REP-0110: Unable to open file 'CNGLSTGRLINSR'.
End report CNGLSTGRLINSR [Thu Feb 02 10:24:18 2006].

Starting report CNGLSTGRLINSR [Thu Feb 02 10:24:21 2006] ...
REP-0110: Unable to open file 'CNGLSTGRLINSR'.
REP-1070: Error while opening or saving a document.
REP-0110: Unable to open file 'CNGLSTGRLINSR'.
End report CNGLSTGRLINSR [Thu Feb 02 10:24:21 2006].

Starting report CNGLSTGRLINSR [Thu Feb 02 10:24:22 2006] ...
REP-0110: Unable to open file 'CNGLSTGRLINSR'.
REP-1070: Error while opening or saving a document.
REP-0110: Unable to open file 'CNGLSTGRLINSR'.
End report CNGLSTGRLINSR [Thu Feb 02 10:24:22 2006].

Starting report CNGLSTGRLINSR [Thu Feb 02 10:24:38 2006] ...
REP-0110: Unable to open file 'CNGLSTGRLINSR'.
REP-1070: Error while opening or saving a document.
REP-0110: Unable to open file 'CNGLSTGRLINSR'.
End report CNGLSTGRLINSR [Thu Feb 02 10:24:38 2006].

Starting report CNGLSTGRLINSR [Thu Feb 02 10:25:02 2006] ...
REP-0110: Unable to open file 'CNGLSTGRLINSR'.
REP-1070: Error while opening or saving a document.
REP-0110: Unable to open file 'CNGLSTGRLINSR'.
End report CNGLSTGRLINSR [Thu Feb 02 10:25:02 2006].

Starting report CNGLSTGRLINSR [Thu Feb 02 10:25:08 2006] ...
REP-0110: Unable to open file 'CNGLSTGRLINSR'.
REP-1070: Error while opening or saving a document.
REP-0110: Unable to open file 'CNGLSTGRLINSR'.
End report CNGLSTGRLINSR [Thu Feb 02 10:25:09 2006].

Starting report CNGLSTCSTINS [Thu Feb 02 10:25:38 2006] ...
REP-0110: Unable to open file 'CNGLSTCSTINS'.
REP-1070: Error while opening or saving a document.
REP-0110: Unable to open file 'CNGLSTCSTINS'.
End report CNGLSTCSTINS [Thu Feb 02 10:25:39 2006].

Starting report CNGLSTCSTINS [Thu Feb 02 10:25:42 2006] ...
REP-0110: Unable to open file 'CNGLSTCSTINS'.
REP-1070: Error while opening or saving a document.
REP-0110: Unable to open file 'CNGLSTCSTINS'.
End report CNGLSTCSTINS [Thu Feb 02 10:25:42 2006].

Starting report CNGLSTCSTINS [Thu Feb 02 10:25:43 2006] ...
REP-0110: Unable to open file 'CNGLSTCSTINS'.
REP-1070: Error while opening or saving a document.
REP-0110: Unable to open file 'CNGLSTCSTINS'.
End report CNGLSTCSTINS [Thu Feb 02 10:25:43 2006].

Starting report CNGLSTCSTINS [Thu Feb 02 10:25:44 2006] ...
REP-0110: Unable to open file 'CNGLSTCSTINS'.
REP-1070: Error while opening or saving a document.
REP-0110: Unable to open file 'CNGLSTCSTINS'.
End report CNGLSTCSTINS [Thu Feb 02 10:25:44 2006].

Starting report CNGLSTCSTINS [Thu Feb 02 10:26:43 2006] ...
REP-0110: Unable to open file 'CNGLSTCSTINS'.
REP-1070: Error while opening or saving a document.
REP-0110: Unable to open file 'CNGLSTCSTINS'.
End report CNGLSTCSTINS [Thu Feb 02 10:26:44 2006].

Starting report CNGLSTCSTINS [Thu Feb 02 10:26:59 2006] ...
REP-0110: Unable to open file 'CNGLSTCSTINS'.
REP-1070: Error while opening or saving a document.
REP-0110: Unable to open file 'CNGLSTCSTINS'.
End report CNGLSTCSTINS [Thu Feb 02 10:26:59 2006].

Starting report CNGLSTGRLINSR [Thu Feb 02 11:26:37 2006] ...
REP-0110: Unable to open file 'CNGLSTGRLINSR'.
REP-1070: Error while opening or saving a document.
REP-0110: Unable to open file 'CNGLSTGRLINSR'.
End report CNGLSTGRLINSR [Thu Feb 02 11:26:38 2006].

Starting report CNGLSTGRLINSR [Thu Feb 02 11:26:40 2006] ...
REP-0110: Unable to open file 'CNGLSTGRLINSR'.
REP-1070: Error while opening or saving a document.
REP-0110: Unable to open file 'CNGLSTGRLINSR'.
End report CNGLSTGRLINSR [Thu Feb 02 11:26:41 2006].

Starting report CNGLSTGRLINSR [Thu Feb 02 11:28:13 2006] ...
REP-0110: Unable to open file 'CNGLSTGRLINSR'.
REP-1070: Error while opening or saving a document.
REP-0110: Unable to open file 'CNGLSTGRLINSR'.
End report CNGLSTGRLINSR [Thu Feb 02 11:28:13 2006].

Starting report CNGLSTGRLINSR [Thu Feb 02 11:28:19 2006] ...
REP-0110: Unable to open file 'CNGLSTGRLINSR'.
REP-1070: Error while opening or saving a document.
REP-0110: Unable to open file 'CNGLSTGRLINSR'.
End report CNGLSTGRLINSR [Thu Feb 02 11:28:19 2006].

Starting report CNGLSTGRLINSR [Thu Feb 02 11:28:20 2006] ...
REP-0110: Unable to open file 'CNGLSTGRLINSR'.
REP-1070: Error while opening or saving a document.
REP-0110: Unable to open file 'CNGLSTGRLINSR'.
End report CNGLSTGRLINSR [Thu Feb 02 11:28:20 2006].

Starting report CNGLSTGRLINSR [Thu Feb 02 11:28:29 2006] ...
REP-0110: Unable to open file 'CNGLSTGRLINSR'.
REP-1070: Error while opening or saving a document.
REP-0110: Unable to open file 'CNGLSTGRLINSR'.
End report CNGLSTGRLINSR [Thu Feb 02 11:28:29 2006].

Starting report CNGLSTGRLINSR [Thu Feb 02 11:28:30 2006] ...
REP-0110: Unable to open file 'CNGLSTGRLINSR'.
REP-1070: Error while opening or saving a document.
REP-0110: Unable to open file 'CNGLSTGRLINSR'.
End report CNGLSTGRLINSR [Thu Feb 02 11:28:30 2006].

Starting report CNGLSTGRLINSR [Thu Feb 02 11:28:31 2006] ...
REP-0110: Unable to open file 'CNGLSTGRLINSR'.
REP-1070: Error while opening or saving a document.
REP-0110: Unable to open file 'CNGLSTGRLINSR'.
End report CNGLSTGRLINSR [Thu Feb 02 11:28:32 2006].

Starting report CNGLSTGRLINSR [Thu Feb 02 11:28:32 2006] ...
REP-0110: Unable to open file 'CNGLSTGRLINSR'.
REP-1070: Error while opening or saving a document.
REP-0110: Unable to open file 'CNGLSTGRLINSR'.
End report CNGLSTGRLINSR [Thu Feb 02 11:28:32 2006].

Starting report CNGLSTGRLINSR [Thu Feb 02 11:28:32 2006] ...
REP-0110: Unable to open file 'CNGLSTGRLINSR'.
REP-1070: Error while opening or saving a document.
REP-0110: Unable to open file 'CNGLSTGRLINSR'.
End report CNGLSTGRLINSR [Thu Feb 02 11:28:33 2006].

Starting report CNGLSTGRLINSR [Thu Feb 02 11:30:06 2006] ...
REP-0110: Unable to open file 'CNGLSTGRLINSR'.
REP-1070: Error while opening or saving a document.
REP-0110: Unable to open file 'CNGLSTGRLINSR'.
End report CNGLSTGRLINSR [Thu Feb 02 11:30:06 2006].

Starting report CNGLSTGRLINSR [Thu Feb 02 11:31:35 2006] ...
REP-0110: Unable to open file 'CNGLSTGRLINSR'.
REP-1070: Error while opening or saving a document.
REP-0110: Unable to open file 'CNGLSTGRLINSR'.
End report CNGLSTGRLINSR [Thu Feb 02 11:31:35 2006].

Starting report CNGLSTGRLINSR [Thu Feb 02 11:31:36 2006] ...
REP-0110: Unable to open file 'CNGLSTGRLINSR'.
REP-1070: Error while opening or saving a document.
REP-0110: Unable to open file 'CNGLSTGRLINSR'.
End report CNGLSTGRLINSR [Thu Feb 02 11:31:36 2006].

Starting report CNGLSTGRLINSR [Thu Feb 02 11:31:37 2006] ...
REP-0110: Unable to open file 'CNGLSTGRLINSR'.
REP-1070: Error while opening or saving a document.
REP-0110: Unable to open file 'CNGLSTGRLINSR'.
End report CNGLSTGRLINSR [Thu Feb 02 11:31:37 2006].

Starting report CNGLSTGRLINSR [Thu Feb 02 11:31:37 2006] ...
REP-0110: Unable to open file 'CNGLSTGRLINSR'.
REP-1070: Error while opening or saving a document.
REP-0110: Unable to open file 'CNGLSTGRLINSR'.
End report CNGLSTGRLINSR [Thu Feb 02 11:31:37 2006].

Starting report CNGLSTCSTINS [Thu Feb 02 11:31:53 2006] ...
REP-0110: Unable to open file 'CNGLSTCSTINS'.
REP-1070: Error while opening or saving a document.
REP-0110: Unable to open file 'CNGLSTCSTINS'.
End report CNGLSTCSTINS [Thu Feb 02 11:31:54 2006].

Starting report CNGLSTCSTINS [Thu Feb 02 11:31:55 2006] ...
REP-0110: Unable to open file 'CNGLSTCSTINS'.
REP-1070: Error while opening or saving a document.
REP-0110: Unable to open file 'CNGLSTCSTINS'.
End report CNGLSTCSTINS [Thu Feb 02 11:31:55 2006].

Starting report CNGLSTCSTINS [Thu Feb 02 11:31:55 2006] ...
REP-0110: Unable to open file 'CNGLSTCSTINS'.
REP-1070: Error while opening or saving a document.
REP-0110: Unable to open file 'CNGLSTCSTINS'.
End report CNGLSTCSTINS [Thu Feb 02 11:31:56 2006].

Starting report CNGLSTCSTINS [Thu Feb 02 11:31:56 2006] ...
REP-0110: Unable to open file 'CNGLSTCSTINS'.
REP-1070: Error while opening or saving a document.
REP-0110: Unable to open file 'CNGLSTCSTINS'.
End report CNGLSTCSTINS [Thu Feb 02 11:31:56 2006].

Starting report CNGLSTCSTINS [Thu Feb 02 11:31:57 2006] ...
REP-0110: Unable to open file 'CNGLSTCSTINS'.
REP-1070: Error while opening or saving a document.
REP-0110: Unable to open file 'CNGLSTCSTINS'.
End report CNGLSTCSTINS [Thu Feb 02 11:31:57 2006].

Starting report CNGLSTCSTINS [Thu Feb 02 11:31:57 2006] ...
REP-0110: Unable to open file 'CNGLSTCSTINS'.
REP-1070: Error while opening or saving a document.
REP-0110: Unable to open file 'CNGLSTCSTINS'.
End report CNGLSTCSTINS [Thu Feb 02 11:31:57 2006].

Starting report CNGLSTCSTINS [Thu Feb 02 11:31:57 2006] ...
REP-0110: Unable to open file 'CNGLSTCSTINS'.
REP-1070: Error while opening or saving a document.
REP-0110: Unable to open file 'CNGLSTCSTINS'.
End report CNGLSTCSTINS [Thu Feb 02 11:31:58 2006].

Starting report CNGLSTCSTINS [Thu Feb 02 11:31:58 2006] ...
REP-0110: Unable to open file 'CNGLSTCSTINS'.
REP-1070: Error while opening or saving a document.
REP-0110: Unable to open file 'CNGLSTCSTINS'.
End report CNGLSTCSTINS [Thu Feb 02 11:31:58 2006].

Starting report CNGLSTCSTINS [Thu Feb 02 11:31:58 2006] ...
REP-0110: Unable to open file 'CNGLSTCSTINS'.
REP-1070: Error while opening or saving a document.
REP-0110: Unable to open file 'CNGLSTCSTINS'.
End report CNGLSTCSTINS [Thu Feb 02 11:31:58 2006].

Starting report CNGLSTCSTINS [Thu Feb 02 11:32:53 2006] ...
REP-0110: Unable to open file 'CNGLSTCSTINS'.
REP-1070: Error while opening or saving a document.
REP-0110: Unable to open file 'CNGLSTCSTINS'.
End report CNGLSTCSTINS [Thu Feb 02 11:32:53 2006].

Starting report CNGLSTCSTINS [Thu Feb 02 11:32:54 2006] ...
REP-0110: Unable to open file 'CNGLSTCSTINS'.
REP-1070: Error while opening or saving a document.
REP-0110: Unable to open file 'CNGLSTCSTINS'.
End report CNGLSTCSTINS [Thu Feb 02 11:32:54 2006].

Starting report CNGLSTCSTINS [Thu Feb 02 11:32:55 2006] ...
REP-0110: Unable to open file 'CNGLSTCSTINS'.
REP-1070: Error while opening or saving a document.
REP-0110: Unable to open file 'CNGLSTCSTINS'.
End report CNGLSTCSTINS [Thu Feb 02 11:32:55 2006].

Starting report CNGLSTCSTINS [Thu Feb 02 11:33:20 2006] ...
REP-0110: Unable to open file 'CNGLSTCSTINS'.
REP-1070: Error while opening or saving a document.
REP-0110: Unable to open file 'CNGLSTCSTINS'.
End report CNGLSTCSTINS [Thu Feb 02 11:33:20 2006].

Starting report CNGLSTCSTINS [Thu Feb 02 11:33:27 2006] ...
REP-0110: Unable to open file 'CNGLSTCSTINS'.
REP-1070: Error while opening or saving a document.
REP-0110: Unable to open file 'CNGLSTCSTINS'.
End report CNGLSTCSTINS [Thu Feb 02 11:33:27 2006].

Starting report CNGLSTCSTINS [Thu Feb 02 11:33:54 2006] ...
REP-0110: Unable to open file 'CNGLSTCSTINS'.
REP-1070: Error while opening or saving a document.
REP-0110: Unable to open file 'CNGLSTCSTINS'.
End report CNGLSTCSTINS [Thu Feb 02 11:33:54 2006].

Starting report CNGLSTCSTINS [Thu Feb 02 11:33:55 2006] ...
REP-0110: Unable to open file 'CNGLSTCSTINS'.
REP-1070: Error while opening or saving a document.
REP-0110: Unable to open file 'CNGLSTCSTINS'.
End report CNGLSTCSTINS [Thu Feb 02 11:33:55 2006].

Starting report CNGLSTCSTINS [Thu Feb 02 11:33:56 2006] ...
REP-0110: Unable to open file 'CNGLSTCSTINS'.
REP-1070: Error while opening or saving a document.
REP-0110: Unable to open file 'CNGLSTCSTINS'.
End report CNGLSTCSTINS [Thu Feb 02 11:33:56 2006].

Starting report CNGLSTCSTINS [Thu Feb 02 11:35:15 2006] ...
REP-0110: Unable to open file 'CNGLSTCSTINS'.
REP-1070: Error while opening or saving a document.
REP-0110: Unable to open file 'CNGLSTCSTINS'.
End report CNGLSTCSTINS [Thu Feb 02 11:35:15 2006].

Starting report CNGLSTCSTINS [Thu Feb 02 11:35:16 2006] ...
REP-0110: Unable to open file 'CNGLSTCSTINS'.
REP-1070: Error while opening or saving a document.
REP-0110: Unable to open file 'CNGLSTCSTINS'.
End report CNGLSTCSTINS [Thu Feb 02 11:35:16 2006].

Starting report CNGLSTCSTINS [Thu Feb 02 11:35:16 2006] ...
REP-0110: Unable to open file 'CNGLSTCSTINS'.
REP-1070: Error while opening or saving a document.
REP-0110: Unable to open file 'CNGLSTCSTINS'.
End report CNGLSTCSTINS [Thu Feb 02 11:35:16 2006].

Starting report CNGLSTCSTINS [Thu Feb 02 11:35:17 2006] ...
REP-0110: Unable to open file 'CNGLSTCSTINS'.
REP-1070: Error while opening or saving a document.
REP-0110: Unable to open file 'CNGLSTCSTINS'.
End report CNGLSTCSTINS [Thu Feb 02 11:35:17 2006].

Starting report CNGLSTCSTINS [Thu Feb 02 11:35:17 2006] ...
REP-0110: Unable to open file 'CNGLSTCSTINS'.
REP-1070: Error while opening or saving a document.
REP-0110: Unable to open file 'CNGLSTCSTINS'.
End report CNGLSTCSTINS [Thu Feb 02 11:35:17 2006].

Starting report CNGLSTCSTINS [Thu Feb 02 11:35:17 2006] ...
REP-0110: Unable to open file 'CNGLSTCSTINS'.
REP-1070: Error while opening or saving a document.
REP-0110: Unable to open file 'CNGLSTCSTINS'.
End report CNGLSTCSTINS [Thu Feb 02 11:35:17 2006].

Starting report CNGLSTCSTINS [Thu Feb 02 11:35:17 2006] ...
REP-0110: Unable to open file 'CNGLSTCSTINS'.
REP-1070: Error while opening or saving a document.
REP-0110: Unable to open file 'CNGLSTCSTINS'.
End report CNGLSTCSTINS [Thu Feb 02 11:35:17 2006].

Starting report CNGLSTGRLINSR [Thu Feb 02 11:38:47 2006] ...
REP-0110: Unable to open file 'CNGLSTGRLINSR'.
REP-1070: Error while opening or saving a document.
REP-0110: Unable to open file 'CNGLSTGRLINSR'.
End report CNGLSTGRLINSR [Thu Feb 02 11:38:47 2006].

Starting report CNGLSTGRLINSR [Thu Feb 02 11:55:35 2006] ...
REP-0110: Unable to open file 'CNGLSTGRLINSR'.
REP-1070: Error while opening or saving a document.
REP-0110: Unable to open file 'CNGLSTGRLINSR'.
End report CNGLSTGRLINSR [Thu Feb 02 11:55:36 2006].

Starting report CNGLSTGRLINSR [Thu Feb 02 12:01:01 2006] ...
REP-0110: Unable to open file 'CNGLSTGRLINSR'.
REP-1070: Error while opening or saving a document.
REP-0110: Unable to open file 'CNGLSTGRLINSR'.
End report CNGLSTGRLINSR [Thu Feb 02 12:01:01 2006].

Starting report CNGLSTGRLINSR [Thu Feb 02 12:01:04 2006] ...
REP-0110: Unable to open file 'CNGLSTGRLINSR'.
REP-1070: Error while opening or saving a document.
REP-0110: Unable to open file 'CNGLSTGRLINSR'.
End report CNGLSTGRLINSR [Thu Feb 02 12:01:05 2006].

Starting report CNGRCBINS [Thu Feb 02 12:01:54 2006] ...
REP-0110: Unable to open file 'CNGRCBINS'.
REP-1070: Error while opening or saving a document.
REP-0110: Unable to open file 'CNGRCBINS'.
End report CNGRCBINS [Thu Feb 02 12:01:55 2006].

Starting report CNGRCBINS [Thu Feb 02 12:43:19 2006] ...
REP-0110: Unable to open file 'CNGRCBINS'.
REP-1070: Error while opening or saving a document.
REP-0110: Unable to open file 'CNGRCBINS'.
End report CNGRCBINS [Thu Feb 02 12:43:20 2006].

Starting report CNGRCBINS [Thu Feb 02 12:43:26 2006] ...
REP-0110: Unable to open file 'CNGRCBINS'.
REP-1070: Error while opening or saving a document.
REP-0110: Unable to open file 'CNGRCBINS'.
End report CNGRCBINS [Thu Feb 02 12:43:26 2006].

Starting report CNGRCBINS [Thu Feb 02 12:43:27 2006] ...
REP-0110: Unable to open file 'CNGRCBINS'.
REP-1070: Error while opening or saving a document.
REP-0110: Unable to open file 'CNGRCBINS'.
End report CNGRCBINS [Thu Feb 02 12:43:27 2006].

Starting report CNGRCBINS [Thu Feb 02 13:06:40 2006] ...
REP-0110: Unable to open file 'CNGRCBINS'.
REP-1070: Error while opening or saving a document.
REP-0110: Unable to open file 'CNGRCBINS'.
End report CNGRCBINS [Thu Feb 02 13:06:40 2006].

Starting report CNGLSTGRLINSR [Thu Feb 02 15:02:04 2006] ...
REP-0110: Unable to open file 'CNGLSTGRLINSR'.
REP-1070: Error while opening or saving a document.
REP-0110: Unable to open file 'CNGLSTGRLINSR'.
End report CNGLSTGRLINSR [Thu Feb 02 15:02:04 2006].

Starting report CNGLSTGRLINSR [Thu Feb 02 15:02:06 2006] ...
REP-0110: Unable to open file 'CNGLSTGRLINSR'.
REP-1070: Error while opening or saving a document.
REP-0110: Unable to open file 'CNGLSTGRLINSR'.
End report CNGLSTGRLINSR [Thu Feb 02 15:02:06 2006].

Starting report CNGPRMCLF [Thu Feb 02 15:36:23 2006] ...
REP-0110: Unable to open file 'CNGPRMCLF'.
REP-1070: Error while opening or saving a document.
REP-0110: Unable to open file 'CNGPRMCLF'.
End report CNGPRMCLF [Thu Feb 02 15:36:23 2006].

Starting report AUDSRIRPTCNTAUDR [Tue Feb 15 08:46:11 2005] ...
End report AUDSRIRPTCNTAUDR [Tue Feb 15 08:46:36 2005].

Starting report AUDSRIRPTFCTR [Tue Feb 15 08:46:43 2005] ...
End report AUDSRIRPTFCTR [Tue Feb 15 08:46:52 2005].

Starting report AUDSRIRPTFCTR [Tue Feb 15 08:49:54 2005] ...
End report AUDSRIRPTFCTR [Tue Feb 15 08:50:45 2005].

Starting report AUDSRIRPTUSRR [Tue Feb 15 08:50:55 2005] ...
End report AUDSRIRPTUSRR [Tue Feb 15 08:51:00 2005].

Starting report AUDSRIRPTUSRR [Tue Feb 15 08:51:24 2005] ...
End report AUDSRIRPTUSRR [Tue Feb 15 08:51:34 2005].

Starting report AUDSRIRPTCJSR [Tue Feb 15 08:51:43 2005] ...
End report AUDSRIRPTCJSR [Tue Feb 15 08:51:45 2005].

Starting report AUDSRIRPTCJSR [Tue Feb 15 08:52:15 2005] ...
End report AUDSRIRPTCJSR [Tue Feb 15 09:20:39 2005].

Starting report AUDSRIRPTCNTAUDR [Wed Feb 15 09:19:41 2006] ...
REP-0110: Unable to open file 'AUDSRIRPTCNTAUDR'.
REP-1070: Error while opening or saving a document.
REP-0110: Unable to open file 'AUDSRIRPTCNTAUDR'.
End report AUDSRIRPTCNTAUDR [Wed Feb 15 09:19:42 2006].

Starting report AUDSRIRPTCNTAUDR [Thu Jun 01 14:17:29 2006] ...
REP-0110: Unable to open file 'AUDSRIRPTCNTAUDR'.
REP-1070: Error while opening or saving a document.
REP-0110: Unable to open file 'AUDSRIRPTCNTAUDR'.
End report AUDSRIRPTCNTAUDR [Thu Jun 01 14:17:29 2006].

Starting report AUDSRIRPTCNTAUDR [Thu Jun 01 14:18:18 2006] ...
End report AUDSRIRPTCNTAUDR [Thu Jun 01 14:18:47 2006].

Starting report AUDSRIRPTFCTR [Thu Jun 01 14:18:55 2006] ...
End report AUDSRIRPTFCTR [Thu Jun 01 14:19:01 2006].

Starting report AUDSRIRPTUSRR [Thu Jun 01 14:19:07 2006] ...
End report AUDSRIRPTUSRR [Thu Jun 01 14:19:09 2006].

Starting report AUDSRIRPTCJSR [Thu Jun 01 14:19:14 2006] ...
End report AUDSRIRPTCJSR [Thu Jun 01 14:19:32 2006].

Starting report AUDSRIRPTCNTAUDR [Thu Jun 01 15:03:27 2006] ...
End report AUDSRIRPTCNTAUDR [Thu Jun 01 15:03:36 2006].

Starting report AUDSRIRPTFCTR [Thu Jun 01 15:06:13 2006] ...
End report AUDSRIRPTFCTR [Thu Jun 01 15:07:09 2006].

Starting report AUDSRIRPTUSRR [Thu Jun 01 15:07:24 2006] ...
End report AUDSRIRPTUSRR [Thu Jun 01 15:07:42 2006].

Starting report AUDSRIRPTCJSR [Thu Jun 01 15:07:47 2006] ...
End report AUDSRIRPTCJSR [Thu Jun 01 15:07:51 2006].

Starting report AUDSRIRPTCJSR [Thu Jun 01 15:09:45 2006] ...
End report AUDSRIRPTCJSR [Thu Jun 01 15:09:57 2006].

Starting report FCTGNRFCT [Thu Jun 01 15:32:57 2006] ...
REP-0110: Unable to open file 'FCTGNRFCT'.
REP-1070: Error while opening or saving a document.
REP-0110: Unable to open file 'FCTGNRFCT'.
End report FCTGNRFCT [Thu Jun 01 15:33:00 2006].

Starting report AUDSRIRPTCJSR [Fri Jun 02 08:25:01 2006] ...
End report AUDSRIRPTCJSR [Fri Jun 02 08:25:43 2006].

Starting report AUDSRIRPTCLNPGNR [Tue Jun 06 14:43:08 2006] ...
End report AUDSRIRPTCLNPGNR [Tue Jun 06 14:43:44 2006].

Starting report AUDSRIRPTCNTAUDR [Tue Jun 06 14:43:54 2006] ...
End report AUDSRIRPTCNTAUDR [Tue Jun 06 14:44:00 2006].

Starting report AUDSRIRPTFCTR [Tue Jun 06 14:44:14 2006] ...
End report AUDSRIRPTFCTR [Tue Jun 06 14:44:38 2006].

Starting report AUDSRIRPTFCTR [Tue Jun 06 14:44:42 2006] ...
End report AUDSRIRPTFCTR [Tue Jun 06 14:44:46 2006].

Starting report AUDSRIRPTFCTR [Tue Jun 06 14:44:50 2006] ...
REP-0099: Report is aborted upon user request.
End report AUDSRIRPTFCTR [Tue Jun 06 14:45:28 2006].

Starting report AUDSRIRPTUSRR [Tue Jun 06 14:45:41 2006] ...
End report AUDSRIRPTUSRR [Tue Jun 06 14:45:47 2006].

Starting report AUDSRIRPTUSRR [Tue Jun 06 14:46:05 2006] ...
End report AUDSRIRPTUSRR [Tue Jun 06 14:46:07 2006].

Starting report AUDSRIRPTUSRR [Tue Jun 06 14:46:12 2006] ...
End report AUDSRIRPTUSRR [Tue Jun 06 14:46:24 2006].

Starting report AUDSRIRPTCJSR [Tue Jun 06 14:47:01 2006] ...
End report AUDSRIRPTCJSR [Tue Jun 06 14:47:06 2006].

Starting report AUDSRIRPTCLNPGNR [Tue Jun 06 14:47:23 2006] ...
End report AUDSRIRPTCLNPGNR [Tue Jun 06 14:47:28 2006].

Starting report AUDSRIRPTCLNPGNR [Tue Jun 06 14:57:08 2006] ...
End report AUDSRIRPTCLNPGNR [Tue Jun 06 14:57:14 2006].

Starting report AUDSRIRPTCNTAUDR [Mon Jun 12 16:07:16 2006] ...
End report AUDSRIRPTCNTAUDR [Mon Jun 12 16:20:44 2006].

Starting report AUDSRIRPTFCTR [Mon Jun 12 16:21:04 2006] ...
End report AUDSRIRPTFCTR [Mon Jun 12 16:21:45 2006].

Starting report AUDSRIRPTUSRR [Mon Jun 12 16:22:00 2006] ...
End report AUDSRIRPTUSRR [Mon Jun 12 16:22:04 2006].

Starting report AUDSRIRPTUSRR [Mon Jun 12 16:22:07 2006] ...
End report AUDSRIRPTUSRR [Mon Jun 12 16:22:17 2006].

Starting report AUDSRIRPTCJSR [Mon Jun 12 16:22:56 2006] ...
End report AUDSRIRPTCJSR [Mon Jun 12 16:24:10 2006].

Starting report AUDSRIRPTEMPR [Mon Jun 12 16:37:10 2006] ...
End report AUDSRIRPTEMPR [Mon Jun 12 16:38:28 2006].

Starting report AUDSRIRPTEMPR [Mon Jun 12 16:54:16 2006] ...
End report AUDSRIRPTEMPR [Mon Jun 12 17:31:45 2006].

Starting report AUDSRIRPTEMPR [Mon Jun 12 17:31:52 2006] ...
End report AUDSRIRPTEMPR [Mon Jun 12 17:31:57 2006].

Starting report AUDSRIRPTEMPR [Mon Jun 12 17:32:15 2006] ...
End report AUDSRIRPTEMPR [Mon Jun 12 17:32:19 2006].

Starting report AUDSRIRPTEMPR [Mon Jun 12 17:34:02 2006] ...
End report AUDSRIRPTEMPR [Mon Jun 12 17:34:16 2006].

Starting report AUDSRIRPTEMPR [Mon Jun 12 17:35:02 2006] ...
End report AUDSRIRPTEMPR [Mon Jun 12 17:35:28 2006].

Starting report AUDSRIRPTCLNPGNR [Mon Jun 12 17:35:39 2006] ...
End report AUDSRIRPTCLNPGNR [Mon Jun 12 17:35:55 2006].

Starting report AUDSRIRPTCNTAUDR [Mon Jun 12 17:36:02 2006] ...
End report AUDSRIRPTCNTAUDR [Mon Jun 12 17:36:04 2006].

Starting report AUDSRIRPTCNTAUDR [Mon Jun 12 17:36:09 2006] ...
End report AUDSRIRPTCNTAUDR [Mon Jun 12 17:36:14 2006].

Starting report AUDSRIRPTCNTAUDR [Mon Jun 12 17:36:23 2006] ...
End report AUDSRIRPTCNTAUDR [Mon Jun 12 17:36:29 2006].

Starting report AUDSRIRPTCNTAUDR [Mon Jun 12 17:36:33 2006] ...
End report AUDSRIRPTCNTAUDR [Mon Jun 12 17:38:16 2006].

Starting report AUDSRIRPTCNTAUDR [Mon Jun 12 17:38:21 2006] ...
End report AUDSRIRPTCNTAUDR [Mon Jun 12 17:40:24 2006].

Starting report AUDSRIRPTFCTR [Mon Jun 12 17:40:38 2006] ...
End report AUDSRIRPTFCTR [Mon Jun 12 17:40:43 2006].

Starting report AUDSRIRPTFCTR [Mon Jun 12 17:40:48 2006] ...
End report AUDSRIRPTFCTR [Mon Jun 12 17:40:54 2006].

Starting report AUDSRIRPTFCTR [Mon Jun 12 17:40:59 2006] ...
End report AUDSRIRPTFCTR [Mon Jun 12 17:41:03 2006].

Starting report AUDSRIRPTFCTR [Mon Jun 12 17:41:08 2006] ...
End report AUDSRIRPTFCTR [Mon Jun 12 17:41:12 2006].

Starting report AUDSRIRPTFCTR [Mon Jun 12 17:41:20 2006] ...
End report AUDSRIRPTFCTR [Mon Jun 12 17:47:44 2006].

Starting report AUDSRIRPTFCTR [Mon Jun 12 17:47:45 2006] ...
End report AUDSRIRPTFCTR [Mon Jun 12 17:48:11 2006].

Starting report AUDSRIRPTFCTR [Mon Jun 12 17:48:35 2006] ...
End report AUDSRIRPTFCTR [Mon Jun 12 17:49:48 2006].

Starting report AUDSRIRPTEMPR [Mon Jun 12 17:50:01 2006] ...
End report AUDSRIRPTEMPR [Mon Jun 12 17:50:05 2006].

Starting report AUDSRIRPTFCTR [Mon Jun 12 17:50:15 2006] ...
End report AUDSRIRPTFCTR [Mon Jun 12 18:01:11 2006].

Starting report AUDSRIRPTFCTR [Tue Jun 13 09:18:18 2006] ...
End report AUDSRIRPTFCTR [Tue Jun 13 09:20:02 2006].

Starting report AUDSRIRPTUSRR [Tue Jun 13 09:20:17 2006] ...
End report AUDSRIRPTUSRR [Tue Jun 13 09:21:12 2006].

Starting report AUDSRIRPTCJSR [Tue Jun 13 09:21:21 2006] ...
End report AUDSRIRPTCJSR [Tue Jun 13 09:22:22 2006].

Starting report AUDSRIRPTEMPR [Tue Jun 13 09:23:22 2006] ...
End report AUDSRIRPTEMPR [Tue Jun 13 09:25:23 2006].

Starting report AUDSRIRPTCLNPGNR [Tue Jun 13 09:25:32 2006] ...
End report AUDSRIRPTCLNPGNR [Tue Jun 13 09:27:33 2006].

Starting report AUDSRIRPTCNTAUDR [Tue Jun 13 11:47:11 2006] ...
End report AUDSRIRPTCNTAUDR [Tue Jun 13 11:48:45 2006].

Starting report AUDSRIRPTEMPR [Thu Jul 27 11:20:17 2006] ...
REP-0110: Unable to open file 'AUDSRIRPTEMPR'.
REP-1070: Error while opening or saving a document.
REP-0110: Unable to open file 'AUDSRIRPTEMPR'.
End report AUDSRIRPTEMPR [Thu Jul 27 11:20:17 2006].

Starting report AUDSRIRPTEMPR [Thu Jul 27 11:20:54 2006] ...
End report AUDSRIRPTEMPR [Thu Jul 27 11:21:13 2006].

Starting report AUDSRIRPTEMPR [Thu Jul 27 11:25:24 2006] ...
End report AUDSRIRPTEMPR [Thu Jul 27 11:25:28 2006].

Starting report AUDSRIRPTEMPR [Thu Jul 27 11:25:40 2006] ...
End report AUDSRIRPTEMPR [Thu Jul 27 11:26:40 2006].

Starting report AUDSRIRPTPRMEMP [Thu Jul 27 11:47:33 2006] ...
End report AUDSRIRPTPRMEMP [Thu Jul 27 11:47:48 2006].

Starting report AUDSRIRPTPRMEMP [Thu Jul 27 11:52:00 2006] ...
End report AUDSRIRPTPRMEMP [Thu Jul 27 11:52:02 2006].

Starting report AUDSRIRPTPRMEMP [Thu Jul 27 11:52:40 2006] ...
End report AUDSRIRPTPRMEMP [Thu Jul 27 11:52:47 2006].
