
Arrancando el informe fctdsgdscfrm [Fri Jul 10 08:07:02 2009] ...
REP-0756: Aviso: No se ha encontrado la biblioteca 'Sisrep10' de PL/SQL.
REP-1401: 'beforepform': Se ha producido un error fatal de PL/SQL.
ORA-06508: PL/SQL: could not find program unit being called

Fin del informe fctdsgdscfrm [Fri Jul 10 08:08:22 2009].

Arrancando el informe fctdsgdscfrm_xitem [Fri Jul 10 08:08:43 2009] ...
REP-0756: Aviso: No se ha encontrado la biblioteca 'Sisrep10' de PL/SQL.
REP-1401: 'beforepform': Se ha producido un error fatal de PL/SQL.
ORA-06508: PL/SQL: could not find program unit being called

Fin del informe fctdsgdscfrm_xitem [Fri Jul 10 08:09:01 2009].

Arrancando el informe fctdsgdscfrm [Fri Jul 10 08:33:37 2009] ...
REP-0756: Aviso: No se ha encontrado la biblioteca 'Sisrep10' de PL/SQL.
REP-1401: 'beforepform': Se ha producido un error fatal de PL/SQL.
ORA-06508: PL/SQL: could not find program unit being called

Fin del informe fctdsgdscfrm [Fri Jul 10 08:33:43 2009].

Arrancando el informe fctdsgdscfrm [Fri Jul 10 08:36:37 2009] ...
REP-1401: 'beforepform': Se ha producido un error fatal de PL/SQL.
ORA-06508: PL/SQL: could not find program unit being called

Fin del informe fctdsgdscfrm [Fri Jul 10 08:36:40 2009].

Arrancando el informe fctdsgdscfrm [Fri Jul 10 08:37:04 2009] ...
REP-1401: 'beforepform': Se ha producido un error fatal de PL/SQL.
ORA-06508: PL/SQL: could not find program unit being called

Fin del informe fctdsgdscfrm [Fri Jul 10 08:39:27 2009].

Arrancando el informe fctdsgdscfrm [Fri Jul 10 08:45:01 2009] ...
Fin del informe fctdsgdscfrm [Fri Jul 10 08:47:49 2009].

Arrancando el informe fctdsgdscfrm_xitem [Fri Jul 10 08:49:52 2009] ...
Fin del informe fctdsgdscfrm_xitem [Fri Jul 10 08:51:51 2009].

Arrancando el informe fctdsgdscfrm [Mon Jul 13 08:19:47 2009] ...
Fin del informe fctdsgdscfrm [Mon Jul 13 08:20:15 2009].
