

***********************************************************************
Fatal OSN connect error 12154, connecting to:
 muni}

  VERSION INFORMATION:
	TNS for 32-bit Windows: Version 2.3.4.0.0 - Production
  Time: 27-MAR-00 13:52:09
  Tracing not turned on.


***********************************************************************
Fatal OSN connect error 12547, connecting to:
 (DESCRIPTION=(ADDRESS_LIST=(ADDRESS=(PROTOCOL=BEQ)(PROGRAM=oracle73)(ARGV0=oracle73ORCL)(ARGS='(DESCRIPTION=(LOCAL=YES)(ADDRESS=(PROTOCOL=beq)))')))(CONNECT_DATA=(SID=ORCL)(CID=(PROGRAM=F50DES32.EXE)(HOST=BOTICA)(USER=fidrovo))))

  VERSION INFORMATION:
	TNS for 32-bit Windows: Version 2.3.4.0.0 - Production
	Oracle Bequeath NT Protocol Adapter for 32-bit Windows: Version 2.3.4.0.0 - Production
  Time: 27-MAR-00 13:52:09
  Tracing not turned on.
  Tns error struct:
    nr err code: 12206
    TNS-12206: TNS:received a TNS error during navigation
    ns main err code: 12547
    TNS-12547: TNS:lost contact
    ns secondary err code: 12560
    nt main err code: 517
    TNS-00517: Lost contact
    nt secondary err code: 0
    nt OS err code: 0
