Compiling package specification CG$MNTASCDSS_GLOBALS... 
   No compilation errors.

Compiling procedure CGDV$POPULATE_DYNAMIC_LISTS... 
   No compilation errors.

Compiling procedure CGUI$CG_CODE_CONTROLS... 
   No compilation errors.

Compiling procedure CGSF$CLR_ASC_ASC_ASC_FK... 
   No compilation errors.

Compiling procedure CGFK$QRY_ASC_ASC_ASC_FK... 
   No compilation errors.

Compiling procedure CGSF$CLR_ASC_ASC_PCN_CANCELA_F... 
   No compilation errors.

Compiling procedure CGFK$CHK_ASC_ASC_PCN_CANCELA_F... 
   No compilation errors.

Compiling procedure CGFK$QRY_ASC_ASC_PCN_CANCELA_F... 
   No compilation errors.

Compiling procedure CGSF$CLR_ASC_ASC_PCN_CONTRATA... 
   No compilation errors.

Compiling procedure CGFK$CHK_ASC_ASC_PCN_CONTRATA... 
   No compilation errors.

Compiling procedure CGFK$QRY_ASC_ASC_PCN_CONTRATA... 
   No compilation errors.

Compiling procedure CGSF$CLR_ASC_ASC_1_PRS_FK... 
   No compilation errors.

Compiling procedure CGFK$QRY_ASC_ASC_1_PRS_FK... 
   No compilation errors.

Compiling procedure CGSF$CLR_ASC_ASC_1_PRM_FK... 
   No compilation errors.

Compiling procedure CGFK$QRY_ASC_ASC_1_PRM_FK... 
   No compilation errors.

Compiling procedure CGUV$CHK_CONTRATO_UNICO... 
   No compilation errors.

Compiling procedure CGUV$CHK_CONTRATO_ESTADO_UK_AS... 
   No compilation errors.

Compiling procedure CGUV$CHK_ASCC_PRV_UK... 
   No compilation errors.

Compiling procedure CGSF$CLR_BNF_BNF_PRS_FK... 
   No compilation errors.

Compiling procedure CGFK$QRY_BNF_BNF_PRS_FK... 
   No compilation errors.

Compiling procedure CGSF$CLR_BNF_BNF_PCN_FK... 
   No compilation errors.

Compiling procedure CGFK$CHK_BNF_BNF_PCN_FK... 
   No compilation errors.

Compiling procedure CGFK$QRY_BNF_BNF_PCN_FK... 
   No compilation errors.

Compiling procedure CGUV$CHK_BNF_PK... 
   No compilation errors.

Compiling procedure CGSF$CLR_DPD_DPN_PRS_FK... 
   No compilation errors.

Compiling procedure CGFK$QRY_DPD_DPN_PRS_FK... 
   No compilation errors.

Compiling procedure CGSF$CLR_DPD_DPN_PCN_FK... 
   No compilation errors.

Compiling procedure CGFK$CHK_DPD_DPN_PCN_FK... 
   No compilation errors.

Compiling procedure CGFK$QRY_DPD_DPN_PCN_FK... 
   No compilation errors.

Compiling procedure CGUV$CHK_DPN_PK... 
   No compilation errors.

Compiling procedure CGSP$DERIVE_DPD_NUMERO... 
   No compilation errors.

Compiling function CGTE$CHECK_CONSTRAINT_VIO... 
   No compilation errors.

Compiling procedure CGTE$ASC_ERRORS... 
   No compilation errors.

Compiling procedure CGTE$BNF_ERRORS... 
   No compilation errors.

Compiling procedure CGTE$DPD_ERRORS... 
   No compilation errors.

Compiling procedure CGLY$DISPLAY_CANVASES... 
   No compilation errors.

Compiling procedure CGLY$GET_RELATED_CANVASES... 
   No compilation errors.

Compiling procedure CGLY$CANVAS_MANAGEMENT... 
   No compilation errors.

Compiling procedure CGBS$TOGGLE... 
   No compilation errors.

Compiling PRE-COMMIT trigger on form...
   No compilation errors.

Compiling QMS$CUSTOM_HELP trigger on form...
   No compilation errors.

Compiling POST-FORM trigger on form...
   No compilation errors.

Compiling CALENDAR_WROTE_DATE trigger on form...
   No compilation errors.

Compiling KEY-EXIT trigger on form...
   No compilation errors.

Compiling POST-FORMS-COMMIT trigger on form...
   No compilation errors.

Compiling KEY-CLRFRM trigger on form...
   No compilation errors.

Compiling KEY-HELP trigger on form...
   No compilation errors.

Compiling KEY-MENU trigger on form...
   No compilation errors.

Compiling ON-ERROR trigger on form...
   No compilation errors.

Compiling ON-MESSAGE trigger on form...
   No compilation errors.

Compiling PRE-FORM trigger on form...
   No compilation errors.

Compiling QUERY_FIND trigger on form...
   No compilation errors.

Compiling QMS$MENU_ITEM trigger on form...
   No compilation errors.

Compiling WHEN-NEW-BLOCK-INSTANCE trigger on form...
   No compilation errors.

Compiling WHEN-NEW-FORM-INSTANCE trigger on form...
   No compilation errors.

Compiling WHEN-WINDOW-CLOSED trigger on form...
   No compilation errors.

Compiling WHEN-WINDOW-ACTIVATED trigger on form...
   No compilation errors.

Compiling WHEN-WINDOW-RESIZED trigger on form...
   No compilation errors.

Compiling POST-TEXT-ITEM trigger on form...
   No compilation errors.

Compiling WHEN-FORM-NAVIGATE trigger on form...
   No compilation errors.

Compiling ON-CLEAR-DETAILS trigger on form...
   No compilation errors.

Compiling ON-POPULATE-DETAILS trigger on form...
   No compilation errors.

Compiling KEY-ENTQRY trigger on form...
   No compilation errors.

Compiling KEY-EXEQRY trigger on form...
   No compilation errors.

Compiling KEY-CQUERY trigger on form...
   No compilation errors.

Compiling KEY-CLRBLK trigger on form...
   No compilation errors.

Compiling KEY-CLRREC trigger on form...
   No compilation errors.

Compiling KEY-NXTKEY trigger on form...
   No compilation errors.

Compiling KEY-CLRREC trigger on QMS$TRANS_ERRORS data block...
   No compilation errors.

Compiling KEY-CREREC trigger on QMS$TRANS_ERRORS data block...
   No compilation errors.

Compiling KEY-DOWN trigger on QMS$TRANS_ERRORS data block...
   No compilation errors.

Compiling KEY-NXTREC trigger on QMS$TRANS_ERRORS data block...
   No compilation errors.

Compiling KEY-SCRDOWN trigger on QMS$TRANS_ERRORS data block...
   No compilation errors.

Compiling KEY-UP trigger on QMS$TRANS_ERRORS data block...
   No compilation errors.

Compiling KEY-PRVREC trigger on QMS$TRANS_ERRORS data block...
   No compilation errors.

Compiling KEY-SCRUP trigger on QMS$TRANS_ERRORS data block...
   No compilation errors.

Compiling ON-ERROR trigger on QMS$TRANS_ERRORS data block...
   No compilation errors.

Compiling PRE-BLOCK trigger on QMS$TRANS_ERRORS data block...
   No compilation errors.

Compiling WHEN-NEW-BLOCK-INSTANCE trigger on QMS$TRANS_ERRORS data block...
   No compilation errors.

Compiling ON-LOCK trigger on QMS$TRANS_ERRORS data block...
   No compilation errors.

Compiling WHEN-VALIDATE-RECORD trigger on QMS$TRANS_ERRORS data block...
   No compilation errors.

Compiling WHEN-BUTTON-PRESSED trigger on QMS$TRANS_ERRORS data block...
   No compilation errors.

Compiling WHEN-LIST-ACTIVATED trigger on QMS$TRANS_ERRORS data block...
   No compilation errors.

Compiling WHEN-NEW-ITEM-INSTANCE trigger on OK_BUTTON item in QMS$TRANS_ERRORS data block...
   No compilation errors.

Compiling WHEN-BUTTON-PRESSED trigger on OK_BUTTON item in QMS$TRANS_ERRORS data block...
   No compilation errors.

Compiling KEY-PREV-ITEM trigger on OK_BUTTON item in QMS$TRANS_ERRORS data block...
   No compilation errors.

Compiling WHEN-LIST-CHANGED trigger on MESSAGES item in QMS$TRANS_ERRORS data block...
   No compilation errors.

Compiling WHEN-NEW-ITEM-INSTANCE trigger on HELP_BUTTON item in QMS$TRANS_ERRORS data block...
   No compilation errors.

Compiling WHEN-BUTTON-PRESSED trigger on HELP_BUTTON item in QMS$TRANS_ERRORS data block...
   No compilation errors.

Compiling KEY-NEXT-ITEM trigger on HELP_BUTTON item in QMS$TRANS_ERRORS data block...
   No compilation errors.

Compiling WHEN-NEW-ITEM-INSTANCE trigger on OK_BUTTON_MODAL item in QMS$TRANS_ERRORS data block...
   No compilation errors.

Compiling WHEN-BUTTON-PRESSED trigger on OK_BUTTON_MODAL item in QMS$TRANS_ERRORS data block...
   No compilation errors.

Compiling KEY-PREV-ITEM trigger on OK_BUTTON_MODAL item in QMS$TRANS_ERRORS data block...
   No compilation errors.

Compiling WHEN-LIST-CHANGED trigger on MESSAGES_MODAL item in QMS$TRANS_ERRORS data block...
   No compilation errors.

Compiling WHEN-NEW-ITEM-INSTANCE trigger on HELP_BUTTON_MODAL item in QMS$TRANS_ERRORS data block...
   No compilation errors.

Compiling WHEN-BUTTON-PRESSED trigger on HELP_BUTTON_MODAL item in QMS$TRANS_ERRORS data block...
   No compilation errors.

Compiling KEY-NEXT-ITEM trigger on HELP_BUTTON_MODAL item in QMS$TRANS_ERRORS data block...
   No compilation errors.

Compiling WHEN-NEW-ITEM-INSTANCE trigger on RETURN_TO_BLOCK item in QMS$TRANS_ERRORS data block...
   No compilation errors.

Compiling WHEN-RADIO-CHANGED trigger on CALENDAR data block...
   No compilation errors.

Compiling KEY-OTHERS trigger on CALENDAR data block...
   No compilation errors.

Compiling KEY-NEXT-ITEM trigger on CALENDAR data block...
   No compilation errors.

Compiling KEY-PREV-ITEM trigger on CALENDAR data block...
   No compilation errors.

Compiling KEY-ENTER trigger on CALENDAR data block...
   No compilation errors.

Compiling WHEN-BUTTON-PRESSED trigger on CALENDAR data block...
   No compilation errors.

Compiling WHEN-LIST-CHANGED trigger on CALENDAR data block...
   No compilation errors.

Compiling WHEN-MOUSE-CLICK trigger on CALENDAR data block...
   No compilation errors.

Compiling KEY-DOWN trigger on CALENDAR data block...
   No compilation errors.

Compiling KEY-UP trigger on CALENDAR data block...
   No compilation errors.

Compiling KEY-NXTREC trigger on CALENDAR data block...
   No compilation errors.

Compiling KEY-PRVREC trigger on CALENDAR data block...
   No compilation errors.

Compiling WHEN-MOUSE-DOUBLECLICK trigger on CALENDAR data block...
   No compilation errors.

Compiling WHEN-NEW-ITEM-INSTANCE trigger on HOUR item in CALENDAR data block...
   No compilation errors.

Compiling WHEN-NEW-ITEM-INSTANCE trigger on MINUTE item in CALENDAR data block...
   No compilation errors.

Compiling WHEN-NEW-ITEM-INSTANCE trigger on OK item in CALENDAR data block...
   No compilation errors.

Compiling WHEN-BUTTON-PRESSED trigger on OK item in CALENDAR data block...
   No compilation errors.

Compiling KEY-PREV-ITEM trigger on OK item in CALENDAR data block...
   No compilation errors.

Compiling WHEN-NEW-ITEM-INSTANCE trigger on CANCEL item in CALENDAR data block...
   No compilation errors.

Compiling WHEN-BUTTON-PRESSED trigger on CANCEL item in CALENDAR data block...
   No compilation errors.

Compiling KEY-NEXT-ITEM trigger on MONTH_AND_YEAR item in CALENDAR data block...
   No compilation errors.

Compiling WHEN-MOUSE-CLICK trigger on PREV_MONTH item in CALENDAR data block...
   No compilation errors.

Compiling WHEN-MOUSE-CLICK trigger on NEXT_MONTH item in CALENDAR data block...
   No compilation errors.

Compiling WHEN-MOUSE-CLICK trigger on NEXT_YEAR item in CALENDAR data block...
   No compilation errors.

Compiling WHEN-MOUSE-CLICK trigger on PREV_YEAR item in CALENDAR data block...
   No compilation errors.

Compiling WHEN-NEW-ITEM-INSTANCE trigger on AM_PM item in CALENDAR data block...
   No compilation errors.

Compiling WHEN-BUTTON-PRESSED trigger on QMS$TOOLBAR data block...
   No compilation errors.

Compiling WHEN-LIST-CHANGED trigger on ORDER_BY item in QMS$TOOLBAR data block...
   No compilation errors.

Compiling ON-LOCK trigger on ASC data block...
   No compilation errors.

Compiling POST-INSERT trigger on ASC data block...
   No compilation errors.

Compiling POST-QUERY trigger on ASC data block...
   No compilation errors.

Compiling PRE-BLOCK trigger on ASC data block...
   No compilation errors.

Compiling PRE-QUERY trigger on ASC data block...
   No compilation errors.

Compiling WHEN-DATABASE-RECORD trigger on ASC data block...
   No compilation errors.

Compiling WHEN-NEW-BLOCK-INSTANCE trigger on ASC data block...
   No compilation errors.

Compiling WHEN-NEW-RECORD-INSTANCE trigger on ASC data block...
   No compilation errors.

Compiling WHEN-REMOVE-RECORD trigger on ASC data block...
   No compilation errors.

Compiling POST-SELECT trigger on ASC data block...
   No compilation errors.

Compiling PRE-INSERT trigger on ASC data block...
   No compilation errors.

Compiling ON-ERROR trigger on ASC data block...
   No compilation errors.

Compiling WHEN-NEW-ITEM-INSTANCE trigger on ACTUAL item in ASC data block...
   No compilation errors.

Compiling WHEN-NEW-ITEM-INSTANCE trigger on NUMERO item in ASC data block...
   No compilation errors.

Compiling WHEN-NEW-ITEM-INSTANCE trigger on CONTRATO item in ASC data block...
   No compilation errors.

Compiling WHEN-VALIDATE-ITEM trigger on CONTRATO item in ASC data block...
   No compilation errors.

Compiling KEY-PREV-ITEM trigger on CONTRATO item in ASC data block...
   No compilation errors.

Compiling WHEN-NEW-ITEM-INSTANCE trigger on TIPO_CONTRATO item in ASC data block...
   No compilation errors.

Compiling WHEN-NEW-ITEM-INSTANCE trigger on FECHA_CONTRATACION item in ASC data block...
   No compilation errors.

Compiling KEY-LISTVAL trigger on FECHA_CONTRATACION item in ASC data block...
   No compilation errors.

Compiling WHEN-NEW-ITEM-INSTANCE trigger on ESTADO item in ASC data block...
   No compilation errors.

Compiling WHEN-VALIDATE-ITEM trigger on ESTADO item in ASC data block...
   No compilation errors.

Compiling WHEN-NEW-ITEM-INSTANCE trigger on FECHA_VENCIMIENTO item in ASC data block...
   No compilation errors.

Compiling KEY-LISTVAL trigger on FECHA_VENCIMIENTO item in ASC data block...
   No compilation errors.

Compiling WHEN-NEW-ITEM-INSTANCE trigger on PRM_CODIGO item in ASC data block...
   No compilation errors.

Compiling WHEN-NEW-ITEM-INSTANCE trigger on L_PRM_DESCRIPCION item in ASC data block...
   No compilation errors.

Compiling WHEN-NEW-ITEM-INSTANCE trigger on TERCERA_EDAD item in ASC data block...
   No compilation errors.

Compiling WHEN-NEW-ITEM-INSTANCE trigger on PRS_CODIGO item in ASC data block...
   No compilation errors.

Compiling WHEN-NEW-ITEM-INSTANCE trigger on L_PRS_NOMBRES_ASC item in ASC data block...
   No compilation errors.

Compiling WHEN-NEW-ITEM-INSTANCE trigger on L_PRS_APELLIDOS_ASC item in ASC data block...
   No compilation errors.

Compiling WHEN-NEW-ITEM-INSTANCE trigger on PCN_NUMERO_HC_CONTRATA item in ASC data block...
   No compilation errors.

Compiling KEY-LISTVAL trigger on PCN_NUMERO_HC_CONTRATA item in ASC data block...
   No compilation errors.

Compiling WHEN-VALIDATE-ITEM trigger on PCN_NUMERO_HC_CONTRATA item in ASC data block...
   No compilation errors.

Compiling WHEN-NEW-ITEM-INSTANCE trigger on L_PCN_CONTRATA_CEDULA item in ASC data block...
   No compilation errors.

Compiling WHEN-NEW-ITEM-INSTANCE trigger on L_PCN_CONTRATA_APELLIDO_PAT item in ASC data block...
   No compilation errors.

Compiling WHEN-NEW-ITEM-INSTANCE trigger on L_PCN_CONTRATA_APELLIDO_MAT item in ASC data block...
   No compilation errors.

Compiling WHEN-NEW-ITEM-INSTANCE trigger on L_PCN_CONTRATA_PRIMER_NOMBRE item in ASC data block...
   No compilation errors.

Compiling WHEN-NEW-ITEM-INSTANCE trigger on L_PCN_CONTRATA_SEGUNDO_NOMBRE item in ASC data block...
   No compilation errors.

Compiling WHEN-NEW-ITEM-INSTANCE trigger on L_PCN_CONTRAT_FECHA_NACIMIENT2 item in ASC data block...
   No compilation errors.

Compiling KEY-LISTVAL trigger on L_PCN_CONTRAT_FECHA_NACIMIENT2 item in ASC data block...
   No compilation errors.

Compiling WHEN-NEW-ITEM-INSTANCE trigger on PCN_NUMERO_HC_CANCELA item in ASC data block...
   No compilation errors.

Compiling KEY-LISTVAL trigger on PCN_NUMERO_HC_CANCELA item in ASC data block...
   No compilation errors.

Compiling WHEN-VALIDATE-ITEM trigger on PCN_NUMERO_HC_CANCELA item in ASC data block...
   No compilation errors.

Compiling WHEN-NEW-ITEM-INSTANCE trigger on L_PCN_PAGA_CEDULA item in ASC data block...
   No compilation errors.

Compiling WHEN-NEW-ITEM-INSTANCE trigger on L_PCN_PAGA_APELLIDO_PATERNO item in ASC data block...
   No compilation errors.

Compiling WHEN-NEW-ITEM-INSTANCE trigger on L_PCN_PAGA_APELLIDO_MATERNO item in ASC data block...
   No compilation errors.

Compiling WHEN-NEW-ITEM-INSTANCE trigger on L_PCN_PAGA_PRIMER_NOMBRE item in ASC data block...
   No compilation errors.

Compiling WHEN-NEW-ITEM-INSTANCE trigger on L_PCN_PAGA_SEGUNDO_NOMBRE item in ASC data block...
   No compilation errors.

Compiling WHEN-NEW-ITEM-INSTANCE trigger on L_PCN_PAGA_FECHA_NACIMIENTO item in ASC data block...
   No compilation errors.

Compiling KEY-LISTVAL trigger on L_PCN_PAGA_FECHA_NACIMIENTO item in ASC data block...
   No compilation errors.

Compiling WHEN-NEW-ITEM-INSTANCE trigger on MONTO_CONTRATO item in ASC data block...
   No compilation errors.

Compiling WHEN-NEW-ITEM-INSTANCE trigger on OBSERVACION item in ASC data block...
   No compilation errors.

Compiling WHEN-NEW-ITEM-INSTANCE trigger on NUMERO_CNT_PREVIO2 item in ASC data block...
   No compilation errors.

Compiling WHEN-VALIDATE-ITEM trigger on NUMERO_CNT_PREVIO2 item in ASC data block...
   No compilation errors.

Compiling KEY-NEXT-ITEM trigger on NUMERO_CNT_PREVIO2 item in ASC data block...
   No compilation errors.

Compiling WHEN-NEW-ITEM-INSTANCE trigger on L_ASCC_CONTRATO2 item in ASC data block...
   No compilation errors.

Compiling WHEN-NEW-ITEM-INSTANCE trigger on L_ASCC_FECHA_CONTRATACION2 item in ASC data block...
   No compilation errors.

Compiling KEY-LISTVAL trigger on L_ASCC_FECHA_CONTRATACION2 item in ASC data block...
   No compilation errors.

Compiling WHEN-NEW-ITEM-INSTANCE trigger on L_ASCC_FECHA_VENCIMIENTO2 item in ASC data block...
   No compilation errors.

Compiling KEY-LISTVAL trigger on L_ASCC_FECHA_VENCIMIENTO2 item in ASC data block...
   No compilation errors.

Compiling WHEN-NEW-ITEM-INSTANCE trigger on L_ASCC_TIPO_CONTRATO2 item in ASC data block...
   No compilation errors.

Compiling ON-LOCK trigger on BNF data block...
   No compilation errors.

Compiling POST-INSERT trigger on BNF data block...
   No compilation errors.

Compiling POST-QUERY trigger on BNF data block...
   No compilation errors.

Compiling PRE-BLOCK trigger on BNF data block...
   No compilation errors.

Compiling PRE-QUERY trigger on BNF data block...
   No compilation errors.

Compiling WHEN-DATABASE-RECORD trigger on BNF data block...
   No compilation errors.

Compiling WHEN-NEW-BLOCK-INSTANCE trigger on BNF data block...
   No compilation errors.

Compiling WHEN-NEW-RECORD-INSTANCE trigger on BNF data block...
   No compilation errors.

Compiling WHEN-REMOVE-RECORD trigger on BNF data block...
   No compilation errors.

Compiling POST-SELECT trigger on BNF data block...
   No compilation errors.

Compiling PRE-INSERT trigger on BNF data block...
   No compilation errors.

Compiling PRE-UPDATE trigger on BNF data block...
   No compilation errors.

Compiling ON-ERROR trigger on BNF data block...
   No compilation errors.

Compiling WHEN-VALIDATE-RECORD trigger on BNF data block...
   No compilation errors.

Compiling WHEN-NEW-ITEM-INSTANCE trigger on PCN_NUMERO_HC item in BNF data block...
   No compilation errors.

Compiling KEY-LISTVAL trigger on PCN_NUMERO_HC item in BNF data block...
   No compilation errors.

Compiling WHEN-VALIDATE-ITEM trigger on PCN_NUMERO_HC item in BNF data block...
   No compilation errors.

Compiling KEY-PREV-ITEM trigger on PCN_NUMERO_HC item in BNF data block...
   No compilation errors.

Compiling WHEN-NEW-ITEM-INSTANCE trigger on L_PCN_BNF_CEDULA item in BNF data block...
   No compilation errors.

Compiling WHEN-NEW-ITEM-INSTANCE trigger on L_PCN_BNF_APELLIDO_PATERNO item in BNF data block...
   No compilation errors.

Compiling WHEN-NEW-ITEM-INSTANCE trigger on L_PCN_BNF_APELLIDO_MATERNO item in BNF data block...
   No compilation errors.

Compiling WHEN-NEW-ITEM-INSTANCE trigger on L_PCN_BNF_PRIMER_NOMBRE item in BNF data block...
   No compilation errors.

Compiling WHEN-NEW-ITEM-INSTANCE trigger on L_PCN_BNF_SEGUNDO_NOMBRE item in BNF data block...
   No compilation errors.

Compiling WHEN-NEW-ITEM-INSTANCE trigger on L_PCN_BNF_FECHA_NACIMIENTO2 item in BNF data block...
   No compilation errors.

Compiling KEY-LISTVAL trigger on L_PCN_BNF_FECHA_NACIMIENTO2 item in BNF data block...
   No compilation errors.

Compiling WHEN-NEW-ITEM-INSTANCE trigger on MONTO item in BNF data block...
   No compilation errors.

Compiling WHEN-NEW-ITEM-INSTANCE trigger on FECHA_INGRESO item in BNF data block...
   No compilation errors.

Compiling KEY-LISTVAL trigger on FECHA_INGRESO item in BNF data block...
   No compilation errors.

Compiling WHEN-NEW-ITEM-INSTANCE trigger on SEGURO item in BNF data block...
   No compilation errors.

Compiling WHEN-NEW-ITEM-INSTANCE trigger on INICIO_SEGURO item in BNF data block...
   No compilation errors.

Compiling KEY-LISTVAL trigger on INICIO_SEGURO item in BNF data block...
   No compilation errors.

Compiling WHEN-NEW-ITEM-INSTANCE trigger on FIN_SEGURO item in BNF data block...
   No compilation errors.

Compiling KEY-LISTVAL trigger on FIN_SEGURO item in BNF data block...
   No compilation errors.

Compiling WHEN-NEW-ITEM-INSTANCE trigger on ESTADO item in BNF data block...
   No compilation errors.

Compiling WHEN-VALIDATE-ITEM trigger on ESTADO item in BNF data block...
   No compilation errors.

Compiling WHEN-NEW-ITEM-INSTANCE trigger on FECHA_BAJA item in BNF data block...
   No compilation errors.

Compiling KEY-LISTVAL trigger on FECHA_BAJA item in BNF data block...
   No compilation errors.

Compiling WHEN-NEW-ITEM-INSTANCE trigger on PRS_CODIGO2 item in BNF data block...
   No compilation errors.

Compiling WHEN-NEW-ITEM-INSTANCE trigger on L_PRS_BNF_NOMBRES item in BNF data block...
   No compilation errors.

Compiling WHEN-NEW-ITEM-INSTANCE trigger on L_PRS_BNF_APELLIDOS item in BNF data block...
   No compilation errors.

Compiling WHEN-NEW-ITEM-INSTANCE trigger on OBSERVACION item in BNF data block...
   No compilation errors.

Compiling WHEN-NEW-ITEM-INSTANCE trigger on ASC_NUMERO item in BNF data block...
   No compilation errors.

Compiling WHEN-NEW-ITEM-INSTANCE trigger on CGJN$JOURNAL_NOTE item in BNF data block...
   No compilation errors.

Compiling KEY-NEXT-ITEM trigger on CGJN$JOURNAL_NOTE item in BNF data block...
   No compilation errors.

Compiling ON-LOCK trigger on DPD data block...
   No compilation errors.

Compiling POST-INSERT trigger on DPD data block...
   No compilation errors.

Compiling POST-QUERY trigger on DPD data block...
   No compilation errors.

Compiling PRE-BLOCK trigger on DPD data block...
   No compilation errors.

Compiling PRE-QUERY trigger on DPD data block...
   No compilation errors.

Compiling WHEN-DATABASE-RECORD trigger on DPD data block...
   No compilation errors.

Compiling WHEN-NEW-BLOCK-INSTANCE trigger on DPD data block...
   No compilation errors.

Compiling WHEN-NEW-RECORD-INSTANCE trigger on DPD data block...
   No compilation errors.

Compiling WHEN-REMOVE-RECORD trigger on DPD data block...
   No compilation errors.

Compiling POST-SELECT trigger on DPD data block...
   No compilation errors.

Compiling PRE-INSERT trigger on DPD data block...
   No compilation errors.

Compiling PRE-UPDATE trigger on DPD data block...
   No compilation errors.

Compiling ON-ERROR trigger on DPD data block...
   No compilation errors.

Compiling WHEN-NEW-ITEM-INSTANCE trigger on NUMERO item in DPD data block...
   No compilation errors.

Compiling WHEN-NEW-ITEM-INSTANCE trigger on FECHA_REGISTRO item in DPD data block...
   No compilation errors.

Compiling KEY-LISTVAL trigger on FECHA_REGISTRO item in DPD data block...
   No compilation errors.

Compiling KEY-PREV-ITEM trigger on FECHA_REGISTRO item in DPD data block...
   No compilation errors.

Compiling WHEN-NEW-ITEM-INSTANCE trigger on RELACION item in DPD data block...
   No compilation errors.

Compiling WHEN-NEW-ITEM-INSTANCE trigger on PCN_NUMERO_HC item in DPD data block...
   No compilation errors.

Compiling KEY-LISTVAL trigger on PCN_NUMERO_HC item in DPD data block...
   No compilation errors.

Compiling WHEN-VALIDATE-ITEM trigger on PCN_NUMERO_HC item in DPD data block...
   No compilation errors.

Compiling WHEN-NEW-ITEM-INSTANCE trigger on L_PCN_DPD_CEDULA item in DPD data block...
   No compilation errors.

Compiling WHEN-NEW-ITEM-INSTANCE trigger on L_PCN_DPD_APELLIDO_PATERNO item in DPD data block...
   No compilation errors.

Compiling WHEN-NEW-ITEM-INSTANCE trigger on L_PCN_DPD_APELLIDO_MATERNO item in DPD data block...
   No compilation errors.

Compiling WHEN-NEW-ITEM-INSTANCE trigger on L_PCN_DPD_PRIMER_NOMBRE item in DPD data block...
   No compilation errors.

Compiling WHEN-NEW-ITEM-INSTANCE trigger on L_PCN_DPD_SEGUNDO_NOMBRE item in DPD data block...
   No compilation errors.

Compiling WHEN-NEW-ITEM-INSTANCE trigger on L_PCN_DPD_FECHA_NACIMIENTO2 item in DPD data block...
   No compilation errors.

Compiling KEY-LISTVAL trigger on L_PCN_DPD_FECHA_NACIMIENTO2 item in DPD data block...
   No compilation errors.

Compiling WHEN-NEW-ITEM-INSTANCE trigger on ESTADO item in DPD data block...
   No compilation errors.

Compiling WHEN-VALIDATE-ITEM trigger on ESTADO item in DPD data block...
   No compilation errors.

Compiling WHEN-NEW-ITEM-INSTANCE trigger on FECHA_BAJA item in DPD data block...
   No compilation errors.

Compiling KEY-LISTVAL trigger on FECHA_BAJA item in DPD data block...
   No compilation errors.

Compiling WHEN-NEW-ITEM-INSTANCE trigger on PRS_CODIGO2 item in DPD data block...
   No compilation errors.

Compiling WHEN-NEW-ITEM-INSTANCE trigger on L_PRS_DPD_APELLIDOS item in DPD data block...
   No compilation errors.

Compiling WHEN-NEW-ITEM-INSTANCE trigger on L_PRS_DPD_NOMBRES item in DPD data block...
   No compilation errors.

Compiling WHEN-NEW-ITEM-INSTANCE trigger on BNF_PCN_NUMERO_HC item in DPD data block...
   No compilation errors.

Compiling KEY-LISTVAL trigger on BNF_PCN_NUMERO_HC item in DPD data block...
   No compilation errors.

Compiling WHEN-NEW-ITEM-INSTANCE trigger on OBSERVACION item in DPD data block...
   No compilation errors.

Compiling WHEN-NEW-ITEM-INSTANCE trigger on BNF_ASC_NUMERO item in DPD data block...
   No compilation errors.

Compiling WHEN-NEW-ITEM-INSTANCE trigger on CGJN$JOURNAL_NOTE item in DPD data block...
   No compilation errors.

Compiling KEY-NEXT-ITEM trigger on CGJN$JOURNAL_NOTE item in DPD data block...
   No compilation errors.

Compiling KEY-CLRREC trigger on CG$CTRL data block...
   No compilation errors.

Compiling KEY-CREREC trigger on CG$CTRL data block...
   No compilation errors.

Compiling KEY-DOWN trigger on CG$CTRL data block...
   No compilation errors.

Compiling KEY-NXTREC trigger on CG$CTRL data block...
   No compilation errors.

Compiling KEY-SCRDOWN trigger on CG$CTRL data block...
   No compilation errors.

Compiling KEY-UP trigger on CG$CTRL data block...
   No compilation errors.

Compiling KEY-PRVREC trigger on CG$CTRL data block...
   No compilation errors.

Compiling KEY-SCRUP trigger on CG$CTRL data block...
   No compilation errors.

Compiling ON-ERROR trigger on CG$CTRL data block...
   No compilation errors.

Compiling PRE-BLOCK trigger on CG$CTRL data block...
   No compilation errors.

Compiling WHEN-NEW-BLOCK-INSTANCE trigger on CG$CTRL data block...
   No compilation errors.

Compiling WHEN-NEW-ITEM-INSTANCE trigger on CG$PAGE_1_LIST item in CG$CTRL data block...
   No compilation errors.

Compiling WHEN-NEW-ITEM-INSTANCE trigger on CG$WINDOWQMS$TRANS_ERRORS_PAGE item in CG$CTRL data block...
   No compilation errors.

Compiling WHEN-NEW-ITEM-INSTANCE trigger on CG$WINDOWWINDOW_PAGE item in CG$CTRL data block...
   No compilation errors.

Compiling WHEN-NEW-ITEM-INSTANCE trigger on CG$WINDOWQMS$TRANS_ERRORS_MODA item in CG$CTRL data block...
   No compilation errors.

Compiling WHEN-NEW-ITEM-INSTANCE trigger on CG$WINDOWCALENDAR_PAGE item in CG$CTRL data block...
   No compilation errors.

Compiling WHEN-NEW-ITEM-INSTANCE trigger on CG$WINDOWQMS$HIDDEN_ITEMS_PAGE item in CG$CTRL data block...
   No compilation errors.

Compiling WHEN-NEW-ITEM-INSTANCE trigger on CG$LAST_CANVAS item in CG$CTRL data block...
   No compilation errors.


Created form file m:\sas\bin\adm\frm\mntascdss.fmx
