Compiling procedure CGUV$CHK_QMS_USO_PK... 
   No compilation errors.

Compiling procedure CGCD$QRY_SERVER_VER... 
   No compilation errors.

Compiling procedure CGCD$SYNC_SRVR_USO... 
   No compilation errors.

Compiling function CGTE$CHECK_CONSTRAINT_VIO... 
   No compilation errors.

Compiling procedure CGTE$USO_ERRORS... 
   No compilation errors.

Compiling procedure CGLY$DISPLAY_CANVASES... 
   No compilation errors.

Compiling procedure CGLY$GET_RELATED_CANVASES... 
   No compilation errors.

Compiling procedure CGLY$CANVAS_MANAGEMENT... 
   No compilation errors.

Compiling PRE-COMMIT trigger on form...
   No compilation errors.

Compiling QMS$CUSTOM_HELP trigger on form...
   No compilation errors.

Compiling POST-FORM trigger on form...
   No compilation errors.

Compiling CALENDAR_WROTE_DATE trigger on form...
   No compilation errors.

Compiling KEY-EXIT trigger on form...
   No compilation errors.

Compiling POST-FORMS-COMMIT trigger on form...
   No compilation errors.

Compiling KEY-CLRFRM trigger on form...
   No compilation errors.

Compiling KEY-HELP trigger on form...
   No compilation errors.

Compiling KEY-MENU trigger on form...
   No compilation errors.

Compiling ON-ERROR trigger on form...
   No compilation errors.

Compiling ON-MESSAGE trigger on form...
   No compilation errors.

Compiling PRE-FORM trigger on form...
   No compilation errors.

Compiling QUERY_FIND trigger on form...
   No compilation errors.

Compiling QMS$MENU_ITEM trigger on form...
   No compilation errors.

Compiling WHEN-NEW-BLOCK-INSTANCE trigger on form...
   No compilation errors.

Compiling WHEN-NEW-FORM-INSTANCE trigger on form...
   No compilation errors.

Compiling WHEN-WINDOW-CLOSED trigger on form...
   No compilation errors.

Compiling WHEN-WINDOW-ACTIVATED trigger on form...
   No compilation errors.

Compiling WHEN-WINDOW-RESIZED trigger on form...
   No compilation errors.

Compiling POST-TEXT-ITEM trigger on form...
   No compilation errors.

Compiling WHEN-FORM-NAVIGATE trigger on form...
   No compilation errors.

Compiling KEY-COMMIT trigger on form...
   No compilation errors.

Compiling KEY-CLRREC trigger on QMS$TRANS_ERRORS data block...
   No compilation errors.

Compiling KEY-CREREC trigger on QMS$TRANS_ERRORS data block...
   No compilation errors.

Compiling KEY-DOWN trigger on QMS$TRANS_ERRORS data block...
   No compilation errors.

Compiling KEY-NXTREC trigger on QMS$TRANS_ERRORS data block...
   No compilation errors.

Compiling KEY-SCRDOWN trigger on QMS$TRANS_ERRORS data block...
   No compilation errors.

Compiling KEY-UP trigger on QMS$TRANS_ERRORS data block...
   No compilation errors.

Compiling KEY-PRVREC trigger on QMS$TRANS_ERRORS data block...
   No compilation errors.

Compiling KEY-SCRUP trigger on QMS$TRANS_ERRORS data block...
   No compilation errors.

Compiling ON-ERROR trigger on QMS$TRANS_ERRORS data block...
   No compilation errors.

Compiling PRE-BLOCK trigger on QMS$TRANS_ERRORS data block...
   No compilation errors.

Compiling WHEN-NEW-BLOCK-INSTANCE trigger on QMS$TRANS_ERRORS data block...
   No compilation errors.

Compiling ON-LOCK trigger on QMS$TRANS_ERRORS data block...
   No compilation errors.

Compiling WHEN-VALIDATE-RECORD trigger on QMS$TRANS_ERRORS data block...
   No compilation errors.

Compiling WHEN-BUTTON-PRESSED trigger on QMS$TRANS_ERRORS data block...
   No compilation errors.

Compiling WHEN-LIST-ACTIVATED trigger on QMS$TRANS_ERRORS data block...
   No compilation errors.

Compiling WHEN-NEW-ITEM-INSTANCE trigger on OK_BUTTON item in QMS$TRANS_ERRORS data block...
   No compilation errors.

Compiling WHEN-BUTTON-PRESSED trigger on OK_BUTTON item in QMS$TRANS_ERRORS data block...
   No compilation errors.

Compiling KEY-PREV-ITEM trigger on OK_BUTTON item in QMS$TRANS_ERRORS data block...
   No compilation errors.

Compiling WHEN-LIST-CHANGED trigger on MESSAGES item in QMS$TRANS_ERRORS data block...
   No compilation errors.

Compiling WHEN-NEW-ITEM-INSTANCE trigger on HELP_BUTTON item in QMS$TRANS_ERRORS data block...
   No compilation errors.

Compiling WHEN-BUTTON-PRESSED trigger on HELP_BUTTON item in QMS$TRANS_ERRORS data block...
   No compilation errors.

Compiling KEY-NEXT-ITEM trigger on HELP_BUTTON item in QMS$TRANS_ERRORS data block...
   No compilation errors.

Compiling WHEN-NEW-ITEM-INSTANCE trigger on OK_BUTTON_MODAL item in QMS$TRANS_ERRORS data block...
   No compilation errors.

Compiling WHEN-BUTTON-PRESSED trigger on OK_BUTTON_MODAL item in QMS$TRANS_ERRORS data block...
   No compilation errors.

Compiling KEY-PREV-ITEM trigger on OK_BUTTON_MODAL item in QMS$TRANS_ERRORS data block...
   No compilation errors.

Compiling WHEN-LIST-CHANGED trigger on MESSAGES_MODAL item in QMS$TRANS_ERRORS data block...
   No compilation errors.

Compiling WHEN-NEW-ITEM-INSTANCE trigger on HELP_BUTTON_MODAL item in QMS$TRANS_ERRORS data block...
   No compilation errors.

Compiling WHEN-BUTTON-PRESSED trigger on HELP_BUTTON_MODAL item in QMS$TRANS_ERRORS data block...
   No compilation errors.

Compiling KEY-NEXT-ITEM trigger on HELP_BUTTON_MODAL item in QMS$TRANS_ERRORS data block...
   No compilation errors.

Compiling WHEN-NEW-ITEM-INSTANCE trigger on RETURN_TO_BLOCK item in QMS$TRANS_ERRORS data block...
   No compilation errors.

Compiling WHEN-RADIO-CHANGED trigger on CALENDAR data block...
   No compilation errors.

Compiling KEY-OTHERS trigger on CALENDAR data block...
   No compilation errors.

Compiling KEY-NEXT-ITEM trigger on CALENDAR data block...
   No compilation errors.

Compiling KEY-PREV-ITEM trigger on CALENDAR data block...
   No compilation errors.

Compiling KEY-ENTER trigger on CALENDAR data block...
   No compilation errors.

Compiling WHEN-BUTTON-PRESSED trigger on CALENDAR data block...
   No compilation errors.

Compiling WHEN-LIST-CHANGED trigger on CALENDAR data block...
   No compilation errors.

Compiling WHEN-MOUSE-CLICK trigger on CALENDAR data block...
   No compilation errors.

Compiling KEY-DOWN trigger on CALENDAR data block...
   No compilation errors.

Compiling KEY-UP trigger on CALENDAR data block...
   No compilation errors.

Compiling KEY-NXTREC trigger on CALENDAR data block...
   No compilation errors.

Compiling KEY-PRVREC trigger on CALENDAR data block...
   No compilation errors.

Compiling WHEN-MOUSE-DOUBLECLICK trigger on CALENDAR data block...
   No compilation errors.

Compiling WHEN-NEW-ITEM-INSTANCE trigger on HOUR item in CALENDAR data block...
   No compilation errors.

Compiling WHEN-NEW-ITEM-INSTANCE trigger on MINUTE item in CALENDAR data block...
   No compilation errors.

Compiling WHEN-NEW-ITEM-INSTANCE trigger on OK item in CALENDAR data block...
   No compilation errors.

Compiling WHEN-BUTTON-PRESSED trigger on OK item in CALENDAR data block...
   No compilation errors.

Compiling KEY-PREV-ITEM trigger on OK item in CALENDAR data block...
   No compilation errors.

Compiling WHEN-NEW-ITEM-INSTANCE trigger on CANCEL item in CALENDAR data block...
   No compilation errors.

Compiling WHEN-BUTTON-PRESSED trigger on CANCEL item in CALENDAR data block...
   No compilation errors.

Compiling KEY-NEXT-ITEM trigger on MONTH_AND_YEAR item in CALENDAR data block...
   No compilation errors.

Compiling WHEN-MOUSE-CLICK trigger on PREV_MONTH item in CALENDAR data block...
   No compilation errors.

Compiling WHEN-MOUSE-CLICK trigger on NEXT_MONTH item in CALENDAR data block...
   No compilation errors.

Compiling WHEN-MOUSE-CLICK trigger on NEXT_YEAR item in CALENDAR data block...
   No compilation errors.

Compiling WHEN-MOUSE-CLICK trigger on PREV_YEAR item in CALENDAR data block...
   No compilation errors.

Compiling WHEN-NEW-ITEM-INSTANCE trigger on AM_PM item in CALENDAR data block...
   No compilation errors.

Compiling WHEN-BUTTON-PRESSED trigger on QMS$TOOLBAR data block...
   No compilation errors.

Compiling WHEN-LIST-CHANGED trigger on ORDER_BY item in QMS$TOOLBAR data block...
   No compilation errors.

Compiling ON-LOCK trigger on USO data block...
   No compilation errors.

Compiling POST-INSERT trigger on USO data block...
   No compilation errors.

Compiling POST-QUERY trigger on USO data block...
   No compilation errors.

Compiling PRE-BLOCK trigger on USO data block...
   No compilation errors.

Compiling PRE-QUERY trigger on USO data block...
   No compilation errors.

Compiling WHEN-DATABASE-RECORD trigger on USO data block...
   No compilation errors.

Compiling WHEN-NEW-BLOCK-INSTANCE trigger on USO data block...
   No compilation errors.

Compiling WHEN-NEW-RECORD-INSTANCE trigger on USO data block...
   No compilation errors.

Compiling WHEN-REMOVE-RECORD trigger on USO data block...
   No compilation errors.

Compiling POST-SELECT trigger on USO data block...
   No compilation errors.

Compiling POST-UPDATE trigger on USO data block...
   No compilation errors.

Compiling ON-ERROR trigger on USO data block...
   No compilation errors.

Compiling WHEN-CREATE-RECORD trigger on USO data block...
   No compilation errors.

Compiling WHEN-NEW-ITEM-INSTANCE trigger on VA_SELECTED_RECORD item in USO data block...
   No compilation errors.

Compiling WHEN-NEW-ITEM-INSTANCE trigger on VA_REQUIRED_ITEM item in USO data block...
   No compilation errors.

Compiling WHEN-NEW-ITEM-INSTANCE trigger on VA_READONLY_ITEM item in USO data block...
   No compilation errors.

Compiling WHEN-NEW-ITEM-INSTANCE trigger on VA_QUERYABLE_ITEM item in USO data block...
   No compilation errors.

Compiling WHEN-NEW-ITEM-INSTANCE trigger on SHOW_VA_QUERYABLE_ITEM item in USO data block...
   No compilation errors.

Compiling WHEN-NEW-ITEM-INSTANCE trigger on VA_QI_LOV item in USO data block...
   No compilation errors.

Compiling WHEN-BUTTON-PRESSED trigger on VA_QI_LOV item in USO data block...
   No compilation errors.

Compiling WHEN-NEW-ITEM-INSTANCE trigger on SHOW_VA_REQUIRED_ITEM item in USO data block...
   No compilation errors.

Compiling WHEN-NEW-ITEM-INSTANCE trigger on VA_RI_LOV item in USO data block...
   No compilation errors.

Compiling WHEN-BUTTON-PRESSED trigger on VA_RI_LOV item in USO data block...
   No compilation errors.

Compiling WHEN-NEW-ITEM-INSTANCE trigger on SHOW_VA_READONLY_ITEM item in USO data block...
   No compilation errors.

Compiling WHEN-NEW-ITEM-INSTANCE trigger on VA_ROI_LOV item in USO data block...
   No compilation errors.

Compiling WHEN-BUTTON-PRESSED trigger on VA_ROI_LOV item in USO data block...
   No compilation errors.

Compiling WHEN-NEW-ITEM-INSTANCE trigger on SHOW_VA_SELECTED_RECORD item in USO data block...
   No compilation errors.

Compiling WHEN-NEW-ITEM-INSTANCE trigger on VA_SR_LOV item in USO data block...
   No compilation errors.

Compiling WHEN-BUTTON-PRESSED trigger on VA_SR_LOV item in USO data block...
   No compilation errors.

Compiling WHEN-NEW-ITEM-INSTANCE trigger on USER_NAME item in USO data block...
   No compilation errors.

Compiling WHEN-NEW-ITEM-INSTANCE trigger on HIGHLIGHT_QI_IND item in USO data block...
   No compilation errors.

Compiling KEY-PREV-ITEM trigger on HIGHLIGHT_QI_IND item in USO data block...
   No compilation errors.

Compiling WHEN-NEW-ITEM-INSTANCE trigger on HIGHLIGHT_RI_IND item in USO data block...
   No compilation errors.

Compiling WHEN-NEW-ITEM-INSTANCE trigger on ENABLE_CS_IND item in USO data block...
   No compilation errors.

Compiling WHEN-NEW-ITEM-INSTANCE trigger on RAISE_FIND_WINDOW item in USO data block...
   No compilation errors.

Compiling WHEN-NEW-ITEM-INSTANCE trigger on LANGUAGE item in USO data block...
   No compilation errors.

Compiling WHEN-NEW-ITEM-INSTANCE trigger on MENU_CALL_METHOD item in USO data block...
   No compilation errors.

Compiling KEY-NEXT-ITEM trigger on MENU_CALL_METHOD item in USO data block...
   No compilation errors.

Compiling WHEN-NEW-ITEM-INSTANCE trigger on CREATED_BY item in USO data block...
   No compilation errors.

Compiling WHEN-NEW-ITEM-INSTANCE trigger on CREATION_DATE item in USO data block...
   No compilation errors.

Compiling WHEN-NEW-ITEM-INSTANCE trigger on LAST_UPDATED_BY item in USO data block...
   No compilation errors.

Compiling WHEN-NEW-ITEM-INSTANCE trigger on LAST_UPDATE_DATE item in USO data block...
   No compilation errors.

Compiling KEY-CLRREC trigger on SIS_DIALOG_BUTTONS data block...
   No compilation errors.

Compiling KEY-CREREC trigger on SIS_DIALOG_BUTTONS data block...
   No compilation errors.

Compiling KEY-DOWN trigger on SIS_DIALOG_BUTTONS data block...
   No compilation errors.

Compiling KEY-NXTREC trigger on SIS_DIALOG_BUTTONS data block...
   No compilation errors.

Compiling KEY-SCRDOWN trigger on SIS_DIALOG_BUTTONS data block...
   No compilation errors.

Compiling KEY-UP trigger on SIS_DIALOG_BUTTONS data block...
   No compilation errors.

Compiling KEY-PRVREC trigger on SIS_DIALOG_BUTTONS data block...
   No compilation errors.

Compiling KEY-SCRUP trigger on SIS_DIALOG_BUTTONS data block...
   No compilation errors.

Compiling ON-ERROR trigger on SIS_DIALOG_BUTTONS data block...
   No compilation errors.

Compiling PRE-BLOCK trigger on SIS_DIALOG_BUTTONS data block...
   No compilation errors.

Compiling WHEN-NEW-BLOCK-INSTANCE trigger on SIS_DIALOG_BUTTONS data block...
   No compilation errors.

Compiling WHEN-NEW-ITEM-INSTANCE trigger on OK item in SIS_DIALOG_BUTTONS data block...
   No compilation errors.

Compiling WHEN-BUTTON-PRESSED trigger on OK item in SIS_DIALOG_BUTTONS data block...
   No compilation errors.

Compiling KEY-PREV-ITEM trigger on OK item in SIS_DIALOG_BUTTONS data block...
   No compilation errors.

Compiling WHEN-NEW-ITEM-INSTANCE trigger on CANCEL item in SIS_DIALOG_BUTTONS data block...
   No compilation errors.

Compiling WHEN-BUTTON-PRESSED trigger on CANCEL item in SIS_DIALOG_BUTTONS data block...
   No compilation errors.

Compiling WHEN-NEW-ITEM-INSTANCE trigger on HELP item in SIS_DIALOG_BUTTONS data block...
   No compilation errors.

Compiling WHEN-BUTTON-PRESSED trigger on HELP item in SIS_DIALOG_BUTTONS data block...
   No compilation errors.

Compiling KEY-NEXT-ITEM trigger on HELP item in SIS_DIALOG_BUTTONS data block...
   No compilation errors.

Compiling WHEN-MOUSE-ENTER trigger on COL data block...
   No compilation errors.

Compiling WHEN-MOUSE-LEAVE trigger on COL data block...
   No compilation errors.

Compiling WHEN-MOUSE-CLICK trigger on COL data block...
   No compilation errors.

Compiling KEY-PREV-ITEM trigger on NAV_ITEM item in COL data block...
   No compilation errors.

Compiling KEY-NEXT-ITEM trigger on NAV_ITEM item in COL data block...
   No compilation errors.

Compiling KEY-CLRREC trigger on CG$CTRL data block...
   No compilation errors.

Compiling KEY-CREREC trigger on CG$CTRL data block...
   No compilation errors.

Compiling KEY-DOWN trigger on CG$CTRL data block...
   No compilation errors.

Compiling KEY-NXTREC trigger on CG$CTRL data block...
   No compilation errors.

Compiling KEY-SCRDOWN trigger on CG$CTRL data block...
   No compilation errors.

Compiling KEY-UP trigger on CG$CTRL data block...
   No compilation errors.

Compiling KEY-PRVREC trigger on CG$CTRL data block...
   No compilation errors.

Compiling KEY-SCRUP trigger on CG$CTRL data block...
   No compilation errors.

Compiling ON-ERROR trigger on CG$CTRL data block...
   No compilation errors.

Compiling PRE-BLOCK trigger on CG$CTRL data block...
   No compilation errors.

Compiling WHEN-NEW-BLOCK-INSTANCE trigger on CG$CTRL data block...
   No compilation errors.

Compiling WHEN-NEW-ITEM-INSTANCE trigger on CG$PAGE_1_LIST item in CG$CTRL data block...
   No compilation errors.

Compiling WHEN-NEW-ITEM-INSTANCE trigger on CG$WINDOWQMS$TRANS_ERRORS_PAGE item in CG$CTRL data block...
   No compilation errors.

Compiling WHEN-NEW-ITEM-INSTANCE trigger on CG$WINDOWWINDOW_PAGE item in CG$CTRL data block...
   No compilation errors.

Compiling WHEN-NEW-ITEM-INSTANCE trigger on CG$WINDOWQMS$TRANS_ERRORS_MODA item in CG$CTRL data block...
   No compilation errors.

Compiling WHEN-NEW-ITEM-INSTANCE trigger on CG$WINDOWCALENDAR_PAGE item in CG$CTRL data block...
   No compilation errors.

Compiling WHEN-NEW-ITEM-INSTANCE trigger on CG$WINDOWQMS$HIDDEN_ITEMS_PAGE item in CG$CTRL data block...
   No compilation errors.

Compiling WHEN-NEW-ITEM-INSTANCE trigger on CG$LAST_CANVAS item in CG$CTRL data block...
   No compilation errors.


Created form file M:\sas\bin\cmn\sis0006f.fmx
