Compiling procedure CGCD$QRY_SERVER_VER... 
   No compilation errors.

Compiling procedure CGCD$SYNC_SRVR_MPM... 
   No compilation errors.

Compiling procedure CGCD$SYNC_SRVR_SRP... 
   No compilation errors.

Compiling function CGTE$CHECK_CONSTRAINT_VIO... 
   No compilation errors.

Compiling procedure CGTE$MDE_ERRORS... 
   No compilation errors.

Compiling procedure CGTE$MPM_ERRORS... 
   No compilation errors.

Compiling procedure CGTE$SRP_ERRORS... 
   No compilation errors.

Compiling procedure CGNV$AI_OK... 
   No compilation errors.

Compiling procedure CGLY$DISPLAY_CANVASES... 
   No compilation errors.

Compiling procedure CGLY$GET_RELATED_CANVASES... 
   No compilation errors.

Compiling procedure CGLY$CANVAS_MANAGEMENT... 
   No compilation errors.

Compiling procedure CGBS$TOGGLE... 
   No compilation errors.

Compiling PRE-COMMIT trigger on form...
   No compilation errors.

Compiling QMS$CUSTOM_HELP trigger on form...
   No compilation errors.

Compiling POST-FORM trigger on form...
   No compilation errors.

Compiling CALENDAR_WROTE_DATE trigger on form...
   No compilation errors.

Compiling KEY-EXIT trigger on form...
   No compilation errors.

Compiling POST-FORMS-COMMIT trigger on form...
   No compilation errors.

Compiling KEY-CLRFRM trigger on form...
   No compilation errors.

Compiling KEY-HELP trigger on form...
   No compilation errors.

Compiling KEY-MENU trigger on form...
   No compilation errors.

Compiling ON-ERROR trigger on form...
   No compilation errors.

Compiling ON-MESSAGE trigger on form...
   No compilation errors.

Compiling PRE-FORM trigger on form...
   No compilation errors.

Compiling QUERY_FIND trigger on form...
   No compilation errors.

Compiling QMS$MENU_ITEM trigger on form...
   No compilation errors.

Compiling WHEN-NEW-BLOCK-INSTANCE trigger on form...
   No compilation errors.

Compiling WHEN-NEW-FORM-INSTANCE trigger on form...
   No compilation errors.

Compiling WHEN-WINDOW-CLOSED trigger on form...
   No compilation errors.

Compiling WHEN-WINDOW-ACTIVATED trigger on form...
   No compilation errors.

Compiling WHEN-WINDOW-RESIZED trigger on form...
   No compilation errors.

Compiling POST-TEXT-ITEM trigger on form...
   No compilation errors.

Compiling WHEN-FORM-NAVIGATE trigger on form...
   No compilation errors.

Compiling ON-CLEAR-DETAILS trigger on form...
   No compilation errors.

Compiling ON-POPULATE-DETAILS trigger on form...
   No compilation errors.

Compiling KEY-ENTQRY trigger on form...
   No compilation errors.

Compiling KEY-EXEQRY trigger on form...
   No compilation errors.

Compiling KEY-CQUERY trigger on form...
   No compilation errors.

Compiling KEY-CLRBLK trigger on form...
   No compilation errors.

Compiling KEY-CLRREC trigger on form...
   No compilation errors.

Compiling KEY-NXTKEY trigger on form...
   No compilation errors.

Compiling KEY-CLRREC trigger on QMS$TRANS_ERRORS data block...
   No compilation errors.

Compiling KEY-CREREC trigger on QMS$TRANS_ERRORS data block...
   No compilation errors.

Compiling KEY-DOWN trigger on QMS$TRANS_ERRORS data block...
   No compilation errors.

Compiling KEY-NXTREC trigger on QMS$TRANS_ERRORS data block...
   No compilation errors.

Compiling KEY-SCRDOWN trigger on QMS$TRANS_ERRORS data block...
   No compilation errors.

Compiling KEY-UP trigger on QMS$TRANS_ERRORS data block...
   No compilation errors.

Compiling KEY-PRVREC trigger on QMS$TRANS_ERRORS data block...
   No compilation errors.

Compiling KEY-SCRUP trigger on QMS$TRANS_ERRORS data block...
   No compilation errors.

Compiling ON-ERROR trigger on QMS$TRANS_ERRORS data block...
   No compilation errors.

Compiling PRE-BLOCK trigger on QMS$TRANS_ERRORS data block...
   No compilation errors.

Compiling WHEN-NEW-BLOCK-INSTANCE trigger on QMS$TRANS_ERRORS data block...
   No compilation errors.

Compiling ON-LOCK trigger on QMS$TRANS_ERRORS data block...
   No compilation errors.

Compiling WHEN-VALIDATE-RECORD trigger on QMS$TRANS_ERRORS data block...
   No compilation errors.

Compiling WHEN-BUTTON-PRESSED trigger on QMS$TRANS_ERRORS data block...
   No compilation errors.

Compiling WHEN-LIST-ACTIVATED trigger on QMS$TRANS_ERRORS data block...
   No compilation errors.

Compiling WHEN-NEW-ITEM-INSTANCE trigger on OK_BUTTON item in QMS$TRANS_ERRORS data block...
   No compilation errors.

Compiling WHEN-BUTTON-PRESSED trigger on OK_BUTTON item in QMS$TRANS_ERRORS data block...
   No compilation errors.

Compiling KEY-PREV-ITEM trigger on OK_BUTTON item in QMS$TRANS_ERRORS data block...
   No compilation errors.

Compiling WHEN-LIST-CHANGED trigger on MESSAGES item in QMS$TRANS_ERRORS data block...
   No compilation errors.

Compiling WHEN-NEW-ITEM-INSTANCE trigger on HELP_BUTTON item in QMS$TRANS_ERRORS data block...
   No compilation errors.

Compiling WHEN-BUTTON-PRESSED trigger on HELP_BUTTON item in QMS$TRANS_ERRORS data block...
   No compilation errors.

Compiling KEY-NEXT-ITEM trigger on HELP_BUTTON item in QMS$TRANS_ERRORS data block...
   No compilation errors.

Compiling WHEN-NEW-ITEM-INSTANCE trigger on OK_BUTTON_MODAL item in QMS$TRANS_ERRORS data block...
   No compilation errors.

Compiling WHEN-BUTTON-PRESSED trigger on OK_BUTTON_MODAL item in QMS$TRANS_ERRORS data block...
   No compilation errors.

Compiling KEY-PREV-ITEM trigger on OK_BUTTON_MODAL item in QMS$TRANS_ERRORS data block...
   No compilation errors.

Compiling WHEN-LIST-CHANGED trigger on MESSAGES_MODAL item in QMS$TRANS_ERRORS data block...
   No compilation errors.

Compiling WHEN-NEW-ITEM-INSTANCE trigger on HELP_BUTTON_MODAL item in QMS$TRANS_ERRORS data block...
   No compilation errors.

Compiling WHEN-BUTTON-PRESSED trigger on HELP_BUTTON_MODAL item in QMS$TRANS_ERRORS data block...
   No compilation errors.

Compiling KEY-NEXT-ITEM trigger on HELP_BUTTON_MODAL item in QMS$TRANS_ERRORS data block...
   No compilation errors.

Compiling WHEN-NEW-ITEM-INSTANCE trigger on RETURN_TO_BLOCK item in QMS$TRANS_ERRORS data block...
   No compilation errors.

Compiling WHEN-RADIO-CHANGED trigger on CALENDAR data block...
   No compilation errors.

Compiling KEY-OTHERS trigger on CALENDAR data block...
   No compilation errors.

Compiling KEY-NEXT-ITEM trigger on CALENDAR data block...
   No compilation errors.

Compiling KEY-PREV-ITEM trigger on CALENDAR data block...
   No compilation errors.

Compiling KEY-ENTER trigger on CALENDAR data block...
   No compilation errors.

Compiling WHEN-BUTTON-PRESSED trigger on CALENDAR data block...
   No compilation errors.

Compiling WHEN-LIST-CHANGED trigger on CALENDAR data block...
   No compilation errors.

Compiling WHEN-MOUSE-CLICK trigger on CALENDAR data block...
   No compilation errors.

Compiling KEY-DOWN trigger on CALENDAR data block...
   No compilation errors.

Compiling KEY-UP trigger on CALENDAR data block...
   No compilation errors.

Compiling KEY-NXTREC trigger on CALENDAR data block...
   No compilation errors.

Compiling KEY-PRVREC trigger on CALENDAR data block...
   No compilation errors.

Compiling WHEN-MOUSE-DOUBLECLICK trigger on CALENDAR data block...
   No compilation errors.

Compiling WHEN-NEW-ITEM-INSTANCE trigger on HOUR item in CALENDAR data block...
   No compilation errors.

Compiling WHEN-NEW-ITEM-INSTANCE trigger on MINUTE item in CALENDAR data block...
   No compilation errors.

Compiling WHEN-NEW-ITEM-INSTANCE trigger on OK item in CALENDAR data block...
   No compilation errors.

Compiling WHEN-BUTTON-PRESSED trigger on OK item in CALENDAR data block...
   No compilation errors.

Compiling KEY-PREV-ITEM trigger on OK item in CALENDAR data block...
   No compilation errors.

Compiling WHEN-NEW-ITEM-INSTANCE trigger on CANCEL item in CALENDAR data block...
   No compilation errors.

Compiling WHEN-BUTTON-PRESSED trigger on CANCEL item in CALENDAR data block...
   No compilation errors.

Compiling KEY-NEXT-ITEM trigger on MONTH_AND_YEAR item in CALENDAR data block...
   No compilation errors.

Compiling WHEN-MOUSE-CLICK trigger on PREV_MONTH item in CALENDAR data block...
   No compilation errors.

Compiling WHEN-MOUSE-CLICK trigger on NEXT_MONTH item in CALENDAR data block...
   No compilation errors.

Compiling WHEN-MOUSE-CLICK trigger on NEXT_YEAR item in CALENDAR data block...
   No compilation errors.

Compiling WHEN-MOUSE-CLICK trigger on PREV_YEAR item in CALENDAR data block...
   No compilation errors.

Compiling WHEN-NEW-ITEM-INSTANCE trigger on AM_PM item in CALENDAR data block...
   No compilation errors.

Compiling WHEN-BUTTON-PRESSED trigger on QMS$TOOLBAR data block...
   No compilation errors.

Compiling WHEN-LIST-CHANGED trigger on ORDER_BY item in QMS$TOOLBAR data block...
   No compilation errors.

Compiling ON-LOCK trigger on MDE data block...
   No compilation errors.

Compiling POST-INSERT trigger on MDE data block...
   No compilation errors.

Compiling POST-QUERY trigger on MDE data block...
   No compilation errors.

Compiling PRE-BLOCK trigger on MDE data block...
   No compilation errors.

Compiling PRE-QUERY trigger on MDE data block...
   No compilation errors.

Compiling WHEN-DATABASE-RECORD trigger on MDE data block...
   No compilation errors.

Compiling WHEN-NEW-BLOCK-INSTANCE trigger on MDE data block...
   No compilation errors.

Compiling WHEN-NEW-RECORD-INSTANCE trigger on MDE data block...
   No compilation errors.

Compiling WHEN-REMOVE-RECORD trigger on MDE data block...
   No compilation errors.

Compiling POST-SELECT trigger on MDE data block...
   No compilation errors.

Compiling ON-ERROR trigger on MDE data block...
   No compilation errors.

Compiling WHEN-CREATE-RECORD trigger on MDE data block...
   No compilation errors.

Compiling WHEN-NEW-ITEM-INSTANCE trigger on SHORT_NAME item in MDE data block...
   No compilation errors.

Compiling KEY-PREV-ITEM trigger on SHORT_NAME item in MDE data block...
   No compilation errors.

Compiling WHEN-NEW-ITEM-INSTANCE trigger on TITLE item in MDE data block...
   No compilation errors.

Compiling WHEN-NEW-ITEM-INSTANCE trigger on PURPOSE item in MDE data block...
   No compilation errors.

Compiling WHEN-NEW-ITEM-INSTANCE trigger on REPORT_HELP item in MDE data block...
   No compilation errors.

Compiling WHEN-BUTTON-PRESSED trigger on REPORT_HELP item in MDE data block...
   No compilation errors.

Compiling WHEN-NEW-ITEM-INSTANCE trigger on OPTIONS item in MDE data block...
   No compilation errors.

Compiling WHEN-BUTTON-PRESSED trigger on OPTIONS item in MDE data block...
   No compilation errors.

Compiling WHEN-NEW-ITEM-INSTANCE trigger on RUN_REPORT item in MDE data block...
   No compilation errors.

Compiling WHEN-BUTTON-PRESSED trigger on RUN_REPORT item in MDE data block...
   No compilation errors.

Compiling KEY-NEXT-ITEM trigger on RUN_REPORT item in MDE data block...
   No compilation errors.

Compiling WHEN-NEW-ITEM-INSTANCE trigger on ID item in MDE data block...
   No compilation errors.

Compiling WHEN-NEW-ITEM-INSTANCE trigger on MTYPE item in MDE data block...
   No compilation errors.

Compiling WHEN-NEW-ITEM-INSTANCE trigger on MSHELP_ID item in MDE data block...
   No compilation errors.

Compiling WHEN-NEW-ITEM-INSTANCE trigger on IMPLEMENTATION_NAME item in MDE data block...
   No compilation errors.

Compiling WHEN-NEW-ITEM-INSTANCE trigger on CREATED_BY item in MDE data block...
   No compilation errors.

Compiling WHEN-NEW-ITEM-INSTANCE trigger on CREATION_DATE item in MDE data block...
   No compilation errors.

Compiling WHEN-NEW-ITEM-INSTANCE trigger on LAST_UPDATED_BY item in MDE data block...
   No compilation errors.

Compiling WHEN-NEW-ITEM-INSTANCE trigger on LAST_UPDATE_DATE item in MDE data block...
   No compilation errors.

Compiling KEY-CLRREC trigger on MPM data block...
   No compilation errors.

Compiling KEY-CREREC trigger on MPM data block...
   No compilation errors.

Compiling KEY-DOWN trigger on MPM data block...
   No compilation errors.

Compiling KEY-NXTREC trigger on MPM data block...
   No compilation errors.

Compiling KEY-SCRDOWN trigger on MPM data block...
   No compilation errors.

Compiling KEY-UP trigger on MPM data block...
   No compilation errors.

Compiling KEY-PRVREC trigger on MPM data block...
   No compilation errors.

Compiling KEY-SCRUP trigger on MPM data block...
   No compilation errors.

Compiling ON-ERROR trigger on MPM data block...
   No compilation errors.

Compiling PRE-BLOCK trigger on MPM data block...
   No compilation errors.

Compiling WHEN-NEW-BLOCK-INSTANCE trigger on MPM data block...
   No compilation errors.

Compiling POST-UPDATE trigger on MPM data block...
   No compilation errors.

Compiling POST-QUERY trigger on MPM data block...
   No compilation errors.

Compiling WHEN-NEW-ITEM-INSTANCE trigger on PROMPT item in MPM data block...
   No compilation errors.

Compiling KEY-PREV-ITEM trigger on PROMPT item in MPM data block...
   No compilation errors.

Compiling WHEN-NEW-ITEM-INSTANCE trigger on PARAM_VALUE item in MPM data block...
   No compilation errors.

Compiling KEY-NEXT-ITEM trigger on PARAM_VALUE item in MPM data block...
   No compilation errors.

Compiling WHEN-VALIDATE-ITEM trigger on PARAM_VALUE item in MPM data block...
   No compilation errors.

Compiling KEY-LISTVAL trigger on PARAM_VALUE item in MPM data block...
   No compilation errors.

Compiling WHEN-NEW-ITEM-INSTANCE trigger on ID item in MPM data block...
   No compilation errors.

Compiling WHEN-NEW-ITEM-INSTANCE trigger on MDE_ID item in MPM data block...
   No compilation errors.

Compiling WHEN-NEW-ITEM-INSTANCE trigger on MPM_SUBTYPE item in MPM data block...
   No compilation errors.

Compiling WHEN-NEW-ITEM-INSTANCE trigger on NAME item in MPM data block...
   No compilation errors.

Compiling WHEN-NEW-ITEM-INSTANCE trigger on DATA_TYPE item in MPM data block...
   No compilation errors.

Compiling WHEN-NEW-ITEM-INSTANCE trigger on PLENGTH item in MPM data block...
   No compilation errors.

Compiling WHEN-NEW-ITEM-INSTANCE trigger on IND_MANDATORY item in MPM data block...
   No compilation errors.

Compiling WHEN-NEW-ITEM-INSTANCE trigger on DEFAULT_VALUE item in MPM data block...
   No compilation errors.

Compiling WHEN-NEW-ITEM-INSTANCE trigger on PFORMAT item in MPM data block...
   No compilation errors.

Compiling WHEN-NEW-ITEM-INSTANCE trigger on HINT_TEXT item in MPM data block...
   No compilation errors.

Compiling WHEN-NEW-ITEM-INSTANCE trigger on IND_HIDE item in MPM data block...
   No compilation errors.

Compiling WHEN-NEW-ITEM-INSTANCE trigger on DISPLAY_SEQNO item in MPM data block...
   No compilation errors.

Compiling WHEN-NEW-ITEM-INSTANCE trigger on VALIDATION_CLAUSE item in MPM data block...
   No compilation errors.

Compiling WHEN-NEW-ITEM-INSTANCE trigger on ERROR_CODE item in MPM data block...
   No compilation errors.

Compiling WHEN-NEW-ITEM-INSTANCE trigger on LOV_QUERY item in MPM data block...
   No compilation errors.

Compiling WHEN-NEW-ITEM-INSTANCE trigger on IND_UPPERCASE item in MPM data block...
   No compilation errors.

Compiling WHEN-NEW-ITEM-INSTANCE trigger on LOV_WIDTH item in MPM data block...
   No compilation errors.

Compiling WHEN-NEW-ITEM-INSTANCE trigger on LOV_COL2_WIDTH item in MPM data block...
   No compilation errors.

Compiling WHEN-NEW-ITEM-INSTANCE trigger on LOV_COL1_WIDTH item in MPM data block...
   No compilation errors.

Compiling WHEN-NEW-ITEM-INSTANCE trigger on CREATED_BY item in MPM data block...
   No compilation errors.

Compiling WHEN-NEW-ITEM-INSTANCE trigger on CREATION_DATE item in MPM data block...
   No compilation errors.

Compiling WHEN-NEW-ITEM-INSTANCE trigger on LAST_UPDATED_BY item in MPM data block...
   No compilation errors.

Compiling WHEN-NEW-ITEM-INSTANCE trigger on LAST_UPDATE_DATE item in MPM data block...
   No compilation errors.

Compiling KEY-CLRREC trigger on TEXT data block...
   No compilation errors.

Compiling KEY-CREREC trigger on TEXT data block...
   No compilation errors.

Compiling KEY-DOWN trigger on TEXT data block...
   No compilation errors.

Compiling KEY-NXTREC trigger on TEXT data block...
   No compilation errors.

Compiling KEY-SCRDOWN trigger on TEXT data block...
   No compilation errors.

Compiling KEY-UP trigger on TEXT data block...
   No compilation errors.

Compiling KEY-PRVREC trigger on TEXT data block...
   No compilation errors.

Compiling KEY-SCRUP trigger on TEXT data block...
   No compilation errors.

Compiling ON-ERROR trigger on TEXT data block...
   No compilation errors.

Compiling PRE-BLOCK trigger on TEXT data block...
   No compilation errors.

Compiling WHEN-NEW-BLOCK-INSTANCE trigger on TEXT data block...
   No compilation errors.

Compiling WHEN-NEW-ITEM-INSTANCE trigger on HELPTEXT item in TEXT data block...
   No compilation errors.

Compiling KEY-PREV-ITEM trigger on HELPTEXT item in TEXT data block...
   No compilation errors.

Compiling KEY-NEXT-ITEM trigger on HELPTEXT item in TEXT data block...
   No compilation errors.

Compiling KEY-CLRREC trigger on SRP data block...
   No compilation errors.

Compiling KEY-CREREC trigger on SRP data block...
   No compilation errors.

Compiling KEY-DOWN trigger on SRP data block...
   No compilation errors.

Compiling KEY-NXTREC trigger on SRP data block...
   No compilation errors.

Compiling KEY-SCRDOWN trigger on SRP data block...
   No compilation errors.

Compiling KEY-UP trigger on SRP data block...
   No compilation errors.

Compiling KEY-PRVREC trigger on SRP data block...
   No compilation errors.

Compiling KEY-SCRUP trigger on SRP data block...
   No compilation errors.

Compiling ON-ERROR trigger on SRP data block...
   No compilation errors.

Compiling PRE-BLOCK trigger on SRP data block...
   No compilation errors.

Compiling WHEN-NEW-BLOCK-INSTANCE trigger on SRP data block...
   No compilation errors.

Compiling POST-UPDATE trigger on SRP data block...
   No compilation errors.

Compiling POST-QUERY trigger on SRP data block...
   No compilation errors.

Compiling WHEN-NEW-ITEM-INSTANCE trigger on PROMPT item in SRP data block...
   No compilation errors.

Compiling KEY-PREV-ITEM trigger on PROMPT item in SRP data block...
   No compilation errors.

Compiling WHEN-NEW-ITEM-INSTANCE trigger on PARAM_VALUE item in SRP data block...
   No compilation errors.

Compiling KEY-NEXT-ITEM trigger on PARAM_VALUE item in SRP data block...
   No compilation errors.

Compiling WHEN-VALIDATE-ITEM trigger on PARAM_VALUE item in SRP data block...
   No compilation errors.

Compiling KEY-LISTVAL trigger on PARAM_VALUE item in SRP data block...
   No compilation errors.

Compiling WHEN-NEW-ITEM-INSTANCE trigger on ID item in SRP data block...
   No compilation errors.

Compiling WHEN-NEW-ITEM-INSTANCE trigger on MDE_ID item in SRP data block...
   No compilation errors.

Compiling WHEN-NEW-ITEM-INSTANCE trigger on MPM_SUBTYPE item in SRP data block...
   No compilation errors.

Compiling WHEN-NEW-ITEM-INSTANCE trigger on NAME item in SRP data block...
   No compilation errors.

Compiling WHEN-NEW-ITEM-INSTANCE trigger on DATA_TYPE item in SRP data block...
   No compilation errors.

Compiling WHEN-NEW-ITEM-INSTANCE trigger on PLENGTH item in SRP data block...
   No compilation errors.

Compiling WHEN-NEW-ITEM-INSTANCE trigger on IND_MANDATORY item in SRP data block...
   No compilation errors.

Compiling WHEN-NEW-ITEM-INSTANCE trigger on DEFAULT_VALUE item in SRP data block...
   No compilation errors.

Compiling WHEN-NEW-ITEM-INSTANCE trigger on PFORMAT item in SRP data block...
   No compilation errors.

Compiling WHEN-NEW-ITEM-INSTANCE trigger on HINT_TEXT item in SRP data block...
   No compilation errors.

Compiling WHEN-NEW-ITEM-INSTANCE trigger on IND_HIDE item in SRP data block...
   No compilation errors.

Compiling WHEN-NEW-ITEM-INSTANCE trigger on DISPLAY_SEQNO item in SRP data block...
   No compilation errors.

Compiling WHEN-NEW-ITEM-INSTANCE trigger on VALIDATION_CLAUSE item in SRP data block...
   No compilation errors.

Compiling WHEN-NEW-ITEM-INSTANCE trigger on ERROR_CODE item in SRP data block...
   No compilation errors.

Compiling WHEN-NEW-ITEM-INSTANCE trigger on LOV_QUERY item in SRP data block...
   No compilation errors.

Compiling WHEN-NEW-ITEM-INSTANCE trigger on IND_UPPERCASE item in SRP data block...
   No compilation errors.

Compiling WHEN-NEW-ITEM-INSTANCE trigger on LOV_WIDTH item in SRP data block...
   No compilation errors.

Compiling WHEN-NEW-ITEM-INSTANCE trigger on LOV_COL2_WIDTH item in SRP data block...
   No compilation errors.

Compiling WHEN-NEW-ITEM-INSTANCE trigger on LOV_COL1_WIDTH item in SRP data block...
   No compilation errors.

Compiling WHEN-NEW-ITEM-INSTANCE trigger on CREATED_BY item in SRP data block...
   No compilation errors.

Compiling WHEN-NEW-ITEM-INSTANCE trigger on CREATION_DATE item in SRP data block...
   No compilation errors.

Compiling WHEN-NEW-ITEM-INSTANCE trigger on LAST_UPDATED_BY item in SRP data block...
   No compilation errors.

Compiling WHEN-NEW-ITEM-INSTANCE trigger on LAST_UPDATE_DATE item in SRP data block...
   No compilation errors.

Compiling KEY-CLRREC trigger on CGNV$WINDOW2_1 data block...
   No compilation errors.

Compiling KEY-CREREC trigger on CGNV$WINDOW2_1 data block...
   No compilation errors.

Compiling KEY-DOWN trigger on CGNV$WINDOW2_1 data block...
   No compilation errors.

Compiling KEY-NXTREC trigger on CGNV$WINDOW2_1 data block...
   No compilation errors.

Compiling KEY-SCRDOWN trigger on CGNV$WINDOW2_1 data block...
   No compilation errors.

Compiling KEY-UP trigger on CGNV$WINDOW2_1 data block...
   No compilation errors.

Compiling KEY-PRVREC trigger on CGNV$WINDOW2_1 data block...
   No compilation errors.

Compiling KEY-SCRUP trigger on CGNV$WINDOW2_1 data block...
   No compilation errors.

Compiling ON-ERROR trigger on CGNV$WINDOW2_1 data block...
   No compilation errors.

Compiling PRE-BLOCK trigger on CGNV$WINDOW2_1 data block...
   No compilation errors.

Compiling WHEN-NEW-BLOCK-INSTANCE trigger on CGNV$WINDOW2_1 data block...
   No compilation errors.

Compiling WHEN-NEW-ITEM-INSTANCE trigger on OK item in CGNV$WINDOW2_1 data block...
   No compilation errors.

Compiling WHEN-BUTTON-PRESSED trigger on OK item in CGNV$WINDOW2_1 data block...
   No compilation errors.

Compiling KEY-CLRREC trigger on CG$CTRL data block...
   No compilation errors.

Compiling KEY-CREREC trigger on CG$CTRL data block...
   No compilation errors.

Compiling KEY-DOWN trigger on CG$CTRL data block...
   No compilation errors.

Compiling KEY-NXTREC trigger on CG$CTRL data block...
   No compilation errors.

Compiling KEY-SCRDOWN trigger on CG$CTRL data block...
   No compilation errors.

Compiling KEY-UP trigger on CG$CTRL data block...
   No compilation errors.

Compiling KEY-PRVREC trigger on CG$CTRL data block...
   No compilation errors.

Compiling KEY-SCRUP trigger on CG$CTRL data block...
   No compilation errors.

Compiling ON-ERROR trigger on CG$CTRL data block...
   No compilation errors.

Compiling PRE-BLOCK trigger on CG$CTRL data block...
   No compilation errors.

Compiling WHEN-NEW-BLOCK-INSTANCE trigger on CG$CTRL data block...
   No compilation errors.

Compiling WHEN-NEW-ITEM-INSTANCE trigger on CG$PAGE_1_LIST item in CG$CTRL data block...
   No compilation errors.

Compiling WHEN-NEW-ITEM-INSTANCE trigger on CG$PAGE_2_LIST item in CG$CTRL data block...
   No compilation errors.

Compiling WHEN-NEW-ITEM-INSTANCE trigger on CG$WINDOWQMS$TRANS_ERRORS_PAGE item in CG$CTRL data block...
   No compilation errors.

Compiling WHEN-NEW-ITEM-INSTANCE trigger on CG$WINDOWWINDOW_PAGE item in CG$CTRL data block...
   No compilation errors.

Compiling WHEN-NEW-ITEM-INSTANCE trigger on CG$WINDOWWINDOW2_PAGE item in CG$CTRL data block...
   No compilation errors.

Compiling WHEN-NEW-ITEM-INSTANCE trigger on CG$WINDOWQMS$TRANS_ERRORS_MODA item in CG$CTRL data block...
   No compilation errors.

Compiling WHEN-NEW-ITEM-INSTANCE trigger on CG$WINDOWCALENDAR_PAGE item in CG$CTRL data block...
   No compilation errors.

Compiling WHEN-NEW-ITEM-INSTANCE trigger on CG$WINDOWQMS$HIDDEN_ITEMS_PAGE item in CG$CTRL data block...
   No compilation errors.

Compiling WHEN-NEW-ITEM-INSTANCE trigger on CG$LAST_CANVAS item in CG$CTRL data block...
   No compilation errors.


Created form file M:\sas\bin\cmn\sis0012f.fmx
