Compiling procedure CGDV$POPULATE_DYNAMIC_LISTS... 
   No compilation errors.

Compiling function CGTE$CHECK_CONSTRAINT_VIO... 
   No compilation errors.

Compiling procedure CGTE$GRPACF_ERRORS... 
   No compilation errors.

Compiling procedure CGTE$SBSGRPACF_ERRORS... 
   No compilation errors.

Compiling procedure CGTE$ACTFJO_ERRORS... 
   No compilation errors.

Compiling procedure CGLY$DISPLAY_CANVASES... 
   No compilation errors.

Compiling procedure CGLY$GET_RELATED_CANVASES... 
   No compilation errors.

Compiling procedure CGLY$CANVAS_MANAGEMENT... 
   No compilation errors.

Compiling procedure CGBS$TOGGLE... 
   No compilation errors.

Compiling function SALDO_INICIAL_GRUPO... 
   No compilation errors.

Compiling function TOTAL_DEBE_GRUPO... 
   No compilation errors.

Compiling function TOTAL_HABER_GRUPO... 
   No compilation errors.

Compiling function SALDO_GRUPO... 
   No compilation errors.

Compiling function SALDO_INICIAL_SUBGRUPO... 
   No compilation errors.

Compiling function TOTAL_DEBE_SUBGRUPO... 
   No compilation errors.

Compiling function TOTAL_HABER_SUBGRUPO... 
   No compilation errors.

Compiling function SALDO_SUBGRUPO... 
   No compilation errors.

Compiling function SALDO_INICIAL_ACTIVO... 
   No compilation errors.

Compiling function TOTAL_DEBE_ACTIVO... 
   No compilation errors.

Compiling function TOTAL_HABER_ACTIVO... 
   No compilation errors.

Compiling function SALDO_ACTIVO... 
   No compilation errors.

Compiling POST-FORM trigger on form...
   No compilation errors.

Compiling CALENDAR_WROTE_DATE trigger on form...
   No compilation errors.

Compiling KEY-EXIT trigger on form...
   No compilation errors.

Compiling POST-FORMS-COMMIT trigger on form...
   No compilation errors.

Compiling KEY-CLRFRM trigger on form...
   No compilation errors.

Compiling KEY-HELP trigger on form...
   No compilation errors.

Compiling KEY-MENU trigger on form...
   No compilation errors.

Compiling ON-ERROR trigger on form...
   No compilation errors.

Compiling ON-MESSAGE trigger on form...
   No compilation errors.

Compiling PRE-FORM trigger on form...
   No compilation errors.

Compiling QUERY_FIND trigger on form...
   No compilation errors.

Compiling QMS$MENU_ITEM trigger on form...
   No compilation errors.

Compiling WHEN-NEW-BLOCK-INSTANCE trigger on form...
   No compilation errors.

Compiling WHEN-NEW-FORM-INSTANCE trigger on form...
   No compilation errors.

Compiling WHEN-WINDOW-CLOSED trigger on form...
   No compilation errors.

Compiling WHEN-WINDOW-ACTIVATED trigger on form...
   No compilation errors.

Compiling WHEN-WINDOW-RESIZED trigger on form...
   No compilation errors.

Compiling POST-TEXT-ITEM trigger on form...
   No compilation errors.

Compiling WHEN-FORM-NAVIGATE trigger on form...
   No compilation errors.

Compiling ON-CLEAR-DETAILS trigger on form...
   No compilation errors.

Compiling ON-POPULATE-DETAILS trigger on form...
   No compilation errors.

Compiling KEY-ENTQRY trigger on form...
   No compilation errors.

Compiling KEY-EXEQRY trigger on form...
   No compilation errors.

Compiling KEY-CQUERY trigger on form...
   No compilation errors.

Compiling KEY-CLRBLK trigger on form...
   No compilation errors.

Compiling KEY-CLRREC trigger on form...
   No compilation errors.

Compiling KEY-NXTKEY trigger on form...
   No compilation errors.

Compiling WHEN-RADIO-CHANGED trigger on CALENDAR data block...
   No compilation errors.

Compiling KEY-OTHERS trigger on CALENDAR data block...
   No compilation errors.

Compiling KEY-NEXT-ITEM trigger on CALENDAR data block...
   No compilation errors.

Compiling KEY-PREV-ITEM trigger on CALENDAR data block...
   No compilation errors.

Compiling KEY-ENTER trigger on CALENDAR data block...
   No compilation errors.

Compiling WHEN-BUTTON-PRESSED trigger on CALENDAR data block...
   No compilation errors.

Compiling WHEN-LIST-CHANGED trigger on CALENDAR data block...
   No compilation errors.

Compiling WHEN-MOUSE-CLICK trigger on CALENDAR data block...
   No compilation errors.

Compiling KEY-DOWN trigger on CALENDAR data block...
   No compilation errors.

Compiling KEY-UP trigger on CALENDAR data block...
   No compilation errors.

Compiling KEY-NXTREC trigger on CALENDAR data block...
   No compilation errors.

Compiling KEY-PRVREC trigger on CALENDAR data block...
   No compilation errors.

Compiling WHEN-MOUSE-DOUBLECLICK trigger on CALENDAR data block...
   No compilation errors.

Compiling WHEN-NEW-ITEM-INSTANCE trigger on HOUR item in CALENDAR data block...
   No compilation errors.

Compiling WHEN-NEW-ITEM-INSTANCE trigger on MINUTE item in CALENDAR data block...
   No compilation errors.

Compiling WHEN-NEW-ITEM-INSTANCE trigger on OK item in CALENDAR data block...
   No compilation errors.

Compiling WHEN-BUTTON-PRESSED trigger on OK item in CALENDAR data block...
   No compilation errors.

Compiling KEY-PREV-ITEM trigger on OK item in CALENDAR data block...
   No compilation errors.

Compiling WHEN-NEW-ITEM-INSTANCE trigger on CANCEL item in CALENDAR data block...
   No compilation errors.

Compiling WHEN-BUTTON-PRESSED trigger on CANCEL item in CALENDAR data block...
   No compilation errors.

Compiling KEY-NEXT-ITEM trigger on MONTH_AND_YEAR item in CALENDAR data block...
   No compilation errors.

Compiling WHEN-MOUSE-CLICK trigger on PREV_MONTH item in CALENDAR data block...
   No compilation errors.

Compiling WHEN-MOUSE-CLICK trigger on NEXT_MONTH item in CALENDAR data block...
   No compilation errors.

Compiling WHEN-MOUSE-CLICK trigger on NEXT_YEAR item in CALENDAR data block...
   No compilation errors.

Compiling WHEN-MOUSE-CLICK trigger on PREV_YEAR item in CALENDAR data block...
   No compilation errors.

Compiling WHEN-NEW-ITEM-INSTANCE trigger on AM_PM item in CALENDAR data block...
   No compilation errors.

Compiling WHEN-BUTTON-PRESSED trigger on QMS$TOOLBAR data block...
   No compilation errors.

Compiling WHEN-LIST-CHANGED trigger on ORDER_BY item in QMS$TOOLBAR data block...
   No compilation errors.

Compiling KEY-CLRREC trigger on PRMSLD data block...
   No compilation errors.

Compiling KEY-CREREC trigger on PRMSLD data block...
   No compilation errors.

Compiling KEY-DOWN trigger on PRMSLD data block...
   No compilation errors.

Compiling KEY-NXTREC trigger on PRMSLD data block...
   No compilation errors.

Compiling KEY-SCRDOWN trigger on PRMSLD data block...
   No compilation errors.

Compiling KEY-UP trigger on PRMSLD data block...
   No compilation errors.

Compiling KEY-PRVREC trigger on PRMSLD data block...
   No compilation errors.

Compiling KEY-SCRUP trigger on PRMSLD data block...
   No compilation errors.

Compiling ON-ERROR trigger on PRMSLD data block...
   No compilation errors.

Compiling PRE-BLOCK trigger on PRMSLD data block...
   No compilation errors.

Compiling WHEN-NEW-BLOCK-INSTANCE trigger on PRMSLD data block...
   No compilation errors.

Compiling WHEN-NEW-ITEM-INSTANCE trigger on FECHA_DESDE item in PRMSLD data block...
   No compilation errors.

Compiling KEY-LISTVAL trigger on FECHA_DESDE item in PRMSLD data block...
   No compilation errors.

Compiling KEY-PREV-ITEM trigger on FECHA_DESDE item in PRMSLD data block...
   No compilation errors.

Compiling WHEN-NEW-ITEM-INSTANCE trigger on FECHA_HASTA item in PRMSLD data block...
   No compilation errors.

Compiling KEY-LISTVAL trigger on FECHA_HASTA item in PRMSLD data block...
   No compilation errors.

Compiling WHEN-NEW-ITEM-INSTANCE trigger on DEPRECIACION item in PRMSLD data block...
   No compilation errors.

Compiling WHEN-CHECKBOX-CHANGED trigger on DEPRECIACION item in PRMSLD data block...
   No compilation errors.

Compiling WHEN-NEW-ITEM-INSTANCE trigger on TIPO_ACTIVO item in PRMSLD data block...
   No compilation errors.

Compiling WHEN-CHECKBOX-CHANGED trigger on TIPO_ACTIVO item in PRMSLD data block...
   No compilation errors.

Compiling WHEN-NEW-ITEM-INSTANCE trigger on TIPO_SUMINISTRO item in PRMSLD data block...
   No compilation errors.

Compiling KEY-NEXT-ITEM trigger on TIPO_SUMINISTRO item in PRMSLD data block...
   No compilation errors.

Compiling WHEN-CHECKBOX-CHANGED trigger on TIPO_SUMINISTRO item in PRMSLD data block...
   No compilation errors.

Compiling ON-LOCK trigger on GRPACF data block...
   No compilation errors.

Compiling POST-INSERT trigger on GRPACF data block...
   No compilation errors.

Compiling POST-QUERY trigger on GRPACF data block...
   No compilation errors.

Compiling PRE-BLOCK trigger on GRPACF data block...
   No compilation errors.

Compiling PRE-QUERY trigger on GRPACF data block...
   No compilation errors.

Compiling WHEN-DATABASE-RECORD trigger on GRPACF data block...
   No compilation errors.

Compiling WHEN-NEW-BLOCK-INSTANCE trigger on GRPACF data block...
   No compilation errors.

Compiling WHEN-NEW-RECORD-INSTANCE trigger on GRPACF data block...
   No compilation errors.

Compiling WHEN-REMOVE-RECORD trigger on GRPACF data block...
   No compilation errors.

Compiling POST-SELECT trigger on GRPACF data block...
   No compilation errors.

Compiling ON-ERROR trigger on GRPACF data block...
   No compilation errors.

Compiling WHEN-NEW-ITEM-INSTANCE trigger on REC_ACTUAL item in GRPACF data block...
   No compilation errors.

Compiling KEY-PREV-ITEM trigger on REC_ACTUAL item in GRPACF data block...
   No compilation errors.

Compiling WHEN-NEW-ITEM-INSTANCE trigger on EMP_CODIGO item in GRPACF data block...
   No compilation errors.

Compiling WHEN-NEW-ITEM-INSTANCE trigger on CODIGO item in GRPACF data block...
   No compilation errors.

Compiling WHEN-NEW-ITEM-INSTANCE trigger on DESCRIPCION item in GRPACF data block...
   No compilation errors.

Compiling WHEN-NEW-ITEM-INSTANCE trigger on SALDO_INICIAL item in GRPACF data block...
   No compilation errors.

Compiling FORMULA-CALCULATION trigger on SALDO_INICIAL item in GRPACF data block...
   No compilation errors.

Compiling WHEN-NEW-ITEM-INSTANCE trigger on DEBE item in GRPACF data block...
   No compilation errors.

Compiling FORMULA-CALCULATION trigger on DEBE item in GRPACF data block...
   No compilation errors.

Compiling WHEN-NEW-ITEM-INSTANCE trigger on HABER item in GRPACF data block...
   No compilation errors.

Compiling FORMULA-CALCULATION trigger on HABER item in GRPACF data block...
   No compilation errors.

Compiling WHEN-NEW-ITEM-INSTANCE trigger on SALDO item in GRPACF data block...
   No compilation errors.

Compiling KEY-NEXT-ITEM trigger on SALDO item in GRPACF data block...
   No compilation errors.

Compiling FORMULA-CALCULATION trigger on SALDO item in GRPACF data block...
   No compilation errors.

Compiling WHEN-NEW-ITEM-INSTANCE trigger on ESTADO_DE_DISPONIBILIDAD item in GRPACF data block...
   No compilation errors.

Compiling ON-LOCK trigger on SBSGRPACF data block...
   No compilation errors.

Compiling POST-INSERT trigger on SBSGRPACF data block...
   No compilation errors.

Compiling POST-QUERY trigger on SBSGRPACF data block...
   No compilation errors.

Compiling PRE-BLOCK trigger on SBSGRPACF data block...
   No compilation errors.

Compiling PRE-QUERY trigger on SBSGRPACF data block...
   No compilation errors.

Compiling WHEN-DATABASE-RECORD trigger on SBSGRPACF data block...
   No compilation errors.

Compiling WHEN-NEW-BLOCK-INSTANCE trigger on SBSGRPACF data block...
   No compilation errors.

Compiling WHEN-NEW-RECORD-INSTANCE trigger on SBSGRPACF data block...
   No compilation errors.

Compiling WHEN-REMOVE-RECORD trigger on SBSGRPACF data block...
   No compilation errors.

Compiling POST-SELECT trigger on SBSGRPACF data block...
   No compilation errors.

Compiling ON-ERROR trigger on SBSGRPACF data block...
   No compilation errors.

Compiling WHEN-NEW-ITEM-INSTANCE trigger on REGISTRO_ACTUAL item in SBSGRPACF data block...
   No compilation errors.

Compiling KEY-PREV-ITEM trigger on REGISTRO_ACTUAL item in SBSGRPACF data block...
   No compilation errors.

Compiling WHEN-NEW-ITEM-INSTANCE trigger on GRPACTFJO_EMP_CODIGO item in SBSGRPACF data block...
   No compilation errors.

Compiling WHEN-NEW-ITEM-INSTANCE trigger on GRPACTFJO_CODIGO item in SBSGRPACF data block...
   No compilation errors.

Compiling WHEN-NEW-ITEM-INSTANCE trigger on CODIGO item in SBSGRPACF data block...
   No compilation errors.

Compiling WHEN-NEW-ITEM-INSTANCE trigger on DESCRIPCION item in SBSGRPACF data block...
   No compilation errors.

Compiling WHEN-NEW-ITEM-INSTANCE trigger on SALDO_INICIAL item in SBSGRPACF data block...
   No compilation errors.

Compiling FORMULA-CALCULATION trigger on SALDO_INICIAL item in SBSGRPACF data block...
   No compilation errors.

Compiling WHEN-NEW-ITEM-INSTANCE trigger on DEBE item in SBSGRPACF data block...
   No compilation errors.

Compiling FORMULA-CALCULATION trigger on DEBE item in SBSGRPACF data block...
   No compilation errors.

Compiling WHEN-NEW-ITEM-INSTANCE trigger on HABER item in SBSGRPACF data block...
   No compilation errors.

Compiling FORMULA-CALCULATION trigger on HABER item in SBSGRPACF data block...
   No compilation errors.

Compiling WHEN-NEW-ITEM-INSTANCE trigger on SALDO item in SBSGRPACF data block...
   No compilation errors.

Compiling KEY-NEXT-ITEM trigger on SALDO item in SBSGRPACF data block...
   No compilation errors.

Compiling FORMULA-CALCULATION trigger on SALDO item in SBSGRPACF data block...
   No compilation errors.

Compiling WHEN-NEW-ITEM-INSTANCE trigger on ESTADO_DE_DISPONIBILIDAD item in SBSGRPACF data block...
   No compilation errors.

Compiling ON-LOCK trigger on ACTFJO data block...
   No compilation errors.

Compiling POST-INSERT trigger on ACTFJO data block...
   No compilation errors.

Compiling POST-QUERY trigger on ACTFJO data block...
   No compilation errors.

Compiling PRE-BLOCK trigger on ACTFJO data block...
   No compilation errors.

Compiling PRE-QUERY trigger on ACTFJO data block...
   No compilation errors.

Compiling WHEN-DATABASE-RECORD trigger on ACTFJO data block...
   No compilation errors.

Compiling WHEN-NEW-BLOCK-INSTANCE trigger on ACTFJO data block...
   No compilation errors.

Compiling WHEN-NEW-RECORD-INSTANCE trigger on ACTFJO data block...
   No compilation errors.

Compiling WHEN-REMOVE-RECORD trigger on ACTFJO data block...
   No compilation errors.

Compiling POST-SELECT trigger on ACTFJO data block...
   No compilation errors.

Compiling ON-ERROR trigger on ACTFJO data block...
   No compilation errors.

Compiling WHEN-NEW-ITEM-INSTANCE trigger on REC_ACTUAL item in ACTFJO data block...
   No compilation errors.

Compiling KEY-PREV-ITEM trigger on REC_ACTUAL item in ACTFJO data block...
   No compilation errors.

Compiling WHEN-NEW-ITEM-INSTANCE trigger on SBG_GRPACTFJO_EMP_CODIGO item in ACTFJO data block...
   No compilation errors.

Compiling WHEN-NEW-ITEM-INSTANCE trigger on SBGACTFJO_GRPACTFJO_CODIGO item in ACTFJO data block...
   No compilation errors.

Compiling WHEN-NEW-ITEM-INSTANCE trigger on SBGACTFJO_CODIGO item in ACTFJO data block...
   No compilation errors.

Compiling WHEN-NEW-ITEM-INSTANCE trigger on CODIGO item in ACTFJO data block...
   No compilation errors.

Compiling WHEN-NEW-ITEM-INSTANCE trigger on DESCRIPCION item in ACTFJO data block...
   No compilation errors.

Compiling WHEN-NEW-ITEM-INSTANCE trigger on SALDO_INICIAL item in ACTFJO data block...
   No compilation errors.

Compiling FORMULA-CALCULATION trigger on SALDO_INICIAL item in ACTFJO data block...
   No compilation errors.

Compiling WHEN-NEW-ITEM-INSTANCE trigger on DEBE item in ACTFJO data block...
   No compilation errors.

Compiling FORMULA-CALCULATION trigger on DEBE item in ACTFJO data block...
   No compilation errors.

Compiling WHEN-NEW-ITEM-INSTANCE trigger on HABER item in ACTFJO data block...
   No compilation errors.

Compiling FORMULA-CALCULATION trigger on HABER item in ACTFJO data block...
   No compilation errors.

Compiling WHEN-NEW-ITEM-INSTANCE trigger on SALDO item in ACTFJO data block...
   No compilation errors.

Compiling KEY-NEXT-ITEM trigger on SALDO item in ACTFJO data block...
   No compilation errors.

Compiling FORMULA-CALCULATION trigger on SALDO item in ACTFJO data block...
   No compilation errors.

Compiling WHEN-NEW-ITEM-INSTANCE trigger on ESTADO_DE_DISPONIBILIDAD item in ACTFJO data block...
   No compilation errors.

Compiling KEY-CLRREC trigger on CG$CTRL data block...
   No compilation errors.

Compiling KEY-CREREC trigger on CG$CTRL data block...
   No compilation errors.

Compiling KEY-DOWN trigger on CG$CTRL data block...
   No compilation errors.

Compiling KEY-NXTREC trigger on CG$CTRL data block...
   No compilation errors.

Compiling KEY-SCRDOWN trigger on CG$CTRL data block...
   No compilation errors.

Compiling KEY-UP trigger on CG$CTRL data block...
   No compilation errors.

Compiling KEY-PRVREC trigger on CG$CTRL data block...
   No compilation errors.

Compiling KEY-SCRUP trigger on CG$CTRL data block...
   No compilation errors.

Compiling ON-ERROR trigger on CG$CTRL data block...
   No compilation errors.

Compiling PRE-BLOCK trigger on CG$CTRL data block...
   No compilation errors.

Compiling WHEN-NEW-BLOCK-INSTANCE trigger on CG$CTRL data block...
   No compilation errors.

Compiling WHEN-NEW-ITEM-INSTANCE trigger on CG$PAGE_1_LIST item in CG$CTRL data block...
   No compilation errors.

Compiling WHEN-NEW-ITEM-INSTANCE trigger on CG$WINDOWCALENDAR_PAGE item in CG$CTRL data block...
   No compilation errors.

Compiling WHEN-NEW-ITEM-INSTANCE trigger on CG$WINDOWSALDOS_ACTIVOS_FIJOS_ item in CG$CTRL data block...
   No compilation errors.

Compiling WHEN-NEW-ITEM-INSTANCE trigger on CG$WINDOWQMS$HIDDEN_ITEMS_PAGE item in CG$CTRL data block...
   No compilation errors.

Compiling WHEN-NEW-ITEM-INSTANCE trigger on CG$LAST_CANVAS item in CG$CTRL data block...
   No compilation errors.


Created form file m:\SAS\BIN\ACF\frm\acfrvssld.fmx
