Compiling package specification CG$ACTFJODPRACT_GLOBALS... 
   No compilation errors.

Compiling procedure CGDV$POPULATE_DYNAMIC_LISTS... 
   No compilation errors.

Compiling procedure CGFK$LKP_DPRACF_DPRACF_PRS_FK... 
   No compilation errors.

Compiling procedure CGSF$CLR_DPRACF_DPRACF_PRS_FK... 
   No compilation errors.

Compiling procedure CGFK$QRY_DPRACF_DPRACF_PRS_FK... 
   No compilation errors.

Compiling procedure CGUV$CHK_DPRACF_PK... 
   No compilation errors.

Compiling procedure CGSF$CLR_SUBACTFJO_SBGACTFJO_G... 
   No compilation errors.

Compiling procedure CGFK$QRY_SUBACTFJO_SBGACTFJO_G... 
   No compilation errors.

Compiling procedure CGSF$CLR_DTLDPRACF_DTLDPR_ACTF... 
   No compilation errors.

Compiling procedure CGFK$QRY_DTLDPRACF_DTLDPR_ACTF... 
   No compilation errors.

Compiling procedure CGRI$WRN_DEPRECIACIONES... 
   No compilation errors.

Compiling function CGTE$CHECK_CONSTRAINT_VIO... 
   No compilation errors.

Compiling procedure CGTE$DPRACF_ERRORS... 
   No compilation errors.

Compiling procedure CGTE$SUBACTFJO_ERRORS... 
   No compilation errors.

Compiling procedure CGTE$DTLDPRACF_ERRORS... 
   No compilation errors.

Compiling procedure CGNV$AI_BTN_VER_COMPROBANTE... 
   No compilation errors.

Compiling procedure CGBS$TOGGLE... 
   No compilation errors.

Compiling procedure ANULA_DEPRECIACION_ACTIVO... 
   No compilation errors.

Compiling procedure FIJAR_REPORTE... 
   No compilation errors.

Compiling procedure GENERA_DEPRECIACION... 
   No compilation errors.

Compiling function OBTIENE_VALOR_ACTUAL... 
   No compilation errors.

Compiling POST-FORM trigger on form...
   No compilation errors.

Compiling CALENDAR_WROTE_DATE trigger on form...
   No compilation errors.

Compiling KEY-EXIT trigger on form...
   No compilation errors.

Compiling POST-FORMS-COMMIT trigger on form...
   No compilation errors.

Compiling KEY-CLRFRM trigger on form...
   No compilation errors.

Compiling KEY-HELP trigger on form...
   No compilation errors.

Compiling KEY-MENU trigger on form...
   No compilation errors.

Compiling ON-ERROR trigger on form...
   No compilation errors.

Compiling ON-MESSAGE trigger on form...
   No compilation errors.

Compiling PRE-FORM trigger on form...
   No compilation errors.

Compiling QUERY_FIND trigger on form...
   No compilation errors.

Compiling QMS$MENU_ITEM trigger on form...
   No compilation errors.

Compiling WHEN-NEW-BLOCK-INSTANCE trigger on form...
   No compilation errors.

Compiling WHEN-NEW-FORM-INSTANCE trigger on form...
   No compilation errors.

Compiling WHEN-WINDOW-CLOSED trigger on form...
   No compilation errors.

Compiling WHEN-WINDOW-ACTIVATED trigger on form...
   No compilation errors.

Compiling WHEN-WINDOW-RESIZED trigger on form...
   No compilation errors.

Compiling POST-TEXT-ITEM trigger on form...
   No compilation errors.

Compiling WHEN-FORM-NAVIGATE trigger on form...
   No compilation errors.

Compiling ON-CLEAR-DETAILS trigger on form...
   No compilation errors.

Compiling ON-POPULATE-DETAILS trigger on form...
   No compilation errors.

Compiling KEY-ENTQRY trigger on form...
   No compilation errors.

Compiling KEY-EXEQRY trigger on form...
   No compilation errors.

Compiling KEY-CQUERY trigger on form...
   No compilation errors.

Compiling KEY-CLRBLK trigger on form...
   No compilation errors.

Compiling KEY-CLRREC trigger on form...
   No compilation errors.

Compiling KEY-NXTKEY trigger on form...
   No compilation errors.

Compiling WHEN-RADIO-CHANGED trigger on CALENDAR data block...
   No compilation errors.

Compiling KEY-OTHERS trigger on CALENDAR data block...
   No compilation errors.

Compiling KEY-NEXT-ITEM trigger on CALENDAR data block...
   No compilation errors.

Compiling KEY-PREV-ITEM trigger on CALENDAR data block...
   No compilation errors.

Compiling KEY-ENTER trigger on CALENDAR data block...
   No compilation errors.

Compiling WHEN-BUTTON-PRESSED trigger on CALENDAR data block...
   No compilation errors.

Compiling WHEN-LIST-CHANGED trigger on CALENDAR data block...
   No compilation errors.

Compiling WHEN-MOUSE-CLICK trigger on CALENDAR data block...
   No compilation errors.

Compiling KEY-DOWN trigger on CALENDAR data block...
   No compilation errors.

Compiling KEY-UP trigger on CALENDAR data block...
   No compilation errors.

Compiling KEY-NXTREC trigger on CALENDAR data block...
   No compilation errors.

Compiling KEY-PRVREC trigger on CALENDAR data block...
   No compilation errors.

Compiling WHEN-MOUSE-DOUBLECLICK trigger on CALENDAR data block...
   No compilation errors.

Compiling WHEN-NEW-ITEM-INSTANCE trigger on HOUR item in CALENDAR data block...
   No compilation errors.

Compiling WHEN-NEW-ITEM-INSTANCE trigger on MINUTE item in CALENDAR data block...
   No compilation errors.

Compiling WHEN-NEW-ITEM-INSTANCE trigger on OK item in CALENDAR data block...
   No compilation errors.

Compiling WHEN-BUTTON-PRESSED trigger on OK item in CALENDAR data block...
   No compilation errors.

Compiling KEY-PREV-ITEM trigger on OK item in CALENDAR data block...
   No compilation errors.

Compiling WHEN-NEW-ITEM-INSTANCE trigger on CANCEL item in CALENDAR data block...
   No compilation errors.

Compiling WHEN-BUTTON-PRESSED trigger on CANCEL item in CALENDAR data block...
   No compilation errors.

Compiling KEY-NEXT-ITEM trigger on MONTH_AND_YEAR item in CALENDAR data block...
   No compilation errors.

Compiling WHEN-MOUSE-CLICK trigger on PREV_MONTH item in CALENDAR data block...
   No compilation errors.

Compiling WHEN-MOUSE-CLICK trigger on NEXT_MONTH item in CALENDAR data block...
   No compilation errors.

Compiling WHEN-MOUSE-CLICK trigger on NEXT_YEAR item in CALENDAR data block...
   No compilation errors.

Compiling WHEN-MOUSE-CLICK trigger on PREV_YEAR item in CALENDAR data block...
   No compilation errors.

Compiling WHEN-NEW-ITEM-INSTANCE trigger on AM_PM item in CALENDAR data block...
   No compilation errors.

Compiling WHEN-BUTTON-PRESSED trigger on QMS$TOOLBAR data block...
   No compilation errors.

Compiling WHEN-LIST-CHANGED trigger on ORDER_BY item in QMS$TOOLBAR data block...
   No compilation errors.

Compiling ON-LOCK trigger on DPRACF data block...
   No compilation errors.

Compiling POST-INSERT trigger on DPRACF data block...
   No compilation errors.

Compiling POST-QUERY trigger on DPRACF data block...
   No compilation errors.

Compiling PRE-BLOCK trigger on DPRACF data block...
   No compilation errors.

Compiling PRE-QUERY trigger on DPRACF data block...
   No compilation errors.

Compiling WHEN-DATABASE-RECORD trigger on DPRACF data block...
   No compilation errors.

Compiling WHEN-NEW-BLOCK-INSTANCE trigger on DPRACF data block...
   No compilation errors.

Compiling WHEN-NEW-RECORD-INSTANCE trigger on DPRACF data block...
   No compilation errors.

Compiling WHEN-REMOVE-RECORD trigger on DPRACF data block...
   No compilation errors.

Compiling POST-SELECT trigger on DPRACF data block...
   No compilation errors.

Compiling PRE-UPDATE trigger on DPRACF data block...
   No compilation errors.

Compiling PRE-INSERT trigger on DPRACF data block...
   No compilation errors.

Compiling KEY-DELREC trigger on DPRACF data block...
   No compilation errors.

Compiling ON-ERROR trigger on DPRACF data block...
   No compilation errors.

Compiling PRE-RECORD trigger on DPRACF data block...
   No compilation errors.

Compiling PRE-DELETE trigger on DPRACF data block...
   No compilation errors.

Compiling POST-UPDATE trigger on DPRACF data block...
   No compilation errors.

Compiling KEY-COMMIT trigger on DPRACF data block...
   No compilation errors.

Compiling WHEN-NEW-ITEM-INSTANCE trigger on DPRACF_IND item in DPRACF data block...
   No compilation errors.

Compiling WHEN-NEW-ITEM-INSTANCE trigger on REC_ACTUAL item in DPRACF data block...
   No compilation errors.

Compiling WHEN-NEW-ITEM-INSTANCE trigger on ANIO item in DPRACF data block...
   No compilation errors.

Compiling WHEN-VALIDATE-ITEM trigger on ANIO item in DPRACF data block...
   No compilation errors.

Compiling KEY-PREV-ITEM trigger on ANIO item in DPRACF data block...
   No compilation errors.

Compiling WHEN-NEW-ITEM-INSTANCE trigger on EMP_CODIGO item in DPRACF data block...
   No compilation errors.

Compiling WHEN-NEW-ITEM-INSTANCE trigger on MES item in DPRACF data block...
   No compilation errors.

Compiling WHEN-VALIDATE-ITEM trigger on MES item in DPRACF data block...
   No compilation errors.

Compiling WHEN-NEW-ITEM-INSTANCE trigger on FECHA item in DPRACF data block...
   No compilation errors.

Compiling KEY-LISTVAL trigger on FECHA item in DPRACF data block...
   No compilation errors.

Compiling WHEN-NEW-ITEM-INSTANCE trigger on PRS_CODIGO item in DPRACF data block...
   No compilation errors.

Compiling WHEN-NEW-ITEM-INSTANCE trigger on PRS_APELLIDOS item in DPRACF data block...
   No compilation errors.

Compiling WHEN-NEW-ITEM-INSTANCE trigger on PRS_NOMBRES item in DPRACF data block...
   No compilation errors.

Compiling WHEN-VALIDATE-ITEM trigger on PRS_NOMBRES item in DPRACF data block...
   No compilation errors.

Compiling WHEN-NEW-ITEM-INSTANCE trigger on ESTADO item in DPRACF data block...
   No compilation errors.

Compiling WHEN-NEW-ITEM-INSTANCE trigger on OSERVACIONES item in DPRACF data block...
   No compilation errors.

Compiling WHEN-NEW-ITEM-INSTANCE trigger on BTN_DEPRECIAR item in DPRACF data block...
   No compilation errors.

Compiling WHEN-BUTTON-PRESSED trigger on BTN_DEPRECIAR item in DPRACF data block...
   No compilation errors.

Compiling WHEN-NEW-ITEM-INSTANCE trigger on CMP_TIPO item in DPRACF data block...
   No compilation errors.

Compiling WHEN-NEW-ITEM-INSTANCE trigger on CMP_FECHA item in DPRACF data block...
   No compilation errors.

Compiling KEY-LISTVAL trigger on CMP_FECHA item in DPRACF data block...
   No compilation errors.

Compiling WHEN-NEW-ITEM-INSTANCE trigger on CMP_CLAVE item in DPRACF data block...
   No compilation errors.

Compiling WHEN-NEW-ITEM-INSTANCE trigger on BTN_CONTABILIZAR item in DPRACF data block...
   No compilation errors.

Compiling WHEN-BUTTON-PRESSED trigger on BTN_CONTABILIZAR item in DPRACF data block...
   No compilation errors.

Compiling WHEN-NEW-ITEM-INSTANCE trigger on BTN_COMPROBANTE item in DPRACF data block...
   No compilation errors.

Compiling WHEN-BUTTON-PRESSED trigger on BTN_COMPROBANTE item in DPRACF data block...
   No compilation errors.

Compiling KEY-NEXT-ITEM trigger on BTN_COMPROBANTE item in DPRACF data block...
   No compilation errors.

Compiling WHEN-NEW-ITEM-INSTANCE trigger on CGRI$USER_WARNED_ON_DELETE item in DPRACF data block...
   No compilation errors.

Compiling ON-LOCK trigger on SUBACTFJO data block...
   No compilation errors.

Compiling POST-INSERT trigger on SUBACTFJO data block...
   No compilation errors.

Compiling POST-QUERY trigger on SUBACTFJO data block...
   No compilation errors.

Compiling PRE-BLOCK trigger on SUBACTFJO data block...
   No compilation errors.

Compiling PRE-QUERY trigger on SUBACTFJO data block...
   No compilation errors.

Compiling WHEN-DATABASE-RECORD trigger on SUBACTFJO data block...
   No compilation errors.

Compiling WHEN-NEW-BLOCK-INSTANCE trigger on SUBACTFJO data block...
   No compilation errors.

Compiling WHEN-NEW-RECORD-INSTANCE trigger on SUBACTFJO data block...
   No compilation errors.

Compiling WHEN-REMOVE-RECORD trigger on SUBACTFJO data block...
   No compilation errors.

Compiling POST-SELECT trigger on SUBACTFJO data block...
   No compilation errors.

Compiling ON-ERROR trigger on SUBACTFJO data block...
   No compilation errors.

Compiling WHEN-NEW-ITEM-INSTANCE trigger on REC_ACTUAL item in SUBACTFJO data block...
   No compilation errors.

Compiling KEY-PREV-ITEM trigger on REC_ACTUAL item in SUBACTFJO data block...
   No compilation errors.

Compiling WHEN-NEW-ITEM-INSTANCE trigger on GRPACTFJO_EMP_CODIGO item in SUBACTFJO data block...
   No compilation errors.

Compiling WHEN-NEW-ITEM-INSTANCE trigger on GRPACTFJO_CODIGO item in SUBACTFJO data block...
   No compilation errors.

Compiling WHEN-NEW-ITEM-INSTANCE trigger on DESCRIPCION2 item in SUBACTFJO data block...
   No compilation errors.

Compiling WHEN-NEW-ITEM-INSTANCE trigger on CODIGO item in SUBACTFJO data block...
   No compilation errors.

Compiling WHEN-NEW-ITEM-INSTANCE trigger on DESCRIPCION item in SUBACTFJO data block...
   No compilation errors.

Compiling KEY-NEXT-ITEM trigger on DESCRIPCION item in SUBACTFJO data block...
   No compilation errors.

Compiling ON-LOCK trigger on DTLDPRACF data block...
   No compilation errors.

Compiling POST-INSERT trigger on DTLDPRACF data block...
   No compilation errors.

Compiling POST-QUERY trigger on DTLDPRACF data block...
   No compilation errors.

Compiling PRE-BLOCK trigger on DTLDPRACF data block...
   No compilation errors.

Compiling PRE-QUERY trigger on DTLDPRACF data block...
   No compilation errors.

Compiling WHEN-DATABASE-RECORD trigger on DTLDPRACF data block...
   No compilation errors.

Compiling WHEN-NEW-BLOCK-INSTANCE trigger on DTLDPRACF data block...
   No compilation errors.

Compiling WHEN-NEW-RECORD-INSTANCE trigger on DTLDPRACF data block...
   No compilation errors.

Compiling WHEN-REMOVE-RECORD trigger on DTLDPRACF data block...
   No compilation errors.

Compiling POST-SELECT trigger on DTLDPRACF data block...
   No compilation errors.

Compiling ON-ERROR trigger on DTLDPRACF data block...
   No compilation errors.

Compiling WHEN-NEW-ITEM-INSTANCE trigger on REC_ACTUAL item in DTLDPRACF data block...
   No compilation errors.

Compiling KEY-PREV-ITEM trigger on REC_ACTUAL item in DTLDPRACF data block...
   No compilation errors.

Compiling WHEN-NEW-ITEM-INSTANCE trigger on DPRACF_EMP_CODIGO item in DTLDPRACF data block...
   No compilation errors.

Compiling WHEN-NEW-ITEM-INSTANCE trigger on GRPACTFJO_EMP_CODIGO item in DTLDPRACF data block...
   No compilation errors.

Compiling WHEN-NEW-ITEM-INSTANCE trigger on GRPACTFJO_CODIGO item in DTLDPRACF data block...
   No compilation errors.

Compiling WHEN-NEW-ITEM-INSTANCE trigger on SBGACTFJO_CODIGO item in DTLDPRACF data block...
   No compilation errors.

Compiling WHEN-NEW-ITEM-INSTANCE trigger on ACTFJOGNR_CODIGO item in DTLDPRACF data block...
   No compilation errors.

Compiling WHEN-NEW-ITEM-INSTANCE trigger on ACTFJOESP_CODIGO item in DTLDPRACF data block...
   No compilation errors.

Compiling WHEN-NEW-ITEM-INSTANCE trigger on L_DESCRIPCION item in DTLDPRACF data block...
   No compilation errors.

Compiling WHEN-NEW-ITEM-INSTANCE trigger on L_FECHA_INGRESO item in DTLDPRACF data block...
   No compilation errors.

Compiling KEY-LISTVAL trigger on L_FECHA_INGRESO item in DTLDPRACF data block...
   No compilation errors.

Compiling WHEN-NEW-ITEM-INSTANCE trigger on VALOR_INICIAL item in DTLDPRACF data block...
   No compilation errors.

Compiling WHEN-NEW-ITEM-INSTANCE trigger on PORCENTAJE_DEPRECIACION item in DTLDPRACF data block...
   No compilation errors.

Compiling WHEN-NEW-ITEM-INSTANCE trigger on VALOR_ACUMULADO item in DTLDPRACF data block...
   No compilation errors.

Compiling WHEN-NEW-ITEM-INSTANCE trigger on VALOR item in DTLDPRACF data block...
   No compilation errors.

Compiling WHEN-NEW-ITEM-INSTANCE trigger on VALOR_ACTUAL item in DTLDPRACF data block...
   No compilation errors.

Compiling FORMULA-CALCULATION trigger on VALOR_ACTUAL item in DTLDPRACF data block...
   No compilation errors.

Compiling WHEN-NEW-ITEM-INSTANCE trigger on TOTAL_DEPRECIADO item in DTLDPRACF data block...
   No compilation errors.

Compiling KEY-NEXT-ITEM trigger on TOTAL_DEPRECIADO item in DTLDPRACF data block...
   No compilation errors.

Compiling WHEN-NEW-ITEM-INSTANCE trigger on ESTADO item in DTLDPRACF data block...
   No compilation errors.

Compiling WHEN-NEW-ITEM-INSTANCE trigger on DPRACF_ANIO item in DTLDPRACF data block...
   No compilation errors.

Compiling WHEN-NEW-ITEM-INSTANCE trigger on DPRACF_MES item in DTLDPRACF data block...
   No compilation errors.

Compiling WHEN-NEW-ITEM-INSTANCE trigger on NUMERO item in DTLDPRACF data block...
   No compilation errors.

Compiling KEY-CLRREC trigger on CGNV$WINDOW_1 data block...
   No compilation errors.

Compiling KEY-CREREC trigger on CGNV$WINDOW_1 data block...
   No compilation errors.

Compiling KEY-DOWN trigger on CGNV$WINDOW_1 data block...
   No compilation errors.

Compiling KEY-NXTREC trigger on CGNV$WINDOW_1 data block...
   No compilation errors.

Compiling KEY-SCRDOWN trigger on CGNV$WINDOW_1 data block...
   No compilation errors.

Compiling KEY-UP trigger on CGNV$WINDOW_1 data block...
   No compilation errors.

Compiling KEY-PRVREC trigger on CGNV$WINDOW_1 data block...
   No compilation errors.

Compiling KEY-SCRUP trigger on CGNV$WINDOW_1 data block...
   No compilation errors.

Compiling ON-ERROR trigger on CGNV$WINDOW_1 data block...
   No compilation errors.

Compiling PRE-BLOCK trigger on CGNV$WINDOW_1 data block...
   No compilation errors.

Compiling WHEN-NEW-BLOCK-INSTANCE trigger on CGNV$WINDOW_1 data block...
   No compilation errors.

Compiling WHEN-NEW-ITEM-INSTANCE trigger on BTN_VER_COMPROBANTE item in CGNV$WINDOW_1 data block...
   No compilation errors.

Compiling WHEN-BUTTON-PRESSED trigger on BTN_VER_COMPROBANTE item in CGNV$WINDOW_1 data block...
   No compilation errors.

Compiling KEY-CLRREC trigger on CG$CTRL data block...
   No compilation errors.

Compiling KEY-CREREC trigger on CG$CTRL data block...
   No compilation errors.

Compiling KEY-DOWN trigger on CG$CTRL data block...
   No compilation errors.

Compiling KEY-NXTREC trigger on CG$CTRL data block...
   No compilation errors.

Compiling KEY-SCRDOWN trigger on CG$CTRL data block...
   No compilation errors.

Compiling KEY-UP trigger on CG$CTRL data block...
   No compilation errors.

Compiling KEY-PRVREC trigger on CG$CTRL data block...
   No compilation errors.

Compiling KEY-SCRUP trigger on CG$CTRL data block...
   No compilation errors.

Compiling ON-ERROR trigger on CG$CTRL data block...
   No compilation errors.

Compiling PRE-BLOCK trigger on CG$CTRL data block...
   No compilation errors.

Compiling WHEN-NEW-BLOCK-INSTANCE trigger on CG$CTRL data block...
   No compilation errors.


Created form file m:\SAS\BIN\ACF\frm\actfjodpract.fmx
