Compiling package specification CG$ACTFJOASGRNGTMP_GLOBALS... 
   No compilation errors.

Compiling procedure CGDV$POPULATE_DYNAMIC_LISTS... 
   No compilation errors.

Compiling procedure CGSF$CLR_ASGRNGACT_ASGRINACT_P... 
   No compilation errors.

Compiling procedure CGSF$CLR_ASGRNGACT_ASGRINAC2... 
   No compilation errors.

Compiling procedure CGFK$LKP_ASGRNGACT_ASGRINACT_P... 
   No compilation errors.

Compiling procedure CGFK$QRY_ASGRNGACT_ASGRINACT_P... 
   No compilation errors.

Compiling procedure CGSF$CLR_ASGRNGACT_ASGRINACT_D... 
   No compilation errors.

Compiling procedure CGFK$QRY_ASGRNGACT_ASGRINACT_D... 
   No compilation errors.

Compiling procedure CGFK$LKP_ASGRNGACT_ASGRINAC2... 
   No compilation errors.

Compiling procedure CGFK$QRY_ASGRNGACT_ASGRINAC2... 
   No compilation errors.

Compiling procedure CGUV$CHK_ASGRINACT_PK... 
   No compilation errors.

Compiling procedure CGSP$DERIVE_ASGRNGACT_NUMERO... 
   No compilation errors.

Compiling procedure CGUI$GET_NEXT_ASGRNG_SEQ... 
   No compilation errors.

Compiling procedure CGSF$CLR_DTLASGRNG_DTLASGRNG_A... 
   No compilation errors.

Compiling procedure CGFK$QRY_DTLASGRNG_DTLASGRNG_A... 
   No compilation errors.

Compiling procedure CGFK$CHK_DTLASGRNG_DTLASGRNG_A... 
   No compilation errors.

Compiling procedure CGUV$CHK_DTLASGRNG_UK... 
   No compilation errors.

Compiling function CGTE$CHECK_CONSTRAINT_VIO... 
   No compilation errors.

Compiling procedure CGTE$ASGRNGACT_ERRORS... 
   No compilation errors.

Compiling procedure CGTE$DTLASGRNG_ERRORS... 
   No compilation errors.

Compiling procedure CGNV$AI_BTN_VER_COMPROBANTE... 
   No compilation errors.

Compiling procedure CGLY$DISPLAY_CANVASES... 
   No compilation errors.

Compiling procedure CGLY$GET_RELATED_CANVASES... 
   No compilation errors.

Compiling procedure CGLY$CANVAS_MANAGEMENT... 
   No compilation errors.

Compiling procedure CGBS$TOGGLE... 
   No compilation errors.

Compiling procedure ANULA_ASIGNACION_REINGRESO... 
   No compilation errors.

Compiling procedure ASIGNA_PERSONAL... 
   No compilation errors.

Compiling procedure FIJAR_REPORTE... 
   No compilation errors.

Compiling PRE-COMMIT trigger on form...
   No compilation errors.

Compiling QMS$CUSTOM_HELP trigger on form...
   No compilation errors.

Compiling POST-FORM trigger on form...
   No compilation errors.

Compiling CALENDAR_WROTE_DATE trigger on form...
   No compilation errors.

Compiling KEY-EXIT trigger on form...
   No compilation errors.

Compiling POST-FORMS-COMMIT trigger on form...
   No compilation errors.

Compiling KEY-CLRFRM trigger on form...
   No compilation errors.

Compiling KEY-HELP trigger on form...
   No compilation errors.

Compiling KEY-MENU trigger on form...
   No compilation errors.

Compiling ON-ERROR trigger on form...
   No compilation errors.

Compiling ON-MESSAGE trigger on form...
   No compilation errors.

Compiling PRE-FORM trigger on form...
   No compilation errors.

Compiling QUERY_FIND trigger on form...
   No compilation errors.

Compiling QMS$MENU_ITEM trigger on form...
   No compilation errors.

Compiling WHEN-NEW-BLOCK-INSTANCE trigger on form...
   No compilation errors.

Compiling WHEN-NEW-FORM-INSTANCE trigger on form...
   No compilation errors.

Compiling WHEN-WINDOW-CLOSED trigger on form...
   No compilation errors.

Compiling WHEN-WINDOW-ACTIVATED trigger on form...
   No compilation errors.

Compiling WHEN-WINDOW-RESIZED trigger on form...
   No compilation errors.

Compiling POST-TEXT-ITEM trigger on form...
   No compilation errors.

Compiling WHEN-FORM-NAVIGATE trigger on form...
   No compilation errors.

Compiling ON-CLEAR-DETAILS trigger on form...
   No compilation errors.

Compiling ON-POPULATE-DETAILS trigger on form...
   No compilation errors.

Compiling KEY-ENTQRY trigger on form...
   No compilation errors.

Compiling KEY-EXEQRY trigger on form...
   No compilation errors.

Compiling KEY-CQUERY trigger on form...
   No compilation errors.

Compiling KEY-CLRBLK trigger on form...
   No compilation errors.

Compiling KEY-CLRREC trigger on form...
   No compilation errors.

Compiling KEY-NXTKEY trigger on form...
   No compilation errors.

Compiling KEY-CLRREC trigger on QMS$TRANS_ERRORS data block...
   No compilation errors.

Compiling KEY-CREREC trigger on QMS$TRANS_ERRORS data block...
   No compilation errors.

Compiling KEY-DOWN trigger on QMS$TRANS_ERRORS data block...
   No compilation errors.

Compiling KEY-NXTREC trigger on QMS$TRANS_ERRORS data block...
   No compilation errors.

Compiling KEY-SCRDOWN trigger on QMS$TRANS_ERRORS data block...
   No compilation errors.

Compiling KEY-UP trigger on QMS$TRANS_ERRORS data block...
   No compilation errors.

Compiling KEY-PRVREC trigger on QMS$TRANS_ERRORS data block...
   No compilation errors.

Compiling KEY-SCRUP trigger on QMS$TRANS_ERRORS data block...
   No compilation errors.

Compiling ON-ERROR trigger on QMS$TRANS_ERRORS data block...
   No compilation errors.

Compiling PRE-BLOCK trigger on QMS$TRANS_ERRORS data block...
   No compilation errors.

Compiling WHEN-NEW-BLOCK-INSTANCE trigger on QMS$TRANS_ERRORS data block...
   No compilation errors.

Compiling ON-LOCK trigger on QMS$TRANS_ERRORS data block...
   No compilation errors.

Compiling WHEN-VALIDATE-RECORD trigger on QMS$TRANS_ERRORS data block...
   No compilation errors.

Compiling WHEN-BUTTON-PRESSED trigger on QMS$TRANS_ERRORS data block...
   No compilation errors.

Compiling WHEN-LIST-ACTIVATED trigger on QMS$TRANS_ERRORS data block...
   No compilation errors.

Compiling WHEN-NEW-ITEM-INSTANCE trigger on OK_BUTTON item in QMS$TRANS_ERRORS data block...
   No compilation errors.

Compiling WHEN-BUTTON-PRESSED trigger on OK_BUTTON item in QMS$TRANS_ERRORS data block...
   No compilation errors.

Compiling KEY-PREV-ITEM trigger on OK_BUTTON item in QMS$TRANS_ERRORS data block...
   No compilation errors.

Compiling WHEN-LIST-CHANGED trigger on MESSAGES item in QMS$TRANS_ERRORS data block...
   No compilation errors.

Compiling WHEN-NEW-ITEM-INSTANCE trigger on HELP_BUTTON item in QMS$TRANS_ERRORS data block...
   No compilation errors.

Compiling WHEN-BUTTON-PRESSED trigger on HELP_BUTTON item in QMS$TRANS_ERRORS data block...
   No compilation errors.

Compiling KEY-NEXT-ITEM trigger on HELP_BUTTON item in QMS$TRANS_ERRORS data block...
   No compilation errors.

Compiling WHEN-NEW-ITEM-INSTANCE trigger on OK_BUTTON_MODAL item in QMS$TRANS_ERRORS data block...
   No compilation errors.

Compiling WHEN-BUTTON-PRESSED trigger on OK_BUTTON_MODAL item in QMS$TRANS_ERRORS data block...
   No compilation errors.

Compiling KEY-PREV-ITEM trigger on OK_BUTTON_MODAL item in QMS$TRANS_ERRORS data block...
   No compilation errors.

Compiling WHEN-LIST-CHANGED trigger on MESSAGES_MODAL item in QMS$TRANS_ERRORS data block...
   No compilation errors.

Compiling WHEN-NEW-ITEM-INSTANCE trigger on HELP_BUTTON_MODAL item in QMS$TRANS_ERRORS data block...
   No compilation errors.

Compiling WHEN-BUTTON-PRESSED trigger on HELP_BUTTON_MODAL item in QMS$TRANS_ERRORS data block...
   No compilation errors.

Compiling KEY-NEXT-ITEM trigger on HELP_BUTTON_MODAL item in QMS$TRANS_ERRORS data block...
   No compilation errors.

Compiling WHEN-NEW-ITEM-INSTANCE trigger on RETURN_TO_BLOCK item in QMS$TRANS_ERRORS data block...
   No compilation errors.

Compiling WHEN-RADIO-CHANGED trigger on CALENDAR data block...
   No compilation errors.

Compiling KEY-OTHERS trigger on CALENDAR data block...
   No compilation errors.

Compiling KEY-NEXT-ITEM trigger on CALENDAR data block...
   No compilation errors.

Compiling KEY-PREV-ITEM trigger on CALENDAR data block...
   No compilation errors.

Compiling KEY-ENTER trigger on CALENDAR data block...
   No compilation errors.

Compiling WHEN-BUTTON-PRESSED trigger on CALENDAR data block...
   No compilation errors.

Compiling WHEN-LIST-CHANGED trigger on CALENDAR data block...
   No compilation errors.

Compiling WHEN-MOUSE-CLICK trigger on CALENDAR data block...
   No compilation errors.

Compiling KEY-DOWN trigger on CALENDAR data block...
   No compilation errors.

Compiling KEY-UP trigger on CALENDAR data block...
   No compilation errors.

Compiling KEY-NXTREC trigger on CALENDAR data block...
   No compilation errors.

Compiling KEY-PRVREC trigger on CALENDAR data block...
   No compilation errors.

Compiling WHEN-MOUSE-DOUBLECLICK trigger on CALENDAR data block...
   No compilation errors.

Compiling WHEN-NEW-ITEM-INSTANCE trigger on HOUR item in CALENDAR data block...
   No compilation errors.

Compiling WHEN-NEW-ITEM-INSTANCE trigger on MINUTE item in CALENDAR data block...
   No compilation errors.

Compiling WHEN-NEW-ITEM-INSTANCE trigger on OK item in CALENDAR data block...
   No compilation errors.

Compiling WHEN-BUTTON-PRESSED trigger on OK item in CALENDAR data block...
   No compilation errors.

Compiling KEY-PREV-ITEM trigger on OK item in CALENDAR data block...
   No compilation errors.

Compiling WHEN-NEW-ITEM-INSTANCE trigger on CANCEL item in CALENDAR data block...
   No compilation errors.

Compiling WHEN-BUTTON-PRESSED trigger on CANCEL item in CALENDAR data block...
   No compilation errors.

Compiling KEY-NEXT-ITEM trigger on MONTH_AND_YEAR item in CALENDAR data block...
   No compilation errors.

Compiling WHEN-MOUSE-CLICK trigger on PREV_MONTH item in CALENDAR data block...
   No compilation errors.

Compiling WHEN-MOUSE-CLICK trigger on NEXT_MONTH item in CALENDAR data block...
   No compilation errors.

Compiling WHEN-MOUSE-CLICK trigger on NEXT_YEAR item in CALENDAR data block...
   No compilation errors.

Compiling WHEN-MOUSE-CLICK trigger on PREV_YEAR item in CALENDAR data block...
   No compilation errors.

Compiling WHEN-NEW-ITEM-INSTANCE trigger on AM_PM item in CALENDAR data block...
   No compilation errors.

Compiling WHEN-BUTTON-PRESSED trigger on QMS$TOOLBAR data block...
   No compilation errors.

Compiling WHEN-LIST-CHANGED trigger on ORDER_BY item in QMS$TOOLBAR data block...
   No compilation errors.

Compiling ON-LOCK trigger on ASGRNGACT data block...
   No compilation errors.

Compiling POST-INSERT trigger on ASGRNGACT data block...
   No compilation errors.

Compiling POST-QUERY trigger on ASGRNGACT data block...
   No compilation errors.

Compiling PRE-BLOCK trigger on ASGRNGACT data block...
   No compilation errors.

Compiling PRE-QUERY trigger on ASGRNGACT data block...
   No compilation errors.

Compiling WHEN-DATABASE-RECORD trigger on ASGRNGACT data block...
   No compilation errors.

Compiling WHEN-NEW-BLOCK-INSTANCE trigger on ASGRNGACT data block...
   No compilation errors.

Compiling WHEN-NEW-RECORD-INSTANCE trigger on ASGRNGACT data block...
   No compilation errors.

Compiling WHEN-REMOVE-RECORD trigger on ASGRNGACT data block...
   No compilation errors.

Compiling POST-SELECT trigger on ASGRNGACT data block...
   No compilation errors.

Compiling PRE-UPDATE trigger on ASGRNGACT data block...
   No compilation errors.

Compiling PRE-INSERT trigger on ASGRNGACT data block...
   No compilation errors.

Compiling ON-ERROR trigger on ASGRNGACT data block...
   No compilation errors.

Compiling PRE-RECORD trigger on ASGRNGACT data block...
   No compilation errors.

Compiling POST-UPDATE trigger on ASGRNGACT data block...
   No compilation errors.

Compiling WHEN-NEW-ITEM-INSTANCE trigger on ASGRNGACT_IND item in ASGRNGACT data block...
   No compilation errors.

Compiling WHEN-NEW-ITEM-INSTANCE trigger on REC_ACTUAL item in ASGRNGACT data block...
   No compilation errors.

Compiling WHEN-NEW-ITEM-INSTANCE trigger on ARA_CODIGO2 item in ASGRNGACT data block...
   No compilation errors.

Compiling WHEN-NEW-ITEM-INSTANCE trigger on TIPO_MOVIMIENTO item in ASGRNGACT data block...
   No compilation errors.

Compiling WHEN-VALIDATE-ITEM trigger on TIPO_MOVIMIENTO item in ASGRNGACT data block...
   No compilation errors.

Compiling KEY-PREV-ITEM trigger on TIPO_MOVIMIENTO item in ASGRNGACT data block...
   No compilation errors.

Compiling WHEN-NEW-ITEM-INSTANCE trigger on NUMERO item in ASGRNGACT data block...
   No compilation errors.

Compiling WHEN-NEW-ITEM-INSTANCE trigger on FECHA item in ASGRNGACT data block...
   No compilation errors.

Compiling KEY-LISTVAL trigger on FECHA item in ASGRNGACT data block...
   No compilation errors.

Compiling WHEN-NEW-ITEM-INSTANCE trigger on PRS_CODIGO item in ASGRNGACT data block...
   No compilation errors.

Compiling WHEN-NEW-ITEM-INSTANCE trigger on PRS2_APELLIDOS item in ASGRNGACT data block...
   No compilation errors.

Compiling WHEN-NEW-ITEM-INSTANCE trigger on PRS2_NOMBRES item in ASGRNGACT data block...
   No compilation errors.

Compiling WHEN-VALIDATE-ITEM trigger on PRS2_NOMBRES item in ASGRNGACT data block...
   No compilation errors.

Compiling WHEN-NEW-ITEM-INSTANCE trigger on DPR_ARA_CODIGO item in ASGRNGACT data block...
   No compilation errors.

Compiling WHEN-NEW-ITEM-INSTANCE trigger on ARA_NOMBRE item in ASGRNGACT data block...
   No compilation errors.

Compiling WHEN-NEW-ITEM-INSTANCE trigger on DPR_CODIGO item in ASGRNGACT data block...
   No compilation errors.

Compiling WHEN-NEW-ITEM-INSTANCE trigger on NOMBRE item in ASGRNGACT data block...
   No compilation errors.

Compiling WHEN-NEW-ITEM-INSTANCE trigger on PRS_CODIGO_ENTREGADO_POR item in ASGRNGACT data block...
   No compilation errors.

Compiling WHEN-NEW-ITEM-INSTANCE trigger on PRS2_APELLIDOS2 item in ASGRNGACT data block...
   No compilation errors.

Compiling WHEN-NEW-ITEM-INSTANCE trigger on PRS2_NOMBRES2 item in ASGRNGACT data block...
   No compilation errors.

Compiling WHEN-VALIDATE-ITEM trigger on PRS2_NOMBRES2 item in ASGRNGACT data block...
   No compilation errors.

Compiling WHEN-NEW-ITEM-INSTANCE trigger on ESTADO item in ASGRNGACT data block...
   No compilation errors.

Compiling WHEN-LIST-CHANGED trigger on ESTADO item in ASGRNGACT data block...
   No compilation errors.

Compiling WHEN-NEW-ITEM-INSTANCE trigger on OBSERVACIONES item in ASGRNGACT data block...
   No compilation errors.

Compiling WHEN-NEW-ITEM-INSTANCE trigger on CMP_TIPO item in ASGRNGACT data block...
   No compilation errors.

Compiling WHEN-NEW-ITEM-INSTANCE trigger on CMP_FECHA item in ASGRNGACT data block...
   No compilation errors.

Compiling KEY-LISTVAL trigger on CMP_FECHA item in ASGRNGACT data block...
   No compilation errors.

Compiling WHEN-NEW-ITEM-INSTANCE trigger on CMP_CLAVE item in ASGRNGACT data block...
   No compilation errors.

Compiling WHEN-NEW-ITEM-INSTANCE trigger on BTN_CONTABILIZAR item in ASGRNGACT data block...
   No compilation errors.

Compiling WHEN-BUTTON-PRESSED trigger on BTN_CONTABILIZAR item in ASGRNGACT data block...
   No compilation errors.

Compiling WHEN-NEW-ITEM-INSTANCE trigger on BTN_COMPROBANTE item in ASGRNGACT data block...
   No compilation errors.

Compiling WHEN-BUTTON-PRESSED trigger on BTN_COMPROBANTE item in ASGRNGACT data block...
   No compilation errors.

Compiling KEY-NEXT-ITEM trigger on BTN_COMPROBANTE item in ASGRNGACT data block...
   No compilation errors.

Compiling WHEN-NEW-ITEM-INSTANCE trigger on EMP_CODIGO item in ASGRNGACT data block...
   No compilation errors.

Compiling WHEN-NEW-ITEM-INSTANCE trigger on PRS2_CEDULA2 item in ASGRNGACT data block...
   No compilation errors.

Compiling WHEN-NEW-ITEM-INSTANCE trigger on PRS2_CEDULA item in ASGRNGACT data block...
   No compilation errors.

Compiling ON-LOCK trigger on DTLASGRNG data block...
   No compilation errors.

Compiling POST-INSERT trigger on DTLASGRNG data block...
   No compilation errors.

Compiling POST-QUERY trigger on DTLASGRNG data block...
   No compilation errors.

Compiling PRE-BLOCK trigger on DTLASGRNG data block...
   No compilation errors.

Compiling PRE-QUERY trigger on DTLASGRNG data block...
   No compilation errors.

Compiling WHEN-DATABASE-RECORD trigger on DTLASGRNG data block...
   No compilation errors.

Compiling WHEN-NEW-BLOCK-INSTANCE trigger on DTLASGRNG data block...
   No compilation errors.

Compiling WHEN-NEW-RECORD-INSTANCE trigger on DTLASGRNG data block...
   No compilation errors.

Compiling WHEN-REMOVE-RECORD trigger on DTLASGRNG data block...
   No compilation errors.

Compiling POST-SELECT trigger on DTLASGRNG data block...
   No compilation errors.

Compiling PRE-INSERT trigger on DTLASGRNG data block...
   No compilation errors.

Compiling KEY-DUPREC trigger on DTLASGRNG data block...
   No compilation errors.

Compiling PRE-UPDATE trigger on DTLASGRNG data block...
   No compilation errors.

Compiling ON-ERROR trigger on DTLASGRNG data block...
   No compilation errors.

Compiling PRE-RECORD trigger on DTLASGRNG data block...
   No compilation errors.

Compiling WHEN-NEW-ITEM-INSTANCE trigger on REC_ACTUAL item in DTLASGRNG data block...
   No compilation errors.

Compiling WHEN-NEW-ITEM-INSTANCE trigger on GRPACTFJO_CODIGO1 item in DTLASGRNG data block...
   No compilation errors.

Compiling WHEN-VALIDATE-ITEM trigger on GRPACTFJO_CODIGO1 item in DTLASGRNG data block...
   No compilation errors.

Compiling KEY-PREV-ITEM trigger on GRPACTFJO_CODIGO1 item in DTLASGRNG data block...
   No compilation errors.

Compiling WHEN-NEW-ITEM-INSTANCE trigger on SBGACTFJO_CODIGO1 item in DTLASGRNG data block...
   No compilation errors.

Compiling WHEN-VALIDATE-ITEM trigger on SBGACTFJO_CODIGO1 item in DTLASGRNG data block...
   No compilation errors.

Compiling WHEN-NEW-ITEM-INSTANCE trigger on ACTFJOESP_ACTFJOGNR_CODIGO item in DTLASGRNG data block...
   No compilation errors.

Compiling WHEN-VALIDATE-ITEM trigger on ACTFJOESP_ACTFJOGNR_CODIGO item in DTLASGRNG data block...
   No compilation errors.

Compiling WHEN-NEW-ITEM-INSTANCE trigger on ACTFJOESP_CODIGO2 item in DTLASGRNG data block...
   No compilation errors.

Compiling WHEN-VALIDATE-ITEM trigger on ACTFJOESP_CODIGO2 item in DTLASGRNG data block...
   No compilation errors.

Compiling WHEN-NEW-ITEM-INSTANCE trigger on ASGRINACT_TIPO_MOVIMIENTO item in DTLASGRNG data block...
   No compilation errors.

Compiling WHEN-NEW-ITEM-INSTANCE trigger on GRPACTFJO_EMP_CODIGO1 item in DTLASGRNG data block...
   No compilation errors.

Compiling WHEN-NEW-ITEM-INSTANCE trigger on ASGRINACT_NUMERO item in DTLASGRNG data block...
   No compilation errors.

Compiling WHEN-NEW-ITEM-INSTANCE trigger on ACTFJOESP_DESCRIPCION item in DTLASGRNG data block...
   No compilation errors.

Compiling WHEN-NEW-ITEM-INSTANCE trigger on NUMERO item in DTLASGRNG data block...
   No compilation errors.

Compiling WHEN-NEW-ITEM-INSTANCE trigger on CODIGO_PROPIO2 item in DTLASGRNG data block...
   No compilation errors.

Compiling WHEN-NEW-ITEM-INSTANCE trigger on ACTFJOESP_MARCA item in DTLASGRNG data block...
   No compilation errors.

Compiling WHEN-NEW-ITEM-INSTANCE trigger on ACTFJOESP_NUMSERIE item in DTLASGRNG data block...
   No compilation errors.

Compiling WHEN-NEW-ITEM-INSTANCE trigger on ACTFJOESP_CONTABILIZADO item in DTLASGRNG data block...
   No compilation errors.

Compiling WHEN-NEW-ITEM-INSTANCE trigger on ACTFJOESP_TIPO item in DTLASGRNG data block...
   No compilation errors.

Compiling WHEN-NEW-ITEM-INSTANCE trigger on ACTFJOESP_VALOR_INICIAL item in DTLASGRNG data block...
   No compilation errors.

Compiling WHEN-NEW-ITEM-INSTANCE trigger on VALOR_ACTUAL item in DTLASGRNG data block...
   No compilation errors.

Compiling WHEN-NEW-ITEM-INSTANCE trigger on VALOR item in DTLASGRNG data block...
   No compilation errors.

Compiling KEY-NEXT-ITEM trigger on VALOR item in DTLASGRNG data block...
   No compilation errors.

Compiling WHEN-NEW-ITEM-INSTANCE trigger on ASGRINACT_EMP_CODIGO item in DTLASGRNG data block...
   No compilation errors.

Compiling WHEN-NEW-ITEM-INSTANCE trigger on DTL_ESTADO item in DTLASGRNG data block...
   No compilation errors.

Compiling WHEN-NEW-ITEM-INSTANCE trigger on FECHA item in DTLASGRNG data block...
   No compilation errors.

Compiling KEY-LISTVAL trigger on FECHA item in DTLASGRNG data block...
   No compilation errors.

Compiling KEY-CLRREC trigger on CGNV$WINDOW_1 data block...
   No compilation errors.

Compiling KEY-CREREC trigger on CGNV$WINDOW_1 data block...
   No compilation errors.

Compiling KEY-DOWN trigger on CGNV$WINDOW_1 data block...
   No compilation errors.

Compiling KEY-NXTREC trigger on CGNV$WINDOW_1 data block...
   No compilation errors.

Compiling KEY-SCRDOWN trigger on CGNV$WINDOW_1 data block...
   No compilation errors.

Compiling KEY-UP trigger on CGNV$WINDOW_1 data block...
   No compilation errors.

Compiling KEY-PRVREC trigger on CGNV$WINDOW_1 data block...
   No compilation errors.

Compiling KEY-SCRUP trigger on CGNV$WINDOW_1 data block...
   No compilation errors.

Compiling ON-ERROR trigger on CGNV$WINDOW_1 data block...
   No compilation errors.

Compiling PRE-BLOCK trigger on CGNV$WINDOW_1 data block...
   No compilation errors.

Compiling WHEN-NEW-BLOCK-INSTANCE trigger on CGNV$WINDOW_1 data block...
   No compilation errors.

Compiling WHEN-NEW-ITEM-INSTANCE trigger on BTN_VER_COMPROBANTE item in CGNV$WINDOW_1 data block...
   No compilation errors.

Compiling WHEN-BUTTON-PRESSED trigger on BTN_VER_COMPROBANTE item in CGNV$WINDOW_1 data block...
   No compilation errors.

Compiling KEY-CLRREC trigger on CG$CTRL data block...
   No compilation errors.

Compiling KEY-CREREC trigger on CG$CTRL data block...
   No compilation errors.

Compiling KEY-DOWN trigger on CG$CTRL data block...
   No compilation errors.

Compiling KEY-NXTREC trigger on CG$CTRL data block...
   No compilation errors.

Compiling KEY-SCRDOWN trigger on CG$CTRL data block...
   No compilation errors.

Compiling KEY-UP trigger on CG$CTRL data block...
   No compilation errors.

Compiling KEY-PRVREC trigger on CG$CTRL data block...
   No compilation errors.

Compiling KEY-SCRUP trigger on CG$CTRL data block...
   No compilation errors.

Compiling ON-ERROR trigger on CG$CTRL data block...
   No compilation errors.

Compiling PRE-BLOCK trigger on CG$CTRL data block...
   No compilation errors.

Compiling WHEN-NEW-BLOCK-INSTANCE trigger on CG$CTRL data block...
   No compilation errors.

Compiling WHEN-NEW-ITEM-INSTANCE trigger on CG$PAGE_1_LIST item in CG$CTRL data block...
   No compilation errors.

Compiling WHEN-NEW-ITEM-INSTANCE trigger on CG$PAGE_2_LIST item in CG$CTRL data block...
   No compilation errors.

Compiling WHEN-NEW-ITEM-INSTANCE trigger on CG$WINDOWQMS$TRANS_ERRORS_PAGE item in CG$CTRL data block...
   No compilation errors.

Compiling WHEN-NEW-ITEM-INSTANCE trigger on CG$WINDOWASIGNACION_REINGRESO_ item in CG$CTRL data block...
   No compilation errors.

Compiling WHEN-NEW-ITEM-INSTANCE trigger on CG$WINDOWWINDOW_PAGE item in CG$CTRL data block...
   No compilation errors.

Compiling WHEN-NEW-ITEM-INSTANCE trigger on CG$WINDOWQMS$TRANS_ERRORS_MODA item in CG$CTRL data block...
   No compilation errors.

Compiling WHEN-NEW-ITEM-INSTANCE trigger on CG$WINDOWCALENDAR_PAGE item in CG$CTRL data block...
   No compilation errors.

Compiling WHEN-NEW-ITEM-INSTANCE trigger on CG$WINDOWQMS$HIDDEN_ITEMS_PAGE item in CG$CTRL data block...
   No compilation errors.

Compiling WHEN-NEW-ITEM-INSTANCE trigger on CG$LAST_CANVAS item in CG$CTRL data block...
   No compilation errors.


Created form file M:\sas\bin\ACF\frm\actfjoasgrngtmp.fmx
