Compiling procedure CGDV$POPULATE_DYNAMIC_LISTS... 
   No compilation errors.

Compiling procedure CGUV$CHK_GRPACTFJO_PK... 
   No compilation errors.

Compiling procedure CGUV$CHK_SBGACTFJO_PK... 
   No compilation errors.

Compiling function CGTE$CHECK_CONSTRAINT_VIO... 
   No compilation errors.

Compiling procedure CGTE$GRPACTFJO_ERRORS... 
   No compilation errors.

Compiling procedure CGTE$SBGACTFJO_ERRORS... 
   No compilation errors.

Compiling procedure CGBS$TOGGLE... 
   No compilation errors.

Compiling POST-FORM trigger on form...
   No compilation errors.

Compiling CALENDAR_WROTE_DATE trigger on form...
   No compilation errors.

Compiling KEY-EXIT trigger on form...
   No compilation errors.

Compiling POST-FORMS-COMMIT trigger on form...
   No compilation errors.

Compiling KEY-CLRFRM trigger on form...
   No compilation errors.

Compiling KEY-HELP trigger on form...
   No compilation errors.

Compiling KEY-MENU trigger on form...
   No compilation errors.

Compiling ON-ERROR trigger on form...
   No compilation errors.

Compiling ON-MESSAGE trigger on form...
   No compilation errors.

Compiling PRE-FORM trigger on form...
   No compilation errors.

Compiling QUERY_FIND trigger on form...
   No compilation errors.

Compiling QMS$MENU_ITEM trigger on form...
   No compilation errors.

Compiling WHEN-NEW-BLOCK-INSTANCE trigger on form...
   No compilation errors.

Compiling WHEN-NEW-FORM-INSTANCE trigger on form...
   No compilation errors.

Compiling WHEN-WINDOW-CLOSED trigger on form...
   No compilation errors.

Compiling WHEN-WINDOW-ACTIVATED trigger on form...
   No compilation errors.

Compiling WHEN-WINDOW-RESIZED trigger on form...
   No compilation errors.

Compiling POST-TEXT-ITEM trigger on form...
   No compilation errors.

Compiling WHEN-FORM-NAVIGATE trigger on form...
   No compilation errors.

Compiling ON-CLEAR-DETAILS trigger on form...
   No compilation errors.

Compiling ON-POPULATE-DETAILS trigger on form...
   No compilation errors.

Compiling KEY-ENTQRY trigger on form...
   No compilation errors.

Compiling KEY-EXEQRY trigger on form...
   No compilation errors.

Compiling KEY-CQUERY trigger on form...
   No compilation errors.

Compiling KEY-CLRBLK trigger on form...
   No compilation errors.

Compiling KEY-CLRREC trigger on form...
   No compilation errors.

Compiling KEY-NXTKEY trigger on form...
   No compilation errors.

Compiling WHEN-RADIO-CHANGED trigger on CALENDAR data block...
   No compilation errors.

Compiling KEY-OTHERS trigger on CALENDAR data block...
   No compilation errors.

Compiling KEY-NEXT-ITEM trigger on CALENDAR data block...
   No compilation errors.

Compiling KEY-PREV-ITEM trigger on CALENDAR data block...
   No compilation errors.

Compiling KEY-ENTER trigger on CALENDAR data block...
   No compilation errors.

Compiling WHEN-BUTTON-PRESSED trigger on CALENDAR data block...
   No compilation errors.

Compiling WHEN-LIST-CHANGED trigger on CALENDAR data block...
   No compilation errors.

Compiling WHEN-MOUSE-CLICK trigger on CALENDAR data block...
   No compilation errors.

Compiling KEY-DOWN trigger on CALENDAR data block...
   No compilation errors.

Compiling KEY-UP trigger on CALENDAR data block...
   No compilation errors.

Compiling KEY-NXTREC trigger on CALENDAR data block...
   No compilation errors.

Compiling KEY-PRVREC trigger on CALENDAR data block...
   No compilation errors.

Compiling WHEN-MOUSE-DOUBLECLICK trigger on CALENDAR data block...
   No compilation errors.

Compiling WHEN-NEW-ITEM-INSTANCE trigger on HOUR item in CALENDAR data block...
   No compilation errors.

Compiling WHEN-NEW-ITEM-INSTANCE trigger on MINUTE item in CALENDAR data block...
   No compilation errors.

Compiling WHEN-NEW-ITEM-INSTANCE trigger on OK item in CALENDAR data block...
   No compilation errors.

Compiling WHEN-BUTTON-PRESSED trigger on OK item in CALENDAR data block...
   No compilation errors.

Compiling KEY-PREV-ITEM trigger on OK item in CALENDAR data block...
   No compilation errors.

Compiling WHEN-NEW-ITEM-INSTANCE trigger on CANCEL item in CALENDAR data block...
   No compilation errors.

Compiling WHEN-BUTTON-PRESSED trigger on CANCEL item in CALENDAR data block...
   No compilation errors.

Compiling KEY-NEXT-ITEM trigger on MONTH_AND_YEAR item in CALENDAR data block...
   No compilation errors.

Compiling WHEN-MOUSE-CLICK trigger on PREV_MONTH item in CALENDAR data block...
   No compilation errors.

Compiling WHEN-MOUSE-CLICK trigger on NEXT_MONTH item in CALENDAR data block...
   No compilation errors.

Compiling WHEN-MOUSE-CLICK trigger on NEXT_YEAR item in CALENDAR data block...
   No compilation errors.

Compiling WHEN-MOUSE-CLICK trigger on PREV_YEAR item in CALENDAR data block...
   No compilation errors.

Compiling WHEN-NEW-ITEM-INSTANCE trigger on AM_PM item in CALENDAR data block...
   No compilation errors.

Compiling WHEN-BUTTON-PRESSED trigger on QMS$TOOLBAR data block...
   No compilation errors.

Compiling WHEN-LIST-CHANGED trigger on ORDER_BY item in QMS$TOOLBAR data block...
   No compilation errors.

Compiling ON-LOCK trigger on GRPACTFJO data block...
   No compilation errors.

Compiling POST-INSERT trigger on GRPACTFJO data block...
   No compilation errors.

Compiling POST-QUERY trigger on GRPACTFJO data block...
   No compilation errors.

Compiling PRE-BLOCK trigger on GRPACTFJO data block...
   No compilation errors.

Compiling PRE-QUERY trigger on GRPACTFJO data block...
   No compilation errors.

Compiling WHEN-DATABASE-RECORD trigger on GRPACTFJO data block...
   No compilation errors.

Compiling WHEN-NEW-BLOCK-INSTANCE trigger on GRPACTFJO data block...
   No compilation errors.

Compiling WHEN-NEW-RECORD-INSTANCE trigger on GRPACTFJO data block...
   No compilation errors.

Compiling WHEN-REMOVE-RECORD trigger on GRPACTFJO data block...
   No compilation errors.

Compiling POST-SELECT trigger on GRPACTFJO data block...
   No compilation errors.

Compiling ON-ERROR trigger on GRPACTFJO data block...
   No compilation errors.

Compiling WHEN-NEW-ITEM-INSTANCE trigger on REC_ACTUAL item in GRPACTFJO data block...
   No compilation errors.

Compiling WHEN-NEW-ITEM-INSTANCE trigger on GRPACTFJO_EMP_CODIGO item in GRPACTFJO data block...
   No compilation errors.

Compiling WHEN-NEW-ITEM-INSTANCE trigger on CODIGO item in GRPACTFJO data block...
   No compilation errors.

Compiling WHEN-VALIDATE-ITEM trigger on CODIGO item in GRPACTFJO data block...
   No compilation errors.

Compiling KEY-PREV-ITEM trigger on CODIGO item in GRPACTFJO data block...
   No compilation errors.

Compiling WHEN-NEW-ITEM-INSTANCE trigger on DESCRIPCION item in GRPACTFJO data block...
   No compilation errors.

Compiling WHEN-NEW-ITEM-INSTANCE trigger on ESTADO_DE_DISPONIBILIDAD item in GRPACTFJO data block...
   No compilation errors.

Compiling KEY-NEXT-ITEM trigger on ESTADO_DE_DISPONIBILIDAD item in GRPACTFJO data block...
   No compilation errors.

Compiling ON-LOCK trigger on SBGACTFJO data block...
   No compilation errors.

Compiling POST-INSERT trigger on SBGACTFJO data block...
   No compilation errors.

Compiling POST-QUERY trigger on SBGACTFJO data block...
   No compilation errors.

Compiling PRE-BLOCK trigger on SBGACTFJO data block...
   No compilation errors.

Compiling PRE-QUERY trigger on SBGACTFJO data block...
   No compilation errors.

Compiling WHEN-DATABASE-RECORD trigger on SBGACTFJO data block...
   No compilation errors.

Compiling WHEN-NEW-BLOCK-INSTANCE trigger on SBGACTFJO data block...
   No compilation errors.

Compiling WHEN-NEW-RECORD-INSTANCE trigger on SBGACTFJO data block...
   No compilation errors.

Compiling WHEN-REMOVE-RECORD trigger on SBGACTFJO data block...
   No compilation errors.

Compiling POST-SELECT trigger on SBGACTFJO data block...
   No compilation errors.

Compiling ON-ERROR trigger on SBGACTFJO data block...
   No compilation errors.

Compiling WHEN-NEW-ITEM-INSTANCE trigger on REC_ACTUAL item in SBGACTFJO data block...
   No compilation errors.

Compiling WHEN-NEW-ITEM-INSTANCE trigger on GRPACTFJO_EMP_CODIGO item in SBGACTFJO data block...
   No compilation errors.

Compiling WHEN-NEW-ITEM-INSTANCE trigger on GRPACTFJO_CODIGO item in SBGACTFJO data block...
   No compilation errors.

Compiling WHEN-NEW-ITEM-INSTANCE trigger on CODIGO item in SBGACTFJO data block...
   No compilation errors.

Compiling WHEN-VALIDATE-ITEM trigger on CODIGO item in SBGACTFJO data block...
   No compilation errors.

Compiling KEY-PREV-ITEM trigger on CODIGO item in SBGACTFJO data block...
   No compilation errors.

Compiling WHEN-NEW-ITEM-INSTANCE trigger on DESCRIPCION item in SBGACTFJO data block...
   No compilation errors.

Compiling WHEN-NEW-ITEM-INSTANCE trigger on PORCENTAJE_DEPRECIACION item in SBGACTFJO data block...
   No compilation errors.

Compiling WHEN-NEW-ITEM-INSTANCE trigger on PORCENTAJE_REVALORIZACION item in SBGACTFJO data block...
   No compilation errors.

Compiling WHEN-NEW-ITEM-INSTANCE trigger on ESTADO_DE_DISPONIBILIDAD item in SBGACTFJO data block...
   No compilation errors.

Compiling KEY-NEXT-ITEM trigger on ESTADO_DE_DISPONIBILIDAD item in SBGACTFJO data block...
   No compilation errors.

Compiling KEY-CLRREC trigger on CG$CTRL data block...
   No compilation errors.

Compiling KEY-CREREC trigger on CG$CTRL data block...
   No compilation errors.

Compiling KEY-DOWN trigger on CG$CTRL data block...
   No compilation errors.

Compiling KEY-NXTREC trigger on CG$CTRL data block...
   No compilation errors.

Compiling KEY-SCRDOWN trigger on CG$CTRL data block...
   No compilation errors.

Compiling KEY-UP trigger on CG$CTRL data block...
   No compilation errors.

Compiling KEY-PRVREC trigger on CG$CTRL data block...
   No compilation errors.

Compiling KEY-SCRUP trigger on CG$CTRL data block...
   No compilation errors.

Compiling ON-ERROR trigger on CG$CTRL data block...
   No compilation errors.

Compiling PRE-BLOCK trigger on CG$CTRL data block...
   No compilation errors.

Compiling WHEN-NEW-BLOCK-INSTANCE trigger on CG$CTRL data block...
   No compilation errors.


Created form file m:\SAS\BIN\ACF\frm\actfjoadmgrp.fmx
