Compiling procedure CGDV$POPULATE_DYNAMIC_LISTS... 
   No compilation errors.

Compiling function CGTE$CHECK_CONSTRAINT_VIO... 
   No compilation errors.

Compiling procedure CGTE$ACTFJOGNR_ERRORS... 
   No compilation errors.

Compiling procedure CGTE$ACTFJOESP_ERRORS... 
   No compilation errors.

Compiling procedure CGBS$TOGGLE... 
   No compilation errors.

Compiling procedure GENERA_ACTIVOS_FIJOS... 
   No compilation errors.

Compiling POST-FORM trigger on form...
   No compilation errors.

Compiling CALENDAR_WROTE_DATE trigger on form...
   No compilation errors.

Compiling KEY-EXIT trigger on form...
   No compilation errors.

Compiling POST-FORMS-COMMIT trigger on form...
   No compilation errors.

Compiling KEY-CLRFRM trigger on form...
   No compilation errors.

Compiling KEY-HELP trigger on form...
   No compilation errors.

Compiling KEY-MENU trigger on form...
   No compilation errors.

Compiling ON-ERROR trigger on form...
   No compilation errors.

Compiling ON-MESSAGE trigger on form...
   No compilation errors.

Compiling PRE-FORM trigger on form...
   No compilation errors.

Compiling QUERY_FIND trigger on form...
   No compilation errors.

Compiling QMS$MENU_ITEM trigger on form...
   No compilation errors.

Compiling WHEN-NEW-BLOCK-INSTANCE trigger on form...
   No compilation errors.

Compiling WHEN-NEW-FORM-INSTANCE trigger on form...
   No compilation errors.

Compiling WHEN-WINDOW-CLOSED trigger on form...
   No compilation errors.

Compiling WHEN-WINDOW-ACTIVATED trigger on form...
   No compilation errors.

Compiling WHEN-WINDOW-RESIZED trigger on form...
   No compilation errors.

Compiling POST-TEXT-ITEM trigger on form...
   No compilation errors.

Compiling WHEN-FORM-NAVIGATE trigger on form...
   No compilation errors.

Compiling ON-CLEAR-DETAILS trigger on form...
   No compilation errors.

Compiling ON-POPULATE-DETAILS trigger on form...
   No compilation errors.

Compiling KEY-ENTQRY trigger on form...
   No compilation errors.

Compiling KEY-EXEQRY trigger on form...
   No compilation errors.

Compiling KEY-CQUERY trigger on form...
   No compilation errors.

Compiling KEY-CLRBLK trigger on form...
   No compilation errors.

Compiling KEY-CLRREC trigger on form...
   No compilation errors.

Compiling KEY-NXTKEY trigger on form...
   No compilation errors.

Compiling WHEN-RADIO-CHANGED trigger on CALENDAR data block...
   No compilation errors.

Compiling KEY-OTHERS trigger on CALENDAR data block...
   No compilation errors.

Compiling KEY-NEXT-ITEM trigger on CALENDAR data block...
   No compilation errors.

Compiling KEY-PREV-ITEM trigger on CALENDAR data block...
   No compilation errors.

Compiling KEY-ENTER trigger on CALENDAR data block...
   No compilation errors.

Compiling WHEN-BUTTON-PRESSED trigger on CALENDAR data block...
   No compilation errors.

Compiling WHEN-LIST-CHANGED trigger on CALENDAR data block...
   No compilation errors.

Compiling WHEN-MOUSE-CLICK trigger on CALENDAR data block...
   No compilation errors.

Compiling KEY-DOWN trigger on CALENDAR data block...
   No compilation errors.

Compiling KEY-UP trigger on CALENDAR data block...
   No compilation errors.

Compiling KEY-NXTREC trigger on CALENDAR data block...
   No compilation errors.

Compiling KEY-PRVREC trigger on CALENDAR data block...
   No compilation errors.

Compiling WHEN-MOUSE-DOUBLECLICK trigger on CALENDAR data block...
   No compilation errors.

Compiling WHEN-NEW-ITEM-INSTANCE trigger on HOUR item in CALENDAR data block...
   No compilation errors.

Compiling WHEN-NEW-ITEM-INSTANCE trigger on MINUTE item in CALENDAR data block...
   No compilation errors.

Compiling WHEN-NEW-ITEM-INSTANCE trigger on OK item in CALENDAR data block...
   No compilation errors.

Compiling WHEN-BUTTON-PRESSED trigger on OK item in CALENDAR data block...
   No compilation errors.

Compiling KEY-PREV-ITEM trigger on OK item in CALENDAR data block...
   No compilation errors.

Compiling WHEN-NEW-ITEM-INSTANCE trigger on CANCEL item in CALENDAR data block...
   No compilation errors.

Compiling WHEN-BUTTON-PRESSED trigger on CANCEL item in CALENDAR data block...
   No compilation errors.

Compiling KEY-NEXT-ITEM trigger on MONTH_AND_YEAR item in CALENDAR data block...
   No compilation errors.

Compiling WHEN-MOUSE-CLICK trigger on PREV_MONTH item in CALENDAR data block...
   No compilation errors.

Compiling WHEN-MOUSE-CLICK trigger on NEXT_MONTH item in CALENDAR data block...
   No compilation errors.

Compiling WHEN-MOUSE-CLICK trigger on NEXT_YEAR item in CALENDAR data block...
   No compilation errors.

Compiling WHEN-MOUSE-CLICK trigger on PREV_YEAR item in CALENDAR data block...
   No compilation errors.

Compiling WHEN-NEW-ITEM-INSTANCE trigger on AM_PM item in CALENDAR data block...
   No compilation errors.

Compiling WHEN-BUTTON-PRESSED trigger on QMS$TOOLBAR data block...
   No compilation errors.

Compiling WHEN-LIST-CHANGED trigger on ORDER_BY item in QMS$TOOLBAR data block...
   No compilation errors.

Compiling ON-LOCK trigger on ACTFJOGNR data block...
   No compilation errors.

Compiling POST-INSERT trigger on ACTFJOGNR data block...
   No compilation errors.

Compiling POST-QUERY trigger on ACTFJOGNR data block...
   No compilation errors.

Compiling PRE-BLOCK trigger on ACTFJOGNR data block...
   No compilation errors.

Compiling PRE-QUERY trigger on ACTFJOGNR data block...
   No compilation errors.

Compiling WHEN-DATABASE-RECORD trigger on ACTFJOGNR data block...
   No compilation errors.

Compiling WHEN-NEW-BLOCK-INSTANCE trigger on ACTFJOGNR data block...
   No compilation errors.

Compiling WHEN-NEW-RECORD-INSTANCE trigger on ACTFJOGNR data block...
   No compilation errors.

Compiling WHEN-REMOVE-RECORD trigger on ACTFJOGNR data block...
   No compilation errors.

Compiling POST-SELECT trigger on ACTFJOGNR data block...
   No compilation errors.

Compiling ON-ERROR trigger on ACTFJOGNR data block...
   No compilation errors.

Compiling PRE-UPDATE trigger on ACTFJOGNR data block...
   No compilation errors.

Compiling WHEN-NEW-ITEM-INSTANCE trigger on CANTIDAD_ANTERIOR item in ACTFJOGNR data block...
   No compilation errors.

Compiling WHEN-NEW-ITEM-INSTANCE trigger on REC_ACTUAL item in ACTFJOGNR data block...
   No compilation errors.

Compiling KEY-PREV-ITEM trigger on REC_ACTUAL item in ACTFJOGNR data block...
   No compilation errors.

Compiling WHEN-NEW-ITEM-INSTANCE trigger on GRPACTFJO_EMP_CODIGO item in ACTFJOGNR data block...
   No compilation errors.

Compiling WHEN-NEW-ITEM-INSTANCE trigger on GRPACTFJO_CODIGO item in ACTFJOGNR data block...
   No compilation errors.

Compiling WHEN-NEW-ITEM-INSTANCE trigger on SBGACTFJO_CODIGO item in ACTFJOGNR data block...
   No compilation errors.

Compiling WHEN-NEW-ITEM-INSTANCE trigger on CODIGO item in ACTFJOGNR data block...
   No compilation errors.

Compiling WHEN-NEW-ITEM-INSTANCE trigger on ACTFJOGNR_DESCRIPCION item in ACTFJOGNR data block...
   No compilation errors.

Compiling WHEN-NEW-ITEM-INSTANCE trigger on TIPO item in ACTFJOGNR data block...
   No compilation errors.

Compiling WHEN-NEW-ITEM-INSTANCE trigger on MARCA item in ACTFJOGNR data block...
   No compilation errors.

Compiling WHEN-NEW-ITEM-INSTANCE trigger on MODELO item in ACTFJOGNR data block...
   No compilation errors.

Compiling WHEN-NEW-ITEM-INSTANCE trigger on FECHA_INGRESO item in ACTFJOGNR data block...
   No compilation errors.

Compiling KEY-LISTVAL trigger on FECHA_INGRESO item in ACTFJOGNR data block...
   No compilation errors.

Compiling WHEN-NEW-ITEM-INSTANCE trigger on CANTIDAD_INICIAL item in ACTFJOGNR data block...
   No compilation errors.

Compiling WHEN-VALIDATE-ITEM trigger on CANTIDAD_INICIAL item in ACTFJOGNR data block...
   No compilation errors.

Compiling WHEN-NEW-ITEM-INSTANCE trigger on VALOR_INICIAL item in ACTFJOGNR data block...
   No compilation errors.

Compiling WHEN-NEW-ITEM-INSTANCE trigger on VALOR_ACTUAL item in ACTFJOGNR data block...
   No compilation errors.

Compiling WHEN-NEW-ITEM-INSTANCE trigger on IVA item in ACTFJOGNR data block...
   No compilation errors.

Compiling WHEN-NEW-ITEM-INSTANCE trigger on DEPRECIACION item in ACTFJOGNR data block...
   No compilation errors.

Compiling WHEN-NEW-ITEM-INSTANCE trigger on REVALORIZACION item in ACTFJOGNR data block...
   No compilation errors.

Compiling WHEN-NEW-ITEM-INSTANCE trigger on VIDA_UTIL item in ACTFJOGNR data block...
   No compilation errors.

Compiling KEY-NEXT-ITEM trigger on VIDA_UTIL item in ACTFJOGNR data block...
   No compilation errors.

Compiling ON-LOCK trigger on ACTFJOESP data block...
   No compilation errors.

Compiling POST-INSERT trigger on ACTFJOESP data block...
   No compilation errors.

Compiling POST-QUERY trigger on ACTFJOESP data block...
   No compilation errors.

Compiling PRE-BLOCK trigger on ACTFJOESP data block...
   No compilation errors.

Compiling PRE-QUERY trigger on ACTFJOESP data block...
   No compilation errors.

Compiling WHEN-DATABASE-RECORD trigger on ACTFJOESP data block...
   No compilation errors.

Compiling WHEN-NEW-BLOCK-INSTANCE trigger on ACTFJOESP data block...
   No compilation errors.

Compiling WHEN-NEW-RECORD-INSTANCE trigger on ACTFJOESP data block...
   No compilation errors.

Compiling WHEN-REMOVE-RECORD trigger on ACTFJOESP data block...
   No compilation errors.

Compiling POST-SELECT trigger on ACTFJOESP data block...
   No compilation errors.

Compiling ON-ERROR trigger on ACTFJOESP data block...
   No compilation errors.

Compiling WHEN-NEW-ITEM-INSTANCE trigger on REC_ACTUAL item in ACTFJOESP data block...
   No compilation errors.

Compiling KEY-PREV-ITEM trigger on REC_ACTUAL item in ACTFJOESP data block...
   No compilation errors.

Compiling WHEN-NEW-ITEM-INSTANCE trigger on CODIGO1 item in ACTFJOESP data block...
   No compilation errors.

Compiling WHEN-NEW-ITEM-INSTANCE trigger on FECHA_INGRESO item in ACTFJOESP data block...
   No compilation errors.

Compiling KEY-LISTVAL trigger on FECHA_INGRESO item in ACTFJOESP data block...
   No compilation errors.

Compiling WHEN-NEW-ITEM-INSTANCE trigger on VALOR_INICIAL1 item in ACTFJOESP data block...
   No compilation errors.

Compiling WHEN-NEW-ITEM-INSTANCE trigger on VALOR_ACTUAL1 item in ACTFJOESP data block...
   No compilation errors.

Compiling WHEN-NEW-ITEM-INSTANCE trigger on NUMERO_SERIE item in ACTFJOESP data block...
   No compilation errors.

Compiling WHEN-NEW-ITEM-INSTANCE trigger on IVA item in ACTFJOESP data block...
   No compilation errors.

Compiling WHEN-NEW-ITEM-INSTANCE trigger on PORCENTAJE_DEPRECIACION item in ACTFJOESP data block...
   No compilation errors.

Compiling WHEN-NEW-ITEM-INSTANCE trigger on PORCENTAJE_REVALORIZACION item in ACTFJOESP data block...
   No compilation errors.

Compiling WHEN-NEW-ITEM-INSTANCE trigger on ESTADO_DE_ASIGNACION item in ACTFJOESP data block...
   No compilation errors.

Compiling WHEN-NEW-ITEM-INSTANCE trigger on TIPO item in ACTFJOESP data block...
   No compilation errors.

Compiling WHEN-NEW-ITEM-INSTANCE trigger on DESCRIPCION1 item in ACTFJOESP data block...
   No compilation errors.

Compiling KEY-NEXT-ITEM trigger on DESCRIPCION1 item in ACTFJOESP data block...
   No compilation errors.

Compiling WHEN-NEW-ITEM-INSTANCE trigger on MARCA1 item in ACTFJOESP data block...
   No compilation errors.

Compiling WHEN-NEW-ITEM-INSTANCE trigger on MODELO1 item in ACTFJOESP data block...
   No compilation errors.

Compiling WHEN-NEW-ITEM-INSTANCE trigger on VIDA_UTIL1 item in ACTFJOESP data block...
   No compilation errors.

Compiling WHEN-NEW-ITEM-INSTANCE trigger on GRPACTFJO_CODIGO1 item in ACTFJOESP data block...
   No compilation errors.

Compiling WHEN-NEW-ITEM-INSTANCE trigger on GRPACTFJO_EMP_CODIGO1 item in ACTFJOESP data block...
   No compilation errors.

Compiling WHEN-NEW-ITEM-INSTANCE trigger on SBGACTFJO_CODIGO1 item in ACTFJOESP data block...
   No compilation errors.

Compiling WHEN-NEW-ITEM-INSTANCE trigger on ACTFJOGNR_CODIGO1 item in ACTFJOESP data block...
   No compilation errors.

Compiling KEY-CLRREC trigger on CG$CTRL data block...
   No compilation errors.

Compiling KEY-CREREC trigger on CG$CTRL data block...
   No compilation errors.

Compiling KEY-DOWN trigger on CG$CTRL data block...
   No compilation errors.

Compiling KEY-NXTREC trigger on CG$CTRL data block...
   No compilation errors.

Compiling KEY-SCRDOWN trigger on CG$CTRL data block...
   No compilation errors.

Compiling KEY-UP trigger on CG$CTRL data block...
   No compilation errors.

Compiling KEY-PRVREC trigger on CG$CTRL data block...
   No compilation errors.

Compiling KEY-SCRUP trigger on CG$CTRL data block...
   No compilation errors.

Compiling ON-ERROR trigger on CG$CTRL data block...
   No compilation errors.

Compiling PRE-BLOCK trigger on CG$CTRL data block...
   No compilation errors.

Compiling WHEN-NEW-BLOCK-INSTANCE trigger on CG$CTRL data block...
   No compilation errors.


Created form file m:\SAS\BIN\ACF\frm\actfjoiniinv.fmx
