Compiling procedure CG$WHEN_NEW_FORM_INSTANCE... 
   No compilation errors.

Compiling procedure CGUI$GET_NEXT_CNTASG_SEQ... 
   No compilation errors.

Compiling procedure CGFK$CHK_CNTASG_CNTASG_EMP_FK... 
   No compilation errors.

Compiling procedure CGUI$GET_NEXT_DTLCNTASG_SEQ... 
   No compilation errors.

Compiling procedure CGFK$CHK_DTLCNTASG_DTLCNTASG_C... 
   No compilation errors.

Compiling function CGTE$CHECK_CONSTRAINT_VIO... 
   No compilation errors.

Compiling procedure CGNV$AI_BTN_VER_COMPROBANTE... 
   No compilation errors.

Compiling procedure CGNV$PREV_ITEM... 
   No compilation errors.

Compiling procedure CGBS$TOGGLE... 
   No compilation errors.

Compiling procedure VALIDAR_FECHA_CMP... 
   No compilation errors.

Compiling procedure HABILITAR_DESHABILITAR_DTLL... 
   No compilation errors.

Compiling procedure HABILITACIONES_CABECERA... 
   No compilation errors.

Compiling procedure FIJAR_HABILITACIONES_CNT... 
   No compilation errors.

Compiling procedure FIJAR_DATOS_ASIGNACIONES... 
   No compilation errors.

Compiling POST-FORM trigger on form...
   No compilation errors.

Compiling CALENDAR_WROTE_DATE trigger on form...
   No compilation errors.

Compiling KEY-EXIT trigger on form...
   No compilation errors.

Compiling POST-FORMS-COMMIT trigger on form...
   No compilation errors.

Compiling KEY-CLRFRM trigger on form...
   No compilation errors.

Compiling KEY-HELP trigger on form...
   No compilation errors.

Compiling KEY-MENU trigger on form...
   No compilation errors.

Compiling ON-ERROR trigger on form...
   No compilation errors.

Compiling ON-MESSAGE trigger on form...
   No compilation errors.

Compiling PRE-FORM trigger on form...
   No compilation errors.

Compiling QUERY_FIND trigger on form...
   No compilation errors.

Compiling QMS$MENU_ITEM trigger on form...
   No compilation errors.

Compiling WHEN-NEW-BLOCK-INSTANCE trigger on form...
   No compilation errors.

Compiling WHEN-NEW-FORM-INSTANCE trigger on form...
   No compilation errors.

Compiling WHEN-WINDOW-CLOSED trigger on form...
   No compilation errors.

Compiling WHEN-WINDOW-ACTIVATED trigger on form...
   No compilation errors.

Compiling WHEN-WINDOW-RESIZED trigger on form...
   No compilation errors.

Compiling KEY-PREV-ITEM trigger on form...
   No compilation errors.

Compiling POST-BLOCK trigger on form...
   No compilation errors.

Compiling ON-CLEAR-DETAILS trigger on form...
   No compilation errors.

Compiling ON-POPULATE-DETAILS trigger on form...
   No compilation errors.

Compiling KEY-ENTQRY trigger on form...
   No compilation errors.

Compiling KEY-EXEQRY trigger on form...
   No compilation errors.

Compiling KEY-CQUERY trigger on form...
   No compilation errors.

Compiling KEY-CLRBLK trigger on form...
   No compilation errors.

Compiling KEY-CLRREC trigger on form...
   No compilation errors.

Compiling KEY-NXTKEY trigger on form...
   No compilation errors.

Compiling PRE-COMMIT trigger on form...
   No compilation errors.

Compiling WHEN-RADIO-CHANGED trigger on CALENDAR data block...
   No compilation errors.

Compiling KEY-OTHERS trigger on CALENDAR data block...
   No compilation errors.

Compiling KEY-NEXT-ITEM trigger on CALENDAR data block...
   No compilation errors.

Compiling KEY-PREV-ITEM trigger on CALENDAR data block...
   No compilation errors.

Compiling KEY-ENTER trigger on CALENDAR data block...
   No compilation errors.

Compiling WHEN-BUTTON-PRESSED trigger on CALENDAR data block...
   No compilation errors.

Compiling WHEN-LIST-CHANGED trigger on CALENDAR data block...
   No compilation errors.

Compiling WHEN-MOUSE-CLICK trigger on CALENDAR data block...
   No compilation errors.

Compiling KEY-DOWN trigger on CALENDAR data block...
   No compilation errors.

Compiling KEY-UP trigger on CALENDAR data block...
   No compilation errors.

Compiling KEY-NXTREC trigger on CALENDAR data block...
   No compilation errors.

Compiling KEY-PRVREC trigger on CALENDAR data block...
   No compilation errors.

Compiling WHEN-MOUSE-DOUBLECLICK trigger on CALENDAR data block...
   No compilation errors.

Compiling WHEN-NEW-ITEM-INSTANCE trigger on HOUR item in CALENDAR data block...
   No compilation errors.

Compiling WHEN-NEW-ITEM-INSTANCE trigger on MINUTE item in CALENDAR data block...
   No compilation errors.

Compiling WHEN-NEW-ITEM-INSTANCE trigger on OK item in CALENDAR data block...
   No compilation errors.

Compiling WHEN-BUTTON-PRESSED trigger on OK item in CALENDAR data block...
   No compilation errors.

Compiling WHEN-NEW-ITEM-INSTANCE trigger on CANCEL item in CALENDAR data block...
   No compilation errors.

Compiling WHEN-BUTTON-PRESSED trigger on CANCEL item in CALENDAR data block...
   No compilation errors.

Compiling WHEN-MOUSE-CLICK trigger on PREV_MONTH item in CALENDAR data block...
   No compilation errors.

Compiling WHEN-MOUSE-CLICK trigger on NEXT_MONTH item in CALENDAR data block...
   No compilation errors.

Compiling WHEN-MOUSE-CLICK trigger on NEXT_YEAR item in CALENDAR data block...
   No compilation errors.

Compiling WHEN-MOUSE-CLICK trigger on PREV_YEAR item in CALENDAR data block...
   No compilation errors.

Compiling WHEN-NEW-ITEM-INSTANCE trigger on AM_PM item in CALENDAR data block...
   No compilation errors.

Compiling WHEN-BUTTON-PRESSED trigger on QMS$TOOLBAR data block...
   No compilation errors.

Compiling WHEN-LIST-CHANGED trigger on ORDER_BY item in QMS$TOOLBAR data block...
   No compilation errors.

Compiling ON-LOCK trigger on CNTASG data block...
   No compilation errors.

Compiling POST-INSERT trigger on CNTASG data block...
   No compilation errors.

Compiling POST-QUERY trigger on CNTASG data block...
   No compilation errors.

Compiling PRE-BLOCK trigger on CNTASG data block...
   No compilation errors.

Compiling PRE-QUERY trigger on CNTASG data block...
   No compilation errors.

Compiling WHEN-DATABASE-RECORD trigger on CNTASG data block...
   No compilation errors.

Compiling WHEN-NEW-BLOCK-INSTANCE trigger on CNTASG data block...
   No compilation errors.

Compiling WHEN-NEW-RECORD-INSTANCE trigger on CNTASG data block...
   No compilation errors.

Compiling WHEN-REMOVE-RECORD trigger on CNTASG data block...
   No compilation errors.

Compiling POST-SELECT trigger on CNTASG data block...
   No compilation errors.

Compiling PRE-INSERT trigger on CNTASG data block...
   No compilation errors.

Compiling KEY-DUPREC trigger on CNTASG data block...
   No compilation errors.

Compiling ON-ERROR trigger on CNTASG data block...
   No compilation errors.

Compiling KEY-HELP trigger on CNTASG data block...
   No compilation errors.

Compiling POST-UPDATE trigger on CNTASG data block...
   No compilation errors.

Compiling WHEN-CREATE-RECORD trigger on CNTASG data block...
   No compilation errors.

Compiling WHEN-NEW-ITEM-INSTANCE trigger on CNTASG_IND item in CNTASG data block...
   No compilation errors.

Compiling WHEN-NEW-ITEM-INSTANCE trigger on FECHA_VALIDADA item in CNTASG data block...
   No compilation errors.

Compiling KEY-LISTVAL trigger on FECHA_VALIDADA item in CNTASG data block...
   No compilation errors.

Compiling WHEN-NEW-ITEM-INSTANCE trigger on REG_ACT item in CNTASG data block...
   No compilation errors.

Compiling WHEN-NEW-ITEM-INSTANCE trigger on EMP_CODIGO item in CNTASG data block...
   No compilation errors.

Compiling KEY-HELP trigger on EMP_CODIGO item in CNTASG data block...
   No compilation errors.

Compiling WHEN-NEW-ITEM-INSTANCE trigger on CNTASG_ID item in CNTASG data block...
   No compilation errors.

Compiling KEY-HELP trigger on CNTASG_ID item in CNTASG data block...
   No compilation errors.

Compiling WHEN-NEW-ITEM-INSTANCE trigger on FECHA_DESDE item in CNTASG data block...
   No compilation errors.

Compiling KEY-LISTVAL trigger on FECHA_DESDE item in CNTASG data block...
   No compilation errors.

Compiling KEY-HELP trigger on FECHA_DESDE item in CNTASG data block...
   No compilation errors.

Compiling WHEN-VALIDATE-ITEM trigger on FECHA_DESDE item in CNTASG data block...
   No compilation errors.

Compiling WHEN-NEW-ITEM-INSTANCE trigger on FECHA_HASTA item in CNTASG data block...
   No compilation errors.

Compiling KEY-LISTVAL trigger on FECHA_HASTA item in CNTASG data block...
   No compilation errors.

Compiling KEY-HELP trigger on FECHA_HASTA item in CNTASG data block...
   No compilation errors.

Compiling WHEN-VALIDATE-ITEM trigger on FECHA_HASTA item in CNTASG data block...
   No compilation errors.

Compiling WHEN-NEW-ITEM-INSTANCE trigger on BTN_VERIFICAR item in CNTASG data block...
   No compilation errors.

Compiling WHEN-BUTTON-PRESSED trigger on BTN_VERIFICAR item in CNTASG data block...
   No compilation errors.

Compiling WHEN-NEW-ITEM-INSTANCE trigger on USUARIO item in CNTASG data block...
   No compilation errors.

Compiling KEY-HELP trigger on USUARIO item in CNTASG data block...
   No compilation errors.

Compiling WHEN-NEW-ITEM-INSTANCE trigger on ESTADO item in CNTASG data block...
   No compilation errors.

Compiling KEY-HELP trigger on ESTADO item in CNTASG data block...
   No compilation errors.

Compiling WHEN-NEW-ITEM-INSTANCE trigger on CMP_CODIGO item in CNTASG data block...
   No compilation errors.

Compiling KEY-HELP trigger on CMP_CODIGO item in CNTASG data block...
   No compilation errors.

Compiling WHEN-NEW-ITEM-INSTANCE trigger on CMP_FECHA item in CNTASG data block...
   No compilation errors.

Compiling KEY-LISTVAL trigger on CMP_FECHA item in CNTASG data block...
   No compilation errors.

Compiling KEY-HELP trigger on CMP_FECHA item in CNTASG data block...
   No compilation errors.

Compiling WHEN-VALIDATE-ITEM trigger on CMP_FECHA item in CNTASG data block...
   No compilation errors.

Compiling WHEN-NEW-ITEM-INSTANCE trigger on CMP_CLAVE item in CNTASG data block...
   No compilation errors.

Compiling KEY-HELP trigger on CMP_CLAVE item in CNTASG data block...
   No compilation errors.

Compiling WHEN-NEW-ITEM-INSTANCE trigger on BTN_CONTABILIZAR item in CNTASG data block...
   No compilation errors.

Compiling WHEN-BUTTON-PRESSED trigger on BTN_CONTABILIZAR item in CNTASG data block...
   No compilation errors.

Compiling WHEN-NEW-ITEM-INSTANCE trigger on BTN_COMPROBANTE item in CNTASG data block...
   No compilation errors.

Compiling WHEN-BUTTON-PRESSED trigger on BTN_COMPROBANTE item in CNTASG data block...
   No compilation errors.

Compiling ON-LOCK trigger on DTLCNTASG data block...
   No compilation errors.

Compiling POST-INSERT trigger on DTLCNTASG data block...
   No compilation errors.

Compiling POST-QUERY trigger on DTLCNTASG data block...
   No compilation errors.

Compiling PRE-BLOCK trigger on DTLCNTASG data block...
   No compilation errors.

Compiling PRE-QUERY trigger on DTLCNTASG data block...
   No compilation errors.

Compiling WHEN-DATABASE-RECORD trigger on DTLCNTASG data block...
   No compilation errors.

Compiling WHEN-NEW-BLOCK-INSTANCE trigger on DTLCNTASG data block...
   No compilation errors.

Compiling WHEN-NEW-RECORD-INSTANCE trigger on DTLCNTASG data block...
   No compilation errors.

Compiling WHEN-REMOVE-RECORD trigger on DTLCNTASG data block...
   No compilation errors.

Compiling POST-SELECT trigger on DTLCNTASG data block...
   No compilation errors.

Compiling PRE-INSERT trigger on DTLCNTASG data block...
   No compilation errors.

Compiling KEY-DUPREC trigger on DTLCNTASG data block...
   No compilation errors.

Compiling ON-ERROR trigger on DTLCNTASG data block...
   No compilation errors.

Compiling KEY-HELP trigger on DTLCNTASG data block...
   No compilation errors.

Compiling WHEN-NEW-ITEM-INSTANCE trigger on REC_ACTUAL item in DTLCNTASG data block...
   No compilation errors.

Compiling WHEN-NEW-ITEM-INSTANCE trigger on CNTASG_CNTASG_ID item in DTLCNTASG data block...
   No compilation errors.

Compiling KEY-HELP trigger on CNTASG_CNTASG_ID item in DTLCNTASG data block...
   No compilation errors.

Compiling WHEN-NEW-ITEM-INSTANCE trigger on DTLCNTASG_ID item in DTLCNTASG data block...
   No compilation errors.

Compiling KEY-HELP trigger on DTLCNTASG_ID item in DTLCNTASG data block...
   No compilation errors.

Compiling WHEN-NEW-ITEM-INSTANCE trigger on ASGACT_NUMERO item in DTLCNTASG data block...
   No compilation errors.

Compiling KEY-HELP trigger on ASGACT_NUMERO item in DTLCNTASG data block...
   No compilation errors.

Compiling WHEN-NEW-ITEM-INSTANCE trigger on CODIGO_SUMINISTRO item in DTLCNTASG data block...
   No compilation errors.

Compiling KEY-HELP trigger on CODIGO_SUMINISTRO item in DTLCNTASG data block...
   No compilation errors.

Compiling WHEN-NEW-ITEM-INSTANCE trigger on DESC_SMN item in DTLCNTASG data block...
   No compilation errors.

Compiling WHEN-NEW-ITEM-INSTANCE trigger on AREA item in DTLCNTASG data block...
   No compilation errors.

Compiling KEY-HELP trigger on AREA item in DTLCNTASG data block...
   No compilation errors.

Compiling WHEN-NEW-ITEM-INSTANCE trigger on DEPARTAMENTO item in DTLCNTASG data block...
   No compilation errors.

Compiling KEY-HELP trigger on DEPARTAMENTO item in DTLCNTASG data block...
   No compilation errors.

Compiling WHEN-NEW-ITEM-INSTANCE trigger on DESC_DPR item in DTLCNTASG data block...
   No compilation errors.

Compiling WHEN-NEW-ITEM-INSTANCE trigger on FECHA item in DTLCNTASG data block...
   No compilation errors.

Compiling KEY-LISTVAL trigger on FECHA item in DTLCNTASG data block...
   No compilation errors.

Compiling KEY-HELP trigger on FECHA item in DTLCNTASG data block...
   No compilation errors.

Compiling WHEN-NEW-ITEM-INSTANCE trigger on VALOR item in DTLCNTASG data block...
   No compilation errors.

Compiling KEY-HELP trigger on VALOR item in DTLCNTASG data block...
   No compilation errors.

Compiling WHEN-NEW-ITEM-INSTANCE trigger on CONTABILIZA item in DTLCNTASG data block...
   No compilation errors.

Compiling KEY-HELP trigger on CONTABILIZA item in DTLCNTASG data block...
   No compilation errors.

Compiling WHEN-NEW-ITEM-INSTANCE trigger on TOTAL item in DTLCNTASG data block...
   No compilation errors.

Compiling WHEN-NEW-ITEM-INSTANCE trigger on CNTASG_EMP_CODIGO item in DTLCNTASG data block...
   No compilation errors.

Compiling KEY-HELP trigger on CNTASG_EMP_CODIGO item in DTLCNTASG data block...
   No compilation errors.

Compiling KEY-CLRREC trigger on CGNV$WINDOW_1 data block...
   No compilation errors.

Compiling KEY-CREREC trigger on CGNV$WINDOW_1 data block...
   No compilation errors.

Compiling KEY-DOWN trigger on CGNV$WINDOW_1 data block...
   No compilation errors.

Compiling KEY-NXTREC trigger on CGNV$WINDOW_1 data block...
   No compilation errors.

Compiling KEY-SCRDOWN trigger on CGNV$WINDOW_1 data block...
   No compilation errors.

Compiling KEY-UP trigger on CGNV$WINDOW_1 data block...
   No compilation errors.

Compiling KEY-PRVREC trigger on CGNV$WINDOW_1 data block...
   No compilation errors.

Compiling KEY-SCRUP trigger on CGNV$WINDOW_1 data block...
   No compilation errors.

Compiling ON-ERROR trigger on CGNV$WINDOW_1 data block...
   No compilation errors.

Compiling PRE-BLOCK trigger on CGNV$WINDOW_1 data block...
   No compilation errors.

Compiling WHEN-NEW-BLOCK-INSTANCE trigger on CGNV$WINDOW_1 data block...
   No compilation errors.

Compiling WHEN-NEW-ITEM-INSTANCE trigger on BTN_VER_COMPROBANTE item in CGNV$WINDOW_1 data block...
   No compilation errors.

Compiling WHEN-BUTTON-PRESSED trigger on BTN_VER_COMPROBANTE item in CGNV$WINDOW_1 data block...
   No compilation errors.

Compiling KEY-CLRREC trigger on CG$CTRL data block...
   No compilation errors.

Compiling KEY-CREREC trigger on CG$CTRL data block...
   No compilation errors.

Compiling KEY-DOWN trigger on CG$CTRL data block...
   No compilation errors.

Compiling KEY-NXTREC trigger on CG$CTRL data block...
   No compilation errors.

Compiling KEY-SCRDOWN trigger on CG$CTRL data block...
   No compilation errors.

Compiling KEY-UP trigger on CG$CTRL data block...
   No compilation errors.

Compiling KEY-PRVREC trigger on CG$CTRL data block...
   No compilation errors.

Compiling KEY-SCRUP trigger on CG$CTRL data block...
   No compilation errors.

Compiling ON-ERROR trigger on CG$CTRL data block...
   No compilation errors.

Compiling PRE-BLOCK trigger on CG$CTRL data block...
   No compilation errors.

Compiling WHEN-NEW-BLOCK-INSTANCE trigger on CG$CTRL data block...
   No compilation errors.


Created form file y:\SaS\BIN\acf\frm\cntcntasg.fmx
