Compiling package specification CG$ACTFJOINGACT_GLOBALS... 
   No compilation errors.

Compiling procedure CGDV$POPULATE_DYNAMIC_LISTS... 
   No compilation errors.

Compiling procedure CGUI$CG_CODE_CONTROLS... 
   No compilation errors.

Compiling procedure CGFK$QRY_INGACTFJO_INGACTFJO_P... 
   No compilation errors.

Compiling procedure CGSF$CLR_INGACTFJO_INGACTFJO_P... 
   No compilation errors.

Compiling procedure CGFK$LKP_INGACTFJO_INGACTFJO_P... 
   No compilation errors.

Compiling procedure CGSF$CLR_INGACTFJO_INGACTFJ2... 
   No compilation errors.

Compiling procedure CGFK$QRY_INGACTFJO_INGACTFJ2... 
   No compilation errors.

Compiling procedure CGUI$GET_NEXT_DTLINGACT_SEQ... 
   No compilation errors.

Compiling procedure CGSF$CLR_DTLINGACT_DTLINGACT_A... 
   No compilation errors.

Compiling procedure CGFK$QRY_DTLINGACT_DTLINGACT_A... 
   No compilation errors.

Compiling function CGTE$CHECK_CONSTRAINT_VIO... 
   No compilation errors.

Compiling procedure CGTE$INGACTFJO_ERRORS... 
   No compilation errors.

Compiling procedure CGTE$DTLINGACT_ERRORS... 
   No compilation errors.

Compiling procedure CGNV$AI_BTN_VER_COMPROBANTE... 
   No compilation errors.

Compiling procedure CGBS$TOGGLE... 
   No compilation errors.

Compiling procedure ANULA_INGRESO_ACTIVO... 
   No compilation errors.

Compiling procedure CALCULA_VALOR_TOTAL... 
   No compilation errors.

Compiling procedure FIJAR_REPORTE... 
   No compilation errors.

Compiling procedure GENERA_ACTIVOS_FIJOS... 
   No compilation errors.

Compiling PRE-COMMIT trigger on form...
   No compilation errors.

Compiling QMS$CUSTOM_HELP trigger on form...
   No compilation errors.

Compiling POST-FORM trigger on form...
   No compilation errors.

Compiling CALENDAR_WROTE_DATE trigger on form...
   No compilation errors.

Compiling KEY-EXIT trigger on form...
   No compilation errors.

Compiling POST-FORMS-COMMIT trigger on form...
   No compilation errors.

Compiling KEY-CLRFRM trigger on form...
   No compilation errors.

Compiling KEY-HELP trigger on form...
   No compilation errors.

Compiling KEY-MENU trigger on form...
   No compilation errors.

Compiling ON-ERROR trigger on form...
   No compilation errors.

Compiling ON-MESSAGE trigger on form...
   No compilation errors.

Compiling PRE-FORM trigger on form...
   No compilation errors.

Compiling QUERY_FIND trigger on form...
   No compilation errors.

Compiling QMS$MENU_ITEM trigger on form...
   No compilation errors.

Compiling WHEN-NEW-BLOCK-INSTANCE trigger on form...
   No compilation errors.

Compiling WHEN-NEW-FORM-INSTANCE trigger on form...
   No compilation errors.

Compiling WHEN-WINDOW-CLOSED trigger on form...
   No compilation errors.

Compiling WHEN-WINDOW-ACTIVATED trigger on form...
   No compilation errors.

Compiling WHEN-WINDOW-RESIZED trigger on form...
   No compilation errors.

Compiling POST-TEXT-ITEM trigger on form...
   No compilation errors.

Compiling WHEN-FORM-NAVIGATE trigger on form...
   No compilation errors.

Compiling ON-CLEAR-DETAILS trigger on form...
   No compilation errors.

Compiling ON-POPULATE-DETAILS trigger on form...
   No compilation errors.

Compiling KEY-ENTQRY trigger on form...
   No compilation errors.

Compiling KEY-EXEQRY trigger on form...
   No compilation errors.

Compiling KEY-CQUERY trigger on form...
   No compilation errors.

Compiling KEY-CLRBLK trigger on form...
   No compilation errors.

Compiling KEY-CLRREC trigger on form...
   No compilation errors.

Compiling KEY-NXTKEY trigger on form...
   No compilation errors.

Compiling KEY-CLRREC trigger on QMS$TRANS_ERRORS data block...
   No compilation errors.

Compiling KEY-CREREC trigger on QMS$TRANS_ERRORS data block...
   No compilation errors.

Compiling KEY-DOWN trigger on QMS$TRANS_ERRORS data block...
   No compilation errors.

Compiling KEY-NXTREC trigger on QMS$TRANS_ERRORS data block...
   No compilation errors.

Compiling KEY-SCRDOWN trigger on QMS$TRANS_ERRORS data block...
   No compilation errors.

Compiling KEY-UP trigger on QMS$TRANS_ERRORS data block...
   No compilation errors.

Compiling KEY-PRVREC trigger on QMS$TRANS_ERRORS data block...
   No compilation errors.

Compiling KEY-SCRUP trigger on QMS$TRANS_ERRORS data block...
   No compilation errors.

Compiling ON-ERROR trigger on QMS$TRANS_ERRORS data block...
   No compilation errors.

Compiling PRE-BLOCK trigger on QMS$TRANS_ERRORS data block...
   No compilation errors.

Compiling WHEN-NEW-BLOCK-INSTANCE trigger on QMS$TRANS_ERRORS data block...
   No compilation errors.

Compiling ON-LOCK trigger on QMS$TRANS_ERRORS data block...
   No compilation errors.

Compiling WHEN-VALIDATE-RECORD trigger on QMS$TRANS_ERRORS data block...
   No compilation errors.

Compiling WHEN-BUTTON-PRESSED trigger on QMS$TRANS_ERRORS data block...
   No compilation errors.

Compiling WHEN-LIST-ACTIVATED trigger on QMS$TRANS_ERRORS data block...
   No compilation errors.

Compiling WHEN-NEW-ITEM-INSTANCE trigger on OK_BUTTON item in QMS$TRANS_ERRORS data block...
   No compilation errors.

Compiling WHEN-BUTTON-PRESSED trigger on OK_BUTTON item in QMS$TRANS_ERRORS data block...
   No compilation errors.

Compiling KEY-PREV-ITEM trigger on OK_BUTTON item in QMS$TRANS_ERRORS data block...
   No compilation errors.

Compiling WHEN-LIST-CHANGED trigger on MESSAGES item in QMS$TRANS_ERRORS data block...
   No compilation errors.

Compiling WHEN-NEW-ITEM-INSTANCE trigger on HELP_BUTTON item in QMS$TRANS_ERRORS data block...
   No compilation errors.

Compiling WHEN-BUTTON-PRESSED trigger on HELP_BUTTON item in QMS$TRANS_ERRORS data block...
   No compilation errors.

Compiling KEY-NEXT-ITEM trigger on HELP_BUTTON item in QMS$TRANS_ERRORS data block...
   No compilation errors.

Compiling WHEN-NEW-ITEM-INSTANCE trigger on OK_BUTTON_MODAL item in QMS$TRANS_ERRORS data block...
   No compilation errors.

Compiling WHEN-BUTTON-PRESSED trigger on OK_BUTTON_MODAL item in QMS$TRANS_ERRORS data block...
   No compilation errors.

Compiling KEY-PREV-ITEM trigger on OK_BUTTON_MODAL item in QMS$TRANS_ERRORS data block...
   No compilation errors.

Compiling WHEN-LIST-CHANGED trigger on MESSAGES_MODAL item in QMS$TRANS_ERRORS data block...
   No compilation errors.

Compiling WHEN-NEW-ITEM-INSTANCE trigger on HELP_BUTTON_MODAL item in QMS$TRANS_ERRORS data block...
   No compilation errors.

Compiling WHEN-BUTTON-PRESSED trigger on HELP_BUTTON_MODAL item in QMS$TRANS_ERRORS data block...
   No compilation errors.

Compiling KEY-NEXT-ITEM trigger on HELP_BUTTON_MODAL item in QMS$TRANS_ERRORS data block...
   No compilation errors.

Compiling WHEN-NEW-ITEM-INSTANCE trigger on RETURN_TO_BLOCK item in QMS$TRANS_ERRORS data block...
   No compilation errors.

Compiling WHEN-RADIO-CHANGED trigger on CALENDAR data block...
   No compilation errors.

Compiling KEY-OTHERS trigger on CALENDAR data block...
   No compilation errors.

Compiling KEY-NEXT-ITEM trigger on CALENDAR data block...
   No compilation errors.

Compiling KEY-PREV-ITEM trigger on CALENDAR data block...
   No compilation errors.

Compiling KEY-ENTER trigger on CALENDAR data block...
   No compilation errors.

Compiling WHEN-BUTTON-PRESSED trigger on CALENDAR data block...
   No compilation errors.

Compiling WHEN-LIST-CHANGED trigger on CALENDAR data block...
   No compilation errors.

Compiling WHEN-MOUSE-CLICK trigger on CALENDAR data block...
   No compilation errors.

Compiling KEY-DOWN trigger on CALENDAR data block...
   No compilation errors.

Compiling KEY-UP trigger on CALENDAR data block...
   No compilation errors.

Compiling KEY-NXTREC trigger on CALENDAR data block...
   No compilation errors.

Compiling KEY-PRVREC trigger on CALENDAR data block...
   No compilation errors.

Compiling WHEN-MOUSE-DOUBLECLICK trigger on CALENDAR data block...
   No compilation errors.

Compiling WHEN-NEW-ITEM-INSTANCE trigger on HOUR item in CALENDAR data block...
   No compilation errors.

Compiling WHEN-NEW-ITEM-INSTANCE trigger on MINUTE item in CALENDAR data block...
   No compilation errors.

Compiling WHEN-NEW-ITEM-INSTANCE trigger on OK item in CALENDAR data block...
   No compilation errors.

Compiling WHEN-BUTTON-PRESSED trigger on OK item in CALENDAR data block...
   No compilation errors.

Compiling KEY-PREV-ITEM trigger on OK item in CALENDAR data block...
   No compilation errors.

Compiling WHEN-NEW-ITEM-INSTANCE trigger on CANCEL item in CALENDAR data block...
   No compilation errors.

Compiling WHEN-BUTTON-PRESSED trigger on CANCEL item in CALENDAR data block...
   No compilation errors.

Compiling KEY-NEXT-ITEM trigger on MONTH_AND_YEAR item in CALENDAR data block...
   No compilation errors.

Compiling WHEN-MOUSE-CLICK trigger on PREV_MONTH item in CALENDAR data block...
   No compilation errors.

Compiling WHEN-MOUSE-CLICK trigger on NEXT_MONTH item in CALENDAR data block...
   No compilation errors.

Compiling WHEN-MOUSE-CLICK trigger on NEXT_YEAR item in CALENDAR data block...
   No compilation errors.

Compiling WHEN-MOUSE-CLICK trigger on PREV_YEAR item in CALENDAR data block...
   No compilation errors.

Compiling WHEN-NEW-ITEM-INSTANCE trigger on AM_PM item in CALENDAR data block...
   No compilation errors.

Compiling WHEN-BUTTON-PRESSED trigger on QMS$TOOLBAR data block...
   No compilation errors.

Compiling WHEN-LIST-CHANGED trigger on ORDER_BY item in QMS$TOOLBAR data block...
   No compilation errors.

Compiling ON-LOCK trigger on INGACTFJO data block...
   No compilation errors.

Compiling POST-INSERT trigger on INGACTFJO data block...
   No compilation errors.

Compiling POST-QUERY trigger on INGACTFJO data block...
   No compilation errors.

Compiling PRE-BLOCK trigger on INGACTFJO data block...
   No compilation errors.

Compiling PRE-QUERY trigger on INGACTFJO data block...
   No compilation errors.

Compiling WHEN-DATABASE-RECORD trigger on INGACTFJO data block...
   No compilation errors.

Compiling WHEN-NEW-BLOCK-INSTANCE trigger on INGACTFJO data block...
   No compilation errors.

Compiling WHEN-NEW-RECORD-INSTANCE trigger on INGACTFJO data block...
   No compilation errors.

Compiling WHEN-REMOVE-RECORD trigger on INGACTFJO data block...
   No compilation errors.

Compiling POST-SELECT trigger on INGACTFJO data block...
   No compilation errors.

Compiling PRE-INSERT trigger on INGACTFJO data block...
   No compilation errors.

Compiling PRE-UPDATE trigger on INGACTFJO data block...
   No compilation errors.

Compiling ON-ERROR trigger on INGACTFJO data block...
   No compilation errors.

Compiling PRE-RECORD trigger on INGACTFJO data block...
   No compilation errors.

Compiling POST-UPDATE trigger on INGACTFJO data block...
   No compilation errors.

Compiling WHEN-NEW-ITEM-INSTANCE trigger on INGACTFJO_IND item in INGACTFJO data block...
   No compilation errors.

Compiling WHEN-NEW-ITEM-INSTANCE trigger on REC_ACTUAL item in INGACTFJO data block...
   No compilation errors.

Compiling WHEN-NEW-ITEM-INSTANCE trigger on NUMERO item in INGACTFJO data block...
   No compilation errors.

Compiling WHEN-NEW-ITEM-INSTANCE trigger on FECHA item in INGACTFJO data block...
   No compilation errors.

Compiling KEY-LISTVAL trigger on FECHA item in INGACTFJO data block...
   No compilation errors.

Compiling KEY-PREV-ITEM trigger on FECHA item in INGACTFJO data block...
   No compilation errors.

Compiling WHEN-NEW-ITEM-INSTANCE trigger on MOTIVO_INGRESO item in INGACTFJO data block...
   No compilation errors.

Compiling WHEN-VALIDATE-ITEM trigger on MOTIVO_INGRESO item in INGACTFJO data block...
   No compilation errors.

Compiling WHEN-LIST-CHANGED trigger on MOTIVO_INGRESO item in INGACTFJO data block...
   No compilation errors.

Compiling WHEN-NEW-ITEM-INSTANCE trigger on PRS_CODIGO item in INGACTFJO data block...
   No compilation errors.

Compiling WHEN-NEW-ITEM-INSTANCE trigger on PRS_APELLIDOS item in INGACTFJO data block...
   No compilation errors.

Compiling WHEN-NEW-ITEM-INSTANCE trigger on PRS_NOMBRES item in INGACTFJO data block...
   No compilation errors.

Compiling WHEN-VALIDATE-ITEM trigger on PRS_NOMBRES item in INGACTFJO data block...
   No compilation errors.

Compiling WHEN-NEW-ITEM-INSTANCE trigger on PRVACTFJO_CODIGO item in INGACTFJO data block...
   No compilation errors.

Compiling WHEN-NEW-ITEM-INSTANCE trigger on PRVACT_NOMBRE item in INGACTFJO data block...
   No compilation errors.

Compiling WHEN-VALIDATE-ITEM trigger on PRVACT_NOMBRE item in INGACTFJO data block...
   No compilation errors.

Compiling WHEN-NEW-ITEM-INSTANCE trigger on AUTORIZACION_SRI item in INGACTFJO data block...
   No compilation errors.

Compiling WHEN-NEW-ITEM-INSTANCE trigger on SERIE_FACTURA item in INGACTFJO data block...
   No compilation errors.

Compiling WHEN-NEW-ITEM-INSTANCE trigger on NUMERO_FACTURA item in INGACTFJO data block...
   No compilation errors.

Compiling WHEN-NEW-ITEM-INSTANCE trigger on FECHA_FACTURA item in INGACTFJO data block...
   No compilation errors.

Compiling KEY-LISTVAL trigger on FECHA_FACTURA item in INGACTFJO data block...
   No compilation errors.

Compiling WHEN-VALIDATE-ITEM trigger on FECHA_FACTURA item in INGACTFJO data block...
   No compilation errors.

Compiling WHEN-NEW-ITEM-INSTANCE trigger on FECHA_CADUCIDAD item in INGACTFJO data block...
   No compilation errors.

Compiling KEY-LISTVAL trigger on FECHA_CADUCIDAD item in INGACTFJO data block...
   No compilation errors.

Compiling WHEN-VALIDATE-ITEM trigger on FECHA_CADUCIDAD item in INGACTFJO data block...
   No compilation errors.

Compiling WHEN-NEW-ITEM-INSTANCE trigger on DIAS_PLAZO item in INGACTFJO data block...
   No compilation errors.

Compiling WHEN-NEW-ITEM-INSTANCE trigger on OBSERVACIONES item in INGACTFJO data block...
   No compilation errors.

Compiling WHEN-NEW-ITEM-INSTANCE trigger on ESTADO item in INGACTFJO data block...
   No compilation errors.

Compiling WHEN-LIST-CHANGED trigger on ESTADO item in INGACTFJO data block...
   No compilation errors.

Compiling WHEN-NEW-ITEM-INSTANCE trigger on CMP_TIPO item in INGACTFJO data block...
   No compilation errors.

Compiling WHEN-NEW-ITEM-INSTANCE trigger on PRVACT_AUTORIZACION_SRI item in INGACTFJO data block...
   No compilation errors.

Compiling WHEN-NEW-ITEM-INSTANCE trigger on PRVACT_IDENTIFICACION item in INGACTFJO data block...
   No compilation errors.

Compiling WHEN-NEW-ITEM-INSTANCE trigger on PRVACT_RETENCION_FUENTE item in INGACTFJO data block...
   No compilation errors.

Compiling WHEN-NEW-ITEM-INSTANCE trigger on CMP_FECHA item in INGACTFJO data block...
   No compilation errors.

Compiling KEY-LISTVAL trigger on CMP_FECHA item in INGACTFJO data block...
   No compilation errors.

Compiling WHEN-NEW-ITEM-INSTANCE trigger on EMP_CODIGO item in INGACTFJO data block...
   No compilation errors.

Compiling WHEN-NEW-ITEM-INSTANCE trigger on PRVACTFJO_EMP_CODIGO item in INGACTFJO data block...
   No compilation errors.

Compiling WHEN-NEW-ITEM-INSTANCE trigger on BTN_CONTABILIZAR item in INGACTFJO data block...
   No compilation errors.

Compiling WHEN-BUTTON-PRESSED trigger on BTN_CONTABILIZAR item in INGACTFJO data block...
   No compilation errors.

Compiling WHEN-NEW-ITEM-INSTANCE trigger on CMP_CLAVE item in INGACTFJO data block...
   No compilation errors.

Compiling WHEN-NEW-ITEM-INSTANCE trigger on BTN_COMPROBANTE item in INGACTFJO data block...
   No compilation errors.

Compiling WHEN-BUTTON-PRESSED trigger on BTN_COMPROBANTE item in INGACTFJO data block...
   No compilation errors.

Compiling KEY-NEXT-ITEM trigger on BTN_COMPROBANTE item in INGACTFJO data block...
   No compilation errors.

Compiling ON-LOCK trigger on DTLINGACT data block...
   No compilation errors.

Compiling POST-INSERT trigger on DTLINGACT data block...
   No compilation errors.

Compiling POST-QUERY trigger on DTLINGACT data block...
   No compilation errors.

Compiling PRE-BLOCK trigger on DTLINGACT data block...
   No compilation errors.

Compiling PRE-QUERY trigger on DTLINGACT data block...
   No compilation errors.

Compiling WHEN-DATABASE-RECORD trigger on DTLINGACT data block...
   No compilation errors.

Compiling WHEN-NEW-BLOCK-INSTANCE trigger on DTLINGACT data block...
   No compilation errors.

Compiling WHEN-NEW-RECORD-INSTANCE trigger on DTLINGACT data block...
   No compilation errors.

Compiling WHEN-REMOVE-RECORD trigger on DTLINGACT data block...
   No compilation errors.

Compiling POST-SELECT trigger on DTLINGACT data block...
   No compilation errors.

Compiling PRE-INSERT trigger on DTLINGACT data block...
   No compilation errors.

Compiling KEY-DUPREC trigger on DTLINGACT data block...
   No compilation errors.

Compiling ON-ERROR trigger on DTLINGACT data block...
   No compilation errors.

Compiling WHEN-VALIDATE-RECORD trigger on DTLINGACT data block...
   No compilation errors.

Compiling PRE-RECORD trigger on DTLINGACT data block...
   No compilation errors.

Compiling WHEN-NEW-ITEM-INSTANCE trigger on REC_ACTUAL item in DTLINGACT data block...
   No compilation errors.

Compiling WHEN-NEW-ITEM-INSTANCE trigger on GRPACTFJO_EMP_CODIGO item in DTLINGACT data block...
   No compilation errors.

Compiling WHEN-NEW-ITEM-INSTANCE trigger on GRPACTFJO_CODIGO item in DTLINGACT data block...
   No compilation errors.

Compiling WHEN-NEW-ITEM-INSTANCE trigger on SBGACTFJO_CODIGO item in DTLINGACT data block...
   No compilation errors.

Compiling WHEN-NEW-ITEM-INSTANCE trigger on CODIGO item in DTLINGACT data block...
   No compilation errors.

Compiling WHEN-NEW-ITEM-INSTANCE trigger on ACTFJOGNR_DESCRIPCION item in DTLINGACT data block...
   No compilation errors.

Compiling KEY-PREV-ITEM trigger on ACTFJOGNR_DESCRIPCION item in DTLINGACT data block...
   No compilation errors.

Compiling POST-CHANGE trigger on ACTFJOGNR_DESCRIPCION item in DTLINGACT data block...
   No compilation errors.

Compiling WHEN-NEW-ITEM-INSTANCE trigger on CANTIDAD item in DTLINGACT data block...
   No compilation errors.

Compiling WHEN-VALIDATE-ITEM trigger on CANTIDAD item in DTLINGACT data block...
   No compilation errors.

Compiling WHEN-NEW-ITEM-INSTANCE trigger on ACTFJOGNR_FECHA_INGRESO item in DTLINGACT data block...
   No compilation errors.

Compiling KEY-LISTVAL trigger on ACTFJOGNR_FECHA_INGRESO item in DTLINGACT data block...
   No compilation errors.

Compiling WHEN-NEW-ITEM-INSTANCE trigger on ACTFJOGNR_VALOR_INICIAL item in DTLINGACT data block...
   No compilation errors.

Compiling WHEN-NEW-ITEM-INSTANCE trigger on TIPO item in DTLINGACT data block...
   No compilation errors.

Compiling WHEN-NEW-ITEM-INSTANCE trigger on MARCA item in DTLINGACT data block...
   No compilation errors.

Compiling WHEN-NEW-ITEM-INSTANCE trigger on MODELO item in DTLINGACT data block...
   No compilation errors.

Compiling WHEN-NEW-ITEM-INSTANCE trigger on VIDA_UTIL_GENERAL item in DTLINGACT data block...
   No compilation errors.

Compiling WHEN-NEW-ITEM-INSTANCE trigger on REVALORIZACION item in DTLINGACT data block...
   No compilation errors.

Compiling WHEN-NEW-ITEM-INSTANCE trigger on IVA item in DTLINGACT data block...
   No compilation errors.

Compiling WHEN-NEW-ITEM-INSTANCE trigger on VALOR_UNITARIO item in DTLINGACT data block...
   No compilation errors.

Compiling WHEN-VALIDATE-ITEM trigger on VALOR_UNITARIO item in DTLINGACT data block...
   No compilation errors.

Compiling WHEN-NEW-ITEM-INSTANCE trigger on VALOR_REVALORIZADO item in DTLINGACT data block...
   No compilation errors.

Compiling WHEN-NEW-ITEM-INSTANCE trigger on DESCUENTO item in DTLINGACT data block...
   No compilation errors.

Compiling WHEN-VALIDATE-ITEM trigger on DESCUENTO item in DTLINGACT data block...
   No compilation errors.

Compiling WHEN-NEW-ITEM-INSTANCE trigger on VALOR_TOTAL item in DTLINGACT data block...
   No compilation errors.

Compiling WHEN-NEW-ITEM-INSTANCE trigger on IVA_CALCULADO item in DTLINGACT data block...
   No compilation errors.

Compiling WHEN-NEW-ITEM-INSTANCE trigger on OTROS_IMPUESTOS item in DTLINGACT data block...
   No compilation errors.

Compiling WHEN-NEW-ITEM-INSTANCE trigger on NUMERO item in DTLINGACT data block...
   No compilation errors.

Compiling WHEN-NEW-ITEM-INSTANCE trigger on ESTADO_DETALLE item in DTLINGACT data block...
   No compilation errors.

Compiling WHEN-NEW-ITEM-INSTANCE trigger on VIDA_UTIL item in DTLINGACT data block...
   No compilation errors.

Compiling KEY-NEXT-ITEM trigger on VIDA_UTIL item in DTLINGACT data block...
   No compilation errors.

Compiling WHEN-NEW-ITEM-INSTANCE trigger on TOTAL_INGRESO item in DTLINGACT data block...
   No compilation errors.

Compiling WHEN-NEW-ITEM-INSTANCE trigger on TOTAL_IVA item in DTLINGACT data block...
   No compilation errors.

Compiling WHEN-NEW-ITEM-INSTANCE trigger on TOTAL_OTROS_IMPUESTOS item in DTLINGACT data block...
   No compilation errors.

Compiling WHEN-NEW-ITEM-INSTANCE trigger on INGACTFJO_NUMERO item in DTLINGACT data block...
   No compilation errors.

Compiling WHEN-NEW-ITEM-INSTANCE trigger on INGACTFJO_EMP_CODIGO item in DTLINGACT data block...
   No compilation errors.

Compiling KEY-CLRREC trigger on CGNV$WINDOW_1 data block...
   No compilation errors.

Compiling KEY-CREREC trigger on CGNV$WINDOW_1 data block...
   No compilation errors.

Compiling KEY-DOWN trigger on CGNV$WINDOW_1 data block...
   No compilation errors.

Compiling KEY-NXTREC trigger on CGNV$WINDOW_1 data block...
   No compilation errors.

Compiling KEY-SCRDOWN trigger on CGNV$WINDOW_1 data block...
   No compilation errors.

Compiling KEY-UP trigger on CGNV$WINDOW_1 data block...
   No compilation errors.

Compiling KEY-PRVREC trigger on CGNV$WINDOW_1 data block...
   No compilation errors.

Compiling KEY-SCRUP trigger on CGNV$WINDOW_1 data block...
   No compilation errors.

Compiling ON-ERROR trigger on CGNV$WINDOW_1 data block...
   No compilation errors.

Compiling PRE-BLOCK trigger on CGNV$WINDOW_1 data block...
   No compilation errors.

Compiling WHEN-NEW-BLOCK-INSTANCE trigger on CGNV$WINDOW_1 data block...
   No compilation errors.

Compiling WHEN-NEW-ITEM-INSTANCE trigger on BTN_VER_COMPROBANTE item in CGNV$WINDOW_1 data block...
   No compilation errors.

Compiling WHEN-BUTTON-PRESSED trigger on BTN_VER_COMPROBANTE item in CGNV$WINDOW_1 data block...
   No compilation errors.

Compiling KEY-CLRREC trigger on CG$CTRL data block...
   No compilation errors.

Compiling KEY-CREREC trigger on CG$CTRL data block...
   No compilation errors.

Compiling KEY-DOWN trigger on CG$CTRL data block...
   No compilation errors.

Compiling KEY-NXTREC trigger on CG$CTRL data block...
   No compilation errors.

Compiling KEY-SCRDOWN trigger on CG$CTRL data block...
   No compilation errors.

Compiling KEY-UP trigger on CG$CTRL data block...
   No compilation errors.

Compiling KEY-PRVREC trigger on CG$CTRL data block...
   No compilation errors.

Compiling KEY-SCRUP trigger on CG$CTRL data block...
   No compilation errors.

Compiling ON-ERROR trigger on CG$CTRL data block...
   No compilation errors.

Compiling PRE-BLOCK trigger on CG$CTRL data block...
   No compilation errors.

Compiling WHEN-NEW-BLOCK-INSTANCE trigger on CG$CTRL data block...
   No compilation errors.


Created form file M:\sas\bin\ACF\frm\actfjoingact.fmx
