Compiling package specification CG$BTCRVSITMCMPAUT_GLOBALS... 
   No compilation errors.

Compiling procedure CGDV$POPULATE_DYNAMIC_LISTS... 
   No compilation errors.

Compiling procedure CGSF$CLR_ITM_ITM_PRD_FK... 
   No compilation errors.

Compiling procedure CGFK$QRY_ITM_ITM_PRD_FK... 
   No compilation errors.

Compiling function CGTE$CHECK_CONSTRAINT_VIO... 
   No compilation errors.

Compiling procedure CGTE$ITM_ERRORS... 
   No compilation errors.

Compiling function STOCK_TOTAL... 
   No compilation errors.

Compiling PRE-COMMIT trigger on form...
   No compilation errors.

Compiling QMS$CUSTOM_HELP trigger on form...
   No compilation errors.

Compiling POST-FORM trigger on form...
   No compilation errors.

Compiling CALENDAR_WROTE_DATE trigger on form...
   No compilation errors.

Compiling KEY-EXIT trigger on form...
   No compilation errors.

Compiling POST-FORMS-COMMIT trigger on form...
   No compilation errors.

Compiling KEY-CLRFRM trigger on form...
   No compilation errors.

Compiling KEY-HELP trigger on form...
   No compilation errors.

Compiling KEY-MENU trigger on form...
   No compilation errors.

Compiling ON-ERROR trigger on form...
   No compilation errors.

Compiling ON-MESSAGE trigger on form...
   No compilation errors.

Compiling PRE-FORM trigger on form...
   No compilation errors.

Compiling QUERY_FIND trigger on form...
   No compilation errors.

Compiling QMS$MENU_ITEM trigger on form...
   No compilation errors.

Compiling WHEN-NEW-BLOCK-INSTANCE trigger on form...
   No compilation errors.

Compiling WHEN-NEW-FORM-INSTANCE trigger on form...
   No compilation errors.

Compiling WHEN-WINDOW-CLOSED trigger on form...
   No compilation errors.

Compiling WHEN-WINDOW-ACTIVATED trigger on form...
   No compilation errors.

Compiling WHEN-WINDOW-RESIZED trigger on form...
   No compilation errors.

Compiling POST-TEXT-ITEM trigger on form...
   No compilation errors.

Compiling WHEN-FORM-NAVIGATE trigger on form...
   No compilation errors.

Compiling POST-DATABASE-COMMIT trigger on form...
   No compilation errors.

Compiling KEY-CLRREC trigger on QMS$TRANS_ERRORS data block...
   No compilation errors.

Compiling KEY-CREREC trigger on QMS$TRANS_ERRORS data block...
   No compilation errors.

Compiling KEY-DOWN trigger on QMS$TRANS_ERRORS data block...
   No compilation errors.

Compiling KEY-NXTREC trigger on QMS$TRANS_ERRORS data block...
   No compilation errors.

Compiling KEY-SCRDOWN trigger on QMS$TRANS_ERRORS data block...
   No compilation errors.

Compiling KEY-UP trigger on QMS$TRANS_ERRORS data block...
   No compilation errors.

Compiling KEY-PRVREC trigger on QMS$TRANS_ERRORS data block...
   No compilation errors.

Compiling KEY-SCRUP trigger on QMS$TRANS_ERRORS data block...
   No compilation errors.

Compiling ON-ERROR trigger on QMS$TRANS_ERRORS data block...
   No compilation errors.

Compiling PRE-BLOCK trigger on QMS$TRANS_ERRORS data block...
   No compilation errors.

Compiling WHEN-NEW-BLOCK-INSTANCE trigger on QMS$TRANS_ERRORS data block...
   No compilation errors.

Compiling ON-LOCK trigger on QMS$TRANS_ERRORS data block...
   No compilation errors.

Compiling WHEN-VALIDATE-RECORD trigger on QMS$TRANS_ERRORS data block...
   No compilation errors.

Compiling WHEN-BUTTON-PRESSED trigger on QMS$TRANS_ERRORS data block...
   No compilation errors.

Compiling WHEN-LIST-ACTIVATED trigger on QMS$TRANS_ERRORS data block...
   No compilation errors.

Compiling WHEN-NEW-ITEM-INSTANCE trigger on OK_BUTTON item in QMS$TRANS_ERRORS data block...
   No compilation errors.

Compiling WHEN-BUTTON-PRESSED trigger on OK_BUTTON item in QMS$TRANS_ERRORS data block...
   No compilation errors.

Compiling KEY-PREV-ITEM trigger on OK_BUTTON item in QMS$TRANS_ERRORS data block...
   No compilation errors.

Compiling WHEN-LIST-CHANGED trigger on MESSAGES item in QMS$TRANS_ERRORS data block...
   No compilation errors.

Compiling WHEN-NEW-ITEM-INSTANCE trigger on HELP_BUTTON item in QMS$TRANS_ERRORS data block...
   No compilation errors.

Compiling WHEN-BUTTON-PRESSED trigger on HELP_BUTTON item in QMS$TRANS_ERRORS data block...
   No compilation errors.

Compiling KEY-NEXT-ITEM trigger on HELP_BUTTON item in QMS$TRANS_ERRORS data block...
   No compilation errors.

Compiling WHEN-NEW-ITEM-INSTANCE trigger on OK_BUTTON_MODAL item in QMS$TRANS_ERRORS data block...
   No compilation errors.

Compiling WHEN-BUTTON-PRESSED trigger on OK_BUTTON_MODAL item in QMS$TRANS_ERRORS data block...
   No compilation errors.

Compiling KEY-PREV-ITEM trigger on OK_BUTTON_MODAL item in QMS$TRANS_ERRORS data block...
   No compilation errors.

Compiling WHEN-LIST-CHANGED trigger on MESSAGES_MODAL item in QMS$TRANS_ERRORS data block...
   No compilation errors.

Compiling WHEN-NEW-ITEM-INSTANCE trigger on HELP_BUTTON_MODAL item in QMS$TRANS_ERRORS data block...
   No compilation errors.

Compiling WHEN-BUTTON-PRESSED trigger on HELP_BUTTON_MODAL item in QMS$TRANS_ERRORS data block...
   No compilation errors.

Compiling KEY-NEXT-ITEM trigger on HELP_BUTTON_MODAL item in QMS$TRANS_ERRORS data block...
   No compilation errors.

Compiling WHEN-NEW-ITEM-INSTANCE trigger on RETURN_TO_BLOCK item in QMS$TRANS_ERRORS data block...
   No compilation errors.

Compiling WHEN-RADIO-CHANGED trigger on CALENDAR data block...
   No compilation errors.

Compiling KEY-OTHERS trigger on CALENDAR data block...
   No compilation errors.

Compiling KEY-NEXT-ITEM trigger on CALENDAR data block...
   No compilation errors.

Compiling KEY-PREV-ITEM trigger on CALENDAR data block...
   No compilation errors.

Compiling KEY-ENTER trigger on CALENDAR data block...
   No compilation errors.

Compiling WHEN-BUTTON-PRESSED trigger on CALENDAR data block...
   No compilation errors.

Compiling WHEN-LIST-CHANGED trigger on CALENDAR data block...
   No compilation errors.

Compiling WHEN-MOUSE-CLICK trigger on CALENDAR data block...
   No compilation errors.

Compiling KEY-DOWN trigger on CALENDAR data block...
   No compilation errors.

Compiling KEY-UP trigger on CALENDAR data block...
   No compilation errors.

Compiling KEY-NXTREC trigger on CALENDAR data block...
   No compilation errors.

Compiling KEY-PRVREC trigger on CALENDAR data block...
   No compilation errors.

Compiling WHEN-MOUSE-DOUBLECLICK trigger on CALENDAR data block...
   No compilation errors.

Compiling WHEN-NEW-ITEM-INSTANCE trigger on HOUR item in CALENDAR data block...
   No compilation errors.

Compiling WHEN-NEW-ITEM-INSTANCE trigger on MINUTE item in CALENDAR data block...
   No compilation errors.

Compiling WHEN-NEW-ITEM-INSTANCE trigger on OK item in CALENDAR data block...
   No compilation errors.

Compiling WHEN-BUTTON-PRESSED trigger on OK item in CALENDAR data block...
   No compilation errors.

Compiling KEY-PREV-ITEM trigger on OK item in CALENDAR data block...
   No compilation errors.

Compiling WHEN-NEW-ITEM-INSTANCE trigger on CANCEL item in CALENDAR data block...
   No compilation errors.

Compiling WHEN-BUTTON-PRESSED trigger on CANCEL item in CALENDAR data block...
   No compilation errors.

Compiling KEY-NEXT-ITEM trigger on MONTH_AND_YEAR item in CALENDAR data block...
   No compilation errors.

Compiling WHEN-MOUSE-CLICK trigger on PREV_MONTH item in CALENDAR data block...
   No compilation errors.

Compiling WHEN-MOUSE-CLICK trigger on NEXT_MONTH item in CALENDAR data block...
   No compilation errors.

Compiling WHEN-MOUSE-CLICK trigger on NEXT_YEAR item in CALENDAR data block...
   No compilation errors.

Compiling WHEN-MOUSE-CLICK trigger on PREV_YEAR item in CALENDAR data block...
   No compilation errors.

Compiling WHEN-NEW-ITEM-INSTANCE trigger on AM_PM item in CALENDAR data block...
   No compilation errors.

Compiling WHEN-BUTTON-PRESSED trigger on QMS$TOOLBAR data block...
   No compilation errors.

Compiling WHEN-LIST-CHANGED trigger on ORDER_BY item in QMS$TOOLBAR data block...
   No compilation errors.

Compiling ON-LOCK trigger on ITM data block...
   No compilation errors.

Compiling POST-INSERT trigger on ITM data block...
   No compilation errors.

Compiling POST-QUERY trigger on ITM data block...
   No compilation errors.

Compiling PRE-BLOCK trigger on ITM data block...
   No compilation errors.

Compiling PRE-QUERY trigger on ITM data block...
   No compilation errors.

Compiling WHEN-DATABASE-RECORD trigger on ITM data block...
   No compilation errors.

Compiling WHEN-NEW-BLOCK-INSTANCE trigger on ITM data block...
   No compilation errors.

Compiling WHEN-NEW-RECORD-INSTANCE trigger on ITM data block...
   No compilation errors.

Compiling WHEN-REMOVE-RECORD trigger on ITM data block...
   No compilation errors.

Compiling POST-SELECT trigger on ITM data block...
   No compilation errors.

Compiling ON-ERROR trigger on ITM data block...
   No compilation errors.

Compiling WHEN-VALIDATE-RECORD trigger on ITM data block...
   No compilation errors.

Compiling ON-UPDATE trigger on ITM data block...
   No compilation errors.

Compiling WHEN-NEW-ITEM-INSTANCE trigger on DIAS_STOCK_MAXIMO item in ITM data block...
   No compilation errors.

Compiling WHEN-NEW-ITEM-INSTANCE trigger on ACTUAL item in ITM data block...
   No compilation errors.

Compiling KEY-PREV-ITEM trigger on ACTUAL item in ITM data block...
   No compilation errors.

Compiling WHEN-NEW-ITEM-INSTANCE trigger on DIAS_STOCK item in ITM data block...
   No compilation errors.

Compiling WHEN-NEW-ITEM-INSTANCE trigger on INGRESO1MES item in ITM data block...
   No compilation errors.

Compiling WHEN-NEW-ITEM-INSTANCE trigger on EGRESO1MES item in ITM data block...
   No compilation errors.

Compiling WHEN-NEW-ITEM-INSTANCE trigger on INGRESO2MES item in ITM data block...
   No compilation errors.

Compiling WHEN-NEW-ITEM-INSTANCE trigger on EGRESO2MES item in ITM data block...
   No compilation errors.

Compiling WHEN-NEW-ITEM-INSTANCE trigger on ULTIMA_COMPRA_FECHA item in ITM data block...
   No compilation errors.

Compiling KEY-LISTVAL trigger on ULTIMA_COMPRA_FECHA item in ITM data block...
   No compilation errors.

Compiling WHEN-NEW-ITEM-INSTANCE trigger on ULTIMA_COMPRA item in ITM data block...
   No compilation errors.

Compiling WHEN-NEW-ITEM-INSTANCE trigger on STOCK_MAXIMO item in ITM data block...
   No compilation errors.

Compiling WHEN-NEW-ITEM-INSTANCE trigger on STOCK_MINIMO item in ITM data block...
   No compilation errors.

Compiling WHEN-NEW-ITEM-INSTANCE trigger on STOCK_TOTAL_I item in ITM data block...
   No compilation errors.

Compiling FORMULA-CALCULATION trigger on STOCK_TOTAL_I item in ITM data block...
   No compilation errors.

Compiling WHEN-NEW-ITEM-INSTANCE trigger on SUGERIDA item in ITM data block...
   No compilation errors.

Compiling WHEN-NEW-ITEM-INSTANCE trigger on SOLICITADA item in ITM data block...
   No compilation errors.

Compiling WHEN-NEW-ITEM-INSTANCE trigger on CANTIDAD_COMPRA item in ITM data block...
   No compilation errors.

Compiling WHEN-VALIDATE-ITEM trigger on CANTIDAD_COMPRA item in ITM data block...
   No compilation errors.

Compiling WHEN-NEW-ITEM-INSTANCE trigger on PCOMPRA item in ITM data block...
   No compilation errors.

Compiling WHEN-NEW-ITEM-INSTANCE trigger on PROMOCION item in ITM data block...
   No compilation errors.

Compiling WHEN-NEW-ITEM-INSTANCE trigger on CODIGO_BARRAS item in ITM data block...
   No compilation errors.

Compiling WHEN-NEW-ITEM-INSTANCE trigger on SBS_SCC_CODIGO item in ITM data block...
   No compilation errors.

Compiling WHEN-NEW-ITEM-INSTANCE trigger on SBS_CODIGO item in ITM data block...
   No compilation errors.

Compiling WHEN-NEW-ITEM-INSTANCE trigger on CODIGO item in ITM data block...
   No compilation errors.

Compiling WHEN-NEW-ITEM-INSTANCE trigger on DESCRIPCION item in ITM data block...
   No compilation errors.

Compiling WHEN-NEW-ITEM-INSTANCE trigger on UNIDAD item in ITM data block...
   No compilation errors.

Compiling WHEN-NEW-ITEM-INSTANCE trigger on PRECIO_REPOSICION item in ITM data block...
   No compilation errors.

Compiling WHEN-NEW-ITEM-INSTANCE trigger on PRD_CODIGO item in ITM data block...
   No compilation errors.

Compiling WHEN-NEW-ITEM-INSTANCE trigger on L_PRD_NOMBRE item in ITM data block...
   No compilation errors.

Compiling WHEN-NEW-ITEM-INSTANCE trigger on PRECIO_DE_VENTA item in ITM data block...
   No compilation errors.

Compiling WHEN-NEW-ITEM-INSTANCE trigger on DSP_PRECIO_TOTAL item in ITM data block...
   No compilation errors.

Compiling WHEN-NEW-ITEM-INSTANCE trigger on IVA item in ITM data block...
   No compilation errors.

Compiling WHEN-NEW-ITEM-INSTANCE trigger on COSTO_PROMEDIO item in ITM data block...
   No compilation errors.

Compiling WHEN-NEW-ITEM-INSTANCE trigger on STOCK2 item in ITM data block...
   No compilation errors.

Compiling WHEN-NEW-ITEM-INSTANCE trigger on USO item in ITM data block...
   No compilation errors.

Compiling WHEN-NEW-ITEM-INSTANCE trigger on CLASIFICA item in ITM data block...
   No compilation errors.

Compiling WHEN-NEW-ITEM-INSTANCE trigger on ULTIMO_EGRESO_SUBBODEGA_FECHA item in ITM data block...
   No compilation errors.

Compiling KEY-LISTVAL trigger on ULTIMO_EGRESO_SUBBODEGA_FECHA item in ITM data block...
   No compilation errors.

Compiling WHEN-NEW-ITEM-INSTANCE trigger on ULTIMO_EGRESO_SUBBODEGA item in ITM data block...
   No compilation errors.

Compiling WHEN-NEW-ITEM-INSTANCE trigger on PRESENTACION item in ITM data block...
   No compilation errors.

Compiling WHEN-NEW-ITEM-INSTANCE trigger on CONSUMO_PROMEDIO item in ITM data block...
   No compilation errors.

Compiling WHEN-NEW-ITEM-INSTANCE trigger on DISTRIBUIDOR item in ITM data block...
   No compilation errors.

Compiling WHEN-VALIDATE-ITEM trigger on DISTRIBUIDOR item in ITM data block...
   No compilation errors.

Compiling WHEN-NEW-ITEM-INSTANCE trigger on MENOR item in ITM data block...
   No compilation errors.

Compiling WHEN-BUTTON-PRESSED trigger on MENOR item in ITM data block...
   No compilation errors.

Compiling WHEN-NEW-ITEM-INSTANCE trigger on CREAR_ORDEN item in ITM data block...
   No compilation errors.

Compiling WHEN-BUTTON-PRESSED trigger on CREAR_ORDEN item in ITM data block...
   No compilation errors.

Compiling WHEN-NEW-ITEM-INSTANCE trigger on IMPRIMIR item in ITM data block...
   No compilation errors.

Compiling WHEN-BUTTON-PRESSED trigger on IMPRIMIR item in ITM data block...
   No compilation errors.

Compiling WHEN-NEW-ITEM-INSTANCE trigger on NUMERO_ORDEN item in ITM data block...
   No compilation errors.

Compiling KEY-NEXT-ITEM trigger on NUMERO_ORDEN item in ITM data block...
   No compilation errors.

Compiling WHEN-NEW-ITEM-INSTANCE trigger on TIPO item in ITM data block...
   No compilation errors.

Compiling KEY-CLRREC trigger on CG$CTRL data block...
   No compilation errors.

Compiling KEY-CREREC trigger on CG$CTRL data block...
   No compilation errors.

Compiling KEY-DOWN trigger on CG$CTRL data block...
   No compilation errors.

Compiling KEY-NXTREC trigger on CG$CTRL data block...
   No compilation errors.

Compiling KEY-SCRDOWN trigger on CG$CTRL data block...
   No compilation errors.

Compiling KEY-UP trigger on CG$CTRL data block...
   No compilation errors.

Compiling KEY-PRVREC trigger on CG$CTRL data block...
   No compilation errors.

Compiling KEY-SCRUP trigger on CG$CTRL data block...
   No compilation errors.

Compiling ON-ERROR trigger on CG$CTRL data block...
   No compilation errors.

Compiling PRE-BLOCK trigger on CG$CTRL data block...
   No compilation errors.

Compiling WHEN-NEW-BLOCK-INSTANCE trigger on CG$CTRL data block...
   No compilation errors.


Created form file M:\sas\bin\sri\frm\btcrvsitmcmpaut.fmx
