Compiling procedure CG$WHEN_NEW_FORM_INSTANCE... 
   No compilation errors.

Compiling procedure CGUI$GET_NEXT_CNTCRRBTC_SEQ... 
   No compilation errors.

Compiling procedure CGFK$CHK_CNTCRRMES_CNTCRRMES_R... 
   No compilation errors.

Compiling procedure CGFK$CHK_CNTCRRMES_CNTCRRMES_E... 
   No compilation errors.

Compiling procedure CGUV$CHK_CNTCRRMES_UK... 
   No compilation errors.

Compiling procedure CGUI$GET_NEXT_DTLCNTCRR_SEQ... 
   No compilation errors.

Compiling procedure CGFK$CHK_DTLCNTCRR_DTLCNTCRR_C... 
   No compilation errors.

Compiling procedure CGRI$CHK_CONTABILIZACION_CIERR... 
   No compilation errors.

Compiling function CGTE$CHECK_CONSTRAINT_VIO... 
   No compilation errors.

Compiling procedure CGNV$AI_BTN_VER_COMPROBANTE... 
   No compilation errors.

Compiling procedure CGNV$PREV_ITEM... 
   No compilation errors.

Compiling procedure CGBS$TOGGLE... 
   No compilation errors.

Compiling procedure VALIDAR_FECHA_CMP... 
   No compilation errors.

Compiling procedure MOSTRAR_ERRORES... 
   No compilation errors.

Compiling procedure HABILITAR_DESHABILITAR_DTLL... 
   No compilation errors.

Compiling procedure HABILITACIONES_CABECERA... 
   No compilation errors.

Compiling procedure FIJAR_HABILITACIONES_CNT... 
   No compilation errors.

Compiling procedure FIJAR_DATOS_EGRESOS... 
   No compilation errors.

Compiling procedure CONTABILIZAR_EGRESOS... 
   No compilation errors.

Compiling POST-FORM trigger on form...
   No compilation errors.

Compiling CALENDAR_WROTE_DATE trigger on form...
   No compilation errors.

Compiling KEY-EXIT trigger on form...
   No compilation errors.

Compiling POST-FORMS-COMMIT trigger on form...
   No compilation errors.

Compiling KEY-CLRFRM trigger on form...
   No compilation errors.

Compiling KEY-HELP trigger on form...
   No compilation errors.

Compiling KEY-MENU trigger on form...
   No compilation errors.

Compiling ON-ERROR trigger on form...
   No compilation errors.

Compiling ON-MESSAGE trigger on form...
   No compilation errors.

Compiling PRE-FORM trigger on form...
   No compilation errors.

Compiling QUERY_FIND trigger on form...
   No compilation errors.

Compiling QMS$MENU_ITEM trigger on form...
   No compilation errors.

Compiling WHEN-NEW-BLOCK-INSTANCE trigger on form...
   No compilation errors.

Compiling WHEN-NEW-FORM-INSTANCE trigger on form...
   No compilation errors.

Compiling WHEN-WINDOW-CLOSED trigger on form...
   No compilation errors.

Compiling WHEN-WINDOW-ACTIVATED trigger on form...
   No compilation errors.

Compiling WHEN-WINDOW-RESIZED trigger on form...
   No compilation errors.

Compiling KEY-PREV-ITEM trigger on form...
   No compilation errors.

Compiling POST-BLOCK trigger on form...
   No compilation errors.

Compiling ON-CLEAR-DETAILS trigger on form...
   No compilation errors.

Compiling ON-POPULATE-DETAILS trigger on form...
   No compilation errors.

Compiling KEY-ENTQRY trigger on form...
   No compilation errors.

Compiling KEY-EXEQRY trigger on form...
   No compilation errors.

Compiling KEY-CQUERY trigger on form...
   No compilation errors.

Compiling KEY-CLRBLK trigger on form...
   No compilation errors.

Compiling KEY-CLRREC trigger on form...
   No compilation errors.

Compiling KEY-NXTKEY trigger on form...
   No compilation errors.

Compiling PRE-COMMIT trigger on form...
   No compilation errors.

Compiling WHEN-RADIO-CHANGED trigger on CALENDAR data block...
   No compilation errors.

Compiling KEY-OTHERS trigger on CALENDAR data block...
   No compilation errors.

Compiling KEY-NEXT-ITEM trigger on CALENDAR data block...
   No compilation errors.

Compiling KEY-PREV-ITEM trigger on CALENDAR data block...
   No compilation errors.

Compiling KEY-ENTER trigger on CALENDAR data block...
   No compilation errors.

Compiling WHEN-BUTTON-PRESSED trigger on CALENDAR data block...
   No compilation errors.

Compiling WHEN-LIST-CHANGED trigger on CALENDAR data block...
   No compilation errors.

Compiling WHEN-MOUSE-CLICK trigger on CALENDAR data block...
   No compilation errors.

Compiling KEY-DOWN trigger on CALENDAR data block...
   No compilation errors.

Compiling KEY-UP trigger on CALENDAR data block...
   No compilation errors.

Compiling KEY-NXTREC trigger on CALENDAR data block...
   No compilation errors.

Compiling KEY-PRVREC trigger on CALENDAR data block...
   No compilation errors.

Compiling WHEN-MOUSE-DOUBLECLICK trigger on CALENDAR data block...
   No compilation errors.

Compiling WHEN-NEW-ITEM-INSTANCE trigger on HOUR item in CALENDAR data block...
   No compilation errors.

Compiling WHEN-NEW-ITEM-INSTANCE trigger on MINUTE item in CALENDAR data block...
   No compilation errors.

Compiling WHEN-NEW-ITEM-INSTANCE trigger on OK item in CALENDAR data block...
   No compilation errors.

Compiling WHEN-BUTTON-PRESSED trigger on OK item in CALENDAR data block...
   No compilation errors.

Compiling WHEN-NEW-ITEM-INSTANCE trigger on CANCEL item in CALENDAR data block...
   No compilation errors.

Compiling WHEN-BUTTON-PRESSED trigger on CANCEL item in CALENDAR data block...
   No compilation errors.

Compiling WHEN-MOUSE-CLICK trigger on PREV_MONTH item in CALENDAR data block...
   No compilation errors.

Compiling WHEN-MOUSE-CLICK trigger on NEXT_MONTH item in CALENDAR data block...
   No compilation errors.

Compiling WHEN-MOUSE-CLICK trigger on NEXT_YEAR item in CALENDAR data block...
   No compilation errors.

Compiling WHEN-MOUSE-CLICK trigger on PREV_YEAR item in CALENDAR data block...
   No compilation errors.

Compiling WHEN-NEW-ITEM-INSTANCE trigger on AM_PM item in CALENDAR data block...
   No compilation errors.

Compiling WHEN-BUTTON-PRESSED trigger on QMS$TOOLBAR data block...
   No compilation errors.

Compiling WHEN-LIST-CHANGED trigger on ORDER_BY item in QMS$TOOLBAR data block...
   No compilation errors.

Compiling ON-LOCK trigger on CNTCRRMES data block...
   No compilation errors.

Compiling POST-INSERT trigger on CNTCRRMES data block...
   No compilation errors.

Compiling POST-QUERY trigger on CNTCRRMES data block...
   No compilation errors.

Compiling PRE-BLOCK trigger on CNTCRRMES data block...
   No compilation errors.

Compiling PRE-QUERY trigger on CNTCRRMES data block...
   No compilation errors.

Compiling WHEN-DATABASE-RECORD trigger on CNTCRRMES data block...
   No compilation errors.

Compiling WHEN-NEW-BLOCK-INSTANCE trigger on CNTCRRMES data block...
   No compilation errors.

Compiling WHEN-NEW-RECORD-INSTANCE trigger on CNTCRRMES data block...
   No compilation errors.

Compiling WHEN-REMOVE-RECORD trigger on CNTCRRMES data block...
   No compilation errors.

Compiling POST-SELECT trigger on CNTCRRMES data block...
   No compilation errors.

Compiling PRE-INSERT trigger on CNTCRRMES data block...
   No compilation errors.

Compiling KEY-DUPREC trigger on CNTCRRMES data block...
   No compilation errors.

Compiling KEY-DELREC trigger on CNTCRRMES data block...
   No compilation errors.

Compiling ON-ERROR trigger on CNTCRRMES data block...
   No compilation errors.

Compiling KEY-HELP trigger on CNTCRRMES data block...
   No compilation errors.

Compiling POST-UPDATE trigger on CNTCRRMES data block...
   No compilation errors.

Compiling WHEN-CREATE-RECORD trigger on CNTCRRMES data block...
   No compilation errors.

Compiling WHEN-NEW-ITEM-INSTANCE trigger on CNTCRRMES item in CNTCRRMES data block...
   No compilation errors.

Compiling WHEN-NEW-ITEM-INSTANCE trigger on FECHA_VALIDADA item in CNTCRRMES data block...
   No compilation errors.

Compiling KEY-LISTVAL trigger on FECHA_VALIDADA item in CNTCRRMES data block...
   No compilation errors.

Compiling WHEN-NEW-ITEM-INSTANCE trigger on REG_ACT item in CNTCRRMES data block...
   No compilation errors.

Compiling WHEN-NEW-ITEM-INSTANCE trigger on MES item in CNTCRRMES data block...
   No compilation errors.

Compiling WHEN-VALIDATE-ITEM trigger on MES item in CNTCRRMES data block...
   No compilation errors.

Compiling KEY-HELP trigger on MES item in CNTCRRMES data block...
   No compilation errors.

Compiling WHEN-NEW-ITEM-INSTANCE trigger on CNTCRRMES_ID item in CNTCRRMES data block...
   No compilation errors.

Compiling KEY-HELP trigger on CNTCRRMES_ID item in CNTCRRMES data block...
   No compilation errors.

Compiling WHEN-NEW-ITEM-INSTANCE trigger on EMP_CODIGO item in CNTCRRMES data block...
   No compilation errors.

Compiling KEY-HELP trigger on EMP_CODIGO item in CNTCRRMES data block...
   No compilation errors.

Compiling WHEN-NEW-ITEM-INSTANCE trigger on ANIO item in CNTCRRMES data block...
   No compilation errors.

Compiling WHEN-VALIDATE-ITEM trigger on ANIO item in CNTCRRMES data block...
   No compilation errors.

Compiling KEY-HELP trigger on ANIO item in CNTCRRMES data block...
   No compilation errors.

Compiling WHEN-NEW-ITEM-INSTANCE trigger on LOCAL item in CNTCRRMES data block...
   No compilation errors.

Compiling KEY-HELP trigger on LOCAL item in CNTCRRMES data block...
   No compilation errors.

Compiling WHEN-NEW-ITEM-INSTANCE trigger on USUARIO item in CNTCRRMES data block...
   No compilation errors.

Compiling KEY-HELP trigger on USUARIO item in CNTCRRMES data block...
   No compilation errors.

Compiling WHEN-NEW-ITEM-INSTANCE trigger on ESTADO item in CNTCRRMES data block...
   No compilation errors.

Compiling KEY-HELP trigger on ESTADO item in CNTCRRMES data block...
   No compilation errors.

Compiling WHEN-NEW-ITEM-INSTANCE trigger on BTN_VERIFICAR item in CNTCRRMES data block...
   No compilation errors.

Compiling WHEN-BUTTON-PRESSED trigger on BTN_VERIFICAR item in CNTCRRMES data block...
   No compilation errors.

Compiling WHEN-NEW-ITEM-INSTANCE trigger on TPOCMP_CODIGO item in CNTCRRMES data block...
   No compilation errors.

Compiling KEY-HELP trigger on TPOCMP_CODIGO item in CNTCRRMES data block...
   No compilation errors.

Compiling WHEN-NEW-ITEM-INSTANCE trigger on CMP_FECHA item in CNTCRRMES data block...
   No compilation errors.

Compiling KEY-LISTVAL trigger on CMP_FECHA item in CNTCRRMES data block...
   No compilation errors.

Compiling KEY-HELP trigger on CMP_FECHA item in CNTCRRMES data block...
   No compilation errors.

Compiling WHEN-VALIDATE-ITEM trigger on CMP_FECHA item in CNTCRRMES data block...
   No compilation errors.

Compiling WHEN-NEW-ITEM-INSTANCE trigger on CMP_CLAVE item in CNTCRRMES data block...
   No compilation errors.

Compiling KEY-HELP trigger on CMP_CLAVE item in CNTCRRMES data block...
   No compilation errors.

Compiling WHEN-NEW-ITEM-INSTANCE trigger on BTN_CONTABILIZAR item in CNTCRRMES data block...
   No compilation errors.

Compiling WHEN-BUTTON-PRESSED trigger on BTN_CONTABILIZAR item in CNTCRRMES data block...
   No compilation errors.

Compiling WHEN-NEW-ITEM-INSTANCE trigger on BTN_COMPROBANTE item in CNTCRRMES data block...
   No compilation errors.

Compiling WHEN-BUTTON-PRESSED trigger on BTN_COMPROBANTE item in CNTCRRMES data block...
   No compilation errors.

Compiling WHEN-NEW-ITEM-INSTANCE trigger on BTN_ERR item in CNTCRRMES data block...
   No compilation errors.

Compiling WHEN-BUTTON-PRESSED trigger on BTN_ERR item in CNTCRRMES data block...
   No compilation errors.

Compiling WHEN-NEW-ITEM-INSTANCE trigger on FECHA_DESDE item in CNTCRRMES data block...
   No compilation errors.

Compiling KEY-LISTVAL trigger on FECHA_DESDE item in CNTCRRMES data block...
   No compilation errors.

Compiling KEY-HELP trigger on FECHA_DESDE item in CNTCRRMES data block...
   No compilation errors.

Compiling WHEN-NEW-ITEM-INSTANCE trigger on FECHA_HASTA item in CNTCRRMES data block...
   No compilation errors.

Compiling KEY-LISTVAL trigger on FECHA_HASTA item in CNTCRRMES data block...
   No compilation errors.

Compiling KEY-HELP trigger on FECHA_HASTA item in CNTCRRMES data block...
   No compilation errors.

Compiling ON-LOCK trigger on DTLCNTCRR data block...
   No compilation errors.

Compiling POST-INSERT trigger on DTLCNTCRR data block...
   No compilation errors.

Compiling POST-QUERY trigger on DTLCNTCRR data block...
   No compilation errors.

Compiling PRE-BLOCK trigger on DTLCNTCRR data block...
   No compilation errors.

Compiling PRE-QUERY trigger on DTLCNTCRR data block...
   No compilation errors.

Compiling WHEN-DATABASE-RECORD trigger on DTLCNTCRR data block...
   No compilation errors.

Compiling WHEN-NEW-BLOCK-INSTANCE trigger on DTLCNTCRR data block...
   No compilation errors.

Compiling WHEN-NEW-RECORD-INSTANCE trigger on DTLCNTCRR data block...
   No compilation errors.

Compiling WHEN-REMOVE-RECORD trigger on DTLCNTCRR data block...
   No compilation errors.

Compiling POST-SELECT trigger on DTLCNTCRR data block...
   No compilation errors.

Compiling PRE-INSERT trigger on DTLCNTCRR data block...
   No compilation errors.

Compiling KEY-DUPREC trigger on DTLCNTCRR data block...
   No compilation errors.

Compiling ON-ERROR trigger on DTLCNTCRR data block...
   No compilation errors.

Compiling KEY-HELP trigger on DTLCNTCRR data block...
   No compilation errors.

Compiling WHEN-NEW-ITEM-INSTANCE trigger on REC_ACTUAL item in DTLCNTCRR data block...
   No compilation errors.

Compiling WHEN-NEW-ITEM-INSTANCE trigger on DTLCNTCRR_ID item in DTLCNTCRR data block...
   No compilation errors.

Compiling KEY-HELP trigger on DTLCNTCRR_ID item in DTLCNTCRR data block...
   No compilation errors.

Compiling WHEN-NEW-ITEM-INSTANCE trigger on CNTCRRMES_CNTCRRMES_ID item in DTLCNTCRR data block...
   No compilation errors.

Compiling KEY-HELP trigger on CNTCRRMES_CNTCRRMES_ID item in DTLCNTCRR data block...
   No compilation errors.

Compiling WHEN-NEW-ITEM-INSTANCE trigger on EGRESO_TIPO item in DTLCNTCRR data block...
   No compilation errors.

Compiling KEY-HELP trigger on EGRESO_TIPO item in DTLCNTCRR data block...
   No compilation errors.

Compiling WHEN-NEW-ITEM-INSTANCE trigger on EGRESO_NUMERO item in DTLCNTCRR data block...
   No compilation errors.

Compiling KEY-HELP trigger on EGRESO_NUMERO item in DTLCNTCRR data block...
   No compilation errors.

Compiling WHEN-NEW-ITEM-INSTANCE trigger on FECHA item in DTLCNTCRR data block...
   No compilation errors.

Compiling KEY-LISTVAL trigger on FECHA item in DTLCNTCRR data block...
   No compilation errors.

Compiling KEY-HELP trigger on FECHA item in DTLCNTCRR data block...
   No compilation errors.

Compiling WHEN-NEW-ITEM-INSTANCE trigger on VALOR item in DTLCNTCRR data block...
   No compilation errors.

Compiling KEY-HELP trigger on VALOR item in DTLCNTCRR data block...
   No compilation errors.

Compiling WHEN-NEW-ITEM-INSTANCE trigger on NUMERO_HC item in DTLCNTCRR data block...
   No compilation errors.

Compiling KEY-HELP trigger on NUMERO_HC item in DTLCNTCRR data block...
   No compilation errors.

Compiling WHEN-NEW-ITEM-INSTANCE trigger on NOMBRE_PCN item in DTLCNTCRR data block...
   No compilation errors.

Compiling KEY-HELP trigger on NOMBRE_PCN item in DTLCNTCRR data block...
   No compilation errors.

Compiling WHEN-NEW-ITEM-INSTANCE trigger on AGRUPADOR_CONTABLE item in DTLCNTCRR data block...
   No compilation errors.

Compiling KEY-HELP trigger on AGRUPADOR_CONTABLE item in DTLCNTCRR data block...
   No compilation errors.

Compiling WHEN-NEW-ITEM-INSTANCE trigger on PRMATN_NUMERO item in DTLCNTCRR data block...
   No compilation errors.

Compiling KEY-HELP trigger on PRMATN_NUMERO item in DTLCNTCRR data block...
   No compilation errors.

Compiling KEY-CLRREC trigger on TOTEGR data block...
   No compilation errors.

Compiling KEY-CREREC trigger on TOTEGR data block...
   No compilation errors.

Compiling KEY-DOWN trigger on TOTEGR data block...
   No compilation errors.

Compiling KEY-NXTREC trigger on TOTEGR data block...
   No compilation errors.

Compiling KEY-SCRDOWN trigger on TOTEGR data block...
   No compilation errors.

Compiling KEY-UP trigger on TOTEGR data block...
   No compilation errors.

Compiling KEY-PRVREC trigger on TOTEGR data block...
   No compilation errors.

Compiling KEY-SCRUP trigger on TOTEGR data block...
   No compilation errors.

Compiling ON-ERROR trigger on TOTEGR data block...
   No compilation errors.

Compiling PRE-BLOCK trigger on TOTEGR data block...
   No compilation errors.

Compiling WHEN-NEW-BLOCK-INSTANCE trigger on TOTEGR data block...
   No compilation errors.

Compiling KEY-HELP trigger on TOTEGR data block...
   No compilation errors.

Compiling WHEN-NEW-ITEM-INSTANCE trigger on TOTAL_EGRESOS item in TOTEGR data block...
   No compilation errors.

Compiling ON-LOCK trigger on SIS_ERR data block...
   No compilation errors.

Compiling POST-INSERT trigger on SIS_ERR data block...
   No compilation errors.

Compiling POST-QUERY trigger on SIS_ERR data block...
   No compilation errors.

Compiling PRE-BLOCK trigger on SIS_ERR data block...
   No compilation errors.

Compiling PRE-QUERY trigger on SIS_ERR data block...
   No compilation errors.

Compiling WHEN-DATABASE-RECORD trigger on SIS_ERR data block...
   No compilation errors.

Compiling WHEN-NEW-BLOCK-INSTANCE trigger on SIS_ERR data block...
   No compilation errors.

Compiling WHEN-NEW-RECORD-INSTANCE trigger on SIS_ERR data block...
   No compilation errors.

Compiling WHEN-REMOVE-RECORD trigger on SIS_ERR data block...
   No compilation errors.

Compiling POST-SELECT trigger on SIS_ERR data block...
   No compilation errors.

Compiling ON-ERROR trigger on SIS_ERR data block...
   No compilation errors.

Compiling KEY-HELP trigger on SIS_ERR data block...
   No compilation errors.

Compiling WHEN-NEW-ITEM-INSTANCE trigger on REC_ACTUAL item in SIS_ERR data block...
   No compilation errors.

Compiling WHEN-NEW-ITEM-INSTANCE trigger on LINEA item in SIS_ERR data block...
   No compilation errors.

Compiling KEY-HELP trigger on LINEA item in SIS_ERR data block...
   No compilation errors.

Compiling WHEN-NEW-ITEM-INSTANCE trigger on MENSAJE item in SIS_ERR data block...
   No compilation errors.

Compiling KEY-HELP trigger on MENSAJE item in SIS_ERR data block...
   No compilation errors.

Compiling WHEN-NEW-ITEM-INSTANCE trigger on BTN_CNC item in SIS_ERR data block...
   No compilation errors.

Compiling WHEN-BUTTON-PRESSED trigger on BTN_CNC item in SIS_ERR data block...
   No compilation errors.

Compiling WHEN-NEW-ITEM-INSTANCE trigger on BTN_IMP item in SIS_ERR data block...
   No compilation errors.

Compiling WHEN-BUTTON-PRESSED trigger on BTN_IMP item in SIS_ERR data block...
   No compilation errors.

Compiling WHEN-NEW-ITEM-INSTANCE trigger on BTN_ARC item in SIS_ERR data block...
   No compilation errors.

Compiling WHEN-BUTTON-PRESSED trigger on BTN_ARC item in SIS_ERR data block...
   No compilation errors.

Compiling WHEN-NEW-ITEM-INSTANCE trigger on ARCHIVO item in SIS_ERR data block...
   No compilation errors.

Compiling KEY-CLRREC trigger on CGNV$WINDOW_1 data block...
   No compilation errors.

Compiling KEY-CREREC trigger on CGNV$WINDOW_1 data block...
   No compilation errors.

Compiling KEY-DOWN trigger on CGNV$WINDOW_1 data block...
   No compilation errors.

Compiling KEY-NXTREC trigger on CGNV$WINDOW_1 data block...
   No compilation errors.

Compiling KEY-SCRDOWN trigger on CGNV$WINDOW_1 data block...
   No compilation errors.

Compiling KEY-UP trigger on CGNV$WINDOW_1 data block...
   No compilation errors.

Compiling KEY-PRVREC trigger on CGNV$WINDOW_1 data block...
   No compilation errors.

Compiling KEY-SCRUP trigger on CGNV$WINDOW_1 data block...
   No compilation errors.

Compiling ON-ERROR trigger on CGNV$WINDOW_1 data block...
   No compilation errors.

Compiling PRE-BLOCK trigger on CGNV$WINDOW_1 data block...
   No compilation errors.

Compiling WHEN-NEW-BLOCK-INSTANCE trigger on CGNV$WINDOW_1 data block...
   No compilation errors.

Compiling WHEN-NEW-ITEM-INSTANCE trigger on BTN_VER_COMPROBANTE item in CGNV$WINDOW_1 data block...
   No compilation errors.

Compiling WHEN-BUTTON-PRESSED trigger on BTN_VER_COMPROBANTE item in CGNV$WINDOW_1 data block...
   No compilation errors.

Compiling KEY-CLRREC trigger on CG$CTRL data block...
   No compilation errors.

Compiling KEY-CREREC trigger on CG$CTRL data block...
   No compilation errors.

Compiling KEY-DOWN trigger on CG$CTRL data block...
   No compilation errors.

Compiling KEY-NXTREC trigger on CG$CTRL data block...
   No compilation errors.

Compiling KEY-SCRDOWN trigger on CG$CTRL data block...
   No compilation errors.

Compiling KEY-UP trigger on CG$CTRL data block...
   No compilation errors.

Compiling KEY-PRVREC trigger on CG$CTRL data block...
   No compilation errors.

Compiling KEY-SCRUP trigger on CG$CTRL data block...
   No compilation errors.

Compiling ON-ERROR trigger on CG$CTRL data block...
   No compilation errors.

Compiling PRE-BLOCK trigger on CG$CTRL data block...
   No compilation errors.

Compiling WHEN-NEW-BLOCK-INSTANCE trigger on CG$CTRL data block...
   No compilation errors.


Created form file G:\sAs\BIN\sri\frm\cntcntcrrbtc.fmx
