Compiling package specification CG$SRIADMTBL_GLOBALS... 
   No compilation errors.

Compiling procedure CGUV$CHK_TBL1_PK... 
   No compilation errors.

Compiling procedure CGUV$CHK_TBLRFR_PK... 
   No compilation errors.

Compiling procedure CGUV$CHK_TPORTNSRI_PK... 
   No compilation errors.

Compiling procedure CGRI$CHK_TIPOS_RETENCIONES_SRI... 
   No compilation errors.

Compiling procedure CGRI$WRN_TIPOS_RETENCIONES_SRI... 
   No compilation errors.

Compiling function CGTE$CHECK_CONSTRAINT_VIO... 
   No compilation errors.

Compiling procedure CGTE$TBL1_ERRORS... 
   No compilation errors.

Compiling procedure CGTE$TBLRFR_ERRORS... 
   No compilation errors.

Compiling procedure CGTE$TPORTN_ERRORS... 
   No compilation errors.

Compiling procedure CGLY$DISPLAY_CANVASES... 
   No compilation errors.

Compiling procedure CGLY$GET_RELATED_CANVASES... 
   No compilation errors.

Compiling procedure CGLY$CANVAS_MANAGEMENT... 
   No compilation errors.

Compiling PRE-COMMIT trigger on form...
   No compilation errors.

Compiling QMS$CUSTOM_HELP trigger on form...
   No compilation errors.

Compiling POST-FORM trigger on form...
   No compilation errors.

Compiling CALENDAR_WROTE_DATE trigger on form...
   No compilation errors.

Compiling KEY-EXIT trigger on form...
   No compilation errors.

Compiling POST-FORMS-COMMIT trigger on form...
   No compilation errors.

Compiling KEY-CLRFRM trigger on form...
   No compilation errors.

Compiling KEY-HELP trigger on form...
   No compilation errors.

Compiling KEY-MENU trigger on form...
   No compilation errors.

Compiling ON-ERROR trigger on form...
   No compilation errors.

Compiling ON-MESSAGE trigger on form...
   No compilation errors.

Compiling PRE-FORM trigger on form...
   No compilation errors.

Compiling QUERY_FIND trigger on form...
   No compilation errors.

Compiling QMS$MENU_ITEM trigger on form...
   No compilation errors.

Compiling WHEN-NEW-BLOCK-INSTANCE trigger on form...
   No compilation errors.

Compiling WHEN-NEW-FORM-INSTANCE trigger on form...
   No compilation errors.

Compiling WHEN-WINDOW-CLOSED trigger on form...
   No compilation errors.

Compiling WHEN-WINDOW-ACTIVATED trigger on form...
   No compilation errors.

Compiling WHEN-WINDOW-RESIZED trigger on form...
   No compilation errors.

Compiling WHEN-TAB-PAGE-CHANGED trigger on form...
   No compilation errors.

Compiling POST-TEXT-ITEM trigger on form...
   No compilation errors.

Compiling WHEN-FORM-NAVIGATE trigger on form...
   No compilation errors.

Compiling KEY-CLRREC trigger on QMS$TRANS_ERRORS data block...
   No compilation errors.

Compiling KEY-CREREC trigger on QMS$TRANS_ERRORS data block...
   No compilation errors.

Compiling KEY-DOWN trigger on QMS$TRANS_ERRORS data block...
   No compilation errors.

Compiling KEY-NXTREC trigger on QMS$TRANS_ERRORS data block...
   No compilation errors.

Compiling KEY-SCRDOWN trigger on QMS$TRANS_ERRORS data block...
   No compilation errors.

Compiling KEY-UP trigger on QMS$TRANS_ERRORS data block...
   No compilation errors.

Compiling KEY-PRVREC trigger on QMS$TRANS_ERRORS data block...
   No compilation errors.

Compiling KEY-SCRUP trigger on QMS$TRANS_ERRORS data block...
   No compilation errors.

Compiling ON-ERROR trigger on QMS$TRANS_ERRORS data block...
   No compilation errors.

Compiling PRE-BLOCK trigger on QMS$TRANS_ERRORS data block...
   No compilation errors.

Compiling WHEN-NEW-BLOCK-INSTANCE trigger on QMS$TRANS_ERRORS data block...
   No compilation errors.

Compiling ON-LOCK trigger on QMS$TRANS_ERRORS data block...
   No compilation errors.

Compiling WHEN-VALIDATE-RECORD trigger on QMS$TRANS_ERRORS data block...
   No compilation errors.

Compiling WHEN-BUTTON-PRESSED trigger on QMS$TRANS_ERRORS data block...
   No compilation errors.

Compiling WHEN-LIST-ACTIVATED trigger on QMS$TRANS_ERRORS data block...
   No compilation errors.

Compiling WHEN-NEW-ITEM-INSTANCE trigger on OK_BUTTON item in QMS$TRANS_ERRORS data block...
   No compilation errors.

Compiling WHEN-BUTTON-PRESSED trigger on OK_BUTTON item in QMS$TRANS_ERRORS data block...
   No compilation errors.

Compiling KEY-PREV-ITEM trigger on OK_BUTTON item in QMS$TRANS_ERRORS data block...
   No compilation errors.

Compiling WHEN-LIST-CHANGED trigger on MESSAGES item in QMS$TRANS_ERRORS data block...
   No compilation errors.

Compiling WHEN-NEW-ITEM-INSTANCE trigger on HELP_BUTTON item in QMS$TRANS_ERRORS data block...
   No compilation errors.

Compiling WHEN-BUTTON-PRESSED trigger on HELP_BUTTON item in QMS$TRANS_ERRORS data block...
   No compilation errors.

Compiling KEY-NEXT-ITEM trigger on HELP_BUTTON item in QMS$TRANS_ERRORS data block...
   No compilation errors.

Compiling WHEN-NEW-ITEM-INSTANCE trigger on OK_BUTTON_MODAL item in QMS$TRANS_ERRORS data block...
   No compilation errors.

Compiling WHEN-BUTTON-PRESSED trigger on OK_BUTTON_MODAL item in QMS$TRANS_ERRORS data block...
   No compilation errors.

Compiling KEY-PREV-ITEM trigger on OK_BUTTON_MODAL item in QMS$TRANS_ERRORS data block...
   No compilation errors.

Compiling WHEN-LIST-CHANGED trigger on MESSAGES_MODAL item in QMS$TRANS_ERRORS data block...
   No compilation errors.

Compiling WHEN-NEW-ITEM-INSTANCE trigger on HELP_BUTTON_MODAL item in QMS$TRANS_ERRORS data block...
   No compilation errors.

Compiling WHEN-BUTTON-PRESSED trigger on HELP_BUTTON_MODAL item in QMS$TRANS_ERRORS data block...
   No compilation errors.

Compiling KEY-NEXT-ITEM trigger on HELP_BUTTON_MODAL item in QMS$TRANS_ERRORS data block...
   No compilation errors.

Compiling WHEN-NEW-ITEM-INSTANCE trigger on RETURN_TO_BLOCK item in QMS$TRANS_ERRORS data block...
   No compilation errors.

Compiling WHEN-RADIO-CHANGED trigger on CALENDAR data block...
   No compilation errors.

Compiling KEY-OTHERS trigger on CALENDAR data block...
   No compilation errors.

Compiling KEY-NEXT-ITEM trigger on CALENDAR data block...
   No compilation errors.

Compiling KEY-PREV-ITEM trigger on CALENDAR data block...
   No compilation errors.

Compiling KEY-ENTER trigger on CALENDAR data block...
   No compilation errors.

Compiling WHEN-BUTTON-PRESSED trigger on CALENDAR data block...
   No compilation errors.

Compiling WHEN-LIST-CHANGED trigger on CALENDAR data block...
   No compilation errors.

Compiling WHEN-MOUSE-CLICK trigger on CALENDAR data block...
   No compilation errors.

Compiling KEY-DOWN trigger on CALENDAR data block...
   No compilation errors.

Compiling KEY-UP trigger on CALENDAR data block...
   No compilation errors.

Compiling KEY-NXTREC trigger on CALENDAR data block...
   No compilation errors.

Compiling KEY-PRVREC trigger on CALENDAR data block...
   No compilation errors.

Compiling WHEN-MOUSE-DOUBLECLICK trigger on CALENDAR data block...
   No compilation errors.

Compiling WHEN-NEW-ITEM-INSTANCE trigger on HOUR item in CALENDAR data block...
   No compilation errors.

Compiling WHEN-NEW-ITEM-INSTANCE trigger on MINUTE item in CALENDAR data block...
   No compilation errors.

Compiling WHEN-NEW-ITEM-INSTANCE trigger on OK item in CALENDAR data block...
   No compilation errors.

Compiling WHEN-BUTTON-PRESSED trigger on OK item in CALENDAR data block...
   No compilation errors.

Compiling KEY-PREV-ITEM trigger on OK item in CALENDAR data block...
   No compilation errors.

Compiling WHEN-NEW-ITEM-INSTANCE trigger on CANCEL item in CALENDAR data block...
   No compilation errors.

Compiling WHEN-BUTTON-PRESSED trigger on CANCEL item in CALENDAR data block...
   No compilation errors.

Compiling KEY-NEXT-ITEM trigger on MONTH_AND_YEAR item in CALENDAR data block...
   No compilation errors.

Compiling WHEN-MOUSE-CLICK trigger on PREV_MONTH item in CALENDAR data block...
   No compilation errors.

Compiling WHEN-MOUSE-CLICK trigger on NEXT_MONTH item in CALENDAR data block...
   No compilation errors.

Compiling WHEN-MOUSE-CLICK trigger on NEXT_YEAR item in CALENDAR data block...
   No compilation errors.

Compiling WHEN-MOUSE-CLICK trigger on PREV_YEAR item in CALENDAR data block...
   No compilation errors.

Compiling WHEN-NEW-ITEM-INSTANCE trigger on AM_PM item in CALENDAR data block...
   No compilation errors.

Compiling WHEN-BUTTON-PRESSED trigger on QMS$TOOLBAR data block...
   No compilation errors.

Compiling WHEN-LIST-CHANGED trigger on ORDER_BY item in QMS$TOOLBAR data block...
   No compilation errors.

Compiling ON-LOCK trigger on TBL1 data block...
   No compilation errors.

Compiling POST-INSERT trigger on TBL1 data block...
   No compilation errors.

Compiling POST-QUERY trigger on TBL1 data block...
   No compilation errors.

Compiling PRE-BLOCK trigger on TBL1 data block...
   No compilation errors.

Compiling PRE-QUERY trigger on TBL1 data block...
   No compilation errors.

Compiling WHEN-DATABASE-RECORD trigger on TBL1 data block...
   No compilation errors.

Compiling WHEN-NEW-BLOCK-INSTANCE trigger on TBL1 data block...
   No compilation errors.

Compiling WHEN-NEW-RECORD-INSTANCE trigger on TBL1 data block...
   No compilation errors.

Compiling WHEN-REMOVE-RECORD trigger on TBL1 data block...
   No compilation errors.

Compiling POST-SELECT trigger on TBL1 data block...
   No compilation errors.

Compiling ON-ERROR trigger on TBL1 data block...
   No compilation errors.

Compiling WHEN-NEW-ITEM-INSTANCE trigger on REC_ACTUAL item in TBL1 data block...
   No compilation errors.

Compiling WHEN-NEW-ITEM-INSTANCE trigger on CODIGO_DESDE item in TBL1 data block...
   No compilation errors.

Compiling WHEN-VALIDATE-ITEM trigger on CODIGO_DESDE item in TBL1 data block...
   No compilation errors.

Compiling KEY-PREV-ITEM trigger on CODIGO_DESDE item in TBL1 data block...
   No compilation errors.

Compiling WHEN-NEW-ITEM-INSTANCE trigger on CODIGO_HASTA item in TBL1 data block...
   No compilation errors.

Compiling WHEN-VALIDATE-ITEM trigger on CODIGO_HASTA item in TBL1 data block...
   No compilation errors.

Compiling WHEN-NEW-ITEM-INSTANCE trigger on ANIO item in TBL1 data block...
   No compilation errors.

Compiling WHEN-NEW-ITEM-INSTANCE trigger on DESCRIPCION item in TBL1 data block...
   No compilation errors.

Compiling KEY-NEXT-ITEM trigger on DESCRIPCION item in TBL1 data block...
   No compilation errors.

Compiling ON-LOCK trigger on TBLRFR data block...
   No compilation errors.

Compiling POST-INSERT trigger on TBLRFR data block...
   No compilation errors.

Compiling POST-QUERY trigger on TBLRFR data block...
   No compilation errors.

Compiling PRE-BLOCK trigger on TBLRFR data block...
   No compilation errors.

Compiling PRE-QUERY trigger on TBLRFR data block...
   No compilation errors.

Compiling WHEN-DATABASE-RECORD trigger on TBLRFR data block...
   No compilation errors.

Compiling WHEN-NEW-BLOCK-INSTANCE trigger on TBLRFR data block...
   No compilation errors.

Compiling WHEN-NEW-RECORD-INSTANCE trigger on TBLRFR data block...
   No compilation errors.

Compiling WHEN-REMOVE-RECORD trigger on TBLRFR data block...
   No compilation errors.

Compiling POST-SELECT trigger on TBLRFR data block...
   No compilation errors.

Compiling ON-ERROR trigger on TBLRFR data block...
   No compilation errors.

Compiling WHEN-NEW-ITEM-INSTANCE trigger on REC_ACTUAL item in TBLRFR data block...
   No compilation errors.

Compiling WHEN-NEW-ITEM-INSTANCE trigger on CODIGO_TABLA item in TBLRFR data block...
   No compilation errors.

Compiling WHEN-VALIDATE-ITEM trigger on CODIGO_TABLA item in TBLRFR data block...
   No compilation errors.

Compiling KEY-PREV-ITEM trigger on CODIGO_TABLA item in TBLRFR data block...
   No compilation errors.

Compiling WHEN-NEW-ITEM-INSTANCE trigger on CODIGO item in TBLRFR data block...
   No compilation errors.

Compiling WHEN-VALIDATE-ITEM trigger on CODIGO item in TBLRFR data block...
   No compilation errors.

Compiling WHEN-NEW-ITEM-INSTANCE trigger on DESCRIPCION item in TBLRFR data block...
   No compilation errors.

Compiling WHEN-NEW-ITEM-INSTANCE trigger on FECHA_VALIDEZ_DESDE item in TBLRFR data block...
   No compilation errors.

Compiling KEY-LISTVAL trigger on FECHA_VALIDEZ_DESDE item in TBLRFR data block...
   No compilation errors.

Compiling WHEN-VALIDATE-ITEM trigger on FECHA_VALIDEZ_DESDE item in TBLRFR data block...
   No compilation errors.

Compiling WHEN-NEW-ITEM-INSTANCE trigger on FECHA_VALIDEZ_HASTA item in TBLRFR data block...
   No compilation errors.

Compiling KEY-LISTVAL trigger on FECHA_VALIDEZ_HASTA item in TBLRFR data block...
   No compilation errors.

Compiling KEY-NEXT-ITEM trigger on FECHA_VALIDEZ_HASTA item in TBLRFR data block...
   No compilation errors.

Compiling ON-LOCK trigger on TPORTN data block...
   No compilation errors.

Compiling POST-INSERT trigger on TPORTN data block...
   No compilation errors.

Compiling POST-QUERY trigger on TPORTN data block...
   No compilation errors.

Compiling PRE-BLOCK trigger on TPORTN data block...
   No compilation errors.

Compiling PRE-QUERY trigger on TPORTN data block...
   No compilation errors.

Compiling WHEN-DATABASE-RECORD trigger on TPORTN data block...
   No compilation errors.

Compiling WHEN-NEW-BLOCK-INSTANCE trigger on TPORTN data block...
   No compilation errors.

Compiling WHEN-NEW-RECORD-INSTANCE trigger on TPORTN data block...
   No compilation errors.

Compiling WHEN-REMOVE-RECORD trigger on TPORTN data block...
   No compilation errors.

Compiling POST-SELECT trigger on TPORTN data block...
   No compilation errors.

Compiling KEY-DELREC trigger on TPORTN data block...
   No compilation errors.

Compiling ON-ERROR trigger on TPORTN data block...
   No compilation errors.

Compiling WHEN-NEW-ITEM-INSTANCE trigger on REC_ACTUAL item in TPORTN data block...
   No compilation errors.

Compiling WHEN-NEW-ITEM-INSTANCE trigger on CODIGO item in TPORTN data block...
   No compilation errors.

Compiling WHEN-VALIDATE-ITEM trigger on CODIGO item in TPORTN data block...
   No compilation errors.

Compiling KEY-PREV-ITEM trigger on CODIGO item in TPORTN data block...
   No compilation errors.

Compiling WHEN-NEW-ITEM-INSTANCE trigger on DESCRIPCION item in TPORTN data block...
   No compilation errors.

Compiling WHEN-NEW-ITEM-INSTANCE trigger on ANIO_VALIDEZ_DESDE item in TPORTN data block...
   No compilation errors.

Compiling KEY-LISTVAL trigger on ANIO_VALIDEZ_DESDE item in TPORTN data block...
   No compilation errors.

Compiling WHEN-NEW-ITEM-INSTANCE trigger on ANIO_VALIZEZ_HASTA item in TPORTN data block...
   No compilation errors.

Compiling KEY-LISTVAL trigger on ANIO_VALIZEZ_HASTA item in TPORTN data block...
   No compilation errors.

Compiling WHEN-NEW-ITEM-INSTANCE trigger on PORCENTAJE2 item in TPORTN data block...
   No compilation errors.

Compiling KEY-NEXT-ITEM trigger on PORCENTAJE2 item in TPORTN data block...
   No compilation errors.

Compiling WHEN-NEW-ITEM-INSTANCE trigger on CGRI$USER_WARNED_ON_DELETE item in TPORTN data block...
   No compilation errors.

Compiling KEY-CLRREC trigger on CG$CTRL data block...
   No compilation errors.

Compiling KEY-CREREC trigger on CG$CTRL data block...
   No compilation errors.

Compiling KEY-DOWN trigger on CG$CTRL data block...
   No compilation errors.

Compiling KEY-NXTREC trigger on CG$CTRL data block...
   No compilation errors.

Compiling KEY-SCRDOWN trigger on CG$CTRL data block...
   No compilation errors.

Compiling KEY-UP trigger on CG$CTRL data block...
   No compilation errors.

Compiling KEY-PRVREC trigger on CG$CTRL data block...
   No compilation errors.

Compiling KEY-SCRUP trigger on CG$CTRL data block...
   No compilation errors.

Compiling ON-ERROR trigger on CG$CTRL data block...
   No compilation errors.

Compiling PRE-BLOCK trigger on CG$CTRL data block...
   No compilation errors.

Compiling WHEN-NEW-BLOCK-INSTANCE trigger on CG$CTRL data block...
   No compilation errors.

Compiling WHEN-NEW-ITEM-INSTANCE trigger on CG$PAGE_1_LIST item in CG$CTRL data block...
   No compilation errors.

Compiling WHEN-NEW-ITEM-INSTANCE trigger on CG$WINDOWQMS$TRANS_ERRORS_PAGE item in CG$CTRL data block...
   No compilation errors.

Compiling WHEN-NEW-ITEM-INSTANCE trigger on CG$WINDOWTABLAS_PAGE item in CG$CTRL data block...
   No compilation errors.

Compiling WHEN-NEW-ITEM-INSTANCE trigger on CG$WINDOWQMS$TRANS_ERRORS_MODA item in CG$CTRL data block...
   No compilation errors.

Compiling WHEN-NEW-ITEM-INSTANCE trigger on CG$WINDOWCALENDAR_PAGE item in CG$CTRL data block...
   No compilation errors.

Compiling WHEN-NEW-ITEM-INSTANCE trigger on CG$WINDOWQMS$HIDDEN_ITEMS_PAGE item in CG$CTRL data block...
   No compilation errors.

Compiling WHEN-NEW-ITEM-INSTANCE trigger on CG$LAST_CANVAS item in CG$CTRL data block...
   No compilation errors.


Created form file M:\sas\bin\SRI\frm\sriadmtbl.fmx
