Compiling package specification CG$SRICNFANL_GLOBALS... 
   No compilation errors.

Compiling procedure CGSF$CLR_IVA_IVA_EMP_FK... 
   No compilation errors.

Compiling procedure CGFK$QRY_IVA_IVA_EMP_FK... 
   No compilation errors.

Compiling procedure CGUV$CHK_IVA_PK... 
   No compilation errors.

Compiling function CGTE$CHECK_CONSTRAINT_VIO... 
   No compilation errors.

Compiling procedure CGTE$IVA_ERRORS... 
   No compilation errors.

Compiling procedure CGTE$VNTANL_ERRORS... 
   No compilation errors.

Compiling PRE-COMMIT trigger on form...
   No compilation errors.

Compiling QMS$CUSTOM_HELP trigger on form...
   No compilation errors.

Compiling POST-FORM trigger on form...
   No compilation errors.

Compiling CALENDAR_WROTE_DATE trigger on form...
   No compilation errors.

Compiling KEY-EXIT trigger on form...
   No compilation errors.

Compiling POST-FORMS-COMMIT trigger on form...
   No compilation errors.

Compiling KEY-CLRFRM trigger on form...
   No compilation errors.

Compiling KEY-HELP trigger on form...
   No compilation errors.

Compiling KEY-MENU trigger on form...
   No compilation errors.

Compiling ON-ERROR trigger on form...
   No compilation errors.

Compiling ON-MESSAGE trigger on form...
   No compilation errors.

Compiling PRE-FORM trigger on form...
   No compilation errors.

Compiling QUERY_FIND trigger on form...
   No compilation errors.

Compiling QMS$MENU_ITEM trigger on form...
   No compilation errors.

Compiling WHEN-NEW-BLOCK-INSTANCE trigger on form...
   No compilation errors.

Compiling WHEN-NEW-FORM-INSTANCE trigger on form...
   No compilation errors.

Compiling WHEN-WINDOW-CLOSED trigger on form...
   No compilation errors.

Compiling WHEN-WINDOW-ACTIVATED trigger on form...
   No compilation errors.

Compiling WHEN-WINDOW-RESIZED trigger on form...
   No compilation errors.

Compiling POST-TEXT-ITEM trigger on form...
   No compilation errors.

Compiling WHEN-FORM-NAVIGATE trigger on form...
   No compilation errors.

Compiling KEY-CLRREC trigger on QMS$TRANS_ERRORS data block...
   No compilation errors.

Compiling KEY-CREREC trigger on QMS$TRANS_ERRORS data block...
   No compilation errors.

Compiling KEY-DOWN trigger on QMS$TRANS_ERRORS data block...
   No compilation errors.

Compiling KEY-NXTREC trigger on QMS$TRANS_ERRORS data block...
   No compilation errors.

Compiling KEY-SCRDOWN trigger on QMS$TRANS_ERRORS data block...
   No compilation errors.

Compiling KEY-UP trigger on QMS$TRANS_ERRORS data block...
   No compilation errors.

Compiling KEY-PRVREC trigger on QMS$TRANS_ERRORS data block...
   No compilation errors.

Compiling KEY-SCRUP trigger on QMS$TRANS_ERRORS data block...
   No compilation errors.

Compiling ON-ERROR trigger on QMS$TRANS_ERRORS data block...
   No compilation errors.

Compiling PRE-BLOCK trigger on QMS$TRANS_ERRORS data block...
   No compilation errors.

Compiling WHEN-NEW-BLOCK-INSTANCE trigger on QMS$TRANS_ERRORS data block...
   No compilation errors.

Compiling ON-LOCK trigger on QMS$TRANS_ERRORS data block...
   No compilation errors.

Compiling WHEN-VALIDATE-RECORD trigger on QMS$TRANS_ERRORS data block...
   No compilation errors.

Compiling WHEN-BUTTON-PRESSED trigger on QMS$TRANS_ERRORS data block...
   No compilation errors.

Compiling WHEN-LIST-ACTIVATED trigger on QMS$TRANS_ERRORS data block...
   No compilation errors.

Compiling WHEN-NEW-ITEM-INSTANCE trigger on OK_BUTTON item in QMS$TRANS_ERRORS data block...
   No compilation errors.

Compiling WHEN-BUTTON-PRESSED trigger on OK_BUTTON item in QMS$TRANS_ERRORS data block...
   No compilation errors.

Compiling KEY-PREV-ITEM trigger on OK_BUTTON item in QMS$TRANS_ERRORS data block...
   No compilation errors.

Compiling WHEN-LIST-CHANGED trigger on MESSAGES item in QMS$TRANS_ERRORS data block...
   No compilation errors.

Compiling WHEN-NEW-ITEM-INSTANCE trigger on HELP_BUTTON item in QMS$TRANS_ERRORS data block...
   No compilation errors.

Compiling WHEN-BUTTON-PRESSED trigger on HELP_BUTTON item in QMS$TRANS_ERRORS data block...
   No compilation errors.

Compiling KEY-NEXT-ITEM trigger on HELP_BUTTON item in QMS$TRANS_ERRORS data block...
   No compilation errors.

Compiling WHEN-NEW-ITEM-INSTANCE trigger on OK_BUTTON_MODAL item in QMS$TRANS_ERRORS data block...
   No compilation errors.

Compiling WHEN-BUTTON-PRESSED trigger on OK_BUTTON_MODAL item in QMS$TRANS_ERRORS data block...
   No compilation errors.

Compiling KEY-PREV-ITEM trigger on OK_BUTTON_MODAL item in QMS$TRANS_ERRORS data block...
   No compilation errors.

Compiling WHEN-LIST-CHANGED trigger on MESSAGES_MODAL item in QMS$TRANS_ERRORS data block...
   No compilation errors.

Compiling WHEN-NEW-ITEM-INSTANCE trigger on HELP_BUTTON_MODAL item in QMS$TRANS_ERRORS data block...
   No compilation errors.

Compiling WHEN-BUTTON-PRESSED trigger on HELP_BUTTON_MODAL item in QMS$TRANS_ERRORS data block...
   No compilation errors.

Compiling KEY-NEXT-ITEM trigger on HELP_BUTTON_MODAL item in QMS$TRANS_ERRORS data block...
   No compilation errors.

Compiling WHEN-NEW-ITEM-INSTANCE trigger on RETURN_TO_BLOCK item in QMS$TRANS_ERRORS data block...
   No compilation errors.

Compiling WHEN-RADIO-CHANGED trigger on CALENDAR data block...
   No compilation errors.

Compiling KEY-OTHERS trigger on CALENDAR data block...
   No compilation errors.

Compiling KEY-NEXT-ITEM trigger on CALENDAR data block...
   No compilation errors.

Compiling KEY-PREV-ITEM trigger on CALENDAR data block...
   No compilation errors.

Compiling KEY-ENTER trigger on CALENDAR data block...
   No compilation errors.

Compiling WHEN-BUTTON-PRESSED trigger on CALENDAR data block...
   No compilation errors.

Compiling WHEN-LIST-CHANGED trigger on CALENDAR data block...
   No compilation errors.

Compiling WHEN-MOUSE-CLICK trigger on CALENDAR data block...
   No compilation errors.

Compiling KEY-DOWN trigger on CALENDAR data block...
   No compilation errors.

Compiling KEY-UP trigger on CALENDAR data block...
   No compilation errors.

Compiling KEY-NXTREC trigger on CALENDAR data block...
   No compilation errors.

Compiling KEY-PRVREC trigger on CALENDAR data block...
   No compilation errors.

Compiling WHEN-MOUSE-DOUBLECLICK trigger on CALENDAR data block...
   No compilation errors.

Compiling WHEN-NEW-ITEM-INSTANCE trigger on HOUR item in CALENDAR data block...
   No compilation errors.

Compiling WHEN-NEW-ITEM-INSTANCE trigger on MINUTE item in CALENDAR data block...
   No compilation errors.

Compiling WHEN-NEW-ITEM-INSTANCE trigger on OK item in CALENDAR data block...
   No compilation errors.

Compiling WHEN-BUTTON-PRESSED trigger on OK item in CALENDAR data block...
   No compilation errors.

Compiling KEY-PREV-ITEM trigger on OK item in CALENDAR data block...
   No compilation errors.

Compiling WHEN-NEW-ITEM-INSTANCE trigger on CANCEL item in CALENDAR data block...
   No compilation errors.

Compiling WHEN-BUTTON-PRESSED trigger on CANCEL item in CALENDAR data block...
   No compilation errors.

Compiling KEY-NEXT-ITEM trigger on MONTH_AND_YEAR item in CALENDAR data block...
   No compilation errors.

Compiling WHEN-MOUSE-CLICK trigger on PREV_MONTH item in CALENDAR data block...
   No compilation errors.

Compiling WHEN-MOUSE-CLICK trigger on NEXT_MONTH item in CALENDAR data block...
   No compilation errors.

Compiling WHEN-MOUSE-CLICK trigger on NEXT_YEAR item in CALENDAR data block...
   No compilation errors.

Compiling WHEN-MOUSE-CLICK trigger on PREV_YEAR item in CALENDAR data block...
   No compilation errors.

Compiling WHEN-NEW-ITEM-INSTANCE trigger on AM_PM item in CALENDAR data block...
   No compilation errors.

Compiling WHEN-BUTTON-PRESSED trigger on QMS$TOOLBAR data block...
   No compilation errors.

Compiling WHEN-LIST-CHANGED trigger on ORDER_BY item in QMS$TOOLBAR data block...
   No compilation errors.

Compiling ON-LOCK trigger on IVA data block...
   No compilation errors.

Compiling POST-INSERT trigger on IVA data block...
   No compilation errors.

Compiling POST-QUERY trigger on IVA data block...
   No compilation errors.

Compiling PRE-BLOCK trigger on IVA data block...
   No compilation errors.

Compiling PRE-QUERY trigger on IVA data block...
   No compilation errors.

Compiling WHEN-DATABASE-RECORD trigger on IVA data block...
   No compilation errors.

Compiling WHEN-NEW-BLOCK-INSTANCE trigger on IVA data block...
   No compilation errors.

Compiling WHEN-NEW-RECORD-INSTANCE trigger on IVA data block...
   No compilation errors.

Compiling WHEN-REMOVE-RECORD trigger on IVA data block...
   No compilation errors.

Compiling POST-SELECT trigger on IVA data block...
   No compilation errors.

Compiling ON-ERROR trigger on IVA data block...
   No compilation errors.

Compiling POST-UPDATE trigger on IVA data block...
   No compilation errors.

Compiling WHEN-NEW-ITEM-INSTANCE trigger on REC_ACTUAL item in IVA data block...
   No compilation errors.

Compiling WHEN-NEW-ITEM-INSTANCE trigger on ESTADO_GENERACION item in IVA data block...
   No compilation errors.

Compiling WHEN-NEW-ITEM-INSTANCE trigger on EMP_CODIGO item in IVA data block...
   No compilation errors.

Compiling WHEN-VALIDATE-ITEM trigger on EMP_CODIGO item in IVA data block...
   No compilation errors.

Compiling KEY-PREV-ITEM trigger on EMP_CODIGO item in IVA data block...
   No compilation errors.

Compiling WHEN-NEW-ITEM-INSTANCE trigger on RUC item in IVA data block...
   No compilation errors.

Compiling WHEN-NEW-ITEM-INSTANCE trigger on ANIO item in IVA data block...
   No compilation errors.

Compiling WHEN-VALIDATE-ITEM trigger on ANIO item in IVA data block...
   No compilation errors.

Compiling WHEN-NEW-ITEM-INSTANCE trigger on MES item in IVA data block...
   No compilation errors.

Compiling WHEN-VALIDATE-ITEM trigger on MES item in IVA data block...
   No compilation errors.

Compiling WHEN-NEW-ITEM-INSTANCE trigger on PERIODO item in IVA data block...
   No compilation errors.

Compiling WHEN-NEW-ITEM-INSTANCE trigger on NOMBRE_LEGAL item in IVA data block...
   No compilation errors.

Compiling WHEN-NEW-ITEM-INSTANCE trigger on TELEFONO item in IVA data block...
   No compilation errors.

Compiling WHEN-NEW-ITEM-INSTANCE trigger on FAX item in IVA data block...
   No compilation errors.

Compiling WHEN-NEW-ITEM-INSTANCE trigger on EMAIL item in IVA data block...
   No compilation errors.

Compiling WHEN-NEW-ITEM-INSTANCE trigger on OBSERVACIONES item in IVA data block...
   No compilation errors.

Compiling WHEN-NEW-ITEM-INSTANCE trigger on TIPO item in IVA data block...
   No compilation errors.

Compiling WHEN-NEW-ITEM-INSTANCE trigger on BTN_VER_DETALLE item in IVA data block...
   No compilation errors.

Compiling WHEN-BUTTON-PRESSED trigger on BTN_VER_DETALLE item in IVA data block...
   No compilation errors.

Compiling WHEN-NEW-ITEM-INSTANCE trigger on BTN_ANULADOS item in IVA data block...
   No compilation errors.

Compiling WHEN-BUTTON-PRESSED trigger on BTN_ANULADOS item in IVA data block...
   No compilation errors.

Compiling KEY-NEXT-ITEM trigger on BTN_ANULADOS item in IVA data block...
   No compilation errors.

Compiling WHEN-NEW-ITEM-INSTANCE trigger on ESTADO_CIERRE item in IVA data block...
   No compilation errors.

Compiling ON-LOCK trigger on VNTANL data block...
   No compilation errors.

Compiling POST-INSERT trigger on VNTANL data block...
   No compilation errors.

Compiling POST-QUERY trigger on VNTANL data block...
   No compilation errors.

Compiling PRE-BLOCK trigger on VNTANL data block...
   No compilation errors.

Compiling PRE-QUERY trigger on VNTANL data block...
   No compilation errors.

Compiling WHEN-DATABASE-RECORD trigger on VNTANL data block...
   No compilation errors.

Compiling WHEN-NEW-BLOCK-INSTANCE trigger on VNTANL data block...
   No compilation errors.

Compiling WHEN-NEW-RECORD-INSTANCE trigger on VNTANL data block...
   No compilation errors.

Compiling WHEN-REMOVE-RECORD trigger on VNTANL data block...
   No compilation errors.

Compiling POST-SELECT trigger on VNTANL data block...
   No compilation errors.

Compiling ON-ERROR trigger on VNTANL data block...
   No compilation errors.

Compiling WHEN-NEW-ITEM-INSTANCE trigger on FECHA_ANULACION item in VNTANL data block...
   No compilation errors.

Compiling KEY-LISTVAL trigger on FECHA_ANULACION item in VNTANL data block...
   No compilation errors.

Compiling WHEN-NEW-ITEM-INSTANCE trigger on CODIGO_TIPO_COMPROBANTE item in VNTANL data block...
   No compilation errors.

Compiling KEY-PREV-ITEM trigger on CODIGO_TIPO_COMPROBANTE item in VNTANL data block...
   No compilation errors.

Compiling WHEN-NEW-ITEM-INSTANCE trigger on TIPO_COMPROBANTE item in VNTANL data block...
   No compilation errors.

Compiling WHEN-NEW-ITEM-INSTANCE trigger on NUMERO_ESTABLECIMIENTO item in VNTANL data block...
   No compilation errors.

Compiling WHEN-NEW-ITEM-INSTANCE trigger on NUMERO_PUNTO_EMISION item in VNTANL data block...
   No compilation errors.

Compiling WHEN-NEW-ITEM-INSTANCE trigger on EMP_CODIGO item in VNTANL data block...
   No compilation errors.

Compiling WHEN-NEW-ITEM-INSTANCE trigger on SECUENCIA_COMPROBANTE item in VNTANL data block...
   No compilation errors.

Compiling WHEN-NEW-ITEM-INSTANCE trigger on SECUENCIA_SISTEMA item in VNTANL data block...
   No compilation errors.

Compiling WHEN-NEW-ITEM-INSTANCE trigger on NUMERO_AUTORIZACION item in VNTANL data block...
   No compilation errors.

Compiling KEY-NEXT-ITEM trigger on NUMERO_AUTORIZACION item in VNTANL data block...
   No compilation errors.

Compiling KEY-CLRREC trigger on CG$CTRL data block...
   No compilation errors.

Compiling KEY-CREREC trigger on CG$CTRL data block...
   No compilation errors.

Compiling KEY-DOWN trigger on CG$CTRL data block...
   No compilation errors.

Compiling KEY-NXTREC trigger on CG$CTRL data block...
   No compilation errors.

Compiling KEY-SCRDOWN trigger on CG$CTRL data block...
   No compilation errors.

Compiling KEY-UP trigger on CG$CTRL data block...
   No compilation errors.

Compiling KEY-PRVREC trigger on CG$CTRL data block...
   No compilation errors.

Compiling KEY-SCRUP trigger on CG$CTRL data block...
   No compilation errors.

Compiling ON-ERROR trigger on CG$CTRL data block...
   No compilation errors.

Compiling PRE-BLOCK trigger on CG$CTRL data block...
   No compilation errors.

Compiling WHEN-NEW-BLOCK-INSTANCE trigger on CG$CTRL data block...
   No compilation errors.


Created form file M:\sas\bin\SRI\frm\sricnfanl.fmx
