Compiling package specification CG$SRIGNR_GLOBALS... 
   No compilation errors.

Compiling procedure CGIM$LOAD... 
   No compilation errors.

Compiling procedure CGSF$CLR_SIS_DPR_DPR_ARA_FK... 
   No compilation errors.

Compiling procedure CGFK$QRY_SIS_DPR_DPR_ARA_FK... 
   No compilation errors.

Compiling function CGTE$CHECK_CONSTRAINT_VIO... 
   No compilation errors.

Compiling procedure CGTE$SIS_EMP_ERRORS... 
   No compilation errors.

Compiling procedure CGTE$SIS_DPR_ERRORS... 
   No compilation errors.

Compiling procedure CGTE$SIS_PRS_ERRORS... 
   No compilation errors.

Compiling procedure CGLY$DISPLAY_CANVASES... 
   No compilation errors.

Compiling procedure CGLY$GET_RELATED_CANVASES... 
   No compilation errors.

Compiling procedure CGLY$CANVAS_MANAGEMENT... 
   No compilation errors.

Compiling PRE-COMMIT trigger on form...
   No compilation errors.

Compiling QMS$CUSTOM_HELP trigger on form...
   No compilation errors.

Compiling POST-FORM trigger on form...
   No compilation errors.

Compiling KEY-EXIT trigger on form...
   No compilation errors.

Compiling POST-FORMS-COMMIT trigger on form...
   No compilation errors.

Compiling KEY-CLRFRM trigger on form...
   No compilation errors.

Compiling KEY-HELP trigger on form...
   No compilation errors.

Compiling KEY-MENU trigger on form...
   No compilation errors.

Compiling ON-ERROR trigger on form...
   No compilation errors.

Compiling ON-MESSAGE trigger on form...
   No compilation errors.

Compiling PRE-FORM trigger on form...
   No compilation errors.

Compiling QUERY_FIND trigger on form...
   No compilation errors.

Compiling QMS$MENU_ITEM trigger on form...
   No compilation errors.

Compiling WHEN-NEW-BLOCK-INSTANCE trigger on form...
   No compilation errors.

Compiling WHEN-NEW-FORM-INSTANCE trigger on form...
   No compilation errors.

Compiling WHEN-WINDOW-CLOSED trigger on form...
   No compilation errors.

Compiling WHEN-WINDOW-ACTIVATED trigger on form...
   No compilation errors.

Compiling WHEN-WINDOW-RESIZED trigger on form...
   No compilation errors.

Compiling POST-LOGON trigger on form...
   No compilation errors.

Compiling POST-TEXT-ITEM trigger on form...
   No compilation errors.

Compiling WHEN-FORM-NAVIGATE trigger on form...
   No compilation errors.

Compiling KEY-CLRREC trigger on QMS$TRANS_ERRORS data block...
   No compilation errors.

Compiling KEY-CREREC trigger on QMS$TRANS_ERRORS data block...
   No compilation errors.

Compiling KEY-DOWN trigger on QMS$TRANS_ERRORS data block...
   No compilation errors.

Compiling KEY-NXTREC trigger on QMS$TRANS_ERRORS data block...
   No compilation errors.

Compiling KEY-SCRDOWN trigger on QMS$TRANS_ERRORS data block...
   No compilation errors.

Compiling KEY-UP trigger on QMS$TRANS_ERRORS data block...
   No compilation errors.

Compiling KEY-PRVREC trigger on QMS$TRANS_ERRORS data block...
   No compilation errors.

Compiling KEY-SCRUP trigger on QMS$TRANS_ERRORS data block...
   No compilation errors.

Compiling ON-ERROR trigger on QMS$TRANS_ERRORS data block...
   No compilation errors.

Compiling PRE-BLOCK trigger on QMS$TRANS_ERRORS data block...
   No compilation errors.

Compiling WHEN-NEW-BLOCK-INSTANCE trigger on QMS$TRANS_ERRORS data block...
   No compilation errors.

Compiling ON-LOCK trigger on QMS$TRANS_ERRORS data block...
   No compilation errors.

Compiling WHEN-VALIDATE-RECORD trigger on QMS$TRANS_ERRORS data block...
   No compilation errors.

Compiling WHEN-BUTTON-PRESSED trigger on QMS$TRANS_ERRORS data block...
   No compilation errors.

Compiling WHEN-LIST-ACTIVATED trigger on QMS$TRANS_ERRORS data block...
   No compilation errors.

Compiling WHEN-NEW-ITEM-INSTANCE trigger on OK_BUTTON item in QMS$TRANS_ERRORS data block...
   No compilation errors.

Compiling WHEN-BUTTON-PRESSED trigger on OK_BUTTON item in QMS$TRANS_ERRORS data block...
   No compilation errors.

Compiling KEY-PREV-ITEM trigger on OK_BUTTON item in QMS$TRANS_ERRORS data block...
   No compilation errors.

Compiling WHEN-LIST-CHANGED trigger on MESSAGES item in QMS$TRANS_ERRORS data block...
   No compilation errors.

Compiling WHEN-NEW-ITEM-INSTANCE trigger on HELP_BUTTON item in QMS$TRANS_ERRORS data block...
   No compilation errors.

Compiling WHEN-BUTTON-PRESSED trigger on HELP_BUTTON item in QMS$TRANS_ERRORS data block...
   No compilation errors.

Compiling KEY-NEXT-ITEM trigger on HELP_BUTTON item in QMS$TRANS_ERRORS data block...
   No compilation errors.

Compiling WHEN-NEW-ITEM-INSTANCE trigger on OK_BUTTON_MODAL item in QMS$TRANS_ERRORS data block...
   No compilation errors.

Compiling WHEN-BUTTON-PRESSED trigger on OK_BUTTON_MODAL item in QMS$TRANS_ERRORS data block...
   No compilation errors.

Compiling KEY-PREV-ITEM trigger on OK_BUTTON_MODAL item in QMS$TRANS_ERRORS data block...
   No compilation errors.

Compiling WHEN-LIST-CHANGED trigger on MESSAGES_MODAL item in QMS$TRANS_ERRORS data block...
   No compilation errors.

Compiling WHEN-NEW-ITEM-INSTANCE trigger on HELP_BUTTON_MODAL item in QMS$TRANS_ERRORS data block...
   No compilation errors.

Compiling WHEN-BUTTON-PRESSED trigger on HELP_BUTTON_MODAL item in QMS$TRANS_ERRORS data block...
   No compilation errors.

Compiling KEY-NEXT-ITEM trigger on HELP_BUTTON_MODAL item in QMS$TRANS_ERRORS data block...
   No compilation errors.

Compiling WHEN-NEW-ITEM-INSTANCE trigger on RETURN_TO_BLOCK item in QMS$TRANS_ERRORS data block...
   No compilation errors.

Compiling ON-LOCK trigger on SIS_EMP data block...
   No compilation errors.

Compiling POST-INSERT trigger on SIS_EMP data block...
   No compilation errors.

Compiling POST-QUERY trigger on SIS_EMP data block...
   No compilation errors.

Compiling PRE-BLOCK trigger on SIS_EMP data block...
   No compilation errors.

Compiling PRE-QUERY trigger on SIS_EMP data block...
   No compilation errors.

Compiling WHEN-DATABASE-RECORD trigger on SIS_EMP data block...
   No compilation errors.

Compiling WHEN-NEW-BLOCK-INSTANCE trigger on SIS_EMP data block...
   No compilation errors.

Compiling WHEN-NEW-RECORD-INSTANCE trigger on SIS_EMP data block...
   No compilation errors.

Compiling WHEN-REMOVE-RECORD trigger on SIS_EMP data block...
   No compilation errors.

Compiling POST-SELECT trigger on SIS_EMP data block...
   No compilation errors.

Compiling ON-ERROR trigger on SIS_EMP data block...
   No compilation errors.

Compiling WHEN-NEW-ITEM-INSTANCE trigger on LOGO item in SIS_EMP data block...
   No compilation errors.

Compiling WHEN-VALIDATE-ITEM trigger on LOGO item in SIS_EMP data block...
   No compilation errors.

Compiling WHEN-NEW-ITEM-INSTANCE trigger on IMAGE_LOGO item in SIS_EMP data block...
   No compilation errors.

Compiling WHEN-IMAGE-PRESSED trigger on IMAGE_LOGO item in SIS_EMP data block...
   No compilation errors.

Compiling WHEN-IMAGE-ACTIVATED trigger on IMAGE_LOGO item in SIS_EMP data block...
   No compilation errors.

Compiling WHEN-NEW-ITEM-INSTANCE trigger on DESCRIPCION item in SIS_EMP data block...
   No compilation errors.

Compiling KEY-PREV-ITEM trigger on DESCRIPCION item in SIS_EMP data block...
   No compilation errors.

Compiling WHEN-NEW-ITEM-INSTANCE trigger on FECHAACTUAL item in SIS_EMP data block...
   No compilation errors.

Compiling FORMULA-CALCULATION trigger on FECHAACTUAL item in SIS_EMP data block...
   No compilation errors.

Compiling WHEN-NEW-ITEM-INSTANCE trigger on BD item in SIS_EMP data block...
   No compilation errors.

Compiling KEY-NEXT-ITEM trigger on BD item in SIS_EMP data block...
   No compilation errors.

Compiling FORMULA-CALCULATION trigger on BD item in SIS_EMP data block...
   No compilation errors.

Compiling WHEN-NEW-ITEM-INSTANCE trigger on CODIGO item in SIS_EMP data block...
   No compilation errors.

Compiling ON-LOCK trigger on SIS_DPR data block...
   No compilation errors.

Compiling POST-INSERT trigger on SIS_DPR data block...
   No compilation errors.

Compiling POST-QUERY trigger on SIS_DPR data block...
   No compilation errors.

Compiling PRE-BLOCK trigger on SIS_DPR data block...
   No compilation errors.

Compiling PRE-QUERY trigger on SIS_DPR data block...
   No compilation errors.

Compiling WHEN-DATABASE-RECORD trigger on SIS_DPR data block...
   No compilation errors.

Compiling WHEN-NEW-BLOCK-INSTANCE trigger on SIS_DPR data block...
   No compilation errors.

Compiling WHEN-NEW-RECORD-INSTANCE trigger on SIS_DPR data block...
   No compilation errors.

Compiling WHEN-REMOVE-RECORD trigger on SIS_DPR data block...
   No compilation errors.

Compiling POST-SELECT trigger on SIS_DPR data block...
   No compilation errors.

Compiling ON-ERROR trigger on SIS_DPR data block...
   No compilation errors.

Compiling WHEN-NEW-ITEM-INSTANCE trigger on ARA_CODIGO item in SIS_DPR data block...
   No compilation errors.

Compiling WHEN-NEW-ITEM-INSTANCE trigger on CODIGO item in SIS_DPR data block...
   No compilation errors.

Compiling WHEN-NEW-ITEM-INSTANCE trigger on AREAYDEPARTAMENTO item in SIS_DPR data block...
   No compilation errors.

Compiling KEY-PREV-ITEM trigger on AREAYDEPARTAMENTO item in SIS_DPR data block...
   No compilation errors.

Compiling KEY-NEXT-ITEM trigger on AREAYDEPARTAMENTO item in SIS_DPR data block...
   No compilation errors.

Compiling FORMULA-CALCULATION trigger on AREAYDEPARTAMENTO item in SIS_DPR data block...
   No compilation errors.

Compiling WHEN-NEW-ITEM-INSTANCE trigger on NOMBRE item in SIS_DPR data block...
   No compilation errors.

Compiling WHEN-NEW-ITEM-INSTANCE trigger on L_ARA_NOMBRE item in SIS_DPR data block...
   No compilation errors.

Compiling ON-LOCK trigger on SIS_PRS data block...
   No compilation errors.

Compiling POST-INSERT trigger on SIS_PRS data block...
   No compilation errors.

Compiling POST-QUERY trigger on SIS_PRS data block...
   No compilation errors.

Compiling PRE-BLOCK trigger on SIS_PRS data block...
   No compilation errors.

Compiling PRE-QUERY trigger on SIS_PRS data block...
   No compilation errors.

Compiling WHEN-DATABASE-RECORD trigger on SIS_PRS data block...
   No compilation errors.

Compiling WHEN-NEW-BLOCK-INSTANCE trigger on SIS_PRS data block...
   No compilation errors.

Compiling WHEN-NEW-RECORD-INSTANCE trigger on SIS_PRS data block...
   No compilation errors.

Compiling WHEN-REMOVE-RECORD trigger on SIS_PRS data block...
   No compilation errors.

Compiling POST-SELECT trigger on SIS_PRS data block...
   No compilation errors.

Compiling ON-ERROR trigger on SIS_PRS data block...
   No compilation errors.

Compiling WHEN-NEW-ITEM-INSTANCE trigger on CODIGO item in SIS_PRS data block...
   No compilation errors.

Compiling WHEN-NEW-ITEM-INSTANCE trigger on NOMBRE_PERSONAL item in SIS_PRS data block...
   No compilation errors.

Compiling KEY-PREV-ITEM trigger on NOMBRE_PERSONAL item in SIS_PRS data block...
   No compilation errors.

Compiling KEY-NEXT-ITEM trigger on NOMBRE_PERSONAL item in SIS_PRS data block...
   No compilation errors.

Compiling FORMULA-CALCULATION trigger on NOMBRE_PERSONAL item in SIS_PRS data block...
   No compilation errors.

Compiling WHEN-NEW-ITEM-INSTANCE trigger on APELLIDOS item in SIS_PRS data block...
   No compilation errors.

Compiling WHEN-NEW-ITEM-INSTANCE trigger on NOMBRES item in SIS_PRS data block...
   No compilation errors.

Compiling WHEN-NEW-ITEM-INSTANCE trigger on USUARIO item in SIS_PRS data block...
   No compilation errors.

Compiling KEY-CLRREC trigger on CG$CTRL data block...
   No compilation errors.

Compiling KEY-CREREC trigger on CG$CTRL data block...
   No compilation errors.

Compiling KEY-DOWN trigger on CG$CTRL data block...
   No compilation errors.

Compiling KEY-NXTREC trigger on CG$CTRL data block...
   No compilation errors.

Compiling KEY-SCRDOWN trigger on CG$CTRL data block...
   No compilation errors.

Compiling KEY-UP trigger on CG$CTRL data block...
   No compilation errors.

Compiling KEY-PRVREC trigger on CG$CTRL data block...
   No compilation errors.

Compiling KEY-SCRUP trigger on CG$CTRL data block...
   No compilation errors.

Compiling ON-ERROR trigger on CG$CTRL data block...
   No compilation errors.

Compiling PRE-BLOCK trigger on CG$CTRL data block...
   No compilation errors.

Compiling WHEN-NEW-BLOCK-INSTANCE trigger on CG$CTRL data block...
   No compilation errors.

Compiling WHEN-NEW-ITEM-INSTANCE trigger on CG$PAGE_1_LIST item in CG$CTRL data block...
   No compilation errors.

Compiling WHEN-NEW-ITEM-INSTANCE trigger on CG$WINDOWQMS$TRANS_ERRORS_PAGE item in CG$CTRL data block...
   No compilation errors.

Compiling WHEN-NEW-ITEM-INSTANCE trigger on CG$WINDOWWINDOW_PAGE item in CG$CTRL data block...
   No compilation errors.

Compiling WHEN-NEW-ITEM-INSTANCE trigger on CG$WINDOWQMS$TRANS_ERRORS_MODA item in CG$CTRL data block...
   No compilation errors.

Compiling WHEN-NEW-ITEM-INSTANCE trigger on CG$WINDOWQMS$HIDDEN_ITEMS_PAGE item in CG$CTRL data block...
   No compilation errors.

Compiling WHEN-NEW-ITEM-INSTANCE trigger on CG$LAST_CANVAS item in CG$CTRL data block...
   No compilation errors.


Created form file M:\sas\bin\sri\frm\srignr.fmx
