
Starting report PRMRPTPCNCTGSRV [Mon Dec 12 14:44:26 2011] ...
End report PRMRPTPCNCTGSRV [Mon Dec 12 14:44:37 2011].

Starting report PRMRPTPCNCTGSRV [Mon Dec 12 14:54:57 2011] ...
End report PRMRPTPCNCTGSRV [Mon Dec 12 14:56:17 2011].

Starting report PRMRPTPCNCTGSRV [Mon Dec 12 14:56:49 2011] ...
End report PRMRPTPCNCTGSRV [Mon Dec 12 14:57:21 2011].

Starting report FCTPCNCNTPND_XML [Thu Dec 15 10:41:55 2011] ...
REP-0613: Value does not match mask 'DD/MM/YYYY '.
ORA-01830: date format picture ends before converting entire input string

REP-0091: Invalid value for parameter 'DFECHA_DESDE'.
End report FCTPCNCNTPND_XML [Thu Dec 15 10:45:05 2011].

Starting report FCTPCNCNTPND_XML [Thu Dec 15 10:46:13 2011] ...
End report FCTPCNCNTPND_XML [Thu Dec 15 10:54:43 2011].

Starting report PRMRPTCRGIESSGNR [Thu Dec 15 11:40:41 2011] ...
REP-0110: Unable to open file 'PRMRPTCRGIESSGNR'.
REP-1070: Error while opening or saving a document.
REP-0110: Unable to open file 'PRMRPTCRGIESSGNR'.
End report PRMRPTCRGIESSGNR [Thu Dec 15 11:40:41 2011].

Starting report PRMRPTCRGIESSGNR [Thu Dec 15 11:42:02 2011] ...
End report PRMRPTCRGIESSGNR [Thu Dec 15 11:43:04 2011].

Starting report PRMRPTCRGIESS [Thu Dec 15 12:35:12 2011] ...
REP-0110: Unable to open file 'PRMRPTCRGIESS'.
REP-1070: Error while opening or saving a document.
REP-0110: Unable to open file 'PRMRPTCRGIESS'.
End report PRMRPTCRGIESS [Thu Dec 15 12:35:13 2011].

Starting report PRMRPTCRGIESS [Thu Dec 15 12:41:34 2011] ...
REP-0110: Unable to open file 'PRMRPTCRGIESS'.
REP-1070: Error while opening or saving a document.
REP-0110: Unable to open file 'PRMRPTCRGIESS'.
End report PRMRPTCRGIESS [Thu Dec 15 12:41:35 2011].

Starting report PRMRPTCRGIESS [Thu Dec 15 12:43:26 2011] ...
REP-0110: Unable to open file 'PRMRPTCRGIESS'.
REP-1070: Error while opening or saving a document.
REP-0110: Unable to open file 'PRMRPTCRGIESS'.
End report PRMRPTCRGIESS [Thu Dec 15 12:43:27 2011].

Starting report PRMRPTCRGIESS [Thu Dec 15 12:43:34 2011] ...
REP-0110: Unable to open file 'PRMRPTCRGIESS'.
REP-1070: Error while opening or saving a document.
REP-0110: Unable to open file 'PRMRPTCRGIESS'.
End report PRMRPTCRGIESS [Thu Dec 15 12:43:34 2011].

Starting report PRMRPTCRGIESS [Thu Dec 15 12:44:06 2011] ...
End report PRMRPTCRGIESS [Thu Dec 15 12:44:42 2011].

Starting report PRMRPTCRGIESS [Thu Dec 15 12:46:55 2011] ...
End report PRMRPTCRGIESS [Thu Dec 15 12:47:08 2011].

Starting report PRMRPTCRGIESSMGD [Thu Dec 15 13:34:14 2011] ...
REP-0110: Unable to open file 'PRMRPTCRGIESSMGD'.
REP-1070: Error while opening or saving a document.
REP-0110: Unable to open file 'PRMRPTCRGIESSMGD'.
End report PRMRPTCRGIESSMGD [Thu Dec 15 13:34:14 2011].

Starting report PRMRPTCRGIESSMGD [Thu Dec 15 13:38:16 2011] ...
REP-0110: Unable to open file 'PRMRPTCRGIESSMGD'.
REP-1070: Error while opening or saving a document.
REP-0110: Unable to open file 'PRMRPTCRGIESSMGD'.
End report PRMRPTCRGIESSMGD [Thu Dec 15 13:38:17 2011].

Starting report PRMRPTCRGIESSMGD [Thu Dec 15 13:38:34 2011] ...
REP-0110: Unable to open file 'PRMRPTCRGIESSMGD'.
REP-1070: Error while opening or saving a document.
REP-0110: Unable to open file 'PRMRPTCRGIESSMGD'.
End report PRMRPTCRGIESSMGD [Thu Dec 15 13:38:34 2011].

Starting report PRMRPTCRGIESSMGD [Thu Dec 15 13:39:07 2011] ...
End report PRMRPTCRGIESSMGD [Thu Dec 15 13:40:27 2011].

Starting report FCTPCNCNTPND_XML [Fri Dec 16 14:01:42 2011] ...
REP-0613: Value does not match mask 'DD/MM/YYYY'.
ORA-01830: date format picture ends before converting entire input string

REP-0091: Invalid value for parameter 'DFECHA_HASTA'.
End report FCTPCNCNTPND_XML [Fri Dec 16 14:02:10 2011].

Starting report FCTPCNCNTPND_XML [Fri Dec 16 14:03:02 2011] ...
REP-0613: Value does not match mask 'DD/MM/YYYY '.
ORA-01830: date format picture ends before converting entire input string

REP-0091: Invalid value for parameter 'DFECHA_DESDE'.
End report FCTPCNCNTPND_XML [Fri Dec 16 14:03:10 2011].

Starting report FCTPCNCNTPND_XML [Fri Dec 16 14:38:04 2011] ...
End report FCTPCNCNTPND_XML [Fri Dec 16 15:35:40 2011].

Starting report PRMRPTCRGIESSGNR [Mon Dec 19 08:17:10 2011] ...
End report PRMRPTCRGIESSGNR [Mon Dec 19 08:18:56 2011].

Starting report FCTPCNCNTPND_XML [Mon Dec 19 08:20:27 2011] ...
End report FCTPCNCNTPND_XML [Mon Dec 19 10:15:41 2011].

Starting report FCTPCNCNTPND_XML [Mon Dec 19 10:16:23 2011] ...
End report FCTPCNCNTPND_XML [Mon Dec 19 11:14:40 2011].

Starting report PRMRPTCRGIESSGNR [Mon Dec 19 10:50:23 2011] ...
End report PRMRPTCRGIESSGNR [Mon Dec 19 10:52:30 2011].

Starting report PRMRPTCRGIESSGNR [Mon Dec 19 10:52:40 2011] ...
End report PRMRPTCRGIESSGNR [Mon Dec 19 10:52:50 2011].

Starting report PRMRPTCRGIESSGNR [Mon Dec 19 10:53:04 2011] ...
End report PRMRPTCRGIESSGNR [Mon Dec 19 10:53:30 2011].

Starting report PRMRPTCRGIESSGNR [Mon Dec 19 10:57:40 2011] ...
End report PRMRPTCRGIESSGNR [Mon Dec 19 11:09:09 2011].

Starting report PRMRPTCRGIESS [Mon Dec 19 11:14:02 2011] ...
End report PRMRPTCRGIESS [Mon Dec 19 11:14:28 2011].

Starting report PRMRPTCRGIESS [Mon Dec 19 11:22:08 2011] ...
End report PRMRPTCRGIESS [Mon Dec 19 11:22:24 2011].

Starting report PRMRPTCRGIESS [Mon Dec 19 11:44:23 2011] ...
End report PRMRPTCRGIESS [Mon Dec 19 11:45:26 2011].

Starting report PRMRPTCRGIESS [Mon Dec 19 11:48:53 2011] ...
End report PRMRPTCRGIESS [Mon Dec 19 11:57:21 2011].

Starting report PRMRPTCRGIESS [Mon Dec 19 11:58:37 2011] ...
End report PRMRPTCRGIESS [Mon Dec 19 11:59:02 2011].

Starting report PRMRPTCRGIESS [Mon Dec 19 13:44:33 2011] ...
End report PRMRPTCRGIESS [Mon Dec 19 13:44:43 2011].

Starting report PRMRPTCRGIESS [Mon Dec 19 13:45:12 2011] ...
REP-0110: Unable to open file 'PRMRPTCRGIESS'.
REP-1070: Error while opening or saving a document.
REP-0110: Unable to open file 'PRMRPTCRGIESS'.
End report PRMRPTCRGIESS [Mon Dec 19 13:45:13 2011].

Starting report PRMRPTCRGIESS [Mon Dec 19 13:56:45 2011] ...
REP-0110: Unable to open file 'PRMRPTCRGIESS'.
REP-1070: Error while opening or saving a document.
REP-0110: Unable to open file 'PRMRPTCRGIESS'.
End report PRMRPTCRGIESS [Mon Dec 19 13:56:45 2011].

Starting report PRMRPTCRGIESS [Mon Dec 19 13:57:11 2011] ...
End report PRMRPTCRGIESS [Mon Dec 19 13:57:34 2011].

Starting report PRMRPTCRGIESS [Mon Dec 19 14:01:13 2011] ...
End report PRMRPTCRGIESS [Mon Dec 19 14:03:01 2011].

Starting report PRMRPTCRGIESSMGD [Mon Dec 19 14:05:02 2011] ...
End report PRMRPTCRGIESSMGD [Mon Dec 19 14:05:08 2011].

Starting report PRMRPTCRGIESSMGD [Mon Dec 19 14:05:19 2011] ...
End report PRMRPTCRGIESSMGD [Mon Dec 19 14:05:22 2011].

Starting report PRMRPTCRGIESSMGD [Mon Dec 19 14:07:41 2011] ...
End report PRMRPTCRGIESSMGD [Mon Dec 19 14:08:05 2011].
