Compiling package specification CG$CNTENLBNC_GLOBALS... 
   No compilation errors.

Compiling procedure CG$WHEN_NEW_FORM_INSTANCE... 
   No compilation errors.

Compiling procedure CGFK$QRY_CNTBNC_CNTBNC_ENTFNC_... 
   No compilation errors.

Compiling procedure CGUI$GET_NEXT_CNTASC_SEQ... 
   No compilation errors.

Compiling procedure CGFK$CHK_CNTASCDBE_CNTASC_PLNC... 
   No compilation errors.

Compiling procedure CGFK$QRY_CNTASCDBE_CNTASC_PLNC... 
   No compilation errors.

Compiling procedure CGFK$CHK_CNTASCDBE_CNTASC_P2... 
   No compilation errors.

Compiling procedure CGSF$CLRLU_CNTASCDBE_CNTASC_PL... 
   No compilation errors.

Compiling procedure CGFK$CHK_CNTASCHBE_CNTASC_PLNC... 
   No compilation errors.

Compiling procedure CGFK$QRY_CNTASCHBE_CNTASC_PLNC... 
   No compilation errors.

Compiling procedure CGFK$CHK_CNTASCHBE_CNTASC_P2... 
   No compilation errors.

Compiling procedure CGSF$CLRLU_CNTASCHBE_CNTASC_PL... 
   No compilation errors.

Compiling function CGTE$CHECK_CONSTRAINT_VIO... 
   No compilation errors.

Compiling procedure CGNV$PREV_ITEM... 
   No compilation errors.

Compiling procedure CUENTAS_ASOCIADAS... 
   No compilation errors.

Compiling POST-FORM trigger on form...
   No compilation errors.

Compiling CALENDAR_WROTE_DATE trigger on form...
   No compilation errors.

Compiling KEY-EXIT trigger on form...
   No compilation errors.

Compiling POST-FORMS-COMMIT trigger on form...
   No compilation errors.

Compiling KEY-CLRFRM trigger on form...
   No compilation errors.

Compiling KEY-HELP trigger on form...
   No compilation errors.

Compiling KEY-MENU trigger on form...
   No compilation errors.

Compiling ON-ERROR trigger on form...
   No compilation errors.

Compiling ON-MESSAGE trigger on form...
   No compilation errors.

Compiling PRE-FORM trigger on form...
   No compilation errors.

Compiling QUERY_FIND trigger on form...
   No compilation errors.

Compiling QMS$MENU_ITEM trigger on form...
   No compilation errors.

Compiling WHEN-NEW-BLOCK-INSTANCE trigger on form...
   No compilation errors.

Compiling WHEN-NEW-FORM-INSTANCE trigger on form...
   No compilation errors.

Compiling WHEN-WINDOW-CLOSED trigger on form...
   No compilation errors.

Compiling WHEN-WINDOW-ACTIVATED trigger on form...
   No compilation errors.

Compiling WHEN-WINDOW-RESIZED trigger on form...
   No compilation errors.

Compiling KEY-PREV-ITEM trigger on form...
   No compilation errors.

Compiling POST-BLOCK trigger on form...
   No compilation errors.

Compiling WHEN-RADIO-CHANGED trigger on CALENDAR data block...
   No compilation errors.

Compiling KEY-OTHERS trigger on CALENDAR data block...
   No compilation errors.

Compiling KEY-NEXT-ITEM trigger on CALENDAR data block...
   No compilation errors.

Compiling KEY-PREV-ITEM trigger on CALENDAR data block...
   No compilation errors.

Compiling KEY-ENTER trigger on CALENDAR data block...
   No compilation errors.

Compiling WHEN-BUTTON-PRESSED trigger on CALENDAR data block...
   No compilation errors.

Compiling WHEN-LIST-CHANGED trigger on CALENDAR data block...
   No compilation errors.

Compiling WHEN-MOUSE-CLICK trigger on CALENDAR data block...
   No compilation errors.

Compiling KEY-DOWN trigger on CALENDAR data block...
   No compilation errors.

Compiling KEY-UP trigger on CALENDAR data block...
   No compilation errors.

Compiling KEY-NXTREC trigger on CALENDAR data block...
   No compilation errors.

Compiling KEY-PRVREC trigger on CALENDAR data block...
   No compilation errors.

Compiling WHEN-MOUSE-DOUBLECLICK trigger on CALENDAR data block...
   No compilation errors.

Compiling WHEN-NEW-ITEM-INSTANCE trigger on HOUR item in CALENDAR data block...
   No compilation errors.

Compiling WHEN-NEW-ITEM-INSTANCE trigger on MINUTE item in CALENDAR data block...
   No compilation errors.

Compiling WHEN-NEW-ITEM-INSTANCE trigger on OK item in CALENDAR data block...
   No compilation errors.

Compiling WHEN-BUTTON-PRESSED trigger on OK item in CALENDAR data block...
   No compilation errors.

Compiling WHEN-NEW-ITEM-INSTANCE trigger on CANCEL item in CALENDAR data block...
   No compilation errors.

Compiling WHEN-BUTTON-PRESSED trigger on CANCEL item in CALENDAR data block...
   No compilation errors.

Compiling WHEN-MOUSE-CLICK trigger on PREV_MONTH item in CALENDAR data block...
   No compilation errors.

Compiling WHEN-MOUSE-CLICK trigger on NEXT_MONTH item in CALENDAR data block...
   No compilation errors.

Compiling WHEN-MOUSE-CLICK trigger on NEXT_YEAR item in CALENDAR data block...
   No compilation errors.

Compiling WHEN-MOUSE-CLICK trigger on PREV_YEAR item in CALENDAR data block...
   No compilation errors.

Compiling WHEN-NEW-ITEM-INSTANCE trigger on AM_PM item in CALENDAR data block...
   No compilation errors.

Compiling WHEN-BUTTON-PRESSED trigger on QMS$TOOLBAR data block...
   No compilation errors.

Compiling WHEN-LIST-CHANGED trigger on ORDER_BY item in QMS$TOOLBAR data block...
   No compilation errors.

Compiling ON-LOCK trigger on CNTBNC data block...
   No compilation errors.

Compiling POST-INSERT trigger on CNTBNC data block...
   No compilation errors.

Compiling POST-QUERY trigger on CNTBNC data block...
   No compilation errors.

Compiling PRE-BLOCK trigger on CNTBNC data block...
   No compilation errors.

Compiling PRE-QUERY trigger on CNTBNC data block...
   No compilation errors.

Compiling WHEN-DATABASE-RECORD trigger on CNTBNC data block...
   No compilation errors.

Compiling WHEN-NEW-BLOCK-INSTANCE trigger on CNTBNC data block...
   No compilation errors.

Compiling WHEN-NEW-RECORD-INSTANCE trigger on CNTBNC data block...
   No compilation errors.

Compiling WHEN-REMOVE-RECORD trigger on CNTBNC data block...
   No compilation errors.

Compiling POST-SELECT trigger on CNTBNC data block...
   No compilation errors.

Compiling ON-ERROR trigger on CNTBNC data block...
   No compilation errors.

Compiling KEY-HELP trigger on CNTBNC data block...
   No compilation errors.

Compiling WHEN-NEW-ITEM-INSTANCE trigger on ENTFNC_CODIGO item in CNTBNC data block...
   No compilation errors.

Compiling KEY-HELP trigger on ENTFNC_CODIGO item in CNTBNC data block...
   No compilation errors.

Compiling WHEN-NEW-ITEM-INSTANCE trigger on L_ENTFNC_NOMBRE item in CNTBNC data block...
   No compilation errors.

Compiling KEY-HELP trigger on L_ENTFNC_NOMBRE item in CNTBNC data block...
   No compilation errors.

Compiling WHEN-NEW-ITEM-INSTANCE trigger on EMP_CODIGO item in CNTBNC data block...
   No compilation errors.

Compiling KEY-HELP trigger on EMP_CODIGO item in CNTBNC data block...
   No compilation errors.

Compiling WHEN-NEW-ITEM-INSTANCE trigger on TIPO item in CNTBNC data block...
   No compilation errors.

Compiling KEY-HELP trigger on TIPO item in CNTBNC data block...
   No compilation errors.

Compiling WHEN-NEW-ITEM-INSTANCE trigger on NUMERO item in CNTBNC data block...
   No compilation errors.

Compiling KEY-HELP trigger on NUMERO item in CNTBNC data block...
   No compilation errors.

Compiling WHEN-NEW-ITEM-INSTANCE trigger on PROPIETARIO item in CNTBNC data block...
   No compilation errors.

Compiling KEY-HELP trigger on PROPIETARIO item in CNTBNC data block...
   No compilation errors.

Compiling ON-LOCK trigger on CNTASCDBE data block...
   No compilation errors.

Compiling POST-INSERT trigger on CNTASCDBE data block...
   No compilation errors.

Compiling POST-QUERY trigger on CNTASCDBE data block...
   No compilation errors.

Compiling PRE-BLOCK trigger on CNTASCDBE data block...
   No compilation errors.

Compiling PRE-QUERY trigger on CNTASCDBE data block...
   No compilation errors.

Compiling WHEN-DATABASE-RECORD trigger on CNTASCDBE data block...
   No compilation errors.

Compiling WHEN-NEW-BLOCK-INSTANCE trigger on CNTASCDBE data block...
   No compilation errors.

Compiling WHEN-NEW-RECORD-INSTANCE trigger on CNTASCDBE data block...
   No compilation errors.

Compiling WHEN-REMOVE-RECORD trigger on CNTASCDBE data block...
   No compilation errors.

Compiling POST-SELECT trigger on CNTASCDBE data block...
   No compilation errors.

Compiling PRE-INSERT trigger on CNTASCDBE data block...
   No compilation errors.

Compiling KEY-DUPREC trigger on CNTASCDBE data block...
   No compilation errors.

Compiling ON-ERROR trigger on CNTASCDBE data block...
   No compilation errors.

Compiling KEY-HELP trigger on CNTASCDBE data block...
   No compilation errors.

Compiling WHEN-NEW-ITEM-INSTANCE trigger on REC_ACTUAL item in CNTASCDBE data block...
   No compilation errors.

Compiling WHEN-NEW-ITEM-INSTANCE trigger on EMP_CODIGO item in CNTASCDBE data block...
   No compilation errors.

Compiling WHEN-VALIDATE-ITEM trigger on EMP_CODIGO item in CNTASCDBE data block...
   No compilation errors.

Compiling KEY-HELP trigger on EMP_CODIGO item in CNTASCDBE data block...
   No compilation errors.

Compiling WHEN-NEW-ITEM-INSTANCE trigger on CNTASC_ID item in CNTASCDBE data block...
   No compilation errors.

Compiling KEY-HELP trigger on CNTASC_ID item in CNTASCDBE data block...
   No compilation errors.

Compiling WHEN-NEW-ITEM-INSTANCE trigger on TIPO_DE_CUENTA item in CNTASCDBE data block...
   No compilation errors.

Compiling KEY-HELP trigger on TIPO_DE_CUENTA item in CNTASCDBE data block...
   No compilation errors.

Compiling WHEN-NEW-ITEM-INSTANCE trigger on CLAVE_RELACIONADA item in CNTASCDBE data block...
   No compilation errors.

Compiling KEY-HELP trigger on CLAVE_RELACIONADA item in CNTASCDBE data block...
   No compilation errors.

Compiling WHEN-NEW-ITEM-INSTANCE trigger on TIPO_DE_ASOCIACION item in CNTASCDBE data block...
   No compilation errors.

Compiling KEY-HELP trigger on TIPO_DE_ASOCIACION item in CNTASCDBE data block...
   No compilation errors.

Compiling WHEN-NEW-ITEM-INSTANCE trigger on CUENTA item in CNTASCDBE data block...
   No compilation errors.

Compiling WHEN-VALIDATE-ITEM trigger on CUENTA item in CNTASCDBE data block...
   No compilation errors.

Compiling KEY-HELP trigger on CUENTA item in CNTASCDBE data block...
   No compilation errors.

Compiling WHEN-NEW-ITEM-INSTANCE trigger on PLNCNTCMP_NOMBRE item in CNTASCDBE data block...
   No compilation errors.

Compiling KEY-HELP trigger on PLNCNTCMP_NOMBRE item in CNTASCDBE data block...
   No compilation errors.

Compiling ON-LOCK trigger on CNTASCHBE data block...
   No compilation errors.

Compiling POST-INSERT trigger on CNTASCHBE data block...
   No compilation errors.

Compiling POST-QUERY trigger on CNTASCHBE data block...
   No compilation errors.

Compiling PRE-BLOCK trigger on CNTASCHBE data block...
   No compilation errors.

Compiling PRE-QUERY trigger on CNTASCHBE data block...
   No compilation errors.

Compiling WHEN-DATABASE-RECORD trigger on CNTASCHBE data block...
   No compilation errors.

Compiling WHEN-NEW-BLOCK-INSTANCE trigger on CNTASCHBE data block...
   No compilation errors.

Compiling WHEN-NEW-RECORD-INSTANCE trigger on CNTASCHBE data block...
   No compilation errors.

Compiling WHEN-REMOVE-RECORD trigger on CNTASCHBE data block...
   No compilation errors.

Compiling POST-SELECT trigger on CNTASCHBE data block...
   No compilation errors.

Compiling PRE-INSERT trigger on CNTASCHBE data block...
   No compilation errors.

Compiling KEY-DUPREC trigger on CNTASCHBE data block...
   No compilation errors.

Compiling ON-ERROR trigger on CNTASCHBE data block...
   No compilation errors.

Compiling KEY-HELP trigger on CNTASCHBE data block...
   No compilation errors.

Compiling WHEN-NEW-ITEM-INSTANCE trigger on REC_ACTUAL item in CNTASCHBE data block...
   No compilation errors.

Compiling WHEN-NEW-ITEM-INSTANCE trigger on CNTASC_ID item in CNTASCHBE data block...
   No compilation errors.

Compiling KEY-HELP trigger on CNTASC_ID item in CNTASCHBE data block...
   No compilation errors.

Compiling WHEN-NEW-ITEM-INSTANCE trigger on TIPO_DE_CUENTA item in CNTASCHBE data block...
   No compilation errors.

Compiling KEY-HELP trigger on TIPO_DE_CUENTA item in CNTASCHBE data block...
   No compilation errors.

Compiling WHEN-NEW-ITEM-INSTANCE trigger on TIPO_DE_ASOCIACION item in CNTASCHBE data block...
   No compilation errors.

Compiling KEY-HELP trigger on TIPO_DE_ASOCIACION item in CNTASCHBE data block...
   No compilation errors.

Compiling WHEN-NEW-ITEM-INSTANCE trigger on CLAVE_RELACIONADA item in CNTASCHBE data block...
   No compilation errors.

Compiling KEY-HELP trigger on CLAVE_RELACIONADA item in CNTASCHBE data block...
   No compilation errors.

Compiling WHEN-NEW-ITEM-INSTANCE trigger on CUENTA item in CNTASCHBE data block...
   No compilation errors.

Compiling WHEN-VALIDATE-ITEM trigger on CUENTA item in CNTASCHBE data block...
   No compilation errors.

Compiling KEY-HELP trigger on CUENTA item in CNTASCHBE data block...
   No compilation errors.

Compiling WHEN-NEW-ITEM-INSTANCE trigger on EMP_CODIGO item in CNTASCHBE data block...
   No compilation errors.

Compiling WHEN-VALIDATE-ITEM trigger on EMP_CODIGO item in CNTASCHBE data block...
   No compilation errors.

Compiling KEY-HELP trigger on EMP_CODIGO item in CNTASCHBE data block...
   No compilation errors.

Compiling WHEN-NEW-ITEM-INSTANCE trigger on L_PLNCNTCMP_NOMBRE item in CNTASCHBE data block...
   No compilation errors.

Compiling KEY-HELP trigger on L_PLNCNTCMP_NOMBRE item in CNTASCHBE data block...
   No compilation errors.

Compiling ON-LOCK trigger on TPOMVM data block...
   No compilation errors.

Compiling POST-INSERT trigger on TPOMVM data block...
   No compilation errors.

Compiling POST-QUERY trigger on TPOMVM data block...
   No compilation errors.

Compiling PRE-BLOCK trigger on TPOMVM data block...
   No compilation errors.

Compiling PRE-QUERY trigger on TPOMVM data block...
   No compilation errors.

Compiling WHEN-DATABASE-RECORD trigger on TPOMVM data block...
   No compilation errors.

Compiling WHEN-NEW-BLOCK-INSTANCE trigger on TPOMVM data block...
   No compilation errors.

Compiling WHEN-NEW-RECORD-INSTANCE trigger on TPOMVM data block...
   No compilation errors.

Compiling WHEN-REMOVE-RECORD trigger on TPOMVM data block...
   No compilation errors.

Compiling POST-SELECT trigger on TPOMVM data block...
   No compilation errors.

Compiling ON-ERROR trigger on TPOMVM data block...
   No compilation errors.

Compiling KEY-HELP trigger on TPOMVM data block...
   No compilation errors.

Compiling WHEN-NEW-ITEM-INSTANCE trigger on CODIGO item in TPOMVM data block...
   No compilation errors.

Compiling POST-CHANGE trigger on CODIGO item in TPOMVM data block...
   No compilation errors.

Compiling KEY-HELP trigger on CODIGO item in TPOMVM data block...
   No compilation errors.

Compiling WHEN-NEW-ITEM-INSTANCE trigger on MEAN_CODIGO item in TPOMVM data block...
   No compilation errors.

Compiling KEY-CLRREC trigger on CG$CTRL data block...
   No compilation errors.

Compiling KEY-CREREC trigger on CG$CTRL data block...
   No compilation errors.

Compiling KEY-DOWN trigger on CG$CTRL data block...
   No compilation errors.

Compiling KEY-NXTREC trigger on CG$CTRL data block...
   No compilation errors.

Compiling KEY-SCRDOWN trigger on CG$CTRL data block...
   No compilation errors.

Compiling KEY-UP trigger on CG$CTRL data block...
   No compilation errors.

Compiling KEY-PRVREC trigger on CG$CTRL data block...
   No compilation errors.

Compiling KEY-SCRUP trigger on CG$CTRL data block...
   No compilation errors.

Compiling ON-ERROR trigger on CG$CTRL data block...
   No compilation errors.

Compiling PRE-BLOCK trigger on CG$CTRL data block...
   No compilation errors.

Compiling WHEN-NEW-BLOCK-INSTANCE trigger on CG$CTRL data block...
   No compilation errors.

Compiling WHEN-NEW-ITEM-INSTANCE trigger on CG$PAGE_1_LIST item in CG$CTRL data block...
   No compilation errors.

Compiling WHEN-NEW-ITEM-INSTANCE trigger on CG$WINDOWCALENDAR_PAGE item in CG$CTRL data block...
   No compilation errors.

Compiling WHEN-NEW-ITEM-INSTANCE trigger on CG$WINDOWASOCIACION_DE_CUENTAS_PAGE item in CG$CTRL data block...
   No compilation errors.

Compiling WHEN-NEW-ITEM-INSTANCE trigger on CG$WINDOWQMS$HIDDEN_ITEMS_PAGE item in CG$CTRL data block...
   No compilation errors.

Compiling WHEN-NEW-ITEM-INSTANCE trigger on CG$LAST_CANVAS item in CG$CTRL data block...
   No compilation errors.


Created form file C:\sAS\bIN\bnc\FRM\cntenlbnc.fmx
