

***********************************************************************
Fatal OSN connect error 12154, connecting to:
 someidca

  VERSION INFORMATION:
	TNS for 32-bit Windows: Version 2.3.4.0.0 - Production
  Time: 05-OCT-05 12:02:51
  Tracing not turned on.


***********************************************************************
Fatal OSN connect error 12154, connecting to:
 CSMC

  VERSION INFORMATION:
	TNS for 32-bit Windows: Version 2.3.4.0.0 - Production
  Time: 05-OCT-05 12:02:51
  Tracing not turned on.


***********************************************************************
Fatal OSN connect error 12154, connecting to:
 CSMC

  VERSION INFORMATION:
	TNS for 32-bit Windows: Version 2.3.4.0.0 - Production
  Time: 05-OCT-05 12:02:51
  Tracing not turned on.


***********************************************************************
Fatal OSN connect error 12154, connecting to:
 CSMC

  VERSION INFORMATION:
	TNS for 32-bit Windows: Version 2.3.4.0.0 - Production
  Time: 05-OCT-05 12:02:51
  Tracing not turned on.


***********************************************************************
Fatal OSN connect error 12154, connecting to:
 CSMC

  VERSION INFORMATION:
	TNS for 32-bit Windows: Version 2.3.4.0.0 - Production
  Time: 05-OCT-05 12:02:51
  Tracing not turned on.


***********************************************************************
Fatal OSN connect error 12154, connecting to:
 CSMC

  VERSION INFORMATION:
	TNS for 32-bit Windows: Version 2.3.4.0.0 - Production
  Time: 05-OCT-05 12:02:51
  Tracing not turned on.
