Compiling procedure CGUI$CG_CODE_CONTROLS... 
   No compilation errors.

Compiling procedure CGSF$CLR_ORDCMP2_ORDCMP_PRS_FK... 
   No compilation errors.

Compiling procedure CGFK$QRY_ORDCMP2_ORDCMP_PRS_FK... 
   No compilation errors.

Compiling procedure CGSF$CLR_ORDCMP2_ORDCMP_PRD_FK... 
   No compilation errors.

Compiling procedure CGFK$QRY_ORDCMP2_ORDCMP_PRD_FK... 
   No compilation errors.

Compiling procedure CGFK$LKP_DTLORD4_DTLORD_ITM_FK... 
   No compilation errors.

Compiling procedure CGSF$CLR_DTLORD4_DTLORD_ITM_FK... 
   No compilation errors.

Compiling procedure CGFK$QRY_DTLORD4_DTLORD_ITM_FK... 
   No compilation errors.

Compiling function CGTE$CHECK_CONSTRAINT_VIO... 
   No compilation errors.

Compiling procedure CGTE$ORDCMP2_ERRORS... 
   No compilation errors.

Compiling procedure CGTE$DTLORD4_ERRORS... 
   No compilation errors.

Compiling procedure CGBS$TOGGLE... 
   No compilation errors.

Compiling procedure FIJAR_REPORTE... 
   No compilation errors.

Compiling PRE-COMMIT trigger on form...
   No compilation errors.

Compiling QMS$CUSTOM_HELP trigger on form...
   No compilation errors.

Compiling POST-FORM trigger on form...
   No compilation errors.

Compiling CALENDAR_WROTE_DATE trigger on form...
   No compilation errors.

Compiling KEY-EXIT trigger on form...
   No compilation errors.

Compiling POST-FORMS-COMMIT trigger on form...
   No compilation errors.

Compiling KEY-CLRFRM trigger on form...
   No compilation errors.

Compiling KEY-HELP trigger on form...
   No compilation errors.

Compiling KEY-MENU trigger on form...
   No compilation errors.

Compiling ON-ERROR trigger on form...
   No compilation errors.

Compiling ON-MESSAGE trigger on form...
   No compilation errors.

Compiling PRE-FORM trigger on form...
   No compilation errors.

Compiling QUERY_FIND trigger on form...
   No compilation errors.

Compiling QMS$MENU_ITEM trigger on form...
   No compilation errors.

Compiling WHEN-NEW-BLOCK-INSTANCE trigger on form...
   No compilation errors.

Compiling WHEN-NEW-FORM-INSTANCE trigger on form...
   No compilation errors.

Compiling WHEN-WINDOW-CLOSED trigger on form...
   No compilation errors.

Compiling WHEN-WINDOW-ACTIVATED trigger on form...
   No compilation errors.

Compiling WHEN-WINDOW-RESIZED trigger on form...
   No compilation errors.

Compiling POST-TEXT-ITEM trigger on form...
   No compilation errors.

Compiling WHEN-FORM-NAVIGATE trigger on form...
   No compilation errors.

Compiling ON-CLEAR-DETAILS trigger on form...
   No compilation errors.

Compiling ON-POPULATE-DETAILS trigger on form...
   No compilation errors.

Compiling KEY-ENTQRY trigger on form...
   No compilation errors.

Compiling KEY-EXEQRY trigger on form...
   No compilation errors.

Compiling KEY-CQUERY trigger on form...
   No compilation errors.

Compiling KEY-CLRBLK trigger on form...
   No compilation errors.

Compiling KEY-CLRREC trigger on form...
   No compilation errors.

Compiling KEY-NXTKEY trigger on form...
   No compilation errors.

Compiling KEY-CLRREC trigger on QMS$TRANS_ERRORS data block...
   No compilation errors.

Compiling KEY-CREREC trigger on QMS$TRANS_ERRORS data block...
   No compilation errors.

Compiling KEY-DOWN trigger on QMS$TRANS_ERRORS data block...
   No compilation errors.

Compiling KEY-NXTREC trigger on QMS$TRANS_ERRORS data block...
   No compilation errors.

Compiling KEY-SCRDOWN trigger on QMS$TRANS_ERRORS data block...
   No compilation errors.

Compiling KEY-UP trigger on QMS$TRANS_ERRORS data block...
   No compilation errors.

Compiling KEY-PRVREC trigger on QMS$TRANS_ERRORS data block...
   No compilation errors.

Compiling KEY-SCRUP trigger on QMS$TRANS_ERRORS data block...
   No compilation errors.

Compiling ON-ERROR trigger on QMS$TRANS_ERRORS data block...
   No compilation errors.

Compiling PRE-BLOCK trigger on QMS$TRANS_ERRORS data block...
   No compilation errors.

Compiling WHEN-NEW-BLOCK-INSTANCE trigger on QMS$TRANS_ERRORS data block...
   No compilation errors.

Compiling ON-LOCK trigger on QMS$TRANS_ERRORS data block...
   No compilation errors.

Compiling WHEN-VALIDATE-RECORD trigger on QMS$TRANS_ERRORS data block...
   No compilation errors.

Compiling WHEN-BUTTON-PRESSED trigger on QMS$TRANS_ERRORS data block...
   No compilation errors.

Compiling WHEN-LIST-ACTIVATED trigger on QMS$TRANS_ERRORS data block...
   No compilation errors.

Compiling WHEN-NEW-ITEM-INSTANCE trigger on OK_BUTTON item in QMS$TRANS_ERRORS data block...
   No compilation errors.

Compiling WHEN-BUTTON-PRESSED trigger on OK_BUTTON item in QMS$TRANS_ERRORS data block...
   No compilation errors.

Compiling KEY-PREV-ITEM trigger on OK_BUTTON item in QMS$TRANS_ERRORS data block...
   No compilation errors.

Compiling WHEN-LIST-CHANGED trigger on MESSAGES item in QMS$TRANS_ERRORS data block...
   No compilation errors.

Compiling WHEN-NEW-ITEM-INSTANCE trigger on HELP_BUTTON item in QMS$TRANS_ERRORS data block...
   No compilation errors.

Compiling WHEN-BUTTON-PRESSED trigger on HELP_BUTTON item in QMS$TRANS_ERRORS data block...
   No compilation errors.

Compiling KEY-NEXT-ITEM trigger on HELP_BUTTON item in QMS$TRANS_ERRORS data block...
   No compilation errors.

Compiling WHEN-NEW-ITEM-INSTANCE trigger on OK_BUTTON_MODAL item in QMS$TRANS_ERRORS data block...
   No compilation errors.

Compiling WHEN-BUTTON-PRESSED trigger on OK_BUTTON_MODAL item in QMS$TRANS_ERRORS data block...
   No compilation errors.

Compiling KEY-PREV-ITEM trigger on OK_BUTTON_MODAL item in QMS$TRANS_ERRORS data block...
   No compilation errors.

Compiling WHEN-LIST-CHANGED trigger on MESSAGES_MODAL item in QMS$TRANS_ERRORS data block...
   No compilation errors.

Compiling WHEN-NEW-ITEM-INSTANCE trigger on HELP_BUTTON_MODAL item in QMS$TRANS_ERRORS data block...
   No compilation errors.

Compiling WHEN-BUTTON-PRESSED trigger on HELP_BUTTON_MODAL item in QMS$TRANS_ERRORS data block...
   No compilation errors.

Compiling KEY-NEXT-ITEM trigger on HELP_BUTTON_MODAL item in QMS$TRANS_ERRORS data block...
   No compilation errors.

Compiling WHEN-NEW-ITEM-INSTANCE trigger on RETURN_TO_BLOCK item in QMS$TRANS_ERRORS data block...
   No compilation errors.

Compiling WHEN-RADIO-CHANGED trigger on CALENDAR data block...
   No compilation errors.

Compiling KEY-OTHERS trigger on CALENDAR data block...
   No compilation errors.

Compiling KEY-NEXT-ITEM trigger on CALENDAR data block...
   No compilation errors.

Compiling KEY-PREV-ITEM trigger on CALENDAR data block...
   No compilation errors.

Compiling KEY-ENTER trigger on CALENDAR data block...
   No compilation errors.

Compiling WHEN-BUTTON-PRESSED trigger on CALENDAR data block...
   No compilation errors.

Compiling WHEN-LIST-CHANGED trigger on CALENDAR data block...
   No compilation errors.

Compiling WHEN-MOUSE-CLICK trigger on CALENDAR data block...
   No compilation errors.

Compiling KEY-DOWN trigger on CALENDAR data block...
   No compilation errors.

Compiling KEY-UP trigger on CALENDAR data block...
   No compilation errors.

Compiling KEY-NXTREC trigger on CALENDAR data block...
   No compilation errors.

Compiling KEY-PRVREC trigger on CALENDAR data block...
   No compilation errors.

Compiling WHEN-MOUSE-DOUBLECLICK trigger on CALENDAR data block...
   No compilation errors.

Compiling WHEN-NEW-ITEM-INSTANCE trigger on HOUR item in CALENDAR data block...
   No compilation errors.

Compiling WHEN-NEW-ITEM-INSTANCE trigger on MINUTE item in CALENDAR data block...
   No compilation errors.

Compiling WHEN-NEW-ITEM-INSTANCE trigger on OK item in CALENDAR data block...
   No compilation errors.

Compiling WHEN-BUTTON-PRESSED trigger on OK item in CALENDAR data block...
   No compilation errors.

Compiling KEY-PREV-ITEM trigger on OK item in CALENDAR data block...
   No compilation errors.

Compiling WHEN-NEW-ITEM-INSTANCE trigger on CANCEL item in CALENDAR data block...
   No compilation errors.

Compiling WHEN-BUTTON-PRESSED trigger on CANCEL item in CALENDAR data block...
   No compilation errors.

Compiling KEY-NEXT-ITEM trigger on MONTH_AND_YEAR item in CALENDAR data block...
   No compilation errors.

Compiling WHEN-MOUSE-CLICK trigger on PREV_MONTH item in CALENDAR data block...
   No compilation errors.

Compiling WHEN-MOUSE-CLICK trigger on NEXT_MONTH item in CALENDAR data block...
   No compilation errors.

Compiling WHEN-MOUSE-CLICK trigger on NEXT_YEAR item in CALENDAR data block...
   No compilation errors.

Compiling WHEN-MOUSE-CLICK trigger on PREV_YEAR item in CALENDAR data block...
   No compilation errors.

Compiling WHEN-NEW-ITEM-INSTANCE trigger on AM_PM item in CALENDAR data block...
   No compilation errors.

Compiling WHEN-BUTTON-PRESSED trigger on QMS$TOOLBAR data block...
   No compilation errors.

Compiling WHEN-LIST-CHANGED trigger on ORDER_BY item in QMS$TOOLBAR data block...
   No compilation errors.

Compiling ON-LOCK trigger on ORDCMP2 data block...
   No compilation errors.

Compiling POST-INSERT trigger on ORDCMP2 data block...
   No compilation errors.

Compiling POST-QUERY trigger on ORDCMP2 data block...
   No compilation errors.

Compiling PRE-BLOCK trigger on ORDCMP2 data block...
   No compilation errors.

Compiling PRE-QUERY trigger on ORDCMP2 data block...
   No compilation errors.

Compiling WHEN-DATABASE-RECORD trigger on ORDCMP2 data block...
   No compilation errors.

Compiling WHEN-NEW-BLOCK-INSTANCE trigger on ORDCMP2 data block...
   No compilation errors.

Compiling WHEN-NEW-RECORD-INSTANCE trigger on ORDCMP2 data block...
   No compilation errors.

Compiling WHEN-REMOVE-RECORD trigger on ORDCMP2 data block...
   No compilation errors.

Compiling POST-SELECT trigger on ORDCMP2 data block...
   No compilation errors.

Compiling PRE-INSERT trigger on ORDCMP2 data block...
   No compilation errors.

Compiling ON-ERROR trigger on ORDCMP2 data block...
   No compilation errors.

Compiling PRE-RECORD trigger on ORDCMP2 data block...
   No compilation errors.

Compiling WHEN-NEW-ITEM-INSTANCE trigger on NUMERO item in ORDCMP2 data block...
   No compilation errors.

Compiling WHEN-NEW-ITEM-INSTANCE trigger on FECHA item in ORDCMP2 data block...
   No compilation errors.

Compiling KEY-LISTVAL trigger on FECHA item in ORDCMP2 data block...
   No compilation errors.

Compiling KEY-PREV-ITEM trigger on FECHA item in ORDCMP2 data block...
   No compilation errors.

Compiling WHEN-NEW-ITEM-INSTANCE trigger on PRD_CODIGO item in ORDCMP2 data block...
   No compilation errors.

Compiling WHEN-NEW-ITEM-INSTANCE trigger on NOMBRE_PROVEEDOR item in ORDCMP2 data block...
   No compilation errors.

Compiling WHEN-NEW-ITEM-INSTANCE trigger on PRS_CODIGO item in ORDCMP2 data block...
   No compilation errors.

Compiling WHEN-NEW-ITEM-INSTANCE trigger on DSP_NOMBRES item in ORDCMP2 data block...
   No compilation errors.

Compiling WHEN-NEW-ITEM-INSTANCE trigger on DSP_APELLIDOS item in ORDCMP2 data block...
   No compilation errors.

Compiling WHEN-NEW-ITEM-INSTANCE trigger on ANULAR item in ORDCMP2 data block...
   No compilation errors.

Compiling WHEN-BUTTON-PRESSED trigger on ANULAR item in ORDCMP2 data block...
   No compilation errors.

Compiling KEY-NEXT-ITEM trigger on ANULAR item in ORDCMP2 data block...
   No compilation errors.

Compiling ON-LOCK trigger on DTLORD4 data block...
   No compilation errors.

Compiling POST-INSERT trigger on DTLORD4 data block...
   No compilation errors.

Compiling POST-QUERY trigger on DTLORD4 data block...
   No compilation errors.

Compiling PRE-BLOCK trigger on DTLORD4 data block...
   No compilation errors.

Compiling PRE-QUERY trigger on DTLORD4 data block...
   No compilation errors.

Compiling WHEN-DATABASE-RECORD trigger on DTLORD4 data block...
   No compilation errors.

Compiling WHEN-NEW-BLOCK-INSTANCE trigger on DTLORD4 data block...
   No compilation errors.

Compiling WHEN-NEW-RECORD-INSTANCE trigger on DTLORD4 data block...
   No compilation errors.

Compiling WHEN-REMOVE-RECORD trigger on DTLORD4 data block...
   No compilation errors.

Compiling POST-SELECT trigger on DTLORD4 data block...
   No compilation errors.

Compiling PRE-UPDATE trigger on DTLORD4 data block...
   No compilation errors.

Compiling PRE-INSERT trigger on DTLORD4 data block...
   No compilation errors.

Compiling ON-ERROR trigger on DTLORD4 data block...
   No compilation errors.

Compiling POST-UPDATE trigger on DTLORD4 data block...
   No compilation errors.

Compiling WHEN-NEW-ITEM-INSTANCE trigger on ESTADO item in DTLORD4 data block...
   No compilation errors.

Compiling KEY-PREV-ITEM trigger on ESTADO item in DTLORD4 data block...
   No compilation errors.

Compiling WHEN-VALIDATE-ITEM trigger on ESTADO item in DTLORD4 data block...
   No compilation errors.

Compiling WHEN-NEW-ITEM-INSTANCE trigger on ORDCMP_NUMERO item in DTLORD4 data block...
   No compilation errors.

Compiling WHEN-NEW-ITEM-INSTANCE trigger on DTLCMP_ITM_TIPO item in DTLORD4 data block...
   No compilation errors.

Compiling WHEN-NEW-ITEM-INSTANCE trigger on DTLCMP_ITM_SBS_SCC_CODIGO item in DTLORD4 data block...
   No compilation errors.

Compiling WHEN-NEW-ITEM-INSTANCE trigger on DTLCMP_ITM_SBS_CODIGO item in DTLORD4 data block...
   No compilation errors.

Compiling WHEN-NEW-ITEM-INSTANCE trigger on DTLCMP_ITM_CODIGO item in DTLORD4 data block...
   No compilation errors.

Compiling WHEN-NEW-ITEM-INSTANCE trigger on L_ITM_DESCRIPCION item in DTLORD4 data block...
   No compilation errors.

Compiling WHEN-VALIDATE-ITEM trigger on L_ITM_DESCRIPCION item in DTLORD4 data block...
   No compilation errors.

Compiling WHEN-NEW-ITEM-INSTANCE trigger on L_ITM_UNIDAD item in DTLORD4 data block...
   No compilation errors.

Compiling WHEN-VALIDATE-ITEM trigger on L_ITM_UNIDAD item in DTLORD4 data block...
   No compilation errors.

Compiling WHEN-NEW-ITEM-INSTANCE trigger on CANTIDAD item in DTLORD4 data block...
   No compilation errors.

Compiling WHEN-NEW-ITEM-INSTANCE trigger on PROMOCION item in DTLORD4 data block...
   No compilation errors.

Compiling WHEN-NEW-ITEM-INSTANCE trigger on PRECIO item in DTLORD4 data block...
   No compilation errors.

Compiling KEY-NEXT-ITEM trigger on PRECIO item in DTLORD4 data block...
   No compilation errors.

Compiling WHEN-NEW-ITEM-INSTANCE trigger on PRECIO_TOTAL item in DTLORD4 data block...
   No compilation errors.

Compiling FORMULA-CALCULATION trigger on PRECIO_TOTAL item in DTLORD4 data block...
   No compilation errors.

Compiling WHEN-NEW-ITEM-INSTANCE trigger on SUMA_PRECIO item in DTLORD4 data block...
   No compilation errors.

Compiling KEY-CLRREC trigger on CG$CTRL data block...
   No compilation errors.

Compiling KEY-CREREC trigger on CG$CTRL data block...
   No compilation errors.

Compiling KEY-DOWN trigger on CG$CTRL data block...
   No compilation errors.

Compiling KEY-NXTREC trigger on CG$CTRL data block...
   No compilation errors.

Compiling KEY-SCRDOWN trigger on CG$CTRL data block...
   No compilation errors.

Compiling KEY-UP trigger on CG$CTRL data block...
   No compilation errors.

Compiling KEY-PRVREC trigger on CG$CTRL data block...
   No compilation errors.

Compiling KEY-SCRUP trigger on CG$CTRL data block...
   No compilation errors.

Compiling ON-ERROR trigger on CG$CTRL data block...
   No compilation errors.

Compiling PRE-BLOCK trigger on CG$CTRL data block...
   No compilation errors.

Compiling WHEN-NEW-BLOCK-INSTANCE trigger on CG$CTRL data block...
   No compilation errors.

FRM-30392: Warning: Initial Value ignored for calculated item DTLORD4.PRECIO_TOTAL.

Created form file D:\sas\bin\cmp\frm\btcemtord.fmx
