Compiling package specification CG$BTCMNTITM_GLOBALS... 
   No compilation errors.

Compiling procedure CGDV$POPULATE_DYNAMIC_LISTS... 
   No compilation errors.

Compiling procedure CGSF$CLR_ITM_ITM_VGE_FK... 
   No compilation errors.

Compiling procedure CGFK$QRY_ITM_ITM_VGE_FK... 
   No compilation errors.

Compiling procedure CGSF$CLR_ITM_ITM_PRD_FK... 
   No compilation errors.

Compiling procedure CGFK$QRY_ITM_ITM_PRD_FK... 
   No compilation errors.

Compiling procedure CGSF$CLR_ITM_ITM_SBS_FK... 
   No compilation errors.

Compiling procedure CGFK$CHK_ITM_ITM_SBS_FK... 
   No compilation errors.

Compiling procedure CGFK$QRY_ITM_ITM_SBS_FK... 
   No compilation errors.

Compiling procedure CGUV$CHK_ITM_UK... 
   No compilation errors.

Compiling procedure CGUV$CHK_ITM_CB_UK... 
   No compilation errors.

Compiling procedure CGSP$DERIVE_ITM_CODIGO... 
   No compilation errors.

Compiling procedure CGSF$CLR_ITMBND_BND_ITM_BND_FK... 
   No compilation errors.

Compiling procedure CGFK$QRY_ITMBND_BND_ITM_BND_FK... 
   No compilation errors.

Compiling procedure CGUV$CHK_BND_ITM_PK... 
   No compilation errors.

Compiling procedure CGSF$CLR_ITM_PRDV_ITM_PRD_PRD_... 
   No compilation errors.

Compiling procedure CGFK$QRY_ITM_PRDV_ITM_PRD_PRD_... 
   No compilation errors.

Compiling procedure CGRI$CHK_ITEMS... 
   No compilation errors.

Compiling function CGTE$CHECK_CONSTRAINT_VIO... 
   No compilation errors.

Compiling procedure CGTE$ITM_ERRORS... 
   No compilation errors.

Compiling procedure CGTE$ITMBND_ERRORS... 
   No compilation errors.

Compiling procedure CGTE$ITM_PRDV_ERRORS... 
   No compilation errors.

Compiling procedure CGLY$DISPLAY_CANVASES... 
   No compilation errors.

Compiling procedure CGLY$GET_RELATED_CANVASES... 
   No compilation errors.

Compiling procedure CGLY$CANVAS_MANAGEMENT... 
   No compilation errors.

Compiling procedure CGBS$TOGGLE... 
   No compilation errors.

Compiling PRE-COMMIT trigger on form...
   No compilation errors.

Compiling QMS$CUSTOM_HELP trigger on form...
   No compilation errors.

Compiling POST-FORM trigger on form...
   No compilation errors.

Compiling CALENDAR_WROTE_DATE trigger on form...
   No compilation errors.

Compiling KEY-EXIT trigger on form...
   No compilation errors.

Compiling POST-FORMS-COMMIT trigger on form...
   No compilation errors.

Compiling KEY-CLRFRM trigger on form...
   No compilation errors.

Compiling KEY-HELP trigger on form...
   No compilation errors.

Compiling KEY-MENU trigger on form...
   No compilation errors.

Compiling ON-ERROR trigger on form...
   No compilation errors.

Compiling ON-MESSAGE trigger on form...
   No compilation errors.

Compiling PRE-FORM trigger on form...
   No compilation errors.

Compiling QUERY_FIND trigger on form...
   No compilation errors.

Compiling QMS$MENU_ITEM trigger on form...
   No compilation errors.

Compiling WHEN-NEW-BLOCK-INSTANCE trigger on form...
   No compilation errors.

Compiling WHEN-NEW-FORM-INSTANCE trigger on form...
   No compilation errors.

Compiling WHEN-WINDOW-CLOSED trigger on form...
   No compilation errors.

Compiling WHEN-WINDOW-ACTIVATED trigger on form...
   No compilation errors.

Compiling WHEN-WINDOW-RESIZED trigger on form...
   No compilation errors.

Compiling POST-TEXT-ITEM trigger on form...
   No compilation errors.

Compiling WHEN-FORM-NAVIGATE trigger on form...
   No compilation errors.

Compiling ON-CLEAR-DETAILS trigger on form...
   No compilation errors.

Compiling ON-POPULATE-DETAILS trigger on form...
   No compilation errors.

Compiling KEY-ENTQRY trigger on form...
   No compilation errors.

Compiling KEY-EXEQRY trigger on form...
   No compilation errors.

Compiling KEY-CQUERY trigger on form...
   No compilation errors.

Compiling KEY-CLRBLK trigger on form...
   No compilation errors.

Compiling KEY-CLRREC trigger on form...
   No compilation errors.

Compiling KEY-NXTKEY trigger on form...
   No compilation errors.

Compiling KEY-CLRREC trigger on QMS$TRANS_ERRORS data block...
   No compilation errors.

Compiling KEY-CREREC trigger on QMS$TRANS_ERRORS data block...
   No compilation errors.

Compiling KEY-DOWN trigger on QMS$TRANS_ERRORS data block...
   No compilation errors.

Compiling KEY-NXTREC trigger on QMS$TRANS_ERRORS data block...
   No compilation errors.

Compiling KEY-SCRDOWN trigger on QMS$TRANS_ERRORS data block...
   No compilation errors.

Compiling KEY-UP trigger on QMS$TRANS_ERRORS data block...
   No compilation errors.

Compiling KEY-PRVREC trigger on QMS$TRANS_ERRORS data block...
   No compilation errors.

Compiling KEY-SCRUP trigger on QMS$TRANS_ERRORS data block...
   No compilation errors.

Compiling ON-ERROR trigger on QMS$TRANS_ERRORS data block...
   No compilation errors.

Compiling PRE-BLOCK trigger on QMS$TRANS_ERRORS data block...
   No compilation errors.

Compiling WHEN-NEW-BLOCK-INSTANCE trigger on QMS$TRANS_ERRORS data block...
   No compilation errors.

Compiling ON-LOCK trigger on QMS$TRANS_ERRORS data block...
   No compilation errors.

Compiling WHEN-VALIDATE-RECORD trigger on QMS$TRANS_ERRORS data block...
   No compilation errors.

Compiling WHEN-BUTTON-PRESSED trigger on QMS$TRANS_ERRORS data block...
   No compilation errors.

Compiling WHEN-LIST-ACTIVATED trigger on QMS$TRANS_ERRORS data block...
   No compilation errors.

Compiling WHEN-NEW-ITEM-INSTANCE trigger on OK_BUTTON item in QMS$TRANS_ERRORS data block...
   No compilation errors.

Compiling WHEN-BUTTON-PRESSED trigger on OK_BUTTON item in QMS$TRANS_ERRORS data block...
   No compilation errors.

Compiling KEY-PREV-ITEM trigger on OK_BUTTON item in QMS$TRANS_ERRORS data block...
   No compilation errors.

Compiling WHEN-LIST-CHANGED trigger on MESSAGES item in QMS$TRANS_ERRORS data block...
   No compilation errors.

Compiling WHEN-NEW-ITEM-INSTANCE trigger on HELP_BUTTON item in QMS$TRANS_ERRORS data block...
   No compilation errors.

Compiling WHEN-BUTTON-PRESSED trigger on HELP_BUTTON item in QMS$TRANS_ERRORS data block...
   No compilation errors.

Compiling KEY-NEXT-ITEM trigger on HELP_BUTTON item in QMS$TRANS_ERRORS data block...
   No compilation errors.

Compiling WHEN-NEW-ITEM-INSTANCE trigger on OK_BUTTON_MODAL item in QMS$TRANS_ERRORS data block...
   No compilation errors.

Compiling WHEN-BUTTON-PRESSED trigger on OK_BUTTON_MODAL item in QMS$TRANS_ERRORS data block...
   No compilation errors.

Compiling KEY-PREV-ITEM trigger on OK_BUTTON_MODAL item in QMS$TRANS_ERRORS data block...
   No compilation errors.

Compiling WHEN-LIST-CHANGED trigger on MESSAGES_MODAL item in QMS$TRANS_ERRORS data block...
   No compilation errors.

Compiling WHEN-NEW-ITEM-INSTANCE trigger on HELP_BUTTON_MODAL item in QMS$TRANS_ERRORS data block...
   No compilation errors.

Compiling WHEN-BUTTON-PRESSED trigger on HELP_BUTTON_MODAL item in QMS$TRANS_ERRORS data block...
   No compilation errors.

Compiling KEY-NEXT-ITEM trigger on HELP_BUTTON_MODAL item in QMS$TRANS_ERRORS data block...
   No compilation errors.

Compiling WHEN-NEW-ITEM-INSTANCE trigger on RETURN_TO_BLOCK item in QMS$TRANS_ERRORS data block...
   No compilation errors.

Compiling WHEN-RADIO-CHANGED trigger on CALENDAR data block...
   No compilation errors.

Compiling KEY-OTHERS trigger on CALENDAR data block...
   No compilation errors.

Compiling KEY-NEXT-ITEM trigger on CALENDAR data block...
   No compilation errors.

Compiling KEY-PREV-ITEM trigger on CALENDAR data block...
   No compilation errors.

Compiling KEY-ENTER trigger on CALENDAR data block...
   No compilation errors.

Compiling WHEN-BUTTON-PRESSED trigger on CALENDAR data block...
   No compilation errors.

Compiling WHEN-LIST-CHANGED trigger on CALENDAR data block...
   No compilation errors.

Compiling WHEN-MOUSE-CLICK trigger on CALENDAR data block...
   No compilation errors.

Compiling KEY-DOWN trigger on CALENDAR data block...
   No compilation errors.

Compiling KEY-UP trigger on CALENDAR data block...
   No compilation errors.

Compiling KEY-NXTREC trigger on CALENDAR data block...
   No compilation errors.

Compiling KEY-PRVREC trigger on CALENDAR data block...
   No compilation errors.

Compiling WHEN-MOUSE-DOUBLECLICK trigger on CALENDAR data block...
   No compilation errors.

Compiling WHEN-NEW-ITEM-INSTANCE trigger on HOUR item in CALENDAR data block...
   No compilation errors.

Compiling WHEN-NEW-ITEM-INSTANCE trigger on MINUTE item in CALENDAR data block...
   No compilation errors.

Compiling WHEN-NEW-ITEM-INSTANCE trigger on OK item in CALENDAR data block...
   No compilation errors.

Compiling WHEN-BUTTON-PRESSED trigger on OK item in CALENDAR data block...
   No compilation errors.

Compiling KEY-PREV-ITEM trigger on OK item in CALENDAR data block...
   No compilation errors.

Compiling WHEN-NEW-ITEM-INSTANCE trigger on CANCEL item in CALENDAR data block...
   No compilation errors.

Compiling WHEN-BUTTON-PRESSED trigger on CANCEL item in CALENDAR data block...
   No compilation errors.

Compiling KEY-NEXT-ITEM trigger on MONTH_AND_YEAR item in CALENDAR data block...
   No compilation errors.

Compiling WHEN-MOUSE-CLICK trigger on PREV_MONTH item in CALENDAR data block...
   No compilation errors.

Compiling WHEN-MOUSE-CLICK trigger on NEXT_MONTH item in CALENDAR data block...
   No compilation errors.

Compiling WHEN-MOUSE-CLICK trigger on NEXT_YEAR item in CALENDAR data block...
   No compilation errors.

Compiling WHEN-MOUSE-CLICK trigger on PREV_YEAR item in CALENDAR data block...
   No compilation errors.

Compiling WHEN-NEW-ITEM-INSTANCE trigger on AM_PM item in CALENDAR data block...
   No compilation errors.

Compiling WHEN-BUTTON-PRESSED trigger on QMS$TOOLBAR data block...
   No compilation errors.

Compiling WHEN-LIST-CHANGED trigger on ORDER_BY item in QMS$TOOLBAR data block...
   No compilation errors.

Compiling ON-LOCK trigger on ITM data block...
   No compilation errors.

Compiling POST-INSERT trigger on ITM data block...
   No compilation errors.

Compiling POST-QUERY trigger on ITM data block...
   No compilation errors.

Compiling PRE-BLOCK trigger on ITM data block...
   No compilation errors.

Compiling PRE-QUERY trigger on ITM data block...
   No compilation errors.

Compiling WHEN-DATABASE-RECORD trigger on ITM data block...
   No compilation errors.

Compiling WHEN-NEW-BLOCK-INSTANCE trigger on ITM data block...
   No compilation errors.

Compiling WHEN-NEW-RECORD-INSTANCE trigger on ITM data block...
   No compilation errors.

Compiling WHEN-REMOVE-RECORD trigger on ITM data block...
   No compilation errors.

Compiling POST-SELECT trigger on ITM data block...
   No compilation errors.

Compiling PRE-INSERT trigger on ITM data block...
   No compilation errors.

Compiling PRE-UPDATE trigger on ITM data block...
   No compilation errors.

Compiling PRE-DELETE trigger on ITM data block...
   No compilation errors.

Compiling KEY-DELREC trigger on ITM data block...
   No compilation errors.

Compiling ON-ERROR trigger on ITM data block...
   No compilation errors.

Compiling PRE-RECORD trigger on ITM data block...
   No compilation errors.

Compiling KEY-DUPREC trigger on ITM data block...
   No compilation errors.

Compiling KEY-DUP-ITEM trigger on ITM data block...
   No compilation errors.

Compiling WHEN-NEW-ITEM-INSTANCE trigger on L_VGE_UND_CNS_S2 item in ITM data block...
   No compilation errors.

Compiling WHEN-NEW-ITEM-INSTANCE trigger on L_VGE_CANT_CONCENT_S2 item in ITM data block...
   No compilation errors.

Compiling WHEN-NEW-ITEM-INSTANCE trigger on L_VGE_VALOR_SOLUCION_S2 item in ITM data block...
   No compilation errors.

Compiling WHEN-NEW-ITEM-INSTANCE trigger on L_VGE_UND_PESO2 item in ITM data block...
   No compilation errors.

Compiling WHEN-NEW-ITEM-INSTANCE trigger on L_VGE_PRE_PESO2 item in ITM data block...
   No compilation errors.

Compiling WHEN-NEW-ITEM-INSTANCE trigger on L_VGE_RELACION2 item in ITM data block...
   No compilation errors.

Compiling WHEN-NEW-ITEM-INSTANCE trigger on L_VGE_PESO_SEC2 item in ITM data block...
   No compilation errors.

Compiling WHEN-NEW-ITEM-INSTANCE trigger on L_VGE_UND_SOL_S2 item in ITM data block...
   No compilation errors.

Compiling WHEN-NEW-ITEM-INSTANCE trigger on L_VGE_PRESENTACION2 item in ITM data block...
   No compilation errors.

Compiling WHEN-NEW-ITEM-INSTANCE trigger on L_VGE_UND_SLC2 item in ITM data block...
   No compilation errors.

Compiling WHEN-NEW-ITEM-INSTANCE trigger on L_VGE_VALOR_SOLUCION2 item in ITM data block...
   No compilation errors.

Compiling WHEN-NEW-ITEM-INSTANCE trigger on L_VGE_UND_CNC2 item in ITM data block...
   No compilation errors.

Compiling WHEN-NEW-ITEM-INSTANCE trigger on L_VGE_CANT_CONCENT2 item in ITM data block...
   No compilation errors.

Compiling WHEN-NEW-ITEM-INSTANCE trigger on L_VGE_FORMA2 item in ITM data block...
   No compilation errors.

Compiling WHEN-NEW-ITEM-INSTANCE trigger on L_VGE_UNDPESOS2 item in ITM data block...
   No compilation errors.

Compiling WHEN-NEW-ITEM-INSTANCE trigger on L_VGE_VOLUMEN_TOTAL2 item in ITM data block...
   No compilation errors.

Compiling WHEN-NEW-ITEM-INSTANCE trigger on L_VGE_UND_PRS2 item in ITM data block...
   No compilation errors.

Compiling WHEN-NEW-ITEM-INSTANCE trigger on L_VGE_CANT_PRESENT2 item in ITM data block...
   No compilation errors.

Compiling WHEN-NEW-ITEM-INSTANCE trigger on TIPO item in ITM data block...
   No compilation errors.

Compiling KEY-PREV-ITEM trigger on TIPO item in ITM data block...
   No compilation errors.

Compiling WHEN-NEW-ITEM-INSTANCE trigger on SBS_SCC_CODIGO item in ITM data block...
   No compilation errors.

Compiling WHEN-NEW-ITEM-INSTANCE trigger on DSP_NOMBRE2 item in ITM data block...
   No compilation errors.

Compiling WHEN-NEW-ITEM-INSTANCE trigger on SBS_CODIGO item in ITM data block...
   No compilation errors.

Compiling WHEN-VALIDATE-ITEM trigger on SBS_CODIGO item in ITM data block...
   No compilation errors.

Compiling WHEN-NEW-ITEM-INSTANCE trigger on DSP_NOMBRE item in ITM data block...
   No compilation errors.

Compiling WHEN-NEW-ITEM-INSTANCE trigger on CODIGO item in ITM data block...
   No compilation errors.

Compiling WHEN-NEW-ITEM-INSTANCE trigger on COSTO_PROMEDIO item in ITM data block...
   No compilation errors.

Compiling WHEN-NEW-ITEM-INSTANCE trigger on PRC_MAX_DESCUENTO item in ITM data block...
   No compilation errors.

Compiling WHEN-VALIDATE-ITEM trigger on PRC_MAX_DESCUENTO item in ITM data block...
   No compilation errors.

Compiling WHEN-NEW-ITEM-INSTANCE trigger on PRC_RECARGO_COMPRA item in ITM data block...
   No compilation errors.

Compiling WHEN-NEW-ITEM-INSTANCE trigger on PRECIO_REPOSICION item in ITM data block...
   No compilation errors.

Compiling WHEN-NEW-ITEM-INSTANCE trigger on DESCRIPCION item in ITM data block...
   No compilation errors.

Compiling WHEN-VALIDATE-ITEM trigger on DESCRIPCION item in ITM data block...
   No compilation errors.

Compiling WHEN-NEW-ITEM-INSTANCE trigger on UNIDAD item in ITM data block...
   No compilation errors.

Compiling WHEN-NEW-ITEM-INSTANCE trigger on STOCK2 item in ITM data block...
   No compilation errors.

Compiling WHEN-NEW-ITEM-INSTANCE trigger on PRECIO_DE_VENTA item in ITM data block...
   No compilation errors.

Compiling WHEN-NEW-ITEM-INSTANCE trigger on IVA item in ITM data block...
   No compilation errors.

Compiling WHEN-NEW-ITEM-INSTANCE trigger on PORCENTAJE_ADMINISTRACION item in ITM data block...
   No compilation errors.

Compiling WHEN-NEW-ITEM-INSTANCE trigger on PRESENTACION item in ITM data block...
   No compilation errors.

Compiling WHEN-NEW-ITEM-INSTANCE trigger on ESTADO item in ITM data block...
   No compilation errors.

Compiling WHEN-NEW-ITEM-INSTANCE trigger on LOCAL item in ITM data block...
   No compilation errors.

Compiling WHEN-NEW-ITEM-INSTANCE trigger on VENTA_EXTERNA item in ITM data block...
   No compilation errors.

Compiling WHEN-NEW-ITEM-INSTANCE trigger on FACTOR_DIVISION item in ITM data block...
   No compilation errors.

Compiling WHEN-NEW-ITEM-INSTANCE trigger on CODIGO_BARRAS item in ITM data block...
   No compilation errors.

Compiling WHEN-VALIDATE-ITEM trigger on CODIGO_BARRAS item in ITM data block...
   No compilation errors.

Compiling WHEN-NEW-ITEM-INSTANCE trigger on CALCULADO item in ITM data block...
   No compilation errors.

Compiling WHEN-NEW-ITEM-INSTANCE trigger on CONSUMO_PROMEDIO item in ITM data block...
   No compilation errors.

Compiling WHEN-NEW-ITEM-INSTANCE trigger on DIAS_STOCK item in ITM data block...
   No compilation errors.

Compiling WHEN-NEW-ITEM-INSTANCE trigger on STOCK_MINIMO item in ITM data block...
   No compilation errors.

Compiling WHEN-NEW-ITEM-INSTANCE trigger on DIAS_STOCK_MAXIMO item in ITM data block...
   No compilation errors.

Compiling WHEN-NEW-ITEM-INSTANCE trigger on STOCK_MAXIMO item in ITM data block...
   No compilation errors.

Compiling WHEN-NEW-ITEM-INSTANCE trigger on FECHA_CREACION item in ITM data block...
   No compilation errors.

Compiling KEY-LISTVAL trigger on FECHA_CREACION item in ITM data block...
   No compilation errors.

Compiling WHEN-NEW-ITEM-INSTANCE trigger on CONSIGNACION item in ITM data block...
   No compilation errors.

Compiling WHEN-NEW-ITEM-INSTANCE trigger on PRD_CODIGO item in ITM data block...
   No compilation errors.

Compiling WHEN-NEW-ITEM-INSTANCE trigger on PRD_NOMBRE item in ITM data block...
   No compilation errors.

Compiling WHEN-VALIDATE-ITEM trigger on PRD_NOMBRE item in ITM data block...
   No compilation errors.

Compiling WHEN-NEW-ITEM-INSTANCE trigger on APLICA_DESCARGO item in ITM data block...
   No compilation errors.

Compiling WHEN-NEW-ITEM-INSTANCE trigger on APLICA_ADMINISTRACION item in ITM data block...
   No compilation errors.

Compiling WHEN-NEW-ITEM-INSTANCE trigger on IMPRIMIR_CODIGO item in ITM data block...
   No compilation errors.

Compiling WHEN-NEW-ITEM-INSTANCE trigger on USO item in ITM data block...
   No compilation errors.

Compiling WHEN-NEW-ITEM-INSTANCE trigger on CLASIFICA item in ITM data block...
   No compilation errors.

Compiling WHEN-NEW-ITEM-INSTANCE trigger on RECETA item in ITM data block...
   No compilation errors.

Compiling WHEN-NEW-ITEM-INSTANCE trigger on ULTIMA_COMPRA item in ITM data block...
   No compilation errors.

Compiling WHEN-NEW-ITEM-INSTANCE trigger on ULTIMA_COMPRA_FECHA item in ITM data block...
   No compilation errors.

Compiling KEY-LISTVAL trigger on ULTIMA_COMPRA_FECHA item in ITM data block...
   No compilation errors.

Compiling WHEN-NEW-ITEM-INSTANCE trigger on ULTIMA_VENTA item in ITM data block...
   No compilation errors.

Compiling WHEN-NEW-ITEM-INSTANCE trigger on ULTIMA_VENTA_FECHA item in ITM data block...
   No compilation errors.

Compiling KEY-LISTVAL trigger on ULTIMA_VENTA_FECHA item in ITM data block...
   No compilation errors.

Compiling WHEN-NEW-ITEM-INSTANCE trigger on ULTIMO_EGRESO_SUBBODEGA item in ITM data block...
   No compilation errors.

Compiling WHEN-NEW-ITEM-INSTANCE trigger on ULTIMO_EGRESO_SUBBODEGA_FECHA item in ITM data block...
   No compilation errors.

Compiling KEY-LISTVAL trigger on ULTIMO_EGRESO_SUBBODEGA_FECHA item in ITM data block...
   No compilation errors.

Compiling WHEN-NEW-ITEM-INSTANCE trigger on PGA_GEN_CODIGO_EN_ITEM item in ITM data block...
   No compilation errors.

Compiling WHEN-NEW-ITEM-INSTANCE trigger on PGA_PRE_CODIGO_EN_ITEM item in ITM data block...
   No compilation errors.

Compiling WHEN-NEW-ITEM-INSTANCE trigger on GENERICO item in ITM data block...
   No compilation errors.

Compiling WHEN-VALIDATE-ITEM trigger on GENERICO item in ITM data block...
   No compilation errors.

Compiling KEY-NEXT-ITEM trigger on GENERICO item in ITM data block...
   No compilation errors.

Compiling WHEN-NEW-ITEM-INSTANCE trigger on GENERICO_S2 item in ITM data block...
   No compilation errors.

Compiling WHEN-NEW-ITEM-INSTANCE trigger on L_VGE_CODIGO2 item in ITM data block...
   No compilation errors.

Compiling ON-LOCK trigger on ITMBND data block...
   No compilation errors.

Compiling POST-INSERT trigger on ITMBND data block...
   No compilation errors.

Compiling POST-QUERY trigger on ITMBND data block...
   No compilation errors.

Compiling PRE-BLOCK trigger on ITMBND data block...
   No compilation errors.

Compiling PRE-QUERY trigger on ITMBND data block...
   No compilation errors.

Compiling WHEN-DATABASE-RECORD trigger on ITMBND data block...
   No compilation errors.

Compiling WHEN-NEW-BLOCK-INSTANCE trigger on ITMBND data block...
   No compilation errors.

Compiling WHEN-NEW-RECORD-INSTANCE trigger on ITMBND data block...
   No compilation errors.

Compiling WHEN-REMOVE-RECORD trigger on ITMBND data block...
   No compilation errors.

Compiling POST-SELECT trigger on ITMBND data block...
   No compilation errors.

Compiling ON-ERROR trigger on ITMBND data block...
   No compilation errors.

Compiling WHEN-NEW-ITEM-INSTANCE trigger on REC_ACTUAL item in ITMBND data block...
   No compilation errors.

Compiling WHEN-NEW-ITEM-INSTANCE trigger on CODIGO item in ITMBND data block...
   No compilation errors.

Compiling WHEN-NEW-ITEM-INSTANCE trigger on BND_EST_CODIGO item in ITMBND data block...
   No compilation errors.

Compiling WHEN-NEW-ITEM-INSTANCE trigger on DESCRIPCION item in ITMBND data block...
   No compilation errors.

Compiling WHEN-NEW-ITEM-INSTANCE trigger on BND_CODIGO item in ITMBND data block...
   No compilation errors.

Compiling WHEN-NEW-ITEM-INSTANCE trigger on BND_DESCRIPCION item in ITMBND data block...
   No compilation errors.

Compiling WHEN-VALIDATE-ITEM trigger on BND_DESCRIPCION item in ITMBND data block...
   No compilation errors.

Compiling KEY-PREV-ITEM trigger on BND_DESCRIPCION item in ITMBND data block...
   No compilation errors.

Compiling KEY-NEXT-ITEM trigger on BND_DESCRIPCION item in ITMBND data block...
   No compilation errors.

Compiling WHEN-NEW-ITEM-INSTANCE trigger on ITM_TIPO item in ITMBND data block...
   No compilation errors.

Compiling WHEN-NEW-ITEM-INSTANCE trigger on ITM_SBS_SCC_CODIGO item in ITMBND data block...
   No compilation errors.

Compiling WHEN-NEW-ITEM-INSTANCE trigger on ITM_SBS_CODIGO item in ITMBND data block...
   No compilation errors.

Compiling WHEN-NEW-ITEM-INSTANCE trigger on ITM_CODIGO item in ITMBND data block...
   No compilation errors.

Compiling ON-LOCK trigger on ITM_PRDV data block...
   No compilation errors.

Compiling POST-INSERT trigger on ITM_PRDV data block...
   No compilation errors.

Compiling POST-QUERY trigger on ITM_PRDV data block...
   No compilation errors.

Compiling PRE-BLOCK trigger on ITM_PRDV data block...
   No compilation errors.

Compiling PRE-QUERY trigger on ITM_PRDV data block...
   No compilation errors.

Compiling WHEN-DATABASE-RECORD trigger on ITM_PRDV data block...
   No compilation errors.

Compiling WHEN-NEW-BLOCK-INSTANCE trigger on ITM_PRDV data block...
   No compilation errors.

Compiling WHEN-NEW-RECORD-INSTANCE trigger on ITM_PRDV data block...
   No compilation errors.

Compiling WHEN-REMOVE-RECORD trigger on ITM_PRDV data block...
   No compilation errors.

Compiling POST-SELECT trigger on ITM_PRDV data block...
   No compilation errors.

Compiling ON-ERROR trigger on ITM_PRDV data block...
   No compilation errors.

Compiling WHEN-NEW-ITEM-INSTANCE trigger on REC_ACTUAL item in ITM_PRDV data block...
   No compilation errors.

Compiling WHEN-NEW-ITEM-INSTANCE trigger on PRD_CODIGO item in ITM_PRDV data block...
   No compilation errors.

Compiling WHEN-NEW-ITEM-INSTANCE trigger on DSP_NOMBRE item in ITM_PRDV data block...
   No compilation errors.

Compiling KEY-PREV-ITEM trigger on DSP_NOMBRE item in ITM_PRDV data block...
   No compilation errors.

Compiling KEY-NEXT-ITEM trigger on DSP_NOMBRE item in ITM_PRDV data block...
   No compilation errors.

Compiling WHEN-NEW-ITEM-INSTANCE trigger on ITM_TIPO item in ITM_PRDV data block...
   No compilation errors.

Compiling WHEN-NEW-ITEM-INSTANCE trigger on ITM_SBS_SCC_CODIGO item in ITM_PRDV data block...
   No compilation errors.

Compiling WHEN-NEW-ITEM-INSTANCE trigger on ITM_SBS_CODIGO item in ITM_PRDV data block...
   No compilation errors.

Compiling WHEN-NEW-ITEM-INSTANCE trigger on ITM_CODIGO item in ITM_PRDV data block...
   No compilation errors.

Compiling WHEN-NEW-ITEM-INSTANCE trigger on PRECIO item in ITM_PRDV data block...
   No compilation errors.

Compiling KEY-CLRREC trigger on CG$CTRL data block...
   No compilation errors.

Compiling KEY-CREREC trigger on CG$CTRL data block...
   No compilation errors.

Compiling KEY-DOWN trigger on CG$CTRL data block...
   No compilation errors.

Compiling KEY-NXTREC trigger on CG$CTRL data block...
   No compilation errors.

Compiling KEY-SCRDOWN trigger on CG$CTRL data block...
   No compilation errors.

Compiling KEY-UP trigger on CG$CTRL data block...
   No compilation errors.

Compiling KEY-PRVREC trigger on CG$CTRL data block...
   No compilation errors.

Compiling KEY-SCRUP trigger on CG$CTRL data block...
   No compilation errors.

Compiling ON-ERROR trigger on CG$CTRL data block...
   No compilation errors.

Compiling PRE-BLOCK trigger on CG$CTRL data block...
   No compilation errors.

Compiling WHEN-NEW-BLOCK-INSTANCE trigger on CG$CTRL data block...
   No compilation errors.

Compiling WHEN-NEW-ITEM-INSTANCE trigger on CG$PAGE_1_LIST item in CG$CTRL data block...
   No compilation errors.

Compiling WHEN-NEW-ITEM-INSTANCE trigger on CG$WINDOWQMS$TRANS_ERRORS_PAGE item in CG$CTRL data block...
   No compilation errors.

Compiling WHEN-NEW-ITEM-INSTANCE trigger on CG$WINDOWITEMS_PAGE item in CG$CTRL data block...
   No compilation errors.

Compiling WHEN-NEW-ITEM-INSTANCE trigger on CG$WINDOWQMS$TRANS_ERRORS_MODA item in CG$CTRL data block...
   No compilation errors.

Compiling WHEN-NEW-ITEM-INSTANCE trigger on CG$WINDOWCALENDAR_PAGE item in CG$CTRL data block...
   No compilation errors.

Compiling WHEN-NEW-ITEM-INSTANCE trigger on CG$WINDOWQMS$HIDDEN_ITEMS_PAGE item in CG$CTRL data block...
   No compilation errors.

Compiling WHEN-NEW-ITEM-INSTANCE trigger on CG$LAST_CANVAS item in CG$CTRL data block...
   No compilation errors.


Created form file D:\sas\bin\cmp\frm\btcmntitm.fmx
