Compiling package specification CG$INGCTZ_GLOBALS... 
   No compilation errors.

Compiling procedure CGDV$POPULATE_DYNAMIC_LISTS... 
   No compilation errors.

Compiling procedure CGUI$CG_CODE_CONTROLS... 
   No compilation errors.

Compiling procedure CGFK$QRY_CTZ_OCE_SLCCMP_HASTA... 
   No compilation errors.

Compiling procedure CGSF$CLR_CTZ_OCE_SLCCMP_HASTA... 
   No compilation errors.

Compiling procedure CGFK$QRY_CTZ_OCE_SLCCMP_DESDE... 
   No compilation errors.

Compiling procedure CGSF$CLR_CTZ_OCE_SLCCMP_DESDE... 
   No compilation errors.

Compiling procedure CGFK$QRY_DTLCTZ_DCN_PRD_FK... 
   No compilation errors.

Compiling procedure CGSF$CLR_DTLCTZ_DCN_PRD_FK... 
   No compilation errors.

Compiling procedure CGFK$QRY_DTLCTZ_DCN_ITM_FK... 
   No compilation errors.

Compiling procedure CGSF$CLR_DTLCTZ_DCN_ITM_FK... 
   No compilation errors.

Compiling procedure CGUV$CHK_DCN_PK... 
   No compilation errors.

Compiling function CGTE$CHECK_CONSTRAINT_VIO... 
   No compilation errors.

Compiling procedure CGTE$CTZ_ERRORS... 
   No compilation errors.

Compiling procedure CGTE$DTLCTZ_ERRORS... 
   No compilation errors.

Compiling procedure CGLY$DISPLAY_CANVASES... 
   No compilation errors.

Compiling procedure CGLY$GET_RELATED_CANVASES... 
   No compilation errors.

Compiling procedure CGLY$CANVAS_MANAGEMENT... 
   No compilation errors.

Compiling procedure CGBS$TOGGLE... 
   No compilation errors.

Compiling procedure CONFORMA_DETALLE_INGRESO... 
   No compilation errors.

Compiling procedure CONFORMA_DETALLE_INGRESO_AD... 
   No compilation errors.

Compiling procedure FIJAR_REPORTE... 
   No compilation errors.

Compiling PRE-COMMIT trigger on form...
   No compilation errors.

Compiling QMS$CUSTOM_HELP trigger on form...
   No compilation errors.

Compiling POST-FORM trigger on form...
   No compilation errors.

Compiling CALENDAR_WROTE_DATE trigger on form...
   No compilation errors.

Compiling KEY-EXIT trigger on form...
   No compilation errors.

Compiling POST-FORMS-COMMIT trigger on form...
   No compilation errors.

Compiling KEY-CLRFRM trigger on form...
   No compilation errors.

Compiling KEY-HELP trigger on form...
   No compilation errors.

Compiling KEY-MENU trigger on form...
   No compilation errors.

Compiling ON-ERROR trigger on form...
   No compilation errors.

Compiling ON-MESSAGE trigger on form...
   No compilation errors.

Compiling PRE-FORM trigger on form...
   No compilation errors.

Compiling QUERY_FIND trigger on form...
   No compilation errors.

Compiling QMS$MENU_ITEM trigger on form...
   No compilation errors.

Compiling WHEN-NEW-BLOCK-INSTANCE trigger on form...
   No compilation errors.

Compiling WHEN-NEW-FORM-INSTANCE trigger on form...
   No compilation errors.

Compiling WHEN-WINDOW-CLOSED trigger on form...
   No compilation errors.

Compiling WHEN-WINDOW-ACTIVATED trigger on form...
   No compilation errors.

Compiling WHEN-WINDOW-RESIZED trigger on form...
   No compilation errors.

Compiling POST-TEXT-ITEM trigger on form...
   No compilation errors.

Compiling WHEN-FORM-NAVIGATE trigger on form...
   No compilation errors.

Compiling ON-CLEAR-DETAILS trigger on form...
   No compilation errors.

Compiling ON-POPULATE-DETAILS trigger on form...
   No compilation errors.

Compiling KEY-ENTQRY trigger on form...
   No compilation errors.

Compiling KEY-EXEQRY trigger on form...
   No compilation errors.

Compiling KEY-CQUERY trigger on form...
   No compilation errors.

Compiling KEY-CLRBLK trigger on form...
   No compilation errors.

Compiling KEY-CLRREC trigger on form...
   No compilation errors.

Compiling KEY-NXTKEY trigger on form...
   No compilation errors.

Compiling KEY-CLRREC trigger on QMS$TRANS_ERRORS data block...
   No compilation errors.

Compiling KEY-CREREC trigger on QMS$TRANS_ERRORS data block...
   No compilation errors.

Compiling KEY-DOWN trigger on QMS$TRANS_ERRORS data block...
   No compilation errors.

Compiling KEY-NXTREC trigger on QMS$TRANS_ERRORS data block...
   No compilation errors.

Compiling KEY-SCRDOWN trigger on QMS$TRANS_ERRORS data block...
   No compilation errors.

Compiling KEY-UP trigger on QMS$TRANS_ERRORS data block...
   No compilation errors.

Compiling KEY-PRVREC trigger on QMS$TRANS_ERRORS data block...
   No compilation errors.

Compiling KEY-SCRUP trigger on QMS$TRANS_ERRORS data block...
   No compilation errors.

Compiling ON-ERROR trigger on QMS$TRANS_ERRORS data block...
   No compilation errors.

Compiling PRE-BLOCK trigger on QMS$TRANS_ERRORS data block...
   No compilation errors.

Compiling WHEN-NEW-BLOCK-INSTANCE trigger on QMS$TRANS_ERRORS data block...
   No compilation errors.

Compiling ON-LOCK trigger on QMS$TRANS_ERRORS data block...
   No compilation errors.

Compiling WHEN-VALIDATE-RECORD trigger on QMS$TRANS_ERRORS data block...
   No compilation errors.

Compiling WHEN-BUTTON-PRESSED trigger on QMS$TRANS_ERRORS data block...
   No compilation errors.

Compiling WHEN-LIST-ACTIVATED trigger on QMS$TRANS_ERRORS data block...
   No compilation errors.

Compiling WHEN-NEW-ITEM-INSTANCE trigger on OK_BUTTON item in QMS$TRANS_ERRORS data block...
   No compilation errors.

Compiling WHEN-BUTTON-PRESSED trigger on OK_BUTTON item in QMS$TRANS_ERRORS data block...
   No compilation errors.

Compiling KEY-PREV-ITEM trigger on OK_BUTTON item in QMS$TRANS_ERRORS data block...
   No compilation errors.

Compiling WHEN-LIST-CHANGED trigger on MESSAGES item in QMS$TRANS_ERRORS data block...
   No compilation errors.

Compiling WHEN-NEW-ITEM-INSTANCE trigger on HELP_BUTTON item in QMS$TRANS_ERRORS data block...
   No compilation errors.

Compiling WHEN-BUTTON-PRESSED trigger on HELP_BUTTON item in QMS$TRANS_ERRORS data block...
   No compilation errors.

Compiling KEY-NEXT-ITEM trigger on HELP_BUTTON item in QMS$TRANS_ERRORS data block...
   No compilation errors.

Compiling WHEN-NEW-ITEM-INSTANCE trigger on OK_BUTTON_MODAL item in QMS$TRANS_ERRORS data block...
   No compilation errors.

Compiling WHEN-BUTTON-PRESSED trigger on OK_BUTTON_MODAL item in QMS$TRANS_ERRORS data block...
   No compilation errors.

Compiling KEY-PREV-ITEM trigger on OK_BUTTON_MODAL item in QMS$TRANS_ERRORS data block...
   No compilation errors.

Compiling WHEN-LIST-CHANGED trigger on MESSAGES_MODAL item in QMS$TRANS_ERRORS data block...
   No compilation errors.

Compiling WHEN-NEW-ITEM-INSTANCE trigger on HELP_BUTTON_MODAL item in QMS$TRANS_ERRORS data block...
   No compilation errors.

Compiling WHEN-BUTTON-PRESSED trigger on HELP_BUTTON_MODAL item in QMS$TRANS_ERRORS data block...
   No compilation errors.

Compiling KEY-NEXT-ITEM trigger on HELP_BUTTON_MODAL item in QMS$TRANS_ERRORS data block...
   No compilation errors.

Compiling WHEN-NEW-ITEM-INSTANCE trigger on RETURN_TO_BLOCK item in QMS$TRANS_ERRORS data block...
   No compilation errors.

Compiling WHEN-RADIO-CHANGED trigger on CALENDAR data block...
   No compilation errors.

Compiling KEY-OTHERS trigger on CALENDAR data block...
   No compilation errors.

Compiling KEY-NEXT-ITEM trigger on CALENDAR data block...
   No compilation errors.

Compiling KEY-PREV-ITEM trigger on CALENDAR data block...
   No compilation errors.

Compiling KEY-ENTER trigger on CALENDAR data block...
   No compilation errors.

Compiling WHEN-BUTTON-PRESSED trigger on CALENDAR data block...
   No compilation errors.

Compiling WHEN-LIST-CHANGED trigger on CALENDAR data block...
   No compilation errors.

Compiling WHEN-MOUSE-CLICK trigger on CALENDAR data block...
   No compilation errors.

Compiling KEY-DOWN trigger on CALENDAR data block...
   No compilation errors.

Compiling KEY-UP trigger on CALENDAR data block...
   No compilation errors.

Compiling KEY-NXTREC trigger on CALENDAR data block...
   No compilation errors.

Compiling KEY-PRVREC trigger on CALENDAR data block...
   No compilation errors.

Compiling WHEN-MOUSE-DOUBLECLICK trigger on CALENDAR data block...
   No compilation errors.

Compiling WHEN-NEW-ITEM-INSTANCE trigger on HOUR item in CALENDAR data block...
   No compilation errors.

Compiling WHEN-NEW-ITEM-INSTANCE trigger on MINUTE item in CALENDAR data block...
   No compilation errors.

Compiling WHEN-NEW-ITEM-INSTANCE trigger on OK item in CALENDAR data block...
   No compilation errors.

Compiling WHEN-BUTTON-PRESSED trigger on OK item in CALENDAR data block...
   No compilation errors.

Compiling KEY-PREV-ITEM trigger on OK item in CALENDAR data block...
   No compilation errors.

Compiling WHEN-NEW-ITEM-INSTANCE trigger on CANCEL item in CALENDAR data block...
   No compilation errors.

Compiling WHEN-BUTTON-PRESSED trigger on CANCEL item in CALENDAR data block...
   No compilation errors.

Compiling KEY-NEXT-ITEM trigger on MONTH_AND_YEAR item in CALENDAR data block...
   No compilation errors.

Compiling WHEN-MOUSE-CLICK trigger on PREV_MONTH item in CALENDAR data block...
   No compilation errors.

Compiling WHEN-MOUSE-CLICK trigger on NEXT_MONTH item in CALENDAR data block...
   No compilation errors.

Compiling WHEN-MOUSE-CLICK trigger on NEXT_YEAR item in CALENDAR data block...
   No compilation errors.

Compiling WHEN-MOUSE-CLICK trigger on PREV_YEAR item in CALENDAR data block...
   No compilation errors.

Compiling WHEN-NEW-ITEM-INSTANCE trigger on AM_PM item in CALENDAR data block...
   No compilation errors.

Compiling WHEN-BUTTON-PRESSED trigger on QMS$TOOLBAR data block...
   No compilation errors.

Compiling WHEN-LIST-CHANGED trigger on ORDER_BY item in QMS$TOOLBAR data block...
   No compilation errors.

Compiling ON-LOCK trigger on CTZ data block...
   No compilation errors.

Compiling POST-INSERT trigger on CTZ data block...
   No compilation errors.

Compiling POST-QUERY trigger on CTZ data block...
   No compilation errors.

Compiling PRE-BLOCK trigger on CTZ data block...
   No compilation errors.

Compiling PRE-QUERY trigger on CTZ data block...
   No compilation errors.

Compiling WHEN-DATABASE-RECORD trigger on CTZ data block...
   No compilation errors.

Compiling WHEN-NEW-BLOCK-INSTANCE trigger on CTZ data block...
   No compilation errors.

Compiling WHEN-NEW-RECORD-INSTANCE trigger on CTZ data block...
   No compilation errors.

Compiling WHEN-REMOVE-RECORD trigger on CTZ data block...
   No compilation errors.

Compiling POST-SELECT trigger on CTZ data block...
   No compilation errors.

Compiling PRE-INSERT trigger on CTZ data block...
   No compilation errors.

Compiling ON-ERROR trigger on CTZ data block...
   No compilation errors.

Compiling WHEN-VALIDATE-RECORD trigger on CTZ data block...
   No compilation errors.

Compiling WHEN-NEW-ITEM-INSTANCE trigger on NUMERO item in CTZ data block...
   No compilation errors.

Compiling WHEN-NEW-ITEM-INSTANCE trigger on L_SLCCMP2_FECHA_DESDE item in CTZ data block...
   No compilation errors.

Compiling KEY-LISTVAL trigger on L_SLCCMP2_FECHA_DESDE item in CTZ data block...
   No compilation errors.

Compiling WHEN-NEW-ITEM-INSTANCE trigger on SOLICITUD_DESDE item in CTZ data block...
   No compilation errors.

Compiling KEY-PREV-ITEM trigger on SOLICITUD_DESDE item in CTZ data block...
   No compilation errors.

Compiling WHEN-VALIDATE-ITEM trigger on SOLICITUD_DESDE item in CTZ data block...
   No compilation errors.

Compiling WHEN-NEW-ITEM-INSTANCE trigger on L_SLCCMP_FECHA_HASTA item in CTZ data block...
   No compilation errors.

Compiling KEY-LISTVAL trigger on L_SLCCMP_FECHA_HASTA item in CTZ data block...
   No compilation errors.

Compiling WHEN-NEW-ITEM-INSTANCE trigger on SOLICITUD_HASTA item in CTZ data block...
   No compilation errors.

Compiling WHEN-NEW-ITEM-INSTANCE trigger on ESTADO item in CTZ data block...
   No compilation errors.

Compiling WHEN-NEW-ITEM-INSTANCE trigger on FECHA item in CTZ data block...
   No compilation errors.

Compiling KEY-LISTVAL trigger on FECHA item in CTZ data block...
   No compilation errors.

Compiling WHEN-NEW-ITEM-INSTANCE trigger on OBSERVACIONES item in CTZ data block...
   No compilation errors.

Compiling KEY-NEXT-ITEM trigger on OBSERVACIONES item in CTZ data block...
   No compilation errors.

Compiling WHEN-NEW-ITEM-INSTANCE trigger on PRS_CODIGO item in CTZ data block...
   No compilation errors.

Compiling ON-LOCK trigger on DTLCTZ data block...
   No compilation errors.

Compiling POST-INSERT trigger on DTLCTZ data block...
   No compilation errors.

Compiling POST-QUERY trigger on DTLCTZ data block...
   No compilation errors.

Compiling PRE-BLOCK trigger on DTLCTZ data block...
   No compilation errors.

Compiling PRE-QUERY trigger on DTLCTZ data block...
   No compilation errors.

Compiling WHEN-DATABASE-RECORD trigger on DTLCTZ data block...
   No compilation errors.

Compiling WHEN-NEW-BLOCK-INSTANCE trigger on DTLCTZ data block...
   No compilation errors.

Compiling WHEN-NEW-RECORD-INSTANCE trigger on DTLCTZ data block...
   No compilation errors.

Compiling WHEN-REMOVE-RECORD trigger on DTLCTZ data block...
   No compilation errors.

Compiling POST-SELECT trigger on DTLCTZ data block...
   No compilation errors.

Compiling ON-ERROR trigger on DTLCTZ data block...
   No compilation errors.

Compiling WHEN-VALIDATE-RECORD trigger on DTLCTZ data block...
   No compilation errors.

Compiling PRE-RECORD trigger on DTLCTZ data block...
   No compilation errors.

Compiling PRE-INSERT trigger on DTLCTZ data block...
   No compilation errors.

Compiling PRE-DELETE trigger on DTLCTZ data block...
   No compilation errors.

Compiling WHEN-NEW-ITEM-INSTANCE trigger on NUMERO_SOLICITUD item in DTLCTZ data block...
   No compilation errors.

Compiling WHEN-NEW-ITEM-INSTANCE trigger on PRECIO_UNITARIO item in DTLCTZ data block...
   No compilation errors.

Compiling KEY-PREV-ITEM trigger on PRECIO_UNITARIO item in DTLCTZ data block...
   No compilation errors.

Compiling WHEN-NEW-ITEM-INSTANCE trigger on CANTIDAD item in DTLCTZ data block...
   No compilation errors.

Compiling WHEN-NEW-ITEM-INSTANCE trigger on AUTORIZADO item in DTLCTZ data block...
   No compilation errors.

Compiling WHEN-VALIDATE-ITEM trigger on AUTORIZADO item in DTLCTZ data block...
   No compilation errors.

Compiling WHEN-NEW-ITEM-INSTANCE trigger on L_ITM_DESCRIPCION2 item in DTLCTZ data block...
   No compilation errors.

Compiling WHEN-VALIDATE-ITEM trigger on L_ITM_DESCRIPCION2 item in DTLCTZ data block...
   No compilation errors.

Compiling WHEN-NEW-ITEM-INSTANCE trigger on PRD_NOMBRE item in DTLCTZ data block...
   No compilation errors.

Compiling WHEN-VALIDATE-ITEM trigger on PRD_NOMBRE item in DTLCTZ data block...
   No compilation errors.

Compiling WHEN-NEW-ITEM-INSTANCE trigger on MARCA item in DTLCTZ data block...
   No compilation errors.

Compiling WHEN-NEW-ITEM-INSTANCE trigger on REGISTRO_SANITARIO item in DTLCTZ data block...
   No compilation errors.

Compiling WHEN-NEW-ITEM-INSTANCE trigger on LUGAR_DE_ORIGEN item in DTLCTZ data block...
   No compilation errors.

Compiling WHEN-NEW-ITEM-INSTANCE trigger on FORMA_DE_PAGO item in DTLCTZ data block...
   No compilation errors.

Compiling WHEN-NEW-ITEM-INSTANCE trigger on VALIDEZ_OFERTA item in DTLCTZ data block...
   No compilation errors.

Compiling KEY-LISTVAL trigger on VALIDEZ_OFERTA item in DTLCTZ data block...
   No compilation errors.

Compiling WHEN-NEW-ITEM-INSTANCE trigger on PLAZO_DE_ENTREGA item in DTLCTZ data block...
   No compilation errors.

Compiling KEY-LISTVAL trigger on PLAZO_DE_ENTREGA item in DTLCTZ data block...
   No compilation errors.

Compiling WHEN-NEW-ITEM-INSTANCE trigger on FECHA_VENCIMIENTO item in DTLCTZ data block...
   No compilation errors.

Compiling KEY-LISTVAL trigger on FECHA_VENCIMIENTO item in DTLCTZ data block...
   No compilation errors.

Compiling WHEN-NEW-ITEM-INSTANCE trigger on L_ITM_UNIDAD item in DTLCTZ data block...
   No compilation errors.

Compiling WHEN-NEW-ITEM-INSTANCE trigger on L_ITM_PRECIO_REPOSICION item in DTLCTZ data block...
   No compilation errors.

Compiling WHEN-NEW-ITEM-INSTANCE trigger on L_ITM_STOCK_MINIMO item in DTLCTZ data block...
   No compilation errors.

Compiling WHEN-NEW-ITEM-INSTANCE trigger on L_ITM_STOCK_MAXIMO item in DTLCTZ data block...
   No compilation errors.

Compiling WHEN-NEW-ITEM-INSTANCE trigger on L_ITM_DIAS_STOCK_MAXIMO item in DTLCTZ data block...
   No compilation errors.

Compiling WHEN-NEW-ITEM-INSTANCE trigger on OBSERVACION item in DTLCTZ data block...
   No compilation errors.

Compiling WHEN-NEW-ITEM-INSTANCE trigger on AUTORIZADO_POR item in DTLCTZ data block...
   No compilation errors.

Compiling WHEN-NEW-ITEM-INSTANCE trigger on AUTORIZADO_FECHA item in DTLCTZ data block...
   No compilation errors.

Compiling KEY-LISTVAL trigger on AUTORIZADO_FECHA item in DTLCTZ data block...
   No compilation errors.

Compiling WHEN-NEW-ITEM-INSTANCE trigger on ITM_DESCRIPCION item in DTLCTZ data block...
   No compilation errors.

Compiling KEY-NEXT-ITEM trigger on ITM_DESCRIPCION item in DTLCTZ data block...
   No compilation errors.

Compiling WHEN-NEW-ITEM-INSTANCE trigger on ITM_SBS_SCC_CODIGO item in DTLCTZ data block...
   No compilation errors.

Compiling WHEN-NEW-ITEM-INSTANCE trigger on ITM_SBS_CODIGO item in DTLCTZ data block...
   No compilation errors.

Compiling WHEN-NEW-ITEM-INSTANCE trigger on ITM_CODIGO item in DTLCTZ data block...
   No compilation errors.

Compiling WHEN-NEW-ITEM-INSTANCE trigger on ITM_TIPO item in DTLCTZ data block...
   No compilation errors.

Compiling WHEN-NEW-ITEM-INSTANCE trigger on PRD_CODIGO item in DTLCTZ data block...
   No compilation errors.

Compiling WHEN-NEW-ITEM-INSTANCE trigger on OCE_NUMERO item in DTLCTZ data block...
   No compilation errors.

Compiling KEY-CLRREC trigger on CG$CTRL data block...
   No compilation errors.

Compiling KEY-CREREC trigger on CG$CTRL data block...
   No compilation errors.

Compiling KEY-DOWN trigger on CG$CTRL data block...
   No compilation errors.

Compiling KEY-NXTREC trigger on CG$CTRL data block...
   No compilation errors.

Compiling KEY-SCRDOWN trigger on CG$CTRL data block...
   No compilation errors.

Compiling KEY-UP trigger on CG$CTRL data block...
   No compilation errors.

Compiling KEY-PRVREC trigger on CG$CTRL data block...
   No compilation errors.

Compiling KEY-SCRUP trigger on CG$CTRL data block...
   No compilation errors.

Compiling ON-ERROR trigger on CG$CTRL data block...
   No compilation errors.

Compiling PRE-BLOCK trigger on CG$CTRL data block...
   No compilation errors.

Compiling WHEN-NEW-BLOCK-INSTANCE trigger on CG$CTRL data block...
   No compilation errors.

Compiling WHEN-NEW-ITEM-INSTANCE trigger on CG$PAGE_1_LIST item in CG$CTRL data block...
   No compilation errors.

Compiling WHEN-NEW-ITEM-INSTANCE trigger on CG$WINDOWQMS$TRANS_ERRORS_PAGE item in CG$CTRL data block...
   No compilation errors.

Compiling WHEN-NEW-ITEM-INSTANCE trigger on CG$WINDOWVENTANA_PAGE item in CG$CTRL data block...
   No compilation errors.

Compiling WHEN-NEW-ITEM-INSTANCE trigger on CG$WINDOWQMS$TRANS_ERRORS_MODA item in CG$CTRL data block...
   No compilation errors.

Compiling WHEN-NEW-ITEM-INSTANCE trigger on CG$WINDOWCALENDAR_PAGE item in CG$CTRL data block...
   No compilation errors.

Compiling WHEN-NEW-ITEM-INSTANCE trigger on CG$WINDOWQMS$HIDDEN_ITEMS_PAGE item in CG$CTRL data block...
   No compilation errors.

Compiling WHEN-NEW-ITEM-INSTANCE trigger on CG$LAST_CANVAS item in CG$CTRL data block...
   No compilation errors.


Created form file D:\sas\bin\cmp\frm\ingctz.fmx
