Compiling package specification CG$INGPRCITMCMP_GLOBALS... 
   No compilation errors.

Compiling procedure CGDV$POPULATE_DYNAMIC_LISTS... 
   No compilation errors.

Compiling procedure CGFK$QRY_ITM_PRV_ITM_PRD_PRD_F... 
   No compilation errors.

Compiling procedure CGSF$CLR_ITM_PRV_ITM_PRD_PRD_F... 
   No compilation errors.

Compiling procedure CGSF$CLR_ITMPRC_PAO_PRS_FK... 
   No compilation errors.

Compiling procedure CGFK$QRY_ITMPRC_PAO_PRS_FK... 
   No compilation errors.

Compiling procedure CGSF$CLR_ITMPRC_PAO_PRD_FK... 
   No compilation errors.

Compiling procedure CGFK$QRY_ITMPRC_PAO_PRD_FK... 
   No compilation errors.

Compiling function CGTE$CHECK_CONSTRAINT_VIO... 
   No compilation errors.

Compiling procedure CGTE$INGPRC_ERRORS... 
   No compilation errors.

Compiling procedure CGTE$ITM_PRV_ERRORS... 
   No compilation errors.

Compiling procedure CGTE$ITMPRC_ERRORS... 
   No compilation errors.

Compiling procedure CGLY$DISPLAY_CANVASES... 
   No compilation errors.

Compiling procedure CGLY$GET_RELATED_CANVASES... 
   No compilation errors.

Compiling procedure CGLY$CANVAS_MANAGEMENT... 
   No compilation errors.

Compiling procedure CGBS$TOGGLE... 
   No compilation errors.

Compiling procedure FIJAR_REPORTE... 
   No compilation errors.

Compiling PRE-COMMIT trigger on form...
   No compilation errors.

Compiling QMS$CUSTOM_HELP trigger on form...
   No compilation errors.

Compiling POST-FORM trigger on form...
   No compilation errors.

Compiling CALENDAR_WROTE_DATE trigger on form...
   No compilation errors.

Compiling KEY-EXIT trigger on form...
   No compilation errors.

Compiling POST-FORMS-COMMIT trigger on form...
   No compilation errors.

Compiling KEY-CLRFRM trigger on form...
   No compilation errors.

Compiling KEY-HELP trigger on form...
   No compilation errors.

Compiling KEY-MENU trigger on form...
   No compilation errors.

Compiling ON-ERROR trigger on form...
   No compilation errors.

Compiling ON-MESSAGE trigger on form...
   No compilation errors.

Compiling PRE-FORM trigger on form...
   No compilation errors.

Compiling QUERY_FIND trigger on form...
   No compilation errors.

Compiling QMS$MENU_ITEM trigger on form...
   No compilation errors.

Compiling WHEN-NEW-BLOCK-INSTANCE trigger on form...
   No compilation errors.

Compiling WHEN-NEW-FORM-INSTANCE trigger on form...
   No compilation errors.

Compiling WHEN-WINDOW-CLOSED trigger on form...
   No compilation errors.

Compiling WHEN-WINDOW-ACTIVATED trigger on form...
   No compilation errors.

Compiling WHEN-WINDOW-RESIZED trigger on form...
   No compilation errors.

Compiling POST-TEXT-ITEM trigger on form...
   No compilation errors.

Compiling WHEN-FORM-NAVIGATE trigger on form...
   No compilation errors.

Compiling ON-CLEAR-DETAILS trigger on form...
   No compilation errors.

Compiling ON-POPULATE-DETAILS trigger on form...
   No compilation errors.

Compiling KEY-ENTQRY trigger on form...
   No compilation errors.

Compiling KEY-EXEQRY trigger on form...
   No compilation errors.

Compiling KEY-CQUERY trigger on form...
   No compilation errors.

Compiling KEY-CLRBLK trigger on form...
   No compilation errors.

Compiling KEY-CLRREC trigger on form...
   No compilation errors.

Compiling KEY-NXTKEY trigger on form...
   No compilation errors.

Compiling KEY-CLRREC trigger on QMS$TRANS_ERRORS data block...
   No compilation errors.

Compiling KEY-CREREC trigger on QMS$TRANS_ERRORS data block...
   No compilation errors.

Compiling KEY-DOWN trigger on QMS$TRANS_ERRORS data block...
   No compilation errors.

Compiling KEY-NXTREC trigger on QMS$TRANS_ERRORS data block...
   No compilation errors.

Compiling KEY-SCRDOWN trigger on QMS$TRANS_ERRORS data block...
   No compilation errors.

Compiling KEY-UP trigger on QMS$TRANS_ERRORS data block...
   No compilation errors.

Compiling KEY-PRVREC trigger on QMS$TRANS_ERRORS data block...
   No compilation errors.

Compiling KEY-SCRUP trigger on QMS$TRANS_ERRORS data block...
   No compilation errors.

Compiling ON-ERROR trigger on QMS$TRANS_ERRORS data block...
   No compilation errors.

Compiling PRE-BLOCK trigger on QMS$TRANS_ERRORS data block...
   No compilation errors.

Compiling WHEN-NEW-BLOCK-INSTANCE trigger on QMS$TRANS_ERRORS data block...
   No compilation errors.

Compiling ON-LOCK trigger on QMS$TRANS_ERRORS data block...
   No compilation errors.

Compiling WHEN-VALIDATE-RECORD trigger on QMS$TRANS_ERRORS data block...
   No compilation errors.

Compiling WHEN-BUTTON-PRESSED trigger on QMS$TRANS_ERRORS data block...
   No compilation errors.

Compiling WHEN-LIST-ACTIVATED trigger on QMS$TRANS_ERRORS data block...
   No compilation errors.

Compiling WHEN-NEW-ITEM-INSTANCE trigger on OK_BUTTON item in QMS$TRANS_ERRORS data block...
   No compilation errors.

Compiling WHEN-BUTTON-PRESSED trigger on OK_BUTTON item in QMS$TRANS_ERRORS data block...
   No compilation errors.

Compiling KEY-PREV-ITEM trigger on OK_BUTTON item in QMS$TRANS_ERRORS data block...
   No compilation errors.

Compiling WHEN-LIST-CHANGED trigger on MESSAGES item in QMS$TRANS_ERRORS data block...
   No compilation errors.

Compiling WHEN-NEW-ITEM-INSTANCE trigger on HELP_BUTTON item in QMS$TRANS_ERRORS data block...
   No compilation errors.

Compiling WHEN-BUTTON-PRESSED trigger on HELP_BUTTON item in QMS$TRANS_ERRORS data block...
   No compilation errors.

Compiling KEY-NEXT-ITEM trigger on HELP_BUTTON item in QMS$TRANS_ERRORS data block...
   No compilation errors.

Compiling WHEN-NEW-ITEM-INSTANCE trigger on OK_BUTTON_MODAL item in QMS$TRANS_ERRORS data block...
   No compilation errors.

Compiling WHEN-BUTTON-PRESSED trigger on OK_BUTTON_MODAL item in QMS$TRANS_ERRORS data block...
   No compilation errors.

Compiling KEY-PREV-ITEM trigger on OK_BUTTON_MODAL item in QMS$TRANS_ERRORS data block...
   No compilation errors.

Compiling WHEN-LIST-CHANGED trigger on MESSAGES_MODAL item in QMS$TRANS_ERRORS data block...
   No compilation errors.

Compiling WHEN-NEW-ITEM-INSTANCE trigger on HELP_BUTTON_MODAL item in QMS$TRANS_ERRORS data block...
   No compilation errors.

Compiling WHEN-BUTTON-PRESSED trigger on HELP_BUTTON_MODAL item in QMS$TRANS_ERRORS data block...
   No compilation errors.

Compiling KEY-NEXT-ITEM trigger on HELP_BUTTON_MODAL item in QMS$TRANS_ERRORS data block...
   No compilation errors.

Compiling WHEN-NEW-ITEM-INSTANCE trigger on RETURN_TO_BLOCK item in QMS$TRANS_ERRORS data block...
   No compilation errors.

Compiling WHEN-RADIO-CHANGED trigger on CALENDAR data block...
   No compilation errors.

Compiling KEY-OTHERS trigger on CALENDAR data block...
   No compilation errors.

Compiling KEY-NEXT-ITEM trigger on CALENDAR data block...
   No compilation errors.

Compiling KEY-PREV-ITEM trigger on CALENDAR data block...
   No compilation errors.

Compiling KEY-ENTER trigger on CALENDAR data block...
   No compilation errors.

Compiling WHEN-BUTTON-PRESSED trigger on CALENDAR data block...
   No compilation errors.

Compiling WHEN-LIST-CHANGED trigger on CALENDAR data block...
   No compilation errors.

Compiling WHEN-MOUSE-CLICK trigger on CALENDAR data block...
   No compilation errors.

Compiling KEY-DOWN trigger on CALENDAR data block...
   No compilation errors.

Compiling KEY-UP trigger on CALENDAR data block...
   No compilation errors.

Compiling KEY-NXTREC trigger on CALENDAR data block...
   No compilation errors.

Compiling KEY-PRVREC trigger on CALENDAR data block...
   No compilation errors.

Compiling WHEN-MOUSE-DOUBLECLICK trigger on CALENDAR data block...
   No compilation errors.

Compiling WHEN-NEW-ITEM-INSTANCE trigger on HOUR item in CALENDAR data block...
   No compilation errors.

Compiling WHEN-NEW-ITEM-INSTANCE trigger on MINUTE item in CALENDAR data block...
   No compilation errors.

Compiling WHEN-NEW-ITEM-INSTANCE trigger on OK item in CALENDAR data block...
   No compilation errors.

Compiling WHEN-BUTTON-PRESSED trigger on OK item in CALENDAR data block...
   No compilation errors.

Compiling KEY-PREV-ITEM trigger on OK item in CALENDAR data block...
   No compilation errors.

Compiling WHEN-NEW-ITEM-INSTANCE trigger on CANCEL item in CALENDAR data block...
   No compilation errors.

Compiling WHEN-BUTTON-PRESSED trigger on CANCEL item in CALENDAR data block...
   No compilation errors.

Compiling KEY-NEXT-ITEM trigger on MONTH_AND_YEAR item in CALENDAR data block...
   No compilation errors.

Compiling WHEN-MOUSE-CLICK trigger on PREV_MONTH item in CALENDAR data block...
   No compilation errors.

Compiling WHEN-MOUSE-CLICK trigger on NEXT_MONTH item in CALENDAR data block...
   No compilation errors.

Compiling WHEN-MOUSE-CLICK trigger on NEXT_YEAR item in CALENDAR data block...
   No compilation errors.

Compiling WHEN-MOUSE-CLICK trigger on PREV_YEAR item in CALENDAR data block...
   No compilation errors.

Compiling WHEN-NEW-ITEM-INSTANCE trigger on AM_PM item in CALENDAR data block...
   No compilation errors.

Compiling WHEN-BUTTON-PRESSED trigger on QMS$TOOLBAR data block...
   No compilation errors.

Compiling WHEN-LIST-CHANGED trigger on ORDER_BY item in QMS$TOOLBAR data block...
   No compilation errors.

Compiling ON-LOCK trigger on INGPRC data block...
   No compilation errors.

Compiling POST-INSERT trigger on INGPRC data block...
   No compilation errors.

Compiling POST-QUERY trigger on INGPRC data block...
   No compilation errors.

Compiling PRE-BLOCK trigger on INGPRC data block...
   No compilation errors.

Compiling PRE-QUERY trigger on INGPRC data block...
   No compilation errors.

Compiling WHEN-DATABASE-RECORD trigger on INGPRC data block...
   No compilation errors.

Compiling WHEN-NEW-BLOCK-INSTANCE trigger on INGPRC data block...
   No compilation errors.

Compiling WHEN-NEW-RECORD-INSTANCE trigger on INGPRC data block...
   No compilation errors.

Compiling WHEN-REMOVE-RECORD trigger on INGPRC data block...
   No compilation errors.

Compiling POST-SELECT trigger on INGPRC data block...
   No compilation errors.

Compiling ON-ERROR trigger on INGPRC data block...
   No compilation errors.

Compiling WHEN-NEW-ITEM-INSTANCE trigger on ACTUAL item in INGPRC data block...
   No compilation errors.

Compiling KEY-PREV-ITEM trigger on ACTUAL item in INGPRC data block...
   No compilation errors.

Compiling WHEN-NEW-ITEM-INSTANCE trigger on SLCCMP_FECHA2 item in INGPRC data block...
   No compilation errors.

Compiling KEY-LISTVAL trigger on SLCCMP_FECHA2 item in INGPRC data block...
   No compilation errors.

Compiling WHEN-NEW-ITEM-INSTANCE trigger on TIPO item in INGPRC data block...
   No compilation errors.

Compiling WHEN-NEW-ITEM-INSTANCE trigger on SBS_SCC_CODIGO item in INGPRC data block...
   No compilation errors.

Compiling WHEN-NEW-ITEM-INSTANCE trigger on SBS_CODIGO item in INGPRC data block...
   No compilation errors.

Compiling WHEN-NEW-ITEM-INSTANCE trigger on CODIGO item in INGPRC data block...
   No compilation errors.

Compiling WHEN-NEW-ITEM-INSTANCE trigger on NUMERO item in INGPRC data block...
   No compilation errors.

Compiling WHEN-NEW-ITEM-INSTANCE trigger on DESCRIPCION item in INGPRC data block...
   No compilation errors.

Compiling WHEN-NEW-ITEM-INSTANCE trigger on UNIDAD item in INGPRC data block...
   No compilation errors.

Compiling WHEN-NEW-ITEM-INSTANCE trigger on OBSERVACION item in INGPRC data block...
   No compilation errors.

Compiling WHEN-NEW-ITEM-INSTANCE trigger on CANTIDAD item in INGPRC data block...
   No compilation errors.

Compiling WHEN-NEW-ITEM-INSTANCE trigger on PRECIO_REPOSICION item in INGPRC data block...
   No compilation errors.

Compiling WHEN-NEW-ITEM-INSTANCE trigger on DTLSLC_ESTADO2 item in INGPRC data block...
   No compilation errors.

Compiling WHEN-NEW-ITEM-INSTANCE trigger on DTLSLC_ORDEN_NUMERO2 item in INGPRC data block...
   No compilation errors.

Compiling KEY-NEXT-ITEM trigger on DTLSLC_ORDEN_NUMERO2 item in INGPRC data block...
   No compilation errors.

Compiling WHEN-NEW-ITEM-INSTANCE trigger on PRS_APELLIDOS2 item in INGPRC data block...
   No compilation errors.

Compiling WHEN-NEW-ITEM-INSTANCE trigger on PRS_NOMBRES2 item in INGPRC data block...
   No compilation errors.

Compiling ON-LOCK trigger on ITM_PRV data block...
   No compilation errors.

Compiling POST-INSERT trigger on ITM_PRV data block...
   No compilation errors.

Compiling POST-QUERY trigger on ITM_PRV data block...
   No compilation errors.

Compiling PRE-BLOCK trigger on ITM_PRV data block...
   No compilation errors.

Compiling PRE-QUERY trigger on ITM_PRV data block...
   No compilation errors.

Compiling WHEN-DATABASE-RECORD trigger on ITM_PRV data block...
   No compilation errors.

Compiling WHEN-NEW-BLOCK-INSTANCE trigger on ITM_PRV data block...
   No compilation errors.

Compiling WHEN-NEW-RECORD-INSTANCE trigger on ITM_PRV data block...
   No compilation errors.

Compiling WHEN-REMOVE-RECORD trigger on ITM_PRV data block...
   No compilation errors.

Compiling POST-SELECT trigger on ITM_PRV data block...
   No compilation errors.

Compiling ON-ERROR trigger on ITM_PRV data block...
   No compilation errors.

Compiling WHEN-NEW-ITEM-INSTANCE trigger on PRECIO item in ITM_PRV data block...
   No compilation errors.

Compiling KEY-PREV-ITEM trigger on PRECIO item in ITM_PRV data block...
   No compilation errors.

Compiling WHEN-NEW-ITEM-INSTANCE trigger on L_PRD_NOMBRE item in ITM_PRV data block...
   No compilation errors.

Compiling WHEN-NEW-ITEM-INSTANCE trigger on L_PRD_REPRESENTANTE item in ITM_PRV data block...
   No compilation errors.

Compiling KEY-NEXT-ITEM trigger on L_PRD_REPRESENTANTE item in ITM_PRV data block...
   No compilation errors.

Compiling WHEN-NEW-ITEM-INSTANCE trigger on L_PRD_TELEFONO item in ITM_PRV data block...
   No compilation errors.

Compiling WHEN-NEW-ITEM-INSTANCE trigger on L_PRD_CIUDAD item in ITM_PRV data block...
   No compilation errors.

Compiling WHEN-NEW-ITEM-INSTANCE trigger on L_PRD_FAX item in ITM_PRV data block...
   No compilation errors.

Compiling WHEN-NEW-ITEM-INSTANCE trigger on PRD_CODIGO item in ITM_PRV data block...
   No compilation errors.

Compiling WHEN-NEW-ITEM-INSTANCE trigger on ITM_SBS_SCC_CODIGO item in ITM_PRV data block...
   No compilation errors.

Compiling WHEN-NEW-ITEM-INSTANCE trigger on ITM_TIPO item in ITM_PRV data block...
   No compilation errors.

Compiling WHEN-NEW-ITEM-INSTANCE trigger on ITM_SBS_CODIGO item in ITM_PRV data block...
   No compilation errors.

Compiling WHEN-NEW-ITEM-INSTANCE trigger on ITM_CODIGO item in ITM_PRV data block...
   No compilation errors.

Compiling ON-LOCK trigger on ITMPRC data block...
   No compilation errors.

Compiling POST-INSERT trigger on ITMPRC data block...
   No compilation errors.

Compiling POST-QUERY trigger on ITMPRC data block...
   No compilation errors.

Compiling PRE-BLOCK trigger on ITMPRC data block...
   No compilation errors.

Compiling PRE-QUERY trigger on ITMPRC data block...
   No compilation errors.

Compiling WHEN-DATABASE-RECORD trigger on ITMPRC data block...
   No compilation errors.

Compiling WHEN-NEW-BLOCK-INSTANCE trigger on ITMPRC data block...
   No compilation errors.

Compiling WHEN-NEW-RECORD-INSTANCE trigger on ITMPRC data block...
   No compilation errors.

Compiling WHEN-REMOVE-RECORD trigger on ITMPRC data block...
   No compilation errors.

Compiling POST-SELECT trigger on ITMPRC data block...
   No compilation errors.

Compiling ON-ERROR trigger on ITMPRC data block...
   No compilation errors.

Compiling WHEN-VALIDATE-RECORD trigger on ITMPRC data block...
   No compilation errors.

Compiling PRE-RECORD trigger on ITMPRC data block...
   No compilation errors.

Compiling WHEN-NEW-ITEM-INSTANCE trigger on ITM_SBS_CODIGO item in ITMPRC data block...
   No compilation errors.

Compiling WHEN-NEW-ITEM-INSTANCE trigger on ITM_CODIGO item in ITMPRC data block...
   No compilation errors.

Compiling WHEN-NEW-ITEM-INSTANCE trigger on ITM_SBS_SCC_CODIGO item in ITMPRC data block...
   No compilation errors.

Compiling WHEN-NEW-ITEM-INSTANCE trigger on ITM_TIPO item in ITMPRC data block...
   No compilation errors.

Compiling WHEN-NEW-ITEM-INSTANCE trigger on FECHA_CREACION item in ITMPRC data block...
   No compilation errors.

Compiling KEY-LISTVAL trigger on FECHA_CREACION item in ITMPRC data block...
   No compilation errors.

Compiling WHEN-NEW-ITEM-INSTANCE trigger on DESDE_SOLICITUD2 item in ITMPRC data block...
   No compilation errors.

Compiling KEY-PREV-ITEM trigger on DESDE_SOLICITUD2 item in ITMPRC data block...
   No compilation errors.

Compiling WHEN-NEW-ITEM-INSTANCE trigger on DESDE_GRUPO_COTIZACION2 item in ITMPRC data block...
   No compilation errors.

Compiling WHEN-NEW-ITEM-INSTANCE trigger on PRD_CODIGO item in ITMPRC data block...
   No compilation errors.

Compiling WHEN-NEW-ITEM-INSTANCE trigger on L_PRD_NOMBRE2 item in ITMPRC data block...
   No compilation errors.

Compiling WHEN-NEW-ITEM-INSTANCE trigger on FECHA_DESDE item in ITMPRC data block...
   No compilation errors.

Compiling KEY-LISTVAL trigger on FECHA_DESDE item in ITMPRC data block...
   No compilation errors.

Compiling WHEN-VALIDATE-ITEM trigger on FECHA_DESDE item in ITMPRC data block...
   No compilation errors.

Compiling WHEN-NEW-ITEM-INSTANCE trigger on FECHA_HASTA item in ITMPRC data block...
   No compilation errors.

Compiling KEY-LISTVAL trigger on FECHA_HASTA item in ITMPRC data block...
   No compilation errors.

Compiling WHEN-VALIDATE-ITEM trigger on FECHA_HASTA item in ITMPRC data block...
   No compilation errors.

Compiling WHEN-NEW-ITEM-INSTANCE trigger on CANTIDAD_AUTORIZADA2 item in ITMPRC data block...
   No compilation errors.

Compiling WHEN-NEW-ITEM-INSTANCE trigger on PRECIO_COMPRA item in ITMPRC data block...
   No compilation errors.

Compiling WHEN-NEW-ITEM-INSTANCE trigger on ACUMULADA item in ITMPRC data block...
   No compilation errors.

Compiling WHEN-NEW-ITEM-INSTANCE trigger on ESTADO item in ITMPRC data block...
   No compilation errors.

Compiling WHEN-NEW-ITEM-INSTANCE trigger on OBSERVACION item in ITMPRC data block...
   No compilation errors.

Compiling KEY-NEXT-ITEM trigger on OBSERVACION item in ITMPRC data block...
   No compilation errors.

Compiling WHEN-NEW-ITEM-INSTANCE trigger on PRS_CODIGO item in ITMPRC data block...
   No compilation errors.

Compiling WHEN-NEW-ITEM-INSTANCE trigger on AUTORIZAR_COMPRAS item in ITMPRC data block...
   No compilation errors.

Compiling WHEN-NEW-ITEM-INSTANCE trigger on L_PRS_NOMBRES2 item in ITMPRC data block...
   No compilation errors.

Compiling WHEN-NEW-ITEM-INSTANCE trigger on L_PRS_APELLIDOS2 item in ITMPRC data block...
   No compilation errors.

Compiling KEY-CLRREC trigger on CG$CTRL data block...
   No compilation errors.

Compiling KEY-CREREC trigger on CG$CTRL data block...
   No compilation errors.

Compiling KEY-DOWN trigger on CG$CTRL data block...
   No compilation errors.

Compiling KEY-NXTREC trigger on CG$CTRL data block...
   No compilation errors.

Compiling KEY-SCRDOWN trigger on CG$CTRL data block...
   No compilation errors.

Compiling KEY-UP trigger on CG$CTRL data block...
   No compilation errors.

Compiling KEY-PRVREC trigger on CG$CTRL data block...
   No compilation errors.

Compiling KEY-SCRUP trigger on CG$CTRL data block...
   No compilation errors.

Compiling ON-ERROR trigger on CG$CTRL data block...
   No compilation errors.

Compiling PRE-BLOCK trigger on CG$CTRL data block...
   No compilation errors.

Compiling WHEN-NEW-BLOCK-INSTANCE trigger on CG$CTRL data block...
   No compilation errors.

Compiling WHEN-NEW-ITEM-INSTANCE trigger on CG$PAGE_1_LIST item in CG$CTRL data block...
   No compilation errors.

Compiling WHEN-NEW-ITEM-INSTANCE trigger on CG$WINDOWQMS$TRANS_ERRORS_PAGE item in CG$CTRL data block...
   No compilation errors.

Compiling WHEN-NEW-ITEM-INSTANCE trigger on CG$WINDOWITEMS_PAGE item in CG$CTRL data block...
   No compilation errors.

Compiling WHEN-NEW-ITEM-INSTANCE trigger on CG$WINDOWQMS$TRANS_ERRORS_MODA item in CG$CTRL data block...
   No compilation errors.

Compiling WHEN-NEW-ITEM-INSTANCE trigger on CG$WINDOWCALENDAR_PAGE item in CG$CTRL data block...
   No compilation errors.

Compiling WHEN-NEW-ITEM-INSTANCE trigger on CG$WINDOWQMS$HIDDEN_ITEMS_PAGE item in CG$CTRL data block...
   No compilation errors.

Compiling WHEN-NEW-ITEM-INSTANCE trigger on CG$LAST_CANVAS item in CG$CTRL data block...
   No compilation errors.


Created form file D:\sas\bin\cmp\frm\ingprcitmcmp.fmx
