Compiling procedure CG$WHEN_NEW_FORM_INSTANCE... 
   No compilation errors.

Compiling procedure CGUI$CG_CODE_CONTROLS... 
   No compilation errors.

Compiling procedure CGFK$QRY_TRNSFR_TRNSFR_PRS_SE_... 
   No compilation errors.

Compiling procedure CGFK$CHK_TRNSFR_TRNSFR_PRS_SE_... 
   No compilation errors.

Compiling procedure CGSF$CLR_TRNSFR_TRNSFR_PRS_SE_... 
   No compilation errors.

Compiling procedure CGFK$LKP_TRNSFR_TRNSFR_PRS_SE_... 
   No compilation errors.

Compiling procedure CGFK$QRY_TRNSFR_TRNSFR_PRS_FK... 
   No compilation errors.

Compiling procedure CGFK$CHK_TRNSFR_TRNSFR_PRS_FK... 
   No compilation errors.

Compiling procedure CGFK$QRY_TRNSFR_TRNSFR_DPR_INC... 
   No compilation errors.

Compiling procedure CGFK$CHK_TRNSFR_TRNSFR_DPR_INC... 
   No compilation errors.

Compiling procedure CGSF$CLR_TRNSFR_TRNSFR_DPR_INC... 
   No compilation errors.

Compiling procedure CGFK$LKP_TRNSFR_TRNSFR_DPR_INC... 
   No compilation errors.

Compiling procedure CGFK$QRY_TRNSFR_TRNSFR_DPR_FK... 
   No compilation errors.

Compiling procedure CGFK$CHK_TRNSFR_TRNSFR_DPR_FK... 
   No compilation errors.

Compiling procedure CGSF$CLR_TRNSFR_TRNSFR_DPR_FK... 
   No compilation errors.

Compiling procedure CGFK$LKP_TRNSFR_TRNSFR_DPR_FK... 
   No compilation errors.

Compiling procedure CGUI$GET_NEXT_TRN_SEQ... 
   No compilation errors.

Compiling procedure CGFK$CHK_TRNS_TRN_ITM_FK... 
   No compilation errors.

Compiling procedure CGFK$CHK_TRNS_TRNS_TRNSFR_FK... 
   No compilation errors.

Compiling procedure CGFK$QRY_TRNS_TRNS_BODEGAS_LOC... 
   No compilation errors.

Compiling procedure CGFK$CHK_TRNS_TRNS_BODEGAS_LOC... 
   No compilation errors.

Compiling procedure CGSF$CLR_TRNS_TRNS_BODEGAS_LOC... 
   No compilation errors.

Compiling procedure CGSF$CLRLU_TRNS_TRNS_BODEGAS_L... 
   No compilation errors.

Compiling procedure CGFK$LKP_TRNS_TRNS_BODEGAS_LOC... 
   No compilation errors.

Compiling function CGTE$CHECK_CONSTRAINT_VIO... 
   No compilation errors.

Compiling procedure CGNV$PREV_ITEM... 
   No compilation errors.

Compiling procedure CGBS$TOGGLE... 
   No compilation errors.

Compiling procedure FIJAR_REPORTE... 
   No compilation errors.

Compiling POST-FORM trigger on form...
   No compilation errors.

Compiling CALENDAR_WROTE_DATE trigger on form...
   No compilation errors.

Compiling KEY-EXIT trigger on form...
   No compilation errors.

Compiling POST-FORMS-COMMIT trigger on form...
   No compilation errors.

Compiling KEY-CLRFRM trigger on form...
   No compilation errors.

Compiling KEY-HELP trigger on form...
   No compilation errors.

Compiling KEY-MENU trigger on form...
   No compilation errors.

Compiling ON-ERROR trigger on form...
   No compilation errors.

Compiling ON-MESSAGE trigger on form...
   No compilation errors.

Compiling PRE-FORM trigger on form...
   No compilation errors.

Compiling QUERY_FIND trigger on form...
   No compilation errors.

Compiling QMS$MENU_ITEM trigger on form...
   No compilation errors.

Compiling WHEN-NEW-BLOCK-INSTANCE trigger on form...
   No compilation errors.

Compiling WHEN-NEW-FORM-INSTANCE trigger on form...
   No compilation errors.

Compiling WHEN-WINDOW-CLOSED trigger on form...
   No compilation errors.

Compiling WHEN-WINDOW-ACTIVATED trigger on form...
   No compilation errors.

Compiling WHEN-WINDOW-RESIZED trigger on form...
   No compilation errors.

Compiling KEY-PREV-ITEM trigger on form...
   No compilation errors.

Compiling POST-BLOCK trigger on form...
   No compilation errors.

Compiling ON-CLEAR-DETAILS trigger on form...
   No compilation errors.

Compiling ON-POPULATE-DETAILS trigger on form...
   No compilation errors.

Compiling KEY-ENTQRY trigger on form...
   No compilation errors.

Compiling KEY-EXEQRY trigger on form...
   No compilation errors.

Compiling KEY-CQUERY trigger on form...
   No compilation errors.

Compiling KEY-CLRBLK trigger on form...
   No compilation errors.

Compiling KEY-CLRREC trigger on form...
   No compilation errors.

Compiling KEY-NXTKEY trigger on form...
   No compilation errors.

Compiling POST-DATABASE-COMMIT trigger on form...
   No compilation errors.

Compiling WHEN-RADIO-CHANGED trigger on CALENDAR data block...
   No compilation errors.

Compiling KEY-OTHERS trigger on CALENDAR data block...
   No compilation errors.

Compiling KEY-NEXT-ITEM trigger on CALENDAR data block...
   No compilation errors.

Compiling KEY-PREV-ITEM trigger on CALENDAR data block...
   No compilation errors.

Compiling KEY-ENTER trigger on CALENDAR data block...
   No compilation errors.

Compiling WHEN-BUTTON-PRESSED trigger on CALENDAR data block...
   No compilation errors.

Compiling WHEN-LIST-CHANGED trigger on CALENDAR data block...
   No compilation errors.

Compiling WHEN-MOUSE-CLICK trigger on CALENDAR data block...
   No compilation errors.

Compiling KEY-DOWN trigger on CALENDAR data block...
   No compilation errors.

Compiling KEY-UP trigger on CALENDAR data block...
   No compilation errors.

Compiling KEY-NXTREC trigger on CALENDAR data block...
   No compilation errors.

Compiling KEY-PRVREC trigger on CALENDAR data block...
   No compilation errors.

Compiling WHEN-MOUSE-DOUBLECLICK trigger on CALENDAR data block...
   No compilation errors.

Compiling WHEN-NEW-ITEM-INSTANCE trigger on HOUR item in CALENDAR data block...
   No compilation errors.

Compiling WHEN-NEW-ITEM-INSTANCE trigger on MINUTE item in CALENDAR data block...
   No compilation errors.

Compiling WHEN-NEW-ITEM-INSTANCE trigger on OK item in CALENDAR data block...
   No compilation errors.

Compiling WHEN-BUTTON-PRESSED trigger on OK item in CALENDAR data block...
   No compilation errors.

Compiling WHEN-NEW-ITEM-INSTANCE trigger on CANCEL item in CALENDAR data block...
   No compilation errors.

Compiling WHEN-BUTTON-PRESSED trigger on CANCEL item in CALENDAR data block...
   No compilation errors.

Compiling WHEN-MOUSE-CLICK trigger on PREV_MONTH item in CALENDAR data block...
   No compilation errors.

Compiling WHEN-MOUSE-CLICK trigger on NEXT_MONTH item in CALENDAR data block...
   No compilation errors.

Compiling WHEN-MOUSE-CLICK trigger on NEXT_YEAR item in CALENDAR data block...
   No compilation errors.

Compiling WHEN-MOUSE-CLICK trigger on PREV_YEAR item in CALENDAR data block...
   No compilation errors.

Compiling WHEN-NEW-ITEM-INSTANCE trigger on AM_PM item in CALENDAR data block...
   No compilation errors.

Compiling WHEN-BUTTON-PRESSED trigger on QMS$TOOLBAR data block...
   No compilation errors.

Compiling WHEN-LIST-CHANGED trigger on ORDER_BY item in QMS$TOOLBAR data block...
   No compilation errors.

Compiling ON-LOCK trigger on TRNSFR data block...
   No compilation errors.

Compiling POST-INSERT trigger on TRNSFR data block...
   No compilation errors.

Compiling POST-QUERY trigger on TRNSFR data block...
   No compilation errors.

Compiling PRE-BLOCK trigger on TRNSFR data block...
   No compilation errors.

Compiling PRE-QUERY trigger on TRNSFR data block...
   No compilation errors.

Compiling WHEN-DATABASE-RECORD trigger on TRNSFR data block...
   No compilation errors.

Compiling WHEN-NEW-BLOCK-INSTANCE trigger on TRNSFR data block...
   No compilation errors.

Compiling WHEN-NEW-RECORD-INSTANCE trigger on TRNSFR data block...
   No compilation errors.

Compiling WHEN-REMOVE-RECORD trigger on TRNSFR data block...
   No compilation errors.

Compiling POST-SELECT trigger on TRNSFR data block...
   No compilation errors.

Compiling PRE-INSERT trigger on TRNSFR data block...
   No compilation errors.

Compiling ON-ERROR trigger on TRNSFR data block...
   No compilation errors.

Compiling KEY-HELP trigger on TRNSFR data block...
   No compilation errors.

Compiling PRE-RECORD trigger on TRNSFR data block...
   No compilation errors.

Compiling WHEN-CREATE-RECORD trigger on TRNSFR data block...
   No compilation errors.

Compiling WHEN-NEW-ITEM-INSTANCE trigger on NUMERO item in TRNSFR data block...
   No compilation errors.

Compiling KEY-HELP trigger on NUMERO item in TRNSFR data block...
   No compilation errors.

Compiling WHEN-NEW-ITEM-INSTANCE trigger on FECHA item in TRNSFR data block...
   No compilation errors.

Compiling KEY-LISTVAL trigger on FECHA item in TRNSFR data block...
   No compilation errors.

Compiling KEY-HELP trigger on FECHA item in TRNSFR data block...
   No compilation errors.

Compiling WHEN-NEW-ITEM-INSTANCE trigger on DPR_ARA_CODIGO item in TRNSFR data block...
   No compilation errors.

Compiling KEY-HELP trigger on DPR_ARA_CODIGO item in TRNSFR data block...
   No compilation errors.

Compiling WHEN-NEW-ITEM-INSTANCE trigger on DPR_CODIGO item in TRNSFR data block...
   No compilation errors.

Compiling KEY-HELP trigger on DPR_CODIGO item in TRNSFR data block...
   No compilation errors.

Compiling WHEN-NEW-ITEM-INSTANCE trigger on DPR_FUENTE_NOMBRE item in TRNSFR data block...
   No compilation errors.

Compiling WHEN-VALIDATE-ITEM trigger on DPR_FUENTE_NOMBRE item in TRNSFR data block...
   No compilation errors.

Compiling KEY-LISTVAL trigger on DPR_FUENTE_NOMBRE item in TRNSFR data block...
   No compilation errors.

Compiling KEY-HELP trigger on DPR_FUENTE_NOMBRE item in TRNSFR data block...
   No compilation errors.

Compiling WHEN-NEW-ITEM-INSTANCE trigger on DPR_ARA_CODIGO_INCREMENTAN item in TRNSFR data block...
   No compilation errors.

Compiling KEY-HELP trigger on DPR_ARA_CODIGO_INCREMENTAN item in TRNSFR data block...
   No compilation errors.

Compiling WHEN-NEW-ITEM-INSTANCE trigger on DPR_CODIGO_INCREMENTAN item in TRNSFR data block...
   No compilation errors.

Compiling KEY-HELP trigger on DPR_CODIGO_INCREMENTAN item in TRNSFR data block...
   No compilation errors.

Compiling WHEN-NEW-ITEM-INSTANCE trigger on DPR_DESTINO_NOMBRE item in TRNSFR data block...
   No compilation errors.

Compiling WHEN-VALIDATE-ITEM trigger on DPR_DESTINO_NOMBRE item in TRNSFR data block...
   No compilation errors.

Compiling KEY-LISTVAL trigger on DPR_DESTINO_NOMBRE item in TRNSFR data block...
   No compilation errors.

Compiling KEY-HELP trigger on DPR_DESTINO_NOMBRE item in TRNSFR data block...
   No compilation errors.

Compiling WHEN-NEW-ITEM-INSTANCE trigger on PRS_CODIGO item in TRNSFR data block...
   No compilation errors.

Compiling KEY-HELP trigger on PRS_CODIGO item in TRNSFR data block...
   No compilation errors.

Compiling WHEN-NEW-ITEM-INSTANCE trigger on L_PRS_NOMBRES item in TRNSFR data block...
   No compilation errors.

Compiling KEY-HELP trigger on L_PRS_NOMBRES item in TRNSFR data block...
   No compilation errors.

Compiling WHEN-NEW-ITEM-INSTANCE trigger on L_PRS_APELLIDOS item in TRNSFR data block...
   No compilation errors.

Compiling KEY-HELP trigger on L_PRS_APELLIDOS item in TRNSFR data block...
   No compilation errors.

Compiling WHEN-NEW-ITEM-INSTANCE trigger on PRS_CODIGO_SE_ENTREGA item in TRNSFR data block...
   No compilation errors.

Compiling KEY-HELP trigger on PRS_CODIGO_SE_ENTREGA item in TRNSFR data block...
   No compilation errors.

Compiling WHEN-NEW-ITEM-INSTANCE trigger on L_PRS_NOMBRES2 item in TRNSFR data block...
   No compilation errors.

Compiling WHEN-VALIDATE-ITEM trigger on L_PRS_NOMBRES2 item in TRNSFR data block...
   No compilation errors.

Compiling KEY-LISTVAL trigger on L_PRS_NOMBRES2 item in TRNSFR data block...
   No compilation errors.

Compiling KEY-HELP trigger on L_PRS_NOMBRES2 item in TRNSFR data block...
   No compilation errors.

Compiling WHEN-NEW-ITEM-INSTANCE trigger on L_PRS_APELLIDOS2 item in TRNSFR data block...
   No compilation errors.

Compiling WHEN-VALIDATE-ITEM trigger on L_PRS_APELLIDOS2 item in TRNSFR data block...
   No compilation errors.

Compiling KEY-LISTVAL trigger on L_PRS_APELLIDOS2 item in TRNSFR data block...
   No compilation errors.

Compiling KEY-HELP trigger on L_PRS_APELLIDOS2 item in TRNSFR data block...
   No compilation errors.

Compiling WHEN-NEW-ITEM-INSTANCE trigger on OBSERVACIONES item in TRNSFR data block...
   No compilation errors.

Compiling KEY-HELP trigger on OBSERVACIONES item in TRNSFR data block...
   No compilation errors.

Compiling WHEN-NEW-ITEM-INSTANCE trigger on TIPO item in TRNSFR data block...
   No compilation errors.

Compiling KEY-HELP trigger on TIPO item in TRNSFR data block...
   No compilation errors.

Compiling ON-LOCK trigger on TRNS data block...
   No compilation errors.

Compiling POST-INSERT trigger on TRNS data block...
   No compilation errors.

Compiling POST-QUERY trigger on TRNS data block...
   No compilation errors.

Compiling PRE-BLOCK trigger on TRNS data block...
   No compilation errors.

Compiling PRE-QUERY trigger on TRNS data block...
   No compilation errors.

Compiling WHEN-DATABASE-RECORD trigger on TRNS data block...
   No compilation errors.

Compiling WHEN-NEW-BLOCK-INSTANCE trigger on TRNS data block...
   No compilation errors.

Compiling WHEN-NEW-RECORD-INSTANCE trigger on TRNS data block...
   No compilation errors.

Compiling WHEN-REMOVE-RECORD trigger on TRNS data block...
   No compilation errors.

Compiling POST-SELECT trigger on TRNS data block...
   No compilation errors.

Compiling PRE-INSERT trigger on TRNS data block...
   No compilation errors.

Compiling KEY-DUPREC trigger on TRNS data block...
   No compilation errors.

Compiling ON-ERROR trigger on TRNS data block...
   No compilation errors.

Compiling KEY-HELP trigger on TRNS data block...
   No compilation errors.

Compiling POST-BLOCK trigger on TRNS data block...
   No compilation errors.

Compiling WHEN-CREATE-RECORD trigger on TRNS data block...
   No compilation errors.

Compiling WHEN-NEW-ITEM-INSTANCE trigger on CUENTA item in TRNS data block...
   No compilation errors.

Compiling WHEN-NEW-ITEM-INSTANCE trigger on TRNSFR_TIPO item in TRNS data block...
   No compilation errors.

Compiling KEY-HELP trigger on TRNSFR_TIPO item in TRNS data block...
   No compilation errors.

Compiling WHEN-NEW-ITEM-INSTANCE trigger on INGBDG_NUMERO item in TRNS data block...
   No compilation errors.

Compiling KEY-HELP trigger on INGBDG_NUMERO item in TRNS data block...
   No compilation errors.

Compiling WHEN-NEW-ITEM-INSTANCE trigger on ITM_TIPO item in TRNS data block...
   No compilation errors.

Compiling KEY-HELP trigger on ITM_TIPO item in TRNS data block...
   No compilation errors.

Compiling WHEN-NEW-ITEM-INSTANCE trigger on ITM_SBS_SCC_CODIGO item in TRNS data block...
   No compilation errors.

Compiling KEY-HELP trigger on ITM_SBS_SCC_CODIGO item in TRNS data block...
   No compilation errors.

Compiling WHEN-NEW-ITEM-INSTANCE trigger on ITM_SBS_CODIGO item in TRNS data block...
   No compilation errors.

Compiling KEY-HELP trigger on ITM_SBS_CODIGO item in TRNS data block...
   No compilation errors.

Compiling WHEN-NEW-ITEM-INSTANCE trigger on ITM_CODIGO item in TRNS data block...
   No compilation errors.

Compiling KEY-HELP trigger on ITM_CODIGO item in TRNS data block...
   No compilation errors.

Compiling WHEN-NEW-ITEM-INSTANCE trigger on L_BDCL_ITM_DESCRIPCION item in TRNS data block...
   No compilation errors.

Compiling WHEN-VALIDATE-ITEM trigger on L_BDCL_ITM_DESCRIPCION item in TRNS data block...
   No compilation errors.

Compiling KEY-LISTVAL trigger on L_BDCL_ITM_DESCRIPCION item in TRNS data block...
   No compilation errors.

Compiling KEY-HELP trigger on L_BDCL_ITM_DESCRIPCION item in TRNS data block...
   No compilation errors.

Compiling WHEN-NEW-ITEM-INSTANCE trigger on L_BDLC_ITM_UNIDAD item in TRNS data block...
   No compilation errors.

Compiling WHEN-VALIDATE-ITEM trigger on L_BDLC_ITM_UNIDAD item in TRNS data block...
   No compilation errors.

Compiling KEY-LISTVAL trigger on L_BDLC_ITM_UNIDAD item in TRNS data block...
   No compilation errors.

Compiling KEY-HELP trigger on L_BDLC_ITM_UNIDAD item in TRNS data block...
   No compilation errors.

Compiling WHEN-NEW-ITEM-INSTANCE trigger on L_BDLC_ITM_PRECIO_DE_VENTA item in TRNS data block...
   No compilation errors.

Compiling KEY-HELP trigger on L_BDLC_ITM_PRECIO_DE_VENTA item in TRNS data block...
   No compilation errors.

Compiling WHEN-NEW-ITEM-INSTANCE trigger on STOCK_ANTERIOR item in TRNS data block...
   No compilation errors.

Compiling KEY-HELP trigger on STOCK_ANTERIOR item in TRNS data block...
   No compilation errors.

Compiling WHEN-NEW-ITEM-INSTANCE trigger on CANTIDAD item in TRNS data block...
   No compilation errors.

Compiling KEY-HELP trigger on CANTIDAD item in TRNS data block...
   No compilation errors.

Compiling WHEN-VALIDATE-ITEM trigger on CANTIDAD item in TRNS data block...
   No compilation errors.

Compiling WHEN-NEW-ITEM-INSTANCE trigger on DPR_CODIGO item in TRNS data block...
   No compilation errors.

Compiling KEY-HELP trigger on DPR_CODIGO item in TRNS data block...
   No compilation errors.

Compiling WHEN-NEW-ITEM-INSTANCE trigger on TRN_ID item in TRNS data block...
   No compilation errors.

Compiling KEY-HELP trigger on TRN_ID item in TRNS data block...
   No compilation errors.

Compiling WHEN-NEW-ITEM-INSTANCE trigger on DPR_ARA_CODIGO item in TRNS data block...
   No compilation errors.

Compiling KEY-HELP trigger on DPR_ARA_CODIGO item in TRNS data block...
   No compilation errors.

Compiling WHEN-NEW-ITEM-INSTANCE trigger on ESTADO item in TRNS data block...
   No compilation errors.

Compiling KEY-HELP trigger on ESTADO item in TRNS data block...
   No compilation errors.

Compiling WHEN-NEW-ITEM-INSTANCE trigger on SENTIDO item in TRNS data block...
   No compilation errors.

Compiling POST-CHANGE trigger on SENTIDO item in TRNS data block...
   No compilation errors.

Compiling KEY-HELP trigger on SENTIDO item in TRNS data block...
   No compilation errors.

Compiling WHEN-NEW-ITEM-INSTANCE trigger on MEAN_SENTIDO item in TRNS data block...
   No compilation errors.

Compiling KEY-CLRREC trigger on CG$CTRL data block...
   No compilation errors.

Compiling KEY-CREREC trigger on CG$CTRL data block...
   No compilation errors.

Compiling KEY-DOWN trigger on CG$CTRL data block...
   No compilation errors.

Compiling KEY-NXTREC trigger on CG$CTRL data block...
   No compilation errors.

Compiling KEY-SCRDOWN trigger on CG$CTRL data block...
   No compilation errors.

Compiling KEY-UP trigger on CG$CTRL data block...
   No compilation errors.

Compiling KEY-PRVREC trigger on CG$CTRL data block...
   No compilation errors.

Compiling KEY-SCRUP trigger on CG$CTRL data block...
   No compilation errors.

Compiling ON-ERROR trigger on CG$CTRL data block...
   No compilation errors.

Compiling PRE-BLOCK trigger on CG$CTRL data block...
   No compilation errors.

Compiling WHEN-NEW-BLOCK-INSTANCE trigger on CG$CTRL data block...
   No compilation errors.


Created form file e:\sas\bin\rdp\frm\invrlztrnsbbsbb.fmx
