Compiling package specification CG$ROLADMPRMFRM_GLOBALS... 
   No compilation errors.

Compiling procedure CGDV$POPULATE_DYNAMIC_LISTS... 
   No compilation errors.

Compiling procedure CGUV$CHK_PRMROL_PK... 
   No compilation errors.

Compiling procedure CGUV$CHK_PRMROL_UK_SECUENCIA... 
   No compilation errors.

Compiling procedure CGUV$CHK_PRMROL_UK... 
   No compilation errors.

Compiling procedure CGFK$QRY_PRMFRM_PRMFRM_FRMROL_... 
   No compilation errors.

Compiling procedure CGSF$CLR_PRMFRM_PRMFRM_FRMROL_... 
   No compilation errors.

Compiling procedure CGFK$LKP_PRMFRM_PRMFRM_FRMROL_... 
   No compilation errors.

Compiling procedure CGUV$CHK_PRMFRM_PK... 
   No compilation errors.

Compiling procedure CGUV$CHK_FRMROL_PK... 
   No compilation errors.

Compiling procedure CGUV$CHK_GRPDTL_PK... 
   No compilation errors.

Compiling procedure CGSF$CLR_DTLFRM_DTLFRM_PRMROL_... 
   No compilation errors.

Compiling procedure CGFK$QRY_DTLFRM_DTLFRM_PRMROL_... 
   No compilation errors.

Compiling procedure CGUV$CHK_DTLFRM_PK... 
   No compilation errors.

Compiling procedure CGUV$CHK_DTLFRM_UK... 
   No compilation errors.

Compiling procedure CGSP$DERIVE_DTLFRM_NUMERO... 
   No compilation errors.

Compiling procedure CGSF$CLR_PRMESP_PRMESP_PRMROL_... 
   No compilation errors.

Compiling procedure CGFK$QRY_PRMESP_PRMESP_PRMROL_... 
   No compilation errors.

Compiling procedure CGUV$CHK_PRMESP_PK... 
   No compilation errors.

Compiling procedure CGFK$QRY_DTSINT_DTOINT_PRMROL_... 
   No compilation errors.

Compiling procedure CGSF$CLR_DTSINT_DTOINT_PRMROL_... 
   No compilation errors.

Compiling procedure CGUV$CHK_DTOINT_PK... 
   No compilation errors.

Compiling procedure CGRI$CHK_PARAMETROS_ROLES... 
   No compilation errors.

Compiling procedure CGRI$CHK_FORMULAS_ROLES... 
   No compilation errors.

Compiling procedure CGRI$CHK_GRUPOS_DETALLES... 
   No compilation errors.

Compiling procedure CGRI$CHK_PARAMETROS_ESPECIALES... 
   No compilation errors.

Compiling function CGTE$CHECK_CONSTRAINT_VIO... 
   No compilation errors.

Compiling procedure CGTE$PRMROL_ERRORS... 
   No compilation errors.

Compiling procedure CGTE$PRMFRM_ERRORS... 
   No compilation errors.

Compiling procedure CGTE$FRMROL_ERRORS... 
   No compilation errors.

Compiling procedure CGTE$GRPDTL_ERRORS... 
   No compilation errors.

Compiling procedure CGTE$DTLFRM_ERRORS... 
   No compilation errors.

Compiling procedure CGTE$PRMESP_ERRORS... 
   No compilation errors.

Compiling procedure CGTE$DTSINT_ERRORS... 
   No compilation errors.

Compiling procedure CGLY$DISPLAY_CANVASES... 
   No compilation errors.

Compiling procedure CGLY$GET_RELATED_CANVASES... 
   No compilation errors.

Compiling procedure CGLY$CANVAS_MANAGEMENT... 
   No compilation errors.

Compiling procedure CGBS$TOGGLE... 
   No compilation errors.

Compiling procedure CONFORMAR_DETALLE_FORMULA... 
   No compilation errors.

Compiling procedure MOSTRAR_VENTANA... 
   No compilation errors.

Compiling PRE-COMMIT trigger on form...
   No compilation errors.

Compiling QMS$CUSTOM_HELP trigger on form...
   No compilation errors.

Compiling POST-FORM trigger on form...
   No compilation errors.

Compiling CALENDAR_WROTE_DATE trigger on form...
   No compilation errors.

Compiling KEY-EXIT trigger on form...
   No compilation errors.

Compiling POST-FORMS-COMMIT trigger on form...
   No compilation errors.

Compiling KEY-CLRFRM trigger on form...
   No compilation errors.

Compiling KEY-HELP trigger on form...
   No compilation errors.

Compiling KEY-MENU trigger on form...
   No compilation errors.

Compiling ON-ERROR trigger on form...
   No compilation errors.

Compiling ON-MESSAGE trigger on form...
   No compilation errors.

Compiling PRE-FORM trigger on form...
   No compilation errors.

Compiling QUERY_FIND trigger on form...
   No compilation errors.

Compiling QMS$MENU_ITEM trigger on form...
   No compilation errors.

Compiling WHEN-NEW-BLOCK-INSTANCE trigger on form...
   No compilation errors.

Compiling WHEN-NEW-FORM-INSTANCE trigger on form...
   No compilation errors.

Compiling WHEN-WINDOW-CLOSED trigger on form...
   No compilation errors.

Compiling WHEN-WINDOW-ACTIVATED trigger on form...
   No compilation errors.

Compiling WHEN-WINDOW-RESIZED trigger on form...
   No compilation errors.

Compiling WHEN-TAB-PAGE-CHANGED trigger on form...
   No compilation errors.

Compiling POST-TEXT-ITEM trigger on form...
   No compilation errors.

Compiling WHEN-FORM-NAVIGATE trigger on form...
   No compilation errors.

Compiling ON-CLEAR-DETAILS trigger on form...
   No compilation errors.

Compiling ON-POPULATE-DETAILS trigger on form...
   No compilation errors.

Compiling KEY-ENTQRY trigger on form...
   No compilation errors.

Compiling KEY-EXEQRY trigger on form...
   No compilation errors.

Compiling KEY-CQUERY trigger on form...
   No compilation errors.

Compiling KEY-CLRBLK trigger on form...
   No compilation errors.

Compiling KEY-CLRREC trigger on form...
   No compilation errors.

Compiling KEY-NXTKEY trigger on form...
   No compilation errors.

Compiling KEY-CLRREC trigger on QMS$TRANS_ERRORS data block...
   No compilation errors.

Compiling KEY-CREREC trigger on QMS$TRANS_ERRORS data block...
   No compilation errors.

Compiling KEY-DOWN trigger on QMS$TRANS_ERRORS data block...
   No compilation errors.

Compiling KEY-NXTREC trigger on QMS$TRANS_ERRORS data block...
   No compilation errors.

Compiling KEY-SCRDOWN trigger on QMS$TRANS_ERRORS data block...
   No compilation errors.

Compiling KEY-UP trigger on QMS$TRANS_ERRORS data block...
   No compilation errors.

Compiling KEY-PRVREC trigger on QMS$TRANS_ERRORS data block...
   No compilation errors.

Compiling KEY-SCRUP trigger on QMS$TRANS_ERRORS data block...
   No compilation errors.

Compiling ON-ERROR trigger on QMS$TRANS_ERRORS data block...
   No compilation errors.

Compiling PRE-BLOCK trigger on QMS$TRANS_ERRORS data block...
   No compilation errors.

Compiling WHEN-NEW-BLOCK-INSTANCE trigger on QMS$TRANS_ERRORS data block...
   No compilation errors.

Compiling ON-LOCK trigger on QMS$TRANS_ERRORS data block...
   No compilation errors.

Compiling WHEN-VALIDATE-RECORD trigger on QMS$TRANS_ERRORS data block...
   No compilation errors.

Compiling WHEN-BUTTON-PRESSED trigger on QMS$TRANS_ERRORS data block...
   No compilation errors.

Compiling WHEN-LIST-ACTIVATED trigger on QMS$TRANS_ERRORS data block...
   No compilation errors.

Compiling WHEN-NEW-ITEM-INSTANCE trigger on OK_BUTTON item in QMS$TRANS_ERRORS data block...
   No compilation errors.

Compiling WHEN-BUTTON-PRESSED trigger on OK_BUTTON item in QMS$TRANS_ERRORS data block...
   No compilation errors.

Compiling KEY-PREV-ITEM trigger on OK_BUTTON item in QMS$TRANS_ERRORS data block...
   No compilation errors.

Compiling WHEN-LIST-CHANGED trigger on MESSAGES item in QMS$TRANS_ERRORS data block...
   No compilation errors.

Compiling WHEN-NEW-ITEM-INSTANCE trigger on HELP_BUTTON item in QMS$TRANS_ERRORS data block...
   No compilation errors.

Compiling WHEN-BUTTON-PRESSED trigger on HELP_BUTTON item in QMS$TRANS_ERRORS data block...
   No compilation errors.

Compiling KEY-NEXT-ITEM trigger on HELP_BUTTON item in QMS$TRANS_ERRORS data block...
   No compilation errors.

Compiling WHEN-NEW-ITEM-INSTANCE trigger on OK_BUTTON_MODAL item in QMS$TRANS_ERRORS data block...
   No compilation errors.

Compiling WHEN-BUTTON-PRESSED trigger on OK_BUTTON_MODAL item in QMS$TRANS_ERRORS data block...
   No compilation errors.

Compiling KEY-PREV-ITEM trigger on OK_BUTTON_MODAL item in QMS$TRANS_ERRORS data block...
   No compilation errors.

Compiling WHEN-LIST-CHANGED trigger on MESSAGES_MODAL item in QMS$TRANS_ERRORS data block...
   No compilation errors.

Compiling WHEN-NEW-ITEM-INSTANCE trigger on HELP_BUTTON_MODAL item in QMS$TRANS_ERRORS data block...
   No compilation errors.

Compiling WHEN-BUTTON-PRESSED trigger on HELP_BUTTON_MODAL item in QMS$TRANS_ERRORS data block...
   No compilation errors.

Compiling KEY-NEXT-ITEM trigger on HELP_BUTTON_MODAL item in QMS$TRANS_ERRORS data block...
   No compilation errors.

Compiling WHEN-NEW-ITEM-INSTANCE trigger on RETURN_TO_BLOCK item in QMS$TRANS_ERRORS data block...
   No compilation errors.

Compiling WHEN-RADIO-CHANGED trigger on CALENDAR data block...
   No compilation errors.

Compiling KEY-OTHERS trigger on CALENDAR data block...
   No compilation errors.

Compiling KEY-NEXT-ITEM trigger on CALENDAR data block...
   No compilation errors.

Compiling KEY-PREV-ITEM trigger on CALENDAR data block...
   No compilation errors.

Compiling KEY-ENTER trigger on CALENDAR data block...
   No compilation errors.

Compiling WHEN-BUTTON-PRESSED trigger on CALENDAR data block...
   No compilation errors.

Compiling WHEN-LIST-CHANGED trigger on CALENDAR data block...
   No compilation errors.

Compiling WHEN-MOUSE-CLICK trigger on CALENDAR data block...
   No compilation errors.

Compiling KEY-DOWN trigger on CALENDAR data block...
   No compilation errors.

Compiling KEY-UP trigger on CALENDAR data block...
   No compilation errors.

Compiling KEY-NXTREC trigger on CALENDAR data block...
   No compilation errors.

Compiling KEY-PRVREC trigger on CALENDAR data block...
   No compilation errors.

Compiling WHEN-MOUSE-DOUBLECLICK trigger on CALENDAR data block...
   No compilation errors.

Compiling WHEN-NEW-ITEM-INSTANCE trigger on HOUR item in CALENDAR data block...
   No compilation errors.

Compiling WHEN-NEW-ITEM-INSTANCE trigger on MINUTE item in CALENDAR data block...
   No compilation errors.

Compiling WHEN-NEW-ITEM-INSTANCE trigger on OK item in CALENDAR data block...
   No compilation errors.

Compiling WHEN-BUTTON-PRESSED trigger on OK item in CALENDAR data block...
   No compilation errors.

Compiling KEY-PREV-ITEM trigger on OK item in CALENDAR data block...
   No compilation errors.

Compiling WHEN-NEW-ITEM-INSTANCE trigger on CANCEL item in CALENDAR data block...
   No compilation errors.

Compiling WHEN-BUTTON-PRESSED trigger on CANCEL item in CALENDAR data block...
   No compilation errors.

Compiling KEY-NEXT-ITEM trigger on MONTH_AND_YEAR item in CALENDAR data block...
   No compilation errors.

Compiling WHEN-MOUSE-CLICK trigger on PREV_MONTH item in CALENDAR data block...
   No compilation errors.

Compiling WHEN-MOUSE-CLICK trigger on NEXT_MONTH item in CALENDAR data block...
   No compilation errors.

Compiling WHEN-MOUSE-CLICK trigger on NEXT_YEAR item in CALENDAR data block...
   No compilation errors.

Compiling WHEN-MOUSE-CLICK trigger on PREV_YEAR item in CALENDAR data block...
   No compilation errors.

Compiling WHEN-NEW-ITEM-INSTANCE trigger on AM_PM item in CALENDAR data block...
   No compilation errors.

Compiling WHEN-BUTTON-PRESSED trigger on QMS$TOOLBAR data block...
   No compilation errors.

Compiling WHEN-LIST-CHANGED trigger on ORDER_BY item in QMS$TOOLBAR data block...
   No compilation errors.

Compiling ON-LOCK trigger on PRMROL data block...
   No compilation errors.

Compiling POST-INSERT trigger on PRMROL data block...
   No compilation errors.

Compiling POST-QUERY trigger on PRMROL data block...
   No compilation errors.

Compiling PRE-BLOCK trigger on PRMROL data block...
   No compilation errors.

Compiling PRE-QUERY trigger on PRMROL data block...
   No compilation errors.

Compiling WHEN-DATABASE-RECORD trigger on PRMROL data block...
   No compilation errors.

Compiling WHEN-NEW-BLOCK-INSTANCE trigger on PRMROL data block...
   No compilation errors.

Compiling WHEN-NEW-RECORD-INSTANCE trigger on PRMROL data block...
   No compilation errors.

Compiling WHEN-REMOVE-RECORD trigger on PRMROL data block...
   No compilation errors.

Compiling POST-SELECT trigger on PRMROL data block...
   No compilation errors.

Compiling KEY-DELREC trigger on PRMROL data block...
   No compilation errors.

Compiling ON-ERROR trigger on PRMROL data block...
   No compilation errors.

Compiling PRE-INSERT trigger on PRMROL data block...
   No compilation errors.

Compiling POST-UPDATE trigger on PRMROL data block...
   No compilation errors.

Compiling WHEN-NEW-ITEM-INSTANCE trigger on DISPONIBILIDAD item in PRMROL data block...
   No compilation errors.

Compiling WHEN-NEW-ITEM-INSTANCE trigger on REC_ACTUAL item in PRMROL data block...
   No compilation errors.

Compiling WHEN-NEW-ITEM-INSTANCE trigger on EMP_CODIGO item in PRMROL data block...
   No compilation errors.

Compiling WHEN-NEW-ITEM-INSTANCE trigger on CODIGO item in PRMROL data block...
   No compilation errors.

Compiling WHEN-VALIDATE-ITEM trigger on CODIGO item in PRMROL data block...
   No compilation errors.

Compiling KEY-PREV-ITEM trigger on CODIGO item in PRMROL data block...
   No compilation errors.

Compiling WHEN-NEW-ITEM-INSTANCE trigger on NOMBRE item in PRMROL data block...
   No compilation errors.

Compiling WHEN-NEW-ITEM-INSTANCE trigger on ALIAS item in PRMROL data block...
   No compilation errors.

Compiling WHEN-VALIDATE-ITEM trigger on ALIAS item in PRMROL data block...
   No compilation errors.

Compiling WHEN-NEW-ITEM-INSTANCE trigger on VALOR item in PRMROL data block...
   No compilation errors.

Compiling WHEN-NEW-ITEM-INSTANCE trigger on TIPO item in PRMROL data block...
   No compilation errors.

Compiling WHEN-LIST-CHANGED trigger on TIPO item in PRMROL data block...
   No compilation errors.

Compiling WHEN-NEW-ITEM-INSTANCE trigger on TIPO_MOVIMIENTO item in PRMROL data block...
   No compilation errors.

Compiling WHEN-NEW-ITEM-INSTANCE trigger on APLICA_IR item in PRMROL data block...
   No compilation errors.

Compiling WHEN-NEW-ITEM-INSTANCE trigger on BTN_FORMULAS item in PRMROL data block...
   No compilation errors.

Compiling WHEN-BUTTON-PRESSED trigger on BTN_FORMULAS item in PRMROL data block...
   No compilation errors.

Compiling WHEN-NEW-ITEM-INSTANCE trigger on LIMITE_INFERIOR item in PRMROL data block...
   No compilation errors.

Compiling WHEN-NEW-ITEM-INSTANCE trigger on LIMITE_SUPERIOR item in PRMROL data block...
   No compilation errors.

Compiling WHEN-NEW-ITEM-INSTANCE trigger on SECUENCIA_DESPLIEGUE item in PRMROL data block...
   No compilation errors.

Compiling WHEN-NEW-ITEM-INSTANCE trigger on SECUENCIA_EN_ROL item in PRMROL data block...
   No compilation errors.

Compiling WHEN-VALIDATE-ITEM trigger on SECUENCIA_EN_ROL item in PRMROL data block...
   No compilation errors.

Compiling WHEN-NEW-ITEM-INSTANCE trigger on MES_ACTIVIDAD item in PRMROL data block...
   No compilation errors.

Compiling WHEN-NEW-ITEM-INSTANCE trigger on PROPIETARIO item in PRMROL data block...
   No compilation errors.

Compiling WHEN-NEW-ITEM-INSTANCE trigger on TIPO_CONTABILIZACION item in PRMROL data block...
   No compilation errors.

Compiling WHEN-NEW-ITEM-INSTANCE trigger on NOMBRE_AGRUPADOR item in PRMROL data block...
   No compilation errors.

Compiling WHEN-NEW-ITEM-INSTANCE trigger on ETIQUETA item in PRMROL data block...
   No compilation errors.

Compiling WHEN-NEW-ITEM-INSTANCE trigger on ESTADO_DE_DISPONIBILIDAD item in PRMROL data block...
   No compilation errors.

Compiling WHEN-NEW-ITEM-INSTANCE trigger on PROVISION item in PRMROL data block...
   No compilation errors.

Compiling WHEN-NEW-ITEM-INSTANCE trigger on IMPRIMIR_CERO item in PRMROL data block...
   No compilation errors.

Compiling WHEN-NEW-ITEM-INSTANCE trigger on MODIFICABLE_EN_ROL item in PRMROL data block...
   No compilation errors.

Compiling WHEN-NEW-ITEM-INSTANCE trigger on APLICA_IESS item in PRMROL data block...
   No compilation errors.

Compiling KEY-NEXT-ITEM trigger on APLICA_IESS item in PRMROL data block...
   No compilation errors.

Compiling ON-LOCK trigger on PRMFRM data block...
   No compilation errors.

Compiling POST-INSERT trigger on PRMFRM data block...
   No compilation errors.

Compiling POST-QUERY trigger on PRMFRM data block...
   No compilation errors.

Compiling PRE-BLOCK trigger on PRMFRM data block...
   No compilation errors.

Compiling PRE-QUERY trigger on PRMFRM data block...
   No compilation errors.

Compiling WHEN-DATABASE-RECORD trigger on PRMFRM data block...
   No compilation errors.

Compiling WHEN-NEW-BLOCK-INSTANCE trigger on PRMFRM data block...
   No compilation errors.

Compiling WHEN-NEW-RECORD-INSTANCE trigger on PRMFRM data block...
   No compilation errors.

Compiling WHEN-REMOVE-RECORD trigger on PRMFRM data block...
   No compilation errors.

Compiling POST-SELECT trigger on PRMFRM data block...
   No compilation errors.

Compiling PRE-UPDATE trigger on PRMFRM data block...
   No compilation errors.

Compiling PRE-INSERT trigger on PRMFRM data block...
   No compilation errors.

Compiling ON-ERROR trigger on PRMFRM data block...
   No compilation errors.

Compiling WHEN-NEW-ITEM-INSTANCE trigger on FRMROL_CODIGO item in PRMFRM data block...
   No compilation errors.

Compiling WHEN-NEW-ITEM-INSTANCE trigger on NOMBRE item in PRMFRM data block...
   No compilation errors.

Compiling KEY-PREV-ITEM trigger on NOMBRE item in PRMFRM data block...
   No compilation errors.

Compiling WHEN-VALIDATE-ITEM trigger on NOMBRE item in PRMFRM data block...
   No compilation errors.

Compiling WHEN-NEW-ITEM-INSTANCE trigger on FRMROL_ALIAS item in PRMFRM data block...
   No compilation errors.

Compiling WHEN-VALIDATE-ITEM trigger on FRMROL_ALIAS item in PRMFRM data block...
   No compilation errors.

Compiling WHEN-NEW-ITEM-INSTANCE trigger on DETALLE item in PRMFRM data block...
   No compilation errors.

Compiling WHEN-NEW-ITEM-INSTANCE trigger on FRMROL_DETALLE item in PRMFRM data block...
   No compilation errors.

Compiling WHEN-NEW-ITEM-INSTANCE trigger on FRMROL_PROCESO item in PRMFRM data block...
   No compilation errors.

Compiling WHEN-NEW-ITEM-INSTANCE trigger on PRMROL_EMP_CODIGO item in PRMFRM data block...
   No compilation errors.

Compiling WHEN-NEW-ITEM-INSTANCE trigger on PRMROL_CODIGO item in PRMFRM data block...
   No compilation errors.

Compiling WHEN-NEW-ITEM-INSTANCE trigger on FRMROL_EMP_CODIGO item in PRMFRM data block...
   No compilation errors.

Compiling WHEN-NEW-ITEM-INSTANCE trigger on DISPONIBILIDAD item in PRMFRM data block...
   No compilation errors.

Compiling KEY-NEXT-ITEM trigger on DISPONIBILIDAD item in PRMFRM data block...
   No compilation errors.

Compiling ON-LOCK trigger on FRMROL data block...
   No compilation errors.

Compiling POST-INSERT trigger on FRMROL data block...
   No compilation errors.

Compiling POST-QUERY trigger on FRMROL data block...
   No compilation errors.

Compiling PRE-BLOCK trigger on FRMROL data block...
   No compilation errors.

Compiling PRE-QUERY trigger on FRMROL data block...
   No compilation errors.

Compiling WHEN-DATABASE-RECORD trigger on FRMROL data block...
   No compilation errors.

Compiling WHEN-NEW-BLOCK-INSTANCE trigger on FRMROL data block...
   No compilation errors.

Compiling WHEN-NEW-RECORD-INSTANCE trigger on FRMROL data block...
   No compilation errors.

Compiling WHEN-REMOVE-RECORD trigger on FRMROL data block...
   No compilation errors.

Compiling POST-SELECT trigger on FRMROL data block...
   No compilation errors.

Compiling KEY-DELREC trigger on FRMROL data block...
   No compilation errors.

Compiling ON-ERROR trigger on FRMROL data block...
   No compilation errors.

Compiling WHEN-NEW-ITEM-INSTANCE trigger on FRMROL data block...
   No compilation errors.

Compiling WHEN-NEW-ITEM-INSTANCE trigger on REC_ACTUAL item in FRMROL data block...
   No compilation errors.

Compiling WHEN-NEW-ITEM-INSTANCE trigger on EMP_CODIGO item in FRMROL data block...
   No compilation errors.

Compiling WHEN-NEW-ITEM-INSTANCE trigger on CODIGO item in FRMROL data block...
   No compilation errors.

Compiling WHEN-VALIDATE-ITEM trigger on CODIGO item in FRMROL data block...
   No compilation errors.

Compiling KEY-PREV-ITEM trigger on CODIGO item in FRMROL data block...
   No compilation errors.

Compiling WHEN-NEW-ITEM-INSTANCE trigger on ESTADO_DE_DISPONIBILIDAD item in FRMROL data block...
   No compilation errors.

Compiling WHEN-NEW-ITEM-INSTANCE trigger on NOMBRE item in FRMROL data block...
   No compilation errors.

Compiling WHEN-NEW-ITEM-INSTANCE trigger on ALIAS item in FRMROL data block...
   No compilation errors.

Compiling WHEN-NEW-ITEM-INSTANCE trigger on PROCESO item in FRMROL data block...
   No compilation errors.

Compiling KEY-NEXT-ITEM trigger on PROCESO item in FRMROL data block...
   No compilation errors.

Compiling WHEN-VALIDATE-ITEM trigger on PROCESO item in FRMROL data block...
   No compilation errors.

Compiling WHEN-NEW-ITEM-INSTANCE trigger on DETALLE item in FRMROL data block...
   No compilation errors.

Compiling ON-LOCK trigger on GRPDTL data block...
   No compilation errors.

Compiling POST-INSERT trigger on GRPDTL data block...
   No compilation errors.

Compiling POST-QUERY trigger on GRPDTL data block...
   No compilation errors.

Compiling PRE-BLOCK trigger on GRPDTL data block...
   No compilation errors.

Compiling PRE-QUERY trigger on GRPDTL data block...
   No compilation errors.

Compiling WHEN-DATABASE-RECORD trigger on GRPDTL data block...
   No compilation errors.

Compiling WHEN-NEW-BLOCK-INSTANCE trigger on GRPDTL data block...
   No compilation errors.

Compiling WHEN-NEW-RECORD-INSTANCE trigger on GRPDTL data block...
   No compilation errors.

Compiling WHEN-REMOVE-RECORD trigger on GRPDTL data block...
   No compilation errors.

Compiling POST-SELECT trigger on GRPDTL data block...
   No compilation errors.

Compiling KEY-DELREC trigger on GRPDTL data block...
   No compilation errors.

Compiling ON-ERROR trigger on GRPDTL data block...
   No compilation errors.

Compiling WHEN-NEW-ITEM-INSTANCE trigger on GRPDTL data block...
   No compilation errors.

Compiling POST-UPDATE trigger on GRPDTL data block...
   No compilation errors.

Compiling POST-DELETE trigger on GRPDTL data block...
   No compilation errors.

Compiling WHEN-NEW-ITEM-INSTANCE trigger on REC_ACTUAL item in GRPDTL data block...
   No compilation errors.

Compiling WHEN-NEW-ITEM-INSTANCE trigger on FRMROL_EMP_CODIGO item in GRPDTL data block...
   No compilation errors.

Compiling WHEN-NEW-ITEM-INSTANCE trigger on FRMROL_CODIGO item in GRPDTL data block...
   No compilation errors.

Compiling WHEN-NEW-ITEM-INSTANCE trigger on SECUENCIA item in GRPDTL data block...
   No compilation errors.

Compiling WHEN-VALIDATE-ITEM trigger on SECUENCIA item in GRPDTL data block...
   No compilation errors.

Compiling KEY-PREV-ITEM trigger on SECUENCIA item in GRPDTL data block...
   No compilation errors.

Compiling WHEN-NEW-ITEM-INSTANCE trigger on OPERADOR item in GRPDTL data block...
   No compilation errors.

Compiling KEY-NEXT-ITEM trigger on OPERADOR item in GRPDTL data block...
   No compilation errors.

Compiling ON-LOCK trigger on DTLFRM data block...
   No compilation errors.

Compiling POST-INSERT trigger on DTLFRM data block...
   No compilation errors.

Compiling POST-QUERY trigger on DTLFRM data block...
   No compilation errors.

Compiling PRE-BLOCK trigger on DTLFRM data block...
   No compilation errors.

Compiling PRE-QUERY trigger on DTLFRM data block...
   No compilation errors.

Compiling WHEN-DATABASE-RECORD trigger on DTLFRM data block...
   No compilation errors.

Compiling WHEN-NEW-BLOCK-INSTANCE trigger on DTLFRM data block...
   No compilation errors.

Compiling WHEN-NEW-RECORD-INSTANCE trigger on DTLFRM data block...
   No compilation errors.

Compiling WHEN-REMOVE-RECORD trigger on DTLFRM data block...
   No compilation errors.

Compiling POST-SELECT trigger on DTLFRM data block...
   No compilation errors.

Compiling PRE-INSERT trigger on DTLFRM data block...
   No compilation errors.

Compiling ON-ERROR trigger on DTLFRM data block...
   No compilation errors.

Compiling POST-UPDATE trigger on DTLFRM data block...
   No compilation errors.

Compiling POST-DELETE trigger on DTLFRM data block...
   No compilation errors.

Compiling WHEN-NEW-ITEM-INSTANCE trigger on PRMROL_ALIAS item in DTLFRM data block...
   No compilation errors.

Compiling WHEN-NEW-ITEM-INSTANCE trigger on REC_ACTUAL item in DTLFRM data block...
   No compilation errors.

Compiling WHEN-NEW-ITEM-INSTANCE trigger on NUMERO item in DTLFRM data block...
   No compilation errors.

Compiling WHEN-NEW-ITEM-INSTANCE trigger on SECUENCIA item in DTLFRM data block...
   No compilation errors.

Compiling FORMULA-CALCULATION trigger on SECUENCIA item in DTLFRM data block...
   No compilation errors.

Compiling WHEN-NEW-ITEM-INSTANCE trigger on SECUENCIA2 item in DTLFRM data block...
   No compilation errors.

Compiling KEY-PREV-ITEM trigger on SECUENCIA2 item in DTLFRM data block...
   No compilation errors.

Compiling WHEN-NEW-ITEM-INSTANCE trigger on GRPDTL_FRMROL_EMP_CODIGO item in DTLFRM data block...
   No compilation errors.

Compiling WHEN-NEW-ITEM-INSTANCE trigger on GRPDTL_FRMROL_CODIGO item in DTLFRM data block...
   No compilation errors.

Compiling WHEN-NEW-ITEM-INSTANCE trigger on GRPDTL_SECUENCIA item in DTLFRM data block...
   No compilation errors.

Compiling WHEN-NEW-ITEM-INSTANCE trigger on PRMROL_EMP_CODIGO item in DTLFRM data block...
   No compilation errors.

Compiling WHEN-NEW-ITEM-INSTANCE trigger on PRMROL_CODIGO item in DTLFRM data block...
   No compilation errors.

Compiling WHEN-NEW-ITEM-INSTANCE trigger on PRMROL_NOMBRE item in DTLFRM data block...
   No compilation errors.

Compiling WHEN-VALIDATE-ITEM trigger on PRMROL_NOMBRE item in DTLFRM data block...
   No compilation errors.

Compiling WHEN-NEW-ITEM-INSTANCE trigger on OPERADOR item in DTLFRM data block...
   No compilation errors.

Compiling KEY-NEXT-ITEM trigger on OPERADOR item in DTLFRM data block...
   No compilation errors.

Compiling ON-LOCK trigger on PRMESP data block...
   No compilation errors.

Compiling POST-INSERT trigger on PRMESP data block...
   No compilation errors.

Compiling POST-QUERY trigger on PRMESP data block...
   No compilation errors.

Compiling PRE-BLOCK trigger on PRMESP data block...
   No compilation errors.

Compiling PRE-QUERY trigger on PRMESP data block...
   No compilation errors.

Compiling WHEN-DATABASE-RECORD trigger on PRMESP data block...
   No compilation errors.

Compiling WHEN-NEW-BLOCK-INSTANCE trigger on PRMESP data block...
   No compilation errors.

Compiling WHEN-NEW-RECORD-INSTANCE trigger on PRMESP data block...
   No compilation errors.

Compiling WHEN-REMOVE-RECORD trigger on PRMESP data block...
   No compilation errors.

Compiling POST-SELECT trigger on PRMESP data block...
   No compilation errors.

Compiling PRE-DELETE trigger on PRMESP data block...
   No compilation errors.

Compiling KEY-DELREC trigger on PRMESP data block...
   No compilation errors.

Compiling ON-ERROR trigger on PRMESP data block...
   No compilation errors.

Compiling WHEN-NEW-ITEM-INSTANCE trigger on REC_ACTUAL item in PRMESP data block...
   No compilation errors.

Compiling WHEN-NEW-ITEM-INSTANCE trigger on PRMROL_EMP_CODIGO item in PRMESP data block...
   No compilation errors.

Compiling WHEN-NEW-ITEM-INSTANCE trigger on PRMROL_ALIAS item in PRMESP data block...
   No compilation errors.

Compiling WHEN-NEW-ITEM-INSTANCE trigger on PRMROL_CODIGO item in PRMESP data block...
   No compilation errors.

Compiling WHEN-NEW-ITEM-INSTANCE trigger on MES_PAGO item in PRMESP data block...
   No compilation errors.

Compiling KEY-PREV-ITEM trigger on MES_PAGO item in PRMESP data block...
   No compilation errors.

Compiling WHEN-NEW-ITEM-INSTANCE trigger on PRMROL_NOMBRE item in PRMESP data block...
   No compilation errors.

Compiling WHEN-VALIDATE-ITEM trigger on PRMROL_NOMBRE item in PRMESP data block...
   No compilation errors.

Compiling WHEN-NEW-ITEM-INSTANCE trigger on TIPO_PARAMETRO item in PRMESP data block...
   No compilation errors.

Compiling WHEN-NEW-ITEM-INSTANCE trigger on MES_INICIAL item in PRMESP data block...
   No compilation errors.

Compiling WHEN-NEW-ITEM-INSTANCE trigger on MES_FINAL item in PRMESP data block...
   No compilation errors.

Compiling WHEN-NEW-ITEM-INSTANCE trigger on PROCESO item in PRMESP data block...
   No compilation errors.

Compiling WHEN-NEW-ITEM-INSTANCE trigger on DETALLE item in PRMESP data block...
   No compilation errors.

Compiling WHEN-NEW-ITEM-INSTANCE trigger on REPORTE_ESPECIAL item in PRMESP data block...
   No compilation errors.

Compiling WHEN-NEW-ITEM-INSTANCE trigger on ORDEN item in PRMESP data block...
   No compilation errors.

Compiling WHEN-NEW-ITEM-INSTANCE trigger on ESTADO_DE_DISPONIBILIDAD item in PRMESP data block...
   No compilation errors.

Compiling KEY-NEXT-ITEM trigger on ESTADO_DE_DISPONIBILIDAD item in PRMESP data block...
   No compilation errors.

Compiling WHEN-NEW-ITEM-INSTANCE trigger on CUENTA_CONTABLE item in PRMESP data block...
   No compilation errors.

Compiling ON-LOCK trigger on DTSINT data block...
   No compilation errors.

Compiling POST-INSERT trigger on DTSINT data block...
   No compilation errors.

Compiling POST-QUERY trigger on DTSINT data block...
   No compilation errors.

Compiling PRE-BLOCK trigger on DTSINT data block...
   No compilation errors.

Compiling PRE-QUERY trigger on DTSINT data block...
   No compilation errors.

Compiling WHEN-DATABASE-RECORD trigger on DTSINT data block...
   No compilation errors.

Compiling WHEN-NEW-BLOCK-INSTANCE trigger on DTSINT data block...
   No compilation errors.

Compiling WHEN-NEW-RECORD-INSTANCE trigger on DTSINT data block...
   No compilation errors.

Compiling WHEN-REMOVE-RECORD trigger on DTSINT data block...
   No compilation errors.

Compiling POST-SELECT trigger on DTSINT data block...
   No compilation errors.

Compiling ON-ERROR trigger on DTSINT data block...
   No compilation errors.

Compiling WHEN-NEW-ITEM-INSTANCE trigger on REC_ACTUAL item in DTSINT data block...
   No compilation errors.

Compiling WHEN-NEW-ITEM-INSTANCE trigger on PRMROL_CODIGO item in DTSINT data block...
   No compilation errors.

Compiling WHEN-NEW-ITEM-INSTANCE trigger on PRMROL_ALIAS item in DTSINT data block...
   No compilation errors.

Compiling WHEN-NEW-ITEM-INSTANCE trigger on ESTADO_DE_DISPONIBILIDAD item in DTSINT data block...
   No compilation errors.

Compiling KEY-PREV-ITEM trigger on ESTADO_DE_DISPONIBILIDAD item in DTSINT data block...
   No compilation errors.

Compiling WHEN-NEW-ITEM-INSTANCE trigger on NOMBRE item in DTSINT data block...
   No compilation errors.

Compiling WHEN-VALIDATE-ITEM trigger on NOMBRE item in DTSINT data block...
   No compilation errors.

Compiling KEY-NEXT-ITEM trigger on NOMBRE item in DTSINT data block...
   No compilation errors.

Compiling WHEN-NEW-ITEM-INSTANCE trigger on PRMESP_PRMROL_EMP_CODIGO item in DTSINT data block...
   No compilation errors.

Compiling WHEN-NEW-ITEM-INSTANCE trigger on PRMESP_PRMROL_CODIGO item in DTSINT data block...
   No compilation errors.

Compiling WHEN-NEW-ITEM-INSTANCE trigger on PRMROL_EMP_CODIGO item in DTSINT data block...
   No compilation errors.

Compiling KEY-CLRREC trigger on CG$CTRL data block...
   No compilation errors.

Compiling KEY-CREREC trigger on CG$CTRL data block...
   No compilation errors.

Compiling KEY-DOWN trigger on CG$CTRL data block...
   No compilation errors.

Compiling KEY-NXTREC trigger on CG$CTRL data block...
   No compilation errors.

Compiling KEY-SCRDOWN trigger on CG$CTRL data block...
   No compilation errors.

Compiling KEY-UP trigger on CG$CTRL data block...
   No compilation errors.

Compiling KEY-PRVREC trigger on CG$CTRL data block...
   No compilation errors.

Compiling KEY-SCRUP trigger on CG$CTRL data block...
   No compilation errors.

Compiling ON-ERROR trigger on CG$CTRL data block...
   No compilation errors.

Compiling PRE-BLOCK trigger on CG$CTRL data block...
   No compilation errors.

Compiling WHEN-NEW-BLOCK-INSTANCE trigger on CG$CTRL data block...
   No compilation errors.

Compiling WHEN-NEW-ITEM-INSTANCE trigger on CG$PAGE_1_LIST item in CG$CTRL data block...
   No compilation errors.

Compiling WHEN-NEW-ITEM-INSTANCE trigger on CG$WINDOWQMS$TRANS_ERRORS_PAGE item in CG$CTRL data block...
   No compilation errors.

Compiling WHEN-NEW-ITEM-INSTANCE trigger on CG$WINDOWINGRESAR_PARAMETROS_P item in CG$CTRL data block...
   No compilation errors.

Compiling WHEN-NEW-ITEM-INSTANCE trigger on CG$WINDOWQMS$TRANS_ERRORS_MODA item in CG$CTRL data block...
   No compilation errors.

Compiling WHEN-NEW-ITEM-INSTANCE trigger on CG$WINDOWCALENDAR_PAGE item in CG$CTRL data block...
   No compilation errors.

Compiling WHEN-NEW-ITEM-INSTANCE trigger on CG$WINDOWQMS$HIDDEN_ITEMS_PAGE item in CG$CTRL data block...
   No compilation errors.

Compiling WHEN-NEW-ITEM-INSTANCE trigger on CG$LAST_CANVAS item in CG$CTRL data block...
   No compilation errors.


Created form file M:\sas\bin\RDP\frm\roladmprmfrm.fmx
