Compiling package specification CG$ROLCNTPRS_GLOBALS... 
   No compilation errors.

Compiling procedure CGFK$QRY_EMPROL_EMPROL_CRGEMP_... 
   No compilation errors.

Compiling procedure CGSF$CLR_EMPROL_EMPROL_CRGEMP_... 
   No compilation errors.

Compiling procedure CGSF$CLR_EMPROL_EMPROL_DPR_FK... 
   No compilation errors.

Compiling procedure CGFK$QRY_EMPROL_EMPROL_DPR_FK... 
   No compilation errors.

Compiling procedure CGUI$GET_NEXT_CNTPRS_SEQ... 
   No compilation errors.

Compiling procedure CGFK$LKP_CNTMIN_CNTPRS_PRS_FK... 
   No compilation errors.

Compiling procedure CGSF$CLR_CNTMIN_CNTPRS_PRS_FK... 
   No compilation errors.

Compiling procedure CGFK$QRY_CNTMIN_CNTPRS_PRS_FK... 
   No compilation errors.

Compiling procedure CGFK$LKP_CNTVAC_CNTPRS_PRS_FK... 
   No compilation errors.

Compiling procedure CGSF$CLR_CNTVAC_CNTPRS_PRS_FK... 
   No compilation errors.

Compiling procedure CGFK$QRY_CNTVAC_CNTPRS_PRS_FK... 
   No compilation errors.

Compiling procedure CGFK$LKP_CNTPRS_CNTPRS_PRS_FK... 
   No compilation errors.

Compiling procedure CGSF$CLR_CNTPRS_CNTPRS_PRS_FK... 
   No compilation errors.

Compiling procedure CGFK$QRY_CNTPRS_CNTPRS_PRS_FK... 
   No compilation errors.

Compiling function CGTE$CHECK_CONSTRAINT_VIO... 
   No compilation errors.

Compiling procedure CGTE$EMPROL_ERRORS... 
   No compilation errors.

Compiling procedure CGTE$CNTMIN_ERRORS... 
   No compilation errors.

Compiling procedure CGTE$CNTVAC_ERRORS... 
   No compilation errors.

Compiling procedure CGTE$CNTPRS_ERRORS... 
   No compilation errors.

Compiling procedure CGLY$DISPLAY_CANVASES... 
   No compilation errors.

Compiling procedure CGLY$GET_RELATED_CANVASES... 
   No compilation errors.

Compiling procedure CGLY$CANVAS_MANAGEMENT... 
   No compilation errors.

Compiling procedure CGBS$TOGGLE... 
   No compilation errors.

Compiling procedure ANULAR_DATO... 
   No compilation errors.

Compiling function CALCULAR_DIAS_VACACIONES... 
   No compilation errors.

Compiling procedure CALCULAR_TOTAL_MES... 
   No compilation errors.

Compiling procedure CONFORMAR_LISTA... 
   No compilation errors.

Compiling procedure CREAR_NOVEDAD... 
   No compilation errors.

Compiling procedure HABILITAR_BOTONES... 
   No compilation errors.

Compiling procedure MUESTRA_VENTANA... 
   No compilation errors.

Compiling POST-FORM trigger on form...
   No compilation errors.

Compiling CALENDAR_WROTE_DATE trigger on form...
   No compilation errors.

Compiling KEY-EXIT trigger on form...
   No compilation errors.

Compiling POST-FORMS-COMMIT trigger on form...
   No compilation errors.

Compiling KEY-CLRFRM trigger on form...
   No compilation errors.

Compiling KEY-HELP trigger on form...
   No compilation errors.

Compiling KEY-MENU trigger on form...
   No compilation errors.

Compiling ON-ERROR trigger on form...
   No compilation errors.

Compiling ON-MESSAGE trigger on form...
   No compilation errors.

Compiling PRE-FORM trigger on form...
   No compilation errors.

Compiling QUERY_FIND trigger on form...
   No compilation errors.

Compiling QMS$MENU_ITEM trigger on form...
   No compilation errors.

Compiling WHEN-NEW-BLOCK-INSTANCE trigger on form...
   No compilation errors.

Compiling WHEN-NEW-FORM-INSTANCE trigger on form...
   No compilation errors.

Compiling WHEN-WINDOW-CLOSED trigger on form...
   No compilation errors.

Compiling WHEN-WINDOW-ACTIVATED trigger on form...
   No compilation errors.

Compiling WHEN-WINDOW-RESIZED trigger on form...
   No compilation errors.

Compiling POST-TEXT-ITEM trigger on form...
   No compilation errors.

Compiling WHEN-FORM-NAVIGATE trigger on form...
   No compilation errors.

Compiling ON-CLEAR-DETAILS trigger on form...
   No compilation errors.

Compiling ON-POPULATE-DETAILS trigger on form...
   No compilation errors.

Compiling KEY-ENTQRY trigger on form...
   No compilation errors.

Compiling KEY-EXEQRY trigger on form...
   No compilation errors.

Compiling KEY-CQUERY trigger on form...
   No compilation errors.

Compiling KEY-CLRBLK trigger on form...
   No compilation errors.

Compiling KEY-CLRREC trigger on form...
   No compilation errors.

Compiling KEY-NXTKEY trigger on form...
   No compilation errors.

Compiling WHEN-RADIO-CHANGED trigger on CALENDAR data block...
   No compilation errors.

Compiling KEY-OTHERS trigger on CALENDAR data block...
   No compilation errors.

Compiling KEY-NEXT-ITEM trigger on CALENDAR data block...
   No compilation errors.

Compiling KEY-PREV-ITEM trigger on CALENDAR data block...
   No compilation errors.

Compiling KEY-ENTER trigger on CALENDAR data block...
   No compilation errors.

Compiling WHEN-BUTTON-PRESSED trigger on CALENDAR data block...
   No compilation errors.

Compiling WHEN-LIST-CHANGED trigger on CALENDAR data block...
   No compilation errors.

Compiling WHEN-MOUSE-CLICK trigger on CALENDAR data block...
   No compilation errors.

Compiling KEY-DOWN trigger on CALENDAR data block...
   No compilation errors.

Compiling KEY-UP trigger on CALENDAR data block...
   No compilation errors.

Compiling KEY-NXTREC trigger on CALENDAR data block...
   No compilation errors.

Compiling KEY-PRVREC trigger on CALENDAR data block...
   No compilation errors.

Compiling WHEN-MOUSE-DOUBLECLICK trigger on CALENDAR data block...
   No compilation errors.

Compiling WHEN-NEW-ITEM-INSTANCE trigger on HOUR item in CALENDAR data block...
   No compilation errors.

Compiling WHEN-NEW-ITEM-INSTANCE trigger on MINUTE item in CALENDAR data block...
   No compilation errors.

Compiling WHEN-NEW-ITEM-INSTANCE trigger on OK item in CALENDAR data block...
   No compilation errors.

Compiling WHEN-BUTTON-PRESSED trigger on OK item in CALENDAR data block...
   No compilation errors.

Compiling KEY-PREV-ITEM trigger on OK item in CALENDAR data block...
   No compilation errors.

Compiling WHEN-NEW-ITEM-INSTANCE trigger on CANCEL item in CALENDAR data block...
   No compilation errors.

Compiling WHEN-BUTTON-PRESSED trigger on CANCEL item in CALENDAR data block...
   No compilation errors.

Compiling KEY-NEXT-ITEM trigger on MONTH_AND_YEAR item in CALENDAR data block...
   No compilation errors.

Compiling WHEN-MOUSE-CLICK trigger on PREV_MONTH item in CALENDAR data block...
   No compilation errors.

Compiling WHEN-MOUSE-CLICK trigger on NEXT_MONTH item in CALENDAR data block...
   No compilation errors.

Compiling WHEN-MOUSE-CLICK trigger on NEXT_YEAR item in CALENDAR data block...
   No compilation errors.

Compiling WHEN-MOUSE-CLICK trigger on PREV_YEAR item in CALENDAR data block...
   No compilation errors.

Compiling WHEN-NEW-ITEM-INSTANCE trigger on AM_PM item in CALENDAR data block...
   No compilation errors.

Compiling WHEN-BUTTON-PRESSED trigger on QMS$TOOLBAR data block...
   No compilation errors.

Compiling WHEN-LIST-CHANGED trigger on ORDER_BY item in QMS$TOOLBAR data block...
   No compilation errors.

Compiling ON-LOCK trigger on EMPROL data block...
   No compilation errors.

Compiling POST-INSERT trigger on EMPROL data block...
   No compilation errors.

Compiling POST-QUERY trigger on EMPROL data block...
   No compilation errors.

Compiling PRE-BLOCK trigger on EMPROL data block...
   No compilation errors.

Compiling PRE-QUERY trigger on EMPROL data block...
   No compilation errors.

Compiling WHEN-DATABASE-RECORD trigger on EMPROL data block...
   No compilation errors.

Compiling WHEN-NEW-BLOCK-INSTANCE trigger on EMPROL data block...
   No compilation errors.

Compiling WHEN-NEW-RECORD-INSTANCE trigger on EMPROL data block...
   No compilation errors.

Compiling WHEN-REMOVE-RECORD trigger on EMPROL data block...
   No compilation errors.

Compiling POST-SELECT trigger on EMPROL data block...
   No compilation errors.

Compiling ON-ERROR trigger on EMPROL data block...
   No compilation errors.

Compiling WHEN-NEW-ITEM-INSTANCE trigger on REC_ACTUAL item in EMPROL data block...
   No compilation errors.

Compiling KEY-PREV-ITEM trigger on REC_ACTUAL item in EMPROL data block...
   No compilation errors.

Compiling WHEN-NEW-ITEM-INSTANCE trigger on ARA_CODIGO item in EMPROL data block...
   No compilation errors.

Compiling WHEN-NEW-ITEM-INSTANCE trigger on EMP_CODIGO item in EMPROL data block...
   No compilation errors.

Compiling WHEN-NEW-ITEM-INSTANCE trigger on CODIGO item in EMPROL data block...
   No compilation errors.

Compiling WHEN-NEW-ITEM-INSTANCE trigger on CEDULA item in EMPROL data block...
   No compilation errors.

Compiling WHEN-NEW-ITEM-INSTANCE trigger on APELLIDOS item in EMPROL data block...
   No compilation errors.

Compiling WHEN-NEW-ITEM-INSTANCE trigger on NOMBRES item in EMPROL data block...
   No compilation errors.

Compiling WHEN-NEW-ITEM-INSTANCE trigger on FECHA_DE_INGRESO item in EMPROL data block...
   No compilation errors.

Compiling KEY-LISTVAL trigger on FECHA_DE_INGRESO item in EMPROL data block...
   No compilation errors.

Compiling WHEN-NEW-ITEM-INSTANCE trigger on DPR_ARA_CODIGO item in EMPROL data block...
   No compilation errors.

Compiling WHEN-NEW-ITEM-INSTANCE trigger on ARA_NOMBRE item in EMPROL data block...
   No compilation errors.

Compiling WHEN-NEW-ITEM-INSTANCE trigger on DPR_CODIGO item in EMPROL data block...
   No compilation errors.

Compiling WHEN-NEW-ITEM-INSTANCE trigger on DPR_NOMBRE item in EMPROL data block...
   No compilation errors.

Compiling WHEN-NEW-ITEM-INSTANCE trigger on CRGEMP_CODIGO item in EMPROL data block...
   No compilation errors.

Compiling WHEN-NEW-ITEM-INSTANCE trigger on CRGEMP_DESCRIPCION item in EMPROL data block...
   No compilation errors.

Compiling KEY-NEXT-ITEM trigger on CRGEMP_DESCRIPCION item in EMPROL data block...
   No compilation errors.

Compiling WHEN-NEW-ITEM-INSTANCE trigger on CRGEMP_EMP_CODIGO2 item in EMPROL data block...
   No compilation errors.

Compiling KEY-CLRREC trigger on TPOCNT data block...
   No compilation errors.

Compiling KEY-CREREC trigger on TPOCNT data block...
   No compilation errors.

Compiling KEY-DOWN trigger on TPOCNT data block...
   No compilation errors.

Compiling KEY-NXTREC trigger on TPOCNT data block...
   No compilation errors.

Compiling KEY-SCRDOWN trigger on TPOCNT data block...
   No compilation errors.

Compiling KEY-UP trigger on TPOCNT data block...
   No compilation errors.

Compiling KEY-PRVREC trigger on TPOCNT data block...
   No compilation errors.

Compiling KEY-SCRUP trigger on TPOCNT data block...
   No compilation errors.

Compiling ON-ERROR trigger on TPOCNT data block...
   No compilation errors.

Compiling PRE-BLOCK trigger on TPOCNT data block...
   No compilation errors.

Compiling WHEN-NEW-BLOCK-INSTANCE trigger on TPOCNT data block...
   No compilation errors.

Compiling WHEN-NEW-ITEM-INSTANCE trigger on TIPO_CONTROL item in TPOCNT data block...
   No compilation errors.

Compiling KEY-PREV-ITEM trigger on TIPO_CONTROL item in TPOCNT data block...
   No compilation errors.

Compiling KEY-NEXT-ITEM trigger on TIPO_CONTROL item in TPOCNT data block...
   No compilation errors.

Compiling WHEN-LIST-CHANGED trigger on TIPO_CONTROL item in TPOCNT data block...
   No compilation errors.

Compiling ON-LOCK trigger on CNTMIN data block...
   No compilation errors.

Compiling POST-INSERT trigger on CNTMIN data block...
   No compilation errors.

Compiling POST-QUERY trigger on CNTMIN data block...
   No compilation errors.

Compiling PRE-BLOCK trigger on CNTMIN data block...
   No compilation errors.

Compiling PRE-QUERY trigger on CNTMIN data block...
   No compilation errors.

Compiling WHEN-DATABASE-RECORD trigger on CNTMIN data block...
   No compilation errors.

Compiling WHEN-NEW-BLOCK-INSTANCE trigger on CNTMIN data block...
   No compilation errors.

Compiling WHEN-NEW-RECORD-INSTANCE trigger on CNTMIN data block...
   No compilation errors.

Compiling WHEN-REMOVE-RECORD trigger on CNTMIN data block...
   No compilation errors.

Compiling POST-SELECT trigger on CNTMIN data block...
   No compilation errors.

Compiling PRE-INSERT trigger on CNTMIN data block...
   No compilation errors.

Compiling KEY-DUPREC trigger on CNTMIN data block...
   No compilation errors.

Compiling PRE-UPDATE trigger on CNTMIN data block...
   No compilation errors.

Compiling ON-ERROR trigger on CNTMIN data block...
   No compilation errors.

Compiling PRE-RECORD trigger on CNTMIN data block...
   No compilation errors.

Compiling WHEN-NEW-ITEM-INSTANCE trigger on REC_ACTUAL item in CNTMIN data block...
   No compilation errors.

Compiling WHEN-NEW-ITEM-INSTANCE trigger on NUMERO item in CNTMIN data block...
   No compilation errors.

Compiling KEY-PREV-ITEM trigger on NUMERO item in CNTMIN data block...
   No compilation errors.

Compiling WHEN-NEW-ITEM-INSTANCE trigger on FECHA item in CNTMIN data block...
   No compilation errors.

Compiling KEY-LISTVAL trigger on FECHA item in CNTMIN data block...
   No compilation errors.

Compiling WHEN-VALIDATE-ITEM trigger on FECHA item in CNTMIN data block...
   No compilation errors.

Compiling WHEN-NEW-ITEM-INSTANCE trigger on CANTIDAD item in CNTMIN data block...
   No compilation errors.

Compiling WHEN-NEW-ITEM-INSTANCE trigger on PRS_CODIGO2 item in CNTMIN data block...
   No compilation errors.

Compiling WHEN-NEW-ITEM-INSTANCE trigger on PRS_APELLIDOS item in CNTMIN data block...
   No compilation errors.

Compiling WHEN-NEW-ITEM-INSTANCE trigger on PRS_NOMBRES item in CNTMIN data block...
   No compilation errors.

Compiling WHEN-VALIDATE-ITEM trigger on PRS_NOMBRES item in CNTMIN data block...
   No compilation errors.

Compiling WHEN-NEW-ITEM-INSTANCE trigger on OBSERVACIONES item in CNTMIN data block...
   No compilation errors.

Compiling WHEN-NEW-ITEM-INSTANCE trigger on EMPROL_CODIGO item in CNTMIN data block...
   No compilation errors.

Compiling WHEN-NEW-ITEM-INSTANCE trigger on PRMROL_CODIGO item in CNTMIN data block...
   No compilation errors.

Compiling WHEN-NEW-ITEM-INSTANCE trigger on EMPROL_EMP_CODIGO item in CNTMIN data block...
   No compilation errors.

Compiling WHEN-NEW-ITEM-INSTANCE trigger on PRMROL_EMP_CODIGO item in CNTMIN data block...
   No compilation errors.

Compiling WHEN-NEW-ITEM-INSTANCE trigger on BTN_ANULAR item in CNTMIN data block...
   No compilation errors.

Compiling WHEN-BUTTON-PRESSED trigger on BTN_ANULAR item in CNTMIN data block...
   No compilation errors.

Compiling WHEN-NEW-ITEM-INSTANCE trigger on BTN_NOVEDAD item in CNTMIN data block...
   No compilation errors.

Compiling WHEN-BUTTON-PRESSED trigger on BTN_NOVEDAD item in CNTMIN data block...
   No compilation errors.

Compiling KEY-NEXT-ITEM trigger on BTN_NOVEDAD item in CNTMIN data block...
   No compilation errors.

Compiling WHEN-NEW-ITEM-INSTANCE trigger on FECHA_INICIAL item in CNTMIN data block...
   No compilation errors.

Compiling KEY-LISTVAL trigger on FECHA_INICIAL item in CNTMIN data block...
   No compilation errors.

Compiling WHEN-NEW-ITEM-INSTANCE trigger on FECHA_FINAL item in CNTMIN data block...
   No compilation errors.

Compiling KEY-LISTVAL trigger on FECHA_FINAL item in CNTMIN data block...
   No compilation errors.

Compiling WHEN-NEW-ITEM-INSTANCE trigger on ESTADO item in CNTMIN data block...
   No compilation errors.

Compiling ON-LOCK trigger on CNTVAC data block...
   No compilation errors.

Compiling POST-INSERT trigger on CNTVAC data block...
   No compilation errors.

Compiling POST-QUERY trigger on CNTVAC data block...
   No compilation errors.

Compiling PRE-BLOCK trigger on CNTVAC data block...
   No compilation errors.

Compiling PRE-QUERY trigger on CNTVAC data block...
   No compilation errors.

Compiling WHEN-DATABASE-RECORD trigger on CNTVAC data block...
   No compilation errors.

Compiling WHEN-NEW-BLOCK-INSTANCE trigger on CNTVAC data block...
   No compilation errors.

Compiling WHEN-NEW-RECORD-INSTANCE trigger on CNTVAC data block...
   No compilation errors.

Compiling WHEN-REMOVE-RECORD trigger on CNTVAC data block...
   No compilation errors.

Compiling POST-SELECT trigger on CNTVAC data block...
   No compilation errors.

Compiling PRE-INSERT trigger on CNTVAC data block...
   No compilation errors.

Compiling KEY-DUPREC trigger on CNTVAC data block...
   No compilation errors.

Compiling PRE-UPDATE trigger on CNTVAC data block...
   No compilation errors.

Compiling ON-ERROR trigger on CNTVAC data block...
   No compilation errors.

Compiling PRE-RECORD trigger on CNTVAC data block...
   No compilation errors.

Compiling WHEN-NEW-ITEM-INSTANCE trigger on REC_ACTUAL item in CNTVAC data block...
   No compilation errors.

Compiling WHEN-NEW-ITEM-INSTANCE trigger on NUMERO item in CNTVAC data block...
   No compilation errors.

Compiling KEY-PREV-ITEM trigger on NUMERO item in CNTVAC data block...
   No compilation errors.

Compiling WHEN-NEW-ITEM-INSTANCE trigger on FECHA item in CNTVAC data block...
   No compilation errors.

Compiling KEY-LISTVAL trigger on FECHA item in CNTVAC data block...
   No compilation errors.

Compiling WHEN-NEW-ITEM-INSTANCE trigger on PERIODO item in CNTVAC data block...
   No compilation errors.

Compiling KEY-LISTVAL trigger on PERIODO item in CNTVAC data block...
   No compilation errors.

Compiling WHEN-VALIDATE-ITEM trigger on PERIODO item in CNTVAC data block...
   No compilation errors.

Compiling WHEN-NEW-ITEM-INSTANCE trigger on DIAS_PERMITIDOS item in CNTVAC data block...
   No compilation errors.

Compiling WHEN-NEW-ITEM-INSTANCE trigger on CANTIDAD item in CNTVAC data block...
   No compilation errors.

Compiling WHEN-VALIDATE-ITEM trigger on CANTIDAD item in CNTVAC data block...
   No compilation errors.

Compiling WHEN-NEW-ITEM-INSTANCE trigger on FECHA_INICIAL item in CNTVAC data block...
   No compilation errors.

Compiling KEY-LISTVAL trigger on FECHA_INICIAL item in CNTVAC data block...
   No compilation errors.

Compiling WHEN-NEW-ITEM-INSTANCE trigger on FECHA_FINAL item in CNTVAC data block...
   No compilation errors.

Compiling KEY-LISTVAL trigger on FECHA_FINAL item in CNTVAC data block...
   No compilation errors.

Compiling WHEN-NEW-ITEM-INSTANCE trigger on FECHA_REANUDACION item in CNTVAC data block...
   No compilation errors.

Compiling KEY-LISTVAL trigger on FECHA_REANUDACION item in CNTVAC data block...
   No compilation errors.

Compiling WHEN-NEW-ITEM-INSTANCE trigger on PRS_CODIGO item in CNTVAC data block...
   No compilation errors.

Compiling WHEN-NEW-ITEM-INSTANCE trigger on PRS_NOMBRES item in CNTVAC data block...
   No compilation errors.

Compiling WHEN-NEW-ITEM-INSTANCE trigger on PRS_APELLIDOS item in CNTVAC data block...
   No compilation errors.

Compiling WHEN-VALIDATE-ITEM trigger on PRS_APELLIDOS item in CNTVAC data block...
   No compilation errors.

Compiling WHEN-NEW-ITEM-INSTANCE trigger on PRMROL_CODIGO item in CNTVAC data block...
   No compilation errors.

Compiling WHEN-NEW-ITEM-INSTANCE trigger on PRMROL_EMP_CODIGO item in CNTVAC data block...
   No compilation errors.

Compiling WHEN-NEW-ITEM-INSTANCE trigger on EMPROL_EMP_CODIGO item in CNTVAC data block...
   No compilation errors.

Compiling WHEN-NEW-ITEM-INSTANCE trigger on EMPROL_CODIGO item in CNTVAC data block...
   No compilation errors.

Compiling WHEN-NEW-ITEM-INSTANCE trigger on ESTADO item in CNTVAC data block...
   No compilation errors.

Compiling WHEN-NEW-ITEM-INSTANCE trigger on OBSERVACIONES item in CNTVAC data block...
   No compilation errors.

Compiling WHEN-NEW-ITEM-INSTANCE trigger on BTN_ANULAR item in CNTVAC data block...
   No compilation errors.

Compiling WHEN-BUTTON-PRESSED trigger on BTN_ANULAR item in CNTVAC data block...
   No compilation errors.

Compiling WHEN-NEW-ITEM-INSTANCE trigger on BTN_NOVEDAD item in CNTVAC data block...
   No compilation errors.

Compiling WHEN-BUTTON-PRESSED trigger on BTN_NOVEDAD item in CNTVAC data block...
   No compilation errors.

Compiling KEY-NEXT-ITEM trigger on BTN_NOVEDAD item in CNTVAC data block...
   No compilation errors.

Compiling ON-LOCK trigger on CNTPRS data block...
   No compilation errors.

Compiling POST-INSERT trigger on CNTPRS data block...
   No compilation errors.

Compiling POST-QUERY trigger on CNTPRS data block...
   No compilation errors.

Compiling PRE-BLOCK trigger on CNTPRS data block...
   No compilation errors.

Compiling PRE-QUERY trigger on CNTPRS data block...
   No compilation errors.

Compiling WHEN-DATABASE-RECORD trigger on CNTPRS data block...
   No compilation errors.

Compiling WHEN-NEW-BLOCK-INSTANCE trigger on CNTPRS data block...
   No compilation errors.

Compiling WHEN-NEW-RECORD-INSTANCE trigger on CNTPRS data block...
   No compilation errors.

Compiling WHEN-REMOVE-RECORD trigger on CNTPRS data block...
   No compilation errors.

Compiling POST-SELECT trigger on CNTPRS data block...
   No compilation errors.

Compiling PRE-INSERT trigger on CNTPRS data block...
   No compilation errors.

Compiling KEY-DUPREC trigger on CNTPRS data block...
   No compilation errors.

Compiling PRE-UPDATE trigger on CNTPRS data block...
   No compilation errors.

Compiling ON-ERROR trigger on CNTPRS data block...
   No compilation errors.

Compiling PRE-RECORD trigger on CNTPRS data block...
   No compilation errors.

Compiling WHEN-NEW-ITEM-INSTANCE trigger on REC_ACTUAL item in CNTPRS data block...
   No compilation errors.

Compiling WHEN-NEW-ITEM-INSTANCE trigger on NUMERO item in CNTPRS data block...
   No compilation errors.

Compiling KEY-PREV-ITEM trigger on NUMERO item in CNTPRS data block...
   No compilation errors.

Compiling WHEN-NEW-ITEM-INSTANCE trigger on FECHA item in CNTPRS data block...
   No compilation errors.

Compiling KEY-LISTVAL trigger on FECHA item in CNTPRS data block...
   No compilation errors.

Compiling WHEN-NEW-ITEM-INSTANCE trigger on CANTIDAD item in CNTPRS data block...
   No compilation errors.

Compiling WHEN-NEW-ITEM-INSTANCE trigger on PRS_CODIGO item in CNTPRS data block...
   No compilation errors.

Compiling WHEN-NEW-ITEM-INSTANCE trigger on PRS_APELLIDOS item in CNTPRS data block...
   No compilation errors.

Compiling WHEN-NEW-ITEM-INSTANCE trigger on PRS_NOMBRES item in CNTPRS data block...
   No compilation errors.

Compiling WHEN-VALIDATE-ITEM trigger on PRS_NOMBRES item in CNTPRS data block...
   No compilation errors.

Compiling WHEN-NEW-ITEM-INSTANCE trigger on FECHA_INICIAL item in CNTPRS data block...
   No compilation errors.

Compiling KEY-LISTVAL trigger on FECHA_INICIAL item in CNTPRS data block...
   No compilation errors.

Compiling WHEN-NEW-ITEM-INSTANCE trigger on FECHA_FINAL item in CNTPRS data block...
   No compilation errors.

Compiling KEY-LISTVAL trigger on FECHA_FINAL item in CNTPRS data block...
   No compilation errors.

Compiling WHEN-NEW-ITEM-INSTANCE trigger on FECHA_REANUDACION item in CNTPRS data block...
   No compilation errors.

Compiling KEY-LISTVAL trigger on FECHA_REANUDACION item in CNTPRS data block...
   No compilation errors.

Compiling WHEN-NEW-ITEM-INSTANCE trigger on OBSERVACIONES item in CNTPRS data block...
   No compilation errors.

Compiling WHEN-NEW-ITEM-INSTANCE trigger on PRMROL_EMP_CODIGO item in CNTPRS data block...
   No compilation errors.

Compiling WHEN-NEW-ITEM-INSTANCE trigger on PRMROL_CODIGO item in CNTPRS data block...
   No compilation errors.

Compiling WHEN-NEW-ITEM-INSTANCE trigger on EMPROL_EMP_CODIGO item in CNTPRS data block...
   No compilation errors.

Compiling WHEN-NEW-ITEM-INSTANCE trigger on EMPROL_CODIGO item in CNTPRS data block...
   No compilation errors.

Compiling WHEN-NEW-ITEM-INSTANCE trigger on ESTADO item in CNTPRS data block...
   No compilation errors.

Compiling WHEN-NEW-ITEM-INSTANCE trigger on BTN_ANULAR item in CNTPRS data block...
   No compilation errors.

Compiling WHEN-BUTTON-PRESSED trigger on BTN_ANULAR item in CNTPRS data block...
   No compilation errors.

Compiling WHEN-NEW-ITEM-INSTANCE trigger on BTN_NOVEDAD item in CNTPRS data block...
   No compilation errors.

Compiling WHEN-BUTTON-PRESSED trigger on BTN_NOVEDAD item in CNTPRS data block...
   No compilation errors.

Compiling KEY-NEXT-ITEM trigger on BTN_NOVEDAD item in CNTPRS data block...
   No compilation errors.

Compiling KEY-CLRREC trigger on RSMANU data block...
   No compilation errors.

Compiling KEY-CREREC trigger on RSMANU data block...
   No compilation errors.

Compiling KEY-DOWN trigger on RSMANU data block...
   No compilation errors.

Compiling KEY-NXTREC trigger on RSMANU data block...
   No compilation errors.

Compiling KEY-SCRDOWN trigger on RSMANU data block...
   No compilation errors.

Compiling KEY-UP trigger on RSMANU data block...
   No compilation errors.

Compiling KEY-PRVREC trigger on RSMANU data block...
   No compilation errors.

Compiling KEY-SCRUP trigger on RSMANU data block...
   No compilation errors.

Compiling ON-ERROR trigger on RSMANU data block...
   No compilation errors.

Compiling PRE-BLOCK trigger on RSMANU data block...
   No compilation errors.

Compiling WHEN-NEW-BLOCK-INSTANCE trigger on RSMANU data block...
   No compilation errors.

Compiling WHEN-NEW-ITEM-INSTANCE trigger on REC_ACTUAL item in RSMANU data block...
   No compilation errors.

Compiling KEY-PREV-ITEM trigger on REC_ACTUAL item in RSMANU data block...
   No compilation errors.

Compiling WHEN-NEW-ITEM-INSTANCE trigger on ANIO item in RSMANU data block...
   No compilation errors.

Compiling KEY-LISTVAL trigger on ANIO item in RSMANU data block...
   No compilation errors.

Compiling POST-CHANGE trigger on ANIO item in RSMANU data block...
   No compilation errors.

Compiling WHEN-NEW-ITEM-INSTANCE trigger on TOT_ENERO item in RSMANU data block...
   No compilation errors.

Compiling WHEN-NEW-ITEM-INSTANCE trigger on TOT_FEBRERO item in RSMANU data block...
   No compilation errors.

Compiling WHEN-NEW-ITEM-INSTANCE trigger on TOT_MARZO item in RSMANU data block...
   No compilation errors.

Compiling WHEN-NEW-ITEM-INSTANCE trigger on TOT_ABRIL item in RSMANU data block...
   No compilation errors.

Compiling WHEN-NEW-ITEM-INSTANCE trigger on TOT_MAYO item in RSMANU data block...
   No compilation errors.

Compiling WHEN-NEW-ITEM-INSTANCE trigger on TOT_JUNIO item in RSMANU data block...
   No compilation errors.

Compiling WHEN-NEW-ITEM-INSTANCE trigger on TOT_JULIO item in RSMANU data block...
   No compilation errors.

Compiling WHEN-NEW-ITEM-INSTANCE trigger on TOT_AGOSTO item in RSMANU data block...
   No compilation errors.

Compiling WHEN-NEW-ITEM-INSTANCE trigger on TOT_SEPTIEMBRE item in RSMANU data block...
   No compilation errors.

Compiling WHEN-NEW-ITEM-INSTANCE trigger on TOT_OCTUBRE item in RSMANU data block...
   No compilation errors.

Compiling WHEN-NEW-ITEM-INSTANCE trigger on TOT_NOVIEMBRE item in RSMANU data block...
   No compilation errors.

Compiling WHEN-NEW-ITEM-INSTANCE trigger on TOT_DICIEMBRE item in RSMANU data block...
   No compilation errors.

Compiling KEY-NEXT-ITEM trigger on TOT_DICIEMBRE item in RSMANU data block...
   No compilation errors.

Compiling KEY-CLRREC trigger on CG$CTRL data block...
   No compilation errors.

Compiling KEY-CREREC trigger on CG$CTRL data block...
   No compilation errors.

Compiling KEY-DOWN trigger on CG$CTRL data block...
   No compilation errors.

Compiling KEY-NXTREC trigger on CG$CTRL data block...
   No compilation errors.

Compiling KEY-SCRDOWN trigger on CG$CTRL data block...
   No compilation errors.

Compiling KEY-UP trigger on CG$CTRL data block...
   No compilation errors.

Compiling KEY-PRVREC trigger on CG$CTRL data block...
   No compilation errors.

Compiling KEY-SCRUP trigger on CG$CTRL data block...
   No compilation errors.

Compiling ON-ERROR trigger on CG$CTRL data block...
   No compilation errors.

Compiling PRE-BLOCK trigger on CG$CTRL data block...
   No compilation errors.

Compiling WHEN-NEW-BLOCK-INSTANCE trigger on CG$CTRL data block...
   No compilation errors.

Compiling WHEN-NEW-ITEM-INSTANCE trigger on CG$PAGE_1_LIST item in CG$CTRL data block...
   No compilation errors.

Compiling WHEN-NEW-ITEM-INSTANCE trigger on CG$WINDOWCALENDAR_PAGE item in CG$CTRL data block...
   No compilation errors.

Compiling WHEN-NEW-ITEM-INSTANCE trigger on CG$WINDOWCONTROL_DE_PERSONAL_P item in CG$CTRL data block...
   No compilation errors.

Compiling WHEN-NEW-ITEM-INSTANCE trigger on CG$WINDOWQMS$HIDDEN_ITEMS_PAGE item in CG$CTRL data block...
   No compilation errors.

Compiling WHEN-NEW-ITEM-INSTANCE trigger on CG$LAST_CANVAS item in CG$CTRL data block...
   No compilation errors.


Created form file m:\SAS\BIN\RDP\frm\rolcntprs.fmx
