Compiling package specification CG$ROLINTPRS_GLOBALS... 
   No compilation errors.

Compiling procedure CGDV$POPULATE_DYNAMIC_LISTS... 
   No compilation errors.

Compiling procedure CGUV$CHK_OCPEMP_PK... 
   No compilation errors.

Compiling procedure CGUV$CHK_CRGEMP_PK... 
   No compilation errors.

Compiling procedure CGUI$GET_NEXT_EMPROL_SEQ... 
   No compilation errors.

Compiling procedure CGFK$QRY_EMPROL_EMPROL_CRGEMP_... 
   No compilation errors.

Compiling procedure CGSF$CLR_EMPROL_EMPROL_CRGEMP_... 
   No compilation errors.

Compiling procedure CGFK$CHK_EMPROL_EMPROL_DPR_FK... 
   No compilation errors.

Compiling procedure CGFK$CHK_EMPROL_EMPROL_CRGEMP_... 
   No compilation errors.

Compiling procedure CGFK$CHK_EMPROL_EMPROL_PRFEMP_... 
   No compilation errors.

Compiling procedure CGSF$CLR_EMPROL_EMPROL_PRQ_FK... 
   No compilation errors.

Compiling procedure CGFK$CHK_EMPROL_EMPROL_PRQ_FK... 
   No compilation errors.

Compiling procedure CGFK$QRY_EMPROL_EMPROL_PRQ_FK... 
   No compilation errors.

Compiling procedure CGUV$CHK_EMPROL_UK... 
   No compilation errors.

Compiling procedure CGUV$CHK_EMPROL_CEDULA_UK... 
   No compilation errors.

Compiling procedure CGFK$QRY_PRMNVD_PRMNVDPRS_PRMR... 
   No compilation errors.

Compiling procedure CGSF$CLR_PRMNVD_PRMNVDPRS_PRMR... 
   No compilation errors.

Compiling procedure CGUV$CHK_PRMNVDPRS_PK... 
   No compilation errors.

Compiling procedure CGUV$CHK_PRMNVDPRS_UK... 
   No compilation errors.

Compiling procedure CGRI$CHK_OCUPACIONES_EMPLEADOS... 
   No compilation errors.

Compiling function CGTE$CHECK_CONSTRAINT_VIO... 
   No compilation errors.

Compiling procedure CGTE$OCPEMP_ERRORS... 
   No compilation errors.

Compiling procedure CGTE$CRGPRS_ERRORS... 
   No compilation errors.

Compiling procedure CGTE$CRG_ERRORS... 
   No compilation errors.

Compiling procedure CGTE$EMPPRS_ERRORS... 
   No compilation errors.

Compiling procedure CGTE$EMPROL_ERRORS... 
   No compilation errors.

Compiling procedure CGTE$PRMNVD_ERRORS... 
   No compilation errors.

Compiling procedure CGLY$DISPLAY_CANVASES... 
   No compilation errors.

Compiling procedure CGLY$GET_RELATED_CANVASES... 
   No compilation errors.

Compiling procedure CGLY$CANVAS_MANAGEMENT... 
   No compilation errors.

Compiling procedure ACTUALIZA_DATOS_EMPLEADO... 
   No compilation errors.

Compiling procedure ACTUALIZA_INGRESOS_SALIDAS... 
   No compilation errors.

Compiling procedure GENERAR_GARGOS... 
   No compilation errors.

Compiling procedure GENERA_EMPLEADOS... 
   No compilation errors.

Compiling procedure GENERA_PARAMETROS_EMPLEADO... 
   No compilation errors.

Compiling procedure MARCAR_DATOS... 
   No compilation errors.

Compiling PRE-COMMIT trigger on form...
   No compilation errors.

Compiling QMS$CUSTOM_HELP trigger on form...
   No compilation errors.

Compiling POST-FORM trigger on form...
   No compilation errors.

Compiling CALENDAR_WROTE_DATE trigger on form...
   No compilation errors.

Compiling KEY-EXIT trigger on form...
   No compilation errors.

Compiling POST-FORMS-COMMIT trigger on form...
   No compilation errors.

Compiling KEY-CLRFRM trigger on form...
   No compilation errors.

Compiling KEY-HELP trigger on form...
   No compilation errors.

Compiling KEY-MENU trigger on form...
   No compilation errors.

Compiling ON-ERROR trigger on form...
   No compilation errors.

Compiling ON-MESSAGE trigger on form...
   No compilation errors.

Compiling PRE-FORM trigger on form...
   No compilation errors.

Compiling QUERY_FIND trigger on form...
   No compilation errors.

Compiling QMS$MENU_ITEM trigger on form...
   No compilation errors.

Compiling WHEN-NEW-BLOCK-INSTANCE trigger on form...
   No compilation errors.

Compiling WHEN-NEW-FORM-INSTANCE trigger on form...
   No compilation errors.

Compiling WHEN-WINDOW-CLOSED trigger on form...
   No compilation errors.

Compiling WHEN-WINDOW-ACTIVATED trigger on form...
   No compilation errors.

Compiling WHEN-WINDOW-RESIZED trigger on form...
   No compilation errors.

Compiling WHEN-TAB-PAGE-CHANGED trigger on form...
   No compilation errors.

Compiling POST-TEXT-ITEM trigger on form...
   No compilation errors.

Compiling WHEN-FORM-NAVIGATE trigger on form...
   No compilation errors.

Compiling KEY-CLRREC trigger on QMS$TRANS_ERRORS data block...
   No compilation errors.

Compiling KEY-CREREC trigger on QMS$TRANS_ERRORS data block...
   No compilation errors.

Compiling KEY-DOWN trigger on QMS$TRANS_ERRORS data block...
   No compilation errors.

Compiling KEY-NXTREC trigger on QMS$TRANS_ERRORS data block...
   No compilation errors.

Compiling KEY-SCRDOWN trigger on QMS$TRANS_ERRORS data block...
   No compilation errors.

Compiling KEY-UP trigger on QMS$TRANS_ERRORS data block...
   No compilation errors.

Compiling KEY-PRVREC trigger on QMS$TRANS_ERRORS data block...
   No compilation errors.

Compiling KEY-SCRUP trigger on QMS$TRANS_ERRORS data block...
   No compilation errors.

Compiling ON-ERROR trigger on QMS$TRANS_ERRORS data block...
   No compilation errors.

Compiling PRE-BLOCK trigger on QMS$TRANS_ERRORS data block...
   No compilation errors.

Compiling WHEN-NEW-BLOCK-INSTANCE trigger on QMS$TRANS_ERRORS data block...
   No compilation errors.

Compiling ON-LOCK trigger on QMS$TRANS_ERRORS data block...
   No compilation errors.

Compiling WHEN-VALIDATE-RECORD trigger on QMS$TRANS_ERRORS data block...
   No compilation errors.

Compiling WHEN-BUTTON-PRESSED trigger on QMS$TRANS_ERRORS data block...
   No compilation errors.

Compiling WHEN-LIST-ACTIVATED trigger on QMS$TRANS_ERRORS data block...
   No compilation errors.

Compiling WHEN-NEW-ITEM-INSTANCE trigger on OK_BUTTON item in QMS$TRANS_ERRORS data block...
   No compilation errors.

Compiling WHEN-BUTTON-PRESSED trigger on OK_BUTTON item in QMS$TRANS_ERRORS data block...
   No compilation errors.

Compiling KEY-PREV-ITEM trigger on OK_BUTTON item in QMS$TRANS_ERRORS data block...
   No compilation errors.

Compiling WHEN-LIST-CHANGED trigger on MESSAGES item in QMS$TRANS_ERRORS data block...
   No compilation errors.

Compiling WHEN-NEW-ITEM-INSTANCE trigger on HELP_BUTTON item in QMS$TRANS_ERRORS data block...
   No compilation errors.

Compiling WHEN-BUTTON-PRESSED trigger on HELP_BUTTON item in QMS$TRANS_ERRORS data block...
   No compilation errors.

Compiling KEY-NEXT-ITEM trigger on HELP_BUTTON item in QMS$TRANS_ERRORS data block...
   No compilation errors.

Compiling WHEN-NEW-ITEM-INSTANCE trigger on OK_BUTTON_MODAL item in QMS$TRANS_ERRORS data block...
   No compilation errors.

Compiling WHEN-BUTTON-PRESSED trigger on OK_BUTTON_MODAL item in QMS$TRANS_ERRORS data block...
   No compilation errors.

Compiling KEY-PREV-ITEM trigger on OK_BUTTON_MODAL item in QMS$TRANS_ERRORS data block...
   No compilation errors.

Compiling WHEN-LIST-CHANGED trigger on MESSAGES_MODAL item in QMS$TRANS_ERRORS data block...
   No compilation errors.

Compiling WHEN-NEW-ITEM-INSTANCE trigger on HELP_BUTTON_MODAL item in QMS$TRANS_ERRORS data block...
   No compilation errors.

Compiling WHEN-BUTTON-PRESSED trigger on HELP_BUTTON_MODAL item in QMS$TRANS_ERRORS data block...
   No compilation errors.

Compiling KEY-NEXT-ITEM trigger on HELP_BUTTON_MODAL item in QMS$TRANS_ERRORS data block...
   No compilation errors.

Compiling WHEN-NEW-ITEM-INSTANCE trigger on RETURN_TO_BLOCK item in QMS$TRANS_ERRORS data block...
   No compilation errors.

Compiling WHEN-RADIO-CHANGED trigger on CALENDAR data block...
   No compilation errors.

Compiling KEY-OTHERS trigger on CALENDAR data block...
   No compilation errors.

Compiling KEY-NEXT-ITEM trigger on CALENDAR data block...
   No compilation errors.

Compiling KEY-PREV-ITEM trigger on CALENDAR data block...
   No compilation errors.

Compiling KEY-ENTER trigger on CALENDAR data block...
   No compilation errors.

Compiling WHEN-BUTTON-PRESSED trigger on CALENDAR data block...
   No compilation errors.

Compiling WHEN-LIST-CHANGED trigger on CALENDAR data block...
   No compilation errors.

Compiling WHEN-MOUSE-CLICK trigger on CALENDAR data block...
   No compilation errors.

Compiling KEY-DOWN trigger on CALENDAR data block...
   No compilation errors.

Compiling KEY-UP trigger on CALENDAR data block...
   No compilation errors.

Compiling KEY-NXTREC trigger on CALENDAR data block...
   No compilation errors.

Compiling KEY-PRVREC trigger on CALENDAR data block...
   No compilation errors.

Compiling WHEN-MOUSE-DOUBLECLICK trigger on CALENDAR data block...
   No compilation errors.

Compiling WHEN-NEW-ITEM-INSTANCE trigger on HOUR item in CALENDAR data block...
   No compilation errors.

Compiling WHEN-NEW-ITEM-INSTANCE trigger on MINUTE item in CALENDAR data block...
   No compilation errors.

Compiling WHEN-NEW-ITEM-INSTANCE trigger on OK item in CALENDAR data block...
   No compilation errors.

Compiling WHEN-BUTTON-PRESSED trigger on OK item in CALENDAR data block...
   No compilation errors.

Compiling KEY-PREV-ITEM trigger on OK item in CALENDAR data block...
   No compilation errors.

Compiling WHEN-NEW-ITEM-INSTANCE trigger on CANCEL item in CALENDAR data block...
   No compilation errors.

Compiling WHEN-BUTTON-PRESSED trigger on CANCEL item in CALENDAR data block...
   No compilation errors.

Compiling KEY-NEXT-ITEM trigger on MONTH_AND_YEAR item in CALENDAR data block...
   No compilation errors.

Compiling WHEN-MOUSE-CLICK trigger on PREV_MONTH item in CALENDAR data block...
   No compilation errors.

Compiling WHEN-MOUSE-CLICK trigger on NEXT_MONTH item in CALENDAR data block...
   No compilation errors.

Compiling WHEN-MOUSE-CLICK trigger on NEXT_YEAR item in CALENDAR data block...
   No compilation errors.

Compiling WHEN-MOUSE-CLICK trigger on PREV_YEAR item in CALENDAR data block...
   No compilation errors.

Compiling WHEN-NEW-ITEM-INSTANCE trigger on AM_PM item in CALENDAR data block...
   No compilation errors.

Compiling WHEN-BUTTON-PRESSED trigger on QMS$TOOLBAR data block...
   No compilation errors.

Compiling WHEN-LIST-CHANGED trigger on ORDER_BY item in QMS$TOOLBAR data block...
   No compilation errors.

Compiling ON-LOCK trigger on OCPEMP data block...
   No compilation errors.

Compiling POST-INSERT trigger on OCPEMP data block...
   No compilation errors.

Compiling POST-QUERY trigger on OCPEMP data block...
   No compilation errors.

Compiling PRE-BLOCK trigger on OCPEMP data block...
   No compilation errors.

Compiling PRE-QUERY trigger on OCPEMP data block...
   No compilation errors.

Compiling WHEN-DATABASE-RECORD trigger on OCPEMP data block...
   No compilation errors.

Compiling WHEN-NEW-BLOCK-INSTANCE trigger on OCPEMP data block...
   No compilation errors.

Compiling WHEN-NEW-RECORD-INSTANCE trigger on OCPEMP data block...
   No compilation errors.

Compiling WHEN-REMOVE-RECORD trigger on OCPEMP data block...
   No compilation errors.

Compiling POST-SELECT trigger on OCPEMP data block...
   No compilation errors.

Compiling KEY-DELREC trigger on OCPEMP data block...
   No compilation errors.

Compiling ON-ERROR trigger on OCPEMP data block...
   No compilation errors.

Compiling WHEN-NEW-ITEM-INSTANCE trigger on REC_ACTUAL item in OCPEMP data block...
   No compilation errors.

Compiling WHEN-NEW-ITEM-INSTANCE trigger on CODIGO item in OCPEMP data block...
   No compilation errors.

Compiling WHEN-VALIDATE-ITEM trigger on CODIGO item in OCPEMP data block...
   No compilation errors.

Compiling KEY-PREV-ITEM trigger on CODIGO item in OCPEMP data block...
   No compilation errors.

Compiling WHEN-NEW-ITEM-INSTANCE trigger on DESCRIPCION item in OCPEMP data block...
   No compilation errors.

Compiling WHEN-NEW-ITEM-INSTANCE trigger on CODIGO_IESS item in OCPEMP data block...
   No compilation errors.

Compiling WHEN-NEW-ITEM-INSTANCE trigger on ESTADO_DE_DISPONIBILIDAD item in OCPEMP data block...
   No compilation errors.

Compiling KEY-NEXT-ITEM trigger on ESTADO_DE_DISPONIBILIDAD item in OCPEMP data block...
   No compilation errors.

Compiling ON-LOCK trigger on CRGPRS data block...
   No compilation errors.

Compiling POST-INSERT trigger on CRGPRS data block...
   No compilation errors.

Compiling POST-QUERY trigger on CRGPRS data block...
   No compilation errors.

Compiling PRE-BLOCK trigger on CRGPRS data block...
   No compilation errors.

Compiling PRE-QUERY trigger on CRGPRS data block...
   No compilation errors.

Compiling WHEN-DATABASE-RECORD trigger on CRGPRS data block...
   No compilation errors.

Compiling WHEN-NEW-BLOCK-INSTANCE trigger on CRGPRS data block...
   No compilation errors.

Compiling WHEN-NEW-RECORD-INSTANCE trigger on CRGPRS data block...
   No compilation errors.

Compiling WHEN-REMOVE-RECORD trigger on CRGPRS data block...
   No compilation errors.

Compiling POST-SELECT trigger on CRGPRS data block...
   No compilation errors.

Compiling ON-ERROR trigger on CRGPRS data block...
   No compilation errors.

Compiling WHEN-NEW-ITEM-INSTANCE trigger on CODIGO2 item in CRGPRS data block...
   No compilation errors.

Compiling WHEN-NEW-ITEM-INSTANCE trigger on DESCRIPCION2 item in CRGPRS data block...
   No compilation errors.

Compiling KEY-PREV-ITEM trigger on DESCRIPCION2 item in CRGPRS data block...
   No compilation errors.

Compiling WHEN-NEW-ITEM-INSTANCE trigger on BTN_COPIAR item in CRGPRS data block...
   No compilation errors.

Compiling WHEN-BUTTON-PRESSED trigger on BTN_COPIAR item in CRGPRS data block...
   No compilation errors.

Compiling KEY-NEXT-ITEM trigger on BTN_COPIAR item in CRGPRS data block...
   No compilation errors.

Compiling ON-LOCK trigger on CRG data block...
   No compilation errors.

Compiling POST-INSERT trigger on CRG data block...
   No compilation errors.

Compiling POST-QUERY trigger on CRG data block...
   No compilation errors.

Compiling PRE-BLOCK trigger on CRG data block...
   No compilation errors.

Compiling PRE-QUERY trigger on CRG data block...
   No compilation errors.

Compiling WHEN-DATABASE-RECORD trigger on CRG data block...
   No compilation errors.

Compiling WHEN-NEW-BLOCK-INSTANCE trigger on CRG data block...
   No compilation errors.

Compiling WHEN-NEW-RECORD-INSTANCE trigger on CRG data block...
   No compilation errors.

Compiling WHEN-REMOVE-RECORD trigger on CRG data block...
   No compilation errors.

Compiling POST-SELECT trigger on CRG data block...
   No compilation errors.

Compiling ON-ERROR trigger on CRG data block...
   No compilation errors.

Compiling WHEN-NEW-ITEM-INSTANCE trigger on REC_ACTUAL item in CRG data block...
   No compilation errors.

Compiling WHEN-NEW-ITEM-INSTANCE trigger on EMP_CODIGO item in CRG data block...
   No compilation errors.

Compiling WHEN-NEW-ITEM-INSTANCE trigger on CODIGO item in CRG data block...
   No compilation errors.

Compiling WHEN-NEW-ITEM-INSTANCE trigger on DESCRIPCION item in CRG data block...
   No compilation errors.

Compiling KEY-PREV-ITEM trigger on DESCRIPCION item in CRG data block...
   No compilation errors.

Compiling WHEN-NEW-ITEM-INSTANCE trigger on ESTADO_DE_DISPONIBILIDAD item in CRG data block...
   No compilation errors.

Compiling WHEN-NEW-ITEM-INSTANCE trigger on GRADO item in CRG data block...
   No compilation errors.

Compiling WHEN-NEW-ITEM-INSTANCE trigger on GRADO_RESPONSABILIDAD item in CRG data block...
   No compilation errors.

Compiling KEY-NEXT-ITEM trigger on GRADO_RESPONSABILIDAD item in CRG data block...
   No compilation errors.

Compiling ON-LOCK trigger on EMPPRS data block...
   No compilation errors.

Compiling POST-INSERT trigger on EMPPRS data block...
   No compilation errors.

Compiling POST-QUERY trigger on EMPPRS data block...
   No compilation errors.

Compiling PRE-BLOCK trigger on EMPPRS data block...
   No compilation errors.

Compiling PRE-QUERY trigger on EMPPRS data block...
   No compilation errors.

Compiling WHEN-DATABASE-RECORD trigger on EMPPRS data block...
   No compilation errors.

Compiling WHEN-NEW-BLOCK-INSTANCE trigger on EMPPRS data block...
   No compilation errors.

Compiling WHEN-NEW-RECORD-INSTANCE trigger on EMPPRS data block...
   No compilation errors.

Compiling WHEN-REMOVE-RECORD trigger on EMPPRS data block...
   No compilation errors.

Compiling POST-SELECT trigger on EMPPRS data block...
   No compilation errors.

Compiling ON-ERROR trigger on EMPPRS data block...
   No compilation errors.

Compiling WHEN-NEW-ITEM-INSTANCE trigger on SEL item in EMPPRS data block...
   No compilation errors.

Compiling KEY-PREV-ITEM trigger on SEL item in EMPPRS data block...
   No compilation errors.

Compiling WHEN-NEW-ITEM-INSTANCE trigger on CEDULA item in EMPPRS data block...
   No compilation errors.

Compiling WHEN-NEW-ITEM-INSTANCE trigger on APELLIDOS item in EMPPRS data block...
   No compilation errors.

Compiling WHEN-NEW-ITEM-INSTANCE trigger on NOMBRES item in EMPPRS data block...
   No compilation errors.

Compiling WHEN-NEW-ITEM-INSTANCE trigger on FECHA_NACIMIENTO item in EMPPRS data block...
   No compilation errors.

Compiling KEY-LISTVAL trigger on FECHA_NACIMIENTO item in EMPPRS data block...
   No compilation errors.

Compiling WHEN-NEW-ITEM-INSTANCE trigger on SEXO item in EMPPRS data block...
   No compilation errors.

Compiling WHEN-NEW-ITEM-INSTANCE trigger on ESTADO_CIVIL item in EMPPRS data block...
   No compilation errors.

Compiling WHEN-NEW-ITEM-INSTANCE trigger on PROVINCIA item in EMPPRS data block...
   No compilation errors.

Compiling WHEN-NEW-ITEM-INSTANCE trigger on CANTON item in EMPPRS data block...
   No compilation errors.

Compiling WHEN-NEW-ITEM-INSTANCE trigger on PARROQUIA item in EMPPRS data block...
   No compilation errors.

Compiling WHEN-NEW-ITEM-INSTANCE trigger on TELEFONO item in EMPPRS data block...
   No compilation errors.

Compiling WHEN-NEW-ITEM-INSTANCE trigger on DIRECCION item in EMPPRS data block...
   No compilation errors.

Compiling WHEN-NEW-ITEM-INSTANCE trigger on CARNE_SEGURO item in EMPPRS data block...
   No compilation errors.

Compiling WHEN-NEW-ITEM-INSTANCE trigger on FECHA_INGRESO item in EMPPRS data block...
   No compilation errors.

Compiling KEY-LISTVAL trigger on FECHA_INGRESO item in EMPPRS data block...
   No compilation errors.

Compiling WHEN-NEW-ITEM-INSTANCE trigger on TIPO item in EMPPRS data block...
   No compilation errors.

Compiling WHEN-NEW-ITEM-INSTANCE trigger on CRG_CODIGO item in EMPPRS data block...
   No compilation errors.

Compiling WHEN-NEW-ITEM-INSTANCE trigger on CRG_DESCRIPCION item in EMPPRS data block...
   No compilation errors.

Compiling WHEN-NEW-ITEM-INSTANCE trigger on DPR_CODIGO item in EMPPRS data block...
   No compilation errors.

Compiling WHEN-NEW-ITEM-INSTANCE trigger on DPR_DESCRIPCION item in EMPPRS data block...
   No compilation errors.

Compiling WHEN-NEW-ITEM-INSTANCE trigger on OBSERVACIONES item in EMPPRS data block...
   No compilation errors.

Compiling WHEN-NEW-ITEM-INSTANCE trigger on BTN_COPIAR item in EMPPRS data block...
   No compilation errors.

Compiling WHEN-BUTTON-PRESSED trigger on BTN_COPIAR item in EMPPRS data block...
   No compilation errors.

Compiling KEY-NEXT-ITEM trigger on BTN_COPIAR item in EMPPRS data block...
   No compilation errors.

Compiling ON-LOCK trigger on EMPROL data block...
   No compilation errors.

Compiling POST-INSERT trigger on EMPROL data block...
   No compilation errors.

Compiling POST-QUERY trigger on EMPROL data block...
   No compilation errors.

Compiling PRE-BLOCK trigger on EMPROL data block...
   No compilation errors.

Compiling PRE-QUERY trigger on EMPROL data block...
   No compilation errors.

Compiling WHEN-DATABASE-RECORD trigger on EMPROL data block...
   No compilation errors.

Compiling WHEN-NEW-BLOCK-INSTANCE trigger on EMPROL data block...
   No compilation errors.

Compiling WHEN-NEW-RECORD-INSTANCE trigger on EMPROL data block...
   No compilation errors.

Compiling WHEN-REMOVE-RECORD trigger on EMPROL data block...
   No compilation errors.

Compiling POST-SELECT trigger on EMPROL data block...
   No compilation errors.

Compiling WHEN-CREATE-RECORD trigger on EMPROL data block...
   No compilation errors.

Compiling PRE-INSERT trigger on EMPROL data block...
   No compilation errors.

Compiling KEY-DUPREC trigger on EMPROL data block...
   No compilation errors.

Compiling PRE-UPDATE trigger on EMPROL data block...
   No compilation errors.

Compiling ON-ERROR trigger on EMPROL data block...
   No compilation errors.

Compiling POST-UPDATE trigger on EMPROL data block...
   No compilation errors.

Compiling WHEN-NEW-ITEM-INSTANCE trigger on EMP_CODIGO item in EMPROL data block...
   No compilation errors.

Compiling WHEN-NEW-ITEM-INSTANCE trigger on CODIGO item in EMPROL data block...
   No compilation errors.

Compiling WHEN-NEW-ITEM-INSTANCE trigger on CEDULA item in EMPROL data block...
   No compilation errors.

Compiling WHEN-VALIDATE-ITEM trigger on CEDULA item in EMPROL data block...
   No compilation errors.

Compiling KEY-PREV-ITEM trigger on CEDULA item in EMPROL data block...
   No compilation errors.

Compiling WHEN-NEW-ITEM-INSTANCE trigger on APELLIDOS item in EMPROL data block...
   No compilation errors.

Compiling WHEN-NEW-ITEM-INSTANCE trigger on NOMBRES item in EMPROL data block...
   No compilation errors.

Compiling WHEN-NEW-ITEM-INSTANCE trigger on FECHA_DE_NACIMIENTO item in EMPROL data block...
   No compilation errors.

Compiling KEY-LISTVAL trigger on FECHA_DE_NACIMIENTO item in EMPROL data block...
   No compilation errors.

Compiling WHEN-NEW-ITEM-INSTANCE trigger on SEXO item in EMPROL data block...
   No compilation errors.

Compiling WHEN-NEW-ITEM-INSTANCE trigger on ESTADO_CIVIL item in EMPROL data block...
   No compilation errors.

Compiling WHEN-NEW-ITEM-INSTANCE trigger on PRQ_CNT_PRV_CODIGO item in EMPROL data block...
   No compilation errors.

Compiling WHEN-VALIDATE-ITEM trigger on PRQ_CNT_PRV_CODIGO item in EMPROL data block...
   No compilation errors.

Compiling WHEN-NEW-ITEM-INSTANCE trigger on PRQ_CNT_CODIGO item in EMPROL data block...
   No compilation errors.

Compiling WHEN-VALIDATE-ITEM trigger on PRQ_CNT_CODIGO item in EMPROL data block...
   No compilation errors.

Compiling WHEN-NEW-ITEM-INSTANCE trigger on PRQ_CODIGO item in EMPROL data block...
   No compilation errors.

Compiling WHEN-VALIDATE-ITEM trigger on PRQ_CODIGO item in EMPROL data block...
   No compilation errors.

Compiling WHEN-NEW-ITEM-INSTANCE trigger on PRV_PROVINCIA item in EMPROL data block...
   No compilation errors.

Compiling WHEN-NEW-ITEM-INSTANCE trigger on CNT_CANTON item in EMPROL data block...
   No compilation errors.

Compiling WHEN-NEW-ITEM-INSTANCE trigger on PRQ_PARROQUIA item in EMPROL data block...
   No compilation errors.

Compiling WHEN-NEW-ITEM-INSTANCE trigger on TELEFONO item in EMPROL data block...
   No compilation errors.

Compiling WHEN-NEW-ITEM-INSTANCE trigger on DIRECCION item in EMPROL data block...
   No compilation errors.

Compiling WHEN-NEW-ITEM-INSTANCE trigger on FECHA_DE_INGRESO item in EMPROL data block...
   No compilation errors.

Compiling KEY-LISTVAL trigger on FECHA_DE_INGRESO item in EMPROL data block...
   No compilation errors.

Compiling WHEN-NEW-ITEM-INSTANCE trigger on PRFEMP_CODIGO item in EMPROL data block...
   No compilation errors.

Compiling WHEN-VALIDATE-ITEM trigger on PRFEMP_CODIGO item in EMPROL data block...
   No compilation errors.

Compiling WHEN-NEW-ITEM-INSTANCE trigger on CARNET_IESS item in EMPROL data block...
   No compilation errors.

Compiling WHEN-NEW-ITEM-INSTANCE trigger on CRGEMP_CODIGO item in EMPROL data block...
   No compilation errors.

Compiling WHEN-VALIDATE-ITEM trigger on CRGEMP_CODIGO item in EMPROL data block...
   No compilation errors.

Compiling WHEN-NEW-ITEM-INSTANCE trigger on DESCRIPCION2 item in EMPROL data block...
   No compilation errors.

Compiling WHEN-NEW-ITEM-INSTANCE trigger on DPR_CODIGO item in EMPROL data block...
   No compilation errors.

Compiling WHEN-VALIDATE-ITEM trigger on DPR_CODIGO item in EMPROL data block...
   No compilation errors.

Compiling WHEN-NEW-ITEM-INSTANCE trigger on TERCERIZADORA item in EMPROL data block...
   No compilation errors.

Compiling WHEN-NEW-ITEM-INSTANCE trigger on CUENTA_BANCARIA item in EMPROL data block...
   No compilation errors.

Compiling WHEN-NEW-ITEM-INSTANCE trigger on CUENTA_PAGO item in EMPROL data block...
   No compilation errors.

Compiling WHEN-NEW-ITEM-INSTANCE trigger on FECHA_DE_SALIDA item in EMPROL data block...
   No compilation errors.

Compiling KEY-LISTVAL trigger on FECHA_DE_SALIDA item in EMPROL data block...
   No compilation errors.

Compiling WHEN-NEW-ITEM-INSTANCE trigger on TIPO_EMPLEADO item in EMPROL data block...
   No compilation errors.

Compiling WHEN-NEW-ITEM-INSTANCE trigger on CNT_PRV_CODIGO item in EMPROL data block...
   No compilation errors.

Compiling WHEN-NEW-ITEM-INSTANCE trigger on CNT_CODIGO item in EMPROL data block...
   No compilation errors.

Compiling WHEN-NEW-ITEM-INSTANCE trigger on BTN_VERIFICAR item in EMPROL data block...
   No compilation errors.

Compiling WHEN-BUTTON-PRESSED trigger on BTN_VERIFICAR item in EMPROL data block...
   No compilation errors.

Compiling KEY-NEXT-ITEM trigger on BTN_VERIFICAR item in EMPROL data block...
   No compilation errors.

Compiling WHEN-NEW-ITEM-INSTANCE trigger on EMP_CONTROL item in EMPROL data block...
   No compilation errors.

Compiling WHEN-NEW-ITEM-INSTANCE trigger on PRV_CODIGO item in EMPROL data block...
   No compilation errors.

Compiling WHEN-NEW-ITEM-INSTANCE trigger on CODIGO_CONTROL item in EMPROL data block...
   No compilation errors.

Compiling WHEN-NEW-ITEM-INSTANCE trigger on PER_ID item in EMPROL data block...
   No compilation errors.

Compiling WHEN-NEW-ITEM-INSTANCE trigger on ESTADO_DE_DISPONIBILIDAD item in EMPROL data block...
   No compilation errors.

Compiling WHEN-NEW-ITEM-INSTANCE trigger on ESTADO_LABORAL item in EMPROL data block...
   No compilation errors.

Compiling WHEN-NEW-ITEM-INSTANCE trigger on DPR_ARA_CODIGO item in EMPROL data block...
   No compilation errors.

Compiling WHEN-NEW-ITEM-INSTANCE trigger on OBSERVACIONES item in EMPROL data block...
   No compilation errors.

Compiling WHEN-NEW-ITEM-INSTANCE trigger on PRFEMP_EMP_CODIGO item in EMPROL data block...
   No compilation errors.

Compiling WHEN-NEW-ITEM-INSTANCE trigger on CRGEMP_EMP_CODIGO item in EMPROL data block...
   No compilation errors.

Compiling ON-LOCK trigger on PRMNVD data block...
   No compilation errors.

Compiling POST-INSERT trigger on PRMNVD data block...
   No compilation errors.

Compiling POST-QUERY trigger on PRMNVD data block...
   No compilation errors.

Compiling PRE-BLOCK trigger on PRMNVD data block...
   No compilation errors.

Compiling PRE-QUERY trigger on PRMNVD data block...
   No compilation errors.

Compiling WHEN-DATABASE-RECORD trigger on PRMNVD data block...
   No compilation errors.

Compiling WHEN-NEW-BLOCK-INSTANCE trigger on PRMNVD data block...
   No compilation errors.

Compiling WHEN-NEW-RECORD-INSTANCE trigger on PRMNVD data block...
   No compilation errors.

Compiling WHEN-REMOVE-RECORD trigger on PRMNVD data block...
   No compilation errors.

Compiling POST-SELECT trigger on PRMNVD data block...
   No compilation errors.

Compiling ON-ERROR trigger on PRMNVD data block...
   No compilation errors.

Compiling WHEN-NEW-ITEM-INSTANCE trigger on PRMROL_CODIGO item in PRMNVD data block...
   No compilation errors.

Compiling WHEN-VALIDATE-ITEM trigger on PRMROL_CODIGO item in PRMNVD data block...
   No compilation errors.

Compiling KEY-PREV-ITEM trigger on PRMROL_CODIGO item in PRMNVD data block...
   No compilation errors.

Compiling WHEN-NEW-ITEM-INSTANCE trigger on L_PRMROL_NOMBRE item in PRMNVD data block...
   No compilation errors.

Compiling WHEN-NEW-ITEM-INSTANCE trigger on NOVEDAD item in PRMNVD data block...
   No compilation errors.

Compiling WHEN-VALIDATE-ITEM trigger on NOVEDAD item in PRMNVD data block...
   No compilation errors.

Compiling KEY-NEXT-ITEM trigger on NOVEDAD item in PRMNVD data block...
   No compilation errors.

Compiling WHEN-NEW-ITEM-INSTANCE trigger on PRMROL_EMP_CODIGO item in PRMNVD data block...
   No compilation errors.

Compiling KEY-CLRREC trigger on CG$CTRL data block...
   No compilation errors.

Compiling KEY-CREREC trigger on CG$CTRL data block...
   No compilation errors.

Compiling KEY-DOWN trigger on CG$CTRL data block...
   No compilation errors.

Compiling KEY-NXTREC trigger on CG$CTRL data block...
   No compilation errors.

Compiling KEY-SCRDOWN trigger on CG$CTRL data block...
   No compilation errors.

Compiling KEY-UP trigger on CG$CTRL data block...
   No compilation errors.

Compiling KEY-PRVREC trigger on CG$CTRL data block...
   No compilation errors.

Compiling KEY-SCRUP trigger on CG$CTRL data block...
   No compilation errors.

Compiling ON-ERROR trigger on CG$CTRL data block...
   No compilation errors.

Compiling PRE-BLOCK trigger on CG$CTRL data block...
   No compilation errors.

Compiling WHEN-NEW-BLOCK-INSTANCE trigger on CG$CTRL data block...
   No compilation errors.

Compiling WHEN-NEW-ITEM-INSTANCE trigger on CG$PAGE_1_LIST item in CG$CTRL data block...
   No compilation errors.

Compiling WHEN-NEW-ITEM-INSTANCE trigger on CG$WINDOWQMS$TRANS_ERRORS_PAGE item in CG$CTRL data block...
   No compilation errors.

Compiling WHEN-NEW-ITEM-INSTANCE trigger on CG$WINDOWREGISTRAR_FICHA_EMPLE item in CG$CTRL data block...
   No compilation errors.

Compiling WHEN-NEW-ITEM-INSTANCE trigger on CG$WINDOWQMS$TRANS_ERRORS_MODA item in CG$CTRL data block...
   No compilation errors.

Compiling WHEN-NEW-ITEM-INSTANCE trigger on CG$WINDOWCALENDAR_PAGE item in CG$CTRL data block...
   No compilation errors.

Compiling WHEN-NEW-ITEM-INSTANCE trigger on CG$WINDOWQMS$HIDDEN_ITEMS_PAGE item in CG$CTRL data block...
   No compilation errors.

Compiling WHEN-NEW-ITEM-INSTANCE trigger on CG$LAST_CANVAS item in CG$CTRL data block...
   No compilation errors.


Created form file M:\sas\bin\RDP\frm\rolintprs.fmx
