Compiling package specification CG$CNTINGCMP_GLOBALS... 
   No compilation errors.

Compiling package specification CNT... 
   No compilation errors.

Compiling procedure CG$WHEN_NEW_FORM_INSTANCE... 
   No compilation errors.

Compiling procedure CGFK$QRY_CMP_CMP_VSTTPSCMP_FK... 
   No compilation errors.

Compiling procedure CGFK$CHK_CMP_CMP_VSTTPSCMP_FK... 
   No compilation errors.

Compiling procedure CGSF$CLRLU_CMP_CMP_VSTTPSCMP_F... 
   No compilation errors.

Compiling procedure CGFK$CHK_CMP_CMP_TPOCMPEMP_FK... 
   No compilation errors.

Compiling procedure CGUV$CHK_CMP_PK... 
   No compilation errors.

Compiling procedure CGCD$SYNC_SRVR_CMP... 
   No compilation errors.

Compiling procedure CGFK$CHK_ASCCMP_ASCCMP_CMP_FK... 
   No compilation errors.

Compiling procedure CGFK$CHK_ASCCMP_ASCCMP_ASCTPOC... 
   No compilation errors.

Compiling procedure CGUV$CHK_ASCCMP_PK... 
   No compilation errors.

Compiling procedure CGUI$GET_NEXT_MVM_SEQ... 
   No compilation errors.

Compiling procedure CGFK$QRY_MVM_MVM_SAXL3_FK... 
   No compilation errors.

Compiling procedure CGFK$CHK_MVM_MVM_SAXL3_FK... 
   No compilation errors.

Compiling procedure CGSF$CLR_MVM_MVM_SAXL3_FK... 
   No compilation errors.

Compiling procedure CGFK$LKP_MVM_MVM_SAXL3_FK... 
   No compilation errors.

Compiling procedure CGFK$QRY_MVM_MVM_PLNCNT_FK... 
   No compilation errors.

Compiling procedure CGFK$CHK_MVM_MVM_PLNCNT_FK... 
   No compilation errors.

Compiling procedure CGSF$CLR_MVM_MVM_PLNCNT_FK... 
   No compilation errors.

Compiling procedure CGFK$LKP_MVM_MVM_PLNCNT_FK... 
   No compilation errors.

Compiling procedure CGFK$CHK_MVM_MVM_OBL_FK... 
   No compilation errors.

Compiling procedure CGFK$CHK_MVM_MVM_CMP_FK... 
   No compilation errors.

Compiling procedure CGCD$SYNC_SRVR_MVM... 
   No compilation errors.

Compiling procedure CGFK$QRY_RTN_RTN_VSTTPSRTN_FK... 
   No compilation errors.

Compiling procedure CGFK$QRY_RTN_RTN_PRD_FK... 
   No compilation errors.

Compiling procedure CGFK$QRY_RTN_RTN_EMP_FK... 
   No compilation errors.

Compiling procedure CGRI$CMP_PK_SAVE... 
   No compilation errors.

Compiling procedure CGRI$SERVER_VIO_CMP... 
   No compilation errors.

Compiling procedure CGRI$CU_CMP... 
   No compilation errors.

Compiling procedure CGRI$SERVER_VIO_MVM... 
   No compilation errors.

Compiling procedure CGRI$DEL_MOVIMIENTOS... 
   No compilation errors.

Compiling procedure CGRI$WRN_MOVIMIENTOS... 
   No compilation errors.

Compiling function CGTE$CHECK_CONSTRAINT_VIO... 
   No compilation errors.

Compiling procedure CGNV$AI_BOT_PLAN_DE_CUENTAS... 
   No compilation errors.

Compiling procedure CGNV$AI_ESTCNT... 
   No compilation errors.

Compiling procedure CGNV$NEXT_ITEM... 
   No compilation errors.

Compiling procedure CGNV$PREV_ITEM... 
   No compilation errors.

Compiling procedure CGBS$TOGGLE... 
   No compilation errors.

Compiling procedure QMS$EVENT_TOOLBAR... 
   No compilation errors.

Compiling procedure VERIFICAR_FECHA_COMPROBANTE... 
   No compilation errors.

Compiling procedure VERIFICAR_CUADRE... 
   No compilation errors.

Compiling procedure VALIDAR_TIPO_RETENIDO... 
   No compilation errors.

Compiling procedure VALIDAR_ASCCMP... 
   No compilation errors.

Compiling procedure RECONSULTAR_HIJOS... 
   No compilation errors.

Compiling procedure PAGAR_OBLIGACIONES... 
   No compilation errors.

Compiling procedure NUEVO_COMPROBANTE_FILA... 
   No compilation errors.

Compiling procedure LLENAR_VARIABLES_ASOCIACIONES... 
   No compilation errors.

Compiling procedure IMPRIMIR_CHEQUE... 
   No compilation errors.

Compiling procedure HACER_ROLLBACK... 
   No compilation errors.

Compiling procedure HABILITAR_CHEQUES... 
   No compilation errors.

Compiling procedure HABILITAR_ESTADO_COMPROBANTE... 
   No compilation errors.

Compiling procedure HABILITAR_DESHABILITAR_BLOQUES... 
   No compilation errors.

Compiling procedure GENERAR_MOVIMIENTO_OBLIGACION... 
   No compilation errors.

Compiling procedure FIJAR_REPORTE... 
   No compilation errors.

Compiling procedure FIJAR_PARAMETROS_REPORTES... 
   No compilation errors.

Compiling procedure FIJAR_ASOCIACIONES_COMPROBANTE... 
   No compilation errors.

Compiling procedure FIJAR_ASOCIACION... 
   No compilation errors.

Compiling procedure FIJAR_RELACIONADOS_A_MVM... 
   No compilation errors.

Compiling function ENCONTRAR_SECUENCIA... 
   No compilation errors.

Compiling function DEVUELVE_EMPRESA... 
   No compilation errors.

Compiling procedure DESHABILITAR_DEBE_HABER_MVM... 
   No compilation errors.

Compiling procedure CREAR_RETENCIONES_COMPROBANTE... 
   No compilation errors.

Compiling procedure CREAR_GRUPO_COMPROBANTES... 
   No compilation errors.

Compiling function CLAVE_PRIMARIA_ACTUALIZABLE... 
   No compilation errors.

Compiling function CALCULAR_MOVIMIENTOS_RTN... 
   No compilation errors.

Compiling function CALCULAR_DIFERENCIA... 
   No compilation errors.

Compiling package body CNT...
   No compilation errors.

Compiling procedure ACTUALIZAR_RELACIONADOS_CMP... 
   No compilation errors.

Compiling POST-FORM trigger on form...
   No compilation errors.

Compiling CALENDAR_WROTE_DATE trigger on form...
   No compilation errors.

Compiling KEY-EXIT trigger on form...
   No compilation errors.

Compiling POST-FORMS-COMMIT trigger on form...
   No compilation errors.

Compiling KEY-CLRFRM trigger on form...
   No compilation errors.

Compiling KEY-HELP trigger on form...
   No compilation errors.

Compiling KEY-MENU trigger on form...
   No compilation errors.

Compiling ON-ERROR trigger on form...
   No compilation errors.

Compiling ON-MESSAGE trigger on form...
   No compilation errors.

Compiling PRE-FORM trigger on form...
   No compilation errors.

Compiling QUERY_FIND trigger on form...
   No compilation errors.

Compiling QMS$MENU_ITEM trigger on form...
   No compilation errors.

Compiling WHEN-NEW-BLOCK-INSTANCE trigger on form...
   No compilation errors.

Compiling WHEN-NEW-FORM-INSTANCE trigger on form...
   No compilation errors.

Compiling WHEN-WINDOW-CLOSED trigger on form...
   No compilation errors.

Compiling WHEN-WINDOW-ACTIVATED trigger on form...
   No compilation errors.

Compiling WHEN-WINDOW-RESIZED trigger on form...
   No compilation errors.

Compiling KEY-NEXT-ITEM trigger on form...
   No compilation errors.

Compiling KEY-PREV-ITEM trigger on form...
   No compilation errors.

Compiling POST-BLOCK trigger on form...
   No compilation errors.

Compiling ON-CLEAR-DETAILS trigger on form...
   No compilation errors.

Compiling ON-POPULATE-DETAILS trigger on form...
   No compilation errors.

Compiling KEY-ENTQRY trigger on form...
   No compilation errors.

Compiling KEY-EXEQRY trigger on form...
   No compilation errors.

Compiling KEY-CQUERY trigger on form...
   No compilation errors.

Compiling KEY-CLRBLK trigger on form...
   No compilation errors.

Compiling KEY-CLRREC trigger on form...
   No compilation errors.

Compiling KEY-NXTKEY trigger on form...
   No compilation errors.

Compiling WHEN-TAB-PAGE-CHANGED trigger on form...
   No compilation errors.

Compiling KEY-COMMIT trigger on form...
   No compilation errors.

Compiling POST-DATABASE-COMMIT trigger on form...
   No compilation errors.

Compiling PRE-COMMIT trigger on form...
   No compilation errors.

Compiling WHEN-RADIO-CHANGED trigger on CALENDAR data block...
   No compilation errors.

Compiling KEY-OTHERS trigger on CALENDAR data block...
   No compilation errors.

Compiling KEY-NEXT-ITEM trigger on CALENDAR data block...
   No compilation errors.

Compiling KEY-PREV-ITEM trigger on CALENDAR data block...
   No compilation errors.

Compiling KEY-ENTER trigger on CALENDAR data block...
   No compilation errors.

Compiling WHEN-BUTTON-PRESSED trigger on CALENDAR data block...
   No compilation errors.

Compiling WHEN-LIST-CHANGED trigger on CALENDAR data block...
   No compilation errors.

Compiling WHEN-MOUSE-CLICK trigger on CALENDAR data block...
   No compilation errors.

Compiling KEY-DOWN trigger on CALENDAR data block...
   No compilation errors.

Compiling KEY-UP trigger on CALENDAR data block...
   No compilation errors.

Compiling KEY-NXTREC trigger on CALENDAR data block...
   No compilation errors.

Compiling KEY-PRVREC trigger on CALENDAR data block...
   No compilation errors.

Compiling WHEN-MOUSE-DOUBLECLICK trigger on CALENDAR data block...
   No compilation errors.

Compiling WHEN-NEW-ITEM-INSTANCE trigger on HOUR item in CALENDAR data block...
   No compilation errors.

Compiling WHEN-NEW-ITEM-INSTANCE trigger on MINUTE item in CALENDAR data block...
   No compilation errors.

Compiling WHEN-NEW-ITEM-INSTANCE trigger on OK item in CALENDAR data block...
   No compilation errors.

Compiling WHEN-BUTTON-PRESSED trigger on OK item in CALENDAR data block...
   No compilation errors.

Compiling WHEN-NEW-ITEM-INSTANCE trigger on CANCEL item in CALENDAR data block...
   No compilation errors.

Compiling WHEN-BUTTON-PRESSED trigger on CANCEL item in CALENDAR data block...
   No compilation errors.

Compiling WHEN-MOUSE-CLICK trigger on PREV_MONTH item in CALENDAR data block...
   No compilation errors.

Compiling WHEN-MOUSE-CLICK trigger on NEXT_MONTH item in CALENDAR data block...
   No compilation errors.

Compiling WHEN-MOUSE-CLICK trigger on NEXT_YEAR item in CALENDAR data block...
   No compilation errors.

Compiling WHEN-MOUSE-CLICK trigger on PREV_YEAR item in CALENDAR data block...
   No compilation errors.

Compiling WHEN-NEW-ITEM-INSTANCE trigger on AM_PM item in CALENDAR data block...
   No compilation errors.

Compiling WHEN-BUTTON-PRESSED trigger on QMS$TOOLBAR data block...
   No compilation errors.

Compiling WHEN-LIST-CHANGED trigger on ORDER_BY item in QMS$TOOLBAR data block...
   No compilation errors.

Compiling ON-LOCK trigger on CMP data block...
   No compilation errors.

Compiling POST-INSERT trigger on CMP data block...
   No compilation errors.

Compiling POST-QUERY trigger on CMP data block...
   No compilation errors.

Compiling PRE-BLOCK trigger on CMP data block...
   No compilation errors.

Compiling PRE-QUERY trigger on CMP data block...
   No compilation errors.

Compiling WHEN-DATABASE-RECORD trigger on CMP data block...
   No compilation errors.

Compiling WHEN-NEW-BLOCK-INSTANCE trigger on CMP data block...
   No compilation errors.

Compiling WHEN-NEW-RECORD-INSTANCE trigger on CMP data block...
   No compilation errors.

Compiling WHEN-REMOVE-RECORD trigger on CMP data block...
   No compilation errors.

Compiling POST-SELECT trigger on CMP data block...
   No compilation errors.

Compiling PRE-INSERT trigger on CMP data block...
   No compilation errors.

Compiling POST-UPDATE trigger on CMP data block...
   No compilation errors.

Compiling PRE-UPDATE trigger on CMP data block...
   No compilation errors.

Compiling ON-ERROR trigger on CMP data block...
   No compilation errors.

Compiling KEY-HELP trigger on CMP data block...
   No compilation errors.

Compiling WHEN-CREATE-RECORD trigger on CMP data block...
   No compilation errors.

Compiling KEY-ENTQRY trigger on CMP data block...
   No compilation errors.

Compiling KEY-EXEQRY trigger on CMP data block...
   No compilation errors.

Compiling PRE-RECORD trigger on CMP data block...
   No compilation errors.

Compiling WHEN-VALIDATE-ITEM trigger on CMP data block...
   No compilation errors.

Compiling WHEN-NEW-ITEM-INSTANCE trigger on NMONTO_ICE item in CMP data block...
   No compilation errors.

Compiling WHEN-NEW-ITEM-INSTANCE trigger on NTOTAL_POR_CINCO item in CMP data block...
   No compilation errors.

Compiling WHEN-NEW-ITEM-INSTANCE trigger on NTOTAL_POR_UNO item in CMP data block...
   No compilation errors.

Compiling WHEN-NEW-ITEM-INSTANCE trigger on NIVA_COMPRAS item in CMP data block...
   No compilation errors.

Compiling WHEN-NEW-ITEM-INSTANCE trigger on NIVA_SERVICIOS item in CMP data block...
   No compilation errors.

Compiling WHEN-NEW-ITEM-INSTANCE trigger on VBANCO item in CMP data block...
   No compilation errors.

Compiling WHEN-NEW-ITEM-INSTANCE trigger on VCHEQUE item in CMP data block...
   No compilation errors.

Compiling WHEN-NEW-ITEM-INSTANCE trigger on VMOD_FECHA item in CMP data block...
   No compilation errors.

Compiling WHEN-NEW-ITEM-INSTANCE trigger on DCHEQUEFECHA item in CMP data block...
   No compilation errors.

Compiling WHEN-NEW-ITEM-INSTANCE trigger on NCHEQUEVALOR item in CMP data block...
   No compilation errors.

Compiling WHEN-NEW-ITEM-INSTANCE trigger on VCHEQUEBENEFICIARIO item in CMP data block...
   No compilation errors.

Compiling WHEN-NEW-ITEM-INSTANCE trigger on ESTADO_MODIFICADO item in CMP data block...
   No compilation errors.

Compiling WHEN-NEW-ITEM-INSTANCE trigger on VBENEFICIARIO item in CMP data block...
   No compilation errors.

Compiling WHEN-NEW-ITEM-INSTANCE trigger on ESTADO_ANTERIOR item in CMP data block...
   No compilation errors.

Compiling WHEN-NEW-ITEM-INSTANCE trigger on VFACTURA item in CMP data block...
   No compilation errors.

Compiling WHEN-NEW-ITEM-INSTANCE trigger on VALIDAR item in CMP data block...
   No compilation errors.

Compiling WHEN-NEW-ITEM-INSTANCE trigger on NUEVO_MOVIMIENTO item in CMP data block...
   No compilation errors.

Compiling WHEN-NEW-ITEM-INSTANCE trigger on NTOTAL_FACTURADO item in CMP data block...
   No compilation errors.

Compiling WHEN-NEW-ITEM-INSTANCE trigger on NTOTAL_IVA_FACTURADO item in CMP data block...
   No compilation errors.

Compiling WHEN-NEW-ITEM-INSTANCE trigger on FINAL_BALANCE item in CMP data block...
   No compilation errors.

Compiling WHEN-NEW-ITEM-INSTANCE trigger on INICIO_BALANCE item in CMP data block...
   No compilation errors.

Compiling WHEN-NEW-ITEM-INSTANCE trigger on TPOCMP_CODIGO item in CMP data block...
   No compilation errors.

Compiling WHEN-VALIDATE-ITEM trigger on TPOCMP_CODIGO item in CMP data block...
   No compilation errors.

Compiling KEY-HELP trigger on TPOCMP_CODIGO item in CMP data block...
   No compilation errors.

Compiling WHEN-NEW-ITEM-INSTANCE trigger on NOMBRE item in CMP data block...
   No compilation errors.

Compiling KEY-HELP trigger on NOMBRE item in CMP data block...
   No compilation errors.

Compiling WHEN-NEW-ITEM-INSTANCE trigger on FECHA item in CMP data block...
   No compilation errors.

Compiling KEY-LISTVAL trigger on FECHA item in CMP data block...
   No compilation errors.

Compiling WHEN-VALIDATE-ITEM trigger on FECHA item in CMP data block...
   No compilation errors.

Compiling KEY-HELP trigger on FECHA item in CMP data block...
   No compilation errors.

Compiling WHEN-NEW-ITEM-INSTANCE trigger on FORMULA_CLAVE item in CMP data block...
   No compilation errors.

Compiling KEY-HELP trigger on FORMULA_CLAVE item in CMP data block...
   No compilation errors.

Compiling WHEN-NEW-ITEM-INSTANCE trigger on ESTADO_DE_DISPONIBILIDAD item in CMP data block...
   No compilation errors.

Compiling KEY-HELP trigger on ESTADO_DE_DISPONIBILIDAD item in CMP data block...
   No compilation errors.

Compiling WHEN-NEW-ITEM-INSTANCE trigger on CLAVE item in CMP data block...
   No compilation errors.

Compiling WHEN-VALIDATE-ITEM trigger on CLAVE item in CMP data block...
   No compilation errors.

Compiling KEY-HELP trigger on CLAVE item in CMP data block...
   No compilation errors.

Compiling WHEN-NEW-ITEM-INSTANCE trigger on NOMBRE_SECUENCIA item in CMP data block...
   No compilation errors.

Compiling KEY-HELP trigger on NOMBRE_SECUENCIA item in CMP data block...
   No compilation errors.

Compiling WHEN-NEW-ITEM-INSTANCE trigger on ESTADO item in CMP data block...
   No compilation errors.

Compiling KEY-HELP trigger on ESTADO item in CMP data block...
   No compilation errors.

Compiling WHEN-LIST-CHANGED trigger on ESTADO item in CMP data block...
   No compilation errors.

Compiling WHEN-NEW-ITEM-INSTANCE trigger on MAYORIZADO item in CMP data block...
   No compilation errors.

Compiling KEY-HELP trigger on MAYORIZADO item in CMP data block...
   No compilation errors.

Compiling WHEN-NEW-ITEM-INSTANCE trigger on CONCEPTO item in CMP data block...
   No compilation errors.

Compiling KEY-HELP trigger on CONCEPTO item in CMP data block...
   No compilation errors.

Compiling WHEN-NEW-ITEM-INSTANCE trigger on RETENCIONES item in CMP data block...
   No compilation errors.

Compiling KEY-HELP trigger on RETENCIONES item in CMP data block...
   No compilation errors.

Compiling WHEN-NEW-ITEM-INSTANCE trigger on TOTAL item in CMP data block...
   No compilation errors.

Compiling KEY-HELP trigger on TOTAL item in CMP data block...
   No compilation errors.

Compiling WHEN-NEW-ITEM-INSTANCE trigger on TPOCMPEMP_EMP_CODIGO item in CMP data block...
   No compilation errors.

Compiling WHEN-VALIDATE-ITEM trigger on TPOCMPEMP_EMP_CODIGO item in CMP data block...
   No compilation errors.

Compiling KEY-HELP trigger on TPOCMPEMP_EMP_CODIGO item in CMP data block...
   No compilation errors.

Compiling WHEN-NEW-ITEM-INSTANCE trigger on MONEDA_LOCAL item in CMP data block...
   No compilation errors.

Compiling KEY-HELP trigger on MONEDA_LOCAL item in CMP data block...
   No compilation errors.

Compiling WHEN-NEW-ITEM-INSTANCE trigger on TIPO_DE_CAMBIO item in CMP data block...
   No compilation errors.

Compiling KEY-HELP trigger on TIPO_DE_CAMBIO item in CMP data block...
   No compilation errors.

Compiling WHEN-NEW-ITEM-INSTANCE trigger on TIPO_DE_CAMBIOE item in CMP data block...
   No compilation errors.

Compiling KEY-HELP trigger on TIPO_DE_CAMBIOE item in CMP data block...
   No compilation errors.

Compiling WHEN-NEW-ITEM-INSTANCE trigger on OBLIGACIONES item in CMP data block...
   No compilation errors.

Compiling KEY-HELP trigger on OBLIGACIONES item in CMP data block...
   No compilation errors.

Compiling WHEN-NEW-ITEM-INSTANCE trigger on NOMBRE_REPORTE item in CMP data block...
   No compilation errors.

Compiling KEY-HELP trigger on NOMBRE_REPORTE item in CMP data block...
   No compilation errors.

Compiling ON-LOCK trigger on ASCCMP data block...
   No compilation errors.

Compiling POST-INSERT trigger on ASCCMP data block...
   No compilation errors.

Compiling POST-QUERY trigger on ASCCMP data block...
   No compilation errors.

Compiling PRE-BLOCK trigger on ASCCMP data block...
   No compilation errors.

Compiling PRE-QUERY trigger on ASCCMP data block...
   No compilation errors.

Compiling WHEN-DATABASE-RECORD trigger on ASCCMP data block...
   No compilation errors.

Compiling WHEN-NEW-BLOCK-INSTANCE trigger on ASCCMP data block...
   No compilation errors.

Compiling WHEN-NEW-RECORD-INSTANCE trigger on ASCCMP data block...
   No compilation errors.

Compiling WHEN-REMOVE-RECORD trigger on ASCCMP data block...
   No compilation errors.

Compiling POST-SELECT trigger on ASCCMP data block...
   No compilation errors.

Compiling PRE-INSERT trigger on ASCCMP data block...
   No compilation errors.

Compiling ON-ERROR trigger on ASCCMP data block...
   No compilation errors.

Compiling KEY-HELP trigger on ASCCMP data block...
   No compilation errors.

Compiling KEY-CLRREC trigger on ASCCMP data block...
   No compilation errors.

Compiling WHEN-NEW-ITEM-INSTANCE trigger on ASCCMP data block...
   No compilation errors.

Compiling WHEN-VALIDATE-ITEM trigger on ASCCMP data block...
   No compilation errors.

Compiling WHEN-NEW-ITEM-INSTANCE trigger on MASCARA item in ASCCMP data block...
   No compilation errors.

Compiling WHEN-NEW-ITEM-INSTANCE trigger on REG_ACTUAL_ASO item in ASCCMP data block...
   No compilation errors.

Compiling WHEN-NEW-ITEM-INSTANCE trigger on CMP_CLAVE item in ASCCMP data block...
   No compilation errors.

Compiling KEY-HELP trigger on CMP_CLAVE item in ASCCMP data block...
   No compilation errors.

Compiling WHEN-NEW-ITEM-INSTANCE trigger on CMP_FECHA item in ASCCMP data block...
   No compilation errors.

Compiling KEY-LISTVAL trigger on CMP_FECHA item in ASCCMP data block...
   No compilation errors.

Compiling KEY-HELP trigger on CMP_FECHA item in ASCCMP data block...
   No compilation errors.

Compiling WHEN-NEW-ITEM-INSTANCE trigger on ASCTPOCMP_TPOCMP_CODIGO2 item in ASCCMP data block...
   No compilation errors.

Compiling KEY-HELP trigger on ASCTPOCMP_TPOCMP_CODIGO2 item in ASCCMP data block...
   No compilation errors.

Compiling WHEN-NEW-ITEM-INSTANCE trigger on ASCTPOCMP_NOMBRE item in ASCCMP data block...
   No compilation errors.

Compiling KEY-HELP trigger on ASCTPOCMP_NOMBRE item in ASCCMP data block...
   No compilation errors.

Compiling WHEN-NEW-ITEM-INSTANCE trigger on DOCUMENTO item in ASCCMP data block...
   No compilation errors.

Compiling KEY-HELP trigger on DOCUMENTO item in ASCCMP data block...
   No compilation errors.

Compiling WHEN-NEW-ITEM-INSTANCE trigger on CMP_TPOCMPEMP_EMP_CODIGO item in ASCCMP data block...
   No compilation errors.

Compiling KEY-HELP trigger on CMP_TPOCMPEMP_EMP_CODIGO item in ASCCMP data block...
   No compilation errors.

Compiling ON-LOCK trigger on MVM data block...
   No compilation errors.

Compiling POST-INSERT trigger on MVM data block...
   No compilation errors.

Compiling POST-QUERY trigger on MVM data block...
   No compilation errors.

Compiling PRE-BLOCK trigger on MVM data block...
   No compilation errors.

Compiling PRE-QUERY trigger on MVM data block...
   No compilation errors.

Compiling WHEN-DATABASE-RECORD trigger on MVM data block...
   No compilation errors.

Compiling WHEN-NEW-BLOCK-INSTANCE trigger on MVM data block...
   No compilation errors.

Compiling WHEN-NEW-RECORD-INSTANCE trigger on MVM data block...
   No compilation errors.

Compiling WHEN-REMOVE-RECORD trigger on MVM data block...
   No compilation errors.

Compiling POST-SELECT trigger on MVM data block...
   No compilation errors.

Compiling PRE-INSERT trigger on MVM data block...
   No compilation errors.

Compiling KEY-DUPREC trigger on MVM data block...
   No compilation errors.

Compiling POST-UPDATE trigger on MVM data block...
   No compilation errors.

Compiling PRE-DELETE trigger on MVM data block...
   No compilation errors.

Compiling KEY-DELREC trigger on MVM data block...
   No compilation errors.

Compiling ON-ERROR trigger on MVM data block...
   No compilation errors.

Compiling KEY-HELP trigger on MVM data block...
   No compilation errors.

Compiling KEY-CLRREC trigger on MVM data block...
   No compilation errors.

Compiling WHEN-VALIDATE-RECORD trigger on MVM data block...
   No compilation errors.

Compiling WHEN-NEW-ITEM-INSTANCE trigger on PAGA_OBLIGACION item in MVM data block...
   No compilation errors.

Compiling WHEN-NEW-ITEM-INSTANCE trigger on ESTADO_REGISTRO item in MVM data block...
   No compilation errors.

Compiling WHEN-NEW-ITEM-INSTANCE trigger on RETENCIONES item in MVM data block...
   No compilation errors.

Compiling WHEN-NEW-ITEM-INSTANCE trigger on CANTIDAD_MOVIMIENTOS item in MVM data block...
   No compilation errors.

Compiling WHEN-NEW-ITEM-INSTANCE trigger on REG_ACTUALM item in MVM data block...
   No compilation errors.

Compiling WHEN-NEW-ITEM-INSTANCE trigger on SECUENCIA item in MVM data block...
   No compilation errors.

Compiling KEY-HELP trigger on SECUENCIA item in MVM data block...
   No compilation errors.

Compiling WHEN-NEW-ITEM-INSTANCE trigger on CODIGO_PLAN item in MVM data block...
   No compilation errors.

Compiling WHEN-VALIDATE-ITEM trigger on CODIGO_PLAN item in MVM data block...
   No compilation errors.

Compiling KEY-LISTVAL trigger on CODIGO_PLAN item in MVM data block...
   No compilation errors.

Compiling KEY-HELP trigger on CODIGO_PLAN item in MVM data block...
   No compilation errors.

Compiling WHEN-NEW-ITEM-INSTANCE trigger on CUENTA2 item in MVM data block...
   No compilation errors.

Compiling WHEN-VALIDATE-ITEM trigger on CUENTA2 item in MVM data block...
   No compilation errors.

Compiling KEY-LISTVAL trigger on CUENTA2 item in MVM data block...
   No compilation errors.

Compiling KEY-HELP trigger on CUENTA2 item in MVM data block...
   No compilation errors.

Compiling WHEN-NEW-ITEM-INSTANCE trigger on OBL_OBL_ID item in MVM data block...
   No compilation errors.

Compiling KEY-HELP trigger on OBL_OBL_ID item in MVM data block...
   No compilation errors.

Compiling WHEN-NEW-ITEM-INSTANCE trigger on ESTADO_DE_DISPONIBILIDAD2 item in MVM data block...
   No compilation errors.

Compiling KEY-HELP trigger on ESTADO_DE_DISPONIBILIDAD2 item in MVM data block...
   No compilation errors.

Compiling WHEN-NEW-ITEM-INSTANCE trigger on MVM_ID item in MVM data block...
   No compilation errors.

Compiling KEY-HELP trigger on MVM_ID item in MVM data block...
   No compilation errors.

Compiling WHEN-NEW-ITEM-INSTANCE trigger on NOMBRE item in MVM data block...
   No compilation errors.

Compiling KEY-HELP trigger on NOMBRE item in MVM data block...
   No compilation errors.

Compiling WHEN-NEW-ITEM-INSTANCE trigger on ESTADO_DE_DISPONIBILIDAD item in MVM data block...
   No compilation errors.

Compiling KEY-HELP trigger on ESTADO_DE_DISPONIBILIDAD item in MVM data block...
   No compilation errors.

Compiling WHEN-NEW-ITEM-INSTANCE trigger on CMP_FECHA item in MVM data block...
   No compilation errors.

Compiling KEY-LISTVAL trigger on CMP_FECHA item in MVM data block...
   No compilation errors.

Compiling KEY-HELP trigger on CMP_FECHA item in MVM data block...
   No compilation errors.

Compiling WHEN-NEW-ITEM-INSTANCE trigger on CMP_CLAVE item in MVM data block...
   No compilation errors.

Compiling KEY-HELP trigger on CMP_CLAVE item in MVM data block...
   No compilation errors.

Compiling WHEN-NEW-ITEM-INSTANCE trigger on SS_S_A_SC_CNT_MYR_EMP_CODIGO item in MVM data block...
   No compilation errors.

Compiling KEY-HELP trigger on SS_S_A_SC_CNT_MYR_EMP_CODIGO item in MVM data block...
   No compilation errors.

Compiling WHEN-NEW-ITEM-INSTANCE trigger on SS_S_A_SC_CNT_MYR_CODIGO item in MVM data block...
   No compilation errors.

Compiling KEY-HELP trigger on SS_S_A_SC_CNT_MYR_CODIGO item in MVM data block...
   No compilation errors.

Compiling WHEN-NEW-ITEM-INSTANCE trigger on SS_S_A_SC_CNT_CODIGO item in MVM data block...
   No compilation errors.

Compiling KEY-HELP trigger on SS_S_A_SC_CNT_CODIGO item in MVM data block...
   No compilation errors.

Compiling WHEN-NEW-ITEM-INSTANCE trigger on SS_S_A_SC_CODIGO item in MVM data block...
   No compilation errors.

Compiling KEY-HELP trigger on SS_S_A_SC_CODIGO item in MVM data block...
   No compilation errors.

Compiling WHEN-NEW-ITEM-INSTANCE trigger on SS_S_A_CODIGO item in MVM data block...
   No compilation errors.

Compiling KEY-HELP trigger on SS_S_A_CODIGO item in MVM data block...
   No compilation errors.

Compiling WHEN-NEW-ITEM-INSTANCE trigger on SS_S_CODIGO item in MVM data block...
   No compilation errors.

Compiling KEY-HELP trigger on SS_S_CODIGO item in MVM data block...
   No compilation errors.

Compiling WHEN-NEW-ITEM-INSTANCE trigger on SS_CODIGO item in MVM data block...
   No compilation errors.

Compiling KEY-HELP trigger on SS_CODIGO item in MVM data block...
   No compilation errors.

Compiling WHEN-NEW-ITEM-INSTANCE trigger on S_CODIGO item in MVM data block...
   No compilation errors.

Compiling KEY-HELP trigger on S_CODIGO item in MVM data block...
   No compilation errors.

Compiling WHEN-NEW-ITEM-INSTANCE trigger on DEBE item in MVM data block...
   No compilation errors.

Compiling KEY-HELP trigger on DEBE item in MVM data block...
   No compilation errors.

Compiling WHEN-NEW-ITEM-INSTANCE trigger on HABER item in MVM data block...
   No compilation errors.

Compiling KEY-HELP trigger on HABER item in MVM data block...
   No compilation errors.

Compiling WHEN-NEW-ITEM-INSTANCE trigger on DEBEE item in MVM data block...
   No compilation errors.

Compiling KEY-HELP trigger on DEBEE item in MVM data block...
   No compilation errors.

Compiling WHEN-NEW-ITEM-INSTANCE trigger on HABERE item in MVM data block...
   No compilation errors.

Compiling KEY-HELP trigger on HABERE item in MVM data block...
   No compilation errors.

Compiling WHEN-NEW-ITEM-INSTANCE trigger on DEBEM item in MVM data block...
   No compilation errors.

Compiling WHEN-VALIDATE-ITEM trigger on DEBEM item in MVM data block...
   No compilation errors.

Compiling WHEN-NEW-ITEM-INSTANCE trigger on MONEDA_DE_TRABAJO item in MVM data block...
   No compilation errors.

Compiling KEY-HELP trigger on MONEDA_DE_TRABAJO item in MVM data block...
   No compilation errors.

Compiling WHEN-NEW-ITEM-INSTANCE trigger on MONEDA item in MVM data block...
   No compilation errors.

Compiling KEY-HELP trigger on MONEDA item in MVM data block...
   No compilation errors.

Compiling WHEN-NEW-ITEM-INSTANCE trigger on MONEDAD item in MVM data block...
   No compilation errors.

Compiling KEY-HELP trigger on MONEDAD item in MVM data block...
   No compilation errors.

Compiling WHEN-NEW-ITEM-INSTANCE trigger on HABERM item in MVM data block...
   No compilation errors.

Compiling WHEN-VALIDATE-ITEM trigger on HABERM item in MVM data block...
   No compilation errors.

Compiling WHEN-NEW-ITEM-INSTANCE trigger on MONEDA_DE_TRABAJO2 item in MVM data block...
   No compilation errors.

Compiling KEY-HELP trigger on MONEDA_DE_TRABAJO2 item in MVM data block...
   No compilation errors.

Compiling WHEN-NEW-ITEM-INSTANCE trigger on MONEDAH item in MVM data block...
   No compilation errors.

Compiling KEY-HELP trigger on MONEDAH item in MVM data block...
   No compilation errors.

Compiling WHEN-NEW-ITEM-INSTANCE trigger on DIFERENCIA_ML item in MVM data block...
   No compilation errors.

Compiling FORMULA-CALCULATION trigger on DIFERENCIA_ML item in MVM data block...
   No compilation errors.

Compiling WHEN-NEW-ITEM-INSTANCE trigger on TOTALDE item in MVM data block...
   No compilation errors.

Compiling WHEN-NEW-ITEM-INSTANCE trigger on TOTALHE item in MVM data block...
   No compilation errors.

Compiling WHEN-NEW-ITEM-INSTANCE trigger on MVM_MONEDA_EXTRANJERA item in MVM data block...
   No compilation errors.

Compiling WHEN-NEW-ITEM-INSTANCE trigger on DIFERENCIA_ME item in MVM data block...
   No compilation errors.

Compiling FORMULA-CALCULATION trigger on DIFERENCIA_ME item in MVM data block...
   No compilation errors.

Compiling WHEN-NEW-ITEM-INSTANCE trigger on TOTALD item in MVM data block...
   No compilation errors.

Compiling WHEN-NEW-ITEM-INSTANCE trigger on TOTALH item in MVM data block...
   No compilation errors.

Compiling WHEN-NEW-ITEM-INSTANCE trigger on MVM_MONEDA_LOCAL item in MVM data block...
   No compilation errors.

Compiling WHEN-NEW-ITEM-INSTANCE trigger on DESCRIPCION item in MVM data block...
   No compilation errors.

Compiling KEY-HELP trigger on DESCRIPCION item in MVM data block...
   No compilation errors.

Compiling WHEN-NEW-ITEM-INSTANCE trigger on BTNOBL item in MVM data block...
   No compilation errors.

Compiling WHEN-BUTTON-PRESSED trigger on BTNOBL item in MVM data block...
   No compilation errors.

Compiling WHEN-NEW-ITEM-INSTANCE trigger on ASOCIACION_MOVIMIENTOS item in MVM data block...
   No compilation errors.

Compiling WHEN-NEW-ITEM-INSTANCE trigger on ASOCIACION_MOVIMIENTOS1 item in MVM data block...
   No compilation errors.

Compiling KEY-HELP trigger on ASOCIACION_MOVIMIENTOS1 item in MVM data block...
   No compilation errors.

Compiling WHEN-NEW-ITEM-INSTANCE trigger on ASOCIACION item in MVM data block...
   No compilation errors.

Compiling KEY-HELP trigger on ASOCIACION item in MVM data block...
   No compilation errors.

Compiling WHEN-NEW-ITEM-INSTANCE trigger on BTNCHQ item in MVM data block...
   No compilation errors.

Compiling WHEN-BUTTON-PRESSED trigger on BTNCHQ item in MVM data block...
   No compilation errors.

Compiling WHEN-NEW-ITEM-INSTANCE trigger on TIPO_DE_CAMBIO2 item in MVM data block...
   No compilation errors.

Compiling KEY-HELP trigger on TIPO_DE_CAMBIO2 item in MVM data block...
   No compilation errors.

Compiling WHEN-NEW-ITEM-INSTANCE trigger on TIPO_DE_CAMBIO item in MVM data block...
   No compilation errors.

Compiling KEY-HELP trigger on TIPO_DE_CAMBIO item in MVM data block...
   No compilation errors.

Compiling WHEN-NEW-ITEM-INSTANCE trigger on MONEDA_LOCAL item in MVM data block...
   No compilation errors.

Compiling WHEN-NEW-ITEM-INSTANCE trigger on DEBEML item in MVM data block...
   No compilation errors.

Compiling KEY-HELP trigger on DEBEML item in MVM data block...
   No compilation errors.

Compiling WHEN-NEW-ITEM-INSTANCE trigger on HABERML item in MVM data block...
   No compilation errors.

Compiling KEY-HELP trigger on HABERML item in MVM data block...
   No compilation errors.

Compiling WHEN-NEW-ITEM-INSTANCE trigger on CAMPO_TEMPORAL item in MVM data block...
   No compilation errors.

Compiling WHEN-NEW-ITEM-INSTANCE trigger on BTNESTCNT item in MVM data block...
   No compilation errors.

Compiling WHEN-BUTTON-PRESSED trigger on BTNESTCNT item in MVM data block...
   No compilation errors.

Compiling WHEN-NEW-ITEM-INSTANCE trigger on MAYORIZADO item in MVM data block...
   No compilation errors.

Compiling KEY-HELP trigger on MAYORIZADO item in MVM data block...
   No compilation errors.

Compiling WHEN-NEW-ITEM-INSTANCE trigger on CMP_TPOCMPEMP_EMP_CODIGO item in MVM data block...
   No compilation errors.

Compiling KEY-HELP trigger on CMP_TPOCMPEMP_EMP_CODIGO item in MVM data block...
   No compilation errors.

Compiling WHEN-NEW-ITEM-INSTANCE trigger on ESTADO_MOVIMIENTO item in MVM data block...
   No compilation errors.

Compiling KEY-HELP trigger on ESTADO_MOVIMIENTO item in MVM data block...
   No compilation errors.

Compiling WHEN-NEW-ITEM-INSTANCE trigger on TIPO_DE_CUENTA item in MVM data block...
   No compilation errors.

Compiling KEY-HELP trigger on TIPO_DE_CUENTA item in MVM data block...
   No compilation errors.

Compiling WHEN-NEW-ITEM-INSTANCE trigger on TIPO_DE_CUENTA_PLN item in MVM data block...
   No compilation errors.

Compiling KEY-HELP trigger on TIPO_DE_CUENTA_PLN item in MVM data block...
   No compilation errors.

Compiling WHEN-NEW-ITEM-INSTANCE trigger on CMP_TPOCMPEMP_TPOCMP_CODIGO item in MVM data block...
   No compilation errors.

Compiling KEY-HELP trigger on CMP_TPOCMPEMP_TPOCMP_CODIGO item in MVM data block...
   No compilation errors.

Compiling WHEN-NEW-ITEM-INSTANCE trigger on CGRI$USER_WARNED_ON_DELETE item in MVM data block...
   No compilation errors.

Compiling ON-LOCK trigger on RTN data block...
   No compilation errors.

Compiling POST-INSERT trigger on RTN data block...
   No compilation errors.

Compiling POST-QUERY trigger on RTN data block...
   No compilation errors.

Compiling PRE-BLOCK trigger on RTN data block...
   No compilation errors.

Compiling PRE-QUERY trigger on RTN data block...
   No compilation errors.

Compiling WHEN-DATABASE-RECORD trigger on RTN data block...
   No compilation errors.

Compiling WHEN-NEW-BLOCK-INSTANCE trigger on RTN data block...
   No compilation errors.

Compiling WHEN-NEW-RECORD-INSTANCE trigger on RTN data block...
   No compilation errors.

Compiling WHEN-REMOVE-RECORD trigger on RTN data block...
   No compilation errors.

Compiling POST-SELECT trigger on RTN data block...
   No compilation errors.

Compiling ON-ERROR trigger on RTN data block...
   No compilation errors.

Compiling KEY-HELP trigger on RTN data block...
   No compilation errors.

Compiling WHEN-CREATE-RECORD trigger on RTN data block...
   No compilation errors.

Compiling WHEN-NEW-ITEM-INSTANCE trigger on CANTIDAD_RETENCIONES item in RTN data block...
   No compilation errors.

Compiling WHEN-NEW-ITEM-INSTANCE trigger on FORMULA_RETENCION item in RTN data block...
   No compilation errors.

Compiling KEY-HELP trigger on FORMULA_RETENCION item in RTN data block...
   No compilation errors.

Compiling WHEN-NEW-ITEM-INSTANCE trigger on FORMULA_IVA item in RTN data block...
   No compilation errors.

Compiling KEY-HELP trigger on FORMULA_IVA item in RTN data block...
   No compilation errors.

Compiling WHEN-NEW-ITEM-INSTANCE trigger on NUMERO item in RTN data block...
   No compilation errors.

Compiling KEY-HELP trigger on NUMERO item in RTN data block...
   No compilation errors.

Compiling WHEN-NEW-ITEM-INSTANCE trigger on EMP_CODIGO item in RTN data block...
   No compilation errors.

Compiling KEY-HELP trigger on EMP_CODIGO item in RTN data block...
   No compilation errors.

Compiling WHEN-NEW-ITEM-INSTANCE trigger on ESTADO_DE_DISPONIBILIDAD item in RTN data block...
   No compilation errors.

Compiling KEY-HELP trigger on ESTADO_DE_DISPONIBILIDAD item in RTN data block...
   No compilation errors.

Compiling WHEN-NEW-ITEM-INSTANCE trigger on CMP_CLAVE item in RTN data block...
   No compilation errors.

Compiling KEY-HELP trigger on CMP_CLAVE item in RTN data block...
   No compilation errors.

Compiling WHEN-NEW-ITEM-INSTANCE trigger on CMP_FECHA item in RTN data block...
   No compilation errors.

Compiling KEY-LISTVAL trigger on CMP_FECHA item in RTN data block...
   No compilation errors.

Compiling KEY-HELP trigger on CMP_FECHA item in RTN data block...
   No compilation errors.

Compiling WHEN-NEW-ITEM-INSTANCE trigger on L_EMP_DESCRIPCION item in RTN data block...
   No compilation errors.

Compiling KEY-HELP trigger on L_EMP_DESCRIPCION item in RTN data block...
   No compilation errors.

Compiling WHEN-NEW-ITEM-INSTANCE trigger on CMP_FECHA2 item in RTN data block...
   No compilation errors.

Compiling KEY-LISTVAL trigger on CMP_FECHA2 item in RTN data block...
   No compilation errors.

Compiling KEY-HELP trigger on CMP_FECHA2 item in RTN data block...
   No compilation errors.

Compiling WHEN-NEW-ITEM-INSTANCE trigger on L_EMP_TELEFONO item in RTN data block...
   No compilation errors.

Compiling KEY-HELP trigger on L_EMP_TELEFONO item in RTN data block...
   No compilation errors.

Compiling WHEN-NEW-ITEM-INSTANCE trigger on L_EMP_RUC item in RTN data block...
   No compilation errors.

Compiling KEY-HELP trigger on L_EMP_RUC item in RTN data block...
   No compilation errors.

Compiling WHEN-NEW-ITEM-INSTANCE trigger on L_PRV_PROVINCIA item in RTN data block...
   No compilation errors.

Compiling KEY-HELP trigger on L_PRV_PROVINCIA item in RTN data block...
   No compilation errors.

Compiling WHEN-NEW-ITEM-INSTANCE trigger on L_CNT_CANTON item in RTN data block...
   No compilation errors.

Compiling KEY-HELP trigger on L_CNT_CANTON item in RTN data block...
   No compilation errors.

Compiling WHEN-NEW-ITEM-INSTANCE trigger on L_PRQ_PARROQUIA item in RTN data block...
   No compilation errors.

Compiling KEY-HELP trigger on L_PRQ_PARROQUIA item in RTN data block...
   No compilation errors.

Compiling WHEN-NEW-ITEM-INSTANCE trigger on L_EMP_DIRECCION item in RTN data block...
   No compilation errors.

Compiling KEY-HELP trigger on L_EMP_DIRECCION item in RTN data block...
   No compilation errors.

Compiling WHEN-NEW-ITEM-INSTANCE trigger on TIPO item in RTN data block...
   No compilation errors.

Compiling KEY-HELP trigger on TIPO item in RTN data block...
   No compilation errors.

Compiling WHEN-LIST-CHANGED trigger on TIPO item in RTN data block...
   No compilation errors.

Compiling WHEN-NEW-ITEM-INSTANCE trigger on L_PRD_NOMBRE item in RTN data block...
   No compilation errors.

Compiling KEY-HELP trigger on L_PRD_NOMBRE item in RTN data block...
   No compilation errors.

Compiling WHEN-VALIDATE-ITEM trigger on L_PRD_NOMBRE item in RTN data block...
   No compilation errors.

Compiling WHEN-NEW-ITEM-INSTANCE trigger on L_PRD_RUC item in RTN data block...
   No compilation errors.

Compiling KEY-HELP trigger on L_PRD_RUC item in RTN data block...
   No compilation errors.

Compiling WHEN-VALIDATE-ITEM trigger on L_PRD_RUC item in RTN data block...
   No compilation errors.

Compiling WHEN-NEW-ITEM-INSTANCE trigger on MONEDA_DE_TRABAJO item in RTN data block...
   No compilation errors.

Compiling KEY-HELP trigger on MONEDA_DE_TRABAJO item in RTN data block...
   No compilation errors.

Compiling WHEN-NEW-ITEM-INSTANCE trigger on ESTADO item in RTN data block...
   No compilation errors.

Compiling KEY-HELP trigger on ESTADO item in RTN data block...
   No compilation errors.

Compiling WHEN-NEW-ITEM-INSTANCE trigger on L_EMP_PRQ_CNT_PRV_CODIGO item in RTN data block...
   No compilation errors.

Compiling KEY-HELP trigger on L_EMP_PRQ_CNT_PRV_CODIGO item in RTN data block...
   No compilation errors.

Compiling WHEN-NEW-ITEM-INSTANCE trigger on L_EMP_PRQ_CNT_CODIGO item in RTN data block...
   No compilation errors.

Compiling KEY-HELP trigger on L_EMP_PRQ_CNT_CODIGO item in RTN data block...
   No compilation errors.

Compiling WHEN-NEW-ITEM-INSTANCE trigger on L_EMP_PRQ_CODIGO item in RTN data block...
   No compilation errors.

Compiling KEY-HELP trigger on L_EMP_PRQ_CODIGO item in RTN data block...
   No compilation errors.

Compiling WHEN-NEW-ITEM-INSTANCE trigger on PRD_CODIGO item in RTN data block...
   No compilation errors.

Compiling KEY-HELP trigger on PRD_CODIGO item in RTN data block...
   No compilation errors.

Compiling WHEN-NEW-ITEM-INSTANCE trigger on CONCEPTO item in RTN data block...
   No compilation errors.

Compiling KEY-HELP trigger on CONCEPTO item in RTN data block...
   No compilation errors.

Compiling WHEN-NEW-ITEM-INSTANCE trigger on TOTAL_FACTURADO item in RTN data block...
   No compilation errors.

Compiling KEY-HELP trigger on TOTAL_FACTURADO item in RTN data block...
   No compilation errors.

Compiling WHEN-NEW-ITEM-INSTANCE trigger on DESCRIPCION_RTN item in RTN data block...
   No compilation errors.

Compiling FORMULA-CALCULATION trigger on DESCRIPCION_RTN item in RTN data block...
   No compilation errors.

Compiling WHEN-NEW-ITEM-INSTANCE trigger on DESCRIPCION item in RTN data block...
   No compilation errors.

Compiling KEY-HELP trigger on DESCRIPCION item in RTN data block...
   No compilation errors.

Compiling WHEN-NEW-ITEM-INSTANCE trigger on TOTAL_IVA item in RTN data block...
   No compilation errors.

Compiling KEY-HELP trigger on TOTAL_IVA item in RTN data block...
   No compilation errors.

Compiling WHEN-NEW-ITEM-INSTANCE trigger on TPORTNEMP_NOMBRE_SECUENCIA item in RTN data block...
   No compilation errors.

Compiling KEY-HELP trigger on TPORTNEMP_NOMBRE_SECUENCIA item in RTN data block...
   No compilation errors.

Compiling WHEN-NEW-ITEM-INSTANCE trigger on TOTAL_IVA2 item in RTN data block...
   No compilation errors.

Compiling KEY-HELP trigger on TOTAL_IVA2 item in RTN data block...
   No compilation errors.

Compiling WHEN-NEW-ITEM-INSTANCE trigger on VSTTPSRTN_TPORTN_VALOR item in RTN data block...
   No compilation errors.

Compiling KEY-HELP trigger on VSTTPSRTN_TPORTN_VALOR item in RTN data block...
   No compilation errors.

Compiling KEY-NEXT-ITEM trigger on VSTTPSRTN_TPORTN_VALOR item in RTN data block...
   No compilation errors.

Compiling WHEN-NEW-ITEM-INSTANCE trigger on TPORTN_CODIGO item in RTN data block...
   No compilation errors.

Compiling KEY-HELP trigger on TPORTN_CODIGO item in RTN data block...
   No compilation errors.

Compiling KEY-NEXT-ITEM trigger on TPORTN_CODIGO item in RTN data block...
   No compilation errors.

Compiling WHEN-NEW-ITEM-INSTANCE trigger on TOTAL_RETENIDO item in RTN data block...
   No compilation errors.

Compiling KEY-HELP trigger on TOTAL_RETENIDO item in RTN data block...
   No compilation errors.

Compiling WHEN-NEW-ITEM-INSTANCE trigger on TOTAL_RETENIDO2 item in RTN data block...
   No compilation errors.

Compiling KEY-HELP trigger on TOTAL_RETENIDO2 item in RTN data block...
   No compilation errors.

Compiling WHEN-NEW-ITEM-INSTANCE trigger on L_PRD_PLNCTA_CODIGO item in RTN data block...
   No compilation errors.

Compiling KEY-HELP trigger on L_PRD_PLNCTA_CODIGO item in RTN data block...
   No compilation errors.

Compiling WHEN-NEW-ITEM-INSTANCE trigger on RETENIDO_A item in RTN data block...
   No compilation errors.

Compiling KEY-HELP trigger on RETENIDO_A item in RTN data block...
   No compilation errors.

Compiling WHEN-NEW-ITEM-INSTANCE trigger on RUC item in RTN data block...
   No compilation errors.

Compiling KEY-HELP trigger on RUC item in RTN data block...
   No compilation errors.

Compiling WHEN-NEW-ITEM-INSTANCE trigger on TPOCMPEMP_TPOCMP_CODIGO item in RTN data block...
   No compilation errors.

Compiling KEY-HELP trigger on TPOCMPEMP_TPOCMP_CODIGO item in RTN data block...
   No compilation errors.

Compiling ON-LOCK trigger on OBLCNT data block...
   No compilation errors.

Compiling POST-INSERT trigger on OBLCNT data block...
   No compilation errors.

Compiling POST-QUERY trigger on OBLCNT data block...
   No compilation errors.

Compiling PRE-BLOCK trigger on OBLCNT data block...
   No compilation errors.

Compiling PRE-QUERY trigger on OBLCNT data block...
   No compilation errors.

Compiling WHEN-DATABASE-RECORD trigger on OBLCNT data block...
   No compilation errors.

Compiling WHEN-NEW-BLOCK-INSTANCE trigger on OBLCNT data block...
   No compilation errors.

Compiling WHEN-NEW-RECORD-INSTANCE trigger on OBLCNT data block...
   No compilation errors.

Compiling WHEN-REMOVE-RECORD trigger on OBLCNT data block...
   No compilation errors.

Compiling POST-SELECT trigger on OBLCNT data block...
   No compilation errors.

Compiling ON-ERROR trigger on OBLCNT data block...
   No compilation errors.

Compiling KEY-HELP trigger on OBLCNT data block...
   No compilation errors.

Compiling WHEN-NEW-ITEM-INSTANCE trigger on MAXIMO_PAGO item in OBLCNT data block...
   No compilation errors.

Compiling WHEN-NEW-ITEM-INSTANCE trigger on REG_ACTUAL item in OBLCNT data block...
   No compilation errors.

Compiling WHEN-NEW-ITEM-INSTANCE trigger on COMPROBANTE item in OBLCNT data block...
   No compilation errors.

Compiling KEY-HELP trigger on COMPROBANTE item in OBLCNT data block...
   No compilation errors.

Compiling WHEN-NEW-ITEM-INSTANCE trigger on FECHA item in OBLCNT data block...
   No compilation errors.

Compiling KEY-LISTVAL trigger on FECHA item in OBLCNT data block...
   No compilation errors.

Compiling KEY-HELP trigger on FECHA item in OBLCNT data block...
   No compilation errors.

Compiling WHEN-NEW-ITEM-INSTANCE trigger on FACTURA item in OBLCNT data block...
   No compilation errors.

Compiling KEY-HELP trigger on FACTURA item in OBLCNT data block...
   No compilation errors.

Compiling WHEN-NEW-ITEM-INSTANCE trigger on PAGADO item in OBLCNT data block...
   No compilation errors.

Compiling WHEN-NEW-ITEM-INSTANCE trigger on DEUDA item in OBLCNT data block...
   No compilation errors.

Compiling WHEN-NEW-ITEM-INSTANCE trigger on BTN_PAGAR_TODO item in OBLCNT data block...
   No compilation errors.

Compiling WHEN-BUTTON-PRESSED trigger on BTN_PAGAR_TODO item in OBLCNT data block...
   No compilation errors.

Compiling WHEN-NEW-ITEM-INSTANCE trigger on PAGO item in OBLCNT data block...
   No compilation errors.

Compiling WHEN-NEW-ITEM-INSTANCE trigger on MONEDA item in OBLCNT data block...
   No compilation errors.

Compiling WHEN-NEW-ITEM-INSTANCE trigger on DESCRIPCION item in OBLCNT data block...
   No compilation errors.

Compiling KEY-HELP trigger on DESCRIPCION item in OBLCNT data block...
   No compilation errors.

Compiling WHEN-NEW-ITEM-INSTANCE trigger on TOTAL_ADEUDADO item in OBLCNT data block...
   No compilation errors.

Compiling WHEN-NEW-ITEM-INSTANCE trigger on TOTAL_CANCELADO item in OBLCNT data block...
   No compilation errors.

Compiling WHEN-NEW-ITEM-INSTANCE trigger on TOTAL_PAGO_ACTUAL item in OBLCNT data block...
   No compilation errors.

Compiling WHEN-NEW-ITEM-INSTANCE trigger on BTN_OK item in OBLCNT data block...
   No compilation errors.

Compiling WHEN-BUTTON-PRESSED trigger on BTN_OK item in OBLCNT data block...
   No compilation errors.

Compiling WHEN-NEW-ITEM-INSTANCE trigger on BTN_CNC item in OBLCNT data block...
   No compilation errors.

Compiling WHEN-BUTTON-PRESSED trigger on BTN_CNC item in OBLCNT data block...
   No compilation errors.

Compiling WHEN-NEW-ITEM-INSTANCE trigger on HABER item in OBLCNT data block...
   No compilation errors.

Compiling KEY-HELP trigger on HABER item in OBLCNT data block...
   No compilation errors.

Compiling WHEN-NEW-ITEM-INSTANCE trigger on EMP_CODIGO item in OBLCNT data block...
   No compilation errors.

Compiling KEY-HELP trigger on EMP_CODIGO item in OBLCNT data block...
   No compilation errors.

Compiling WHEN-NEW-ITEM-INSTANCE trigger on MYR_CODIGO item in OBLCNT data block...
   No compilation errors.

Compiling KEY-HELP trigger on MYR_CODIGO item in OBLCNT data block...
   No compilation errors.

Compiling WHEN-NEW-ITEM-INSTANCE trigger on CNT_CODIGO item in OBLCNT data block...
   No compilation errors.

Compiling KEY-HELP trigger on CNT_CODIGO item in OBLCNT data block...
   No compilation errors.

Compiling WHEN-NEW-ITEM-INSTANCE trigger on SCNT_CODIGO item in OBLCNT data block...
   No compilation errors.

Compiling KEY-HELP trigger on SCNT_CODIGO item in OBLCNT data block...
   No compilation errors.

Compiling WHEN-NEW-ITEM-INSTANCE trigger on AXL_CODIGO item in OBLCNT data block...
   No compilation errors.

Compiling KEY-HELP trigger on AXL_CODIGO item in OBLCNT data block...
   No compilation errors.

Compiling WHEN-NEW-ITEM-INSTANCE trigger on SAXL_CODIGO item in OBLCNT data block...
   No compilation errors.

Compiling KEY-HELP trigger on SAXL_CODIGO item in OBLCNT data block...
   No compilation errors.

Compiling WHEN-NEW-ITEM-INSTANCE trigger on SAXL2_CODIGO item in OBLCNT data block...
   No compilation errors.

Compiling KEY-HELP trigger on SAXL2_CODIGO item in OBLCNT data block...
   No compilation errors.

Compiling WHEN-NEW-ITEM-INSTANCE trigger on SAXL3_CODIGO item in OBLCNT data block...
   No compilation errors.

Compiling KEY-HELP trigger on SAXL3_CODIGO item in OBLCNT data block...
   No compilation errors.

Compiling WHEN-NEW-ITEM-INSTANCE trigger on CODIGO item in OBLCNT data block...
   No compilation errors.

Compiling KEY-HELP trigger on CODIGO item in OBLCNT data block...
   No compilation errors.

Compiling WHEN-NEW-ITEM-INSTANCE trigger on DEBE item in OBLCNT data block...
   No compilation errors.

Compiling KEY-HELP trigger on DEBE item in OBLCNT data block...
   No compilation errors.

Compiling WHEN-NEW-ITEM-INSTANCE trigger on DEBEE item in OBLCNT data block...
   No compilation errors.

Compiling KEY-HELP trigger on DEBEE item in OBLCNT data block...
   No compilation errors.

Compiling WHEN-NEW-ITEM-INSTANCE trigger on HABERE item in OBLCNT data block...
   No compilation errors.

Compiling KEY-HELP trigger on HABERE item in OBLCNT data block...
   No compilation errors.

Compiling WHEN-NEW-ITEM-INSTANCE trigger on OBL_OBL_ID item in OBLCNT data block...
   No compilation errors.

Compiling KEY-HELP trigger on OBL_OBL_ID item in OBLCNT data block...
   No compilation errors.

Compiling WHEN-NEW-ITEM-INSTANCE trigger on TIPO item in OBLCNT data block...
   No compilation errors.

Compiling KEY-HELP trigger on TIPO item in OBLCNT data block...
   No compilation errors.

Compiling KEY-CLRREC trigger on CGNV$WINDOW_1 data block...
   No compilation errors.

Compiling KEY-CREREC trigger on CGNV$WINDOW_1 data block...
   No compilation errors.

Compiling KEY-DOWN trigger on CGNV$WINDOW_1 data block...
   No compilation errors.

Compiling KEY-NXTREC trigger on CGNV$WINDOW_1 data block...
   No compilation errors.

Compiling KEY-SCRDOWN trigger on CGNV$WINDOW_1 data block...
   No compilation errors.

Compiling KEY-UP trigger on CGNV$WINDOW_1 data block...
   No compilation errors.

Compiling KEY-PRVREC trigger on CGNV$WINDOW_1 data block...
   No compilation errors.

Compiling KEY-SCRUP trigger on CGNV$WINDOW_1 data block...
   No compilation errors.

Compiling ON-ERROR trigger on CGNV$WINDOW_1 data block...
   No compilation errors.

Compiling PRE-BLOCK trigger on CGNV$WINDOW_1 data block...
   No compilation errors.

Compiling WHEN-NEW-BLOCK-INSTANCE trigger on CGNV$WINDOW_1 data block...
   No compilation errors.

Compiling WHEN-NEW-ITEM-INSTANCE trigger on BOT_PLAN_DE_CUENTAS item in CGNV$WINDOW_1 data block...
   No compilation errors.

Compiling WHEN-BUTTON-PRESSED trigger on BOT_PLAN_DE_CUENTAS item in CGNV$WINDOW_1 data block...
   No compilation errors.

Compiling WHEN-NEW-ITEM-INSTANCE trigger on ESTCNT item in CGNV$WINDOW_1 data block...
   No compilation errors.

Compiling WHEN-BUTTON-PRESSED trigger on ESTCNT item in CGNV$WINDOW_1 data block...
   No compilation errors.

Compiling KEY-CLRREC trigger on CG$CTRL data block...
   No compilation errors.

Compiling KEY-CREREC trigger on CG$CTRL data block...
   No compilation errors.

Compiling KEY-DOWN trigger on CG$CTRL data block...
   No compilation errors.

Compiling KEY-NXTREC trigger on CG$CTRL data block...
   No compilation errors.

Compiling KEY-SCRDOWN trigger on CG$CTRL data block...
   No compilation errors.

Compiling KEY-UP trigger on CG$CTRL data block...
   No compilation errors.

Compiling KEY-PRVREC trigger on CG$CTRL data block...
   No compilation errors.

Compiling KEY-SCRUP trigger on CG$CTRL data block...
   No compilation errors.

Compiling ON-ERROR trigger on CG$CTRL data block...
   No compilation errors.

Compiling PRE-BLOCK trigger on CG$CTRL data block...
   No compilation errors.

Compiling WHEN-NEW-BLOCK-INSTANCE trigger on CG$CTRL data block...
   No compilation errors.

Compiling WHEN-NEW-ITEM-INSTANCE trigger on CG$PAGE_1_LIST item in CG$CTRL data block...
   No compilation errors.

Compiling WHEN-NEW-ITEM-INSTANCE trigger on CG$PAGE_2_LIST item in CG$CTRL data block...
   No compilation errors.

Compiling WHEN-NEW-ITEM-INSTANCE trigger on CG$PAGE_3_LIST item in CG$CTRL data block...
   No compilation errors.

Compiling WHEN-NEW-ITEM-INSTANCE trigger on CG$WINDOWCALENDAR_PAGE item in CG$CTRL data block...
   No compilation errors.

Compiling WHEN-NEW-ITEM-INSTANCE trigger on CG$WINDOWCOMPROBANTES_PAGE item in CG$CTRL data block...
   No compilation errors.

Compiling WHEN-NEW-ITEM-INSTANCE trigger on CG$WINDOWCNTPGRCNTW_PAGE item in CG$CTRL data block...
   No compilation errors.

Compiling WHEN-NEW-ITEM-INSTANCE trigger on CG$WINDOWWINDOW_PAGE item in CG$CTRL data block...
   No compilation errors.

Compiling WHEN-NEW-ITEM-INSTANCE trigger on CG$WINDOWQMS$HIDDEN_ITEMS_PAGE item in CG$CTRL data block...
   No compilation errors.

Compiling WHEN-NEW-ITEM-INSTANCE trigger on CG$LAST_CANVAS item in CG$CTRL data block...
   No compilation errors.

FRM-30441: Warning: Initial Value ignored for subordinate mirror item MVM.MONEDAD.
FRM-30441: Warning: Initial Value ignored for subordinate mirror item MVM.MONEDAH.
FRM-30441: Warning: Initial Value ignored for subordinate mirror item MVM.TIPO_DE_CAMBIO2.
FRM-30441: Warning: Initial Value ignored for subordinate mirror item MVM.DEBEML.
FRM-30441: Warning: Initial Value ignored for subordinate mirror item MVM.HABERML.
FRM-30441: Warning: Initial Value ignored for subordinate mirror item RTN.TOTAL_IVA2.
FRM-30441: Warning: Initial Value ignored for subordinate mirror item RTN.TOTAL_RETENIDO2.

Created form file g:\sas\bin\cnt\frm\cntingcmp.fmx
