

***********************************************************************
Fatal OSN connect error 12154, connecting to:
 ORL

  VERSION INFORMATION:
	TNS for 32-bit Windows: Version 2.3.4.0.0 - Production
  Time: 10-SEP-03 09:16:26
  Tracing not turned on.


***********************************************************************
Fatal OSN connect error 12154, connecting to:
 CSMC

  VERSION INFORMATION:
	TNS for 32-bit Windows: Version 2.3.4.0.0 - Production
  Time: 17-OCT-03 11:27:16
  Tracing not turned on.


***********************************************************************
Fatal OSN connect error 12154, connecting to:
 CSMC

  VERSION INFORMATION:
	TNS for 32-bit Windows: Version 2.3.4.0.0 - Production
  Time: 17-OCT-03 11:27:16
  Tracing not turned on.


***********************************************************************
Fatal OSN connect error 12154, connecting to:
 CSMC

  VERSION INFORMATION:
	TNS for 32-bit Windows: Version 2.3.4.0.0 - Production
  Time: 17-OCT-03 11:27:17
  Tracing not turned on.


***********************************************************************
Fatal OSN connect error 12154, connecting to:
 CSMC

  VERSION INFORMATION:
	TNS for 32-bit Windows: Version 2.3.4.0.0 - Production
  Time: 17-OCT-03 11:27:17
  Tracing not turned on.


***********************************************************************
Fatal OSN connect error 12154, connecting to:
 ORCL+

  VERSION INFORMATION:
	TNS for 32-bit Windows: Version 2.3.4.0.0 - Production
  Time: 23-OCT-03 16:37:22
  Tracing not turned on.


***********************************************************************
Fatal OSN connect error 12154, connecting to:
 CSMC

  VERSION INFORMATION:
	TNS for 32-bit Windows: Version 2.3.4.0.0 - Production
  Time: 23-OCT-03 16:37:23
  Tracing not turned on.


***********************************************************************
Fatal OSN connect error 12154, connecting to:
 CSMC

  VERSION INFORMATION:
	TNS for 32-bit Windows: Version 2.3.4.0.0 - Production
  Time: 23-OCT-03 16:37:23
  Tracing not turned on.


***********************************************************************
Fatal OSN connect error 12154, connecting to:
 CSMC

  VERSION INFORMATION:
	TNS for 32-bit Windows: Version 2.3.4.0.0 - Production
  Time: 23-OCT-03 16:37:23
  Tracing not turned on.


***********************************************************************
Fatal OSN connect error 12154, connecting to:
 CSMC

  VERSION INFORMATION:
	TNS for 32-bit Windows: Version 2.3.4.0.0 - Production
  Time: 06-NOV-03 15:09:05
  Tracing not turned on.


***********************************************************************
Fatal OSN connect error 12154, connecting to:
 CSMC

  VERSION INFORMATION:
	TNS for 32-bit Windows: Version 2.3.4.0.0 - Production
  Time: 06-NOV-03 15:09:05
  Tracing not turned on.


***********************************************************************
Fatal OSN connect error 12154, connecting to:
 CSMC

  VERSION INFORMATION:
	TNS for 32-bit Windows: Version 2.3.4.0.0 - Production
  Time: 06-NOV-03 15:09:05
  Tracing not turned on.


***********************************************************************
Fatal OSN connect error 12154, connecting to:
 CSMC

  VERSION INFORMATION:
	TNS for 32-bit Windows: Version 2.3.4.0.0 - Production
  Time: 06-NOV-03 15:09:06
  Tracing not turned on.


***********************************************************************
Fatal OSN connect error 12154, connecting to:
 CSMC

  VERSION INFORMATION:
	TNS for 32-bit Windows: Version 2.3.4.0.0 - Production
  Time: 08-ABR-04 15:01:53
  Tracing not turned on.


***********************************************************************
Fatal OSN connect error 12154, connecting to:
 CSMC

  VERSION INFORMATION:
	TNS for 32-bit Windows: Version 2.3.4.0.0 - Production
  Time: 08-ABR-04 15:01:53
  Tracing not turned on.


***********************************************************************
Fatal OSN connect error 12154, connecting to:
 CSMC

  VERSION INFORMATION:
	TNS for 32-bit Windows: Version 2.3.4.0.0 - Production
  Time: 08-ABR-04 15:01:53
  Tracing not turned on.


***********************************************************************
Fatal OSN connect error 12154, connecting to:
 CSMC

  VERSION INFORMATION:
	TNS for 32-bit Windows: Version 2.3.4.0.0 - Production
  Time: 19-ABR-04 16:23:02
  Tracing not turned on.


***********************************************************************
Fatal OSN connect error 12154, connecting to:
 CSMC

  VERSION INFORMATION:
	TNS for 32-bit Windows: Version 2.3.4.0.0 - Production
  Time: 19-ABR-04 16:23:02
  Tracing not turned on.


***********************************************************************
Fatal OSN connect error 12154, connecting to:
 CSMC

  VERSION INFORMATION:
	TNS for 32-bit Windows: Version 2.3.4.0.0 - Production
  Time: 19-ABR-04 16:23:03
  Tracing not turned on.


***********************************************************************
Fatal OSN connect error 12154, connecting to:
 CSMC

  VERSION INFORMATION:
	TNS for 32-bit Windows: Version 2.3.4.0.0 - Production
  Time: 19-ABR-04 16:23:03
  Tracing not turned on.


***********************************************************************
Fatal OSN connect error 12154, connecting to:
 CSMC

  VERSION INFORMATION:
	TNS for 32-bit Windows: Version 2.3.4.0.0 - Production
  Time: 12-MAY-04 15:38:08
  Tracing not turned on.


***********************************************************************
Fatal OSN connect error 12154, connecting to:
 CSMC

  VERSION INFORMATION:
	TNS for 32-bit Windows: Version 2.3.4.0.0 - Production
  Time: 12-MAY-04 15:38:08
  Tracing not turned on.


***********************************************************************
Fatal OSN connect error 12154, connecting to:
 CSMC

  VERSION INFORMATION:
	TNS for 32-bit Windows: Version 2.3.4.0.0 - Production
  Time: 12-MAY-04 15:38:08
  Tracing not turned on.


***********************************************************************
Fatal OSN connect error 12154, connecting to:
 CSMC

  VERSION INFORMATION:
	TNS for 32-bit Windows: Version 2.3.4.0.0 - Production
  Time: 13-MAY-04 08:37:53
  Tracing not turned on.


***********************************************************************
Fatal OSN connect error 12154, connecting to:
 CSMC

  VERSION INFORMATION:
	TNS for 32-bit Windows: Version 2.3.4.0.0 - Production
  Time: 13-MAY-04 08:37:53
  Tracing not turned on.


***********************************************************************
Fatal OSN connect error 12154, connecting to:
 CSMC

  VERSION INFORMATION:
	TNS for 32-bit Windows: Version 2.3.4.0.0 - Production
  Time: 13-MAY-04 08:37:53
  Tracing not turned on.


***********************************************************************
Fatal OSN connect error 12154, connecting to:
 CSMC

  VERSION INFORMATION:
	TNS for 32-bit Windows: Version 2.3.4.0.0 - Production
  Time: 13-MAY-04 08:37:54
  Tracing not turned on.


***********************************************************************
Fatal OSN connect error 12154, connecting to:
 CSMC

  VERSION INFORMATION:
	TNS for 32-bit Windows: Version 2.3.4.0.0 - Production
  Time: 13-MAY-04 15:36:10
  Tracing not turned on.


***********************************************************************
Fatal OSN connect error 12154, connecting to:
 CSMC

  VERSION INFORMATION:
	TNS for 32-bit Windows: Version 2.3.4.0.0 - Production
  Time: 13-MAY-04 15:36:10
  Tracing not turned on.


***********************************************************************
Fatal OSN connect error 12154, connecting to:
 CSMC

  VERSION INFORMATION:
	TNS for 32-bit Windows: Version 2.3.4.0.0 - Production
  Time: 13-MAY-04 15:36:10
  Tracing not turned on.


***********************************************************************
Fatal OSN connect error 12154, connecting to:
 CSMC

  VERSION INFORMATION:
	TNS for 32-bit Windows: Version 2.3.4.0.0 - Production
  Time: 13-MAY-04 15:36:10
  Tracing not turned on.


***********************************************************************
Fatal OSN connect error 12154, connecting to:
 CSMC

  VERSION INFORMATION:
	TNS for 32-bit Windows: Version 2.3.4.0.0 - Production
  Time: 17-MAY-04 14:57:23
  Tracing not turned on.


***********************************************************************
Fatal OSN connect error 12154, connecting to:
 CSMC

  VERSION INFORMATION:
	TNS for 32-bit Windows: Version 2.3.4.0.0 - Production
  Time: 17-MAY-04 14:57:23
  Tracing not turned on.


***********************************************************************
Fatal OSN connect error 12154, connecting to:
 CSMC

  VERSION INFORMATION:
	TNS for 32-bit Windows: Version 2.3.4.0.0 - Production
  Time: 17-MAY-04 14:57:23
  Tracing not turned on.


***********************************************************************
Fatal OSN connect error 12547, connecting to:
 (DESCRIPTION=(ADDRESS_LIST=(ADDRESS=(PROTOCOL=BEQ)(PROGRAM=oracle73)(ARGV0=oracle73ORCL)(ARGS='(DESCRIPTION=(LOCAL=YES)(ADDRESS=(PROTOCOL=beq)))')))(CONNECT_DATA=(SID=ORCL)(CID=(PROGRAM=F50RUN32.EXE)(HOST=PORTATIL)(USER=folmedo))))

  VERSION INFORMATION:
	TNS for 32-bit Windows: Version 2.3.4.0.0 - Production
	Oracle Bequeath NT Protocol Adapter for 32-bit Windows: Version 2.3.4.0.0 - Production
  Time: 18-JUN-04 16:07:15
  Tracing not turned on.
  Tns error struct:
    nr err code: 12206
    TNS-12206: TNS:received a TNS error during navigation
    ns main err code: 12547
    TNS-12547: TNS:lost contact
    ns secondary err code: 12560
    nt main err code: 517
    TNS-00517: Lost contact
    nt secondary err code: 0
    nt OS err code: 0


***********************************************************************
Fatal OSN connect error 12547, connecting to:
 (DESCRIPTION=(ADDRESS_LIST=(ADDRESS=(PROTOCOL=BEQ)(PROGRAM=oracle73)(ARGV0=oracle73ORCL)(ARGS='(DESCRIPTION=(LOCAL=YES)(ADDRESS=(PROTOCOL=beq)))')))(CONNECT_DATA=(SID=ORCL)(CID=(PROGRAM=F50RUN32.EXE)(HOST=PORTATIL)(USER=folmedo))))

  VERSION INFORMATION:
	TNS for 32-bit Windows: Version 2.3.4.0.0 - Production
	Oracle Bequeath NT Protocol Adapter for 32-bit Windows: Version 2.3.4.0.0 - Production
  Time: 18-JUN-04 16:07:15
  Tracing not turned on.
  Tns error struct:
    nr err code: 12206
    TNS-12206: TNS:received a TNS error during navigation
    ns main err code: 12547
    TNS-12547: TNS:lost contact
    ns secondary err code: 12560
    nt main err code: 517
    TNS-00517: Lost contact
    nt secondary err code: 0
    nt OS err code: 0


***********************************************************************
Fatal OSN connect error 12547, connecting to:
 (DESCRIPTION=(ADDRESS_LIST=(ADDRESS=(PROTOCOL=BEQ)(PROGRAM=oracle73)(ARGV0=oracle73ORCL)(ARGS='(DESCRIPTION=(LOCAL=YES)(ADDRESS=(PROTOCOL=beq)))')))(CONNECT_DATA=(SID=ORCL)(CID=(PROGRAM=F50RUN32.EXE)(HOST=PORTATIL)(USER=folmedo))))

  VERSION INFORMATION:
	TNS for 32-bit Windows: Version 2.3.4.0.0 - Production
	Oracle Bequeath NT Protocol Adapter for 32-bit Windows: Version 2.3.4.0.0 - Production
  Time: 18-JUN-04 16:07:15
  Tracing not turned on.
  Tns error struct:
    nr err code: 12206
    TNS-12206: TNS:received a TNS error during navigation
    ns main err code: 12547
    TNS-12547: TNS:lost contact
    ns secondary err code: 12560
    nt main err code: 517
    TNS-00517: Lost contact
    nt secondary err code: 0
    nt OS err code: 0


***********************************************************************
Fatal OSN connect error 12547, connecting to:
 (DESCRIPTION=(ADDRESS_LIST=(ADDRESS=(PROTOCOL=BEQ)(PROGRAM=oracle73)(ARGV0=oracle73ORCL)(ARGS='(DESCRIPTION=(LOCAL=YES)(ADDRESS=(PROTOCOL=beq)))')))(CONNECT_DATA=(SID=ORCL)(CID=(PROGRAM=F50RUN32.EXE)(HOST=PORTATIL)(USER=folmedo))))

  VERSION INFORMATION:
	TNS for 32-bit Windows: Version 2.3.4.0.0 - Production
	Oracle Bequeath NT Protocol Adapter for 32-bit Windows: Version 2.3.4.0.0 - Production
  Time: 18-JUN-04 16:07:15
  Tracing not turned on.
  Tns error struct:
    nr err code: 12206
    TNS-12206: TNS:received a TNS error during navigation
    ns main err code: 12547
    TNS-12547: TNS:lost contact
    ns secondary err code: 12560
    nt main err code: 517
    TNS-00517: Lost contact
    nt secondary err code: 0
    nt OS err code: 0


***********************************************************************
Fatal OSN connect error 12547, connecting to:
 (DESCRIPTION=(ADDRESS_LIST=(ADDRESS=(PROTOCOL=BEQ)(PROGRAM=oracle73)(ARGV0=oracle73ORCL)(ARGS='(DESCRIPTION=(LOCAL=YES)(ADDRESS=(PROTOCOL=beq)))')))(CONNECT_DATA=(SID=ORCL)(CID=(PROGRAM=F50RUN32.EXE)(HOST=PORTATIL)(USER=folmedo))))

  VERSION INFORMATION:
	TNS for 32-bit Windows: Version 2.3.4.0.0 - Production
	Oracle Bequeath NT Protocol Adapter for 32-bit Windows: Version 2.3.4.0.0 - Production
  Time: 18-JUN-04 16:07:46
  Tracing not turned on.
  Tns error struct:
    nr err code: 12206
    TNS-12206: TNS:received a TNS error during navigation
    ns main err code: 12547
    TNS-12547: TNS:lost contact
    ns secondary err code: 12560
    nt main err code: 517
    TNS-00517: Lost contact
    nt secondary err code: 0
    nt OS err code: 0


***********************************************************************
Fatal OSN connect error 12547, connecting to:
 (DESCRIPTION=(ADDRESS_LIST=(ADDRESS=(PROTOCOL=BEQ)(PROGRAM=oracle73)(ARGV0=oracle73ORCL)(ARGS='(DESCRIPTION=(LOCAL=YES)(ADDRESS=(PROTOCOL=beq)))')))(CONNECT_DATA=(SID=ORCL)(CID=(PROGRAM=F50RUN32.EXE)(HOST=PORTATIL)(USER=folmedo))))

  VERSION INFORMATION:
	TNS for 32-bit Windows: Version 2.3.4.0.0 - Production
	Oracle Bequeath NT Protocol Adapter for 32-bit Windows: Version 2.3.4.0.0 - Production
  Time: 18-JUN-04 16:07:46
  Tracing not turned on.
  Tns error struct:
    nr err code: 12206
    TNS-12206: TNS:received a TNS error during navigation
    ns main err code: 12547
    TNS-12547: TNS:lost contact
    ns secondary err code: 12560
    nt main err code: 517
    TNS-00517: Lost contact
    nt secondary err code: 0
    nt OS err code: 0


***********************************************************************
Fatal OSN connect error 12547, connecting to:
 (DESCRIPTION=(ADDRESS_LIST=(ADDRESS=(PROTOCOL=BEQ)(PROGRAM=oracle73)(ARGV0=oracle73ORCL)(ARGS='(DESCRIPTION=(LOCAL=YES)(ADDRESS=(PROTOCOL=beq)))')))(CONNECT_DATA=(SID=ORCL)(CID=(PROGRAM=F50RUN32.EXE)(HOST=PORTATIL)(USER=folmedo))))

  VERSION INFORMATION:
	TNS for 32-bit Windows: Version 2.3.4.0.0 - Production
	Oracle Bequeath NT Protocol Adapter for 32-bit Windows: Version 2.3.4.0.0 - Production
  Time: 18-JUN-04 16:07:47
  Tracing not turned on.
  Tns error struct:
    nr err code: 12206
    TNS-12206: TNS:received a TNS error during navigation
    ns main err code: 12547
    TNS-12547: TNS:lost contact
    ns secondary err code: 12560
    nt main err code: 517
    TNS-00517: Lost contact
    nt secondary err code: 0
    nt OS err code: 0


***********************************************************************
Fatal OSN connect error 12547, connecting to:
 (DESCRIPTION=(ADDRESS_LIST=(ADDRESS=(PROTOCOL=BEQ)(PROGRAM=oracle73)(ARGV0=oracle73ORCL)(ARGS='(DESCRIPTION=(LOCAL=YES)(ADDRESS=(PROTOCOL=beq)))')))(CONNECT_DATA=(SID=ORCL)(CID=(PROGRAM=F50RUN32.EXE)(HOST=PORTATIL)(USER=folmedo))))

  VERSION INFORMATION:
	TNS for 32-bit Windows: Version 2.3.4.0.0 - Production
	Oracle Bequeath NT Protocol Adapter for 32-bit Windows: Version 2.3.4.0.0 - Production
  Time: 18-JUN-04 16:07:50
  Tracing not turned on.
  Tns error struct:
    nr err code: 12206
    TNS-12206: TNS:received a TNS error during navigation
    ns main err code: 12547
    TNS-12547: TNS:lost contact
    ns secondary err code: 12560
    nt main err code: 517
    TNS-00517: Lost contact
    nt secondary err code: 0
    nt OS err code: 0


***********************************************************************
Fatal OSN connect error 12547, connecting to:
 (DESCRIPTION=(ADDRESS_LIST=(ADDRESS=(PROTOCOL=BEQ)(PROGRAM=oracle73)(ARGV0=oracle73ORCL)(ARGS='(DESCRIPTION=(LOCAL=YES)(ADDRESS=(PROTOCOL=beq)))')))(CONNECT_DATA=(SID=ORCL)(CID=(PROGRAM=F50RUN32.EXE)(HOST=PORTATIL)(USER=folmedo))))

  VERSION INFORMATION:
	TNS for 32-bit Windows: Version 2.3.4.0.0 - Production
	Oracle Bequeath NT Protocol Adapter for 32-bit Windows: Version 2.3.4.0.0 - Production
  Time: 18-JUN-04 16:07:50
  Tracing not turned on.
  Tns error struct:
    nr err code: 12206
    TNS-12206: TNS:received a TNS error during navigation
    ns main err code: 12547
    TNS-12547: TNS:lost contact
    ns secondary err code: 12560
    nt main err code: 517
    TNS-00517: Lost contact
    nt secondary err code: 0
    nt OS err code: 0


***********************************************************************
Fatal OSN connect error 12547, connecting to:
 (DESCRIPTION=(ADDRESS_LIST=(ADDRESS=(PROTOCOL=BEQ)(PROGRAM=oracle73)(ARGV0=oracle73ORCL)(ARGS='(DESCRIPTION=(LOCAL=YES)(ADDRESS=(PROTOCOL=beq)))')))(CONNECT_DATA=(SID=ORCL)(CID=(PROGRAM=F50RUN32.EXE)(HOST=PORTATIL)(USER=folmedo))))

  VERSION INFORMATION:
	TNS for 32-bit Windows: Version 2.3.4.0.0 - Production
	Oracle Bequeath NT Protocol Adapter for 32-bit Windows: Version 2.3.4.0.0 - Production
  Time: 18-JUN-04 16:07:50
  Tracing not turned on.
  Tns error struct:
    nr err code: 12206
    TNS-12206: TNS:received a TNS error during navigation
    ns main err code: 12547
    TNS-12547: TNS:lost contact
    ns secondary err code: 12560
    nt main err code: 517
    TNS-00517: Lost contact
    nt secondary err code: 0
    nt OS err code: 0


***********************************************************************
Fatal OSN connect error 12547, connecting to:
 (DESCRIPTION=(ADDRESS_LIST=(ADDRESS=(PROTOCOL=BEQ)(PROGRAM=oracle73)(ARGV0=oracle73ORCL)(ARGS='(DESCRIPTION=(LOCAL=YES)(ADDRESS=(PROTOCOL=beq)))')))(CONNECT_DATA=(SID=ORCL)(CID=(PROGRAM=F50RUN32.EXE)(HOST=PORTATIL)(USER=folmedo))))

  VERSION INFORMATION:
	TNS for 32-bit Windows: Version 2.3.4.0.0 - Production
	Oracle Bequeath NT Protocol Adapter for 32-bit Windows: Version 2.3.4.0.0 - Production
  Time: 18-JUN-04 16:07:50
  Tracing not turned on.
  Tns error struct:
    nr err code: 12206
    TNS-12206: TNS:received a TNS error during navigation
    ns main err code: 12547
    TNS-12547: TNS:lost contact
    ns secondary err code: 12560
    nt main err code: 517
    TNS-00517: Lost contact
    nt secondary err code: 0
    nt OS err code: 0


***********************************************************************
Fatal OSN connect error 12547, connecting to:
 (DESCRIPTION=(ADDRESS_LIST=(ADDRESS=(PROTOCOL=BEQ)(PROGRAM=oracle73)(ARGV0=oracle73ORCL)(ARGS='(DESCRIPTION=(LOCAL=YES)(ADDRESS=(PROTOCOL=beq)))')))(CONNECT_DATA=(SID=ORCL)(CID=(PROGRAM=F50RUN32.EXE)(HOST=PORTATIL)(USER=folmedo))))

  VERSION INFORMATION:
	TNS for 32-bit Windows: Version 2.3.4.0.0 - Production
	Oracle Bequeath NT Protocol Adapter for 32-bit Windows: Version 2.3.4.0.0 - Production
  Time: 18-JUN-04 16:07:54
  Tracing not turned on.
  Tns error struct:
    nr err code: 12206
    TNS-12206: TNS:received a TNS error during navigation
    ns main err code: 12547
    TNS-12547: TNS:lost contact
    ns secondary err code: 12560
    nt main err code: 517
    TNS-00517: Lost contact
    nt secondary err code: 0
    nt OS err code: 0


***********************************************************************
Fatal OSN connect error 12547, connecting to:
 (DESCRIPTION=(ADDRESS_LIST=(ADDRESS=(PROTOCOL=BEQ)(PROGRAM=oracle73)(ARGV0=oracle73ORCL)(ARGS='(DESCRIPTION=(LOCAL=YES)(ADDRESS=(PROTOCOL=beq)))')))(CONNECT_DATA=(SID=ORCL)(CID=(PROGRAM=F50RUN32.EXE)(HOST=PORTATIL)(USER=folmedo))))

  VERSION INFORMATION:
	TNS for 32-bit Windows: Version 2.3.4.0.0 - Production
	Oracle Bequeath NT Protocol Adapter for 32-bit Windows: Version 2.3.4.0.0 - Production
  Time: 18-JUN-04 16:07:54
  Tracing not turned on.
  Tns error struct:
    nr err code: 12206
    TNS-12206: TNS:received a TNS error during navigation
    ns main err code: 12547
    TNS-12547: TNS:lost contact
    ns secondary err code: 12560
    nt main err code: 517
    TNS-00517: Lost contact
    nt secondary err code: 0
    nt OS err code: 0


***********************************************************************
Fatal OSN connect error 12547, connecting to:
 (DESCRIPTION=(ADDRESS_LIST=(ADDRESS=(PROTOCOL=BEQ)(PROGRAM=oracle73)(ARGV0=oracle73ORCL)(ARGS='(DESCRIPTION=(LOCAL=YES)(ADDRESS=(PROTOCOL=beq)))')))(CONNECT_DATA=(SID=ORCL)(CID=(PROGRAM=F50RUN32.EXE)(HOST=PORTATIL)(USER=folmedo))))

  VERSION INFORMATION:
	TNS for 32-bit Windows: Version 2.3.4.0.0 - Production
	Oracle Bequeath NT Protocol Adapter for 32-bit Windows: Version 2.3.4.0.0 - Production
  Time: 18-JUN-04 16:07:54
  Tracing not turned on.
  Tns error struct:
    nr err code: 12206
    TNS-12206: TNS:received a TNS error during navigation
    ns main err code: 12547
    TNS-12547: TNS:lost contact
    ns secondary err code: 12560
    nt main err code: 517
    TNS-00517: Lost contact
    nt secondary err code: 0
    nt OS err code: 0


***********************************************************************
Fatal OSN connect error 12547, connecting to:
 (DESCRIPTION=(ADDRESS_LIST=(ADDRESS=(PROTOCOL=BEQ)(PROGRAM=oracle73)(ARGV0=oracle73ORCL)(ARGS='(DESCRIPTION=(LOCAL=YES)(ADDRESS=(PROTOCOL=beq)))')))(CONNECT_DATA=(SID=ORCL)(CID=(PROGRAM=F50RUN32.EXE)(HOST=PORTATIL)(USER=folmedo))))

  VERSION INFORMATION:
	TNS for 32-bit Windows: Version 2.3.4.0.0 - Production
	Oracle Bequeath NT Protocol Adapter for 32-bit Windows: Version 2.3.4.0.0 - Production
  Time: 18-JUN-04 16:07:54
  Tracing not turned on.
  Tns error struct:
    nr err code: 12206
    TNS-12206: TNS:received a TNS error during navigation
    ns main err code: 12547
    TNS-12547: TNS:lost contact
    ns secondary err code: 12560
    nt main err code: 517
    TNS-00517: Lost contact
    nt secondary err code: 0
    nt OS err code: 0


***********************************************************************
Fatal OSN connect error 12547, connecting to:
 (DESCRIPTION=(ADDRESS_LIST=(ADDRESS=(PROTOCOL=BEQ)(PROGRAM=oracle73)(ARGV0=oracle73ORCL)(ARGS='(DESCRIPTION=(LOCAL=YES)(ADDRESS=(PROTOCOL=beq)))')))(CONNECT_DATA=(SID=ORCL)(CID=(PROGRAM=F50RUN32.EXE)(HOST=HP-COMPUTO)(USER=Administrador))))

  VERSION INFORMATION:
	TNS for 32-bit Windows: Version 2.3.4.0.0 - Production
	Oracle Bequeath NT Protocol Adapter for 32-bit Windows: Version 2.3.4.0.0 - Production
  Time: 19-AGO-04 14:36:28
  Tracing not turned on.
  Tns error struct:
    nr err code: 12206
    TNS-12206: TNS:received a TNS error during navigation
    ns main err code: 12547
    TNS-12547: TNS:lost contact
    ns secondary err code: 12560
    nt main err code: 517
    TNS-00517: Lost contact
    nt secondary err code: 0
    nt OS err code: 0


***********************************************************************
Fatal OSN connect error 12547, connecting to:
 (DESCRIPTION=(ADDRESS_LIST=(ADDRESS=(PROTOCOL=BEQ)(PROGRAM=oracle73)(ARGV0=oracle73ORCL)(ARGS='(DESCRIPTION=(LOCAL=YES)(ADDRESS=(PROTOCOL=beq)))')))(CONNECT_DATA=(SID=ORCL)(CID=(PROGRAM=F50RUN32.EXE)(HOST=HP-COMPUTO)(USER=Administrador))))

  VERSION INFORMATION:
	TNS for 32-bit Windows: Version 2.3.4.0.0 - Production
	Oracle Bequeath NT Protocol Adapter for 32-bit Windows: Version 2.3.4.0.0 - Production
  Time: 19-AGO-04 14:36:28
  Tracing not turned on.
  Tns error struct:
    nr err code: 12206
    TNS-12206: TNS:received a TNS error during navigation
    ns main err code: 12547
    TNS-12547: TNS:lost contact
    ns secondary err code: 12560
    nt main err code: 517
    TNS-00517: Lost contact
    nt secondary err code: 0
    nt OS err code: 0


***********************************************************************
Fatal OSN connect error 12547, connecting to:
 (DESCRIPTION=(ADDRESS_LIST=(ADDRESS=(PROTOCOL=BEQ)(PROGRAM=oracle73)(ARGV0=oracle73ORCL)(ARGS='(DESCRIPTION=(LOCAL=YES)(ADDRESS=(PROTOCOL=beq)))')))(CONNECT_DATA=(SID=ORCL)(CID=(PROGRAM=F50RUN32.EXE)(HOST=HP-COMPUTO)(USER=Administrador))))

  VERSION INFORMATION:
	TNS for 32-bit Windows: Version 2.3.4.0.0 - Production
	Oracle Bequeath NT Protocol Adapter for 32-bit Windows: Version 2.3.4.0.0 - Production
  Time: 19-AGO-04 14:36:28
  Tracing not turned on.
  Tns error struct:
    nr err code: 12206
    TNS-12206: TNS:received a TNS error during navigation
    ns main err code: 12547
    TNS-12547: TNS:lost contact
    ns secondary err code: 12560
    nt main err code: 517
    TNS-00517: Lost contact
    nt secondary err code: 0
    nt OS err code: 0


***********************************************************************
Fatal OSN connect error 12154, connecting to:
 SOMDEICA

  VERSION INFORMATION:
	TNS for 32-bit Windows: Version 2.3.4.0.0 - Production
  Time: 20-OCT-04 15:45:49
  Tracing not turned on.


***********************************************************************
Fatal OSN connect error 12154, connecting to:
 CSMC

  VERSION INFORMATION:
	TNS for 32-bit Windows: Version 2.3.4.0.0 - Production
  Time: 20-OCT-04 15:45:49
  Tracing not turned on.


***********************************************************************
Fatal OSN connect error 12154, connecting to:
 CSMC

  VERSION INFORMATION:
	TNS for 32-bit Windows: Version 2.3.4.0.0 - Production
  Time: 20-OCT-04 15:45:50
  Tracing not turned on.


***********************************************************************
Fatal OSN connect error 12154, connecting to:
 CSMC

  VERSION INFORMATION:
	TNS for 32-bit Windows: Version 2.3.4.0.0 - Production
  Time: 20-OCT-04 15:45:50
  Tracing not turned on.


***********************************************************************
Fatal OSN connect error 12547, connecting to:
 (DESCRIPTION=(ADDRESS_LIST=(ADDRESS=(PROTOCOL=BEQ)(PROGRAM=oracle73)(ARGV0=oracle73ORCL)(ARGS='(DESCRIPTION=(LOCAL=YES)(ADDRESS=(PROTOCOL=beq)))')))(CONNECT_DATA=(SID=ORCL)(CID=(PROGRAM=F50RUN32.EXE)(HOST=HP-COMPUTO)(USER=Administrador))))

  VERSION INFORMATION:
	TNS for 32-bit Windows: Version 2.3.4.0.0 - Production
	Oracle Bequeath NT Protocol Adapter for 32-bit Windows: Version 2.3.4.0.0 - Production
  Time: 08-NOV-04 11:28:24
  Tracing not turned on.
  Tns error struct:
    nr err code: 12206
    TNS-12206: TNS:received a TNS error during navigation
    ns main err code: 12547
    TNS-12547: TNS:lost contact
    ns secondary err code: 12560
    nt main err code: 517
    TNS-00517: Lost contact
    nt secondary err code: 0
    nt OS err code: 0


***********************************************************************
Fatal OSN connect error 12547, connecting to:
 (DESCRIPTION=(ADDRESS_LIST=(ADDRESS=(PROTOCOL=BEQ)(PROGRAM=oracle73)(ARGV0=oracle73ORCL)(ARGS='(DESCRIPTION=(LOCAL=YES)(ADDRESS=(PROTOCOL=beq)))')))(CONNECT_DATA=(SID=ORCL)(CID=(PROGRAM=F50RUN32.EXE)(HOST=HP-COMPUTO)(USER=Administrador))))

  VERSION INFORMATION:
	TNS for 32-bit Windows: Version 2.3.4.0.0 - Production
	Oracle Bequeath NT Protocol Adapter for 32-bit Windows: Version 2.3.4.0.0 - Production
  Time: 08-NOV-04 11:28:24
  Tracing not turned on.
  Tns error struct:
    nr err code: 12206
    TNS-12206: TNS:received a TNS error during navigation
    ns main err code: 12547
    TNS-12547: TNS:lost contact
    ns secondary err code: 12560
    nt main err code: 517
    TNS-00517: Lost contact
    nt secondary err code: 0
    nt OS err code: 0


***********************************************************************
Fatal OSN connect error 12547, connecting to:
 (DESCRIPTION=(ADDRESS_LIST=(ADDRESS=(PROTOCOL=BEQ)(PROGRAM=oracle73)(ARGV0=oracle73ORCL)(ARGS='(DESCRIPTION=(LOCAL=YES)(ADDRESS=(PROTOCOL=beq)))')))(CONNECT_DATA=(SID=ORCL)(CID=(PROGRAM=F50RUN32.EXE)(HOST=HP-COMPUTO)(USER=Administrador))))

  VERSION INFORMATION:
	TNS for 32-bit Windows: Version 2.3.4.0.0 - Production
	Oracle Bequeath NT Protocol Adapter for 32-bit Windows: Version 2.3.4.0.0 - Production
  Time: 08-NOV-04 11:28:24
  Tracing not turned on.
  Tns error struct:
    nr err code: 12206
    TNS-12206: TNS:received a TNS error during navigation
    ns main err code: 12547
    TNS-12547: TNS:lost contact
    ns secondary err code: 12560
    nt main err code: 517
    TNS-00517: Lost contact
    nt secondary err code: 0
    nt OS err code: 0


***********************************************************************
Fatal OSN connect error 12547, connecting to:
 (DESCRIPTION=(ADDRESS_LIST=(ADDRESS=(PROTOCOL=BEQ)(PROGRAM=oracle73)(ARGV0=oracle73ORCL)(ARGS='(DESCRIPTION=(LOCAL=YES)(ADDRESS=(PROTOCOL=beq)))')))(CONNECT_DATA=(SID=ORCL)(CID=(PROGRAM=F50RUN32.EXE)(HOST=HP-COMPUTO)(USER=Administrador))))

  VERSION INFORMATION:
	TNS for 32-bit Windows: Version 2.3.4.0.0 - Production
	Oracle Bequeath NT Protocol Adapter for 32-bit Windows: Version 2.3.4.0.0 - Production
  Time: 09-DIC-04 10:17:18
  Tracing not turned on.
  Tns error struct:
    nr err code: 12206
    TNS-12206: TNS:received a TNS error during navigation
    ns main err code: 12547
    TNS-12547: TNS:lost contact
    ns secondary err code: 12560
    nt main err code: 517
    TNS-00517: Lost contact
    nt secondary err code: 0
    nt OS err code: 0


***********************************************************************
Fatal OSN connect error 12547, connecting to:
 (DESCRIPTION=(ADDRESS_LIST=(ADDRESS=(PROTOCOL=BEQ)(PROGRAM=oracle73)(ARGV0=oracle73ORCL)(ARGS='(DESCRIPTION=(LOCAL=YES)(ADDRESS=(PROTOCOL=beq)))')))(CONNECT_DATA=(SID=ORCL)(CID=(PROGRAM=F50RUN32.EXE)(HOST=HP-COMPUTO)(USER=Administrador))))

  VERSION INFORMATION:
	TNS for 32-bit Windows: Version 2.3.4.0.0 - Production
	Oracle Bequeath NT Protocol Adapter for 32-bit Windows: Version 2.3.4.0.0 - Production
  Time: 09-DIC-04 10:17:18
  Tracing not turned on.
  Tns error struct:
    nr err code: 12206
    TNS-12206: TNS:received a TNS error during navigation
    ns main err code: 12547
    TNS-12547: TNS:lost contact
    ns secondary err code: 12560
    nt main err code: 517
    TNS-00517: Lost contact
    nt secondary err code: 0
    nt OS err code: 0


***********************************************************************
Fatal OSN connect error 12547, connecting to:
 (DESCRIPTION=(ADDRESS_LIST=(ADDRESS=(PROTOCOL=BEQ)(PROGRAM=oracle73)(ARGV0=oracle73ORCL)(ARGS='(DESCRIPTION=(LOCAL=YES)(ADDRESS=(PROTOCOL=beq)))')))(CONNECT_DATA=(SID=ORCL)(CID=(PROGRAM=F50RUN32.EXE)(HOST=HP-COMPUTO)(USER=Administrador))))

  VERSION INFORMATION:
	TNS for 32-bit Windows: Version 2.3.4.0.0 - Production
	Oracle Bequeath NT Protocol Adapter for 32-bit Windows: Version 2.3.4.0.0 - Production
  Time: 09-DIC-04 10:17:18
  Tracing not turned on.
  Tns error struct:
    nr err code: 12206
    TNS-12206: TNS:received a TNS error during navigation
    ns main err code: 12547
    TNS-12547: TNS:lost contact
    ns secondary err code: 12560
    nt main err code: 517
    TNS-00517: Lost contact
    nt secondary err code: 0
    nt OS err code: 0


***********************************************************************
Fatal OSN connect error 12547, connecting to:
 (DESCRIPTION=(ADDRESS_LIST=(ADDRESS=(PROTOCOL=BEQ)(PROGRAM=oracle73)(ARGV0=oracle73ORCL)(ARGS='(DESCRIPTION=(LOCAL=YES)(ADDRESS=(PROTOCOL=beq)))')))(CONNECT_DATA=(SID=ORCL)(CID=(PROGRAM=F50RUN32.EXE)(HOST=HP-COMPUTO)(USER=Administrador))))

  VERSION INFORMATION:
	TNS for 32-bit Windows: Version 2.3.4.0.0 - Production
	Oracle Bequeath NT Protocol Adapter for 32-bit Windows: Version 2.3.4.0.0 - Production
  Time: 09-DIC-04 10:17:31
  Tracing not turned on.
  Tns error struct:
    nr err code: 12206
    TNS-12206: TNS:received a TNS error during navigation
    ns main err code: 12547
    TNS-12547: TNS:lost contact
    ns secondary err code: 12560
    nt main err code: 517
    TNS-00517: Lost contact
    nt secondary err code: 0
    nt OS err code: 0


***********************************************************************
Fatal OSN connect error 12547, connecting to:
 (DESCRIPTION=(ADDRESS_LIST=(ADDRESS=(PROTOCOL=BEQ)(PROGRAM=oracle73)(ARGV0=oracle73ORCL)(ARGS='(DESCRIPTION=(LOCAL=YES)(ADDRESS=(PROTOCOL=beq)))')))(CONNECT_DATA=(SID=ORCL)(CID=(PROGRAM=F50RUN32.EXE)(HOST=HP-COMPUTO)(USER=Administrador))))

  VERSION INFORMATION:
	TNS for 32-bit Windows: Version 2.3.4.0.0 - Production
	Oracle Bequeath NT Protocol Adapter for 32-bit Windows: Version 2.3.4.0.0 - Production
  Time: 09-DIC-04 10:17:31
  Tracing not turned on.
  Tns error struct:
    nr err code: 12206
    TNS-12206: TNS:received a TNS error during navigation
    ns main err code: 12547
    TNS-12547: TNS:lost contact
    ns secondary err code: 12560
    nt main err code: 517
    TNS-00517: Lost contact
    nt secondary err code: 0
    nt OS err code: 0


***********************************************************************
Fatal OSN connect error 12547, connecting to:
 (DESCRIPTION=(ADDRESS_LIST=(ADDRESS=(PROTOCOL=BEQ)(PROGRAM=oracle73)(ARGV0=oracle73ORCL)(ARGS='(DESCRIPTION=(LOCAL=YES)(ADDRESS=(PROTOCOL=beq)))')))(CONNECT_DATA=(SID=ORCL)(CID=(PROGRAM=F50RUN32.EXE)(HOST=HP-COMPUTO)(USER=Administrador))))

  VERSION INFORMATION:
	TNS for 32-bit Windows: Version 2.3.4.0.0 - Production
	Oracle Bequeath NT Protocol Adapter for 32-bit Windows: Version 2.3.4.0.0 - Production
  Time: 09-DIC-04 10:17:31
  Tracing not turned on.
  Tns error struct:
    nr err code: 12206
    TNS-12206: TNS:received a TNS error during navigation
    ns main err code: 12547
    TNS-12547: TNS:lost contact
    ns secondary err code: 12560
    nt main err code: 517
    TNS-00517: Lost contact
    nt secondary err code: 0
    nt OS err code: 0


***********************************************************************
Fatal OSN connect error 12547, connecting to:
 (DESCRIPTION=(ADDRESS_LIST=(ADDRESS=(PROTOCOL=BEQ)(PROGRAM=oracle73)(ARGV0=oracle73ORCL)(ARGS='(DESCRIPTION=(LOCAL=YES)(ADDRESS=(PROTOCOL=beq)))')))(CONNECT_DATA=(SID=ORCL)(CID=(PROGRAM=F50RUN32.EXE)(HOST=HP-COMPUTO)(USER=Administrador))))

  VERSION INFORMATION:
	TNS for 32-bit Windows: Version 2.3.4.0.0 - Production
	Oracle Bequeath NT Protocol Adapter for 32-bit Windows: Version 2.3.4.0.0 - Production
  Time: 09-DIC-04 16:45:53
  Tracing not turned on.
  Tns error struct:
    nr err code: 12206
    TNS-12206: TNS:received a TNS error during navigation
    ns main err code: 12547
    TNS-12547: TNS:lost contact
    ns secondary err code: 12560
    nt main err code: 517
    TNS-00517: Lost contact
    nt secondary err code: 0
    nt OS err code: 0


***********************************************************************
Fatal OSN connect error 12547, connecting to:
 (DESCRIPTION=(ADDRESS_LIST=(ADDRESS=(PROTOCOL=BEQ)(PROGRAM=oracle73)(ARGV0=oracle73ORCL)(ARGS='(DESCRIPTION=(LOCAL=YES)(ADDRESS=(PROTOCOL=beq)))')))(CONNECT_DATA=(SID=ORCL)(CID=(PROGRAM=F50RUN32.EXE)(HOST=HP-COMPUTO)(USER=Administrador))))

  VERSION INFORMATION:
	TNS for 32-bit Windows: Version 2.3.4.0.0 - Production
	Oracle Bequeath NT Protocol Adapter for 32-bit Windows: Version 2.3.4.0.0 - Production
  Time: 09-DIC-04 16:45:53
  Tracing not turned on.
  Tns error struct:
    nr err code: 12206
    TNS-12206: TNS:received a TNS error during navigation
    ns main err code: 12547
    TNS-12547: TNS:lost contact
    ns secondary err code: 12560
    nt main err code: 517
    TNS-00517: Lost contact
    nt secondary err code: 0
    nt OS err code: 0


***********************************************************************
Fatal OSN connect error 12547, connecting to:
 (DESCRIPTION=(ADDRESS_LIST=(ADDRESS=(PROTOCOL=BEQ)(PROGRAM=oracle73)(ARGV0=oracle73ORCL)(ARGS='(DESCRIPTION=(LOCAL=YES)(ADDRESS=(PROTOCOL=beq)))')))(CONNECT_DATA=(SID=ORCL)(CID=(PROGRAM=F50RUN32.EXE)(HOST=HP-COMPUTO)(USER=Administrador))))

  VERSION INFORMATION:
	TNS for 32-bit Windows: Version 2.3.4.0.0 - Production
	Oracle Bequeath NT Protocol Adapter for 32-bit Windows: Version 2.3.4.0.0 - Production
  Time: 09-DIC-04 16:45:53
  Tracing not turned on.
  Tns error struct:
    nr err code: 12206
    TNS-12206: TNS:received a TNS error during navigation
    ns main err code: 12547
    TNS-12547: TNS:lost contact
    ns secondary err code: 12560
    nt main err code: 517
    TNS-00517: Lost contact
    nt secondary err code: 0
    nt OS err code: 0


***********************************************************************
Fatal OSN connect error 12547, connecting to:
 (DESCRIPTION=(ADDRESS_LIST=(ADDRESS=(PROTOCOL=BEQ)(PROGRAM=oracle73)(ARGV0=oracle73ORCL)(ARGS='(DESCRIPTION=(LOCAL=YES)(ADDRESS=(PROTOCOL=beq)))')))(CONNECT_DATA=(SID=ORCL)(CID=(PROGRAM=F50RUN32.EXE)(HOST=HP-COMPUTO)(USER=Administrador))))

  VERSION INFORMATION:
	TNS for 32-bit Windows: Version 2.3.4.0.0 - Production
	Oracle Bequeath NT Protocol Adapter for 32-bit Windows: Version 2.3.4.0.0 - Production
  Time: 09-MAR-05 11:13:10
  Tracing not turned on.
  Tns error struct:
    nr err code: 12206
    TNS-12206: TNS:received a TNS error during navigation
    ns main err code: 12547
    TNS-12547: TNS:lost contact
    ns secondary err code: 12560
    nt main err code: 517
    TNS-00517: Lost contact
    nt secondary err code: 0
    nt OS err code: 0


***********************************************************************
Fatal OSN connect error 12547, connecting to:
 (DESCRIPTION=(ADDRESS_LIST=(ADDRESS=(PROTOCOL=BEQ)(PROGRAM=oracle73)(ARGV0=oracle73ORCL)(ARGS='(DESCRIPTION=(LOCAL=YES)(ADDRESS=(PROTOCOL=beq)))')))(CONNECT_DATA=(SID=ORCL)(CID=(PROGRAM=F50RUN32.EXE)(HOST=HP-COMPUTO)(USER=Administrador))))

  VERSION INFORMATION:
	TNS for 32-bit Windows: Version 2.3.4.0.0 - Production
	Oracle Bequeath NT Protocol Adapter for 32-bit Windows: Version 2.3.4.0.0 - Production
  Time: 09-MAR-05 11:13:10
  Tracing not turned on.
  Tns error struct:
    nr err code: 12206
    TNS-12206: TNS:received a TNS error during navigation
    ns main err code: 12547
    TNS-12547: TNS:lost contact
    ns secondary err code: 12560
    nt main err code: 517
    TNS-00517: Lost contact
    nt secondary err code: 0
    nt OS err code: 0


***********************************************************************
Fatal OSN connect error 12547, connecting to:
 (DESCRIPTION=(ADDRESS_LIST=(ADDRESS=(PROTOCOL=BEQ)(PROGRAM=oracle73)(ARGV0=oracle73ORCL)(ARGS='(DESCRIPTION=(LOCAL=YES)(ADDRESS=(PROTOCOL=beq)))')))(CONNECT_DATA=(SID=ORCL)(CID=(PROGRAM=F50RUN32.EXE)(HOST=HP-COMPUTO)(USER=Administrador))))

  VERSION INFORMATION:
	TNS for 32-bit Windows: Version 2.3.4.0.0 - Production
	Oracle Bequeath NT Protocol Adapter for 32-bit Windows: Version 2.3.4.0.0 - Production
  Time: 09-MAR-05 11:13:10
  Tracing not turned on.
  Tns error struct:
    nr err code: 12206
    TNS-12206: TNS:received a TNS error during navigation
    ns main err code: 12547
    TNS-12547: TNS:lost contact
    ns secondary err code: 12560
    nt main err code: 517
    TNS-00517: Lost contact
    nt secondary err code: 0
    nt OS err code: 0


***********************************************************************
Fatal OSN connect error 12154, connecting to:
 CSMC

  VERSION INFORMATION:
	TNS for 32-bit Windows: Version 2.3.4.0.0 - Production
  Time: 19-MAY-05 13:04:03
  Tracing not turned on.


***********************************************************************
Fatal OSN connect error 12154, connecting to:
 CSMC

  VERSION INFORMATION:
	TNS for 32-bit Windows: Version 2.3.4.0.0 - Production
  Time: 19-MAY-05 13:04:03
  Tracing not turned on.


***********************************************************************
Fatal OSN connect error 12154, connecting to:
 CSMC

  VERSION INFORMATION:
	TNS for 32-bit Windows: Version 2.3.4.0.0 - Production
  Time: 19-MAY-05 13:04:03
  Tracing not turned on.


***********************************************************************
Fatal OSN connect error 12154, connecting to:
 CSMC

  VERSION INFORMATION:
	TNS for 32-bit Windows: Version 2.3.4.0.0 - Production
  Time: 16-JUN-05 11:31:27
  Tracing not turned on.


***********************************************************************
Fatal OSN connect error 12154, connecting to:
 CSMC

  VERSION INFORMATION:
	TNS for 32-bit Windows: Version 2.3.4.0.0 - Production
  Time: 16-JUN-05 11:31:27
  Tracing not turned on.


***********************************************************************
Fatal OSN connect error 12154, connecting to:
 CSMC

  VERSION INFORMATION:
	TNS for 32-bit Windows: Version 2.3.4.0.0 - Production
  Time: 16-JUN-05 11:31:27
  Tracing not turned on.


***********************************************************************
Fatal OSN connect error 12154, connecting to:
 HSOLCA

  VERSION INFORMATION:
	TNS for 32-bit Windows: Version 2.3.4.0.0 - Production
  Time: 18-NOV-05 10:16:02
  Tracing not turned on.


***********************************************************************
Fatal OSN connect error 12154, connecting to:
 HSOLCA

  VERSION INFORMATION:
	TNS for 32-bit Windows: Version 2.3.4.0.0 - Production
  Time: 18-NOV-05 10:16:02
  Tracing not turned on.


***********************************************************************
Fatal OSN connect error 12154, connecting to:
 HSOLCA

  VERSION INFORMATION:
	TNS for 32-bit Windows: Version 2.3.4.0.0 - Production
  Time: 18-NOV-05 10:16:02
  Tracing not turned on.


***********************************************************************
Fatal OSN connect error 12154, connecting to:
 D27

  VERSION INFORMATION:
	TNS for 32-bit Windows: Version 2.3.4.0.0 - Production
  Time: 18-NOV-05 10:48:50
  Tracing not turned on.


***********************************************************************
Fatal OSN connect error 12154, connecting to:
 HSOLCA

  VERSION INFORMATION:
	TNS for 32-bit Windows: Version 2.3.4.0.0 - Production
  Time: 18-NOV-05 10:48:51
  Tracing not turned on.


***********************************************************************
Fatal OSN connect error 12154, connecting to:
 HSOLCA

  VERSION INFORMATION:
	TNS for 32-bit Windows: Version 2.3.4.0.0 - Production
  Time: 18-NOV-05 10:48:51
  Tracing not turned on.


***********************************************************************
Fatal OSN connect error 12154, connecting to:
 HSOLCA

  VERSION INFORMATION:
	TNS for 32-bit Windows: Version 2.3.4.0.0 - Production
  Time: 18-NOV-05 10:48:51
  Tracing not turned on.


***********************************************************************
Fatal OSN connect error 12154, connecting to:
 HSOLCA

  VERSION INFORMATION:
	TNS for 32-bit Windows: Version 2.3.4.0.0 - Production
  Time: 18-ENE-06 11:43:15
  Tracing not turned on.


***********************************************************************
Fatal OSN connect error 12154, connecting to:
 HSOLCA

  VERSION INFORMATION:
	TNS for 32-bit Windows: Version 2.3.4.0.0 - Production
  Time: 18-ENE-06 11:43:15
  Tracing not turned on.


***********************************************************************
Fatal OSN connect error 12154, connecting to:
 HSOLCA

  VERSION INFORMATION:
	TNS for 32-bit Windows: Version 2.3.4.0.0 - Production
  Time: 18-ENE-06 11:43:15
  Tracing not turned on.


***********************************************************************
Fatal OSN connect error 12154, connecting to:
 solca

  VERSION INFORMATION:
	TNS for 32-bit Windows: Version 2.3.4.0.0 - Production
  Time: 07-FEB-06 09:44:27
  Tracing not turned on.


***********************************************************************
Fatal OSN connect error 12154, connecting to:
 solca

  VERSION INFORMATION:
	TNS for 32-bit Windows: Version 2.3.4.0.0 - Production
  Time: 07-FEB-06 09:44:27
  Tracing not turned on.


***********************************************************************
Fatal OSN connect error 12154, connecting to:
 solca

  VERSION INFORMATION:
	TNS for 32-bit Windows: Version 2.3.4.0.0 - Production
  Time: 07-FEB-06 09:44:27
  Tracing not turned on.


***********************************************************************
Fatal OSN connect error 12154, connecting to:
 HSOLCA

  VERSION INFORMATION:
	TNS for 32-bit Windows: Version 2.3.4.0.0 - Production
  Time: 16-FEB-06 14:19:20
  Tracing not turned on.


***********************************************************************
Fatal OSN connect error 12154, connecting to:
 HSOLCA

  VERSION INFORMATION:
	TNS for 32-bit Windows: Version 2.3.4.0.0 - Production
  Time: 16-FEB-06 14:19:20
  Tracing not turned on.


***********************************************************************
Fatal OSN connect error 12154, connecting to:
 HSOLCA

  VERSION INFORMATION:
	TNS for 32-bit Windows: Version 2.3.4.0.0 - Production
  Time: 16-FEB-06 14:19:20
  Tracing not turned on.


***********************************************************************
Fatal OSN connect error 12154, connecting to:
 HSOLCA

  VERSION INFORMATION:
	TNS for 32-bit Windows: Version 2.3.4.0.0 - Production
  Time: 01-MAR-06 09:32:50
  Tracing not turned on.


***********************************************************************
Fatal OSN connect error 12154, connecting to:
 HSOLCA

  VERSION INFORMATION:
	TNS for 32-bit Windows: Version 2.3.4.0.0 - Production
  Time: 01-MAR-06 09:32:50
  Tracing not turned on.


***********************************************************************
Fatal OSN connect error 12154, connecting to:
 HSOLCA

  VERSION INFORMATION:
	TNS for 32-bit Windows: Version 2.3.4.0.0 - Production
  Time: 01-MAR-06 09:32:50
  Tracing not turned on.


***********************************************************************
Fatal OSN connect error 12154, connecting to:
 HSOLCA

  VERSION INFORMATION:
	TNS for 32-bit Windows: Version 2.3.4.0.0 - Production
  Time: 13-MAR-06 08:57:59
  Tracing not turned on.


***********************************************************************
Fatal OSN connect error 12154, connecting to:
 HSOLCA

  VERSION INFORMATION:
	TNS for 32-bit Windows: Version 2.3.4.0.0 - Production
  Time: 13-MAR-06 08:57:59
  Tracing not turned on.


***********************************************************************
Fatal OSN connect error 12154, connecting to:
 HSOLCA

  VERSION INFORMATION:
	TNS for 32-bit Windows: Version 2.3.4.0.0 - Production
  Time: 13-MAR-06 08:57:59
  Tracing not turned on.


***********************************************************************
Fatal OSN connect error 12154, connecting to:
 HSOLCA

  VERSION INFORMATION:
	TNS for 32-bit Windows: Version 2.3.4.0.0 - Production
  Time: 15-MAR-06 09:24:35
  Tracing not turned on.


***********************************************************************
Fatal OSN connect error 12154, connecting to:
 HSOLCA

  VERSION INFORMATION:
	TNS for 32-bit Windows: Version 2.3.4.0.0 - Production
  Time: 15-MAR-06 09:24:35
  Tracing not turned on.


***********************************************************************
Fatal OSN connect error 12154, connecting to:
 HSOLCA

  VERSION INFORMATION:
	TNS for 32-bit Windows: Version 2.3.4.0.0 - Production
  Time: 15-MAR-06 09:24:36
  Tracing not turned on.


***********************************************************************
Fatal OSN connect error 12154, connecting to:
 HSOLCA

  VERSION INFORMATION:
	TNS for 32-bit Windows: Version 2.3.4.0.0 - Production
  Time: 15-MAR-06 09:24:40
  Tracing not turned on.


***********************************************************************
Fatal OSN connect error 12154, connecting to:
 HSOLCA

  VERSION INFORMATION:
	TNS for 32-bit Windows: Version 2.3.4.0.0 - Production
  Time: 15-MAR-06 09:24:40
  Tracing not turned on.


***********************************************************************
Fatal OSN connect error 12154, connecting to:
 HSOLCA

  VERSION INFORMATION:
	TNS for 32-bit Windows: Version 2.3.4.0.0 - Production
  Time: 15-MAR-06 09:24:40
  Tracing not turned on.


***********************************************************************
Fatal NI connect error 12203, connecting to:
 (DESCRIPTION=(ADDRESS_LIST=(ADDRESS=(PROTOCOL=BEQ)(PROGRAM=oracle80)(ARGV0=oracle80ORCL)(ARGS='(DESCRIPTION=(LOCAL=YES)(ADDRESS=(PROTOCOL=beq)))')))(CONNECT_DATA=(SID=ORCL)(CID=(PROGRAM=C:\orant\BIN\ifrun60.EXE)(HOST=PORTATIL)(USER=folmedo))))

  VERSION INFORMATION:
	TNS for 32-bit Windows: Version 8.0.6.3.0 - Production
	Oracle Bequeath NT Protocol Adapter for 32-bit Windows: Version 8.0.6.3.0 - Production
  Time: 30-ENE-2007 12:28:19
  Tracing not turned on.
  Tns error struct:
    nr err code: 12203
    TNS-12203: TNS:unable to connect to destination
    ns main err code: 12560
    TNS-12560: TNS:protocol adapter error
    ns secondary err code: 0
    nt main err code: 530
    TNS-00530: Protocol adapter error
    nt secondary err code: 0
    nt OS err code: 0


***********************************************************************
Fatal NI connect error 12203, connecting to:
 (DESCRIPTION=(ADDRESS_LIST=(ADDRESS=(PROTOCOL=BEQ)(PROGRAM=oracle80)(ARGV0=oracle80ORCL)(ARGS='(DESCRIPTION=(LOCAL=YES)(ADDRESS=(PROTOCOL=beq)))')))(CONNECT_DATA=(SID=ORCL)(CID=(PROGRAM=C:\orant\BIN\ifrun60.EXE)(HOST=PORTATIL)(USER=folmedo))))

  VERSION INFORMATION:
	TNS for 32-bit Windows: Version 8.0.6.3.0 - Production
	Oracle Bequeath NT Protocol Adapter for 32-bit Windows: Version 8.0.6.3.0 - Production
  Time: 09-FEB-2007 13:46:17
  Tracing not turned on.
  Tns error struct:
    nr err code: 12203
    TNS-12203: TNS:unable to connect to destination
    ns main err code: 12560
    TNS-12560: TNS:protocol adapter error
    ns secondary err code: 0
    nt main err code: 530
    TNS-00530: Protocol adapter error
    nt secondary err code: 0
    nt OS err code: 0


***********************************************************************
Fatal NI connect error 12203, connecting to:
 (DESCRIPTION=(ADDRESS_LIST=(ADDRESS=(PROTOCOL=BEQ)(PROGRAM=oracle80)(ARGV0=oracle80ORCL)(ARGS='(DESCRIPTION=(LOCAL=YES)(ADDRESS=(PROTOCOL=beq)))')))(CONNECT_DATA=(SID=ORCL)(CID=(PROGRAM=C:\orant\BIN\ifrun60.EXE)(HOST=PORTATIL)(USER=folmedo))))

  VERSION INFORMATION:
	TNS for 32-bit Windows: Version 8.0.6.3.0 - Production
	Oracle Bequeath NT Protocol Adapter for 32-bit Windows: Version 8.0.6.3.0 - Production
  Time: 09-FEB-2007 13:46:17
  Tracing not turned on.
  Tns error struct:
    nr err code: 12203
    TNS-12203: TNS:unable to connect to destination
    ns main err code: 12560
    TNS-12560: TNS:protocol adapter error
    ns secondary err code: 0
    nt main err code: 530
    TNS-00530: Protocol adapter error
    nt secondary err code: 0
    nt OS err code: 0


***********************************************************************
Fatal NI connect error 12203, connecting to:
 (DESCRIPTION=(ADDRESS_LIST=(ADDRESS=(COMMUNITY=tcp.world)(PROTOCOL=TCP)(Host=192.168.10.15)(Port=1521))(ADDRESS=(COMMUNITY=tcp.world)(PROTOCOL=TCP)(Host=192.168.10.15)(Port=1526)))(CONNECT_DATA=(SID=SOLCA)(CID=(PROGRAM=C:\ORANT\BIN\ifrun60.EXE)(HOST=HP_CPQ2)(USER=xxx))))

  VERSION INFORMATION:
	TNS for 32-bit Windows: Version 8.0.6.3.0 - Production
	Windows NT TCP/IP NT Protocol Adapter for 32-bit Windows: Version 8.0.6.0.0 - Production
  Time: 07-MAY-2007 08:43:16
  Tracing not turned on.
  Tns error struct:
    nr err code: 12203
    TNS-12203: TNS:unable to connect to destination
    ns main err code: 12541
    TNS-12541: TNS:no listener
    ns secondary err code: 12560
    nt main err code: 511
    TNS-00511: No listener
    nt secondary err code: 61
    nt OS err code: 0


***********************************************************************
Fatal NI connect error 12203, connecting to:
 (DESCRIPTION=(ADDRESS_LIST=(ADDRESS=(COMMUNITY=tcp.world)(PROTOCOL=TCP)(Host=192.168.10.15)(Port=1521))(ADDRESS=(COMMUNITY=tcp.world)(PROTOCOL=TCP)(Host=192.168.10.15)(Port=1526)))(CONNECT_DATA=(SID=SOLCA)(CID=(PROGRAM=C:\ORANT\BIN\ifrun60.EXE)(HOST=HP_CPQ2)(USER=xxx))))

  VERSION INFORMATION:
	TNS for 32-bit Windows: Version 8.0.6.3.0 - Production
	Windows NT TCP/IP NT Protocol Adapter for 32-bit Windows: Version 8.0.6.0.0 - Production
  Time: 07-MAY-2007 08:43:19
  Tracing not turned on.
  Tns error struct:
    nr err code: 12203
    TNS-12203: TNS:unable to connect to destination
    ns main err code: 12541
    TNS-12541: TNS:no listener
    ns secondary err code: 12560
    nt main err code: 511
    TNS-00511: No listener
    nt secondary err code: 61
    nt OS err code: 0


***********************************************************************
Fatal NI connect error 12203, connecting to:
 (DESCRIPTION=(ADDRESS_LIST=(ADDRESS=(COMMUNITY=tcp.world)(PROTOCOL=TCP)(Host=192.168.10.15)(Port=1521))(ADDRESS=(COMMUNITY=tcp.world)(PROTOCOL=TCP)(Host=192.168.10.15)(Port=1526)))(CONNECT_DATA=(SID=SOLCA)(CID=(PROGRAM=C:\ORANT\BIN\ifrun60.EXE)(HOST=HP_CPQ2)(USER=xxx))))

  VERSION INFORMATION:
	TNS for 32-bit Windows: Version 8.0.6.3.0 - Production
	Windows NT TCP/IP NT Protocol Adapter for 32-bit Windows: Version 8.0.6.0.0 - Production
  Time: 07-MAY-2007 08:43:25
  Tracing not turned on.
  Tns error struct:
    nr err code: 12203
    TNS-12203: TNS:unable to connect to destination
    ns main err code: 12541
    TNS-12541: TNS:no listener
    ns secondary err code: 12560
    nt main err code: 511
    TNS-00511: No listener
    nt secondary err code: 61
    nt OS err code: 0


***********************************************************************
Fatal NI connect error 12203, connecting to:
 (DESCRIPTION=(ADDRESS_LIST=(ADDRESS=(COMMUNITY=tcp.world)(PROTOCOL=TCP)(Host=192.168.10.15)(Port=1521))(ADDRESS=(COMMUNITY=tcp.world)(PROTOCOL=TCP)(Host=192.168.10.15)(Port=1526)))(CONNECT_DATA=(SID=SOLCA)(CID=(PROGRAM=C:\ORANT\BIN\ifrun60.EXE)(HOST=HP_CPQ2)(USER=xxx))))

  VERSION INFORMATION:
	TNS for 32-bit Windows: Version 8.0.6.3.0 - Production
	Windows NT TCP/IP NT Protocol Adapter for 32-bit Windows: Version 8.0.6.0.0 - Production
  Time: 07-MAY-2007 08:43:27
  Tracing not turned on.
  Tns error struct:
    nr err code: 12203
    TNS-12203: TNS:unable to connect to destination
    ns main err code: 12541
    TNS-12541: TNS:no listener
    ns secondary err code: 12560
    nt main err code: 511
    TNS-00511: No listener
    nt secondary err code: 61
    nt OS err code: 0


***********************************************************************
Fatal NI connect error 12203, connecting to:
 (DESCRIPTION=(ADDRESS_LIST=(ADDRESS=(COMMUNITY=tcp.world)(PROTOCOL=TCP)(Host=192.168.10.15)(Port=1521))(ADDRESS=(COMMUNITY=tcp.world)(PROTOCOL=TCP)(Host=192.168.10.15)(Port=1526)))(CONNECT_DATA=(SID=SOLCA)(CID=(PROGRAM=C:\ORANT\BIN\ifrun60.EXE)(HOST=HP_CPQ2)(USER=xxx))))

  VERSION INFORMATION:
	TNS for 32-bit Windows: Version 8.0.6.3.0 - Production
	Windows NT TCP/IP NT Protocol Adapter for 32-bit Windows: Version 8.0.6.0.0 - Production
  Time: 17-MAY-2007 17:32:30
  Tracing not turned on.
  Tns error struct:
    nr err code: 12203
    TNS-12203: TNS:unable to connect to destination
    ns main err code: 12541
    TNS-12541: TNS:no listener
    ns secondary err code: 12560
    nt main err code: 511
    TNS-00511: No listener
    nt secondary err code: 61
    nt OS err code: 0
