Compiling package specification CG$ACTFJOADMACT_GLOBALS... 
   No compilation errors.

Compiling procedure CGDV$POPULATE_DYNAMIC_LISTS... 
   No compilation errors.

Compiling procedure CGSF$CLR_ACTFJOESP_ACTFJOESP_A... 
   No compilation errors.

Compiling procedure CGFK$QRY_ACTFJOESP_ACTFJOESP_P... 
   No compilation errors.

Compiling procedure CGFK$QRY_ACTFJOESP_ACTFJOESP_A... 
   No compilation errors.

Compiling procedure CGSF$CLR_ASGRIN_ASGRINACT_DPR_... 
   No compilation errors.

Compiling procedure CGFK$QRY_ASGRIN_ASGRINACT_DPR_... 
   No compilation errors.

Compiling procedure CGSF$CLR_ASGRIN_ASGRINACT_PRS_... 
   No compilation errors.

Compiling procedure CGFK$QRY_ASGRIN_ASGRINACT_PRS_... 
   No compilation errors.

Compiling procedure CGSF$CLR_ASGRIN_ASGRINACT_P2... 
   No compilation errors.

Compiling procedure CGFK$QRY_ASGRIN_ASGRINACT_P2... 
   No compilation errors.

Compiling function CGTE$CHECK_CONSTRAINT_VIO... 
   No compilation errors.

Compiling procedure CGTE$ACTFJOESP_ERRORS... 
   No compilation errors.

Compiling procedure CGTE$ASGRIN_ERRORS... 
   No compilation errors.

Compiling procedure CGNV$AI_BTN_VER_KARDEX... 
   No compilation errors.

Compiling procedure RECUPERA_RESPONSABLE... 
   No compilation errors.

Compiling PRE-COMMIT trigger on form...
   No compilation errors.

Compiling QMS$CUSTOM_HELP trigger on form...
   No compilation errors.

Compiling POST-FORM trigger on form...
   No compilation errors.

Compiling CALENDAR_WROTE_DATE trigger on form...
   No compilation errors.

Compiling KEY-EXIT trigger on form...
   No compilation errors.

Compiling POST-FORMS-COMMIT trigger on form...
   No compilation errors.

Compiling KEY-CLRFRM trigger on form...
   No compilation errors.

Compiling KEY-HELP trigger on form...
   No compilation errors.

Compiling KEY-MENU trigger on form...
   No compilation errors.

Compiling ON-ERROR trigger on form...
   No compilation errors.

Compiling ON-MESSAGE trigger on form...
   No compilation errors.

Compiling PRE-FORM trigger on form...
   No compilation errors.

Compiling QUERY_FIND trigger on form...
   No compilation errors.

Compiling QMS$MENU_ITEM trigger on form...
   No compilation errors.

Compiling WHEN-NEW-BLOCK-INSTANCE trigger on form...
   No compilation errors.

Compiling WHEN-NEW-FORM-INSTANCE trigger on form...
   No compilation errors.

Compiling WHEN-WINDOW-CLOSED trigger on form...
   No compilation errors.

Compiling WHEN-WINDOW-ACTIVATED trigger on form...
   No compilation errors.

Compiling WHEN-WINDOW-RESIZED trigger on form...
   No compilation errors.

Compiling POST-TEXT-ITEM trigger on form...
   No compilation errors.

Compiling WHEN-FORM-NAVIGATE trigger on form...
   No compilation errors.

Compiling KEY-CLRREC trigger on QMS$TRANS_ERRORS data block...
   No compilation errors.

Compiling KEY-CREREC trigger on QMS$TRANS_ERRORS data block...
   No compilation errors.

Compiling KEY-DOWN trigger on QMS$TRANS_ERRORS data block...
   No compilation errors.

Compiling KEY-NXTREC trigger on QMS$TRANS_ERRORS data block...
   No compilation errors.

Compiling KEY-SCRDOWN trigger on QMS$TRANS_ERRORS data block...
   No compilation errors.

Compiling KEY-UP trigger on QMS$TRANS_ERRORS data block...
   No compilation errors.

Compiling KEY-PRVREC trigger on QMS$TRANS_ERRORS data block...
   No compilation errors.

Compiling KEY-SCRUP trigger on QMS$TRANS_ERRORS data block...
   No compilation errors.

Compiling ON-ERROR trigger on QMS$TRANS_ERRORS data block...
   No compilation errors.

Compiling PRE-BLOCK trigger on QMS$TRANS_ERRORS data block...
   No compilation errors.

Compiling WHEN-NEW-BLOCK-INSTANCE trigger on QMS$TRANS_ERRORS data block...
   No compilation errors.

Compiling ON-LOCK trigger on QMS$TRANS_ERRORS data block...
   No compilation errors.

Compiling WHEN-VALIDATE-RECORD trigger on QMS$TRANS_ERRORS data block...
   No compilation errors.

Compiling WHEN-BUTTON-PRESSED trigger on QMS$TRANS_ERRORS data block...
   No compilation errors.

Compiling WHEN-LIST-ACTIVATED trigger on QMS$TRANS_ERRORS data block...
   No compilation errors.

Compiling WHEN-NEW-ITEM-INSTANCE trigger on OK_BUTTON item in QMS$TRANS_ERRORS data block...
   No compilation errors.

Compiling WHEN-BUTTON-PRESSED trigger on OK_BUTTON item in QMS$TRANS_ERRORS data block...
   No compilation errors.

Compiling KEY-PREV-ITEM trigger on OK_BUTTON item in QMS$TRANS_ERRORS data block...
   No compilation errors.

Compiling WHEN-LIST-CHANGED trigger on MESSAGES item in QMS$TRANS_ERRORS data block...
   No compilation errors.

Compiling WHEN-NEW-ITEM-INSTANCE trigger on HELP_BUTTON item in QMS$TRANS_ERRORS data block...
   No compilation errors.

Compiling WHEN-BUTTON-PRESSED trigger on HELP_BUTTON item in QMS$TRANS_ERRORS data block...
   No compilation errors.

Compiling KEY-NEXT-ITEM trigger on HELP_BUTTON item in QMS$TRANS_ERRORS data block...
   No compilation errors.

Compiling WHEN-NEW-ITEM-INSTANCE trigger on OK_BUTTON_MODAL item in QMS$TRANS_ERRORS data block...
   No compilation errors.

Compiling WHEN-BUTTON-PRESSED trigger on OK_BUTTON_MODAL item in QMS$TRANS_ERRORS data block...
   No compilation errors.

Compiling KEY-PREV-ITEM trigger on OK_BUTTON_MODAL item in QMS$TRANS_ERRORS data block...
   No compilation errors.

Compiling WHEN-LIST-CHANGED trigger on MESSAGES_MODAL item in QMS$TRANS_ERRORS data block...
   No compilation errors.

Compiling WHEN-NEW-ITEM-INSTANCE trigger on HELP_BUTTON_MODAL item in QMS$TRANS_ERRORS data block...
   No compilation errors.

Compiling WHEN-BUTTON-PRESSED trigger on HELP_BUTTON_MODAL item in QMS$TRANS_ERRORS data block...
   No compilation errors.

Compiling KEY-NEXT-ITEM trigger on HELP_BUTTON_MODAL item in QMS$TRANS_ERRORS data block...
   No compilation errors.

Compiling WHEN-NEW-ITEM-INSTANCE trigger on RETURN_TO_BLOCK item in QMS$TRANS_ERRORS data block...
   No compilation errors.

Compiling WHEN-RADIO-CHANGED trigger on CALENDAR data block...
   No compilation errors.

Compiling KEY-OTHERS trigger on CALENDAR data block...
   No compilation errors.

Compiling KEY-NEXT-ITEM trigger on CALENDAR data block...
   No compilation errors.

Compiling KEY-PREV-ITEM trigger on CALENDAR data block...
   No compilation errors.

Compiling KEY-ENTER trigger on CALENDAR data block...
   No compilation errors.

Compiling WHEN-BUTTON-PRESSED trigger on CALENDAR data block...
   No compilation errors.

Compiling WHEN-LIST-CHANGED trigger on CALENDAR data block...
   No compilation errors.

Compiling WHEN-MOUSE-CLICK trigger on CALENDAR data block...
   No compilation errors.

Compiling KEY-DOWN trigger on CALENDAR data block...
   No compilation errors.

Compiling KEY-UP trigger on CALENDAR data block...
   No compilation errors.

Compiling KEY-NXTREC trigger on CALENDAR data block...
   No compilation errors.

Compiling KEY-PRVREC trigger on CALENDAR data block...
   No compilation errors.

Compiling WHEN-MOUSE-DOUBLECLICK trigger on CALENDAR data block...
   No compilation errors.

Compiling WHEN-NEW-ITEM-INSTANCE trigger on HOUR item in CALENDAR data block...
   No compilation errors.

Compiling WHEN-NEW-ITEM-INSTANCE trigger on MINUTE item in CALENDAR data block...
   No compilation errors.

Compiling WHEN-NEW-ITEM-INSTANCE trigger on OK item in CALENDAR data block...
   No compilation errors.

Compiling WHEN-BUTTON-PRESSED trigger on OK item in CALENDAR data block...
   No compilation errors.

Compiling KEY-PREV-ITEM trigger on OK item in CALENDAR data block...
   No compilation errors.

Compiling WHEN-NEW-ITEM-INSTANCE trigger on CANCEL item in CALENDAR data block...
   No compilation errors.

Compiling WHEN-BUTTON-PRESSED trigger on CANCEL item in CALENDAR data block...
   No compilation errors.

Compiling KEY-NEXT-ITEM trigger on MONTH_AND_YEAR item in CALENDAR data block...
   No compilation errors.

Compiling WHEN-MOUSE-CLICK trigger on PREV_MONTH item in CALENDAR data block...
   No compilation errors.

Compiling WHEN-MOUSE-CLICK trigger on NEXT_MONTH item in CALENDAR data block...
   No compilation errors.

Compiling WHEN-MOUSE-CLICK trigger on NEXT_YEAR item in CALENDAR data block...
   No compilation errors.

Compiling WHEN-MOUSE-CLICK trigger on PREV_YEAR item in CALENDAR data block...
   No compilation errors.

Compiling WHEN-NEW-ITEM-INSTANCE trigger on AM_PM item in CALENDAR data block...
   No compilation errors.

Compiling WHEN-BUTTON-PRESSED trigger on QMS$TOOLBAR data block...
   No compilation errors.

Compiling WHEN-LIST-CHANGED trigger on ORDER_BY item in QMS$TOOLBAR data block...
   No compilation errors.

Compiling ON-LOCK trigger on ACTFJOESP data block...
   No compilation errors.

Compiling POST-INSERT trigger on ACTFJOESP data block...
   No compilation errors.

Compiling POST-QUERY trigger on ACTFJOESP data block...
   No compilation errors.

Compiling PRE-BLOCK trigger on ACTFJOESP data block...
   No compilation errors.

Compiling PRE-QUERY trigger on ACTFJOESP data block...
   No compilation errors.

Compiling WHEN-DATABASE-RECORD trigger on ACTFJOESP data block...
   No compilation errors.

Compiling WHEN-NEW-BLOCK-INSTANCE trigger on ACTFJOESP data block...
   No compilation errors.

Compiling WHEN-NEW-RECORD-INSTANCE trigger on ACTFJOESP data block...
   No compilation errors.

Compiling WHEN-REMOVE-RECORD trigger on ACTFJOESP data block...
   No compilation errors.

Compiling POST-SELECT trigger on ACTFJOESP data block...
   No compilation errors.

Compiling ON-ERROR trigger on ACTFJOESP data block...
   No compilation errors.

Compiling PRE-UPDATE trigger on ACTFJOESP data block...
   No compilation errors.

Compiling PRE-INSERT trigger on ACTFJOESP data block...
   No compilation errors.

Compiling WHEN-NEW-ITEM-INSTANCE trigger on REC_ACTUAL item in ACTFJOESP data block...
   No compilation errors.

Compiling KEY-PREV-ITEM trigger on REC_ACTUAL item in ACTFJOESP data block...
   No compilation errors.

Compiling WHEN-NEW-ITEM-INSTANCE trigger on EMP_CODIGO2 item in ACTFJOESP data block...
   No compilation errors.

Compiling WHEN-NEW-ITEM-INSTANCE trigger on EMP_CODIGO item in ACTFJOESP data block...
   No compilation errors.

Compiling WHEN-NEW-ITEM-INSTANCE trigger on EMP_CODIGO3 item in ACTFJOESP data block...
   No compilation errors.

Compiling WHEN-NEW-ITEM-INSTANCE trigger on GRUPO item in ACTFJOESP data block...
   No compilation errors.

Compiling WHEN-NEW-ITEM-INSTANCE trigger on CODIGO_GRUPO3 item in ACTFJOESP data block...
   No compilation errors.

Compiling WHEN-NEW-ITEM-INSTANCE trigger on SUBGRUPO item in ACTFJOESP data block...
   No compilation errors.

Compiling WHEN-NEW-ITEM-INSTANCE trigger on ACTIVO item in ACTFJOESP data block...
   No compilation errors.

Compiling WHEN-NEW-ITEM-INSTANCE trigger on GRUPO2 item in ACTFJOESP data block...
   No compilation errors.

Compiling WHEN-NEW-ITEM-INSTANCE trigger on CODIGO item in ACTFJOESP data block...
   No compilation errors.

Compiling WHEN-NEW-ITEM-INSTANCE trigger on DESCRIPCION_GRUPO3 item in ACTFJOESP data block...
   No compilation errors.

Compiling WHEN-NEW-ITEM-INSTANCE trigger on DESCRIPCION_SUBGRUPO item in ACTFJOESP data block...
   No compilation errors.

Compiling WHEN-NEW-ITEM-INSTANCE trigger on DESCRIPCION item in ACTFJOESP data block...
   No compilation errors.

Compiling WHEN-NEW-ITEM-INSTANCE trigger on TIPO item in ACTFJOESP data block...
   No compilation errors.

Compiling WHEN-NEW-ITEM-INSTANCE trigger on MARCA item in ACTFJOESP data block...
   No compilation errors.

Compiling WHEN-NEW-ITEM-INSTANCE trigger on MODELO item in ACTFJOESP data block...
   No compilation errors.

Compiling WHEN-NEW-ITEM-INSTANCE trigger on INGACTFJO_NUMERO item in ACTFJOESP data block...
   No compilation errors.

Compiling WHEN-NEW-ITEM-INSTANCE trigger on FECHA_INGRESO item in ACTFJOESP data block...
   No compilation errors.

Compiling KEY-LISTVAL trigger on FECHA_INGRESO item in ACTFJOESP data block...
   No compilation errors.

Compiling WHEN-NEW-ITEM-INSTANCE trigger on PRVACTFJO_CODIGO item in ACTFJOESP data block...
   No compilation errors.

Compiling WHEN-NEW-ITEM-INSTANCE trigger on PRVACTFJO_NOMBRE item in ACTFJOESP data block...
   No compilation errors.

Compiling WHEN-NEW-ITEM-INSTANCE trigger on VALOR_INICIAL item in ACTFJOESP data block...
   No compilation errors.

Compiling WHEN-NEW-ITEM-INSTANCE trigger on VALOR_REVALORIZADO item in ACTFJOESP data block...
   No compilation errors.

Compiling WHEN-NEW-ITEM-INSTANCE trigger on VALOR_ACTUAL item in ACTFJOESP data block...
   No compilation errors.

Compiling WHEN-NEW-ITEM-INSTANCE trigger on IVA item in ACTFJOESP data block...
   No compilation errors.

Compiling WHEN-NEW-ITEM-INSTANCE trigger on ESTADO_DE_ASIGNACION item in ACTFJOESP data block...
   No compilation errors.

Compiling WHEN-NEW-ITEM-INSTANCE trigger on NUMERO_ASIGNACION item in ACTFJOESP data block...
   No compilation errors.

Compiling WHEN-NEW-ITEM-INSTANCE trigger on RESPONSABLE item in ACTFJOESP data block...
   No compilation errors.

Compiling WHEN-NEW-ITEM-INSTANCE trigger on AREA item in ACTFJOESP data block...
   No compilation errors.

Compiling WHEN-NEW-ITEM-INSTANCE trigger on DEPARTAMENTO item in ACTFJOESP data block...
   No compilation errors.

Compiling WHEN-NEW-ITEM-INSTANCE trigger on PORCENTAJE_REVALORIZACION item in ACTFJOESP data block...
   No compilation errors.

Compiling WHEN-NEW-ITEM-INSTANCE trigger on PORCENTAJE_DEPRECIACION item in ACTFJOESP data block...
   No compilation errors.

Compiling WHEN-NEW-ITEM-INSTANCE trigger on VIDA_UTIL item in ACTFJOESP data block...
   No compilation errors.

Compiling WHEN-VALIDATE-ITEM trigger on VIDA_UTIL item in ACTFJOESP data block...
   No compilation errors.

Compiling WHEN-NEW-ITEM-INSTANCE trigger on NUMERO_SERIE item in ACTFJOESP data block...
   No compilation errors.

Compiling WHEN-NEW-ITEM-INSTANCE trigger on CODIGO_PROPIO item in ACTFJOESP data block...
   No compilation errors.

Compiling WHEN-NEW-ITEM-INSTANCE trigger on ESTADO item in ACTFJOESP data block...
   No compilation errors.

Compiling WHEN-NEW-ITEM-INSTANCE trigger on FECHA_BAJA item in ACTFJOESP data block...
   No compilation errors.

Compiling KEY-LISTVAL trigger on FECHA_BAJA item in ACTFJOESP data block...
   No compilation errors.

Compiling WHEN-NEW-ITEM-INSTANCE trigger on OBSERVACIONES item in ACTFJOESP data block...
   No compilation errors.

Compiling WHEN-NEW-ITEM-INSTANCE trigger on BTN_KARDEX item in ACTFJOESP data block...
   No compilation errors.

Compiling WHEN-BUTTON-PRESSED trigger on BTN_KARDEX item in ACTFJOESP data block...
   No compilation errors.

Compiling WHEN-NEW-ITEM-INSTANCE trigger on BTN_HST item in ACTFJOESP data block...
   No compilation errors.

Compiling WHEN-BUTTON-PRESSED trigger on BTN_HST item in ACTFJOESP data block...
   No compilation errors.

Compiling KEY-NEXT-ITEM trigger on BTN_HST item in ACTFJOESP data block...
   No compilation errors.

Compiling WHEN-NEW-ITEM-INSTANCE trigger on CODIGO_SUBGRUPO item in ACTFJOESP data block...
   No compilation errors.

Compiling WHEN-NEW-ITEM-INSTANCE trigger on PRVACTFJO_EMP_CODIGO item in ACTFJOESP data block...
   No compilation errors.

Compiling WHEN-NEW-ITEM-INSTANCE trigger on DESCRIPCION2 item in ACTFJOESP data block...
   No compilation errors.

Compiling WHEN-NEW-ITEM-INSTANCE trigger on INGACTFJO_EMP_CODIGO item in ACTFJOESP data block...
   No compilation errors.

Compiling WHEN-NEW-ITEM-INSTANCE trigger on ESTADO_DE_DISPONIBILIDAD item in ACTFJOESP data block...
   No compilation errors.

Compiling ON-LOCK trigger on ASGRIN data block...
   No compilation errors.

Compiling POST-INSERT trigger on ASGRIN data block...
   No compilation errors.

Compiling POST-QUERY trigger on ASGRIN data block...
   No compilation errors.

Compiling PRE-BLOCK trigger on ASGRIN data block...
   No compilation errors.

Compiling PRE-QUERY trigger on ASGRIN data block...
   No compilation errors.

Compiling WHEN-DATABASE-RECORD trigger on ASGRIN data block...
   No compilation errors.

Compiling WHEN-NEW-BLOCK-INSTANCE trigger on ASGRIN data block...
   No compilation errors.

Compiling WHEN-NEW-RECORD-INSTANCE trigger on ASGRIN data block...
   No compilation errors.

Compiling WHEN-REMOVE-RECORD trigger on ASGRIN data block...
   No compilation errors.

Compiling POST-SELECT trigger on ASGRIN data block...
   No compilation errors.

Compiling ON-ERROR trigger on ASGRIN data block...
   No compilation errors.

Compiling WHEN-NEW-ITEM-INSTANCE trigger on REC_ACTUAL item in ASGRIN data block...
   No compilation errors.

Compiling KEY-PREV-ITEM trigger on REC_ACTUAL item in ASGRIN data block...
   No compilation errors.

Compiling WHEN-NEW-ITEM-INSTANCE trigger on EMP_CODIGO item in ASGRIN data block...
   No compilation errors.

Compiling WHEN-NEW-ITEM-INSTANCE trigger on TIPO_MOVIMIENTO item in ASGRIN data block...
   No compilation errors.

Compiling WHEN-NEW-ITEM-INSTANCE trigger on NUMERO item in ASGRIN data block...
   No compilation errors.

Compiling WHEN-NEW-ITEM-INSTANCE trigger on FECHA item in ASGRIN data block...
   No compilation errors.

Compiling KEY-LISTVAL trigger on FECHA item in ASGRIN data block...
   No compilation errors.

Compiling WHEN-NEW-ITEM-INSTANCE trigger on PRS_CODIGO_ENTREGADO_POR item in ASGRIN data block...
   No compilation errors.

Compiling WHEN-NEW-ITEM-INSTANCE trigger on L_PRS_APELLIDOS item in ASGRIN data block...
   No compilation errors.

Compiling WHEN-NEW-ITEM-INSTANCE trigger on L_PRS_NOMBRES item in ASGRIN data block...
   No compilation errors.

Compiling WHEN-NEW-ITEM-INSTANCE trigger on PRS_CODIGO item in ASGRIN data block...
   No compilation errors.

Compiling WHEN-NEW-ITEM-INSTANCE trigger on L_PRS2_APELLIDOS item in ASGRIN data block...
   No compilation errors.

Compiling WHEN-NEW-ITEM-INSTANCE trigger on L_PRS2_NOMBRES item in ASGRIN data block...
   No compilation errors.

Compiling WHEN-NEW-ITEM-INSTANCE trigger on DPR_ARA_CODIGO item in ASGRIN data block...
   No compilation errors.

Compiling WHEN-NEW-ITEM-INSTANCE trigger on L_ARA_NOMBRE item in ASGRIN data block...
   No compilation errors.

Compiling WHEN-NEW-ITEM-INSTANCE trigger on DPR_CODIGO item in ASGRIN data block...
   No compilation errors.

Compiling WHEN-NEW-ITEM-INSTANCE trigger on L_DPR_NOMBRE item in ASGRIN data block...
   No compilation errors.

Compiling WHEN-NEW-ITEM-INSTANCE trigger on L_ARA_CODIGO item in ASGRIN data block...
   No compilation errors.

Compiling WHEN-NEW-ITEM-INSTANCE trigger on BTN_SALIR item in ASGRIN data block...
   No compilation errors.

Compiling WHEN-BUTTON-PRESSED trigger on BTN_SALIR item in ASGRIN data block...
   No compilation errors.

Compiling KEY-NEXT-ITEM trigger on BTN_SALIR item in ASGRIN data block...
   No compilation errors.

Compiling KEY-CLRREC trigger on CGNV$WINDOW_1 data block...
   No compilation errors.

Compiling KEY-CREREC trigger on CGNV$WINDOW_1 data block...
   No compilation errors.

Compiling KEY-DOWN trigger on CGNV$WINDOW_1 data block...
   No compilation errors.

Compiling KEY-NXTREC trigger on CGNV$WINDOW_1 data block...
   No compilation errors.

Compiling KEY-SCRDOWN trigger on CGNV$WINDOW_1 data block...
   No compilation errors.

Compiling KEY-UP trigger on CGNV$WINDOW_1 data block...
   No compilation errors.

Compiling KEY-PRVREC trigger on CGNV$WINDOW_1 data block...
   No compilation errors.

Compiling KEY-SCRUP trigger on CGNV$WINDOW_1 data block...
   No compilation errors.

Compiling ON-ERROR trigger on CGNV$WINDOW_1 data block...
   No compilation errors.

Compiling PRE-BLOCK trigger on CGNV$WINDOW_1 data block...
   No compilation errors.

Compiling WHEN-NEW-BLOCK-INSTANCE trigger on CGNV$WINDOW_1 data block...
   No compilation errors.

Compiling WHEN-NEW-ITEM-INSTANCE trigger on BTN_VER_KARDEX item in CGNV$WINDOW_1 data block...
   No compilation errors.

Compiling WHEN-BUTTON-PRESSED trigger on BTN_VER_KARDEX item in CGNV$WINDOW_1 data block...
   No compilation errors.

Compiling KEY-CLRREC trigger on CG$CTRL data block...
   No compilation errors.

Compiling KEY-CREREC trigger on CG$CTRL data block...
   No compilation errors.

Compiling KEY-DOWN trigger on CG$CTRL data block...
   No compilation errors.

Compiling KEY-NXTREC trigger on CG$CTRL data block...
   No compilation errors.

Compiling KEY-SCRDOWN trigger on CG$CTRL data block...
   No compilation errors.

Compiling KEY-UP trigger on CG$CTRL data block...
   No compilation errors.

Compiling KEY-PRVREC trigger on CG$CTRL data block...
   No compilation errors.

Compiling KEY-SCRUP trigger on CG$CTRL data block...
   No compilation errors.

Compiling ON-ERROR trigger on CG$CTRL data block...
   No compilation errors.

Compiling PRE-BLOCK trigger on CG$CTRL data block...
   No compilation errors.

Compiling WHEN-NEW-BLOCK-INSTANCE trigger on CG$CTRL data block...
   No compilation errors.


Created form file M:\sas\bin\ACF\frm\actfjoadmact.fmx
