Compiling procedure CGFK$QRY_CAB_RAS_PRS_FK... 
   No compilation errors.

Compiling procedure CGSF$CLR_CAB_RAS_PRS_FK... 
   No compilation errors.

Compiling function CGTE$CHECK_CONSTRAINT_VIO... 
   No compilation errors.

Compiling procedure CGTE$CAB_ERRORS... 
   No compilation errors.

Compiling procedure CGTE$DTL_ERRORS... 
   No compilation errors.

Compiling procedure CGLY$DISPLAY_CANVASES... 
   No compilation errors.

Compiling procedure CGLY$GET_RELATED_CANVASES... 
   No compilation errors.

Compiling procedure CGLY$CANVAS_MANAGEMENT... 
   No compilation errors.

Compiling procedure CGBS$TOGGLE... 
   No compilation errors.

Compiling PRE-COMMIT trigger on form...
   No compilation errors.

Compiling QMS$CUSTOM_HELP trigger on form...
   No compilation errors.

Compiling POST-FORM trigger on form...
   No compilation errors.

Compiling CALENDAR_WROTE_DATE trigger on form...
   No compilation errors.

Compiling KEY-EXIT trigger on form...
   No compilation errors.

Compiling POST-FORMS-COMMIT trigger on form...
   No compilation errors.

Compiling KEY-CLRFRM trigger on form...
   No compilation errors.

Compiling KEY-HELP trigger on form...
   No compilation errors.

Compiling KEY-MENU trigger on form...
   No compilation errors.

Compiling ON-ERROR trigger on form...
   No compilation errors.

Compiling ON-MESSAGE trigger on form...
   No compilation errors.

Compiling PRE-FORM trigger on form...
   No compilation errors.

Compiling QUERY_FIND trigger on form...
   No compilation errors.

Compiling QMS$MENU_ITEM trigger on form...
   No compilation errors.

Compiling WHEN-NEW-BLOCK-INSTANCE trigger on form...
   No compilation errors.

Compiling WHEN-NEW-FORM-INSTANCE trigger on form...
   No compilation errors.

Compiling WHEN-WINDOW-CLOSED trigger on form...
   No compilation errors.

Compiling WHEN-WINDOW-ACTIVATED trigger on form...
   No compilation errors.

Compiling WHEN-WINDOW-RESIZED trigger on form...
   No compilation errors.

Compiling POST-TEXT-ITEM trigger on form...
   No compilation errors.

Compiling WHEN-FORM-NAVIGATE trigger on form...
   No compilation errors.

Compiling ON-CLEAR-DETAILS trigger on form...
   No compilation errors.

Compiling ON-POPULATE-DETAILS trigger on form...
   No compilation errors.

Compiling KEY-ENTQRY trigger on form...
   No compilation errors.

Compiling KEY-EXEQRY trigger on form...
   No compilation errors.

Compiling KEY-CQUERY trigger on form...
   No compilation errors.

Compiling KEY-CLRBLK trigger on form...
   No compilation errors.

Compiling KEY-CLRREC trigger on form...
   No compilation errors.

Compiling KEY-NXTKEY trigger on form...
   No compilation errors.

Compiling KEY-CLRREC trigger on QMS$TRANS_ERRORS data block...
   No compilation errors.

Compiling KEY-CREREC trigger on QMS$TRANS_ERRORS data block...
   No compilation errors.

Compiling KEY-DOWN trigger on QMS$TRANS_ERRORS data block...
   No compilation errors.

Compiling KEY-NXTREC trigger on QMS$TRANS_ERRORS data block...
   No compilation errors.

Compiling KEY-SCRDOWN trigger on QMS$TRANS_ERRORS data block...
   No compilation errors.

Compiling KEY-UP trigger on QMS$TRANS_ERRORS data block...
   No compilation errors.

Compiling KEY-PRVREC trigger on QMS$TRANS_ERRORS data block...
   No compilation errors.

Compiling KEY-SCRUP trigger on QMS$TRANS_ERRORS data block...
   No compilation errors.

Compiling ON-ERROR trigger on QMS$TRANS_ERRORS data block...
   No compilation errors.

Compiling PRE-BLOCK trigger on QMS$TRANS_ERRORS data block...
   No compilation errors.

Compiling WHEN-NEW-BLOCK-INSTANCE trigger on QMS$TRANS_ERRORS data block...
   No compilation errors.

Compiling ON-LOCK trigger on QMS$TRANS_ERRORS data block...
   No compilation errors.

Compiling WHEN-VALIDATE-RECORD trigger on QMS$TRANS_ERRORS data block...
   No compilation errors.

Compiling WHEN-BUTTON-PRESSED trigger on QMS$TRANS_ERRORS data block...
   No compilation errors.

Compiling WHEN-LIST-ACTIVATED trigger on QMS$TRANS_ERRORS data block...
   No compilation errors.

Compiling WHEN-NEW-ITEM-INSTANCE trigger on OK_BUTTON item in QMS$TRANS_ERRORS data block...
   No compilation errors.

Compiling WHEN-BUTTON-PRESSED trigger on OK_BUTTON item in QMS$TRANS_ERRORS data block...
   No compilation errors.

Compiling KEY-PREV-ITEM trigger on OK_BUTTON item in QMS$TRANS_ERRORS data block...
   No compilation errors.

Compiling WHEN-LIST-CHANGED trigger on MESSAGES item in QMS$TRANS_ERRORS data block...
   No compilation errors.

Compiling WHEN-NEW-ITEM-INSTANCE trigger on HELP_BUTTON item in QMS$TRANS_ERRORS data block...
   No compilation errors.

Compiling WHEN-BUTTON-PRESSED trigger on HELP_BUTTON item in QMS$TRANS_ERRORS data block...
   No compilation errors.

Compiling KEY-NEXT-ITEM trigger on HELP_BUTTON item in QMS$TRANS_ERRORS data block...
   No compilation errors.

Compiling WHEN-NEW-ITEM-INSTANCE trigger on OK_BUTTON_MODAL item in QMS$TRANS_ERRORS data block...
   No compilation errors.

Compiling WHEN-BUTTON-PRESSED trigger on OK_BUTTON_MODAL item in QMS$TRANS_ERRORS data block...
   No compilation errors.

Compiling KEY-PREV-ITEM trigger on OK_BUTTON_MODAL item in QMS$TRANS_ERRORS data block...
   No compilation errors.

Compiling WHEN-LIST-CHANGED trigger on MESSAGES_MODAL item in QMS$TRANS_ERRORS data block...
   No compilation errors.

Compiling WHEN-NEW-ITEM-INSTANCE trigger on HELP_BUTTON_MODAL item in QMS$TRANS_ERRORS data block...
   No compilation errors.

Compiling WHEN-BUTTON-PRESSED trigger on HELP_BUTTON_MODAL item in QMS$TRANS_ERRORS data block...
   No compilation errors.

Compiling KEY-NEXT-ITEM trigger on HELP_BUTTON_MODAL item in QMS$TRANS_ERRORS data block...
   No compilation errors.

Compiling WHEN-NEW-ITEM-INSTANCE trigger on RETURN_TO_BLOCK item in QMS$TRANS_ERRORS data block...
   No compilation errors.

Compiling WHEN-RADIO-CHANGED trigger on CALENDAR data block...
   No compilation errors.

Compiling KEY-OTHERS trigger on CALENDAR data block...
   No compilation errors.

Compiling KEY-NEXT-ITEM trigger on CALENDAR data block...
   No compilation errors.

Compiling KEY-PREV-ITEM trigger on CALENDAR data block...
   No compilation errors.

Compiling KEY-ENTER trigger on CALENDAR data block...
   No compilation errors.

Compiling WHEN-BUTTON-PRESSED trigger on CALENDAR data block...
   No compilation errors.

Compiling WHEN-LIST-CHANGED trigger on CALENDAR data block...
   No compilation errors.

Compiling WHEN-MOUSE-CLICK trigger on CALENDAR data block...
   No compilation errors.

Compiling KEY-DOWN trigger on CALENDAR data block...
   No compilation errors.

Compiling KEY-UP trigger on CALENDAR data block...
   No compilation errors.

Compiling KEY-NXTREC trigger on CALENDAR data block...
   No compilation errors.

Compiling KEY-PRVREC trigger on CALENDAR data block...
   No compilation errors.

Compiling WHEN-MOUSE-DOUBLECLICK trigger on CALENDAR data block...
   No compilation errors.

Compiling WHEN-NEW-ITEM-INSTANCE trigger on HOUR item in CALENDAR data block...
   No compilation errors.

Compiling WHEN-NEW-ITEM-INSTANCE trigger on MINUTE item in CALENDAR data block...
   No compilation errors.

Compiling WHEN-NEW-ITEM-INSTANCE trigger on OK item in CALENDAR data block...
   No compilation errors.

Compiling WHEN-BUTTON-PRESSED trigger on OK item in CALENDAR data block...
   No compilation errors.

Compiling KEY-PREV-ITEM trigger on OK item in CALENDAR data block...
   No compilation errors.

Compiling WHEN-NEW-ITEM-INSTANCE trigger on CANCEL item in CALENDAR data block...
   No compilation errors.

Compiling WHEN-BUTTON-PRESSED trigger on CANCEL item in CALENDAR data block...
   No compilation errors.

Compiling KEY-NEXT-ITEM trigger on MONTH_AND_YEAR item in CALENDAR data block...
   No compilation errors.

Compiling WHEN-MOUSE-CLICK trigger on PREV_MONTH item in CALENDAR data block...
   No compilation errors.

Compiling WHEN-MOUSE-CLICK trigger on NEXT_MONTH item in CALENDAR data block...
   No compilation errors.

Compiling WHEN-MOUSE-CLICK trigger on NEXT_YEAR item in CALENDAR data block...
   No compilation errors.

Compiling WHEN-MOUSE-CLICK trigger on PREV_YEAR item in CALENDAR data block...
   No compilation errors.

Compiling WHEN-NEW-ITEM-INSTANCE trigger on AM_PM item in CALENDAR data block...
   No compilation errors.

Compiling WHEN-BUTTON-PRESSED trigger on QMS$TOOLBAR data block...
   No compilation errors.

Compiling WHEN-LIST-CHANGED trigger on ORDER_BY item in QMS$TOOLBAR data block...
   No compilation errors.

Compiling ON-LOCK trigger on CAB data block...
   No compilation errors.

Compiling POST-INSERT trigger on CAB data block...
   No compilation errors.

Compiling POST-QUERY trigger on CAB data block...
   No compilation errors.

Compiling PRE-BLOCK trigger on CAB data block...
   No compilation errors.

Compiling PRE-QUERY trigger on CAB data block...
   No compilation errors.

Compiling WHEN-DATABASE-RECORD trigger on CAB data block...
   No compilation errors.

Compiling WHEN-NEW-BLOCK-INSTANCE trigger on CAB data block...
   No compilation errors.

Compiling WHEN-NEW-RECORD-INSTANCE trigger on CAB data block...
   No compilation errors.

Compiling WHEN-REMOVE-RECORD trigger on CAB data block...
   No compilation errors.

Compiling POST-SELECT trigger on CAB data block...
   No compilation errors.

Compiling ON-ERROR trigger on CAB data block...
   No compilation errors.

Compiling WHEN-NEW-ITEM-INSTANCE trigger on ID item in CAB data block...
   No compilation errors.

Compiling WHEN-NEW-ITEM-INSTANCE trigger on FECHA_DESDE item in CAB data block...
   No compilation errors.

Compiling KEY-LISTVAL trigger on FECHA_DESDE item in CAB data block...
   No compilation errors.

Compiling KEY-PREV-ITEM trigger on FECHA_DESDE item in CAB data block...
   No compilation errors.

Compiling WHEN-NEW-ITEM-INSTANCE trigger on FECHA_HASTA item in CAB data block...
   No compilation errors.

Compiling KEY-LISTVAL trigger on FECHA_HASTA item in CAB data block...
   No compilation errors.

Compiling WHEN-NEW-ITEM-INSTANCE trigger on NOMBRE_ARCHIVO item in CAB data block...
   No compilation errors.

Compiling WHEN-NEW-ITEM-INSTANCE trigger on REGISTROS item in CAB data block...
   No compilation errors.

Compiling WHEN-NEW-ITEM-INSTANCE trigger on VALOR item in CAB data block...
   No compilation errors.

Compiling WHEN-NEW-ITEM-INSTANCE trigger on L_PRS_APELLIDOS item in CAB data block...
   No compilation errors.

Compiling WHEN-NEW-ITEM-INSTANCE trigger on L_PRS_NOMBRES item in CAB data block...
   No compilation errors.

Compiling WHEN-NEW-ITEM-INSTANCE trigger on FECHA_GENERACION item in CAB data block...
   No compilation errors.

Compiling KEY-LISTVAL trigger on FECHA_GENERACION item in CAB data block...
   No compilation errors.

Compiling KEY-NEXT-ITEM trigger on FECHA_GENERACION item in CAB data block...
   No compilation errors.

Compiling WHEN-NEW-ITEM-INSTANCE trigger on USUARIO item in CAB data block...
   No compilation errors.

Compiling ON-LOCK trigger on DTL data block...
   No compilation errors.

Compiling POST-INSERT trigger on DTL data block...
   No compilation errors.

Compiling POST-QUERY trigger on DTL data block...
   No compilation errors.

Compiling PRE-BLOCK trigger on DTL data block...
   No compilation errors.

Compiling PRE-QUERY trigger on DTL data block...
   No compilation errors.

Compiling WHEN-DATABASE-RECORD trigger on DTL data block...
   No compilation errors.

Compiling WHEN-NEW-BLOCK-INSTANCE trigger on DTL data block...
   No compilation errors.

Compiling WHEN-NEW-RECORD-INSTANCE trigger on DTL data block...
   No compilation errors.

Compiling WHEN-REMOVE-RECORD trigger on DTL data block...
   No compilation errors.

Compiling POST-SELECT trigger on DTL data block...
   No compilation errors.

Compiling ON-ERROR trigger on DTL data block...
   No compilation errors.

Compiling WHEN-NEW-ITEM-INSTANCE trigger on PCN_NUMERO_HC item in DTL data block...
   No compilation errors.

Compiling KEY-PREV-ITEM trigger on PCN_NUMERO_HC item in DTL data block...
   No compilation errors.

Compiling WHEN-NEW-ITEM-INSTANCE trigger on CNT_DOC item in DTL data block...
   No compilation errors.

Compiling WHEN-NEW-ITEM-INSTANCE trigger on CNT_NUMERO item in DTL data block...
   No compilation errors.

Compiling WHEN-NEW-ITEM-INSTANCE trigger on CNT_DTL item in DTL data block...
   No compilation errors.

Compiling WHEN-NEW-ITEM-INSTANCE trigger on FEC_ATENCION item in DTL data block...
   No compilation errors.

Compiling KEY-LISTVAL trigger on FEC_ATENCION item in DTL data block...
   No compilation errors.

Compiling WHEN-NEW-ITEM-INSTANCE trigger on DEPENDENCIA item in DTL data block...
   No compilation errors.

Compiling WHEN-NEW-ITEM-INSTANCE trigger on PLA_NUMERO_RECLAMO item in DTL data block...
   No compilation errors.

Compiling WHEN-NEW-ITEM-INSTANCE trigger on TIPO_SEGURO item in DTL data block...
   No compilation errors.

Compiling WHEN-NEW-ITEM-INSTANCE trigger on MEAN_TIPO_SEGURO item in DTL data block...
   No compilation errors.

Compiling WHEN-NEW-ITEM-INSTANCE trigger on ID_BNF item in DTL data block...
   No compilation errors.

Compiling WHEN-NEW-ITEM-INSTANCE trigger on NOMBRE_BNF item in DTL data block...
   No compilation errors.

Compiling WHEN-NEW-ITEM-INSTANCE trigger on SEXO item in DTL data block...
   No compilation errors.

Compiling WHEN-NEW-ITEM-INSTANCE trigger on FEC_NAC item in DTL data block...
   No compilation errors.

Compiling KEY-LISTVAL trigger on FEC_NAC item in DTL data block...
   No compilation errors.

Compiling WHEN-NEW-ITEM-INSTANCE trigger on EDAD item in DTL data block...
   No compilation errors.

Compiling WHEN-NEW-ITEM-INSTANCE trigger on TIPO_EXAMEN item in DTL data block...
   No compilation errors.

Compiling WHEN-NEW-ITEM-INSTANCE trigger on COD_PROC item in DTL data block...
   No compilation errors.

Compiling WHEN-NEW-ITEM-INSTANCE trigger on NOM_PROC item in DTL data block...
   No compilation errors.

Compiling WHEN-NEW-ITEM-INSTANCE trigger on DX_PRINCIPAL item in DTL data block...
   No compilation errors.

Compiling WHEN-NEW-ITEM-INSTANCE trigger on CANTIDAD item in DTL data block...
   No compilation errors.

Compiling WHEN-NEW-ITEM-INSTANCE trigger on VALOR item in DTL data block...
   No compilation errors.

Compiling WHEN-NEW-ITEM-INSTANCE trigger on DURACION_CONS item in DTL data block...
   No compilation errors.

Compiling WHEN-NEW-ITEM-INSTANCE trigger on PARENTESCO item in DTL data block...
   No compilation errors.

Compiling WHEN-NEW-ITEM-INSTANCE trigger on MEAN_PARENTESCO item in DTL data block...
   No compilation errors.

Compiling WHEN-NEW-ITEM-INSTANCE trigger on ID_AFL item in DTL data block...
   No compilation errors.

Compiling WHEN-NEW-ITEM-INSTANCE trigger on NOM_AFL item in DTL data block...
   No compilation errors.

Compiling WHEN-NEW-ITEM-INSTANCE trigger on COD_DRV item in DTL data block...
   No compilation errors.

Compiling WHEN-NEW-ITEM-INSTANCE trigger on MEAN_COD_DRV item in DTL data block...
   No compilation errors.

Compiling WHEN-NEW-ITEM-INSTANCE trigger on SECUENCIAL item in DTL data block...
   No compilation errors.

Compiling WHEN-NEW-ITEM-INSTANCE trigger on CONTINGENCIA item in DTL data block...
   No compilation errors.

Compiling WHEN-NEW-ITEM-INSTANCE trigger on MEAN_CONTINGENCIA item in DTL data block...
   No compilation errors.

Compiling WHEN-NEW-ITEM-INSTANCE trigger on TMP_ANES item in DTL data block...
   No compilation errors.

Compiling WHEN-NEW-ITEM-INSTANCE trigger on TIPO_DX item in DTL data block...
   No compilation errors.

Compiling WHEN-NEW-ITEM-INSTANCE trigger on IVA_PRC item in DTL data block...
   No compilation errors.

Compiling WHEN-NEW-ITEM-INSTANCE trigger on IVA_VALOR item in DTL data block...
   No compilation errors.

Compiling WHEN-NEW-ITEM-INSTANCE trigger on TOTAL item in DTL data block...
   No compilation errors.

Compiling KEY-NEXT-ITEM trigger on TOTAL item in DTL data block...
   No compilation errors.

Compiling WHEN-NEW-ITEM-INSTANCE trigger on REG_ID item in DTL data block...
   No compilation errors.

Compiling KEY-CLRREC trigger on CG$CTRL data block...
   No compilation errors.

Compiling KEY-CREREC trigger on CG$CTRL data block...
   No compilation errors.

Compiling KEY-DOWN trigger on CG$CTRL data block...
   No compilation errors.

Compiling KEY-NXTREC trigger on CG$CTRL data block...
   No compilation errors.

Compiling KEY-SCRDOWN trigger on CG$CTRL data block...
   No compilation errors.

Compiling KEY-UP trigger on CG$CTRL data block...
   No compilation errors.

Compiling KEY-PRVREC trigger on CG$CTRL data block...
   No compilation errors.

Compiling KEY-SCRUP trigger on CG$CTRL data block...
   No compilation errors.

Compiling ON-ERROR trigger on CG$CTRL data block...
   No compilation errors.

Compiling PRE-BLOCK trigger on CG$CTRL data block...
   No compilation errors.

Compiling WHEN-NEW-BLOCK-INSTANCE trigger on CG$CTRL data block...
   No compilation errors.

Compiling WHEN-NEW-ITEM-INSTANCE trigger on CG$PAGE_1_LIST item in CG$CTRL data block...
   No compilation errors.

Compiling WHEN-NEW-ITEM-INSTANCE trigger on CG$WINDOWQMS$TRANS_ERRORS_PAGE item in CG$CTRL data block...
   No compilation errors.

Compiling WHEN-NEW-ITEM-INSTANCE trigger on CG$WINDOWARCHIVO_PAGE item in CG$CTRL data block...
   No compilation errors.

Compiling WHEN-NEW-ITEM-INSTANCE trigger on CG$WINDOWQMS$TRANS_ERRORS_MODA item in CG$CTRL data block...
   No compilation errors.

Compiling WHEN-NEW-ITEM-INSTANCE trigger on CG$WINDOWCALENDAR_PAGE item in CG$CTRL data block...
   No compilation errors.

Compiling WHEN-NEW-ITEM-INSTANCE trigger on CG$WINDOWQMS$HIDDEN_ITEMS_PAGE item in CG$CTRL data block...
   No compilation errors.

Compiling WHEN-NEW-ITEM-INSTANCE trigger on CG$LAST_CANVAS item in CG$CTRL data block...
   No compilation errors.


Created form file \\svr\Z\sas\bin\frm\cnsarcplniess.fmx
