Compiling package specification CG$HSPPRCMNR_GLOBALS... 
   No compilation errors.

Compiling procedure CGDV$POPULATE_DYNAMIC_LISTS... 
   No compilation errors.

Compiling procedure CGUI$CG_CODE_CONTROLS... 
   No compilation errors.

Compiling procedure CGFK$QRY_PRCMNR_PRCMNR_PRS_COD... 
   No compilation errors.

Compiling procedure CGSF$CLR_PRCMNR_PRCMNR_PRS_COD... 
   No compilation errors.

Compiling procedure CGSF$CLR_PRCMNR_PRCMNR_PRS_2... 
   No compilation errors.

Compiling procedure CGFK$QRY_PRCMNR_PRCMNR_PRS_2... 
   No compilation errors.

Compiling procedure CGSF$CLR_PRCMNR_PRCMNR_DGNENF_... 
   No compilation errors.

Compiling procedure CGFK$CHK_PRCMNR_PRCMNR_DGNPCN_... 
   No compilation errors.

Compiling procedure CGFK$CHK_PRCMNR_PRCMNR_DGNENF_... 
   No compilation errors.

Compiling procedure CGFK$QRY_PRCMNR_PRCMNR_DGNENF_... 
   No compilation errors.

Compiling procedure CGSF$CLR_PRCMNR_PRCMNR_PCN_FK... 
   No compilation errors.

Compiling procedure CGFK$QRY_PRCMNR_PRCMNR_PCN_FK... 
   No compilation errors.

Compiling procedure CGUI$GET_NEXT_PRCRLZ_SEQ... 
   No compilation errors.

Compiling procedure CGFK$QRY_PRCRLZ_PRCRLZ_PRCHSP_... 
   No compilation errors.

Compiling procedure CGSF$CLR_PRCRLZ_PRCRLZ_PRCHSP_... 
   No compilation errors.

Compiling procedure CGFK$LKP_PRCRLZ_PRCRLZ_PRCHSP_... 
   No compilation errors.

Compiling procedure CGFK$QRY_ML_PRCRLZ_PRCHSP_CNVT... 
   No compilation errors.

Compiling procedure CGSF$CLR_ML_PRCRLZ_PRCHSP_CNVT... 
   No compilation errors.

Compiling function CGTE$CHECK_CONSTRAINT_VIO... 
   No compilation errors.

Compiling procedure CGTE$PRCMNR_ERRORS... 
   No compilation errors.

Compiling procedure CGTE$PRCRLZ_ERRORS... 
   No compilation errors.

Compiling procedure CGTE$ML_PRCRLZ_ERRORS... 
   No compilation errors.

Compiling procedure CGTE$SIS_MSEL_LOV_BUTTONS_ERRO... 
   No compilation errors.

Compiling procedure CGBS$TOGGLE... 
   No compilation errors.

Compiling function DEVUELVE_NRO_PERMANENCIA... 
   No compilation errors.

Compiling procedure FIJAR_PARAMETROS_IMP... 
   No compilation errors.

Compiling procedure FIJAR_REPORTE... 
   No compilation errors.

Compiling procedure HABILITAR_BOTONES... 
   No compilation errors.

Compiling procedure HABILITAR_BLOQUES... 
   No compilation errors.

Compiling procedure VERIFICAR_CUENTA_PACIENTE... 
   No compilation errors.

Compiling PRE-COMMIT trigger on form...
   No compilation errors.

Compiling QMS$CUSTOM_HELP trigger on form...
   No compilation errors.

Compiling POST-FORM trigger on form...
   No compilation errors.

Compiling CALENDAR_WROTE_DATE trigger on form...
   No compilation errors.

Compiling KEY-EXIT trigger on form...
   No compilation errors.

Compiling POST-FORMS-COMMIT trigger on form...
   No compilation errors.

Compiling KEY-CLRFRM trigger on form...
   No compilation errors.

Compiling KEY-HELP trigger on form...
   No compilation errors.

Compiling KEY-MENU trigger on form...
   No compilation errors.

Compiling ON-ERROR trigger on form...
   No compilation errors.

Compiling ON-MESSAGE trigger on form...
   No compilation errors.

Compiling PRE-FORM trigger on form...
   No compilation errors.

Compiling QUERY_FIND trigger on form...
   No compilation errors.

Compiling QMS$MENU_ITEM trigger on form...
   No compilation errors.

Compiling WHEN-NEW-BLOCK-INSTANCE trigger on form...
   No compilation errors.

Compiling WHEN-NEW-FORM-INSTANCE trigger on form...
   No compilation errors.

Compiling WHEN-WINDOW-CLOSED trigger on form...
   No compilation errors.

Compiling WHEN-WINDOW-ACTIVATED trigger on form...
   No compilation errors.

Compiling WHEN-WINDOW-RESIZED trigger on form...
   No compilation errors.

Compiling POST-TEXT-ITEM trigger on form...
   No compilation errors.

Compiling WHEN-FORM-NAVIGATE trigger on form...
   No compilation errors.

Compiling ON-CLEAR-DETAILS trigger on form...
   No compilation errors.

Compiling ON-POPULATE-DETAILS trigger on form...
   No compilation errors.

Compiling KEY-ENTQRY trigger on form...
   No compilation errors.

Compiling KEY-EXEQRY trigger on form...
   No compilation errors.

Compiling KEY-CQUERY trigger on form...
   No compilation errors.

Compiling KEY-CLRBLK trigger on form...
   No compilation errors.

Compiling KEY-CLRREC trigger on form...
   No compilation errors.

Compiling KEY-NXTKEY trigger on form...
   No compilation errors.

Compiling KEY-CLRREC trigger on QMS$TRANS_ERRORS data block...
   No compilation errors.

Compiling KEY-CREREC trigger on QMS$TRANS_ERRORS data block...
   No compilation errors.

Compiling KEY-DOWN trigger on QMS$TRANS_ERRORS data block...
   No compilation errors.

Compiling KEY-NXTREC trigger on QMS$TRANS_ERRORS data block...
   No compilation errors.

Compiling KEY-SCRDOWN trigger on QMS$TRANS_ERRORS data block...
   No compilation errors.

Compiling KEY-UP trigger on QMS$TRANS_ERRORS data block...
   No compilation errors.

Compiling KEY-PRVREC trigger on QMS$TRANS_ERRORS data block...
   No compilation errors.

Compiling KEY-SCRUP trigger on QMS$TRANS_ERRORS data block...
   No compilation errors.

Compiling ON-ERROR trigger on QMS$TRANS_ERRORS data block...
   No compilation errors.

Compiling PRE-BLOCK trigger on QMS$TRANS_ERRORS data block...
   No compilation errors.

Compiling WHEN-NEW-BLOCK-INSTANCE trigger on QMS$TRANS_ERRORS data block...
   No compilation errors.

Compiling ON-LOCK trigger on QMS$TRANS_ERRORS data block...
   No compilation errors.

Compiling WHEN-VALIDATE-RECORD trigger on QMS$TRANS_ERRORS data block...
   No compilation errors.

Compiling WHEN-BUTTON-PRESSED trigger on QMS$TRANS_ERRORS data block...
   No compilation errors.

Compiling WHEN-LIST-ACTIVATED trigger on QMS$TRANS_ERRORS data block...
   No compilation errors.

Compiling WHEN-NEW-ITEM-INSTANCE trigger on OK_BUTTON item in QMS$TRANS_ERRORS data block...
   No compilation errors.

Compiling WHEN-BUTTON-PRESSED trigger on OK_BUTTON item in QMS$TRANS_ERRORS data block...
   No compilation errors.

Compiling KEY-PREV-ITEM trigger on OK_BUTTON item in QMS$TRANS_ERRORS data block...
   No compilation errors.

Compiling WHEN-LIST-CHANGED trigger on MESSAGES item in QMS$TRANS_ERRORS data block...
   No compilation errors.

Compiling WHEN-NEW-ITEM-INSTANCE trigger on HELP_BUTTON item in QMS$TRANS_ERRORS data block...
   No compilation errors.

Compiling WHEN-BUTTON-PRESSED trigger on HELP_BUTTON item in QMS$TRANS_ERRORS data block...
   No compilation errors.

Compiling KEY-NEXT-ITEM trigger on HELP_BUTTON item in QMS$TRANS_ERRORS data block...
   No compilation errors.

Compiling WHEN-NEW-ITEM-INSTANCE trigger on OK_BUTTON_MODAL item in QMS$TRANS_ERRORS data block...
   No compilation errors.

Compiling WHEN-BUTTON-PRESSED trigger on OK_BUTTON_MODAL item in QMS$TRANS_ERRORS data block...
   No compilation errors.

Compiling KEY-PREV-ITEM trigger on OK_BUTTON_MODAL item in QMS$TRANS_ERRORS data block...
   No compilation errors.

Compiling WHEN-LIST-CHANGED trigger on MESSAGES_MODAL item in QMS$TRANS_ERRORS data block...
   No compilation errors.

Compiling WHEN-NEW-ITEM-INSTANCE trigger on HELP_BUTTON_MODAL item in QMS$TRANS_ERRORS data block...
   No compilation errors.

Compiling WHEN-BUTTON-PRESSED trigger on HELP_BUTTON_MODAL item in QMS$TRANS_ERRORS data block...
   No compilation errors.

Compiling KEY-NEXT-ITEM trigger on HELP_BUTTON_MODAL item in QMS$TRANS_ERRORS data block...
   No compilation errors.

Compiling WHEN-NEW-ITEM-INSTANCE trigger on RETURN_TO_BLOCK item in QMS$TRANS_ERRORS data block...
   No compilation errors.

Compiling WHEN-RADIO-CHANGED trigger on CALENDAR data block...
   No compilation errors.

Compiling KEY-OTHERS trigger on CALENDAR data block...
   No compilation errors.

Compiling KEY-NEXT-ITEM trigger on CALENDAR data block...
   No compilation errors.

Compiling KEY-PREV-ITEM trigger on CALENDAR data block...
   No compilation errors.

Compiling KEY-ENTER trigger on CALENDAR data block...
   No compilation errors.

Compiling WHEN-BUTTON-PRESSED trigger on CALENDAR data block...
   No compilation errors.

Compiling WHEN-LIST-CHANGED trigger on CALENDAR data block...
   No compilation errors.

Compiling WHEN-MOUSE-CLICK trigger on CALENDAR data block...
   No compilation errors.

Compiling KEY-DOWN trigger on CALENDAR data block...
   No compilation errors.

Compiling KEY-UP trigger on CALENDAR data block...
   No compilation errors.

Compiling KEY-NXTREC trigger on CALENDAR data block...
   No compilation errors.

Compiling KEY-PRVREC trigger on CALENDAR data block...
   No compilation errors.

Compiling WHEN-MOUSE-DOUBLECLICK trigger on CALENDAR data block...
   No compilation errors.

Compiling WHEN-NEW-ITEM-INSTANCE trigger on HOUR item in CALENDAR data block...
   No compilation errors.

Compiling WHEN-NEW-ITEM-INSTANCE trigger on MINUTE item in CALENDAR data block...
   No compilation errors.

Compiling WHEN-NEW-ITEM-INSTANCE trigger on OK item in CALENDAR data block...
   No compilation errors.

Compiling WHEN-BUTTON-PRESSED trigger on OK item in CALENDAR data block...
   No compilation errors.

Compiling KEY-PREV-ITEM trigger on OK item in CALENDAR data block...
   No compilation errors.

Compiling WHEN-NEW-ITEM-INSTANCE trigger on CANCEL item in CALENDAR data block...
   No compilation errors.

Compiling WHEN-BUTTON-PRESSED trigger on CANCEL item in CALENDAR data block...
   No compilation errors.

Compiling KEY-NEXT-ITEM trigger on MONTH_AND_YEAR item in CALENDAR data block...
   No compilation errors.

Compiling WHEN-MOUSE-CLICK trigger on PREV_MONTH item in CALENDAR data block...
   No compilation errors.

Compiling WHEN-MOUSE-CLICK trigger on NEXT_MONTH item in CALENDAR data block...
   No compilation errors.

Compiling WHEN-MOUSE-CLICK trigger on NEXT_YEAR item in CALENDAR data block...
   No compilation errors.

Compiling WHEN-MOUSE-CLICK trigger on PREV_YEAR item in CALENDAR data block...
   No compilation errors.

Compiling WHEN-NEW-ITEM-INSTANCE trigger on AM_PM item in CALENDAR data block...
   No compilation errors.

Compiling WHEN-BUTTON-PRESSED trigger on QMS$TOOLBAR data block...
   No compilation errors.

Compiling WHEN-LIST-CHANGED trigger on ORDER_BY item in QMS$TOOLBAR data block...
   No compilation errors.

Compiling ON-LOCK trigger on PRCMNR data block...
   No compilation errors.

Compiling POST-INSERT trigger on PRCMNR data block...
   No compilation errors.

Compiling POST-QUERY trigger on PRCMNR data block...
   No compilation errors.

Compiling PRE-BLOCK trigger on PRCMNR data block...
   No compilation errors.

Compiling PRE-QUERY trigger on PRCMNR data block...
   No compilation errors.

Compiling WHEN-DATABASE-RECORD trigger on PRCMNR data block...
   No compilation errors.

Compiling WHEN-NEW-BLOCK-INSTANCE trigger on PRCMNR data block...
   No compilation errors.

Compiling WHEN-NEW-RECORD-INSTANCE trigger on PRCMNR data block...
   No compilation errors.

Compiling WHEN-REMOVE-RECORD trigger on PRCMNR data block...
   No compilation errors.

Compiling POST-SELECT trigger on PRCMNR data block...
   No compilation errors.

Compiling PRE-INSERT trigger on PRCMNR data block...
   No compilation errors.

Compiling PRE-UPDATE trigger on PRCMNR data block...
   No compilation errors.

Compiling ON-ERROR trigger on PRCMNR data block...
   No compilation errors.

Compiling WHEN-CREATE-RECORD trigger on PRCMNR data block...
   No compilation errors.

Compiling POST-UPDATE trigger on PRCMNR data block...
   No compilation errors.

Compiling WHEN-NEW-ITEM-INSTANCE trigger on L_DGNENF_PCN_NUMERO_HC item in PRCMNR data block...
   No compilation errors.

Compiling WHEN-NEW-ITEM-INSTANCE trigger on NUMERO item in PRCMNR data block...
   No compilation errors.

Compiling WHEN-NEW-ITEM-INSTANCE trigger on PCN_NUMERO_HC item in PRCMNR data block...
   No compilation errors.

Compiling WHEN-NEW-ITEM-INSTANCE trigger on L_PCN_APELLIDO_PATERNO item in PRCMNR data block...
   No compilation errors.

Compiling WHEN-NEW-ITEM-INSTANCE trigger on L_PCN_APELLIDO_MATERNO item in PRCMNR data block...
   No compilation errors.

Compiling WHEN-NEW-ITEM-INSTANCE trigger on L_PCN_PRIMER_NOMBRE item in PRCMNR data block...
   No compilation errors.

Compiling WHEN-NEW-ITEM-INSTANCE trigger on L_PCN_SEGUNDO_NOMBRE item in PRCMNR data block...
   No compilation errors.

Compiling WHEN-NEW-ITEM-INSTANCE trigger on HJAEVL_NUMERO item in PRCMNR data block...
   No compilation errors.

Compiling WHEN-NEW-ITEM-INSTANCE trigger on PRMATN_NUMERO item in PRCMNR data block...
   No compilation errors.

Compiling WHEN-NEW-ITEM-INSTANCE trigger on FECHA item in PRCMNR data block...
   No compilation errors.

Compiling KEY-LISTVAL trigger on FECHA item in PRCMNR data block...
   No compilation errors.

Compiling WHEN-NEW-ITEM-INSTANCE trigger on DGNPCN_DGNPCN_ID item in PRCMNR data block...
   No compilation errors.

Compiling WHEN-VALIDATE-ITEM trigger on DGNPCN_DGNPCN_ID item in PRCMNR data block...
   No compilation errors.

Compiling KEY-PREV-ITEM trigger on DGNPCN_DGNPCN_ID item in PRCMNR data block...
   No compilation errors.

Compiling WHEN-NEW-ITEM-INSTANCE trigger on L_DGNENF_ENFERMEDAD item in PRCMNR data block...
   No compilation errors.

Compiling WHEN-NEW-ITEM-INSTANCE trigger on DESCRIPCION item in PRCMNR data block...
   No compilation errors.

Compiling WHEN-NEW-ITEM-INSTANCE trigger on PRS_CODIGO item in PRCMNR data block...
   No compilation errors.

Compiling WHEN-NEW-ITEM-INSTANCE trigger on L_PRS_APELLIDOS item in PRCMNR data block...
   No compilation errors.

Compiling WHEN-NEW-ITEM-INSTANCE trigger on L_PRS_NOMBRES item in PRCMNR data block...
   No compilation errors.

Compiling WHEN-NEW-ITEM-INSTANCE trigger on POOL item in PRCMNR data block...
   No compilation errors.

Compiling WHEN-NEW-ITEM-INSTANCE trigger on L_PRS2_APELLIDOS item in PRCMNR data block...
   No compilation errors.

Compiling WHEN-NEW-ITEM-INSTANCE trigger on L_PRS2_NOMBRES item in PRCMNR data block...
   No compilation errors.

Compiling WHEN-NEW-ITEM-INSTANCE trigger on ESTADO item in PRCMNR data block...
   No compilation errors.

Compiling WHEN-NEW-ITEM-INSTANCE trigger on BTN_HONORARIOS item in PRCMNR data block...
   No compilation errors.

Compiling WHEN-BUTTON-PRESSED trigger on BTN_HONORARIOS item in PRCMNR data block...
   No compilation errors.

Compiling WHEN-NEW-ITEM-INSTANCE trigger on BTN_REVERSAR item in PRCMNR data block...
   No compilation errors.

Compiling WHEN-BUTTON-PRESSED trigger on BTN_REVERSAR item in PRCMNR data block...
   No compilation errors.

Compiling WHEN-NEW-ITEM-INSTANCE trigger on BTN_ANULAR item in PRCMNR data block...
   No compilation errors.

Compiling WHEN-BUTTON-PRESSED trigger on BTN_ANULAR item in PRCMNR data block...
   No compilation errors.

Compiling KEY-NEXT-ITEM trigger on BTN_ANULAR item in PRCMNR data block...
   No compilation errors.

Compiling WHEN-NEW-ITEM-INSTANCE trigger on AUDITADO item in PRCMNR data block...
   No compilation errors.

Compiling WHEN-NEW-ITEM-INSTANCE trigger on GENERA_HONORARIOS item in PRCMNR data block...
   No compilation errors.

Compiling WHEN-NEW-ITEM-INSTANCE trigger on REGISTROS item in PRCMNR data block...
   No compilation errors.

Compiling WHEN-NEW-ITEM-INSTANCE trigger on ERROR item in PRCMNR data block...
   No compilation errors.

Compiling WHEN-NEW-ITEM-INSTANCE trigger on PRMATN_PCN_NUMERO_HC item in PRCMNR data block...
   No compilation errors.

Compiling WHEN-NEW-ITEM-INSTANCE trigger on PRS_CODIGO_ASISTIDO item in PRCMNR data block...
   No compilation errors.

Compiling WHEN-NEW-ITEM-INSTANCE trigger on VCONVENIO item in PRCMNR data block...
   No compilation errors.

Compiling WHEN-NEW-ITEM-INSTANCE trigger on REQUIERE_AUDITORIA item in PRCMNR data block...
   No compilation errors.

Compiling ON-LOCK trigger on PRCRLZ data block...
   No compilation errors.

Compiling POST-INSERT trigger on PRCRLZ data block...
   No compilation errors.

Compiling POST-QUERY trigger on PRCRLZ data block...
   No compilation errors.

Compiling PRE-BLOCK trigger on PRCRLZ data block...
   No compilation errors.

Compiling PRE-QUERY trigger on PRCRLZ data block...
   No compilation errors.

Compiling WHEN-DATABASE-RECORD trigger on PRCRLZ data block...
   No compilation errors.

Compiling WHEN-NEW-BLOCK-INSTANCE trigger on PRCRLZ data block...
   No compilation errors.

Compiling WHEN-NEW-RECORD-INSTANCE trigger on PRCRLZ data block...
   No compilation errors.

Compiling WHEN-REMOVE-RECORD trigger on PRCRLZ data block...
   No compilation errors.

Compiling POST-SELECT trigger on PRCRLZ data block...
   No compilation errors.

Compiling PRE-INSERT trigger on PRCRLZ data block...
   No compilation errors.

Compiling KEY-DUPREC trigger on PRCRLZ data block...
   No compilation errors.

Compiling ON-ERROR trigger on PRCRLZ data block...
   No compilation errors.

Compiling WHEN-CREATE-RECORD trigger on PRCRLZ data block...
   No compilation errors.

Compiling WHEN-NEW-ITEM-INSTANCE trigger on CRA item in PRCRLZ data block...
   No compilation errors.

Compiling WHEN-NEW-ITEM-INSTANCE trigger on NUMERO item in PRCRLZ data block...
   No compilation errors.

Compiling WHEN-NEW-ITEM-INSTANCE trigger on L_PRCHSP_DESCRIPCION item in PRCRLZ data block...
   No compilation errors.

Compiling KEY-LISTVAL trigger on L_PRCHSP_DESCRIPCION item in PRCRLZ data block...
   No compilation errors.

Compiling WHEN-VALIDATE-ITEM trigger on L_PRCHSP_DESCRIPCION item in PRCRLZ data block...
   No compilation errors.

Compiling KEY-PREV-ITEM trigger on L_PRCHSP_DESCRIPCION item in PRCRLZ data block...
   No compilation errors.

Compiling WHEN-NEW-ITEM-INSTANCE trigger on NUMERO_DE_VECES item in PRCRLZ data block...
   No compilation errors.

Compiling WHEN-NEW-ITEM-INSTANCE trigger on VIA_DE_ACCESO item in PRCRLZ data block...
   No compilation errors.

Compiling WHEN-NEW-ITEM-INSTANCE trigger on LATERALIDAD item in PRCRLZ data block...
   No compilation errors.

Compiling WHEN-NEW-ITEM-INSTANCE trigger on DESCRIPCION_ADICIONAL item in PRCRLZ data block...
   No compilation errors.

Compiling WHEN-NEW-ITEM-INSTANCE trigger on EPC_PRMATN_PCN_NUMERO_HC item in PRCRLZ data block...
   No compilation errors.

Compiling WHEN-NEW-ITEM-INSTANCE trigger on PRCHSP_CODIGO item in PRCRLZ data block...
   No compilation errors.

Compiling WHEN-NEW-ITEM-INSTANCE trigger on PRCMNR_NUMERO item in PRCRLZ data block...
   No compilation errors.

Compiling WHEN-NEW-ITEM-INSTANCE trigger on EPC_PRMATN_NUMERO item in PRCRLZ data block...
   No compilation errors.

Compiling WHEN-NEW-ITEM-INSTANCE trigger on MOSTRAR_TODO item in PRCRLZ data block...
   No compilation errors.

Compiling KEY-NEXT-ITEM trigger on MOSTRAR_TODO item in PRCRLZ data block...
   No compilation errors.

Compiling ON-LOCK trigger on ML_PRCRLZ data block...
   No compilation errors.

Compiling POST-INSERT trigger on ML_PRCRLZ data block...
   No compilation errors.

Compiling POST-QUERY trigger on ML_PRCRLZ data block...
   No compilation errors.

Compiling PRE-BLOCK trigger on ML_PRCRLZ data block...
   No compilation errors.

Compiling PRE-QUERY trigger on ML_PRCRLZ data block...
   No compilation errors.

Compiling WHEN-DATABASE-RECORD trigger on ML_PRCRLZ data block...
   No compilation errors.

Compiling WHEN-NEW-BLOCK-INSTANCE trigger on ML_PRCRLZ data block...
   No compilation errors.

Compiling WHEN-REMOVE-RECORD trigger on ML_PRCRLZ data block...
   No compilation errors.

Compiling POST-SELECT trigger on ML_PRCRLZ data block...
   No compilation errors.

Compiling KEY-DOWN trigger on ML_PRCRLZ data block...
   No compilation errors.

Compiling KEY-NXTREC trigger on ML_PRCRLZ data block...
   No compilation errors.

Compiling KEY-PRVREC trigger on ML_PRCRLZ data block...
   No compilation errors.

Compiling KEY-UP trigger on ML_PRCRLZ data block...
   No compilation errors.

Compiling WHEN-CLEAR-BLOCK trigger on ML_PRCRLZ data block...
   No compilation errors.

Compiling WHEN-MOUSE-CLICK trigger on ML_PRCRLZ data block...
   No compilation errors.

Compiling WHEN-NEW-RECORD-INSTANCE trigger on ML_PRCRLZ data block...
   No compilation errors.

Compiling KEY-NXTKEY trigger on ML_PRCRLZ data block...
   No compilation errors.

Compiling ON-ERROR trigger on ML_PRCRLZ data block...
   No compilation errors.

Compiling WHEN-NEW-ITEM-INSTANCE trigger on CRA item in ML_PRCRLZ data block...
   No compilation errors.

Compiling KEY-PREV-ITEM trigger on CRA item in ML_PRCRLZ data block...
   No compilation errors.

Compiling WHEN-NEW-ITEM-INSTANCE trigger on CODIGO item in ML_PRCRLZ data block...
   No compilation errors.

Compiling WHEN-NEW-ITEM-INSTANCE trigger on DESCRIPCION item in ML_PRCRLZ data block...
   No compilation errors.

Compiling WHEN-NEW-ITEM-INSTANCE trigger on L_CNVTRF_DESCRIPCION_COMPLETA item in ML_PRCRLZ data block...
   No compilation errors.

Compiling KEY-NEXT-ITEM trigger on L_CNVTRF_DESCRIPCION_COMPLETA item in ML_PRCRLZ data block...
   No compilation errors.

Compiling WHEN-NEW-ITEM-INSTANCE trigger on CODIGO_TARIFARIO item in ML_PRCRLZ data block...
   No compilation errors.

Compiling WHEN-NEW-ITEM-INSTANCE trigger on CONVENIO item in ML_PRCRLZ data block...
   No compilation errors.

Compiling WHEN-NEW-ITEM-INSTANCE trigger on TRF_TIPO item in ML_PRCRLZ data block...
   No compilation errors.

Compiling KEY-CLRREC trigger on SIS_MSEL_LOV_BUTTONS data block...
   No compilation errors.

Compiling KEY-CREREC trigger on SIS_MSEL_LOV_BUTTONS data block...
   No compilation errors.

Compiling KEY-DOWN trigger on SIS_MSEL_LOV_BUTTONS data block...
   No compilation errors.

Compiling KEY-NXTREC trigger on SIS_MSEL_LOV_BUTTONS data block...
   No compilation errors.

Compiling KEY-SCRDOWN trigger on SIS_MSEL_LOV_BUTTONS data block...
   No compilation errors.

Compiling KEY-UP trigger on SIS_MSEL_LOV_BUTTONS data block...
   No compilation errors.

Compiling KEY-PRVREC trigger on SIS_MSEL_LOV_BUTTONS data block...
   No compilation errors.

Compiling KEY-SCRUP trigger on SIS_MSEL_LOV_BUTTONS data block...
   No compilation errors.

Compiling ON-ERROR trigger on SIS_MSEL_LOV_BUTTONS data block...
   No compilation errors.

Compiling PRE-BLOCK trigger on SIS_MSEL_LOV_BUTTONS data block...
   No compilation errors.

Compiling WHEN-NEW-BLOCK-INSTANCE trigger on SIS_MSEL_LOV_BUTTONS data block...
   No compilation errors.

Compiling ON-LOCK trigger on SIS_MSEL_LOV_BUTTONS data block...
   No compilation errors.

Compiling WHEN-VALIDATE-RECORD trigger on SIS_MSEL_LOV_BUTTONS data block...
   No compilation errors.

Compiling WHEN-NEW-ITEM-INSTANCE trigger on CHAR2000 item in SIS_MSEL_LOV_BUTTONS data block...
   No compilation errors.

Compiling WHEN-NEW-ITEM-INSTANCE trigger on FIND item in SIS_MSEL_LOV_BUTTONS data block...
   No compilation errors.

Compiling WHEN-BUTTON-PRESSED trigger on FIND item in SIS_MSEL_LOV_BUTTONS data block...
   No compilation errors.

Compiling KEY-PREV-ITEM trigger on FIND item in SIS_MSEL_LOV_BUTTONS data block...
   No compilation errors.

Compiling WHEN-NEW-ITEM-INSTANCE trigger on SELECT_ALL item in SIS_MSEL_LOV_BUTTONS data block...
   No compilation errors.

Compiling WHEN-BUTTON-PRESSED trigger on SELECT_ALL item in SIS_MSEL_LOV_BUTTONS data block...
   No compilation errors.

Compiling WHEN-NEW-ITEM-INSTANCE trigger on DESELECT_ALL item in SIS_MSEL_LOV_BUTTONS data block...
   No compilation errors.

Compiling WHEN-BUTTON-PRESSED trigger on DESELECT_ALL item in SIS_MSEL_LOV_BUTTONS data block...
   No compilation errors.

Compiling WHEN-NEW-ITEM-INSTANCE trigger on OK item in SIS_MSEL_LOV_BUTTONS data block...
   No compilation errors.

Compiling WHEN-BUTTON-PRESSED trigger on OK item in SIS_MSEL_LOV_BUTTONS data block...
   No compilation errors.

Compiling WHEN-NEW-ITEM-INSTANCE trigger on CANCEL item in SIS_MSEL_LOV_BUTTONS data block...
   No compilation errors.

Compiling WHEN-BUTTON-PRESSED trigger on CANCEL item in SIS_MSEL_LOV_BUTTONS data block...
   No compilation errors.

Compiling KEY-NEXT-ITEM trigger on CANCEL item in SIS_MSEL_LOV_BUTTONS data block...
   No compilation errors.

Compiling KEY-CLRREC trigger on CG$CTRL data block...
   No compilation errors.

Compiling KEY-CREREC trigger on CG$CTRL data block...
   No compilation errors.

Compiling KEY-DOWN trigger on CG$CTRL data block...
   No compilation errors.

Compiling KEY-NXTREC trigger on CG$CTRL data block...
   No compilation errors.

Compiling KEY-SCRDOWN trigger on CG$CTRL data block...
   No compilation errors.

Compiling KEY-UP trigger on CG$CTRL data block...
   No compilation errors.

Compiling KEY-PRVREC trigger on CG$CTRL data block...
   No compilation errors.

Compiling KEY-SCRUP trigger on CG$CTRL data block...
   No compilation errors.

Compiling ON-ERROR trigger on CG$CTRL data block...
   No compilation errors.

Compiling PRE-BLOCK trigger on CG$CTRL data block...
   No compilation errors.

Compiling WHEN-NEW-BLOCK-INSTANCE trigger on CG$CTRL data block...
   No compilation errors.


Created form file \\SVR\Z\SAS\BIN\FRM\hspprcmnr.fmx
