Compiling procedure CGDV$POPULATE_DYNAMIC_LISTS... 
   No compilation errors.

Compiling procedure CGUV$CHK_CNV_PK... 
   No compilation errors.

Compiling procedure CGRI$CHK_CONVENIOS... 
   No compilation errors.

Compiling procedure CGRI$CHK_GRUPOS_TARIFARIO... 
   No compilation errors.

Compiling procedure CGRI$CHK_SUBGRUPOS_TARIFARIO... 
   No compilation errors.

Compiling procedure CGRI$CHK_SUBGRUPOS_1_TARIFARIO... 
   No compilation errors.

Compiling procedure CGRI$CHK_SUBGRUPOS_2_TARIFARIO... 
   No compilation errors.

Compiling function CGTE$CHECK_CONSTRAINT_VIO... 
   No compilation errors.

Compiling procedure CGTE$CNV_ERRORS... 
   No compilation errors.

Compiling procedure CGTE$GRPTRF_ERRORS... 
   No compilation errors.

Compiling procedure CGTE$SBGTRF_ERRORS... 
   No compilation errors.

Compiling procedure CGTE$SBG1TRF_ERRORS... 
   No compilation errors.

Compiling procedure CGTE$SBG2TRF_ERRORS... 
   No compilation errors.

Compiling procedure CGBS$TOGGLE... 
   No compilation errors.

Compiling PRE-COMMIT trigger on form...
   No compilation errors.

Compiling QMS$CUSTOM_HELP trigger on form...
   No compilation errors.

Compiling POST-FORM trigger on form...
   No compilation errors.

Compiling CALENDAR_WROTE_DATE trigger on form...
   No compilation errors.

Compiling KEY-EXIT trigger on form...
   No compilation errors.

Compiling POST-FORMS-COMMIT trigger on form...
   No compilation errors.

Compiling KEY-CLRFRM trigger on form...
   No compilation errors.

Compiling KEY-HELP trigger on form...
   No compilation errors.

Compiling KEY-MENU trigger on form...
   No compilation errors.

Compiling ON-ERROR trigger on form...
   No compilation errors.

Compiling ON-MESSAGE trigger on form...
   No compilation errors.

Compiling PRE-FORM trigger on form...
   No compilation errors.

Compiling QUERY_FIND trigger on form...
   No compilation errors.

Compiling QMS$MENU_ITEM trigger on form...
   No compilation errors.

Compiling WHEN-NEW-BLOCK-INSTANCE trigger on form...
   No compilation errors.

Compiling WHEN-NEW-FORM-INSTANCE trigger on form...
   No compilation errors.

Compiling WHEN-WINDOW-CLOSED trigger on form...
   No compilation errors.

Compiling WHEN-WINDOW-ACTIVATED trigger on form...
   No compilation errors.

Compiling WHEN-WINDOW-RESIZED trigger on form...
   No compilation errors.

Compiling POST-TEXT-ITEM trigger on form...
   No compilation errors.

Compiling WHEN-FORM-NAVIGATE trigger on form...
   No compilation errors.

Compiling ON-CLEAR-DETAILS trigger on form...
   No compilation errors.

Compiling ON-POPULATE-DETAILS trigger on form...
   No compilation errors.

Compiling KEY-ENTQRY trigger on form...
   No compilation errors.

Compiling KEY-EXEQRY trigger on form...
   No compilation errors.

Compiling KEY-CQUERY trigger on form...
   No compilation errors.

Compiling KEY-CLRBLK trigger on form...
   No compilation errors.

Compiling KEY-CLRREC trigger on form...
   No compilation errors.

Compiling KEY-NXTKEY trigger on form...
   No compilation errors.

Compiling KEY-CLRREC trigger on QMS$TRANS_ERRORS data block...
   No compilation errors.

Compiling KEY-CREREC trigger on QMS$TRANS_ERRORS data block...
   No compilation errors.

Compiling KEY-DOWN trigger on QMS$TRANS_ERRORS data block...
   No compilation errors.

Compiling KEY-NXTREC trigger on QMS$TRANS_ERRORS data block...
   No compilation errors.

Compiling KEY-SCRDOWN trigger on QMS$TRANS_ERRORS data block...
   No compilation errors.

Compiling KEY-UP trigger on QMS$TRANS_ERRORS data block...
   No compilation errors.

Compiling KEY-PRVREC trigger on QMS$TRANS_ERRORS data block...
   No compilation errors.

Compiling KEY-SCRUP trigger on QMS$TRANS_ERRORS data block...
   No compilation errors.

Compiling ON-ERROR trigger on QMS$TRANS_ERRORS data block...
   No compilation errors.

Compiling PRE-BLOCK trigger on QMS$TRANS_ERRORS data block...
   No compilation errors.

Compiling WHEN-NEW-BLOCK-INSTANCE trigger on QMS$TRANS_ERRORS data block...
   No compilation errors.

Compiling ON-LOCK trigger on QMS$TRANS_ERRORS data block...
   No compilation errors.

Compiling WHEN-VALIDATE-RECORD trigger on QMS$TRANS_ERRORS data block...
   No compilation errors.

Compiling WHEN-BUTTON-PRESSED trigger on QMS$TRANS_ERRORS data block...
   No compilation errors.

Compiling WHEN-LIST-ACTIVATED trigger on QMS$TRANS_ERRORS data block...
   No compilation errors.

Compiling WHEN-NEW-ITEM-INSTANCE trigger on OK_BUTTON item in QMS$TRANS_ERRORS data block...
   No compilation errors.

Compiling WHEN-BUTTON-PRESSED trigger on OK_BUTTON item in QMS$TRANS_ERRORS data block...
   No compilation errors.

Compiling KEY-PREV-ITEM trigger on OK_BUTTON item in QMS$TRANS_ERRORS data block...
   No compilation errors.

Compiling WHEN-LIST-CHANGED trigger on MESSAGES item in QMS$TRANS_ERRORS data block...
   No compilation errors.

Compiling WHEN-NEW-ITEM-INSTANCE trigger on HELP_BUTTON item in QMS$TRANS_ERRORS data block...
   No compilation errors.

Compiling WHEN-BUTTON-PRESSED trigger on HELP_BUTTON item in QMS$TRANS_ERRORS data block...
   No compilation errors.

Compiling KEY-NEXT-ITEM trigger on HELP_BUTTON item in QMS$TRANS_ERRORS data block...
   No compilation errors.

Compiling WHEN-NEW-ITEM-INSTANCE trigger on OK_BUTTON_MODAL item in QMS$TRANS_ERRORS data block...
   No compilation errors.

Compiling WHEN-BUTTON-PRESSED trigger on OK_BUTTON_MODAL item in QMS$TRANS_ERRORS data block...
   No compilation errors.

Compiling KEY-PREV-ITEM trigger on OK_BUTTON_MODAL item in QMS$TRANS_ERRORS data block...
   No compilation errors.

Compiling WHEN-LIST-CHANGED trigger on MESSAGES_MODAL item in QMS$TRANS_ERRORS data block...
   No compilation errors.

Compiling WHEN-NEW-ITEM-INSTANCE trigger on HELP_BUTTON_MODAL item in QMS$TRANS_ERRORS data block...
   No compilation errors.

Compiling WHEN-BUTTON-PRESSED trigger on HELP_BUTTON_MODAL item in QMS$TRANS_ERRORS data block...
   No compilation errors.

Compiling KEY-NEXT-ITEM trigger on HELP_BUTTON_MODAL item in QMS$TRANS_ERRORS data block...
   No compilation errors.

Compiling WHEN-NEW-ITEM-INSTANCE trigger on RETURN_TO_BLOCK item in QMS$TRANS_ERRORS data block...
   No compilation errors.

Compiling WHEN-RADIO-CHANGED trigger on CALENDAR data block...
   No compilation errors.

Compiling KEY-OTHERS trigger on CALENDAR data block...
   No compilation errors.

Compiling KEY-NEXT-ITEM trigger on CALENDAR data block...
   No compilation errors.

Compiling KEY-PREV-ITEM trigger on CALENDAR data block...
   No compilation errors.

Compiling KEY-ENTER trigger on CALENDAR data block...
   No compilation errors.

Compiling WHEN-BUTTON-PRESSED trigger on CALENDAR data block...
   No compilation errors.

Compiling WHEN-LIST-CHANGED trigger on CALENDAR data block...
   No compilation errors.

Compiling WHEN-MOUSE-CLICK trigger on CALENDAR data block...
   No compilation errors.

Compiling KEY-DOWN trigger on CALENDAR data block...
   No compilation errors.

Compiling KEY-UP trigger on CALENDAR data block...
   No compilation errors.

Compiling KEY-NXTREC trigger on CALENDAR data block...
   No compilation errors.

Compiling KEY-PRVREC trigger on CALENDAR data block...
   No compilation errors.

Compiling WHEN-MOUSE-DOUBLECLICK trigger on CALENDAR data block...
   No compilation errors.

Compiling WHEN-NEW-ITEM-INSTANCE trigger on HOUR item in CALENDAR data block...
   No compilation errors.

Compiling WHEN-NEW-ITEM-INSTANCE trigger on MINUTE item in CALENDAR data block...
   No compilation errors.

Compiling WHEN-NEW-ITEM-INSTANCE trigger on OK item in CALENDAR data block...
   No compilation errors.

Compiling WHEN-BUTTON-PRESSED trigger on OK item in CALENDAR data block...
   No compilation errors.

Compiling KEY-PREV-ITEM trigger on OK item in CALENDAR data block...
   No compilation errors.

Compiling WHEN-NEW-ITEM-INSTANCE trigger on CANCEL item in CALENDAR data block...
   No compilation errors.

Compiling WHEN-BUTTON-PRESSED trigger on CANCEL item in CALENDAR data block...
   No compilation errors.

Compiling KEY-NEXT-ITEM trigger on MONTH_AND_YEAR item in CALENDAR data block...
   No compilation errors.

Compiling WHEN-MOUSE-CLICK trigger on PREV_MONTH item in CALENDAR data block...
   No compilation errors.

Compiling WHEN-MOUSE-CLICK trigger on NEXT_MONTH item in CALENDAR data block...
   No compilation errors.

Compiling WHEN-MOUSE-CLICK trigger on NEXT_YEAR item in CALENDAR data block...
   No compilation errors.

Compiling WHEN-MOUSE-CLICK trigger on PREV_YEAR item in CALENDAR data block...
   No compilation errors.

Compiling WHEN-NEW-ITEM-INSTANCE trigger on AM_PM item in CALENDAR data block...
   No compilation errors.

Compiling WHEN-BUTTON-PRESSED trigger on QMS$TOOLBAR data block...
   No compilation errors.

Compiling WHEN-LIST-CHANGED trigger on ORDER_BY item in QMS$TOOLBAR data block...
   No compilation errors.

Compiling ON-LOCK trigger on CNV data block...
   No compilation errors.

Compiling POST-INSERT trigger on CNV data block...
   No compilation errors.

Compiling POST-QUERY trigger on CNV data block...
   No compilation errors.

Compiling PRE-BLOCK trigger on CNV data block...
   No compilation errors.

Compiling PRE-QUERY trigger on CNV data block...
   No compilation errors.

Compiling WHEN-DATABASE-RECORD trigger on CNV data block...
   No compilation errors.

Compiling WHEN-NEW-BLOCK-INSTANCE trigger on CNV data block...
   No compilation errors.

Compiling WHEN-NEW-RECORD-INSTANCE trigger on CNV data block...
   No compilation errors.

Compiling WHEN-REMOVE-RECORD trigger on CNV data block...
   No compilation errors.

Compiling POST-SELECT trigger on CNV data block...
   No compilation errors.

Compiling KEY-DELREC trigger on CNV data block...
   No compilation errors.

Compiling ON-ERROR trigger on CNV data block...
   No compilation errors.

Compiling WHEN-NEW-ITEM-INSTANCE trigger on REC_ACTUAL item in CNV data block...
   No compilation errors.

Compiling WHEN-NEW-ITEM-INSTANCE trigger on CONVENIO item in CNV data block...
   No compilation errors.

Compiling WHEN-VALIDATE-ITEM trigger on CONVENIO item in CNV data block...
   No compilation errors.

Compiling KEY-PREV-ITEM trigger on CONVENIO item in CNV data block...
   No compilation errors.

Compiling WHEN-NEW-ITEM-INSTANCE trigger on DESCRIPCION item in CNV data block...
   No compilation errors.

Compiling KEY-NEXT-ITEM trigger on DESCRIPCION item in CNV data block...
   No compilation errors.

Compiling ON-LOCK trigger on GRPTRF data block...
   No compilation errors.

Compiling POST-INSERT trigger on GRPTRF data block...
   No compilation errors.

Compiling POST-QUERY trigger on GRPTRF data block...
   No compilation errors.

Compiling PRE-BLOCK trigger on GRPTRF data block...
   No compilation errors.

Compiling PRE-QUERY trigger on GRPTRF data block...
   No compilation errors.

Compiling WHEN-DATABASE-RECORD trigger on GRPTRF data block...
   No compilation errors.

Compiling WHEN-NEW-BLOCK-INSTANCE trigger on GRPTRF data block...
   No compilation errors.

Compiling WHEN-NEW-RECORD-INSTANCE trigger on GRPTRF data block...
   No compilation errors.

Compiling WHEN-REMOVE-RECORD trigger on GRPTRF data block...
   No compilation errors.

Compiling POST-SELECT trigger on GRPTRF data block...
   No compilation errors.

Compiling KEY-DELREC trigger on GRPTRF data block...
   No compilation errors.

Compiling ON-ERROR trigger on GRPTRF data block...
   No compilation errors.

Compiling WHEN-NEW-ITEM-INSTANCE trigger on REC_ACTUAL item in GRPTRF data block...
   No compilation errors.

Compiling WHEN-NEW-ITEM-INSTANCE trigger on TIPO2 item in GRPTRF data block...
   No compilation errors.

Compiling KEY-PREV-ITEM trigger on TIPO2 item in GRPTRF data block...
   No compilation errors.

Compiling WHEN-NEW-ITEM-INSTANCE trigger on CODIGO2 item in GRPTRF data block...
   No compilation errors.

Compiling WHEN-NEW-ITEM-INSTANCE trigger on DESCRIPCION2 item in GRPTRF data block...
   No compilation errors.

Compiling KEY-NEXT-ITEM trigger on DESCRIPCION2 item in GRPTRF data block...
   No compilation errors.

Compiling WHEN-NEW-ITEM-INSTANCE trigger on CONVENIO2 item in GRPTRF data block...
   No compilation errors.

Compiling ON-LOCK trigger on SBGTRF data block...
   No compilation errors.

Compiling POST-INSERT trigger on SBGTRF data block...
   No compilation errors.

Compiling POST-QUERY trigger on SBGTRF data block...
   No compilation errors.

Compiling PRE-BLOCK trigger on SBGTRF data block...
   No compilation errors.

Compiling PRE-QUERY trigger on SBGTRF data block...
   No compilation errors.

Compiling WHEN-DATABASE-RECORD trigger on SBGTRF data block...
   No compilation errors.

Compiling WHEN-NEW-BLOCK-INSTANCE trigger on SBGTRF data block...
   No compilation errors.

Compiling WHEN-NEW-RECORD-INSTANCE trigger on SBGTRF data block...
   No compilation errors.

Compiling WHEN-REMOVE-RECORD trigger on SBGTRF data block...
   No compilation errors.

Compiling POST-SELECT trigger on SBGTRF data block...
   No compilation errors.

Compiling PRE-DELETE trigger on SBGTRF data block...
   No compilation errors.

Compiling KEY-DELREC trigger on SBGTRF data block...
   No compilation errors.

Compiling ON-ERROR trigger on SBGTRF data block...
   No compilation errors.

Compiling WHEN-NEW-ITEM-INSTANCE trigger on REC_ACTUAL item in SBGTRF data block...
   No compilation errors.

Compiling WHEN-NEW-ITEM-INSTANCE trigger on TIPO2 item in SBGTRF data block...
   No compilation errors.

Compiling WHEN-NEW-ITEM-INSTANCE trigger on CONVENIO2 item in SBGTRF data block...
   No compilation errors.

Compiling WHEN-NEW-ITEM-INSTANCE trigger on GRPTRF_CODIGO2 item in SBGTRF data block...
   No compilation errors.

Compiling WHEN-NEW-ITEM-INSTANCE trigger on CODIGO2 item in SBGTRF data block...
   No compilation errors.

Compiling KEY-PREV-ITEM trigger on CODIGO2 item in SBGTRF data block...
   No compilation errors.

Compiling WHEN-NEW-ITEM-INSTANCE trigger on DESCRIPCION2 item in SBGTRF data block...
   No compilation errors.

Compiling KEY-NEXT-ITEM trigger on DESCRIPCION2 item in SBGTRF data block...
   No compilation errors.

Compiling ON-LOCK trigger on SBG1TRF data block...
   No compilation errors.

Compiling POST-INSERT trigger on SBG1TRF data block...
   No compilation errors.

Compiling POST-QUERY trigger on SBG1TRF data block...
   No compilation errors.

Compiling PRE-BLOCK trigger on SBG1TRF data block...
   No compilation errors.

Compiling PRE-QUERY trigger on SBG1TRF data block...
   No compilation errors.

Compiling WHEN-DATABASE-RECORD trigger on SBG1TRF data block...
   No compilation errors.

Compiling WHEN-NEW-BLOCK-INSTANCE trigger on SBG1TRF data block...
   No compilation errors.

Compiling WHEN-NEW-RECORD-INSTANCE trigger on SBG1TRF data block...
   No compilation errors.

Compiling WHEN-REMOVE-RECORD trigger on SBG1TRF data block...
   No compilation errors.

Compiling POST-SELECT trigger on SBG1TRF data block...
   No compilation errors.

Compiling PRE-DELETE trigger on SBG1TRF data block...
   No compilation errors.

Compiling KEY-DELREC trigger on SBG1TRF data block...
   No compilation errors.

Compiling ON-ERROR trigger on SBG1TRF data block...
   No compilation errors.

Compiling WHEN-NEW-ITEM-INSTANCE trigger on REC_ACTUAL item in SBG1TRF data block...
   No compilation errors.

Compiling WHEN-NEW-ITEM-INSTANCE trigger on TIPO2 item in SBG1TRF data block...
   No compilation errors.

Compiling WHEN-NEW-ITEM-INSTANCE trigger on CONVENIO2 item in SBG1TRF data block...
   No compilation errors.

Compiling WHEN-NEW-ITEM-INSTANCE trigger on CODIGO2 item in SBG1TRF data block...
   No compilation errors.

Compiling KEY-PREV-ITEM trigger on CODIGO2 item in SBG1TRF data block...
   No compilation errors.

Compiling WHEN-NEW-ITEM-INSTANCE trigger on SBGTRF_GRPTRF_CODIGO2 item in SBG1TRF data block...
   No compilation errors.

Compiling WHEN-NEW-ITEM-INSTANCE trigger on DESCRIPCION2 item in SBG1TRF data block...
   No compilation errors.

Compiling KEY-NEXT-ITEM trigger on DESCRIPCION2 item in SBG1TRF data block...
   No compilation errors.

Compiling WHEN-NEW-ITEM-INSTANCE trigger on SBGTRF_CODIGO2 item in SBG1TRF data block...
   No compilation errors.

Compiling ON-LOCK trigger on SBG2TRF data block...
   No compilation errors.

Compiling POST-INSERT trigger on SBG2TRF data block...
   No compilation errors.

Compiling POST-QUERY trigger on SBG2TRF data block...
   No compilation errors.

Compiling PRE-BLOCK trigger on SBG2TRF data block...
   No compilation errors.

Compiling PRE-QUERY trigger on SBG2TRF data block...
   No compilation errors.

Compiling WHEN-DATABASE-RECORD trigger on SBG2TRF data block...
   No compilation errors.

Compiling WHEN-NEW-BLOCK-INSTANCE trigger on SBG2TRF data block...
   No compilation errors.

Compiling WHEN-NEW-RECORD-INSTANCE trigger on SBG2TRF data block...
   No compilation errors.

Compiling WHEN-REMOVE-RECORD trigger on SBG2TRF data block...
   No compilation errors.

Compiling POST-SELECT trigger on SBG2TRF data block...
   No compilation errors.

Compiling PRE-DELETE trigger on SBG2TRF data block...
   No compilation errors.

Compiling KEY-DELREC trigger on SBG2TRF data block...
   No compilation errors.

Compiling ON-ERROR trigger on SBG2TRF data block...
   No compilation errors.

Compiling WHEN-NEW-ITEM-INSTANCE trigger on REC_ACTUAL item in SBG2TRF data block...
   No compilation errors.

Compiling WHEN-NEW-ITEM-INSTANCE trigger on TIPO item in SBG2TRF data block...
   No compilation errors.

Compiling WHEN-NEW-ITEM-INSTANCE trigger on CODIGO item in SBG2TRF data block...
   No compilation errors.

Compiling KEY-PREV-ITEM trigger on CODIGO item in SBG2TRF data block...
   No compilation errors.

Compiling WHEN-NEW-ITEM-INSTANCE trigger on CONVENIO item in SBG2TRF data block...
   No compilation errors.

Compiling WHEN-NEW-ITEM-INSTANCE trigger on DESCRIPCION item in SBG2TRF data block...
   No compilation errors.

Compiling KEY-NEXT-ITEM trigger on DESCRIPCION item in SBG2TRF data block...
   No compilation errors.

Compiling WHEN-NEW-ITEM-INSTANCE trigger on SBG1TRF_CODIGO item in SBG2TRF data block...
   No compilation errors.

Compiling WHEN-NEW-ITEM-INSTANCE trigger on SBG1TRF_SBGTRF_CODIGO2 item in SBG2TRF data block...
   No compilation errors.

Compiling WHEN-NEW-ITEM-INSTANCE trigger on SBG1TRF_GRPTRF_CODIGO item in SBG2TRF data block...
   No compilation errors.

Compiling KEY-CLRREC trigger on CG$CTRL data block...
   No compilation errors.

Compiling KEY-CREREC trigger on CG$CTRL data block...
   No compilation errors.

Compiling KEY-DOWN trigger on CG$CTRL data block...
   No compilation errors.

Compiling KEY-NXTREC trigger on CG$CTRL data block...
   No compilation errors.

Compiling KEY-SCRDOWN trigger on CG$CTRL data block...
   No compilation errors.

Compiling KEY-UP trigger on CG$CTRL data block...
   No compilation errors.

Compiling KEY-PRVREC trigger on CG$CTRL data block...
   No compilation errors.

Compiling KEY-SCRUP trigger on CG$CTRL data block...
   No compilation errors.

Compiling ON-ERROR trigger on CG$CTRL data block...
   No compilation errors.

Compiling PRE-BLOCK trigger on CG$CTRL data block...
   No compilation errors.

Compiling WHEN-NEW-BLOCK-INSTANCE trigger on CG$CTRL data block...
   No compilation errors.


Created form file \\svr\Z\sas\bin\frm\prmadmcnv.fmx
