Compiling package specification CG$PRMCTGPRS_GLOBALS... 
   No compilation errors.

Compiling procedure CGDV$POPULATE_DYNAMIC_LISTS... 
   No compilation errors.

Compiling procedure CGUI$GET_NEXT_PRMPCN_SEQ... 
   No compilation errors.

Compiling procedure CGFK$QRY_PRMPCN_PRMPCN_PRM_FK... 
   No compilation errors.

Compiling procedure CGSF$CLR_PRMPCN_PRMPCN_PRM_FK... 
   No compilation errors.

Compiling procedure CGSF$CLR_PRMPCN_PRMPCN_PRS_FK... 
   No compilation errors.

Compiling procedure CGFK$QRY_PRMPCN_PRMPCN_PRS_FK... 
   No compilation errors.

Compiling procedure CGUV$CHK_PRMPCN_FCH_UK... 
   No compilation errors.

Compiling procedure CGUI$GET_NEXT_PRMCNV_SEQ... 
   No compilation errors.

Compiling procedure CGSF$CLR_PRMCNV_PRMCNV_DGNPCN_... 
   No compilation errors.

Compiling procedure CGFK$QRY_PRMCNV_PRMCNV_DGNPCN_... 
   No compilation errors.

Compiling procedure CGFK$QRY_PRMCNV_PRMCNV_PRS_FK... 
   No compilation errors.

Compiling procedure CGSF$CLR_PRMCNV_PRMCNV_PRS_FK... 
   No compilation errors.

Compiling procedure CGRI$CHK_PROMOCIONES_PACIENTES... 
   No compilation errors.

Compiling function CGTE$CHECK_CONSTRAINT_VIO... 
   No compilation errors.

Compiling procedure CGTE$PCN_ERRORS... 
   No compilation errors.

Compiling procedure CGTE$PRMPCN_ERRORS... 
   No compilation errors.

Compiling procedure CGTE$PRMCNV_ERRORS... 
   No compilation errors.

Compiling procedure CGBS$TOGGLE... 
   No compilation errors.

Compiling PRE-COMMIT trigger on form...
   No compilation errors.

Compiling QMS$CUSTOM_HELP trigger on form...
   No compilation errors.

Compiling POST-FORM trigger on form...
   No compilation errors.

Compiling CALENDAR_WROTE_DATE trigger on form...
   No compilation errors.

Compiling KEY-EXIT trigger on form...
   No compilation errors.

Compiling POST-FORMS-COMMIT trigger on form...
   No compilation errors.

Compiling KEY-CLRFRM trigger on form...
   No compilation errors.

Compiling KEY-HELP trigger on form...
   No compilation errors.

Compiling KEY-MENU trigger on form...
   No compilation errors.

Compiling ON-ERROR trigger on form...
   No compilation errors.

Compiling ON-MESSAGE trigger on form...
   No compilation errors.

Compiling PRE-FORM trigger on form...
   No compilation errors.

Compiling QUERY_FIND trigger on form...
   No compilation errors.

Compiling QMS$MENU_ITEM trigger on form...
   No compilation errors.

Compiling WHEN-NEW-BLOCK-INSTANCE trigger on form...
   No compilation errors.

Compiling WHEN-NEW-FORM-INSTANCE trigger on form...
   No compilation errors.

Compiling WHEN-WINDOW-CLOSED trigger on form...
   No compilation errors.

Compiling WHEN-WINDOW-ACTIVATED trigger on form...
   No compilation errors.

Compiling WHEN-WINDOW-RESIZED trigger on form...
   No compilation errors.

Compiling POST-TEXT-ITEM trigger on form...
   No compilation errors.

Compiling WHEN-FORM-NAVIGATE trigger on form...
   No compilation errors.

Compiling ON-CLEAR-DETAILS trigger on form...
   No compilation errors.

Compiling ON-POPULATE-DETAILS trigger on form...
   No compilation errors.

Compiling KEY-ENTQRY trigger on form...
   No compilation errors.

Compiling KEY-EXEQRY trigger on form...
   No compilation errors.

Compiling KEY-CQUERY trigger on form...
   No compilation errors.

Compiling KEY-CLRBLK trigger on form...
   No compilation errors.

Compiling KEY-CLRREC trigger on form...
   No compilation errors.

Compiling KEY-NXTKEY trigger on form...
   No compilation errors.

Compiling KEY-CLRREC trigger on QMS$TRANS_ERRORS data block...
   No compilation errors.

Compiling KEY-CREREC trigger on QMS$TRANS_ERRORS data block...
   No compilation errors.

Compiling KEY-DOWN trigger on QMS$TRANS_ERRORS data block...
   No compilation errors.

Compiling KEY-NXTREC trigger on QMS$TRANS_ERRORS data block...
   No compilation errors.

Compiling KEY-SCRDOWN trigger on QMS$TRANS_ERRORS data block...
   No compilation errors.

Compiling KEY-UP trigger on QMS$TRANS_ERRORS data block...
   No compilation errors.

Compiling KEY-PRVREC trigger on QMS$TRANS_ERRORS data block...
   No compilation errors.

Compiling KEY-SCRUP trigger on QMS$TRANS_ERRORS data block...
   No compilation errors.

Compiling ON-ERROR trigger on QMS$TRANS_ERRORS data block...
   No compilation errors.

Compiling PRE-BLOCK trigger on QMS$TRANS_ERRORS data block...
   No compilation errors.

Compiling WHEN-NEW-BLOCK-INSTANCE trigger on QMS$TRANS_ERRORS data block...
   No compilation errors.

Compiling ON-LOCK trigger on QMS$TRANS_ERRORS data block...
   No compilation errors.

Compiling WHEN-VALIDATE-RECORD trigger on QMS$TRANS_ERRORS data block...
   No compilation errors.

Compiling WHEN-BUTTON-PRESSED trigger on QMS$TRANS_ERRORS data block...
   No compilation errors.

Compiling WHEN-LIST-ACTIVATED trigger on QMS$TRANS_ERRORS data block...
   No compilation errors.

Compiling WHEN-NEW-ITEM-INSTANCE trigger on OK_BUTTON item in QMS$TRANS_ERRORS data block...
   No compilation errors.

Compiling WHEN-BUTTON-PRESSED trigger on OK_BUTTON item in QMS$TRANS_ERRORS data block...
   No compilation errors.

Compiling KEY-PREV-ITEM trigger on OK_BUTTON item in QMS$TRANS_ERRORS data block...
   No compilation errors.

Compiling WHEN-LIST-CHANGED trigger on MESSAGES item in QMS$TRANS_ERRORS data block...
   No compilation errors.

Compiling WHEN-NEW-ITEM-INSTANCE trigger on HELP_BUTTON item in QMS$TRANS_ERRORS data block...
   No compilation errors.

Compiling WHEN-BUTTON-PRESSED trigger on HELP_BUTTON item in QMS$TRANS_ERRORS data block...
   No compilation errors.

Compiling KEY-NEXT-ITEM trigger on HELP_BUTTON item in QMS$TRANS_ERRORS data block...
   No compilation errors.

Compiling WHEN-NEW-ITEM-INSTANCE trigger on OK_BUTTON_MODAL item in QMS$TRANS_ERRORS data block...
   No compilation errors.

Compiling WHEN-BUTTON-PRESSED trigger on OK_BUTTON_MODAL item in QMS$TRANS_ERRORS data block...
   No compilation errors.

Compiling KEY-PREV-ITEM trigger on OK_BUTTON_MODAL item in QMS$TRANS_ERRORS data block...
   No compilation errors.

Compiling WHEN-LIST-CHANGED trigger on MESSAGES_MODAL item in QMS$TRANS_ERRORS data block...
   No compilation errors.

Compiling WHEN-NEW-ITEM-INSTANCE trigger on HELP_BUTTON_MODAL item in QMS$TRANS_ERRORS data block...
   No compilation errors.

Compiling WHEN-BUTTON-PRESSED trigger on HELP_BUTTON_MODAL item in QMS$TRANS_ERRORS data block...
   No compilation errors.

Compiling KEY-NEXT-ITEM trigger on HELP_BUTTON_MODAL item in QMS$TRANS_ERRORS data block...
   No compilation errors.

Compiling WHEN-NEW-ITEM-INSTANCE trigger on RETURN_TO_BLOCK item in QMS$TRANS_ERRORS data block...
   No compilation errors.

Compiling WHEN-RADIO-CHANGED trigger on CALENDAR data block...
   No compilation errors.

Compiling KEY-OTHERS trigger on CALENDAR data block...
   No compilation errors.

Compiling KEY-NEXT-ITEM trigger on CALENDAR data block...
   No compilation errors.

Compiling KEY-PREV-ITEM trigger on CALENDAR data block...
   No compilation errors.

Compiling KEY-ENTER trigger on CALENDAR data block...
   No compilation errors.

Compiling WHEN-BUTTON-PRESSED trigger on CALENDAR data block...
   No compilation errors.

Compiling WHEN-LIST-CHANGED trigger on CALENDAR data block...
   No compilation errors.

Compiling WHEN-MOUSE-CLICK trigger on CALENDAR data block...
   No compilation errors.

Compiling KEY-DOWN trigger on CALENDAR data block...
   No compilation errors.

Compiling KEY-UP trigger on CALENDAR data block...
   No compilation errors.

Compiling KEY-NXTREC trigger on CALENDAR data block...
   No compilation errors.

Compiling KEY-PRVREC trigger on CALENDAR data block...
   No compilation errors.

Compiling WHEN-MOUSE-DOUBLECLICK trigger on CALENDAR data block...
   No compilation errors.

Compiling WHEN-NEW-ITEM-INSTANCE trigger on HOUR item in CALENDAR data block...
   No compilation errors.

Compiling WHEN-NEW-ITEM-INSTANCE trigger on MINUTE item in CALENDAR data block...
   No compilation errors.

Compiling WHEN-NEW-ITEM-INSTANCE trigger on OK item in CALENDAR data block...
   No compilation errors.

Compiling WHEN-BUTTON-PRESSED trigger on OK item in CALENDAR data block...
   No compilation errors.

Compiling KEY-PREV-ITEM trigger on OK item in CALENDAR data block...
   No compilation errors.

Compiling WHEN-NEW-ITEM-INSTANCE trigger on CANCEL item in CALENDAR data block...
   No compilation errors.

Compiling WHEN-BUTTON-PRESSED trigger on CANCEL item in CALENDAR data block...
   No compilation errors.

Compiling KEY-NEXT-ITEM trigger on MONTH_AND_YEAR item in CALENDAR data block...
   No compilation errors.

Compiling WHEN-MOUSE-CLICK trigger on PREV_MONTH item in CALENDAR data block...
   No compilation errors.

Compiling WHEN-MOUSE-CLICK trigger on NEXT_MONTH item in CALENDAR data block...
   No compilation errors.

Compiling WHEN-MOUSE-CLICK trigger on NEXT_YEAR item in CALENDAR data block...
   No compilation errors.

Compiling WHEN-MOUSE-CLICK trigger on PREV_YEAR item in CALENDAR data block...
   No compilation errors.

Compiling WHEN-NEW-ITEM-INSTANCE trigger on AM_PM item in CALENDAR data block...
   No compilation errors.

Compiling WHEN-BUTTON-PRESSED trigger on QMS$TOOLBAR data block...
   No compilation errors.

Compiling WHEN-LIST-CHANGED trigger on ORDER_BY item in QMS$TOOLBAR data block...
   No compilation errors.

Compiling ON-LOCK trigger on PCN data block...
   No compilation errors.

Compiling POST-INSERT trigger on PCN data block...
   No compilation errors.

Compiling POST-QUERY trigger on PCN data block...
   No compilation errors.

Compiling PRE-BLOCK trigger on PCN data block...
   No compilation errors.

Compiling PRE-QUERY trigger on PCN data block...
   No compilation errors.

Compiling WHEN-DATABASE-RECORD trigger on PCN data block...
   No compilation errors.

Compiling WHEN-NEW-BLOCK-INSTANCE trigger on PCN data block...
   No compilation errors.

Compiling WHEN-NEW-RECORD-INSTANCE trigger on PCN data block...
   No compilation errors.

Compiling WHEN-REMOVE-RECORD trigger on PCN data block...
   No compilation errors.

Compiling POST-SELECT trigger on PCN data block...
   No compilation errors.

Compiling ON-ERROR trigger on PCN data block...
   No compilation errors.

Compiling KEY-CLRREC trigger on PCN data block...
   No compilation errors.

Compiling WHEN-NEW-ITEM-INSTANCE trigger on CRA item in PCN data block...
   No compilation errors.

Compiling KEY-PREV-ITEM trigger on CRA item in PCN data block...
   No compilation errors.

Compiling WHEN-NEW-ITEM-INSTANCE trigger on NUMERO_HC item in PCN data block...
   No compilation errors.

Compiling KEY-NEXT-ITEM trigger on NUMERO_HC item in PCN data block...
   No compilation errors.

Compiling WHEN-NEW-ITEM-INSTANCE trigger on APELLIDO_PATERNO item in PCN data block...
   No compilation errors.

Compiling WHEN-NEW-ITEM-INSTANCE trigger on APELLIDO_MATERNO item in PCN data block...
   No compilation errors.

Compiling WHEN-NEW-ITEM-INSTANCE trigger on PRIMER_NOMBRE item in PCN data block...
   No compilation errors.

Compiling WHEN-NEW-ITEM-INSTANCE trigger on SEGUNDO_NOMBRE item in PCN data block...
   No compilation errors.

Compiling ON-LOCK trigger on PRMPCN data block...
   No compilation errors.

Compiling POST-INSERT trigger on PRMPCN data block...
   No compilation errors.

Compiling POST-QUERY trigger on PRMPCN data block...
   No compilation errors.

Compiling PRE-BLOCK trigger on PRMPCN data block...
   No compilation errors.

Compiling PRE-QUERY trigger on PRMPCN data block...
   No compilation errors.

Compiling WHEN-DATABASE-RECORD trigger on PRMPCN data block...
   No compilation errors.

Compiling WHEN-NEW-BLOCK-INSTANCE trigger on PRMPCN data block...
   No compilation errors.

Compiling WHEN-NEW-RECORD-INSTANCE trigger on PRMPCN data block...
   No compilation errors.

Compiling WHEN-REMOVE-RECORD trigger on PRMPCN data block...
   No compilation errors.

Compiling POST-SELECT trigger on PRMPCN data block...
   No compilation errors.

Compiling PRE-INSERT trigger on PRMPCN data block...
   No compilation errors.

Compiling KEY-DUPREC trigger on PRMPCN data block...
   No compilation errors.

Compiling KEY-DELREC trigger on PRMPCN data block...
   No compilation errors.

Compiling ON-ERROR trigger on PRMPCN data block...
   No compilation errors.

Compiling WHEN-CREATE-RECORD trigger on PRMPCN data block...
   No compilation errors.

Compiling KEY-CLRREC trigger on PRMPCN data block...
   No compilation errors.

Compiling WHEN-NEW-ITEM-INSTANCE trigger on CRA item in PRMPCN data block...
   No compilation errors.

Compiling WHEN-NEW-ITEM-INSTANCE trigger on DESCRIPCION item in PRMPCN data block...
   No compilation errors.

Compiling KEY-PREV-ITEM trigger on DESCRIPCION item in PRMPCN data block...
   No compilation errors.

Compiling WHEN-NEW-ITEM-INSTANCE trigger on FECHA item in PRMPCN data block...
   No compilation errors.

Compiling KEY-LISTVAL trigger on FECHA item in PRMPCN data block...
   No compilation errors.

Compiling WHEN-VALIDATE-ITEM trigger on FECHA item in PRMPCN data block...
   No compilation errors.

Compiling WHEN-NEW-ITEM-INSTANCE trigger on OBSERVACION item in PRMPCN data block...
   No compilation errors.

Compiling WHEN-NEW-ITEM-INSTANCE trigger on PRS_CODIGO item in PRMPCN data block...
   No compilation errors.

Compiling KEY-NEXT-ITEM trigger on PRS_CODIGO item in PRMPCN data block...
   No compilation errors.

Compiling WHEN-NEW-ITEM-INSTANCE trigger on APELLIDOS item in PRMPCN data block...
   No compilation errors.

Compiling WHEN-NEW-ITEM-INSTANCE trigger on NOMBRES item in PRMPCN data block...
   No compilation errors.

Compiling WHEN-NEW-ITEM-INSTANCE trigger on PRMPCN_ID item in PRMPCN data block...
   No compilation errors.

Compiling WHEN-NEW-ITEM-INSTANCE trigger on PCN_NUMERO_HC item in PRMPCN data block...
   No compilation errors.

Compiling WHEN-NEW-ITEM-INSTANCE trigger on PRM_CODIGO item in PRMPCN data block...
   No compilation errors.

Compiling ON-LOCK trigger on PRMCNV data block...
   No compilation errors.

Compiling POST-INSERT trigger on PRMCNV data block...
   No compilation errors.

Compiling POST-QUERY trigger on PRMCNV data block...
   No compilation errors.

Compiling PRE-BLOCK trigger on PRMCNV data block...
   No compilation errors.

Compiling PRE-QUERY trigger on PRMCNV data block...
   No compilation errors.

Compiling WHEN-DATABASE-RECORD trigger on PRMCNV data block...
   No compilation errors.

Compiling WHEN-NEW-BLOCK-INSTANCE trigger on PRMCNV data block...
   No compilation errors.

Compiling WHEN-NEW-RECORD-INSTANCE trigger on PRMCNV data block...
   No compilation errors.

Compiling WHEN-REMOVE-RECORD trigger on PRMCNV data block...
   No compilation errors.

Compiling POST-SELECT trigger on PRMCNV data block...
   No compilation errors.

Compiling PRE-INSERT trigger on PRMCNV data block...
   No compilation errors.

Compiling KEY-DUPREC trigger on PRMCNV data block...
   No compilation errors.

Compiling ON-ERROR trigger on PRMCNV data block...
   No compilation errors.

Compiling WHEN-NEW-ITEM-INSTANCE trigger on L_ENF_CODIGO item in PRMCNV data block...
   No compilation errors.

Compiling WHEN-NEW-ITEM-INSTANCE trigger on OFICIO item in PRMCNV data block...
   No compilation errors.

Compiling KEY-PREV-ITEM trigger on OFICIO item in PRMCNV data block...
   No compilation errors.

Compiling WHEN-NEW-ITEM-INSTANCE trigger on FECHA_CONVENIO item in PRMCNV data block...
   No compilation errors.

Compiling KEY-LISTVAL trigger on FECHA_CONVENIO item in PRMCNV data block...
   No compilation errors.

Compiling WHEN-NEW-ITEM-INSTANCE trigger on FECHA_INICIO item in PRMCNV data block...
   No compilation errors.

Compiling KEY-LISTVAL trigger on FECHA_INICIO item in PRMCNV data block...
   No compilation errors.

Compiling WHEN-VALIDATE-ITEM trigger on FECHA_INICIO item in PRMCNV data block...
   No compilation errors.

Compiling WHEN-NEW-ITEM-INSTANCE trigger on OBJETO item in PRMCNV data block...
   No compilation errors.

Compiling WHEN-NEW-ITEM-INSTANCE trigger on FECHA_FIN item in PRMCNV data block...
   No compilation errors.

Compiling KEY-LISTVAL trigger on FECHA_FIN item in PRMCNV data block...
   No compilation errors.

Compiling WHEN-NEW-ITEM-INSTANCE trigger on L_PRS_APELLIDOS item in PRMCNV data block...
   No compilation errors.

Compiling WHEN-NEW-ITEM-INSTANCE trigger on L_PRS_NOMBRES item in PRMCNV data block...
   No compilation errors.

Compiling WHEN-NEW-ITEM-INSTANCE trigger on NUMERO_CONVENIO item in PRMCNV data block...
   No compilation errors.

Compiling WHEN-NEW-ITEM-INSTANCE trigger on PCN_NUMERO_HC item in PRMCNV data block...
   No compilation errors.

Compiling WHEN-NEW-ITEM-INSTANCE trigger on PRMPCN_PRMPCN_ID item in PRMCNV data block...
   No compilation errors.

Compiling WHEN-NEW-ITEM-INSTANCE trigger on TIPO_SEGURO item in PRMCNV data block...
   No compilation errors.

Compiling WHEN-NEW-ITEM-INSTANCE trigger on ID_BENEFICIARIO item in PRMCNV data block...
   No compilation errors.

Compiling WHEN-NEW-ITEM-INSTANCE trigger on TIPO_BENEFICIARIO item in PRMCNV data block...
   No compilation errors.

Compiling WHEN-NEW-ITEM-INSTANCE trigger on PARENTESCO item in PRMCNV data block...
   No compilation errors.

Compiling WHEN-NEW-ITEM-INSTANCE trigger on ID_AFILIADO item in PRMCNV data block...
   No compilation errors.

Compiling WHEN-NEW-ITEM-INSTANCE trigger on NOMBRE_AFILIADO item in PRMCNV data block...
   No compilation errors.

Compiling WHEN-NEW-ITEM-INSTANCE trigger on CONT_CUBIERTA item in PRMCNV data block...
   No compilation errors.

Compiling WHEN-NEW-ITEM-INSTANCE trigger on PRS_CODIGO item in PRMCNV data block...
   No compilation errors.

Compiling WHEN-NEW-ITEM-INSTANCE trigger on CODIGO_DERIVACION item in PRMCNV data block...
   No compilation errors.

Compiling WHEN-NEW-ITEM-INSTANCE trigger on DX_INGRESO item in PRMCNV data block...
   No compilation errors.

Compiling WHEN-VALIDATE-ITEM trigger on DX_INGRESO item in PRMCNV data block...
   No compilation errors.

Compiling KEY-NEXT-ITEM trigger on DX_INGRESO item in PRMCNV data block...
   No compilation errors.

Compiling WHEN-NEW-ITEM-INSTANCE trigger on L_DGNPCN_ENF_CODIGO item in PRMCNV data block...
   No compilation errors.

Compiling WHEN-NEW-ITEM-INSTANCE trigger on L_ENF_ENFERMEDAD item in PRMCNV data block...
   No compilation errors.

Compiling KEY-CLRREC trigger on CG$CTRL data block...
   No compilation errors.

Compiling KEY-CREREC trigger on CG$CTRL data block...
   No compilation errors.

Compiling KEY-DOWN trigger on CG$CTRL data block...
   No compilation errors.

Compiling KEY-NXTREC trigger on CG$CTRL data block...
   No compilation errors.

Compiling KEY-SCRDOWN trigger on CG$CTRL data block...
   No compilation errors.

Compiling KEY-UP trigger on CG$CTRL data block...
   No compilation errors.

Compiling KEY-PRVREC trigger on CG$CTRL data block...
   No compilation errors.

Compiling KEY-SCRUP trigger on CG$CTRL data block...
   No compilation errors.

Compiling ON-ERROR trigger on CG$CTRL data block...
   No compilation errors.

Compiling PRE-BLOCK trigger on CG$CTRL data block...
   No compilation errors.

Compiling WHEN-NEW-BLOCK-INSTANCE trigger on CG$CTRL data block...
   No compilation errors.


Created form file \\svr\Z\sas\bin\frm\prmctgprs.fmx
