Compiling package specification CG$PRMMNTPRM_GLOBALS... 
   No compilation errors.

Compiling procedure CGDV$POPULATE_DYNAMIC_LISTS... 
   No compilation errors.

Compiling procedure CGSF$CLR_PRM_PRM_PCN_FK... 
   No compilation errors.

Compiling procedure CGFK$QRY_PRM_PRM_PCN_FK... 
   No compilation errors.

Compiling procedure CGFK$LKP_PRM_PRM_PRS_FK... 
   No compilation errors.

Compiling procedure CGSF$CLR_PRM_PRM_PRS_FK... 
   No compilation errors.

Compiling procedure CGFK$QRY_PRM_PRM_PRS_FK... 
   No compilation errors.

Compiling procedure CGUV$CHK_PRMC_PK... 
   No compilation errors.

Compiling procedure CGSF$CLR_DTLPRM_DTLPRM_DPR_FK... 
   No compilation errors.

Compiling procedure CGFK$QRY_DTLPRM_DTLPRM_DPR_FK... 
   No compilation errors.

Compiling procedure CGUV$CHK_DTLPRM_PK... 
   No compilation errors.

Compiling procedure CGUI$GET_NEXT_EXCPRM_SEQ... 
   No compilation errors.

Compiling procedure CGFK$QRY_EXCPRM_EXCPRM_ITMCRG_... 
   No compilation errors.

Compiling procedure CGSF$CLR_EXCPRM_EXCPRM_ITMCRG_... 
   No compilation errors.

Compiling procedure CGFK$LKP_EXCPRM_EXCPRM_ITMCRG_... 
   No compilation errors.

Compiling procedure CGUV$CHK_EXCPRM_EXCPRM_UK... 
   No compilation errors.

Compiling procedure CGRI$CHK_PROMOCIONES... 
   No compilation errors.

Compiling function CGTE$CHECK_CONSTRAINT_VIO... 
   No compilation errors.

Compiling procedure CGTE$PRM_ERRORS... 
   No compilation errors.

Compiling procedure CGTE$DTLPRM_ERRORS... 
   No compilation errors.

Compiling procedure CGTE$EXCPRM_ERRORS... 
   No compilation errors.

Compiling procedure CGBS$TOGGLE... 
   No compilation errors.

Compiling PRE-COMMIT trigger on form...
   No compilation errors.

Compiling QMS$CUSTOM_HELP trigger on form...
   No compilation errors.

Compiling POST-FORM trigger on form...
   No compilation errors.

Compiling CALENDAR_WROTE_DATE trigger on form...
   No compilation errors.

Compiling KEY-EXIT trigger on form...
   No compilation errors.

Compiling POST-FORMS-COMMIT trigger on form...
   No compilation errors.

Compiling KEY-CLRFRM trigger on form...
   No compilation errors.

Compiling KEY-HELP trigger on form...
   No compilation errors.

Compiling KEY-MENU trigger on form...
   No compilation errors.

Compiling ON-ERROR trigger on form...
   No compilation errors.

Compiling ON-MESSAGE trigger on form...
   No compilation errors.

Compiling PRE-FORM trigger on form...
   No compilation errors.

Compiling QUERY_FIND trigger on form...
   No compilation errors.

Compiling QMS$MENU_ITEM trigger on form...
   No compilation errors.

Compiling WHEN-NEW-BLOCK-INSTANCE trigger on form...
   No compilation errors.

Compiling WHEN-NEW-FORM-INSTANCE trigger on form...
   No compilation errors.

Compiling WHEN-WINDOW-CLOSED trigger on form...
   No compilation errors.

Compiling WHEN-WINDOW-ACTIVATED trigger on form...
   No compilation errors.

Compiling WHEN-WINDOW-RESIZED trigger on form...
   No compilation errors.

Compiling POST-TEXT-ITEM trigger on form...
   No compilation errors.

Compiling WHEN-FORM-NAVIGATE trigger on form...
   No compilation errors.

Compiling ON-CLEAR-DETAILS trigger on form...
   No compilation errors.

Compiling ON-POPULATE-DETAILS trigger on form...
   No compilation errors.

Compiling KEY-ENTQRY trigger on form...
   No compilation errors.

Compiling KEY-EXEQRY trigger on form...
   No compilation errors.

Compiling KEY-CQUERY trigger on form...
   No compilation errors.

Compiling KEY-CLRBLK trigger on form...
   No compilation errors.

Compiling KEY-CLRREC trigger on form...
   No compilation errors.

Compiling KEY-NXTKEY trigger on form...
   No compilation errors.

Compiling KEY-CLRREC trigger on QMS$TRANS_ERRORS data block...
   No compilation errors.

Compiling KEY-CREREC trigger on QMS$TRANS_ERRORS data block...
   No compilation errors.

Compiling KEY-DOWN trigger on QMS$TRANS_ERRORS data block...
   No compilation errors.

Compiling KEY-NXTREC trigger on QMS$TRANS_ERRORS data block...
   No compilation errors.

Compiling KEY-SCRDOWN trigger on QMS$TRANS_ERRORS data block...
   No compilation errors.

Compiling KEY-UP trigger on QMS$TRANS_ERRORS data block...
   No compilation errors.

Compiling KEY-PRVREC trigger on QMS$TRANS_ERRORS data block...
   No compilation errors.

Compiling KEY-SCRUP trigger on QMS$TRANS_ERRORS data block...
   No compilation errors.

Compiling ON-ERROR trigger on QMS$TRANS_ERRORS data block...
   No compilation errors.

Compiling PRE-BLOCK trigger on QMS$TRANS_ERRORS data block...
   No compilation errors.

Compiling WHEN-NEW-BLOCK-INSTANCE trigger on QMS$TRANS_ERRORS data block...
   No compilation errors.

Compiling ON-LOCK trigger on QMS$TRANS_ERRORS data block...
   No compilation errors.

Compiling WHEN-VALIDATE-RECORD trigger on QMS$TRANS_ERRORS data block...
   No compilation errors.

Compiling WHEN-BUTTON-PRESSED trigger on QMS$TRANS_ERRORS data block...
   No compilation errors.

Compiling WHEN-LIST-ACTIVATED trigger on QMS$TRANS_ERRORS data block...
   No compilation errors.

Compiling WHEN-NEW-ITEM-INSTANCE trigger on OK_BUTTON item in QMS$TRANS_ERRORS data block...
   No compilation errors.

Compiling WHEN-BUTTON-PRESSED trigger on OK_BUTTON item in QMS$TRANS_ERRORS data block...
   No compilation errors.

Compiling KEY-PREV-ITEM trigger on OK_BUTTON item in QMS$TRANS_ERRORS data block...
   No compilation errors.

Compiling WHEN-LIST-CHANGED trigger on MESSAGES item in QMS$TRANS_ERRORS data block...
   No compilation errors.

Compiling WHEN-NEW-ITEM-INSTANCE trigger on HELP_BUTTON item in QMS$TRANS_ERRORS data block...
   No compilation errors.

Compiling WHEN-BUTTON-PRESSED trigger on HELP_BUTTON item in QMS$TRANS_ERRORS data block...
   No compilation errors.

Compiling KEY-NEXT-ITEM trigger on HELP_BUTTON item in QMS$TRANS_ERRORS data block...
   No compilation errors.

Compiling WHEN-NEW-ITEM-INSTANCE trigger on OK_BUTTON_MODAL item in QMS$TRANS_ERRORS data block...
   No compilation errors.

Compiling WHEN-BUTTON-PRESSED trigger on OK_BUTTON_MODAL item in QMS$TRANS_ERRORS data block...
   No compilation errors.

Compiling KEY-PREV-ITEM trigger on OK_BUTTON_MODAL item in QMS$TRANS_ERRORS data block...
   No compilation errors.

Compiling WHEN-LIST-CHANGED trigger on MESSAGES_MODAL item in QMS$TRANS_ERRORS data block...
   No compilation errors.

Compiling WHEN-NEW-ITEM-INSTANCE trigger on HELP_BUTTON_MODAL item in QMS$TRANS_ERRORS data block...
   No compilation errors.

Compiling WHEN-BUTTON-PRESSED trigger on HELP_BUTTON_MODAL item in QMS$TRANS_ERRORS data block...
   No compilation errors.

Compiling KEY-NEXT-ITEM trigger on HELP_BUTTON_MODAL item in QMS$TRANS_ERRORS data block...
   No compilation errors.

Compiling WHEN-NEW-ITEM-INSTANCE trigger on RETURN_TO_BLOCK item in QMS$TRANS_ERRORS data block...
   No compilation errors.

Compiling WHEN-RADIO-CHANGED trigger on CALENDAR data block...
   No compilation errors.

Compiling KEY-OTHERS trigger on CALENDAR data block...
   No compilation errors.

Compiling KEY-NEXT-ITEM trigger on CALENDAR data block...
   No compilation errors.

Compiling KEY-PREV-ITEM trigger on CALENDAR data block...
   No compilation errors.

Compiling KEY-ENTER trigger on CALENDAR data block...
   No compilation errors.

Compiling WHEN-BUTTON-PRESSED trigger on CALENDAR data block...
   No compilation errors.

Compiling WHEN-LIST-CHANGED trigger on CALENDAR data block...
   No compilation errors.

Compiling WHEN-MOUSE-CLICK trigger on CALENDAR data block...
   No compilation errors.

Compiling KEY-DOWN trigger on CALENDAR data block...
   No compilation errors.

Compiling KEY-UP trigger on CALENDAR data block...
   No compilation errors.

Compiling KEY-NXTREC trigger on CALENDAR data block...
   No compilation errors.

Compiling KEY-PRVREC trigger on CALENDAR data block...
   No compilation errors.

Compiling WHEN-MOUSE-DOUBLECLICK trigger on CALENDAR data block...
   No compilation errors.

Compiling WHEN-NEW-ITEM-INSTANCE trigger on HOUR item in CALENDAR data block...
   No compilation errors.

Compiling WHEN-NEW-ITEM-INSTANCE trigger on MINUTE item in CALENDAR data block...
   No compilation errors.

Compiling WHEN-NEW-ITEM-INSTANCE trigger on OK item in CALENDAR data block...
   No compilation errors.

Compiling WHEN-BUTTON-PRESSED trigger on OK item in CALENDAR data block...
   No compilation errors.

Compiling KEY-PREV-ITEM trigger on OK item in CALENDAR data block...
   No compilation errors.

Compiling WHEN-NEW-ITEM-INSTANCE trigger on CANCEL item in CALENDAR data block...
   No compilation errors.

Compiling WHEN-BUTTON-PRESSED trigger on CANCEL item in CALENDAR data block...
   No compilation errors.

Compiling KEY-NEXT-ITEM trigger on MONTH_AND_YEAR item in CALENDAR data block...
   No compilation errors.

Compiling WHEN-MOUSE-CLICK trigger on PREV_MONTH item in CALENDAR data block...
   No compilation errors.

Compiling WHEN-MOUSE-CLICK trigger on NEXT_MONTH item in CALENDAR data block...
   No compilation errors.

Compiling WHEN-MOUSE-CLICK trigger on NEXT_YEAR item in CALENDAR data block...
   No compilation errors.

Compiling WHEN-MOUSE-CLICK trigger on PREV_YEAR item in CALENDAR data block...
   No compilation errors.

Compiling WHEN-NEW-ITEM-INSTANCE trigger on AM_PM item in CALENDAR data block...
   No compilation errors.

Compiling WHEN-BUTTON-PRESSED trigger on QMS$TOOLBAR data block...
   No compilation errors.

Compiling WHEN-LIST-CHANGED trigger on ORDER_BY item in QMS$TOOLBAR data block...
   No compilation errors.

Compiling ON-LOCK trigger on PRM data block...
   No compilation errors.

Compiling POST-INSERT trigger on PRM data block...
   No compilation errors.

Compiling POST-QUERY trigger on PRM data block...
   No compilation errors.

Compiling PRE-BLOCK trigger on PRM data block...
   No compilation errors.

Compiling PRE-QUERY trigger on PRM data block...
   No compilation errors.

Compiling WHEN-DATABASE-RECORD trigger on PRM data block...
   No compilation errors.

Compiling WHEN-NEW-BLOCK-INSTANCE trigger on PRM data block...
   No compilation errors.

Compiling WHEN-NEW-RECORD-INSTANCE trigger on PRM data block...
   No compilation errors.

Compiling WHEN-REMOVE-RECORD trigger on PRM data block...
   No compilation errors.

Compiling POST-SELECT trigger on PRM data block...
   No compilation errors.

Compiling PRE-UPDATE trigger on PRM data block...
   No compilation errors.

Compiling PRE-INSERT trigger on PRM data block...
   No compilation errors.

Compiling KEY-DELREC trigger on PRM data block...
   No compilation errors.

Compiling ON-ERROR trigger on PRM data block...
   No compilation errors.

Compiling WHEN-NEW-ITEM-INSTANCE trigger on CRI item in PRM data block...
   No compilation errors.

Compiling WHEN-NEW-ITEM-INSTANCE trigger on CODIGO item in PRM data block...
   No compilation errors.

Compiling WHEN-VALIDATE-ITEM trigger on CODIGO item in PRM data block...
   No compilation errors.

Compiling KEY-PREV-ITEM trigger on CODIGO item in PRM data block...
   No compilation errors.

Compiling WHEN-NEW-ITEM-INSTANCE trigger on DESCRIPCION item in PRM data block...
   No compilation errors.

Compiling WHEN-NEW-ITEM-INSTANCE trigger on INGRESO_MINIMO item in PRM data block...
   No compilation errors.

Compiling WHEN-NEW-ITEM-INSTANCE trigger on INGRESO_MAXIMO item in PRM data block...
   No compilation errors.

Compiling WHEN-NEW-ITEM-INSTANCE trigger on ESTADO_DE_DISPONIBILIDAD item in PRM data block...
   No compilation errors.

Compiling WHEN-NEW-ITEM-INSTANCE trigger on UVR item in PRM data block...
   No compilation errors.

Compiling WHEN-NEW-ITEM-INSTANCE trigger on OBSERVACION item in PRM data block...
   No compilation errors.

Compiling WHEN-NEW-ITEM-INSTANCE trigger on PRS_CODIGO item in PRM data block...
   No compilation errors.

Compiling WHEN-NEW-ITEM-INSTANCE trigger on APELLIDOS item in PRM data block...
   No compilation errors.

Compiling WHEN-NEW-ITEM-INSTANCE trigger on NOMBRES item in PRM data block...
   No compilation errors.

Compiling WHEN-VALIDATE-ITEM trigger on NOMBRES item in PRM data block...
   No compilation errors.

Compiling WHEN-NEW-ITEM-INSTANCE trigger on FECHA item in PRM data block...
   No compilation errors.

Compiling KEY-LISTVAL trigger on FECHA item in PRM data block...
   No compilation errors.

Compiling WHEN-NEW-ITEM-INSTANCE trigger on RESTRICCION item in PRM data block...
   No compilation errors.

Compiling WHEN-NEW-ITEM-INSTANCE trigger on REQUIERE_AUDITORIA item in PRM data block...
   No compilation errors.

Compiling WHEN-NEW-ITEM-INSTANCE trigger on COLOR item in PRM data block...
   No compilation errors.

Compiling WHEN-NEW-ITEM-INSTANCE trigger on PRM_PCN_NUMERO_HC item in PRM data block...
   No compilation errors.

Compiling WHEN-VALIDATE-ITEM trigger on PRM_PCN_NUMERO_HC item in PRM data block...
   No compilation errors.

Compiling KEY-NEXT-ITEM trigger on PRM_PCN_NUMERO_HC item in PRM data block...
   No compilation errors.

Compiling WHEN-NEW-ITEM-INSTANCE trigger on L_PCN_APELLIDO_PATERNO item in PRM data block...
   No compilation errors.

Compiling WHEN-NEW-ITEM-INSTANCE trigger on L_PCN_APELLIDO_MATERNO item in PRM data block...
   No compilation errors.

Compiling WHEN-NEW-ITEM-INSTANCE trigger on L_PCN_PRIMER_NOMBRE item in PRM data block...
   No compilation errors.

Compiling WHEN-NEW-ITEM-INSTANCE trigger on L_PCN_SEGUNDO_NOMBRE item in PRM data block...
   No compilation errors.

Compiling ON-LOCK trigger on DTLPRM data block...
   No compilation errors.

Compiling POST-INSERT trigger on DTLPRM data block...
   No compilation errors.

Compiling POST-QUERY trigger on DTLPRM data block...
   No compilation errors.

Compiling PRE-BLOCK trigger on DTLPRM data block...
   No compilation errors.

Compiling PRE-QUERY trigger on DTLPRM data block...
   No compilation errors.

Compiling WHEN-DATABASE-RECORD trigger on DTLPRM data block...
   No compilation errors.

Compiling WHEN-NEW-BLOCK-INSTANCE trigger on DTLPRM data block...
   No compilation errors.

Compiling WHEN-NEW-RECORD-INSTANCE trigger on DTLPRM data block...
   No compilation errors.

Compiling WHEN-REMOVE-RECORD trigger on DTLPRM data block...
   No compilation errors.

Compiling POST-SELECT trigger on DTLPRM data block...
   No compilation errors.

Compiling ON-ERROR trigger on DTLPRM data block...
   No compilation errors.

Compiling WHEN-NEW-ITEM-INSTANCE trigger on CRI item in DTLPRM data block...
   No compilation errors.

Compiling WHEN-NEW-ITEM-INSTANCE trigger on DPR_ARA_CODIGO item in DTLPRM data block...
   No compilation errors.

Compiling WHEN-NEW-ITEM-INSTANCE trigger on NOMBRE2 item in DTLPRM data block...
   No compilation errors.

Compiling WHEN-NEW-ITEM-INSTANCE trigger on DPR_CODIGO item in DTLPRM data block...
   No compilation errors.

Compiling WHEN-NEW-ITEM-INSTANCE trigger on NOMBRE item in DTLPRM data block...
   No compilation errors.

Compiling WHEN-VALIDATE-ITEM trigger on NOMBRE item in DTLPRM data block...
   No compilation errors.

Compiling KEY-PREV-ITEM trigger on NOMBRE item in DTLPRM data block...
   No compilation errors.

Compiling WHEN-NEW-ITEM-INSTANCE trigger on OBSERVACION item in DTLPRM data block...
   No compilation errors.

Compiling WHEN-NEW-ITEM-INSTANCE trigger on PORCENTAJE_PROMOCION item in DTLPRM data block...
   No compilation errors.

Compiling KEY-NEXT-ITEM trigger on PORCENTAJE_PROMOCION item in DTLPRM data block...
   No compilation errors.

Compiling WHEN-VALIDATE-ITEM trigger on PORCENTAJE_PROMOCION item in DTLPRM data block...
   No compilation errors.

Compiling POST-CHANGE trigger on PORCENTAJE_PROMOCION item in DTLPRM data block...
   No compilation errors.

Compiling WHEN-NEW-ITEM-INSTANCE trigger on DESCUENTO item in DTLPRM data block...
   No compilation errors.

Compiling WHEN-NEW-ITEM-INSTANCE trigger on PRM_CODIGO item in DTLPRM data block...
   No compilation errors.

Compiling ON-LOCK trigger on EXCPRM data block...
   No compilation errors.

Compiling POST-INSERT trigger on EXCPRM data block...
   No compilation errors.

Compiling POST-QUERY trigger on EXCPRM data block...
   No compilation errors.

Compiling PRE-BLOCK trigger on EXCPRM data block...
   No compilation errors.

Compiling PRE-QUERY trigger on EXCPRM data block...
   No compilation errors.

Compiling WHEN-DATABASE-RECORD trigger on EXCPRM data block...
   No compilation errors.

Compiling WHEN-NEW-BLOCK-INSTANCE trigger on EXCPRM data block...
   No compilation errors.

Compiling WHEN-NEW-RECORD-INSTANCE trigger on EXCPRM data block...
   No compilation errors.

Compiling WHEN-REMOVE-RECORD trigger on EXCPRM data block...
   No compilation errors.

Compiling POST-SELECT trigger on EXCPRM data block...
   No compilation errors.

Compiling PRE-INSERT trigger on EXCPRM data block...
   No compilation errors.

Compiling KEY-DUPREC trigger on EXCPRM data block...
   No compilation errors.

Compiling PRE-UPDATE trigger on EXCPRM data block...
   No compilation errors.

Compiling ON-ERROR trigger on EXCPRM data block...
   No compilation errors.

Compiling WHEN-VALIDATE-RECORD trigger on EXCPRM data block...
   No compilation errors.

Compiling WHEN-NEW-ITEM-INSTANCE trigger on CRI item in EXCPRM data block...
   No compilation errors.

Compiling WHEN-NEW-ITEM-INSTANCE trigger on EXCPRM_ID item in EXCPRM data block...
   No compilation errors.

Compiling WHEN-NEW-ITEM-INSTANCE trigger on CDGITM item in EXCPRM data block...
   No compilation errors.

Compiling WHEN-NEW-ITEM-INSTANCE trigger on DESCRIPCION item in EXCPRM data block...
   No compilation errors.

Compiling WHEN-VALIDATE-ITEM trigger on DESCRIPCION item in EXCPRM data block...
   No compilation errors.

Compiling KEY-PREV-ITEM trigger on DESCRIPCION item in EXCPRM data block...
   No compilation errors.

Compiling WHEN-NEW-ITEM-INSTANCE trigger on PORCENTAJE_PROMOCION item in EXCPRM data block...
   No compilation errors.

Compiling WHEN-VALIDATE-ITEM trigger on PORCENTAJE_PROMOCION item in EXCPRM data block...
   No compilation errors.

Compiling POST-CHANGE trigger on PORCENTAJE_PROMOCION item in EXCPRM data block...
   No compilation errors.

Compiling WHEN-NEW-ITEM-INSTANCE trigger on DESC_RECARGO item in EXCPRM data block...
   No compilation errors.

Compiling WHEN-NEW-ITEM-INSTANCE trigger on COSTO item in EXCPRM data block...
   No compilation errors.

Compiling WHEN-VALIDATE-ITEM trigger on COSTO item in EXCPRM data block...
   No compilation errors.

Compiling WHEN-NEW-ITEM-INSTANCE trigger on UVRS2 item in EXCPRM data block...
   No compilation errors.

Compiling WHEN-VALIDATE-ITEM trigger on UVRS2 item in EXCPRM data block...
   No compilation errors.

Compiling WHEN-NEW-ITEM-INSTANCE trigger on VALOR_FIJADO2 item in EXCPRM data block...
   No compilation errors.

Compiling WHEN-NEW-ITEM-INSTANCE trigger on DTLPRM_DPR_ARA_CODIGO item in EXCPRM data block...
   No compilation errors.

Compiling WHEN-NEW-ITEM-INSTANCE trigger on DTLPRM_PRM_CODIGO item in EXCPRM data block...
   No compilation errors.

Compiling WHEN-NEW-ITEM-INSTANCE trigger on IVA item in EXCPRM data block...
   No compilation errors.

Compiling WHEN-VALIDATE-ITEM trigger on IVA item in EXCPRM data block...
   No compilation errors.

Compiling WHEN-NEW-ITEM-INSTANCE trigger on OBSERVACION item in EXCPRM data block...
   No compilation errors.

Compiling KEY-NEXT-ITEM trigger on OBSERVACION item in EXCPRM data block...
   No compilation errors.

Compiling WHEN-NEW-ITEM-INSTANCE trigger on ITMCRG_ESTDSP item in EXCPRM data block...
   No compilation errors.

Compiling WHEN-NEW-ITEM-INSTANCE trigger on ITMCRG_DPR_CODIGO item in EXCPRM data block...
   No compilation errors.

Compiling WHEN-NEW-ITEM-INSTANCE trigger on ITMCRG_DPR_ARA_CODIGO item in EXCPRM data block...
   No compilation errors.

Compiling WHEN-NEW-ITEM-INSTANCE trigger on DTLPRM_DPR_CODIGO item in EXCPRM data block...
   No compilation errors.

Compiling WHEN-NEW-ITEM-INSTANCE trigger on CRG_TIPO item in EXCPRM data block...
   No compilation errors.

Compiling WHEN-NEW-ITEM-INSTANCE trigger on CRG_CODIGO item in EXCPRM data block...
   No compilation errors.

Compiling WHEN-NEW-ITEM-INSTANCE trigger on ITM_TIPO item in EXCPRM data block...
   No compilation errors.

Compiling WHEN-NEW-ITEM-INSTANCE trigger on ITM_SBS_SCC_CODIGO item in EXCPRM data block...
   No compilation errors.

Compiling WHEN-NEW-ITEM-INSTANCE trigger on ITM_SBS_CODIGO item in EXCPRM data block...
   No compilation errors.

Compiling WHEN-NEW-ITEM-INSTANCE trigger on ITM_CODIGO item in EXCPRM data block...
   No compilation errors.

Compiling KEY-CLRREC trigger on CG$CTRL data block...
   No compilation errors.

Compiling KEY-CREREC trigger on CG$CTRL data block...
   No compilation errors.

Compiling KEY-DOWN trigger on CG$CTRL data block...
   No compilation errors.

Compiling KEY-NXTREC trigger on CG$CTRL data block...
   No compilation errors.

Compiling KEY-SCRDOWN trigger on CG$CTRL data block...
   No compilation errors.

Compiling KEY-UP trigger on CG$CTRL data block...
   No compilation errors.

Compiling KEY-PRVREC trigger on CG$CTRL data block...
   No compilation errors.

Compiling KEY-SCRUP trigger on CG$CTRL data block...
   No compilation errors.

Compiling ON-ERROR trigger on CG$CTRL data block...
   No compilation errors.

Compiling PRE-BLOCK trigger on CG$CTRL data block...
   No compilation errors.

Compiling WHEN-NEW-BLOCK-INSTANCE trigger on CG$CTRL data block...
   No compilation errors.


Created form file \\SVR\Z\SAS\BIN\FRM\prmmntprm.fmx
